Current working directory: /home/chris/github/kappa-threshold 
parameters.csv exists: TRUE 
parameters.csv absolute path: /home/chris/github/kappa-threshold/data/files/parameters.csv 
Training model on clean data
# weights:  72 (71 variable)
initial  value 465.794905 
iter  10 value 75.393140
iter  20 value 67.260159
iter  30 value 36.351768
iter  40 value 25.832723
iter  50 value 18.429492
iter  60 value 10.036862
iter  70 value 3.337683
iter  80 value 0.056114
iter  90 value 0.000145
iter  90 value 0.000079
iter  90 value 0.000058
final  value 0.000058 
converged
Loaded 169 indices from: results/instances/original/vectors/analcatdata_authorship_fold1_multinom_indices.csv 
Training model on clean data
# weights:  72 (71 variable)
initial  value 467.181200 
iter  10 value 56.679558
iter  20 value 50.263068
iter  30 value 33.580373
iter  40 value 23.095259
iter  50 value 15.414678
iter  60 value 8.525102
iter  70 value 1.207921
iter  80 value 0.014520
final  value 0.000056 
converged
Loaded 167 indices from: results/instances/original/vectors/analcatdata_authorship_fold2_multinom_indices.csv 
Training model on clean data
# weights:  72 (71 variable)
initial  value 466.488053 
iter  10 value 70.491910
iter  20 value 63.768671
iter  30 value 32.930027
iter  40 value 20.754176
iter  50 value 13.918109
iter  60 value 8.314764
iter  70 value 1.804810
iter  80 value 0.008150
final  value 0.000020 
converged
Loaded 168 indices from: results/instances/original/vectors/analcatdata_authorship_fold3_multinom_indices.csv 
Training model on clean data
# weights:  72 (71 variable)
initial  value 465.794905 
iter  10 value 91.380227
iter  20 value 58.265344
iter  30 value 12.079421
iter  40 value 6.434155
iter  50 value 2.094399
iter  60 value 0.804441
iter  70 value 0.296856
iter  80 value 0.124389
iter  90 value 0.054557
iter 100 value 0.023843
final  value 0.023843 
stopped after 100 iterations
Loaded 169 indices from: results/instances/original/vectors/analcatdata_authorship_fold4_multinom_indices.csv 
Training model on clean data
# weights:  72 (71 variable)
initial  value 466.488053 
iter  10 value 71.321131
iter  20 value 65.017057
iter  30 value 39.283541
iter  40 value 29.693343
iter  50 value 19.547791
iter  60 value 8.909836
iter  70 value 2.098965
iter  80 value 0.011939
final  value 0.000019 
converged
Loaded 168 indices from: results/instances/original/vectors/analcatdata_authorship_fold5_multinom_indices.csv 
Altered instances with noise recorded
----------------
****************************
Instances altered with noise
****************************
