Current working directory: /home/chris/github/kappa-threshold 
parameters.csv exists: TRUE 
parameters.csv absolute path: /home/chris/github/kappa-threshold/data/files/parameters.csv 
Training model on clean data
Registered S3 method overwritten by 'RRF':
  method      from        
  plot.margin randomForest
1992 rules (length<=2) were extracted from the first 500 trees.
3739 rules (length<=3) were extracted from the first 500 trees.
4990 rules (length<=4) were extracted from the first 500 trees.
1990 rules (length<=2) were extracted from the first 500 trees.
3819 rules (length<=3) were extracted from the first 500 trees.
5191 rules (length<=4) were extracted from the first 500 trees.
1993 rules (length<=2) were extracted from the first 500 trees.
3866 rules (length<=3) were extracted from the first 500 trees.
5315 rules (length<=4) were extracted from the first 500 trees.
1994 rules (length<=2) were extracted from the first 500 trees.
3814 rules (length<=3) were extracted from the first 500 trees.
5085 rules (length<=4) were extracted from the first 500 trees.
1993 rules (length<=2) were extracted from the first 500 trees.
3874 rules (length<=3) were extracted from the first 500 trees.
5324 rules (length<=4) were extracted from the first 500 trees.
1989 rules (length<=2) were extracted from the first 500 trees.
3838 rules (length<=3) were extracted from the first 500 trees.
5202 rules (length<=4) were extracted from the first 500 trees.
