Current working directory: /home/chris/github/kappa-threshold 
parameters.csv exists: TRUE 
parameters.csv absolute path: /home/chris/github/kappa-threshold/data/files/parameters.csv 
Training model on clean data
Iter   TrainDeviance   ValidDeviance   StepSize   Improve
     1        1.2360            -nan     0.1000    0.0455
     2        1.1548            -nan     0.1000    0.0418
     3        1.0787            -nan     0.1000    0.0364
     4        1.0058            -nan     0.1000    0.0336
     5        0.9496            -nan     0.1000    0.0236
     6        0.8992            -nan     0.1000    0.0253
     7        0.8491            -nan     0.1000    0.0245
     8        0.8055            -nan     0.1000    0.0207
     9        0.7657            -nan     0.1000    0.0188
    10        0.7301            -nan     0.1000    0.0175
    20        0.4734            -nan     0.1000    0.0073
    40        0.2531            -nan     0.1000    0.0029
    60        0.1530            -nan     0.1000    0.0013
    80        0.0985            -nan     0.1000    0.0004
   100        0.0661            -nan     0.1000    0.0002
   120        0.0444            -nan     0.1000    0.0002
   140        0.0311            -nan     0.1000   -0.0000
   150        0.0265            -nan     0.1000    0.0002

Iter   TrainDeviance   ValidDeviance   StepSize   Improve
     1        1.2015            -nan     0.1000    0.0630
     2        1.0904            -nan     0.1000    0.0544
     3        0.9883            -nan     0.1000    0.0487
     4        0.9089            -nan     0.1000    0.0373
     5        0.8281            -nan     0.1000    0.0376
     6        0.7620            -nan     0.1000    0.0302
     7        0.6998            -nan     0.1000    0.0306
     8        0.6500            -nan     0.1000    0.0233
     9        0.6058            -nan     0.1000    0.0191
    10        0.5657            -nan     0.1000    0.0189
    20        0.2995            -nan     0.1000    0.0078
    40        0.1055            -nan     0.1000    0.0021
    60        0.0473            -nan     0.1000    0.0002
    80        0.0242            -nan     0.1000    0.0004
   100        0.0138            -nan     0.1000    0.0001
   120        0.0085            -nan     0.1000    0.0000
   140        0.0053            -nan     0.1000    0.0000
   150        0.0041            -nan     0.1000    0.0000

Iter   TrainDeviance   ValidDeviance   StepSize   Improve
     1        1.1684            -nan     0.1000    0.0800
     2        1.0420            -nan     0.1000    0.0630
     3        0.9318            -nan     0.1000    0.0523
     4        0.8365            -nan     0.1000    0.0478
     5        0.7570            -nan     0.1000    0.0358
     6        0.6881            -nan     0.1000    0.0338
     7        0.6268            -nan     0.1000    0.0291
     8        0.5803            -nan     0.1000    0.0202
     9        0.5333            -nan     0.1000    0.0227
    10        0.4917            -nan     0.1000    0.0195
    20        0.2394            -nan     0.1000    0.0068
    40        0.0747            -nan     0.1000    0.0009
    60        0.0270            -nan     0.1000    0.0005
    80        0.0113            -nan     0.1000    0.0002
   100        0.0057            -nan     0.1000    0.0001
   120        0.0032            -nan     0.1000    0.0000
   140        0.0016            -nan     0.1000    0.0000
   150        0.0011            -nan     0.1000    0.0000

Iter   TrainDeviance   ValidDeviance   StepSize   Improve
     1        1.2303            -nan     0.1000    0.0471
     2        1.1474            -nan     0.1000    0.0384
     3        1.0656            -nan     0.1000    0.0391
     4        1.0050            -nan     0.1000    0.0291
     5        0.9429            -nan     0.1000    0.0297
     6        0.8930            -nan     0.1000    0.0238
     7        0.8531            -nan     0.1000    0.0170
     8        0.8047            -nan     0.1000    0.0212
     9        0.7683            -nan     0.1000    0.0162
    10        0.7333            -nan     0.1000    0.0148
    20        0.4785            -nan     0.1000    0.0076
    40        0.2601            -nan     0.1000    0.0020
    60        0.1614            -nan     0.1000    0.0019
    80        0.1049            -nan     0.1000    0.0008
   100        0.0743            -nan     0.1000    0.0005
   120        0.0523            -nan     0.1000    0.0004
   140        0.0400            -nan     0.1000   -0.0000
   150        0.0345            -nan     0.1000   -0.0001

Iter   TrainDeviance   ValidDeviance   StepSize   Improve
     1        1.1821            -nan     0.1000    0.0693
     2        1.0700            -nan     0.1000    0.0557
     3        0.9883            -nan     0.1000    0.0410
     4        0.8976            -nan     0.1000    0.0438
     5        0.8267            -nan     0.1000    0.0346
     6        0.7700            -nan     0.1000    0.0262
     7        0.7033            -nan     0.1000    0.0340
     8        0.6460            -nan     0.1000    0.0269
     9        0.5894            -nan     0.1000    0.0280
    10        0.5570            -nan     0.1000    0.0141
    20        0.2986            -nan     0.1000    0.0084
    40        0.1181            -nan     0.1000    0.0015
    60        0.0583            -nan     0.1000    0.0010
    80        0.0333            -nan     0.1000   -0.0001
   100        0.0194            -nan     0.1000    0.0000
   120        0.0127            -nan     0.1000   -0.0000
   140        0.0084            -nan     0.1000    0.0000
   150        0.0068            -nan     0.1000   -0.0000

Iter   TrainDeviance   ValidDeviance   StepSize   Improve
     1        1.1823            -nan     0.1000    0.0666
     2        1.0515            -nan     0.1000    0.0661
     3        0.9552            -nan     0.1000    0.0447
     4        0.8778            -nan     0.1000    0.0364
     5        0.7944            -nan     0.1000    0.0412
     6        0.7155            -nan     0.1000    0.0385
     7        0.6544            -nan     0.1000    0.0303
     8        0.5912            -nan     0.1000    0.0306
     9        0.5457            -nan     0.1000    0.0211
    10        0.5040            -nan     0.1000    0.0194
    20        0.2473            -nan     0.1000    0.0079
    40        0.0828            -nan     0.1000    0.0011
    60        0.0362            -nan     0.1000    0.0005
    80        0.0175            -nan     0.1000    0.0001
   100        0.0098            -nan     0.1000    0.0000
   120        0.0057            -nan     0.1000    0.0000
   140        0.0032            -nan     0.1000    0.0000
   150        0.0024            -nan     0.1000    0.0000

Iter   TrainDeviance   ValidDeviance   StepSize   Improve
     1        1.2301            -nan     0.1000    0.0435
     2        1.1525            -nan     0.1000    0.0377
     3        1.0909            -nan     0.1000    0.0270
     4        1.0202            -nan     0.1000    0.0367
     5        0.9625            -nan     0.1000    0.0267
     6        0.9089            -nan     0.1000    0.0250
     7        0.8659            -nan     0.1000    0.0213
     8        0.8229            -nan     0.1000    0.0202
     9        0.7820            -nan     0.1000    0.0180
    10        0.7420            -nan     0.1000    0.0163
    20        0.4930            -nan     0.1000    0.0079
    40        0.2659            -nan     0.1000    0.0033
    60        0.1690            -nan     0.1000    0.0011
    80        0.1149            -nan     0.1000    0.0008
   100        0.0788            -nan     0.1000    0.0007
   120        0.0559            -nan     0.1000    0.0002
   140        0.0411            -nan     0.1000    0.0001
   150        0.0344            -nan     0.1000    0.0002

Iter   TrainDeviance   ValidDeviance   StepSize   Improve
     1        1.1891            -nan     0.1000    0.0669
     2        1.0892            -nan     0.1000    0.0479
     3        1.0056            -nan     0.1000    0.0353
     4        0.9227            -nan     0.1000    0.0393
     5        0.8456            -nan     0.1000    0.0377
     6        0.7817            -nan     0.1000    0.0288
     7        0.7174            -nan     0.1000    0.0279
     8        0.6711            -nan     0.1000    0.0221
     9        0.6274            -nan     0.1000    0.0210
    10        0.5836            -nan     0.1000    0.0202
    20        0.3073            -nan     0.1000    0.0081
    40        0.1232            -nan     0.1000    0.0024
    60        0.0604            -nan     0.1000    0.0003
    80        0.0345            -nan     0.1000    0.0002
   100        0.0200            -nan     0.1000    0.0002
   120        0.0126            -nan     0.1000    0.0001
   140        0.0088            -nan     0.1000    0.0000
   150        0.0070            -nan     0.1000    0.0000

Iter   TrainDeviance   ValidDeviance   StepSize   Improve
     1        1.1864            -nan     0.1000    0.0607
     2        1.0678            -nan     0.1000    0.0546
     3        0.9685            -nan     0.1000    0.0477
     4        0.8794            -nan     0.1000    0.0417
     5        0.7904            -nan     0.1000    0.0442
     6        0.7236            -nan     0.1000    0.0306
     7        0.6650            -nan     0.1000    0.0267
     8        0.6169            -nan     0.1000    0.0220
     9        0.5606            -nan     0.1000    0.0273
    10        0.5153            -nan     0.1000    0.0208
    20        0.2563            -nan     0.1000    0.0052
    40        0.0872            -nan     0.1000    0.0017
    60        0.0402            -nan     0.1000    0.0003
    80        0.0193            -nan     0.1000    0.0002
   100        0.0096            -nan     0.1000    0.0000
   120        0.0053            -nan     0.1000    0.0000
   140        0.0031            -nan     0.1000    0.0000
   150        0.0023            -nan     0.1000    0.0000

Iter   TrainDeviance   ValidDeviance   StepSize   Improve
     1        1.2110            -nan     0.1000    0.0515
     2        1.1248            -nan     0.1000    0.0457
     3        1.0489            -nan     0.1000    0.0325
     4        0.9807            -nan     0.1000    0.0336
     5        0.9241            -nan     0.1000    0.0262
     6        0.8740            -nan     0.1000    0.0239
     7        0.8271            -nan     0.1000    0.0216
     8        0.7869            -nan     0.1000    0.0185
     9        0.7515            -nan     0.1000    0.0157
    10        0.7132            -nan     0.1000    0.0181
    20        0.4671            -nan     0.1000    0.0096
    40        0.2524            -nan     0.1000    0.0026
    60        0.1527            -nan     0.1000    0.0015
    80        0.0982            -nan     0.1000    0.0004
   100        0.0701            -nan     0.1000    0.0005
   120        0.0490            -nan     0.1000    0.0003
   140        0.0347            -nan     0.1000    0.0001
   150        0.0304            -nan     0.1000    0.0000

Iter   TrainDeviance   ValidDeviance   StepSize   Improve
     1        1.1898            -nan     0.1000    0.0607
     2        1.0699            -nan     0.1000    0.0543
     3        0.9753            -nan     0.1000    0.0496
     4        0.8941            -nan     0.1000    0.0388
     5        0.8312            -nan     0.1000    0.0306
     6        0.7759            -nan     0.1000    0.0279
     7        0.7156            -nan     0.1000    0.0274
     8        0.6538            -nan     0.1000    0.0303
     9        0.6118            -nan     0.1000    0.0204
    10        0.5763            -nan     0.1000    0.0158
    20        0.3023            -nan     0.1000    0.0088
    40        0.1200            -nan     0.1000    0.0011
    60        0.0584            -nan     0.1000    0.0002
    80        0.0300            -nan     0.1000    0.0002
   100        0.0172            -nan     0.1000    0.0001
   120        0.0100            -nan     0.1000    0.0001
   140        0.0061            -nan     0.1000    0.0000
   150        0.0046            -nan     0.1000    0.0000

Iter   TrainDeviance   ValidDeviance   StepSize   Improve
     1        1.1538            -nan     0.1000    0.0799
     2        1.0387            -nan     0.1000    0.0557
     3        0.9428            -nan     0.1000    0.0465
     4        0.8520            -nan     0.1000    0.0427
     5        0.7680            -nan     0.1000    0.0385
     6        0.7021            -nan     0.1000    0.0326
     7        0.6414            -nan     0.1000    0.0287
     8        0.5876            -nan     0.1000    0.0257
     9        0.5471            -nan     0.1000    0.0184
    10        0.5066            -nan     0.1000    0.0198
    20        0.2524            -nan     0.1000    0.0060
    40        0.0883            -nan     0.1000    0.0023
    60        0.0387            -nan     0.1000    0.0008
    80        0.0187            -nan     0.1000    0.0001
   100        0.0089            -nan     0.1000    0.0001
   120        0.0050            -nan     0.1000    0.0000
   140        0.0026            -nan     0.1000    0.0000
   150        0.0019            -nan     0.1000    0.0000

Iter   TrainDeviance   ValidDeviance   StepSize   Improve
     1        1.2549            -nan     0.1000    0.0490
     2        1.1745            -nan     0.1000    0.0362
     3        1.1020            -nan     0.1000    0.0318
     4        1.0350            -nan     0.1000    0.0335
     5        0.9772            -nan     0.1000    0.0281
     6        0.9235            -nan     0.1000    0.0248
     7        0.8778            -nan     0.1000    0.0225
     8        0.8395            -nan     0.1000    0.0177
     9        0.7994            -nan     0.1000    0.0184
    10        0.7602            -nan     0.1000    0.0184
    20        0.5117            -nan     0.1000    0.0071
    40        0.2738            -nan     0.1000    0.0036
    60        0.1688            -nan     0.1000    0.0020
    80        0.1120            -nan     0.1000    0.0011
   100        0.0757            -nan     0.1000    0.0006
   120        0.0548            -nan     0.1000    0.0002
   140        0.0391            -nan     0.1000    0.0002
   150        0.0331            -nan     0.1000    0.0002

Iter   TrainDeviance   ValidDeviance   StepSize   Improve
     1        1.2187            -nan     0.1000    0.0647
     2        1.1139            -nan     0.1000    0.0486
     3        1.0254            -nan     0.1000    0.0419
     4        0.9448            -nan     0.1000    0.0369
     5        0.8733            -nan     0.1000    0.0329
     6        0.8137            -nan     0.1000    0.0283
     7        0.7565            -nan     0.1000    0.0266
     8        0.7008            -nan     0.1000    0.0254
     9        0.6557            -nan     0.1000    0.0216
    10        0.6168            -nan     0.1000    0.0168
    20        0.3284            -nan     0.1000    0.0083
    40        0.1308            -nan     0.1000    0.0028
    60        0.0645            -nan     0.1000    0.0001
    80        0.0337            -nan     0.1000    0.0006
   100        0.0182            -nan     0.1000    0.0000
   120        0.0103            -nan     0.1000    0.0000
   140        0.0062            -nan     0.1000    0.0001
   150        0.0048            -nan     0.1000    0.0000

Iter   TrainDeviance   ValidDeviance   StepSize   Improve
     1        1.2021            -nan     0.1000    0.0728
     2        1.0840            -nan     0.1000    0.0578
     3        0.9887            -nan     0.1000    0.0457
     4        0.8942            -nan     0.1000    0.0464
     5        0.8166            -nan     0.1000    0.0368
     6        0.7470            -nan     0.1000    0.0336
     7        0.6829            -nan     0.1000    0.0312
     8        0.6288            -nan     0.1000    0.0240
     9        0.5786            -nan     0.1000    0.0240
    10        0.5281            -nan     0.1000    0.0237
    20        0.2570            -nan     0.1000    0.0073
    40        0.0780            -nan     0.1000    0.0014
    60        0.0315            -nan     0.1000    0.0002
    80        0.0149            -nan     0.1000    0.0003
   100        0.0070            -nan     0.1000    0.0001
   120        0.0037            -nan     0.1000    0.0001
   140        0.0020            -nan     0.1000    0.0000
   150        0.0015            -nan     0.1000    0.0000

Iter   TrainDeviance   ValidDeviance   StepSize   Improve
     1        1.2086            -nan     0.1000    0.0489
     2        1.1270            -nan     0.1000    0.0389
     3        1.0604            -nan     0.1000    0.0305
     4        0.9896            -nan     0.1000    0.0317
     5        0.9379            -nan     0.1000    0.0220
     6        0.8840            -nan     0.1000    0.0249
     7        0.8374            -nan     0.1000    0.0228
     8        0.7957            -nan     0.1000    0.0190
     9        0.7565            -nan     0.1000    0.0199
    10        0.7209            -nan     0.1000    0.0157
    20        0.4757            -nan     0.1000    0.0077
    40        0.2512            -nan     0.1000    0.0028
    60        0.1521            -nan     0.1000    0.0019
    80        0.0977            -nan     0.1000    0.0001
   100        0.0670            -nan     0.1000    0.0002
   120        0.0484            -nan     0.1000    0.0002
   140        0.0349            -nan     0.1000    0.0002
   150        0.0295            -nan     0.1000   -0.0000

Iter   TrainDeviance   ValidDeviance   StepSize   Improve
     1        1.1707            -nan     0.1000    0.0649
     2        1.0521            -nan     0.1000    0.0568
     3        0.9569            -nan     0.1000    0.0467
     4        0.8708            -nan     0.1000    0.0408
     5        0.7922            -nan     0.1000    0.0364
     6        0.7298            -nan     0.1000    0.0294
     7        0.6771            -nan     0.1000    0.0249
     8        0.6299            -nan     0.1000    0.0232
     9        0.5825            -nan     0.1000    0.0226
    10        0.5467            -nan     0.1000    0.0165
    20        0.3034            -nan     0.1000    0.0077
    40        0.1192            -nan     0.1000    0.0015
    60        0.0581            -nan     0.1000    0.0015
    80        0.0341            -nan     0.1000   -0.0000
   100        0.0203            -nan     0.1000    0.0001
   120        0.0133            -nan     0.1000    0.0001
   140        0.0090            -nan     0.1000    0.0000
   150        0.0075            -nan     0.1000    0.0000

Iter   TrainDeviance   ValidDeviance   StepSize   Improve
     1        1.1543            -nan     0.1000    0.0702
     2        1.0344            -nan     0.1000    0.0559
     3        0.9320            -nan     0.1000    0.0493
     4        0.8377            -nan     0.1000    0.0445
     5        0.7710            -nan     0.1000    0.0309
     6        0.7081            -nan     0.1000    0.0304
     7        0.6474            -nan     0.1000    0.0288
     8        0.5968            -nan     0.1000    0.0241
     9        0.5539            -nan     0.1000    0.0213
    10        0.5092            -nan     0.1000    0.0218
    20        0.2420            -nan     0.1000    0.0094
    40        0.0832            -nan     0.1000    0.0013
    60        0.0337            -nan     0.1000    0.0003
    80        0.0165            -nan     0.1000    0.0002
   100        0.0091            -nan     0.1000    0.0000
   120        0.0054            -nan     0.1000   -0.0000
   140        0.0031            -nan     0.1000    0.0000
   150        0.0024            -nan     0.1000    0.0000

Iter   TrainDeviance   ValidDeviance   StepSize   Improve
     1        1.2292            -nan     0.1000    0.0454
     2        1.1516            -nan     0.1000    0.0380
     3        1.0770            -nan     0.1000    0.0365
     4        1.0124            -nan     0.1000    0.0307
     5        0.9555            -nan     0.1000    0.0289
     6        0.9076            -nan     0.1000    0.0232
     7        0.8610            -nan     0.1000    0.0218
     8        0.8207            -nan     0.1000    0.0175
     9        0.7807            -nan     0.1000    0.0203
    10        0.7456            -nan     0.1000    0.0162
    20        0.5015            -nan     0.1000    0.0051
    40        0.2665            -nan     0.1000    0.0022
    60        0.1663            -nan     0.1000    0.0014
    80        0.1079            -nan     0.1000    0.0009
   100        0.0748            -nan     0.1000    0.0003
   120        0.0537            -nan     0.1000    0.0000
   140        0.0392            -nan     0.1000    0.0000
   150        0.0330            -nan     0.1000    0.0001

Iter   TrainDeviance   ValidDeviance   StepSize   Improve
     1        1.2083            -nan     0.1000    0.0535
     2        1.0935            -nan     0.1000    0.0537
     3        0.9822            -nan     0.1000    0.0532
     4        0.9051            -nan     0.1000    0.0363
     5        0.8316            -nan     0.1000    0.0351
     6        0.7700            -nan     0.1000    0.0304
     7        0.7192            -nan     0.1000    0.0259
     8        0.6660            -nan     0.1000    0.0253
     9        0.6210            -nan     0.1000    0.0214
    10        0.5789            -nan     0.1000    0.0207
    20        0.3206            -nan     0.1000    0.0090
    40        0.1309            -nan     0.1000    0.0009
    60        0.0621            -nan     0.1000    0.0006
    80        0.0331            -nan     0.1000    0.0006
   100        0.0188            -nan     0.1000    0.0002
   120        0.0114            -nan     0.1000    0.0001
   140        0.0075            -nan     0.1000    0.0001
   150        0.0056            -nan     0.1000    0.0000

Iter   TrainDeviance   ValidDeviance   StepSize   Improve
     1        1.1735            -nan     0.1000    0.0699
     2        1.0492            -nan     0.1000    0.0600
     3        0.9536            -nan     0.1000    0.0442
     4        0.8634            -nan     0.1000    0.0443
     5        0.7893            -nan     0.1000    0.0360
     6        0.7240            -nan     0.1000    0.0314
     7        0.6669            -nan     0.1000    0.0262
     8        0.6112            -nan     0.1000    0.0268
     9        0.5645            -nan     0.1000    0.0202
    10        0.5227            -nan     0.1000    0.0190
    20        0.2494            -nan     0.1000    0.0083
    40        0.0789            -nan     0.1000    0.0020
    60        0.0326            -nan     0.1000    0.0004
    80        0.0166            -nan     0.1000    0.0001
   100        0.0085            -nan     0.1000    0.0001
   120        0.0043            -nan     0.1000    0.0000
   140        0.0022            -nan     0.1000    0.0000
   150        0.0016            -nan     0.1000    0.0000

Iter   TrainDeviance   ValidDeviance   StepSize   Improve
     1        1.2056            -nan     0.1000    0.0486
     2        1.1242            -nan     0.1000    0.0392
     3        1.0555            -nan     0.1000    0.0311
     4        0.9936            -nan     0.1000    0.0290
     5        0.9313            -nan     0.1000    0.0282
     6        0.8819            -nan     0.1000    0.0224
     7        0.8308            -nan     0.1000    0.0235
     8        0.7885            -nan     0.1000    0.0200
     9        0.7462            -nan     0.1000    0.0196
    10        0.7113            -nan     0.1000    0.0158
    20        0.4747            -nan     0.1000    0.0075
    40        0.2627            -nan     0.1000    0.0028
    60        0.1669            -nan     0.1000    0.0013
    80        0.1094            -nan     0.1000    0.0008
   100        0.0763            -nan     0.1000    0.0003
   120        0.0534            -nan     0.1000    0.0004
   140        0.0372            -nan     0.1000    0.0002
   150        0.0317            -nan     0.1000    0.0000

Iter   TrainDeviance   ValidDeviance   StepSize   Improve
     1        1.1600            -nan     0.1000    0.0718
     2        1.0523            -nan     0.1000    0.0507
     3        0.9536            -nan     0.1000    0.0479
     4        0.8745            -nan     0.1000    0.0382
     5        0.8019            -nan     0.1000    0.0326
     6        0.7462            -nan     0.1000    0.0269
     7        0.6953            -nan     0.1000    0.0243
     8        0.6464            -nan     0.1000    0.0234
     9        0.6014            -nan     0.1000    0.0227
    10        0.5624            -nan     0.1000    0.0186
    20        0.3164            -nan     0.1000    0.0069
    40        0.1251            -nan     0.1000    0.0017
    60        0.0644            -nan     0.1000    0.0007
    80        0.0340            -nan     0.1000   -0.0000
   100        0.0200            -nan     0.1000    0.0001
   120        0.0121            -nan     0.1000    0.0001
   140        0.0070            -nan     0.1000    0.0001
   150        0.0056            -nan     0.1000    0.0000

Iter   TrainDeviance   ValidDeviance   StepSize   Improve
     1        1.1638            -nan     0.1000    0.0658
     2        1.0339            -nan     0.1000    0.0621
     3        0.9318            -nan     0.1000    0.0495
     4        0.8491            -nan     0.1000    0.0375
     5        0.7764            -nan     0.1000    0.0348
     6        0.7141            -nan     0.1000    0.0281
     7        0.6592            -nan     0.1000    0.0245
     8        0.6132            -nan     0.1000    0.0200
     9        0.5621            -nan     0.1000    0.0239
    10        0.5236            -nan     0.1000    0.0159
    20        0.2660            -nan     0.1000    0.0065
    40        0.0914            -nan     0.1000    0.0021
    60        0.0394            -nan     0.1000    0.0005
    80        0.0198            -nan     0.1000   -0.0000
   100        0.0104            -nan     0.1000    0.0002
   120        0.0054            -nan     0.1000    0.0001
   140        0.0030            -nan     0.1000    0.0000
   150        0.0022            -nan     0.1000    0.0000

Iter   TrainDeviance   ValidDeviance   StepSize   Improve
     1        1.2359            -nan     0.1000    0.0388
     2        1.1534            -nan     0.1000    0.0378
     3        1.0789            -nan     0.1000    0.0359
     4        1.0134            -nan     0.1000    0.0320
     5        0.9608            -nan     0.1000    0.0244
     6        0.9112            -nan     0.1000    0.0224
     7        0.8647            -nan     0.1000    0.0237
     8        0.8204            -nan     0.1000    0.0209
     9        0.7837            -nan     0.1000    0.0147
    10        0.7465            -nan     0.1000    0.0168
    20        0.4940            -nan     0.1000    0.0090
    40        0.2586            -nan     0.1000    0.0030
    60        0.1550            -nan     0.1000    0.0011
    80        0.0980            -nan     0.1000    0.0009
   100        0.0667            -nan     0.1000    0.0002
   120        0.0459            -nan     0.1000    0.0003
   140        0.0341            -nan     0.1000    0.0001
   150        0.0288            -nan     0.1000    0.0001

Iter   TrainDeviance   ValidDeviance   StepSize   Improve
     1        1.2097            -nan     0.1000    0.0532
     2        1.0915            -nan     0.1000    0.0565
     3        1.0083            -nan     0.1000    0.0400
     4        0.9243            -nan     0.1000    0.0406
     5        0.8521            -nan     0.1000    0.0352
     6        0.7945            -nan     0.1000    0.0272
     7        0.7428            -nan     0.1000    0.0246
     8        0.6934            -nan     0.1000    0.0240
     9        0.6487            -nan     0.1000    0.0188
    10        0.6061            -nan     0.1000    0.0194
    20        0.3282            -nan     0.1000    0.0090
    40        0.1255            -nan     0.1000    0.0012
    60        0.0589            -nan     0.1000    0.0006
    80        0.0338            -nan     0.1000    0.0003
   100        0.0184            -nan     0.1000    0.0002
   120        0.0102            -nan     0.1000    0.0001
   140        0.0059            -nan     0.1000    0.0001
   150        0.0046            -nan     0.1000    0.0000

Iter   TrainDeviance   ValidDeviance   StepSize   Improve
     1        1.1820            -nan     0.1000    0.0644
     2        1.0642            -nan     0.1000    0.0569
     3        0.9665            -nan     0.1000    0.0453
     4        0.8783            -nan     0.1000    0.0421
     5        0.7959            -nan     0.1000    0.0405
     6        0.7271            -nan     0.1000    0.0333
     7        0.6696            -nan     0.1000    0.0253
     8        0.6198            -nan     0.1000    0.0244
     9        0.5727            -nan     0.1000    0.0236
    10        0.5238            -nan     0.1000    0.0230
    20        0.2550            -nan     0.1000    0.0083
    40        0.0861            -nan     0.1000    0.0010
    60        0.0355            -nan     0.1000    0.0006
    80        0.0166            -nan     0.1000    0.0001
   100        0.0080            -nan     0.1000    0.0001
   120        0.0039            -nan     0.1000    0.0000
   140        0.0021            -nan     0.1000    0.0000
   150        0.0015            -nan     0.1000    0.0000

Iter   TrainDeviance   ValidDeviance   StepSize   Improve
     1        1.1922            -nan     0.1000    0.0461
     2        1.1217            -nan     0.1000    0.0316
     3        1.0455            -nan     0.1000    0.0355
     4        0.9886            -nan     0.1000    0.0261
     5        0.9309            -nan     0.1000    0.0258
     6        0.8809            -nan     0.1000    0.0213
     7        0.8322            -nan     0.1000    0.0244
     8        0.7923            -nan     0.1000    0.0183
     9        0.7566            -nan     0.1000    0.0159
    10        0.7191            -nan     0.1000    0.0175
    20        0.4883            -nan     0.1000    0.0055
    40        0.2685            -nan     0.1000    0.0024
    60        0.1642            -nan     0.1000    0.0012
    80        0.1073            -nan     0.1000    0.0007
   100        0.0741            -nan     0.1000    0.0003
   120        0.0546            -nan     0.1000    0.0003
   140        0.0397            -nan     0.1000    0.0003
   150        0.0333            -nan     0.1000    0.0000

Iter   TrainDeviance   ValidDeviance   StepSize   Improve
     1        1.1403            -nan     0.1000    0.0727
     2        1.0441            -nan     0.1000    0.0429
     3        0.9617            -nan     0.1000    0.0379
     4        0.8823            -nan     0.1000    0.0358
     5        0.8224            -nan     0.1000    0.0302
     6        0.7605            -nan     0.1000    0.0288
     7        0.7005            -nan     0.1000    0.0296
     8        0.6557            -nan     0.1000    0.0191
     9        0.6105            -nan     0.1000    0.0214
    10        0.5685            -nan     0.1000    0.0190
    20        0.3086            -nan     0.1000    0.0056
    40        0.1153            -nan     0.1000    0.0028
    60        0.0639            -nan     0.1000    0.0007
    80        0.0353            -nan     0.1000    0.0004
   100        0.0205            -nan     0.1000    0.0001
   120        0.0129            -nan     0.1000    0.0000
   140        0.0082            -nan     0.1000    0.0000
   150        0.0066            -nan     0.1000    0.0000

Iter   TrainDeviance   ValidDeviance   StepSize   Improve
     1        1.1503            -nan     0.1000    0.0631
     2        1.0251            -nan     0.1000    0.0563
     3        0.9277            -nan     0.1000    0.0477
     4        0.8518            -nan     0.1000    0.0371
     5        0.7840            -nan     0.1000    0.0316
     6        0.7234            -nan     0.1000    0.0270
     7        0.6637            -nan     0.1000    0.0297
     8        0.6165            -nan     0.1000    0.0218
     9        0.5632            -nan     0.1000    0.0244
    10        0.5247            -nan     0.1000    0.0176
    20        0.2514            -nan     0.1000    0.0069
    40        0.0858            -nan     0.1000    0.0014
    60        0.0371            -nan     0.1000    0.0005
    80        0.0192            -nan     0.1000    0.0002
   100        0.0098            -nan     0.1000    0.0000
   120        0.0058            -nan     0.1000    0.0001
   140        0.0031            -nan     0.1000    0.0000
   150        0.0024            -nan     0.1000    0.0000

Iter   TrainDeviance   ValidDeviance   StepSize   Improve
     1        1.2464            -nan     0.1000    0.0480
     2        1.1541            -nan     0.1000    0.0475
     3        1.0766            -nan     0.1000    0.0389
     4        1.0093            -nan     0.1000    0.0320
     5        0.9488            -nan     0.1000    0.0267
     6        0.8937            -nan     0.1000    0.0276
     7        0.8422            -nan     0.1000    0.0248
     8        0.7997            -nan     0.1000    0.0192
     9        0.7586            -nan     0.1000    0.0196
    10        0.7203            -nan     0.1000    0.0182
    20        0.4695            -nan     0.1000    0.0102
    40        0.2483            -nan     0.1000    0.0022
    60        0.1455            -nan     0.1000    0.0015
    80        0.0936            -nan     0.1000    0.0008
   100        0.0642            -nan     0.1000    0.0007
   120        0.0446            -nan     0.1000    0.0002
   140        0.0321            -nan     0.1000   -0.0001
   150        0.0268            -nan     0.1000    0.0000

Iter   TrainDeviance   ValidDeviance   StepSize   Improve
     1        1.2071            -nan     0.1000    0.0721
     2        1.0954            -nan     0.1000    0.0522
     3        0.9947            -nan     0.1000    0.0467
     4        0.9139            -nan     0.1000    0.0388
     5        0.8378            -nan     0.1000    0.0382
     6        0.7749            -nan     0.1000    0.0303
     7        0.7159            -nan     0.1000    0.0278
     8        0.6706            -nan     0.1000    0.0204
     9        0.6245            -nan     0.1000    0.0218
    10        0.5757            -nan     0.1000    0.0223
    20        0.3149            -nan     0.1000    0.0069
    40        0.1229            -nan     0.1000    0.0027
    60        0.0568            -nan     0.1000    0.0007
    80        0.0313            -nan     0.1000    0.0002
   100        0.0188            -nan     0.1000    0.0002
   120        0.0108            -nan     0.1000    0.0000
   140        0.0065            -nan     0.1000    0.0001
   150        0.0050            -nan     0.1000    0.0000

Iter   TrainDeviance   ValidDeviance   StepSize   Improve
     1        1.1997            -nan     0.1000    0.0743
     2        1.0664            -nan     0.1000    0.0634
     3        0.9566            -nan     0.1000    0.0543
     4        0.8654            -nan     0.1000    0.0435
     5        0.7904            -nan     0.1000    0.0363
     6        0.7249            -nan     0.1000    0.0298
     7        0.6682            -nan     0.1000    0.0265
     8        0.6170            -nan     0.1000    0.0235
     9        0.5694            -nan     0.1000    0.0228
    10        0.5269            -nan     0.1000    0.0202
    20        0.2605            -nan     0.1000    0.0079
    40        0.0856            -nan     0.1000    0.0010
    60        0.0382            -nan     0.1000    0.0005
    80        0.0178            -nan     0.1000    0.0002
   100        0.0096            -nan     0.1000    0.0000
   120        0.0051            -nan     0.1000    0.0000
   140        0.0026            -nan     0.1000    0.0000
   150        0.0019            -nan     0.1000    0.0000

Iter   TrainDeviance   ValidDeviance   StepSize   Improve
     1        1.2208            -nan     0.1000    0.0504
     2        1.1312            -nan     0.1000    0.0416
     3        1.0547            -nan     0.1000    0.0357
     4        0.9826            -nan     0.1000    0.0352
     5        0.9218            -nan     0.1000    0.0294
     6        0.8649            -nan     0.1000    0.0267
     7        0.8165            -nan     0.1000    0.0232
     8        0.7693            -nan     0.1000    0.0216
     9        0.7267            -nan     0.1000    0.0198
    10        0.6894            -nan     0.1000    0.0173
    20        0.4386            -nan     0.1000    0.0086
    40        0.2257            -nan     0.1000    0.0032
    60        0.1356            -nan     0.1000    0.0021
    80        0.0865            -nan     0.1000    0.0003
   100        0.0562            -nan     0.1000   -0.0001
   120        0.0400            -nan     0.1000    0.0004
   140        0.0284            -nan     0.1000    0.0001
   150        0.0251            -nan     0.1000    0.0001

Iter   TrainDeviance   ValidDeviance   StepSize   Improve
     1        1.1917            -nan     0.1000    0.0623
     2        1.0853            -nan     0.1000    0.0511
     3        0.9873            -nan     0.1000    0.0501
     4        0.9067            -nan     0.1000    0.0392
     5        0.8222            -nan     0.1000    0.0404
     6        0.7521            -nan     0.1000    0.0338
     7        0.6979            -nan     0.1000    0.0258
     8        0.6519            -nan     0.1000    0.0201
     9        0.6024            -nan     0.1000    0.0230
    10        0.5591            -nan     0.1000    0.0213
    20        0.3028            -nan     0.1000    0.0064
    40        0.1109            -nan     0.1000    0.0010
    60        0.0493            -nan     0.1000    0.0004
    80        0.0254            -nan     0.1000    0.0001
   100        0.0150            -nan     0.1000   -0.0000
   120        0.0094            -nan     0.1000    0.0001
   140        0.0057            -nan     0.1000    0.0000
   150        0.0044            -nan     0.1000    0.0000

Iter   TrainDeviance   ValidDeviance   StepSize   Improve
     1        1.1711            -nan     0.1000    0.0718
     2        1.0574            -nan     0.1000    0.0550
     3        0.9468            -nan     0.1000    0.0559
     4        0.8567            -nan     0.1000    0.0453
     5        0.7816            -nan     0.1000    0.0344
     6        0.7099            -nan     0.1000    0.0330
     7        0.6485            -nan     0.1000    0.0286
     8        0.5971            -nan     0.1000    0.0243
     9        0.5483            -nan     0.1000    0.0216
    10        0.5051            -nan     0.1000    0.0207
    20        0.2444            -nan     0.1000    0.0067
    40        0.0762            -nan     0.1000    0.0010
    60        0.0337            -nan     0.1000    0.0001
    80        0.0164            -nan     0.1000    0.0000
   100        0.0080            -nan     0.1000    0.0001
   120        0.0041            -nan     0.1000    0.0000
   140        0.0021            -nan     0.1000    0.0000
   150        0.0015            -nan     0.1000    0.0000

Iter   TrainDeviance   ValidDeviance   StepSize   Improve
     1        1.2234            -nan     0.1000    0.0462
     2        1.1367            -nan     0.1000    0.0406
     3        1.0626            -nan     0.1000    0.0373
     4        0.9955            -nan     0.1000    0.0294
     5        0.9374            -nan     0.1000    0.0263
     6        0.8827            -nan     0.1000    0.0267
     7        0.8281            -nan     0.1000    0.0248
     8        0.7861            -nan     0.1000    0.0205
     9        0.7473            -nan     0.1000    0.0164
    10        0.7105            -nan     0.1000    0.0177
    20        0.4630            -nan     0.1000    0.0091
    40        0.2393            -nan     0.1000    0.0028
    60        0.1371            -nan     0.1000    0.0016
    80        0.0922            -nan     0.1000    0.0000
   100        0.0604            -nan     0.1000    0.0004
   120        0.0425            -nan     0.1000    0.0001
   140        0.0295            -nan     0.1000    0.0001
   150        0.0244            -nan     0.1000   -0.0000

Iter   TrainDeviance   ValidDeviance   StepSize   Improve
     1        1.1832            -nan     0.1000    0.0705
     2        1.0669            -nan     0.1000    0.0550
     3        0.9825            -nan     0.1000    0.0396
     4        0.8911            -nan     0.1000    0.0434
     5        0.8282            -nan     0.1000    0.0257
     6        0.7660            -nan     0.1000    0.0286
     7        0.7002            -nan     0.1000    0.0317
     8        0.6504            -nan     0.1000    0.0239
     9        0.5996            -nan     0.1000    0.0237
    10        0.5596            -nan     0.1000    0.0195
    20        0.2898            -nan     0.1000    0.0086
    40        0.0996            -nan     0.1000    0.0020
    60        0.0477            -nan     0.1000    0.0005
    80        0.0239            -nan     0.1000    0.0003
   100        0.0132            -nan     0.1000    0.0003
   120        0.0080            -nan     0.1000    0.0001
   140        0.0049            -nan     0.1000    0.0000
   150        0.0038            -nan     0.1000    0.0000

Iter   TrainDeviance   ValidDeviance   StepSize   Improve
     1        1.1699            -nan     0.1000    0.0769
     2        1.0419            -nan     0.1000    0.0627
     3        0.9359            -nan     0.1000    0.0538
     4        0.8500            -nan     0.1000    0.0403
     5        0.7878            -nan     0.1000    0.0285
     6        0.7127            -nan     0.1000    0.0348
     7        0.6534            -nan     0.1000    0.0278
     8        0.5948            -nan     0.1000    0.0270
     9        0.5540            -nan     0.1000    0.0173
    10        0.5156            -nan     0.1000    0.0167
    20        0.2482            -nan     0.1000    0.0067
    40        0.0809            -nan     0.1000    0.0016
    60        0.0323            -nan     0.1000    0.0005
    80        0.0154            -nan     0.1000    0.0002
   100        0.0078            -nan     0.1000    0.0001
   120        0.0041            -nan     0.1000    0.0000
   140        0.0021            -nan     0.1000    0.0000
   150        0.0016            -nan     0.1000    0.0000

Iter   TrainDeviance   ValidDeviance   StepSize   Improve
     1        1.2240            -nan     0.1000    0.0425
     2        1.1359            -nan     0.1000    0.0432
     3        1.0676            -nan     0.1000    0.0313
     4        1.0019            -nan     0.1000    0.0316
     5        0.9435            -nan     0.1000    0.0291
     6        0.8884            -nan     0.1000    0.0264
     7        0.8375            -nan     0.1000    0.0236
     8        0.7943            -nan     0.1000    0.0200
     9        0.7553            -nan     0.1000    0.0186
    10        0.7208            -nan     0.1000    0.0147
    20        0.4770            -nan     0.1000    0.0084
    40        0.2539            -nan     0.1000    0.0020
    60        0.1571            -nan     0.1000    0.0006
    80        0.1013            -nan     0.1000    0.0006
   100        0.0694            -nan     0.1000    0.0005
   120        0.0488            -nan     0.1000    0.0003
   140        0.0355            -nan     0.1000    0.0001
   150        0.0300            -nan     0.1000    0.0001

Iter   TrainDeviance   ValidDeviance   StepSize   Improve
     1        1.1775            -nan     0.1000    0.0676
     2        1.0781            -nan     0.1000    0.0472
     3        0.9779            -nan     0.1000    0.0490
     4        0.9019            -nan     0.1000    0.0374
     5        0.8293            -nan     0.1000    0.0343
     6        0.7783            -nan     0.1000    0.0211
     7        0.7300            -nan     0.1000    0.0229
     8        0.6800            -nan     0.1000    0.0225
     9        0.6363            -nan     0.1000    0.0201
    10        0.5962            -nan     0.1000    0.0185
    20        0.2983            -nan     0.1000    0.0064
    40        0.1120            -nan     0.1000    0.0024
    60        0.0556            -nan     0.1000    0.0003
    80        0.0300            -nan     0.1000    0.0004
   100        0.0180            -nan     0.1000    0.0000
   120        0.0112            -nan     0.1000    0.0000
   140        0.0076            -nan     0.1000    0.0001
   150        0.0066            -nan     0.1000    0.0000

Iter   TrainDeviance   ValidDeviance   StepSize   Improve
     1        1.1541            -nan     0.1000    0.0788
     2        1.0299            -nan     0.1000    0.0588
     3        0.9373            -nan     0.1000    0.0419
     4        0.8531            -nan     0.1000    0.0396
     5        0.7729            -nan     0.1000    0.0393
     6        0.7106            -nan     0.1000    0.0289
     7        0.6480            -nan     0.1000    0.0283
     8        0.5957            -nan     0.1000    0.0233
     9        0.5464            -nan     0.1000    0.0229
    10        0.5052            -nan     0.1000    0.0189
    20        0.2393            -nan     0.1000    0.0061
    40        0.0745            -nan     0.1000    0.0011
    60        0.0299            -nan     0.1000    0.0006
    80        0.0149            -nan     0.1000    0.0001
   100        0.0076            -nan     0.1000    0.0001
   120        0.0041            -nan     0.1000    0.0000
   140        0.0023            -nan     0.1000    0.0000
   150        0.0018            -nan     0.1000    0.0000

Iter   TrainDeviance   ValidDeviance   StepSize   Improve
     1        1.2371            -nan     0.1000    0.0454
     2        1.1544            -nan     0.1000    0.0428
     3        1.0799            -nan     0.1000    0.0344
     4        1.0154            -nan     0.1000    0.0296
     5        0.9603            -nan     0.1000    0.0261
     6        0.9078            -nan     0.1000    0.0234
     7        0.8614            -nan     0.1000    0.0221
     8        0.8244            -nan     0.1000    0.0173
     9        0.7835            -nan     0.1000    0.0193
    10        0.7445            -nan     0.1000    0.0174
    20        0.5021            -nan     0.1000    0.0064
    40        0.2709            -nan     0.1000    0.0036
    60        0.1673            -nan     0.1000    0.0007
    80        0.1083            -nan     0.1000    0.0006
   100        0.0803            -nan     0.1000    0.0001
   120        0.0567            -nan     0.1000    0.0005
   140        0.0408            -nan     0.1000    0.0001
   150        0.0353            -nan     0.1000    0.0002

Iter   TrainDeviance   ValidDeviance   StepSize   Improve
     1        1.1935            -nan     0.1000    0.0689
     2        1.0975            -nan     0.1000    0.0444
     3        0.9955            -nan     0.1000    0.0508
     4        0.9153            -nan     0.1000    0.0411
     5        0.8439            -nan     0.1000    0.0332
     6        0.7875            -nan     0.1000    0.0264
     7        0.7332            -nan     0.1000    0.0246
     8        0.6841            -nan     0.1000    0.0223
     9        0.6391            -nan     0.1000    0.0201
    10        0.5993            -nan     0.1000    0.0175
    20        0.3165            -nan     0.1000    0.0055
    40        0.1336            -nan     0.1000    0.0019
    60        0.0628            -nan     0.1000    0.0013
    80        0.0343            -nan     0.1000    0.0004
   100        0.0181            -nan     0.1000    0.0002
   120        0.0102            -nan     0.1000    0.0000
   140        0.0063            -nan     0.1000    0.0001
   150        0.0045            -nan     0.1000    0.0000

Iter   TrainDeviance   ValidDeviance   StepSize   Improve
     1        1.1763            -nan     0.1000    0.0770
     2        1.0567            -nan     0.1000    0.0580
     3        0.9555            -nan     0.1000    0.0498
     4        0.8666            -nan     0.1000    0.0433
     5        0.7886            -nan     0.1000    0.0387
     6        0.7204            -nan     0.1000    0.0321
     7        0.6625            -nan     0.1000    0.0285
     8        0.6141            -nan     0.1000    0.0212
     9        0.5706            -nan     0.1000    0.0198
    10        0.5283            -nan     0.1000    0.0190
    20        0.2625            -nan     0.1000    0.0080
    40        0.0885            -nan     0.1000    0.0014
    60        0.0382            -nan     0.1000    0.0006
    80        0.0174            -nan     0.1000    0.0003
   100        0.0081            -nan     0.1000    0.0001
   120        0.0039            -nan     0.1000    0.0001
   140        0.0020            -nan     0.1000    0.0000
   150        0.0014            -nan     0.1000    0.0000

Iter   TrainDeviance   ValidDeviance   StepSize   Improve
     1        1.2268            -nan     0.1000    0.0437
     2        1.1552            -nan     0.1000    0.0310
     3        1.0864            -nan     0.1000    0.0338
     4        1.0262            -nan     0.1000    0.0281
     5        0.9640            -nan     0.1000    0.0282
     6        0.9129            -nan     0.1000    0.0236
     7        0.8622            -nan     0.1000    0.0234
     8        0.8208            -nan     0.1000    0.0191
     9        0.7821            -nan     0.1000    0.0175
    10        0.7451            -nan     0.1000    0.0160
    20        0.4999            -nan     0.1000    0.0079
    40        0.2647            -nan     0.1000    0.0032
    60        0.1589            -nan     0.1000    0.0014
    80        0.1007            -nan     0.1000    0.0007
   100        0.0671            -nan     0.1000    0.0004
   120        0.0456            -nan     0.1000    0.0001
   140        0.0328            -nan     0.1000    0.0001
   150        0.0275            -nan     0.1000    0.0001

Iter   TrainDeviance   ValidDeviance   StepSize   Improve
     1        1.1884            -nan     0.1000    0.0646
     2        1.0855            -nan     0.1000    0.0505
     3        1.0021            -nan     0.1000    0.0404
     4        0.9242            -nan     0.1000    0.0370
     5        0.8601            -nan     0.1000    0.0305
     6        0.8059            -nan     0.1000    0.0223
     7        0.7478            -nan     0.1000    0.0272
     8        0.7005            -nan     0.1000    0.0206
     9        0.6467            -nan     0.1000    0.0264
    10        0.5916            -nan     0.1000    0.0259
    20        0.3202            -nan     0.1000    0.0088
    40        0.1153            -nan     0.1000    0.0026
    60        0.0537            -nan     0.1000    0.0006
    80        0.0269            -nan     0.1000    0.0002
   100        0.0146            -nan     0.1000    0.0002
   120        0.0082            -nan     0.1000    0.0000
   140        0.0045            -nan     0.1000    0.0000
   150        0.0034            -nan     0.1000    0.0000

Iter   TrainDeviance   ValidDeviance   StepSize   Improve
     1        1.1672            -nan     0.1000    0.0750
     2        1.0414            -nan     0.1000    0.0575
     3        0.9516            -nan     0.1000    0.0427
     4        0.8676            -nan     0.1000    0.0369
     5        0.7938            -nan     0.1000    0.0360
     6        0.7279            -nan     0.1000    0.0319
     7        0.6631            -nan     0.1000    0.0296
     8        0.6034            -nan     0.1000    0.0292
     9        0.5579            -nan     0.1000    0.0196
    10        0.5200            -nan     0.1000    0.0173
    20        0.2597            -nan     0.1000    0.0080
    40        0.0855            -nan     0.1000    0.0009
    60        0.0343            -nan     0.1000    0.0005
    80        0.0145            -nan     0.1000    0.0004
   100        0.0064            -nan     0.1000    0.0002
   120        0.0032            -nan     0.1000    0.0000
   140        0.0016            -nan     0.1000    0.0000
   150        0.0012            -nan     0.1000    0.0000

Iter   TrainDeviance   ValidDeviance   StepSize   Improve
     1        1.2057            -nan     0.1000    0.0529
     2        1.1161            -nan     0.1000    0.0421
     3        1.0449            -nan     0.1000    0.0371
     4        0.9774            -nan     0.1000    0.0301
     5        0.9249            -nan     0.1000    0.0259
     6        0.8760            -nan     0.1000    0.0212
     7        0.8303            -nan     0.1000    0.0218
     8        0.7909            -nan     0.1000    0.0186
     9        0.7600            -nan     0.1000    0.0127
    10        0.7259            -nan     0.1000    0.0169
    20        0.4896            -nan     0.1000    0.0072
    40        0.2644            -nan     0.1000    0.0029
    60        0.1638            -nan     0.1000    0.0010
    80        0.1095            -nan     0.1000    0.0006
   100        0.0767            -nan     0.1000    0.0003
   120        0.0541            -nan     0.1000    0.0004
   140        0.0410            -nan     0.1000    0.0002
   150        0.0355            -nan     0.1000    0.0000

Iter   TrainDeviance   ValidDeviance   StepSize   Improve
     1        1.1714            -nan     0.1000    0.0682
     2        1.0608            -nan     0.1000    0.0563
     3        0.9682            -nan     0.1000    0.0448
     4        0.8931            -nan     0.1000    0.0369
     5        0.8207            -nan     0.1000    0.0354
     6        0.7578            -nan     0.1000    0.0293
     7        0.7085            -nan     0.1000    0.0218
     8        0.6649            -nan     0.1000    0.0194
     9        0.6124            -nan     0.1000    0.0257
    10        0.5762            -nan     0.1000    0.0149
    20        0.3206            -nan     0.1000    0.0077
    40        0.1302            -nan     0.1000    0.0020
    60        0.0626            -nan     0.1000    0.0008
    80        0.0346            -nan     0.1000    0.0003
   100        0.0200            -nan     0.1000    0.0000
   120        0.0116            -nan     0.1000    0.0000
   140        0.0071            -nan     0.1000    0.0000
   150        0.0056            -nan     0.1000    0.0000

Iter   TrainDeviance   ValidDeviance   StepSize   Improve
     1        1.1573            -nan     0.1000    0.0712
     2        1.0332            -nan     0.1000    0.0591
     3        0.9296            -nan     0.1000    0.0521
     4        0.8447            -nan     0.1000    0.0424
     5        0.7710            -nan     0.1000    0.0372
     6        0.7068            -nan     0.1000    0.0306
     7        0.6533            -nan     0.1000    0.0254
     8        0.6050            -nan     0.1000    0.0239
     9        0.5630            -nan     0.1000    0.0201
    10        0.5230            -nan     0.1000    0.0167
    20        0.2579            -nan     0.1000    0.0062
    40        0.0883            -nan     0.1000    0.0012
    60        0.0370            -nan     0.1000    0.0006
    80        0.0173            -nan     0.1000    0.0002
   100        0.0092            -nan     0.1000    0.0000
   120        0.0050            -nan     0.1000    0.0000
   140        0.0030            -nan     0.1000    0.0000
   150        0.0023            -nan     0.1000   -0.0000

Iter   TrainDeviance   ValidDeviance   StepSize   Improve
     1        1.2236            -nan     0.1000    0.0494
     2        1.1401            -nan     0.1000    0.0422
     3        1.0668            -nan     0.1000    0.0354
     4        1.0064            -nan     0.1000    0.0277
     5        0.9476            -nan     0.1000    0.0282
     6        0.8939            -nan     0.1000    0.0269
     7        0.8439            -nan     0.1000    0.0230
     8        0.7988            -nan     0.1000    0.0220
     9        0.7568            -nan     0.1000    0.0188
    10        0.7166            -nan     0.1000    0.0189
    20        0.4671            -nan     0.1000    0.0077
    40        0.2454            -nan     0.1000    0.0025
    60        0.1489            -nan     0.1000    0.0015
    80        0.0954            -nan     0.1000    0.0007
   100        0.0642            -nan     0.1000    0.0003
   120        0.0458            -nan     0.1000    0.0001
   140        0.0335            -nan     0.1000    0.0001
   150        0.0293            -nan     0.1000    0.0003

Iter   TrainDeviance   ValidDeviance   StepSize   Improve
     1        1.2017            -nan     0.1000    0.0632
     2        1.0775            -nan     0.1000    0.0570
     3        0.9726            -nan     0.1000    0.0530
     4        0.8798            -nan     0.1000    0.0454
     5        0.8076            -nan     0.1000    0.0352
     6        0.7523            -nan     0.1000    0.0252
     7        0.6991            -nan     0.1000    0.0239
     8        0.6458            -nan     0.1000    0.0259
     9        0.6023            -nan     0.1000    0.0204
    10        0.5651            -nan     0.1000    0.0166
    20        0.2893            -nan     0.1000    0.0063
    40        0.1078            -nan     0.1000    0.0021
    60        0.0576            -nan     0.1000    0.0004
    80        0.0295            -nan     0.1000    0.0003
   100        0.0185            -nan     0.1000    0.0001
   120        0.0109            -nan     0.1000   -0.0000
   140        0.0068            -nan     0.1000   -0.0000
   150        0.0050            -nan     0.1000    0.0000

Iter   TrainDeviance   ValidDeviance   StepSize   Improve
     1        1.1911            -nan     0.1000    0.0665
     2        1.0566            -nan     0.1000    0.0666
     3        0.9597            -nan     0.1000    0.0427
     4        0.8721            -nan     0.1000    0.0416
     5        0.8052            -nan     0.1000    0.0294
     6        0.7308            -nan     0.1000    0.0352
     7        0.6616            -nan     0.1000    0.0342
     8        0.6056            -nan     0.1000    0.0263
     9        0.5529            -nan     0.1000    0.0270
    10        0.5074            -nan     0.1000    0.0216
    20        0.2428            -nan     0.1000    0.0074
    40        0.0787            -nan     0.1000    0.0016
    60        0.0326            -nan     0.1000    0.0004
    80        0.0156            -nan     0.1000    0.0001
   100        0.0081            -nan     0.1000    0.0001
   120        0.0042            -nan     0.1000    0.0000
   140        0.0024            -nan     0.1000    0.0000
   150        0.0018            -nan     0.1000    0.0000

Iter   TrainDeviance   ValidDeviance   StepSize   Improve
     1        1.2568            -nan     0.1000    0.0450
     2        1.1792            -nan     0.1000    0.0362
     3        1.1047            -nan     0.1000    0.0351
     4        1.0386            -nan     0.1000    0.0306
     5        0.9819            -nan     0.1000    0.0252
     6        0.9277            -nan     0.1000    0.0246
     7        0.8802            -nan     0.1000    0.0212
     8        0.8372            -nan     0.1000    0.0198
     9        0.7973            -nan     0.1000    0.0183
    10        0.7609            -nan     0.1000    0.0165
    20        0.5058            -nan     0.1000    0.0082
    40        0.2657            -nan     0.1000    0.0033
    60        0.1555            -nan     0.1000    0.0015
    80        0.1009            -nan     0.1000    0.0001
   100        0.0702            -nan     0.1000    0.0007
   120        0.0480            -nan     0.1000    0.0004
   140        0.0344            -nan     0.1000    0.0002
   150        0.0289            -nan     0.1000    0.0001

Iter   TrainDeviance   ValidDeviance   StepSize   Improve
     1        1.2377            -nan     0.1000    0.0538
     2        1.1203            -nan     0.1000    0.0588
     3        1.0316            -nan     0.1000    0.0426
     4        0.9533            -nan     0.1000    0.0365
     5        0.8857            -nan     0.1000    0.0311
     6        0.8097            -nan     0.1000    0.0356
     7        0.7605            -nan     0.1000    0.0215
     8        0.7132            -nan     0.1000    0.0213
     9        0.6646            -nan     0.1000    0.0244
    10        0.6194            -nan     0.1000    0.0229
    20        0.3297            -nan     0.1000    0.0098
    40        0.1168            -nan     0.1000    0.0026
    60        0.0579            -nan     0.1000    0.0009
    80        0.0341            -nan     0.1000    0.0001
   100        0.0193            -nan     0.1000    0.0003
   120        0.0112            -nan     0.1000    0.0001
   140        0.0065            -nan     0.1000    0.0000
   150        0.0053            -nan     0.1000    0.0000

Iter   TrainDeviance   ValidDeviance   StepSize   Improve
     1        1.2138            -nan     0.1000    0.0642
     2        1.0869            -nan     0.1000    0.0595
     3        0.9787            -nan     0.1000    0.0512
     4        0.8873            -nan     0.1000    0.0423
     5        0.8140            -nan     0.1000    0.0355
     6        0.7468            -nan     0.1000    0.0303
     7        0.6873            -nan     0.1000    0.0285
     8        0.6379            -nan     0.1000    0.0230
     9        0.5848            -nan     0.1000    0.0256
    10        0.5346            -nan     0.1000    0.0246
    20        0.2600            -nan     0.1000    0.0081
    40        0.0866            -nan     0.1000    0.0015
    60        0.0358            -nan     0.1000    0.0006
    80        0.0167            -nan     0.1000    0.0001
   100        0.0076            -nan     0.1000    0.0002
   120        0.0039            -nan     0.1000    0.0000
   140        0.0020            -nan     0.1000    0.0000
   150        0.0014            -nan     0.1000    0.0000

Iter   TrainDeviance   ValidDeviance   StepSize   Improve
     1        1.2543            -nan     0.1000    0.0474
     2        1.1614            -nan     0.1000    0.0450
     3        1.0877            -nan     0.1000    0.0352
     4        1.0184            -nan     0.1000    0.0321
     5        0.9559            -nan     0.1000    0.0311
     6        0.9039            -nan     0.1000    0.0233
     7        0.8524            -nan     0.1000    0.0251
     8        0.8091            -nan     0.1000    0.0192
     9        0.7731            -nan     0.1000    0.0159
    10        0.7329            -nan     0.1000    0.0186
    20        0.4725            -nan     0.1000    0.0089
    40        0.2471            -nan     0.1000    0.0022
    60        0.1414            -nan     0.1000    0.0013
    80        0.0901            -nan     0.1000    0.0003
   100        0.0612            -nan     0.1000    0.0001
   120        0.0418            -nan     0.1000    0.0000
   140        0.0297            -nan     0.1000    0.0000
   150        0.0250            -nan     0.1000    0.0001

Iter   TrainDeviance   ValidDeviance   StepSize   Improve
     1        1.1936            -nan     0.1000    0.0762
     2        1.0749            -nan     0.1000    0.0576
     3        0.9775            -nan     0.1000    0.0493
     4        0.9015            -nan     0.1000    0.0352
     5        0.8261            -nan     0.1000    0.0374
     6        0.7605            -nan     0.1000    0.0322
     7        0.6909            -nan     0.1000    0.0345
     8        0.6438            -nan     0.1000    0.0218
     9        0.5969            -nan     0.1000    0.0219
    10        0.5581            -nan     0.1000    0.0170
    20        0.2803            -nan     0.1000    0.0086
    40        0.1000            -nan     0.1000    0.0016
    60        0.0512            -nan     0.1000    0.0005
    80        0.0278            -nan     0.1000    0.0002
   100        0.0153            -nan     0.1000    0.0000
   120        0.0095            -nan     0.1000    0.0000
   140        0.0060            -nan     0.1000    0.0000
   150        0.0048            -nan     0.1000    0.0000

Iter   TrainDeviance   ValidDeviance   StepSize   Improve
     1        1.1939            -nan     0.1000    0.0769
     2        1.0590            -nan     0.1000    0.0659
     3        0.9458            -nan     0.1000    0.0548
     4        0.8494            -nan     0.1000    0.0457
     5        0.7692            -nan     0.1000    0.0394
     6        0.6922            -nan     0.1000    0.0376
     7        0.6321            -nan     0.1000    0.0278
     8        0.5831            -nan     0.1000    0.0224
     9        0.5373            -nan     0.1000    0.0207
    10        0.4975            -nan     0.1000    0.0179
    20        0.2398            -nan     0.1000    0.0063
    40        0.0765            -nan     0.1000    0.0014
    60        0.0319            -nan     0.1000    0.0004
    80        0.0148            -nan     0.1000    0.0001
   100        0.0074            -nan     0.1000    0.0000
   120        0.0038            -nan     0.1000    0.0000
   140        0.0020            -nan     0.1000    0.0000
   150        0.0015            -nan     0.1000    0.0000

Iter   TrainDeviance   ValidDeviance   StepSize   Improve
     1        1.2290            -nan     0.1000    0.0480
     2        1.1443            -nan     0.1000    0.0401
     3        1.0688            -nan     0.1000    0.0342
     4        0.9950            -nan     0.1000    0.0332
     5        0.9391            -nan     0.1000    0.0275
     6        0.8878            -nan     0.1000    0.0240
     7        0.8445            -nan     0.1000    0.0205
     8        0.8011            -nan     0.1000    0.0193
     9        0.7640            -nan     0.1000    0.0180
    10        0.7233            -nan     0.1000    0.0201
    20        0.4731            -nan     0.1000    0.0078
    40        0.2573            -nan     0.1000    0.0027
    60        0.1536            -nan     0.1000    0.0014
    80        0.0999            -nan     0.1000    0.0005
   100        0.0684            -nan     0.1000    0.0002
   120        0.0483            -nan     0.1000    0.0002
   140        0.0349            -nan     0.1000    0.0001
   150        0.0295            -nan     0.1000    0.0004

Iter   TrainDeviance   ValidDeviance   StepSize   Improve
     1        1.1776            -nan     0.1000    0.0717
     2        1.0670            -nan     0.1000    0.0549
     3        0.9724            -nan     0.1000    0.0437
     4        0.8844            -nan     0.1000    0.0433
     5        0.8133            -nan     0.1000    0.0346
     6        0.7424            -nan     0.1000    0.0345
     7        0.6857            -nan     0.1000    0.0255
     8        0.6351            -nan     0.1000    0.0245
     9        0.5901            -nan     0.1000    0.0215
    10        0.5570            -nan     0.1000    0.0162
    20        0.3014            -nan     0.1000    0.0077
    40        0.1146            -nan     0.1000    0.0011
    60        0.0532            -nan     0.1000    0.0004
    80        0.0281            -nan     0.1000    0.0003
   100        0.0165            -nan     0.1000    0.0001
   120        0.0091            -nan     0.1000    0.0000
   140        0.0054            -nan     0.1000    0.0001
   150        0.0041            -nan     0.1000    0.0000

Iter   TrainDeviance   ValidDeviance   StepSize   Improve
     1        1.1692            -nan     0.1000    0.0772
     2        1.0332            -nan     0.1000    0.0640
     3        0.9205            -nan     0.1000    0.0555
     4        0.8313            -nan     0.1000    0.0427
     5        0.7560            -nan     0.1000    0.0369
     6        0.6874            -nan     0.1000    0.0335
     7        0.6312            -nan     0.1000    0.0260
     8        0.5791            -nan     0.1000    0.0222
     9        0.5313            -nan     0.1000    0.0224
    10        0.4850            -nan     0.1000    0.0210
    20        0.2367            -nan     0.1000    0.0058
    40        0.0751            -nan     0.1000    0.0010
    60        0.0311            -nan     0.1000    0.0004
    80        0.0137            -nan     0.1000    0.0003
   100        0.0066            -nan     0.1000    0.0001
   120        0.0036            -nan     0.1000    0.0000
   140        0.0021            -nan     0.1000    0.0000
   150        0.0015            -nan     0.1000    0.0000

Iter   TrainDeviance   ValidDeviance   StepSize   Improve
     1        1.2510            -nan     0.1000    0.0461
     2        1.1662            -nan     0.1000    0.0408
     3        1.0931            -nan     0.1000    0.0353
     4        1.0224            -nan     0.1000    0.0343
     5        0.9628            -nan     0.1000    0.0264
     6        0.9062            -nan     0.1000    0.0272
     7        0.8588            -nan     0.1000    0.0230
     8        0.8127            -nan     0.1000    0.0211
     9        0.7737            -nan     0.1000    0.0181
    10        0.7380            -nan     0.1000    0.0176
    20        0.4842            -nan     0.1000    0.0094
    40        0.2558            -nan     0.1000    0.0027
    60        0.1529            -nan     0.1000    0.0019
    80        0.0996            -nan     0.1000    0.0007
   100        0.0676            -nan     0.1000    0.0000
   120        0.0487            -nan     0.1000   -0.0000
   140        0.0352            -nan     0.1000    0.0000
   150        0.0305            -nan     0.1000    0.0001

Iter   TrainDeviance   ValidDeviance   StepSize   Improve
     1        1.2013            -nan     0.1000    0.0680
     2        1.0842            -nan     0.1000    0.0585
     3        0.9912            -nan     0.1000    0.0448
     4        0.9062            -nan     0.1000    0.0397
     5        0.8388            -nan     0.1000    0.0302
     6        0.7680            -nan     0.1000    0.0323
     7        0.7145            -nan     0.1000    0.0260
     8        0.6656            -nan     0.1000    0.0225
     9        0.6176            -nan     0.1000    0.0225
    10        0.5684            -nan     0.1000    0.0230
    20        0.3113            -nan     0.1000    0.0074
    40        0.1185            -nan     0.1000    0.0017
    60        0.0591            -nan     0.1000    0.0003
    80        0.0307            -nan     0.1000    0.0001
   100        0.0198            -nan     0.1000   -0.0000
   120        0.0115            -nan     0.1000    0.0001
   140        0.0071            -nan     0.1000    0.0001
   150        0.0057            -nan     0.1000    0.0000

Iter   TrainDeviance   ValidDeviance   StepSize   Improve
     1        1.1999            -nan     0.1000    0.0715
     2        1.0767            -nan     0.1000    0.0600
     3        0.9760            -nan     0.1000    0.0502
     4        0.8867            -nan     0.1000    0.0420
     5        0.8127            -nan     0.1000    0.0350
     6        0.7473            -nan     0.1000    0.0294
     7        0.6796            -nan     0.1000    0.0324
     8        0.6200            -nan     0.1000    0.0290
     9        0.5691            -nan     0.1000    0.0237
    10        0.5197            -nan     0.1000    0.0234
    20        0.2546            -nan     0.1000    0.0062
    40        0.0845            -nan     0.1000    0.0009
    60        0.0361            -nan     0.1000    0.0005
    80        0.0173            -nan     0.1000    0.0001
   100        0.0096            -nan     0.1000   -0.0000
   120        0.0053            -nan     0.1000    0.0001
   140        0.0029            -nan     0.1000    0.0000
   150        0.0023            -nan     0.1000   -0.0000

Iter   TrainDeviance   ValidDeviance   StepSize   Improve
     1        1.2289            -nan     0.1000    0.0432
     2        1.1456            -nan     0.1000    0.0366
     3        1.0804            -nan     0.1000    0.0316
     4        1.0212            -nan     0.1000    0.0283
     5        0.9581            -nan     0.1000    0.0312
     6        0.9099            -nan     0.1000    0.0205
     7        0.8613            -nan     0.1000    0.0237
     8        0.8159            -nan     0.1000    0.0195
     9        0.7754            -nan     0.1000    0.0197
    10        0.7415            -nan     0.1000    0.0157
    20        0.5024            -nan     0.1000    0.0088
    40        0.2758            -nan     0.1000    0.0033
    60        0.1696            -nan     0.1000    0.0013
    80        0.1109            -nan     0.1000    0.0009
   100        0.0768            -nan     0.1000    0.0003
   120        0.0530            -nan     0.1000    0.0003
   140        0.0372            -nan     0.1000   -0.0000
   150        0.0330            -nan     0.1000    0.0000

Iter   TrainDeviance   ValidDeviance   StepSize   Improve
     1        1.1839            -nan     0.1000    0.0686
     2        1.0898            -nan     0.1000    0.0442
     3        0.9939            -nan     0.1000    0.0477
     4        0.9104            -nan     0.1000    0.0395
     5        0.8447            -nan     0.1000    0.0320
     6        0.7825            -nan     0.1000    0.0303
     7        0.7291            -nan     0.1000    0.0248
     8        0.6823            -nan     0.1000    0.0204
     9        0.6435            -nan     0.1000    0.0180
    10        0.6045            -nan     0.1000    0.0159
    20        0.3409            -nan     0.1000    0.0056
    40        0.1319            -nan     0.1000    0.0030
    60        0.0671            -nan     0.1000    0.0004
    80        0.0373            -nan     0.1000    0.0002
   100        0.0220            -nan     0.1000    0.0002
   120        0.0134            -nan     0.1000    0.0000
   140        0.0081            -nan     0.1000    0.0001
   150        0.0060            -nan     0.1000    0.0000

Iter   TrainDeviance   ValidDeviance   StepSize   Improve
     1        1.1677            -nan     0.1000    0.0750
     2        1.0611            -nan     0.1000    0.0499
     3        0.9539            -nan     0.1000    0.0535
     4        0.8691            -nan     0.1000    0.0403
     5        0.8036            -nan     0.1000    0.0307
     6        0.7347            -nan     0.1000    0.0352
     7        0.6704            -nan     0.1000    0.0314
     8        0.6184            -nan     0.1000    0.0243
     9        0.5732            -nan     0.1000    0.0203
    10        0.5357            -nan     0.1000    0.0162
    20        0.2680            -nan     0.1000    0.0066
    40        0.0970            -nan     0.1000    0.0016
    60        0.0390            -nan     0.1000    0.0006
    80        0.0188            -nan     0.1000    0.0002
   100        0.0104            -nan     0.1000    0.0001
   120        0.0057            -nan     0.1000   -0.0000
   140        0.0031            -nan     0.1000    0.0000
   150        0.0023            -nan     0.1000    0.0000

Iter   TrainDeviance   ValidDeviance   StepSize   Improve
     1        1.2248            -nan     0.1000    0.0404
     2        1.1419            -nan     0.1000    0.0406
     3        1.0689            -nan     0.1000    0.0342
     4        1.0042            -nan     0.1000    0.0334
     5        0.9462            -nan     0.1000    0.0273
     6        0.9014            -nan     0.1000    0.0192
     7        0.8576            -nan     0.1000    0.0190
     8        0.8122            -nan     0.1000    0.0222
     9        0.7723            -nan     0.1000    0.0183
    10        0.7379            -nan     0.1000    0.0166
    20        0.5003            -nan     0.1000    0.0073
    40        0.2682            -nan     0.1000    0.0031
    60        0.1648            -nan     0.1000    0.0017
    80        0.1085            -nan     0.1000    0.0005
   100        0.0761            -nan     0.1000    0.0006
   120        0.0527            -nan     0.1000    0.0001
   140        0.0398            -nan     0.1000    0.0001
   150        0.0350            -nan     0.1000    0.0002

Iter   TrainDeviance   ValidDeviance   StepSize   Improve
     1        1.1845            -nan     0.1000    0.0616
     2        1.0761            -nan     0.1000    0.0499
     3        0.9882            -nan     0.1000    0.0403
     4        0.9061            -nan     0.1000    0.0389
     5        0.8317            -nan     0.1000    0.0361
     6        0.7672            -nan     0.1000    0.0315
     7        0.7066            -nan     0.1000    0.0290
     8        0.6588            -nan     0.1000    0.0225
     9        0.6125            -nan     0.1000    0.0213
    10        0.5777            -nan     0.1000    0.0140
    20        0.3120            -nan     0.1000    0.0076
    40        0.1193            -nan     0.1000    0.0017
    60        0.0622            -nan     0.1000    0.0010
    80        0.0346            -nan     0.1000    0.0003
   100        0.0205            -nan     0.1000    0.0000
   120        0.0121            -nan     0.1000    0.0001
   140        0.0068            -nan     0.1000    0.0000
   150        0.0056            -nan     0.1000    0.0000

Iter   TrainDeviance   ValidDeviance   StepSize   Improve
     1        1.1578            -nan     0.1000    0.0771
     2        1.0382            -nan     0.1000    0.0583
     3        0.9413            -nan     0.1000    0.0436
     4        0.8521            -nan     0.1000    0.0436
     5        0.7831            -nan     0.1000    0.0306
     6        0.7175            -nan     0.1000    0.0303
     7        0.6642            -nan     0.1000    0.0249
     8        0.6091            -nan     0.1000    0.0265
     9        0.5630            -nan     0.1000    0.0215
    10        0.5247            -nan     0.1000    0.0172
    20        0.2607            -nan     0.1000    0.0074
    40        0.0935            -nan     0.1000    0.0015
    60        0.0422            -nan     0.1000    0.0002
    80        0.0199            -nan     0.1000    0.0003
   100        0.0106            -nan     0.1000    0.0002
   120        0.0056            -nan     0.1000    0.0001
   140        0.0030            -nan     0.1000    0.0000
   150        0.0024            -nan     0.1000    0.0000

Iter   TrainDeviance   ValidDeviance   StepSize   Improve
     1        1.2031            -nan     0.1000    0.0518
     2        1.1211            -nan     0.1000    0.0405
     3        1.0478            -nan     0.1000    0.0359
     4        0.9840            -nan     0.1000    0.0303
     5        0.9289            -nan     0.1000    0.0246
     6        0.8712            -nan     0.1000    0.0282
     7        0.8194            -nan     0.1000    0.0226
     8        0.7709            -nan     0.1000    0.0215
     9        0.7303            -nan     0.1000    0.0195
    10        0.6945            -nan     0.1000    0.0170
    20        0.4511            -nan     0.1000    0.0086
    40        0.2298            -nan     0.1000    0.0025
    60        0.1369            -nan     0.1000    0.0009
    80        0.0910            -nan     0.1000   -0.0001
   100        0.0612            -nan     0.1000    0.0002
   120        0.0430            -nan     0.1000    0.0003
   140        0.0328            -nan     0.1000    0.0001
   150        0.0282            -nan     0.1000   -0.0000

Iter   TrainDeviance   ValidDeviance   StepSize   Improve
     1        1.1640            -nan     0.1000    0.0672
     2        1.0506            -nan     0.1000    0.0540
     3        0.9543            -nan     0.1000    0.0459
     4        0.8714            -nan     0.1000    0.0426
     5        0.7988            -nan     0.1000    0.0366
     6        0.7381            -nan     0.1000    0.0283
     7        0.6818            -nan     0.1000    0.0282
     8        0.6293            -nan     0.1000    0.0256
     9        0.5860            -nan     0.1000    0.0202
    10        0.5462            -nan     0.1000    0.0187
    20        0.2858            -nan     0.1000    0.0107
    40        0.1094            -nan     0.1000    0.0011
    60        0.0517            -nan     0.1000    0.0011
    80        0.0305            -nan     0.1000    0.0001
   100        0.0192            -nan     0.1000   -0.0001
   120        0.0116            -nan     0.1000    0.0001
   140        0.0079            -nan     0.1000    0.0000
   150        0.0069            -nan     0.1000   -0.0000

Iter   TrainDeviance   ValidDeviance   StepSize   Improve
     1        1.1483            -nan     0.1000    0.0814
     2        1.0154            -nan     0.1000    0.0632
     3        0.9102            -nan     0.1000    0.0514
     4        0.8247            -nan     0.1000    0.0420
     5        0.7495            -nan     0.1000    0.0382
     6        0.6832            -nan     0.1000    0.0301
     7        0.6259            -nan     0.1000    0.0270
     8        0.5785            -nan     0.1000    0.0215
     9        0.5331            -nan     0.1000    0.0202
    10        0.4959            -nan     0.1000    0.0169
    20        0.2426            -nan     0.1000    0.0063
    40        0.0808            -nan     0.1000    0.0011
    60        0.0366            -nan     0.1000    0.0002
    80        0.0188            -nan     0.1000    0.0000
   100        0.0104            -nan     0.1000    0.0001
   120        0.0054            -nan     0.1000    0.0000
   140        0.0029            -nan     0.1000    0.0000
   150        0.0021            -nan     0.1000    0.0000

Iter   TrainDeviance   ValidDeviance   StepSize   Improve
     1        1.1919            -nan     0.1000    0.0608
     2        1.0763            -nan     0.1000    0.0518
     3        0.9700            -nan     0.1000    0.0523
     4        0.8658            -nan     0.1000    0.0486
     5        0.7851            -nan     0.1000    0.0416
     6        0.7162            -nan     0.1000    0.0318
     7        0.6616            -nan     0.1000    0.0243
     8        0.6079            -nan     0.1000    0.0250
     9        0.5622            -nan     0.1000    0.0208
    10        0.5198            -nan     0.1000    0.0186
    20        0.2635            -nan     0.1000    0.0086
    40        0.0920            -nan     0.1000    0.0005
    60        0.0441            -nan     0.1000    0.0006
    80        0.0240            -nan     0.1000    0.0001
   100        0.0133            -nan     0.1000    0.0002
   120        0.0075            -nan     0.1000    0.0001
   140        0.0044            -nan     0.1000    0.0000
   150        0.0034            -nan     0.1000    0.0000

Loaded 169 indices from: results/instances/original/vectors/analcatdata_authorship_fold1_gbm_indices.csv 
Training model on clean data
Iter   TrainDeviance   ValidDeviance   StepSize   Improve
     1        1.2126            -nan     0.1000    0.0556
     2        1.1203            -nan     0.1000    0.0447
     3        1.0458            -nan     0.1000    0.0343
     4        0.9780            -nan     0.1000    0.0335
     5        0.9208            -nan     0.1000    0.0251
     6        0.8657            -nan     0.1000    0.0269
     7        0.8169            -nan     0.1000    0.0238
     8        0.7733            -nan     0.1000    0.0211
     9        0.7331            -nan     0.1000    0.0183
    10        0.6925            -nan     0.1000    0.0173
    20        0.4516            -nan     0.1000    0.0074
    40        0.2362            -nan     0.1000    0.0023
    60        0.1445            -nan     0.1000    0.0007
    80        0.0932            -nan     0.1000    0.0004
   100        0.0649            -nan     0.1000    0.0004
   120        0.0442            -nan     0.1000    0.0004
   140        0.0326            -nan     0.1000    0.0002
   150        0.0275            -nan     0.1000    0.0001

Iter   TrainDeviance   ValidDeviance   StepSize   Improve
     1        1.1787            -nan     0.1000    0.0718
     2        1.0716            -nan     0.1000    0.0496
     3        0.9692            -nan     0.1000    0.0526
     4        0.8835            -nan     0.1000    0.0405
     5        0.8024            -nan     0.1000    0.0384
     6        0.7424            -nan     0.1000    0.0282
     7        0.6834            -nan     0.1000    0.0291
     8        0.6335            -nan     0.1000    0.0236
     9        0.5869            -nan     0.1000    0.0225
    10        0.5422            -nan     0.1000    0.0195
    20        0.2951            -nan     0.1000    0.0079
    40        0.1168            -nan     0.1000    0.0011
    60        0.0598            -nan     0.1000    0.0002
    80        0.0358            -nan     0.1000    0.0000
   100        0.0208            -nan     0.1000    0.0001
   120        0.0132            -nan     0.1000    0.0001
   140        0.0085            -nan     0.1000    0.0000
   150        0.0071            -nan     0.1000    0.0000

Iter   TrainDeviance   ValidDeviance   StepSize   Improve
     1        1.1640            -nan     0.1000    0.0799
     2        1.0379            -nan     0.1000    0.0614
     3        0.9319            -nan     0.1000    0.0526
     4        0.8449            -nan     0.1000    0.0411
     5        0.7675            -nan     0.1000    0.0385
     6        0.7019            -nan     0.1000    0.0310
     7        0.6401            -nan     0.1000    0.0304
     8        0.5903            -nan     0.1000    0.0226
     9        0.5396            -nan     0.1000    0.0242
    10        0.4977            -nan     0.1000    0.0200
    20        0.2452            -nan     0.1000    0.0085
    40        0.0811            -nan     0.1000    0.0011
    60        0.0350            -nan     0.1000    0.0004
    80        0.0194            -nan     0.1000    0.0001
   100        0.0098            -nan     0.1000    0.0001
   120        0.0051            -nan     0.1000    0.0001
   140        0.0028            -nan     0.1000    0.0001
   150        0.0022            -nan     0.1000    0.0000

Iter   TrainDeviance   ValidDeviance   StepSize   Improve
     1        1.2168            -nan     0.1000    0.0493
     2        1.1328            -nan     0.1000    0.0391
     3        1.0533            -nan     0.1000    0.0383
     4        0.9877            -nan     0.1000    0.0317
     5        0.9282            -nan     0.1000    0.0250
     6        0.8744            -nan     0.1000    0.0259
     7        0.8232            -nan     0.1000    0.0227
     8        0.7814            -nan     0.1000    0.0184
     9        0.7419            -nan     0.1000    0.0186
    10        0.7131            -nan     0.1000    0.0114
    20        0.4543            -nan     0.1000    0.0075
    40        0.2455            -nan     0.1000    0.0032
    60        0.1490            -nan     0.1000    0.0011
    80        0.0939            -nan     0.1000    0.0003
   100        0.0617            -nan     0.1000    0.0005
   120        0.0407            -nan     0.1000    0.0002
   140        0.0280            -nan     0.1000    0.0002
   150        0.0237            -nan     0.1000    0.0001

Iter   TrainDeviance   ValidDeviance   StepSize   Improve
     1        1.1748            -nan     0.1000    0.0632
     2        1.0607            -nan     0.1000    0.0542
     3        0.9698            -nan     0.1000    0.0417
     4        0.8945            -nan     0.1000    0.0351
     5        0.8308            -nan     0.1000    0.0298
     6        0.7632            -nan     0.1000    0.0330
     7        0.6976            -nan     0.1000    0.0302
     8        0.6458            -nan     0.1000    0.0245
     9        0.5998            -nan     0.1000    0.0193
    10        0.5606            -nan     0.1000    0.0200
    20        0.3026            -nan     0.1000    0.0102
    40        0.1178            -nan     0.1000    0.0008
    60        0.0539            -nan     0.1000    0.0002
    80        0.0274            -nan     0.1000    0.0002
   100        0.0147            -nan     0.1000    0.0003
   120        0.0088            -nan     0.1000    0.0001
   140        0.0053            -nan     0.1000    0.0001
   150        0.0041            -nan     0.1000    0.0000

Iter   TrainDeviance   ValidDeviance   StepSize   Improve
     1        1.1654            -nan     0.1000    0.0720
     2        1.0472            -nan     0.1000    0.0547
     3        0.9522            -nan     0.1000    0.0440
     4        0.8584            -nan     0.1000    0.0453
     5        0.7875            -nan     0.1000    0.0343
     6        0.7131            -nan     0.1000    0.0330
     7        0.6466            -nan     0.1000    0.0321
     8        0.5932            -nan     0.1000    0.0246
     9        0.5431            -nan     0.1000    0.0248
    10        0.5020            -nan     0.1000    0.0201
    20        0.2397            -nan     0.1000    0.0081
    40        0.0804            -nan     0.1000    0.0022
    60        0.0342            -nan     0.1000    0.0001
    80        0.0140            -nan     0.1000    0.0003
   100        0.0067            -nan     0.1000    0.0000
   120        0.0034            -nan     0.1000    0.0000
   140        0.0018            -nan     0.1000    0.0000
   150        0.0013            -nan     0.1000    0.0000

Iter   TrainDeviance   ValidDeviance   StepSize   Improve
     1        1.2236            -nan     0.1000    0.0529
     2        1.1361            -nan     0.1000    0.0424
     3        1.0535            -nan     0.1000    0.0378
     4        0.9898            -nan     0.1000    0.0324
     5        0.9295            -nan     0.1000    0.0278
     6        0.8741            -nan     0.1000    0.0263
     7        0.8270            -nan     0.1000    0.0217
     8        0.7805            -nan     0.1000    0.0195
     9        0.7416            -nan     0.1000    0.0190
    10        0.6992            -nan     0.1000    0.0192
    20        0.4518            -nan     0.1000    0.0072
    40        0.2299            -nan     0.1000    0.0028
    60        0.1385            -nan     0.1000    0.0009
    80        0.0906            -nan     0.1000    0.0005
   100        0.0633            -nan     0.1000    0.0003
   120        0.0442            -nan     0.1000   -0.0000
   140        0.0328            -nan     0.1000   -0.0000
   150        0.0274            -nan     0.1000    0.0001

Iter   TrainDeviance   ValidDeviance   StepSize   Improve
     1        1.1935            -nan     0.1000    0.0666
     2        1.0733            -nan     0.1000    0.0582
     3        0.9763            -nan     0.1000    0.0449
     4        0.8883            -nan     0.1000    0.0424
     5        0.8132            -nan     0.1000    0.0363
     6        0.7398            -nan     0.1000    0.0334
     7        0.6841            -nan     0.1000    0.0259
     8        0.6349            -nan     0.1000    0.0208
     9        0.5881            -nan     0.1000    0.0216
    10        0.5507            -nan     0.1000    0.0174
    20        0.2984            -nan     0.1000    0.0062
    40        0.1112            -nan     0.1000    0.0018
    60        0.0524            -nan     0.1000    0.0004
    80        0.0305            -nan     0.1000    0.0001
   100        0.0182            -nan     0.1000    0.0001
   120        0.0109            -nan     0.1000    0.0000
   140        0.0069            -nan     0.1000    0.0000
   150        0.0055            -nan     0.1000    0.0000

Iter   TrainDeviance   ValidDeviance   StepSize   Improve
     1        1.1820            -nan     0.1000    0.0703
     2        1.0600            -nan     0.1000    0.0570
     3        0.9532            -nan     0.1000    0.0503
     4        0.8632            -nan     0.1000    0.0445
     5        0.7828            -nan     0.1000    0.0391
     6        0.7142            -nan     0.1000    0.0328
     7        0.6563            -nan     0.1000    0.0275
     8        0.6006            -nan     0.1000    0.0243
     9        0.5546            -nan     0.1000    0.0209
    10        0.5133            -nan     0.1000    0.0197
    20        0.2412            -nan     0.1000    0.0067
    40        0.0745            -nan     0.1000    0.0013
    60        0.0314            -nan     0.1000    0.0003
    80        0.0158            -nan     0.1000    0.0001
