Current working directory: /home/chris/github/kappa-threshold 
parameters.csv exists: TRUE 
parameters.csv absolute path: /home/chris/github/kappa-threshold/data/files/parameters.csv 
Training model on clean data
Generated and saved 275 indices to: results/instances/original/vectors/banknote_fold1_svmLinear_indices.csv 
Training model on clean data
Generated and saved 274 indices to: results/instances/original/vectors/banknote_fold2_svmLinear_indices.csv 
Training model on clean data
Generated and saved 274 indices to: results/instances/original/vectors/banknote_fold3_svmLinear_indices.csv 
Training model on clean data
Generated and saved 275 indices to: results/instances/original/vectors/banknote_fold4_svmLinear_indices.csv 
Training model on clean data
Generated and saved 274 indices to: results/instances/original/vectors/banknote_fold5_svmLinear_indices.csv 
Warning messages:
1: In train.default(x, y, weights = w, ...) :
  You are trying to do regression and your outcome only has two possible values Are you trying to do classification? If so, use a 2 level factor as your outcome column.
2: In train.default(x, y, weights = w, ...) :
  You are trying to do regression and your outcome only has two possible values Are you trying to do classification? If so, use a 2 level factor as your outcome column.
3: In train.default(x, y, weights = w, ...) :
  You are trying to do regression and your outcome only has two possible values Are you trying to do classification? If so, use a 2 level factor as your outcome column.
4: In train.default(x, y, weights = w, ...) :
  You are trying to do regression and your outcome only has two possible values Are you trying to do classification? If so, use a 2 level factor as your outcome column.
5: In train.default(x, y, weights = w, ...) :
  You are trying to do regression and your outcome only has two possible values Are you trying to do classification? If so, use a 2 level factor as your outcome column.
Altered instances with noise recorded
----------------
****************************
Instances altered with noise
****************************
