Current working directory: /home/chris/github/kappa-threshold 
parameters.csv exists: TRUE 
parameters.csv absolute path: /home/chris/github/kappa-threshold/data/files/parameters.csv 
Training model on clean data
Generated and saved 137 indices to: results/instances/original/vectors/breast-w_fold1_C5.0_indices.csv 
Training model on clean data
Generated and saved 136 indices to: results/instances/original/vectors/breast-w_fold2_C5.0_indices.csv 
Training model on clean data
Generated and saved 137 indices to: results/instances/original/vectors/breast-w_fold3_C5.0_indices.csv 
Training model on clean data
Generated and saved 136 indices to: results/instances/original/vectors/breast-w_fold4_C5.0_indices.csv 
Training model on clean data
Generated and saved 137 indices to: results/instances/original/vectors/breast-w_fold5_C5.0_indices.csv 
Warning messages:
1: 'trials' should be <= 7 for this object. Predictions generated using 7 trials 
2: 'trials' should be <= 1 for this object. Predictions generated using 1 trials 
3: 'trials' should be <= 1 for this object. Predictions generated using 1 trials 
Altered instances with noise recorded
----------------
****************************
Instances altered with noise
****************************
