Current working directory: /home/chris/github/kappa-threshold 
parameters.csv exists: TRUE 
parameters.csv absolute path: /home/chris/github/kappa-threshold/data/files/parameters.csv 
Processing model: rfRules for dataset: mfeat-factors 
Training model on clean data
Registered S3 method overwritten by 'RRF':
  method      from        
  plot.margin randomForest
2000 rules (length<=2) were extracted from the first 500 trees.
3926 rules (length<=3) were extracted from the first 500 trees.
6608 rules (length<=4) were extracted from the first 500 trees.
2000 rules (length<=2) were extracted from the first 500 trees.
3859 rules (length<=3) were extracted from the first 500 trees.
6395 rules (length<=4) were extracted from the first 500 trees.
2000 rules (length<=2) were extracted from the first 500 trees.
3856 rules (length<=3) were extracted from the first 500 trees.
6262 rules (length<=4) were extracted from the first 500 trees.
2000 rules (length<=2) were extracted from the first 500 trees.
3883 rules (length<=3) were extracted from the first 500 trees.
6204 rules (length<=4) were extracted from the first 500 trees.
2000 rules (length<=2) were extracted from the first 500 trees.
3811 rules (length<=3) were extracted from the first 500 trees.
5961 rules (length<=4) were extracted from the first 500 trees.
2000 rules (length<=2) were extracted from the first 500 trees.
3877 rules (length<=3) were extracted from the first 500 trees.
6516 rules (length<=4) were extracted from the first 500 trees.
2000 rules (length<=2) were extracted from the first 500 trees.
3783 rules (length<=3) were extracted from the first 500 trees.
5709 rules (length<=4) were extracted from the first 500 trees.
2000 rules (length<=2) were extracted from the first 500 trees.
3894 rules (length<=3) were extracted from the first 500 trees.
6377 rules (length<=4) were extracted from the first 500 trees.
2000 rules (length<=2) were extracted from the first 500 trees.
3753 rules (length<=3) were extracted from the first 500 trees.
5853 rules (length<=4) were extracted from the first 500 trees.
2000 rules (length<=2) were extracted from the first 500 trees.
3862 rules (length<=3) were extracted from the first 500 trees.
6300 rules (length<=4) were extracted from the first 500 trees.
2000 rules (length<=2) were extracted from the first 500 trees.
3818 rules (length<=3) were extracted from the first 500 trees.
6174 rules (length<=4) were extracted from the first 500 trees.
2000 rules (length<=2) were extracted from the first 500 trees.
3976 rules (length<=3) were extracted from the first 500 trees.
7029 rules (length<=4) were extracted from the first 500 trees.
2000 rules (length<=2) were extracted from the first 500 trees.
3834 rules (length<=3) were extracted from the first 500 trees.
6337 rules (length<=4) were extracted from the first 500 trees.
2000 rules (length<=2) were extracted from the first 500 trees.
3967 rules (length<=3) were extracted from the first 500 trees.
7001 rules (length<=4) were extracted from the first 500 trees.
2000 rules (length<=2) were extracted from the first 500 trees.
3926 rules (length<=3) were extracted from the first 500 trees.
6656 rules (length<=4) were extracted from the first 500 trees.
2000 rules (length<=2) were extracted from the first 500 trees.
3864 rules (length<=3) were extracted from the first 500 trees.
6162 rules (length<=4) were extracted from the first 500 trees.
1999 rules (length<=2) were extracted from the first 500 trees.
3802 rules (length<=3) were extracted from the first 500 trees.
5920 rules (length<=4) were extracted from the first 500 trees.
2000 rules (length<=2) were extracted from the first 500 trees.
3827 rules (length<=3) were extracted from the first 500 trees.
6049 rules (length<=4) were extracted from the first 500 trees.
2000 rules (length<=2) were extracted from the first 500 trees.
3885 rules (length<=3) were extracted from the first 500 trees.
6307 rules (length<=4) were extracted from the first 500 trees.
2000 rules (length<=2) were extracted from the first 500 trees.
3831 rules (length<=3) were extracted from the first 500 trees.
6191 rules (length<=4) were extracted from the first 500 trees.
1999 rules (length<=2) were extracted from the first 500 trees.
3881 rules (length<=3) were extracted from the first 500 trees.
6283 rules (length<=4) were extracted from the first 500 trees.
2000 rules (length<=2) were extracted from the first 500 trees.
3936 rules (length<=3) were extracted from the first 500 trees.
6790 rules (length<=4) were extracted from the first 500 trees.
2000 rules (length<=2) were extracted from the first 500 trees.
3864 rules (length<=3) were extracted from the first 500 trees.
6083 rules (length<=4) were extracted from the first 500 trees.
2000 rules (length<=2) were extracted from the first 500 trees.
3897 rules (length<=3) were extracted from the first 500 trees.
6476 rules (length<=4) were extracted from the first 500 trees.
2000 rules (length<=2) were extracted from the first 500 trees.
3814 rules (length<=3) were extracted from the first 500 trees.
5807 rules (length<=4) were extracted from the first 500 trees.
6752 rules (length<=4) were extracted from the first 500 trees.
Generated and saved 400 indices for fold 1 to: results/instances/original/vectors/mfeat-factors_rfRules_all_folds.csv 
Dataset: mfeat-factors 
Fold: 1 
Method: rfRules 
Noise level:  10 %
Percentage of altered instances:  10 %
Using 40 indices (first 40 from shuffled list)
Loading noise data from: results/noise_injection/by_dataset/mfeat-factors_NA_noise0.1.csv 
Error in process_instance(dataset, fold_index, method, mia, noise, percent,  : 
  Noise CSV file not found: results/noise_injection/by_dataset/mfeat-factors_NA_noise0.1.csv
Calls: do.call -> lapply -> FUN -> process_model -> process_instance
Execution halted
