Current working directory: /home/chris/github/kappa-threshold 
parameters.csv exists: TRUE 
parameters.csv absolute path: /home/chris/github/kappa-threshold/data/files/parameters.csv 
Processing model: multinom for dataset: mfeat-factors 
Training model on clean data
# weights:  2180 (1953 variable)
initial  value 3684.136149 
iter  10 value 1320.110331
iter  20 value 639.821810
iter  30 value 493.472294
iter  40 value 403.298242
iter  50 value 358.794941
iter  60 value 335.425114
iter  70 value 317.444409
iter  80 value 296.894517
iter  90 value 281.442174
iter 100 value 272.257311
final  value 272.257311 
stopped after 100 iterations
Generated and saved 400 indices for fold 1 to: results/instances/original/vectors/mfeat-factors_multinom_all_folds.csv 
Dataset: mfeat-factors 
Fold: 1 
Method: multinom 
Noise level:  10 %
Percentage of altered instances:  10 %
Using 40 indices (first 40 from shuffled list)
Loading noise data from: results/noise_injection/by_dataset/mfeat-factors_NA_noise0.1.csv 
Error in process_instance(dataset, fold_index, method, mia, noise, percent,  : 
  Noise CSV file not found: results/noise_injection/by_dataset/mfeat-factors_NA_noise0.1.csv
Calls: do.call -> lapply -> FUN -> process_model -> process_instance
Execution halted
