Current working directory: /home/chris/github/kappa-threshold 
parameters.csv exists: TRUE 
parameters.csv absolute path: /home/chris/github/kappa-threshold/data/files/parameters.csv 
Processing model: rfRules for dataset: pc4 
Training model on clean data
Registered S3 method overwritten by 'RRF':
  method      from        
  plot.margin randomForest
1987 rules (length<=2) were extracted from the first 500 trees.
3630 rules (length<=3) were extracted from the first 500 trees.
5678 rules (length<=4) were extracted from the first 500 trees.
1970 rules (length<=2) were extracted from the first 500 trees.
3109 rules (length<=3) were extracted from the first 500 trees.
4562 rules (length<=4) were extracted from the first 500 trees.
1984 rules (length<=2) were extracted from the first 500 trees.
3396 rules (length<=3) were extracted from the first 500 trees.
5352 rules (length<=4) were extracted from the first 500 trees.
1974 rules (length<=2) were extracted from the first 500 trees.
3326 rules (length<=3) were extracted from the first 500 trees.
5142 rules (length<=4) were extracted from the first 500 trees.
1979 rules (length<=2) were extracted from the first 500 trees.
3501 rules (length<=3) were extracted from the first 500 trees.
5174 rules (length<=4) were extracted from the first 500 trees.
1965 rules (length<=2) were extracted from the first 500 trees.
3649 rules (length<=3) were extracted from the first 500 trees.
5927 rules (length<=4) were extracted from the first 500 trees.
1972 rules (length<=2) were extracted from the first 500 trees.
3295 rules (length<=3) were extracted from the first 500 trees.
5119 rules (length<=4) were extracted from the first 500 trees.
1969 rules (length<=2) were extracted from the first 500 trees.
3309 rules (length<=3) were extracted from the first 500 trees.
4908 rules (length<=4) were extracted from the first 500 trees.
1985 rules (length<=2) were extracted from the first 500 trees.
3412 rules (length<=3) were extracted from the first 500 trees.
5132 rules (length<=4) were extracted from the first 500 trees.
1975 rules (length<=2) were extracted from the first 500 trees.
3469 rules (length<=3) were extracted from the first 500 trees.
5787 rules (length<=4) were extracted from the first 500 trees.
1969 rules (length<=2) were extracted from the first 500 trees.
3063 rules (length<=3) were extracted from the first 500 trees.
4577 rules (length<=4) were extracted from the first 500 trees.
1973 rules (length<=2) were extracted from the first 500 trees.
3482 rules (length<=3) were extracted from the first 500 trees.
5523 rules (length<=4) were extracted from the first 500 trees.
1956 rules (length<=2) were extracted from the first 500 trees.
3375 rules (length<=3) were extracted from the first 500 trees.
5032 rules (length<=4) were extracted from the first 500 trees.
1978 rules (length<=2) were extracted from the first 500 trees.
3665 rules (length<=3) were extracted from the first 500 trees.
6260 rules (length<=4) were extracted from the first 500 trees.
1994 rules (length<=2) were extracted from the first 500 trees.
3744 rules (length<=3) were extracted from the first 500 trees.
6278 rules (length<=4) were extracted from the first 500 trees.
1982 rules (length<=2) were extracted from the first 500 trees.
3732 rules (length<=3) were extracted from the first 500 trees.
6158 rules (length<=4) were extracted from the first 500 trees.
1992 rules (length<=2) were extracted from the first 500 trees.
3510 rules (length<=3) were extracted from the first 500 trees.
5245 rules (length<=4) were extracted from the first 500 trees.
1898 rules (length<=2) were extracted from the first 500 trees.
3435 rules (length<=3) were extracted from the first 500 trees.
5276 rules (length<=4) were extracted from the first 500 trees.
1990 rules (length<=2) were extracted from the first 500 trees.
3703 rules (length<=3) were extracted from the first 500 trees.
6173 rules (length<=4) were extracted from the first 500 trees.
1986 rules (length<=2) were extracted from the first 500 trees.
3560 rules (length<=3) were extracted from the first 500 trees.
5352 rules (length<=4) were extracted from the first 500 trees.
1936 rules (length<=2) were extracted from the first 500 trees.
2761 rules (length<=3) were extracted from the first 500 trees.
4337 rules (length<=4) were extracted from the first 500 trees.
1978 rules (length<=2) were extracted from the first 500 trees.
3328 rules (length<=3) were extracted from the first 500 trees.
5164 rules (length<=4) were extracted from the first 500 trees.
1993 rules (length<=2) were extracted from the first 500 trees.
3598 rules (length<=3) were extracted from the first 500 trees.
5474 rules (length<=4) were extracted from the first 500 trees.
1976 rules (length<=2) were extracted from the first 500 trees.
3649 rules (length<=3) were extracted from the first 500 trees.
5991 rules (length<=4) were extracted from the first 500 trees.
1961 rules (length<=2) were extracted from the first 500 trees.
3037 rules (length<=3) were extracted from the first 500 trees.
4431 rules (length<=4) were extracted from the first 500 trees.
5768 rules (length<=4) were extracted from the first 500 trees.
Generated and saved 292 indices for fold 1 to: results/instances/original/vectors/pc4_rfRules_all_folds.csv 
Dataset: pc4 
Fold: 1 
Method: rfRules 
Noise level:  10 %
Percentage of altered instances:  10 %
Using 29 indices (first 29 from shuffled list)
Loading noise data from: results/noise_injection/by_dataset/pc4_LOC_CODE_AND_COMMENT_noise0.1.csv 
Using 29 indices for  10 % of instances
Calculate prediction
Confusion matrix
Dataset: pc4 
Fold: 1 
Method: rfRules 
Noise level:  10 %
Percentage of altered instances:  20 %
Using 58 indices (first 58 from shuffled list)
Loading noise data from: results/noise_injection/by_dataset/pc4_LOC_CODE_AND_COMMENT_noise0.1.csv 
Using 58 indices for  20 % of instances
Calculate prediction
Confusion matrix
Dataset: pc4 
Fold: 1 
Method: rfRules 
Noise level:  10 %
Percentage of altered instances:  25 %
Using 73 indices (first 73 from shuffled list)
Loading noise data from: results/noise_injection/by_dataset/pc4_LOC_CODE_AND_COMMENT_noise0.1.csv 
Using 73 indices for  25 % of instances
Calculate prediction
Confusion matrix
Dataset: pc4 
Fold: 1 
Method: rfRules 
Noise level:  10 %
Percentage of altered instances:  30 %
Using 88 indices (first 88 from shuffled list)
Loading noise data from: results/noise_injection/by_dataset/pc4_LOC_CODE_AND_COMMENT_noise0.1.csv 
Using 88 indices for  30 % of instances
Calculate prediction
Confusion matrix
Dataset: pc4 
Fold: 1 
Method: rfRules 
Noise level:  10 %
Percentage of altered instances:  40 %
Using 117 indices (first 117 from shuffled list)
Loading noise data from: results/noise_injection/by_dataset/pc4_LOC_CODE_AND_COMMENT_noise0.1.csv 
Using 117 indices for  40 % of instances
Calculate prediction
Confusion matrix
Dataset: pc4 
Fold: 1 
Method: rfRules 
Noise level:  10 %
Percentage of altered instances:  50 %
Using 146 indices (first 146 from shuffled list)
Loading noise data from: results/noise_injection/by_dataset/pc4_LOC_CODE_AND_COMMENT_noise0.1.csv 
Using 146 indices for  50 % of instances
Calculate prediction
Confusion matrix
Dataset: pc4 
Fold: 1 
Method: rfRules 
Noise level:  10 %
Percentage of altered instances:  60 %
Using 175 indices (first 175 from shuffled list)
Loading noise data from: results/noise_injection/by_dataset/pc4_LOC_CODE_AND_COMMENT_noise0.1.csv 
Using 175 indices for  60 % of instances
Calculate prediction
Confusion matrix
Dataset: pc4 
Fold: 1 
Method: rfRules 
Noise level:  10 %
Percentage of altered instances:  70 %
Using 204 indices (first 204 from shuffled list)
Loading noise data from: results/noise_injection/by_dataset/pc4_LOC_CODE_AND_COMMENT_noise0.1.csv 
Using 204 indices for  70 % of instances
Calculate prediction
Confusion matrix
Dataset: pc4 
Fold: 1 
Method: rfRules 
Noise level:  10 %
Percentage of altered instances:  75 %
Using 219 indices (first 219 from shuffled list)
Loading noise data from: results/noise_injection/by_dataset/pc4_LOC_CODE_AND_COMMENT_noise0.1.csv 
Using 219 indices for  75 % of instances
Calculate prediction
Confusion matrix
Dataset: pc4 
Fold: 1 
Method: rfRules 
Noise level:  10 %
Percentage of altered instances:  80 %
Using 234 indices (first 234 from shuffled list)
Loading noise data from: results/noise_injection/by_dataset/pc4_LOC_CODE_AND_COMMENT_noise0.1.csv 
Using 234 indices for  80 % of instances
Calculate prediction
Confusion matrix
Dataset: pc4 
Fold: 1 
Method: rfRules 
Noise level:  10 %
Percentage of altered instances:  90 %
Using 263 indices (first 263 from shuffled list)
Loading noise data from: results/noise_injection/by_dataset/pc4_LOC_CODE_AND_COMMENT_noise0.1.csv 
Using 263 indices for  90 % of instances
Calculate prediction
Confusion matrix
Dataset: pc4 
Fold: 1 
Method: rfRules 
Noise level:  10 %
Percentage of altered instances:  100 %
Using 292 indices (first 292 from shuffled list)
Loading noise data from: results/noise_injection/by_dataset/pc4_LOC_CODE_AND_COMMENT_noise0.1.csv 
Using 292 indices for  100 % of instances
Calculate prediction
Confusion matrix
Dataset: pc4 
Fold: 1 
Method: rfRules 
Noise level:  20 %
Percentage of altered instances:  10 %
Using 29 indices (first 29 from shuffled list)
Loading noise data from: results/noise_injection/by_dataset/pc4_LOC_CODE_AND_COMMENT_noise0.2.csv 
Using 29 indices for  10 % of instances
Calculate prediction
Confusion matrix
Dataset: pc4 
Fold: 1 
Method: rfRules 
Noise level:  20 %
Percentage of altered instances:  20 %
Using 58 indices (first 58 from shuffled list)
Loading noise data from: results/noise_injection/by_dataset/pc4_LOC_CODE_AND_COMMENT_noise0.2.csv 
Using 58 indices for  20 % of instances
Calculate prediction
Confusion matrix
Dataset: pc4 
Fold: 1 
Method: rfRules 
Noise level:  20 %
Percentage of altered instances:  25 %
Using 73 indices (first 73 from shuffled list)
Loading noise data from: results/noise_injection/by_dataset/pc4_LOC_CODE_AND_COMMENT_noise0.2.csv 
Using 73 indices for  25 % of instances
Calculate prediction
Confusion matrix
Dataset: pc4 
Fold: 1 
Method: rfRules 
Noise level:  20 %
Percentage of altered instances:  30 %
Using 88 indices (first 88 from shuffled list)
Loading noise data from: results/noise_injection/by_dataset/pc4_LOC_CODE_AND_COMMENT_noise0.2.csv 
Using 88 indices for  30 % of instances
Calculate prediction
Confusion matrix
Dataset: pc4 
Fold: 1 
Method: rfRules 
Noise level:  20 %
Percentage of altered instances:  40 %
Using 117 indices (first 117 from shuffled list)
Loading noise data from: results/noise_injection/by_dataset/pc4_LOC_CODE_AND_COMMENT_noise0.2.csv 
Using 117 indices for  40 % of instances
Calculate prediction
Confusion matrix
Dataset: pc4 
Fold: 1 
Method: rfRules 
Noise level:  20 %
Percentage of altered instances:  50 %
Using 146 indices (first 146 from shuffled list)
Loading noise data from: results/noise_injection/by_dataset/pc4_LOC_CODE_AND_COMMENT_noise0.2.csv 
Using 146 indices for  50 % of instances
Calculate prediction
Confusion matrix
Dataset: pc4 
Fold: 1 
Method: rfRules 
Noise level:  20 %
Percentage of altered instances:  60 %
Using 175 indices (first 175 from shuffled list)
Loading noise data from: results/noise_injection/by_dataset/pc4_LOC_CODE_AND_COMMENT_noise0.2.csv 
Using 175 indices for  60 % of instances
Calculate prediction
Confusion matrix
Dataset: pc4 
Fold: 1 
Method: rfRules 
Noise level:  20 %
Percentage of altered instances:  70 %
Using 204 indices (first 204 from shuffled list)
Loading noise data from: results/noise_injection/by_dataset/pc4_LOC_CODE_AND_COMMENT_noise0.2.csv 
Using 204 indices for  70 % of instances
Calculate prediction
Confusion matrix
Dataset: pc4 
Fold: 1 
Method: rfRules 
Noise level:  20 %
Percentage of altered instances:  75 %
Using 219 indices (first 219 from shuffled list)
Loading noise data from: results/noise_injection/by_dataset/pc4_LOC_CODE_AND_COMMENT_noise0.2.csv 
Using 219 indices for  75 % of instances
Calculate prediction
Confusion matrix
Dataset: pc4 
Fold: 1 
Method: rfRules 
Noise level:  20 %
Percentage of altered instances:  80 %
Using 234 indices (first 234 from shuffled list)
Loading noise data from: results/noise_injection/by_dataset/pc4_LOC_CODE_AND_COMMENT_noise0.2.csv 
Using 234 indices for  80 % of instances
Calculate prediction
Confusion matrix
Dataset: pc4 
Fold: 1 
Method: rfRules 
Noise level:  20 %
Percentage of altered instances:  90 %
Using 263 indices (first 263 from shuffled list)
Loading noise data from: results/noise_injection/by_dataset/pc4_LOC_CODE_AND_COMMENT_noise0.2.csv 
Using 263 indices for  90 % of instances
Calculate prediction
Confusion matrix
Dataset: pc4 
Fold: 1 
Method: rfRules 
Noise level:  20 %
Percentage of altered instances:  100 %
Using 292 indices (first 292 from shuffled list)
Loading noise data from: results/noise_injection/by_dataset/pc4_LOC_CODE_AND_COMMENT_noise0.2.csv 
Using 292 indices for  100 % of instances
Calculate prediction
Confusion matrix
Dataset: pc4 
Fold: 1 
Method: rfRules 
Noise level:  30 %
Percentage of altered instances:  10 %
Using 29 indices (first 29 from shuffled list)
Loading noise data from: results/noise_injection/by_dataset/pc4_LOC_CODE_AND_COMMENT_noise0.3.csv 
Using 29 indices for  10 % of instances
Calculate prediction
Confusion matrix
Dataset: pc4 
Fold: 1 
Method: rfRules 
Noise level:  30 %
Percentage of altered instances:  20 %
Using 58 indices (first 58 from shuffled list)
Loading noise data from: results/noise_injection/by_dataset/pc4_LOC_CODE_AND_COMMENT_noise0.3.csv 
Using 58 indices for  20 % of instances
Calculate prediction
Confusion matrix
Dataset: pc4 
Fold: 1 
Method: rfRules 
Noise level:  30 %
Percentage of altered instances:  25 %
Using 73 indices (first 73 from shuffled list)
Loading noise data from: results/noise_injection/by_dataset/pc4_LOC_CODE_AND_COMMENT_noise0.3.csv 
Using 73 indices for  25 % of instances
Calculate prediction
Confusion matrix
Dataset: pc4 
Fold: 1 
Method: rfRules 
Noise level:  30 %
Percentage of altered instances:  30 %
Using 88 indices (first 88 from shuffled list)
Loading noise data from: results/noise_injection/by_dataset/pc4_LOC_CODE_AND_COMMENT_noise0.3.csv 
Using 88 indices for  30 % of instances
Calculate prediction
Confusion matrix
Dataset: pc4 
Fold: 1 
Method: rfRules 
Noise level:  30 %
Percentage of altered instances:  40 %
Using 117 indices (first 117 from shuffled list)
Loading noise data from: results/noise_injection/by_dataset/pc4_LOC_CODE_AND_COMMENT_noise0.3.csv 
Using 117 indices for  40 % of instances
Calculate prediction
Confusion matrix
Dataset: pc4 
Fold: 1 
Method: rfRules 
Noise level:  30 %
Percentage of altered instances:  50 %
Using 146 indices (first 146 from shuffled list)
Loading noise data from: results/noise_injection/by_dataset/pc4_LOC_CODE_AND_COMMENT_noise0.3.csv 
Using 146 indices for  50 % of instances
Calculate prediction
Confusion matrix
Dataset: pc4 
Fold: 1 
Method: rfRules 
Noise level:  30 %
Percentage of altered instances:  60 %
Using 175 indices (first 175 from shuffled list)
Loading noise data from: results/noise_injection/by_dataset/pc4_LOC_CODE_AND_COMMENT_noise0.3.csv 
Using 175 indices for  60 % of instances
Calculate prediction
Confusion matrix
Dataset: pc4 
Fold: 1 
Method: rfRules 
Noise level:  30 %
Percentage of altered instances:  70 %
Using 204 indices (first 204 from shuffled list)
Loading noise data from: results/noise_injection/by_dataset/pc4_LOC_CODE_AND_COMMENT_noise0.3.csv 
Using 204 indices for  70 % of instances
Calculate prediction
Confusion matrix
Dataset: pc4 
Fold: 1 
Method: rfRules 
Noise level:  30 %
Percentage of altered instances:  75 %
Using 219 indices (first 219 from shuffled list)
Loading noise data from: results/noise_injection/by_dataset/pc4_LOC_CODE_AND_COMMENT_noise0.3.csv 
Using 219 indices for  75 % of instances
Calculate prediction
Confusion matrix
Dataset: pc4 
Fold: 1 
Method: rfRules 
Noise level:  30 %
Percentage of altered instances:  80 %
Using 234 indices (first 234 from shuffled list)
Loading noise data from: results/noise_injection/by_dataset/pc4_LOC_CODE_AND_COMMENT_noise0.3.csv 
Using 234 indices for  80 % of instances
Calculate prediction
Confusion matrix
Dataset: pc4 
Fold: 1 
Method: rfRules 
Noise level:  30 %
Percentage of altered instances:  90 %
Using 263 indices (first 263 from shuffled list)
Loading noise data from: results/noise_injection/by_dataset/pc4_LOC_CODE_AND_COMMENT_noise0.3.csv 
Using 263 indices for  90 % of instances
Calculate prediction
Confusion matrix
Dataset: pc4 
Fold: 1 
Method: rfRules 
Noise level:  30 %
Percentage of altered instances:  100 %
Using 292 indices (first 292 from shuffled list)
Loading noise data from: results/noise_injection/by_dataset/pc4_LOC_CODE_AND_COMMENT_noise0.3.csv 
Using 292 indices for  100 % of instances
Calculate prediction
Confusion matrix
Dataset: pc4 
Fold: 1 
Method: rfRules 
Noise level:  40 %
Percentage of altered instances:  10 %
Using 29 indices (first 29 from shuffled list)
Loading noise data from: results/noise_injection/by_dataset/pc4_LOC_CODE_AND_COMMENT_noise0.4.csv 
Using 29 indices for  10 % of instances
Calculate prediction
Confusion matrix
Dataset: pc4 
Fold: 1 
Method: rfRules 
Noise level:  40 %
Percentage of altered instances:  20 %
Using 58 indices (first 58 from shuffled list)
Loading noise data from: results/noise_injection/by_dataset/pc4_LOC_CODE_AND_COMMENT_noise0.4.csv 
Using 58 indices for  20 % of instances
Calculate prediction
Confusion matrix
Dataset: pc4 
Fold: 1 
Method: rfRules 
Noise level:  40 %
Percentage of altered instances:  25 %
Using 73 indices (first 73 from shuffled list)
Loading noise data from: results/noise_injection/by_dataset/pc4_LOC_CODE_AND_COMMENT_noise0.4.csv 
Using 73 indices for  25 % of instances
Calculate prediction
Confusion matrix
Dataset: pc4 
Fold: 1 
Method: rfRules 
Noise level:  40 %
Percentage of altered instances:  30 %
Using 88 indices (first 88 from shuffled list)
Loading noise data from: results/noise_injection/by_dataset/pc4_LOC_CODE_AND_COMMENT_noise0.4.csv 
Using 88 indices for  30 % of instances
Calculate prediction
Confusion matrix
Dataset: pc4 
Fold: 1 
Method: rfRules 
Noise level:  40 %
Percentage of altered instances:  40 %
Using 117 indices (first 117 from shuffled list)
Loading noise data from: results/noise_injection/by_dataset/pc4_LOC_CODE_AND_COMMENT_noise0.4.csv 
Using 117 indices for  40 % of instances
Calculate prediction
Confusion matrix
Dataset: pc4 
Fold: 1 
Method: rfRules 
Noise level:  40 %
Percentage of altered instances:  50 %
Using 146 indices (first 146 from shuffled list)
Loading noise data from: results/noise_injection/by_dataset/pc4_LOC_CODE_AND_COMMENT_noise0.4.csv 
Using 146 indices for  50 % of instances
Calculate prediction
Confusion matrix
Dataset: pc4 
Fold: 1 
Method: rfRules 
Noise level:  40 %
Percentage of altered instances:  60 %
Using 175 indices (first 175 from shuffled list)
Loading noise data from: results/noise_injection/by_dataset/pc4_LOC_CODE_AND_COMMENT_noise0.4.csv 
Using 175 indices for  60 % of instances
Calculate prediction
Confusion matrix
Dataset: pc4 
Fold: 1 
Method: rfRules 
Noise level:  40 %
Percentage of altered instances:  70 %
Using 204 indices (first 204 from shuffled list)
Loading noise data from: results/noise_injection/by_dataset/pc4_LOC_CODE_AND_COMMENT_noise0.4.csv 
Using 204 indices for  70 % of instances
Calculate prediction
Confusion matrix
Dataset: pc4 
Fold: 1 
Method: rfRules 
Noise level:  40 %
Percentage of altered instances:  75 %
Using 219 indices (first 219 from shuffled list)
Loading noise data from: results/noise_injection/by_dataset/pc4_LOC_CODE_AND_COMMENT_noise0.4.csv 
Using 219 indices for  75 % of instances
Calculate prediction
Confusion matrix
Dataset: pc4 
Fold: 1 
Method: rfRules 
Noise level:  40 %
Percentage of altered instances:  80 %
Using 234 indices (first 234 from shuffled list)
Loading noise data from: results/noise_injection/by_dataset/pc4_LOC_CODE_AND_COMMENT_noise0.4.csv 
Using 234 indices for  80 % of instances
Calculate prediction
Confusion matrix
Dataset: pc4 
Fold: 1 
Method: rfRules 
Noise level:  40 %
Percentage of altered instances:  90 %
Using 263 indices (first 263 from shuffled list)
Loading noise data from: results/noise_injection/by_dataset/pc4_LOC_CODE_AND_COMMENT_noise0.4.csv 
Using 263 indices for  90 % of instances
Calculate prediction
Confusion matrix
Dataset: pc4 
Fold: 1 
Method: rfRules 
Noise level:  40 %
Percentage of altered instances:  100 %
Using 292 indices (first 292 from shuffled list)
Loading noise data from: results/noise_injection/by_dataset/pc4_LOC_CODE_AND_COMMENT_noise0.4.csv 
Using 292 indices for  100 % of instances
Calculate prediction
Confusion matrix
Dataset: pc4 
Fold: 1 
Method: rfRules 
Noise level:  50 %
Percentage of altered instances:  10 %
Using 29 indices (first 29 from shuffled list)
Loading noise data from: results/noise_injection/by_dataset/pc4_LOC_CODE_AND_COMMENT_noise0.5.csv 
Using 29 indices for  10 % of instances
Calculate prediction
Confusion matrix
Dataset: pc4 
Fold: 1 
Method: rfRules 
Noise level:  50 %
Percentage of altered instances:  20 %
Using 58 indices (first 58 from shuffled list)
Loading noise data from: results/noise_injection/by_dataset/pc4_LOC_CODE_AND_COMMENT_noise0.5.csv 
Using 58 indices for  20 % of instances
Calculate prediction
Confusion matrix
Dataset: pc4 
Fold: 1 
Method: rfRules 
Noise level:  50 %
Percentage of altered instances:  25 %
Using 73 indices (first 73 from shuffled list)
Loading noise data from: results/noise_injection/by_dataset/pc4_LOC_CODE_AND_COMMENT_noise0.5.csv 
Using 73 indices for  25 % of instances
Calculate prediction
Confusion matrix
Dataset: pc4 
Fold: 1 
Method: rfRules 
Noise level:  50 %
Percentage of altered instances:  30 %
Using 88 indices (first 88 from shuffled list)
Loading noise data from: results/noise_injection/by_dataset/pc4_LOC_CODE_AND_COMMENT_noise0.5.csv 
Using 88 indices for  30 % of instances
Calculate prediction
Confusion matrix
Dataset: pc4 
Fold: 1 
Method: rfRules 
Noise level:  50 %
Percentage of altered instances:  40 %
Using 117 indices (first 117 from shuffled list)
Loading noise data from: results/noise_injection/by_dataset/pc4_LOC_CODE_AND_COMMENT_noise0.5.csv 
Using 117 indices for  40 % of instances
Calculate prediction
Confusion matrix
Dataset: pc4 
Fold: 1 
Method: rfRules 
Noise level:  50 %
Percentage of altered instances:  50 %
Using 146 indices (first 146 from shuffled list)
Loading noise data from: results/noise_injection/by_dataset/pc4_LOC_CODE_AND_COMMENT_noise0.5.csv 
Using 146 indices for  50 % of instances
Calculate prediction
Confusion matrix
Dataset: pc4 
Fold: 1 
Method: rfRules 
Noise level:  50 %
Percentage of altered instances:  60 %
Using 175 indices (first 175 from shuffled list)
Loading noise data from: results/noise_injection/by_dataset/pc4_LOC_CODE_AND_COMMENT_noise0.5.csv 
Using 175 indices for  60 % of instances
Calculate prediction
Confusion matrix
Dataset: pc4 
Fold: 1 
Method: rfRules 
Noise level:  50 %
Percentage of altered instances:  70 %
Using 204 indices (first 204 from shuffled list)
Loading noise data from: results/noise_injection/by_dataset/pc4_LOC_CODE_AND_COMMENT_noise0.5.csv 
Using 204 indices for  70 % of instances
Calculate prediction
Confusion matrix
Dataset: pc4 
Fold: 1 
Method: rfRules 
Noise level:  50 %
Percentage of altered instances:  75 %
Using 219 indices (first 219 from shuffled list)
Loading noise data from: results/noise_injection/by_dataset/pc4_LOC_CODE_AND_COMMENT_noise0.5.csv 
Using 219 indices for  75 % of instances
Calculate prediction
Confusion matrix
Dataset: pc4 
Fold: 1 
Method: rfRules 
Noise level:  50 %
Percentage of altered instances:  80 %
Using 234 indices (first 234 from shuffled list)
Loading noise data from: results/noise_injection/by_dataset/pc4_LOC_CODE_AND_COMMENT_noise0.5.csv 
Using 234 indices for  80 % of instances
Calculate prediction
Confusion matrix
Dataset: pc4 
Fold: 1 
Method: rfRules 
Noise level:  50 %
Percentage of altered instances:  90 %
Using 263 indices (first 263 from shuffled list)
Loading noise data from: results/noise_injection/by_dataset/pc4_LOC_CODE_AND_COMMENT_noise0.5.csv 
Using 263 indices for  90 % of instances
Calculate prediction
Confusion matrix
Dataset: pc4 
Fold: 1 
Method: rfRules 
Noise level:  50 %
Percentage of altered instances:  100 %
Using 292 indices (first 292 from shuffled list)
Loading noise data from: results/noise_injection/by_dataset/pc4_LOC_CODE_AND_COMMENT_noise0.5.csv 
Using 292 indices for  100 % of instances
Calculate prediction
Confusion matrix
Dataset: pc4 
Fold: 1 
Method: rfRules 
Noise level:  60 %
Percentage of altered instances:  10 %
Using 29 indices (first 29 from shuffled list)
Loading noise data from: results/noise_injection/by_dataset/pc4_LOC_CODE_AND_COMMENT_noise0.6.csv 
Using 29 indices for  10 % of instances
Calculate prediction
Confusion matrix
Dataset: pc4 
Fold: 1 
Method: rfRules 
Noise level:  60 %
Percentage of altered instances:  20 %
Using 58 indices (first 58 from shuffled list)
Loading noise data from: results/noise_injection/by_dataset/pc4_LOC_CODE_AND_COMMENT_noise0.6.csv 
Using 58 indices for  20 % of instances
Calculate prediction
Confusion matrix
Dataset: pc4 
Fold: 1 
Method: rfRules 
Noise level:  60 %
Percentage of altered instances:  25 %
Using 73 indices (first 73 from shuffled list)
Loading noise data from: results/noise_injection/by_dataset/pc4_LOC_CODE_AND_COMMENT_noise0.6.csv 
Using 73 indices for  25 % of instances
Calculate prediction
Confusion matrix
Dataset: pc4 
Fold: 1 
Method: rfRules 
Noise level:  60 %
Percentage of altered instances:  30 %
Using 88 indices (first 88 from shuffled list)
Loading noise data from: results/noise_injection/by_dataset/pc4_LOC_CODE_AND_COMMENT_noise0.6.csv 
Using 88 indices for  30 % of instances
Calculate prediction
Confusion matrix
Dataset: pc4 
Fold: 1 
Method: rfRules 
Noise level:  60 %
Percentage of altered instances:  40 %
Using 117 indices (first 117 from shuffled list)
Loading noise data from: results/noise_injection/by_dataset/pc4_LOC_CODE_AND_COMMENT_noise0.6.csv 
Using 117 indices for  40 % of instances
Calculate prediction
Confusion matrix
Dataset: pc4 
Fold: 1 
Method: rfRules 
Noise level:  60 %
Percentage of altered instances:  50 %
Using 146 indices (first 146 from shuffled list)
Loading noise data from: results/noise_injection/by_dataset/pc4_LOC_CODE_AND_COMMENT_noise0.6.csv 
Using 146 indices for  50 % of instances
Calculate prediction
Confusion matrix
Dataset: pc4 
Fold: 1 
Method: rfRules 
Noise level:  60 %
Percentage of altered instances:  60 %
Using 175 indices (first 175 from shuffled list)
Loading noise data from: results/noise_injection/by_dataset/pc4_LOC_CODE_AND_COMMENT_noise0.6.csv 
Using 175 indices for  60 % of instances
Calculate prediction
Confusion matrix
Dataset: pc4 
Fold: 1 
Method: rfRules 
Noise level:  60 %
Percentage of altered instances:  70 %
Using 204 indices (first 204 from shuffled list)
Loading noise data from: results/noise_injection/by_dataset/pc4_LOC_CODE_AND_COMMENT_noise0.6.csv 
Using 204 indices for  70 % of instances
Calculate prediction
Confusion matrix
Dataset: pc4 
Fold: 1 
Method: rfRules 
Noise level:  60 %
Percentage of altered instances:  75 %
Using 219 indices (first 219 from shuffled list)
Loading noise data from: results/noise_injection/by_dataset/pc4_LOC_CODE_AND_COMMENT_noise0.6.csv 
Using 219 indices for  75 % of instances
Calculate prediction
Confusion matrix
Dataset: pc4 
Fold: 1 
Method: rfRules 
Noise level:  60 %
Percentage of altered instances:  80 %
Using 234 indices (first 234 from shuffled list)
Loading noise data from: results/noise_injection/by_dataset/pc4_LOC_CODE_AND_COMMENT_noise0.6.csv 
Using 234 indices for  80 % of instances
Calculate prediction
Confusion matrix
Dataset: pc4 
Fold: 1 
Method: rfRules 
Noise level:  60 %
Percentage of altered instances:  90 %
Using 263 indices (first 263 from shuffled list)
Loading noise data from: results/noise_injection/by_dataset/pc4_LOC_CODE_AND_COMMENT_noise0.6.csv 
Using 263 indices for  90 % of instances
Calculate prediction
Confusion matrix
Dataset: pc4 
Fold: 1 
Method: rfRules 
Noise level:  60 %
Percentage of altered instances:  100 %
Using 292 indices (first 292 from shuffled list)
Loading noise data from: results/noise_injection/by_dataset/pc4_LOC_CODE_AND_COMMENT_noise0.6.csv 
Using 292 indices for  100 % of instances
Calculate prediction
Confusion matrix
Dataset: pc4 
Fold: 1 
Method: rfRules 
Noise level:  70 %
Percentage of altered instances:  10 %
Using 29 indices (first 29 from shuffled list)
Loading noise data from: results/noise_injection/by_dataset/pc4_LOC_CODE_AND_COMMENT_noise0.7.csv 
Using 29 indices for  10 % of instances
Calculate prediction
Confusion matrix
Dataset: pc4 
Fold: 1 
Method: rfRules 
Noise level:  70 %
Percentage of altered instances:  20 %
Using 58 indices (first 58 from shuffled list)
Loading noise data from: results/noise_injection/by_dataset/pc4_LOC_CODE_AND_COMMENT_noise0.7.csv 
Using 58 indices for  20 % of instances
Calculate prediction
Confusion matrix
Dataset: pc4 
Fold: 1 
Method: rfRules 
Noise level:  70 %
Percentage of altered instances:  25 %
Using 73 indices (first 73 from shuffled list)
Loading noise data from: results/noise_injection/by_dataset/pc4_LOC_CODE_AND_COMMENT_noise0.7.csv 
Using 73 indices for  25 % of instances
Calculate prediction
Confusion matrix
Dataset: pc4 
Fold: 1 
Method: rfRules 
Noise level:  70 %
Percentage of altered instances:  30 %
Using 88 indices (first 88 from shuffled list)
Loading noise data from: results/noise_injection/by_dataset/pc4_LOC_CODE_AND_COMMENT_noise0.7.csv 
Using 88 indices for  30 % of instances
Calculate prediction
Confusion matrix
Dataset: pc4 
Fold: 1 
Method: rfRules 
Noise level:  70 %
Percentage of altered instances:  40 %
Using 117 indices (first 117 from shuffled list)
Loading noise data from: results/noise_injection/by_dataset/pc4_LOC_CODE_AND_COMMENT_noise0.7.csv 
Using 117 indices for  40 % of instances
Calculate prediction
Confusion matrix
Dataset: pc4 
Fold: 1 
Method: rfRules 
Noise level:  70 %
Percentage of altered instances:  50 %
Using 146 indices (first 146 from shuffled list)
Loading noise data from: results/noise_injection/by_dataset/pc4_LOC_CODE_AND_COMMENT_noise0.7.csv 
Using 146 indices for  50 % of instances
Calculate prediction
Confusion matrix
Dataset: pc4 
Fold: 1 
Method: rfRules 
Noise level:  70 %
Percentage of altered instances:  60 %
Using 175 indices (first 175 from shuffled list)
Loading noise data from: results/noise_injection/by_dataset/pc4_LOC_CODE_AND_COMMENT_noise0.7.csv 
Using 175 indices for  60 % of instances
Calculate prediction
Confusion matrix
Dataset: pc4 
Fold: 1 
Method: rfRules 
Noise level:  70 %
Percentage of altered instances:  70 %
Using 204 indices (first 204 from shuffled list)
Loading noise data from: results/noise_injection/by_dataset/pc4_LOC_CODE_AND_COMMENT_noise0.7.csv 
Using 204 indices for  70 % of instances
Calculate prediction
Confusion matrix
Dataset: pc4 
Fold: 1 
Method: rfRules 
Noise level:  70 %
Percentage of altered instances:  75 %
Using 219 indices (first 219 from shuffled list)
Loading noise data from: results/noise_injection/by_dataset/pc4_LOC_CODE_AND_COMMENT_noise0.7.csv 
Using 219 indices for  75 % of instances
Calculate prediction
Confusion matrix
Dataset: pc4 
Fold: 1 
Method: rfRules 
Noise level:  70 %
Percentage of altered instances:  80 %
Using 234 indices (first 234 from shuffled list)
Loading noise data from: results/noise_injection/by_dataset/pc4_LOC_CODE_AND_COMMENT_noise0.7.csv 
Using 234 indices for  80 % of instances
Calculate prediction
Confusion matrix
Dataset: pc4 
Fold: 1 
Method: rfRules 
Noise level:  70 %
Percentage of altered instances:  90 %
Using 263 indices (first 263 from shuffled list)
Loading noise data from: results/noise_injection/by_dataset/pc4_LOC_CODE_AND_COMMENT_noise0.7.csv 
Using 263 indices for  90 % of instances
Calculate prediction
Confusion matrix
Dataset: pc4 
Fold: 1 
Method: rfRules 
Noise level:  70 %
Percentage of altered instances:  100 %
Using 292 indices (first 292 from shuffled list)
Loading noise data from: results/noise_injection/by_dataset/pc4_LOC_CODE_AND_COMMENT_noise0.7.csv 
Using 292 indices for  100 % of instances
Calculate prediction
Confusion matrix
Dataset: pc4 
Fold: 1 
Method: rfRules 
Noise level:  80 %
Percentage of altered instances:  10 %
Using 29 indices (first 29 from shuffled list)
Loading noise data from: results/noise_injection/by_dataset/pc4_LOC_CODE_AND_COMMENT_noise0.8.csv 
Using 29 indices for  10 % of instances
Calculate prediction
Confusion matrix
Dataset: pc4 
Fold: 1 
Method: rfRules 
Noise level:  80 %
Percentage of altered instances:  20 %
Using 58 indices (first 58 from shuffled list)
Loading noise data from: results/noise_injection/by_dataset/pc4_LOC_CODE_AND_COMMENT_noise0.8.csv 
Using 58 indices for  20 % of instances
Calculate prediction
Confusion matrix
Dataset: pc4 
Fold: 1 
Method: rfRules 
Noise level:  80 %
Percentage of altered instances:  25 %
Using 73 indices (first 73 from shuffled list)
Loading noise data from: results/noise_injection/by_dataset/pc4_LOC_CODE_AND_COMMENT_noise0.8.csv 
Using 73 indices for  25 % of instances
Calculate prediction
Confusion matrix
Dataset: pc4 
Fold: 1 
Method: rfRules 
Noise level:  80 %
Percentage of altered instances:  30 %
Using 88 indices (first 88 from shuffled list)
Loading noise data from: results/noise_injection/by_dataset/pc4_LOC_CODE_AND_COMMENT_noise0.8.csv 
Using 88 indices for  30 % of instances
Calculate prediction
Confusion matrix
Dataset: pc4 
Fold: 1 
Method: rfRules 
Noise level:  80 %
Percentage of altered instances:  40 %
Using 117 indices (first 117 from shuffled list)
Loading noise data from: results/noise_injection/by_dataset/pc4_LOC_CODE_AND_COMMENT_noise0.8.csv 
Using 117 indices for  40 % of instances
Calculate prediction
Confusion matrix
Dataset: pc4 
Fold: 1 
Method: rfRules 
Noise level:  80 %
Percentage of altered instances:  50 %
Using 146 indices (first 146 from shuffled list)
Loading noise data from: results/noise_injection/by_dataset/pc4_LOC_CODE_AND_COMMENT_noise0.8.csv 
Using 146 indices for  50 % of instances
Calculate prediction
Confusion matrix
Dataset: pc4 
Fold: 1 
Method: rfRules 
Noise level:  80 %
Percentage of altered instances:  60 %
Using 175 indices (first 175 from shuffled list)
Loading noise data from: results/noise_injection/by_dataset/pc4_LOC_CODE_AND_COMMENT_noise0.8.csv 
Using 175 indices for  60 % of instances
Calculate prediction
Confusion matrix
Dataset: pc4 
Fold: 1 
Method: rfRules 
Noise level:  80 %
Percentage of altered instances:  70 %
Using 204 indices (first 204 from shuffled list)
Loading noise data from: results/noise_injection/by_dataset/pc4_LOC_CODE_AND_COMMENT_noise0.8.csv 
Using 204 indices for  70 % of instances
Calculate prediction
Confusion matrix
Dataset: pc4 
Fold: 1 
Method: rfRules 
Noise level:  80 %
Percentage of altered instances:  75 %
Using 219 indices (first 219 from shuffled list)
Loading noise data from: results/noise_injection/by_dataset/pc4_LOC_CODE_AND_COMMENT_noise0.8.csv 
Using 219 indices for  75 % of instances
Calculate prediction
Confusion matrix
Dataset: pc4 
Fold: 1 
Method: rfRules 
Noise level:  80 %
Percentage of altered instances:  80 %
Using 234 indices (first 234 from shuffled list)
Loading noise data from: results/noise_injection/by_dataset/pc4_LOC_CODE_AND_COMMENT_noise0.8.csv 
Using 234 indices for  80 % of instances
Calculate prediction
Confusion matrix
Dataset: pc4 
Fold: 1 
Method: rfRules 
Noise level:  80 %
Percentage of altered instances:  90 %
Using 263 indices (first 263 from shuffled list)
Loading noise data from: results/noise_injection/by_dataset/pc4_LOC_CODE_AND_COMMENT_noise0.8.csv 
Using 263 indices for  90 % of instances
Calculate prediction
Confusion matrix
Dataset: pc4 
Fold: 1 
Method: rfRules 
Noise level:  80 %
Percentage of altered instances:  100 %
Using 292 indices (first 292 from shuffled list)
Loading noise data from: results/noise_injection/by_dataset/pc4_LOC_CODE_AND_COMMENT_noise0.8.csv 
Using 292 indices for  100 % of instances
Calculate prediction
Confusion matrix
Dataset: pc4 
Fold: 1 
Method: rfRules 
Noise level:  90 %
Percentage of altered instances:  10 %
Using 29 indices (first 29 from shuffled list)
Loading noise data from: results/noise_injection/by_dataset/pc4_LOC_CODE_AND_COMMENT_noise0.9.csv 
Using 29 indices for  10 % of instances
Calculate prediction
Confusion matrix
Dataset: pc4 
Fold: 1 
Method: rfRules 
Noise level:  90 %
Percentage of altered instances:  20 %
Using 58 indices (first 58 from shuffled list)
Loading noise data from: results/noise_injection/by_dataset/pc4_LOC_CODE_AND_COMMENT_noise0.9.csv 
Using 58 indices for  20 % of instances
Calculate prediction
Confusion matrix
Dataset: pc4 
Fold: 1 
Method: rfRules 
Noise level:  90 %
Percentage of altered instances:  25 %
Using 73 indices (first 73 from shuffled list)
Loading noise data from: results/noise_injection/by_dataset/pc4_LOC_CODE_AND_COMMENT_noise0.9.csv 
Using 73 indices for  25 % of instances
Calculate prediction
Confusion matrix
Dataset: pc4 
Fold: 1 
Method: rfRules 
Noise level:  90 %
Percentage of altered instances:  30 %
Using 88 indices (first 88 from shuffled list)
Loading noise data from: results/noise_injection/by_dataset/pc4_LOC_CODE_AND_COMMENT_noise0.9.csv 
Using 88 indices for  30 % of instances
Calculate prediction
Confusion matrix
Dataset: pc4 
Fold: 1 
Method: rfRules 
Noise level:  90 %
Percentage of altered instances:  40 %
Using 117 indices (first 117 from shuffled list)
Loading noise data from: results/noise_injection/by_dataset/pc4_LOC_CODE_AND_COMMENT_noise0.9.csv 
Using 117 indices for  40 % of instances
Calculate prediction
Confusion matrix
Dataset: pc4 
Fold: 1 
Method: rfRules 
Noise level:  90 %
Percentage of altered instances:  50 %
Using 146 indices (first 146 from shuffled list)
Loading noise data from: results/noise_injection/by_dataset/pc4_LOC_CODE_AND_COMMENT_noise0.9.csv 
Using 146 indices for  50 % of instances
Calculate prediction
Confusion matrix
Dataset: pc4 
Fold: 1 
Method: rfRules 
Noise level:  90 %
Percentage of altered instances:  60 %
Using 175 indices (first 175 from shuffled list)
Loading noise data from: results/noise_injection/by_dataset/pc4_LOC_CODE_AND_COMMENT_noise0.9.csv 
Using 175 indices for  60 % of instances
Calculate prediction
Confusion matrix
Dataset: pc4 
Fold: 1 
Method: rfRules 
Noise level:  90 %
Percentage of altered instances:  70 %
Using 204 indices (first 204 from shuffled list)
Loading noise data from: results/noise_injection/by_dataset/pc4_LOC_CODE_AND_COMMENT_noise0.9.csv 
Using 204 indices for  70 % of instances
Calculate prediction
Confusion matrix
Dataset: pc4 
Fold: 1 
Method: rfRules 
Noise level:  90 %
Percentage of altered instances:  75 %
Using 219 indices (first 219 from shuffled list)
Loading noise data from: results/noise_injection/by_dataset/pc4_LOC_CODE_AND_COMMENT_noise0.9.csv 
Using 219 indices for  75 % of instances
Calculate prediction
Confusion matrix
Dataset: pc4 
Fold: 1 
Method: rfRules 
Noise level:  90 %
Percentage of altered instances:  80 %
Using 234 indices (first 234 from shuffled list)
Loading noise data from: results/noise_injection/by_dataset/pc4_LOC_CODE_AND_COMMENT_noise0.9.csv 
Using 234 indices for  80 % of instances
Calculate prediction
Confusion matrix
Dataset: pc4 
Fold: 1 
Method: rfRules 
Noise level:  90 %
Percentage of altered instances:  90 %
Using 263 indices (first 263 from shuffled list)
Loading noise data from: results/noise_injection/by_dataset/pc4_LOC_CODE_AND_COMMENT_noise0.9.csv 
Using 263 indices for  90 % of instances
Calculate prediction
Confusion matrix
Dataset: pc4 
Fold: 1 
Method: rfRules 
Noise level:  90 %
Percentage of altered instances:  100 %
Using 292 indices (first 292 from shuffled list)
Loading noise data from: results/noise_injection/by_dataset/pc4_LOC_CODE_AND_COMMENT_noise0.9.csv 
Using 292 indices for  100 % of instances
Calculate prediction
Confusion matrix
Dataset: pc4 
Fold: 1 
Method: rfRules 
Noise level:  100 %
Percentage of altered instances:  10 %
Using 29 indices (first 29 from shuffled list)
Loading noise data from: results/noise_injection/by_dataset/pc4_LOC_CODE_AND_COMMENT_noise1.csv 
Using 29 indices for  10 % of instances
Calculate prediction
Confusion matrix
Dataset: pc4 
Fold: 1 
Method: rfRules 
Noise level:  100 %
Percentage of altered instances:  20 %
Using 58 indices (first 58 from shuffled list)
Loading noise data from: results/noise_injection/by_dataset/pc4_LOC_CODE_AND_COMMENT_noise1.csv 
Using 58 indices for  20 % of instances
Calculate prediction
Confusion matrix
Dataset: pc4 
Fold: 1 
Method: rfRules 
Noise level:  100 %
Percentage of altered instances:  25 %
Using 73 indices (first 73 from shuffled list)
Loading noise data from: results/noise_injection/by_dataset/pc4_LOC_CODE_AND_COMMENT_noise1.csv 
Using 73 indices for  25 % of instances
Calculate prediction
Confusion matrix
Dataset: pc4 
Fold: 1 
Method: rfRules 
Noise level:  100 %
Percentage of altered instances:  30 %
Using 88 indices (first 88 from shuffled list)
Loading noise data from: results/noise_injection/by_dataset/pc4_LOC_CODE_AND_COMMENT_noise1.csv 
Using 88 indices for  30 % of instances
Calculate prediction
Confusion matrix
Dataset: pc4 
Fold: 1 
Method: rfRules 
Noise level:  100 %
Percentage of altered instances:  40 %
Using 117 indices (first 117 from shuffled list)
Loading noise data from: results/noise_injection/by_dataset/pc4_LOC_CODE_AND_COMMENT_noise1.csv 
Using 117 indices for  40 % of instances
Calculate prediction
Confusion matrix
Dataset: pc4 
Fold: 1 
Method: rfRules 
Noise level:  100 %
Percentage of altered instances:  50 %
Using 146 indices (first 146 from shuffled list)
Loading noise data from: results/noise_injection/by_dataset/pc4_LOC_CODE_AND_COMMENT_noise1.csv 
Using 146 indices for  50 % of instances
Calculate prediction
Confusion matrix
Dataset: pc4 
Fold: 1 
Method: rfRules 
Noise level:  100 %
Percentage of altered instances:  60 %
Using 175 indices (first 175 from shuffled list)
Loading noise data from: results/noise_injection/by_dataset/pc4_LOC_CODE_AND_COMMENT_noise1.csv 
Using 175 indices for  60 % of instances
Calculate prediction
Confusion matrix
Dataset: pc4 
Fold: 1 
Method: rfRules 
Noise level:  100 %
Percentage of altered instances:  70 %
Using 204 indices (first 204 from shuffled list)
Loading noise data from: results/noise_injection/by_dataset/pc4_LOC_CODE_AND_COMMENT_noise1.csv 
Using 204 indices for  70 % of instances
Calculate prediction
Confusion matrix
Dataset: pc4 
Fold: 1 
Method: rfRules 
Noise level:  100 %
Percentage of altered instances:  75 %
Using 219 indices (first 219 from shuffled list)
Loading noise data from: results/noise_injection/by_dataset/pc4_LOC_CODE_AND_COMMENT_noise1.csv 
Using 219 indices for  75 % of instances
Calculate prediction
Confusion matrix
Dataset: pc4 
Fold: 1 
Method: rfRules 
Noise level:  100 %
Percentage of altered instances:  80 %
Using 234 indices (first 234 from shuffled list)
Loading noise data from: results/noise_injection/by_dataset/pc4_LOC_CODE_AND_COMMENT_noise1.csv 
Using 234 indices for  80 % of instances
Calculate prediction
Confusion matrix
Dataset: pc4 
Fold: 1 
Method: rfRules 
Noise level:  100 %
Percentage of altered instances:  90 %
Using 263 indices (first 263 from shuffled list)
Loading noise data from: results/noise_injection/by_dataset/pc4_LOC_CODE_AND_COMMENT_noise1.csv 
Using 263 indices for  90 % of instances
Calculate prediction
Confusion matrix
Dataset: pc4 
Fold: 1 
Method: rfRules 
Noise level:  100 %
Percentage of altered instances:  100 %
Using 292 indices (first 292 from shuffled list)
Loading noise data from: results/noise_injection/by_dataset/pc4_LOC_CODE_AND_COMMENT_noise1.csv 
Using 292 indices for  100 % of instances
Calculate prediction
Confusion matrix
Training model on clean data
1966 rules (length<=2) were extracted from the first 500 trees.
3170 rules (length<=3) were extracted from the first 500 trees.
4980 rules (length<=4) were extracted from the first 500 trees.
1995 rules (length<=2) were extracted from the first 500 trees.
3601 rules (length<=3) were extracted from the first 500 trees.
5359 rules (length<=4) were extracted from the first 500 trees.
1996 rules (length<=2) were extracted from the first 500 trees.
3790 rules (length<=3) were extracted from the first 500 trees.
6291 rules (length<=4) were extracted from the first 500 trees.
1974 rules (length<=2) were extracted from the first 500 trees.
3200 rules (length<=3) were extracted from the first 500 trees.
4643 rules (length<=4) were extracted from the first 500 trees.
1992 rules (length<=2) were extracted from the first 500 trees.
3715 rules (length<=3) were extracted from the first 500 trees.
5762 rules (length<=4) were extracted from the first 500 trees.
1972 rules (length<=2) were extracted from the first 500 trees.
3362 rules (length<=3) were extracted from the first 500 trees.
5518 rules (length<=4) were extracted from the first 500 trees.
1975 rules (length<=2) were extracted from the first 500 trees.
3367 rules (length<=3) were extracted from the first 500 trees.
5226 rules (length<=4) were extracted from the first 500 trees.
1988 rules (length<=2) were extracted from the first 500 trees.
3518 rules (length<=3) were extracted from the first 500 trees.
5556 rules (length<=4) were extracted from the first 500 trees.
1976 rules (length<=2) were extracted from the first 500 trees.
3405 rules (length<=3) were extracted from the first 500 trees.
5305 rules (length<=4) were extracted from the first 500 trees.
1972 rules (length<=2) were extracted from the first 500 trees.
3069 rules (length<=3) were extracted from the first 500 trees.
4653 rules (length<=4) were extracted from the first 500 trees.
1984 rules (length<=2) were extracted from the first 500 trees.
3421 rules (length<=3) were extracted from the first 500 trees.
5134 rules (length<=4) were extracted from the first 500 trees.
1996 rules (length<=2) were extracted from the first 500 trees.
3685 rules (length<=3) were extracted from the first 500 trees.
5590 rules (length<=4) were extracted from the first 500 trees.
1998 rules (length<=2) were extracted from the first 500 trees.
3820 rules (length<=3) were extracted from the first 500 trees.
6010 rules (length<=4) were extracted from the first 500 trees.
1991 rules (length<=2) were extracted from the first 500 trees.
3646 rules (length<=3) were extracted from the first 500 trees.
5898 rules (length<=4) were extracted from the first 500 trees.
1994 rules (length<=2) were extracted from the first 500 trees.
3694 rules (length<=3) were extracted from the first 500 trees.
6046 rules (length<=4) were extracted from the first 500 trees.
1986 rules (length<=2) were extracted from the first 500 trees.
3433 rules (length<=3) were extracted from the first 500 trees.
5180 rules (length<=4) were extracted from the first 500 trees.
1989 rules (length<=2) were extracted from the first 500 trees.
3370 rules (length<=3) were extracted from the first 500 trees.
4996 rules (length<=4) were extracted from the first 500 trees.
1997 rules (length<=2) were extracted from the first 500 trees.
3696 rules (length<=3) were extracted from the first 500 trees.
5906 rules (length<=4) were extracted from the first 500 trees.
1969 rules (length<=2) were extracted from the first 500 trees.
3198 rules (length<=3) were extracted from the first 500 trees.
4413 rules (length<=4) were extracted from the first 500 trees.
1984 rules (length<=2) were extracted from the first 500 trees.
3632 rules (length<=3) were extracted from the first 500 trees.
5714 rules (length<=4) were extracted from the first 500 trees.
1996 rules (length<=2) were extracted from the first 500 trees.
3623 rules (length<=3) were extracted from the first 500 trees.
5411 rules (length<=4) were extracted from the first 500 trees.
1996 rules (length<=2) were extracted from the first 500 trees.
3682 rules (length<=3) were extracted from the first 500 trees.
5970 rules (length<=4) were extracted from the first 500 trees.
1977 rules (length<=2) were extracted from the first 500 trees.
3138 rules (length<=3) were extracted from the first 500 trees.
4914 rules (length<=4) were extracted from the first 500 trees.
1980 rules (length<=2) were extracted from the first 500 trees.
3382 rules (length<=3) were extracted from the first 500 trees.
5276 rules (length<=4) were extracted from the first 500 trees.
1990 rules (length<=2) were extracted from the first 500 trees.
3333 rules (length<=3) were extracted from the first 500 trees.
4849 rules (length<=4) were extracted from the first 500 trees.
3629 rules (length<=3) were extracted from the first 500 trees.
Generated and appended 292 indices for fold 2 to: results/instances/original/vectors/pc4_rfRules_all_folds.csv 
Dataset: pc4 
Fold: 2 
Method: rfRules 
Noise level:  10 %
Percentage of altered instances:  10 %
Using 29 indices (first 29 from shuffled list)
Loading noise data from: results/noise_injection/by_dataset/pc4_LOC_CODE_AND_COMMENT_noise0.1.csv 
Using 29 indices for  10 % of instances
Calculate prediction
Confusion matrix
Dataset: pc4 
Fold: 2 
Method: rfRules 
Noise level:  10 %
Percentage of altered instances:  20 %
Using 58 indices (first 58 from shuffled list)
Loading noise data from: results/noise_injection/by_dataset/pc4_LOC_CODE_AND_COMMENT_noise0.1.csv 
Using 58 indices for  20 % of instances
Calculate prediction
Confusion matrix
Dataset: pc4 
Fold: 2 
Method: rfRules 
Noise level:  10 %
Percentage of altered instances:  25 %
Using 73 indices (first 73 from shuffled list)
Loading noise data from: results/noise_injection/by_dataset/pc4_LOC_CODE_AND_COMMENT_noise0.1.csv 
Using 73 indices for  25 % of instances
Calculate prediction
Confusion matrix
Dataset: pc4 
Fold: 2 
Method: rfRules 
Noise level:  10 %
Percentage of altered instances:  30 %
Using 88 indices (first 88 from shuffled list)
Loading noise data from: results/noise_injection/by_dataset/pc4_LOC_CODE_AND_COMMENT_noise0.1.csv 
Using 88 indices for  30 % of instances
Calculate prediction
Confusion matrix
Dataset: pc4 
Fold: 2 
Method: rfRules 
Noise level:  10 %
Percentage of altered instances:  40 %
Using 117 indices (first 117 from shuffled list)
Loading noise data from: results/noise_injection/by_dataset/pc4_LOC_CODE_AND_COMMENT_noise0.1.csv 
Using 117 indices for  40 % of instances
Calculate prediction
Confusion matrix
Dataset: pc4 
Fold: 2 
Method: rfRules 
Noise level:  10 %
Percentage of altered instances:  50 %
Using 146 indices (first 146 from shuffled list)
Loading noise data from: results/noise_injection/by_dataset/pc4_LOC_CODE_AND_COMMENT_noise0.1.csv 
Using 146 indices for  50 % of instances
Calculate prediction
Confusion matrix
Dataset: pc4 
Fold: 2 
Method: rfRules 
Noise level:  10 %
Percentage of altered instances:  60 %
Using 175 indices (first 175 from shuffled list)
Loading noise data from: results/noise_injection/by_dataset/pc4_LOC_CODE_AND_COMMENT_noise0.1.csv 
Using 175 indices for  60 % of instances
Calculate prediction
Confusion matrix
Dataset: pc4 
Fold: 2 
Method: rfRules 
Noise level:  10 %
Percentage of altered instances:  70 %
Using 204 indices (first 204 from shuffled list)
Loading noise data from: results/noise_injection/by_dataset/pc4_LOC_CODE_AND_COMMENT_noise0.1.csv 
Using 204 indices for  70 % of instances
Calculate prediction
Confusion matrix
Dataset: pc4 
Fold: 2 
Method: rfRules 
Noise level:  10 %
Percentage of altered instances:  75 %
Using 219 indices (first 219 from shuffled list)
Loading noise data from: results/noise_injection/by_dataset/pc4_LOC_CODE_AND_COMMENT_noise0.1.csv 
Using 219 indices for  75 % of instances
Calculate prediction
Confusion matrix
Dataset: pc4 
Fold: 2 
Method: rfRules 
Noise level:  10 %
Percentage of altered instances:  80 %
Using 234 indices (first 234 from shuffled list)
Loading noise data from: results/noise_injection/by_dataset/pc4_LOC_CODE_AND_COMMENT_noise0.1.csv 
Using 234 indices for  80 % of instances
Calculate prediction
Confusion matrix
Dataset: pc4 
Fold: 2 
Method: rfRules 
Noise level:  10 %
Percentage of altered instances:  90 %
Using 263 indices (first 263 from shuffled list)
Loading noise data from: results/noise_injection/by_dataset/pc4_LOC_CODE_AND_COMMENT_noise0.1.csv 
Using 263 indices for  90 % of instances
Calculate prediction
Confusion matrix
Dataset: pc4 
Fold: 2 
Method: rfRules 
Noise level:  10 %
Percentage of altered instances:  100 %
Using 292 indices (first 292 from shuffled list)
Loading noise data from: results/noise_injection/by_dataset/pc4_LOC_CODE_AND_COMMENT_noise0.1.csv 
Using 292 indices for  100 % of instances
Calculate prediction
Confusion matrix
Dataset: pc4 
Fold: 2 
Method: rfRules 
Noise level:  20 %
Percentage of altered instances:  10 %
Using 29 indices (first 29 from shuffled list)
Loading noise data from: results/noise_injection/by_dataset/pc4_LOC_CODE_AND_COMMENT_noise0.2.csv 
Using 29 indices for  10 % of instances
Calculate prediction
Confusion matrix
Dataset: pc4 
Fold: 2 
Method: rfRules 
Noise level:  20 %
Percentage of altered instances:  20 %
Using 58 indices (first 58 from shuffled list)
Loading noise data from: results/noise_injection/by_dataset/pc4_LOC_CODE_AND_COMMENT_noise0.2.csv 
Using 58 indices for  20 % of instances
Calculate prediction
Confusion matrix
Dataset: pc4 
Fold: 2 
Method: rfRules 
Noise level:  20 %
Percentage of altered instances:  25 %
Using 73 indices (first 73 from shuffled list)
Loading noise data from: results/noise_injection/by_dataset/pc4_LOC_CODE_AND_COMMENT_noise0.2.csv 
Using 73 indices for  25 % of instances
Calculate prediction
Confusion matrix
Dataset: pc4 
Fold: 2 
Method: rfRules 
Noise level:  20 %
Percentage of altered instances:  30 %
Using 88 indices (first 88 from shuffled list)
Loading noise data from: results/noise_injection/by_dataset/pc4_LOC_CODE_AND_COMMENT_noise0.2.csv 
Using 88 indices for  30 % of instances
Calculate prediction
Confusion matrix
Dataset: pc4 
Fold: 2 
Method: rfRules 
Noise level:  20 %
Percentage of altered instances:  40 %
Using 117 indices (first 117 from shuffled list)
Loading noise data from: results/noise_injection/by_dataset/pc4_LOC_CODE_AND_COMMENT_noise0.2.csv 
Using 117 indices for  40 % of instances
Calculate prediction
Confusion matrix
Dataset: pc4 
Fold: 2 
Method: rfRules 
Noise level:  20 %
Percentage of altered instances:  50 %
Using 146 indices (first 146 from shuffled list)
Loading noise data from: results/noise_injection/by_dataset/pc4_LOC_CODE_AND_COMMENT_noise0.2.csv 
Using 146 indices for  50 % of instances
Calculate prediction
Confusion matrix
Dataset: pc4 
Fold: 2 
Method: rfRules 
Noise level:  20 %
Percentage of altered instances:  60 %
Using 175 indices (first 175 from shuffled list)
Loading noise data from: results/noise_injection/by_dataset/pc4_LOC_CODE_AND_COMMENT_noise0.2.csv 
Using 175 indices for  60 % of instances
Calculate prediction
Confusion matrix
Dataset: pc4 
Fold: 2 
Method: rfRules 
Noise level:  20 %
Percentage of altered instances:  70 %
Using 204 indices (first 204 from shuffled list)
Loading noise data from: results/noise_injection/by_dataset/pc4_LOC_CODE_AND_COMMENT_noise0.2.csv 
Using 204 indices for  70 % of instances
Calculate prediction
Confusion matrix
Dataset: pc4 
Fold: 2 
Method: rfRules 
Noise level:  20 %
Percentage of altered instances:  75 %
Using 219 indices (first 219 from shuffled list)
Loading noise data from: results/noise_injection/by_dataset/pc4_LOC_CODE_AND_COMMENT_noise0.2.csv 
Using 219 indices for  75 % of instances
Calculate prediction
Confusion matrix
Dataset: pc4 
Fold: 2 
Method: rfRules 
Noise level:  20 %
Percentage of altered instances:  80 %
Using 234 indices (first 234 from shuffled list)
Loading noise data from: results/noise_injection/by_dataset/pc4_LOC_CODE_AND_COMMENT_noise0.2.csv 
Using 234 indices for  80 % of instances
Calculate prediction
Confusion matrix
Dataset: pc4 
Fold: 2 
Method: rfRules 
Noise level:  20 %
Percentage of altered instances:  90 %
Using 263 indices (first 263 from shuffled list)
Loading noise data from: results/noise_injection/by_dataset/pc4_LOC_CODE_AND_COMMENT_noise0.2.csv 
Using 263 indices for  90 % of instances
Calculate prediction
Confusion matrix
Dataset: pc4 
Fold: 2 
Method: rfRules 
Noise level:  20 %
Percentage of altered instances:  100 %
Using 292 indices (first 292 from shuffled list)
Loading noise data from: results/noise_injection/by_dataset/pc4_LOC_CODE_AND_COMMENT_noise0.2.csv 
Using 292 indices for  100 % of instances
Calculate prediction
Confusion matrix
Dataset: pc4 
Fold: 2 
Method: rfRules 
Noise level:  30 %
Percentage of altered instances:  10 %
Using 29 indices (first 29 from shuffled list)
Loading noise data from: results/noise_injection/by_dataset/pc4_LOC_CODE_AND_COMMENT_noise0.3.csv 
Using 29 indices for  10 % of instances
Calculate prediction
Confusion matrix
Dataset: pc4 
Fold: 2 
Method: rfRules 
Noise level:  30 %
Percentage of altered instances:  20 %
Using 58 indices (first 58 from shuffled list)
Loading noise data from: results/noise_injection/by_dataset/pc4_LOC_CODE_AND_COMMENT_noise0.3.csv 
Using 58 indices for  20 % of instances
Calculate prediction
Confusion matrix
Dataset: pc4 
Fold: 2 
Method: rfRules 
Noise level:  30 %
Percentage of altered instances:  25 %
Using 73 indices (first 73 from shuffled list)
Loading noise data from: results/noise_injection/by_dataset/pc4_LOC_CODE_AND_COMMENT_noise0.3.csv 
Using 73 indices for  25 % of instances
Calculate prediction
Confusion matrix
Dataset: pc4 
Fold: 2 
Method: rfRules 
Noise level:  30 %
Percentage of altered instances:  30 %
Using 88 indices (first 88 from shuffled list)
Loading noise data from: results/noise_injection/by_dataset/pc4_LOC_CODE_AND_COMMENT_noise0.3.csv 
Using 88 indices for  30 % of instances
Calculate prediction
Confusion matrix
Dataset: pc4 
Fold: 2 
Method: rfRules 
Noise level:  30 %
Percentage of altered instances:  40 %
Using 117 indices (first 117 from shuffled list)
Loading noise data from: results/noise_injection/by_dataset/pc4_LOC_CODE_AND_COMMENT_noise0.3.csv 
Using 117 indices for  40 % of instances
Calculate prediction
Confusion matrix
Dataset: pc4 
Fold: 2 
Method: rfRules 
Noise level:  30 %
Percentage of altered instances:  50 %
Using 146 indices (first 146 from shuffled list)
Loading noise data from: results/noise_injection/by_dataset/pc4_LOC_CODE_AND_COMMENT_noise0.3.csv 
Using 146 indices for  50 % of instances
Calculate prediction
Confusion matrix
Dataset: pc4 
Fold: 2 
Method: rfRules 
Noise level:  30 %
Percentage of altered instances:  60 %
Using 175 indices (first 175 from shuffled list)
Loading noise data from: results/noise_injection/by_dataset/pc4_LOC_CODE_AND_COMMENT_noise0.3.csv 
Using 175 indices for  60 % of instances
Calculate prediction
Confusion matrix
Dataset: pc4 
Fold: 2 
Method: rfRules 
Noise level:  30 %
Percentage of altered instances:  70 %
Using 204 indices (first 204 from shuffled list)
Loading noise data from: results/noise_injection/by_dataset/pc4_LOC_CODE_AND_COMMENT_noise0.3.csv 
Using 204 indices for  70 % of instances
Calculate prediction
Confusion matrix
Dataset: pc4 
Fold: 2 
Method: rfRules 
Noise level:  30 %
Percentage of altered instances:  75 %
Using 219 indices (first 219 from shuffled list)
Loading noise data from: results/noise_injection/by_dataset/pc4_LOC_CODE_AND_COMMENT_noise0.3.csv 
Using 219 indices for  75 % of instances
Calculate prediction
Confusion matrix
Dataset: pc4 
Fold: 2 
Method: rfRules 
Noise level:  30 %
Percentage of altered instances:  80 %
Using 234 indices (first 234 from shuffled list)
Loading noise data from: results/noise_injection/by_dataset/pc4_LOC_CODE_AND_COMMENT_noise0.3.csv 
Using 234 indices for  80 % of instances
Calculate prediction
Confusion matrix
Dataset: pc4 
Fold: 2 
Method: rfRules 
Noise level:  30 %
Percentage of altered instances:  90 %
Using 263 indices (first 263 from shuffled list)
Loading noise data from: results/noise_injection/by_dataset/pc4_LOC_CODE_AND_COMMENT_noise0.3.csv 
Using 263 indices for  90 % of instances
Calculate prediction
Confusion matrix
Dataset: pc4 
Fold: 2 
Method: rfRules 
Noise level:  30 %
Percentage of altered instances:  100 %
Using 292 indices (first 292 from shuffled list)
Loading noise data from: results/noise_injection/by_dataset/pc4_LOC_CODE_AND_COMMENT_noise0.3.csv 
Using 292 indices for  100 % of instances
Calculate prediction
Confusion matrix
Dataset: pc4 
Fold: 2 
Method: rfRules 
Noise level:  40 %
Percentage of altered instances:  10 %
Using 29 indices (first 29 from shuffled list)
Loading noise data from: results/noise_injection/by_dataset/pc4_LOC_CODE_AND_COMMENT_noise0.4.csv 
Using 29 indices for  10 % of instances
Calculate prediction
Confusion matrix
Dataset: pc4 
Fold: 2 
Method: rfRules 
Noise level:  40 %
Percentage of altered instances:  20 %
Using 58 indices (first 58 from shuffled list)
Loading noise data from: results/noise_injection/by_dataset/pc4_LOC_CODE_AND_COMMENT_noise0.4.csv 
Using 58 indices for  20 % of instances
Calculate prediction
Confusion matrix
Dataset: pc4 
Fold: 2 
Method: rfRules 
Noise level:  40 %
Percentage of altered instances:  25 %
Using 73 indices (first 73 from shuffled list)
Loading noise data from: results/noise_injection/by_dataset/pc4_LOC_CODE_AND_COMMENT_noise0.4.csv 
Using 73 indices for  25 % of instances
Calculate prediction
Confusion matrix
Dataset: pc4 
Fold: 2 
Method: rfRules 
Noise level:  40 %
Percentage of altered instances:  30 %
Using 88 indices (first 88 from shuffled list)
Loading noise data from: results/noise_injection/by_dataset/pc4_LOC_CODE_AND_COMMENT_noise0.4.csv 
Using 88 indices for  30 % of instances
Calculate prediction
Confusion matrix
Dataset: pc4 
Fold: 2 
Method: rfRules 
Noise level:  40 %
Percentage of altered instances:  40 %
Using 117 indices (first 117 from shuffled list)
Loading noise data from: results/noise_injection/by_dataset/pc4_LOC_CODE_AND_COMMENT_noise0.4.csv 
Using 117 indices for  40 % of instances
Calculate prediction
Confusion matrix
Dataset: pc4 
Fold: 2 
Method: rfRules 
Noise level:  40 %
Percentage of altered instances:  50 %
Using 146 indices (first 146 from shuffled list)
Loading noise data from: results/noise_injection/by_dataset/pc4_LOC_CODE_AND_COMMENT_noise0.4.csv 
Using 146 indices for  50 % of instances
Calculate prediction
Confusion matrix
Dataset: pc4 
Fold: 2 
Method: rfRules 
Noise level:  40 %
Percentage of altered instances:  60 %
Using 175 indices (first 175 from shuffled list)
Loading noise data from: results/noise_injection/by_dataset/pc4_LOC_CODE_AND_COMMENT_noise0.4.csv 
Using 175 indices for  60 % of instances
Calculate prediction
Confusion matrix
Dataset: pc4 
Fold: 2 
Method: rfRules 
Noise level:  40 %
Percentage of altered instances:  70 %
Using 204 indices (first 204 from shuffled list)
Loading noise data from: results/noise_injection/by_dataset/pc4_LOC_CODE_AND_COMMENT_noise0.4.csv 
Using 204 indices for  70 % of instances
Calculate prediction
Confusion matrix
Dataset: pc4 
Fold: 2 
Method: rfRules 
Noise level:  40 %
Percentage of altered instances:  75 %
Using 219 indices (first 219 from shuffled list)
Loading noise data from: results/noise_injection/by_dataset/pc4_LOC_CODE_AND_COMMENT_noise0.4.csv 
Using 219 indices for  75 % of instances
Calculate prediction
Confusion matrix
Dataset: pc4 
Fold: 2 
Method: rfRules 
Noise level:  40 %
Percentage of altered instances:  80 %
Using 234 indices (first 234 from shuffled list)
Loading noise data from: results/noise_injection/by_dataset/pc4_LOC_CODE_AND_COMMENT_noise0.4.csv 
Using 234 indices for  80 % of instances
Calculate prediction
Confusion matrix
Dataset: pc4 
Fold: 2 
Method: rfRules 
Noise level:  40 %
Percentage of altered instances:  90 %
Using 263 indices (first 263 from shuffled list)
Loading noise data from: results/noise_injection/by_dataset/pc4_LOC_CODE_AND_COMMENT_noise0.4.csv 
Using 263 indices for  90 % of instances
Calculate prediction
Confusion matrix
Dataset: pc4 
Fold: 2 
Method: rfRules 
Noise level:  40 %
Percentage of altered instances:  100 %
Using 292 indices (first 292 from shuffled list)
Loading noise data from: results/noise_injection/by_dataset/pc4_LOC_CODE_AND_COMMENT_noise0.4.csv 
Using 292 indices for  100 % of instances
Calculate prediction
Confusion matrix
Dataset: pc4 
Fold: 2 
Method: rfRules 
Noise level:  50 %
Percentage of altered instances:  10 %
Using 29 indices (first 29 from shuffled list)
Loading noise data from: results/noise_injection/by_dataset/pc4_LOC_CODE_AND_COMMENT_noise0.5.csv 
Using 29 indices for  10 % of instances
Calculate prediction
Confusion matrix
Dataset: pc4 
Fold: 2 
Method: rfRules 
Noise level:  50 %
Percentage of altered instances:  20 %
Using 58 indices (first 58 from shuffled list)
Loading noise data from: results/noise_injection/by_dataset/pc4_LOC_CODE_AND_COMMENT_noise0.5.csv 
Using 58 indices for  20 % of instances
Calculate prediction
Confusion matrix
Dataset: pc4 
Fold: 2 
Method: rfRules 
Noise level:  50 %
Percentage of altered instances:  25 %
Using 73 indices (first 73 from shuffled list)
Loading noise data from: results/noise_injection/by_dataset/pc4_LOC_CODE_AND_COMMENT_noise0.5.csv 
Using 73 indices for  25 % of instances
Calculate prediction
Confusion matrix
Dataset: pc4 
Fold: 2 
Method: rfRules 
Noise level:  50 %
Percentage of altered instances:  30 %
Using 88 indices (first 88 from shuffled list)
Loading noise data from: results/noise_injection/by_dataset/pc4_LOC_CODE_AND_COMMENT_noise0.5.csv 
Using 88 indices for  30 % of instances
Calculate prediction
Confusion matrix
Dataset: pc4 
Fold: 2 
Method: rfRules 
Noise level:  50 %
Percentage of altered instances:  40 %
Using 117 indices (first 117 from shuffled list)
Loading noise data from: results/noise_injection/by_dataset/pc4_LOC_CODE_AND_COMMENT_noise0.5.csv 
Using 117 indices for  40 % of instances
Calculate prediction
Confusion matrix
Dataset: pc4 
Fold: 2 
Method: rfRules 
Noise level:  50 %
Percentage of altered instances:  50 %
Using 146 indices (first 146 from shuffled list)
Loading noise data from: results/noise_injection/by_dataset/pc4_LOC_CODE_AND_COMMENT_noise0.5.csv 
Using 146 indices for  50 % of instances
Calculate prediction
Confusion matrix
Dataset: pc4 
Fold: 2 
Method: rfRules 
Noise level:  50 %
Percentage of altered instances:  60 %
Using 175 indices (first 175 from shuffled list)
Loading noise data from: results/noise_injection/by_dataset/pc4_LOC_CODE_AND_COMMENT_noise0.5.csv 
Using 175 indices for  60 % of instances
Calculate prediction
Confusion matrix
Dataset: pc4 
Fold: 2 
Method: rfRules 
Noise level:  50 %
Percentage of altered instances:  70 %
Using 204 indices (first 204 from shuffled list)
Loading noise data from: results/noise_injection/by_dataset/pc4_LOC_CODE_AND_COMMENT_noise0.5.csv 
Using 204 indices for  70 % of instances
Calculate prediction
Confusion matrix
Dataset: pc4 
Fold: 2 
Method: rfRules 
Noise level:  50 %
Percentage of altered instances:  75 %
Using 219 indices (first 219 from shuffled list)
Loading noise data from: results/noise_injection/by_dataset/pc4_LOC_CODE_AND_COMMENT_noise0.5.csv 
Using 219 indices for  75 % of instances
Calculate prediction
Confusion matrix
Dataset: pc4 
Fold: 2 
Method: rfRules 
Noise level:  50 %
Percentage of altered instances:  80 %
Using 234 indices (first 234 from shuffled list)
Loading noise data from: results/noise_injection/by_dataset/pc4_LOC_CODE_AND_COMMENT_noise0.5.csv 
Using 234 indices for  80 % of instances
Calculate prediction
Confusion matrix
Dataset: pc4 
Fold: 2 
Method: rfRules 
Noise level:  50 %
Percentage of altered instances:  90 %
Using 263 indices (first 263 from shuffled list)
Loading noise data from: results/noise_injection/by_dataset/pc4_LOC_CODE_AND_COMMENT_noise0.5.csv 
Using 263 indices for  90 % of instances
Calculate prediction
Confusion matrix
Dataset: pc4 
Fold: 2 
Method: rfRules 
Noise level:  50 %
Percentage of altered instances:  100 %
Using 292 indices (first 292 from shuffled list)
Loading noise data from: results/noise_injection/by_dataset/pc4_LOC_CODE_AND_COMMENT_noise0.5.csv 
Using 292 indices for  100 % of instances
Calculate prediction
Confusion matrix
Dataset: pc4 
Fold: 2 
Method: rfRules 
Noise level:  60 %
Percentage of altered instances:  10 %
Using 29 indices (first 29 from shuffled list)
Loading noise data from: results/noise_injection/by_dataset/pc4_LOC_CODE_AND_COMMENT_noise0.6.csv 
Using 29 indices for  10 % of instances
Calculate prediction
Confusion matrix
Dataset: pc4 
Fold: 2 
Method: rfRules 
Noise level:  60 %
Percentage of altered instances:  20 %
Using 58 indices (first 58 from shuffled list)
Loading noise data from: results/noise_injection/by_dataset/pc4_LOC_CODE_AND_COMMENT_noise0.6.csv 
Using 58 indices for  20 % of instances
Calculate prediction
Confusion matrix
Dataset: pc4 
Fold: 2 
Method: rfRules 
Noise level:  60 %
Percentage of altered instances:  25 %
Using 73 indices (first 73 from shuffled list)
Loading noise data from: results/noise_injection/by_dataset/pc4_LOC_CODE_AND_COMMENT_noise0.6.csv 
Using 73 indices for  25 % of instances
Calculate prediction
Confusion matrix
Dataset: pc4 
Fold: 2 
Method: rfRules 
Noise level:  60 %
Percentage of altered instances:  30 %
Using 88 indices (first 88 from shuffled list)
Loading noise data from: results/noise_injection/by_dataset/pc4_LOC_CODE_AND_COMMENT_noise0.6.csv 
Using 88 indices for  30 % of instances
Calculate prediction
Confusion matrix
Dataset: pc4 
Fold: 2 
Method: rfRules 
Noise level:  60 %
Percentage of altered instances:  40 %
Using 117 indices (first 117 from shuffled list)
Loading noise data from: results/noise_injection/by_dataset/pc4_LOC_CODE_AND_COMMENT_noise0.6.csv 
Using 117 indices for  40 % of instances
Calculate prediction
Confusion matrix
Dataset: pc4 
Fold: 2 
Method: rfRules 
Noise level:  60 %
Percentage of altered instances:  50 %
Using 146 indices (first 146 from shuffled list)
Loading noise data from: results/noise_injection/by_dataset/pc4_LOC_CODE_AND_COMMENT_noise0.6.csv 
Using 146 indices for  50 % of instances
Calculate prediction
Confusion matrix
Dataset: pc4 
Fold: 2 
Method: rfRules 
Noise level:  60 %
Percentage of altered instances:  60 %
Using 175 indices (first 175 from shuffled list)
Loading noise data from: results/noise_injection/by_dataset/pc4_LOC_CODE_AND_COMMENT_noise0.6.csv 
Using 175 indices for  60 % of instances
Calculate prediction
Confusion matrix
Dataset: pc4 
Fold: 2 
Method: rfRules 
Noise level:  60 %
Percentage of altered instances:  70 %
Using 204 indices (first 204 from shuffled list)
Loading noise data from: results/noise_injection/by_dataset/pc4_LOC_CODE_AND_COMMENT_noise0.6.csv 
Using 204 indices for  70 % of instances
Calculate prediction
Confusion matrix
Dataset: pc4 
Fold: 2 
Method: rfRules 
Noise level:  60 %
Percentage of altered instances:  75 %
Using 219 indices (first 219 from shuffled list)
Loading noise data from: results/noise_injection/by_dataset/pc4_LOC_CODE_AND_COMMENT_noise0.6.csv 
Using 219 indices for  75 % of instances
Calculate prediction
Confusion matrix
Dataset: pc4 
Fold: 2 
Method: rfRules 
Noise level:  60 %
Percentage of altered instances:  80 %
Using 234 indices (first 234 from shuffled list)
Loading noise data from: results/noise_injection/by_dataset/pc4_LOC_CODE_AND_COMMENT_noise0.6.csv 
Using 234 indices for  80 % of instances
Calculate prediction
Confusion matrix
Dataset: pc4 
Fold: 2 
Method: rfRules 
Noise level:  60 %
Percentage of altered instances:  90 %
Using 263 indices (first 263 from shuffled list)
Loading noise data from: results/noise_injection/by_dataset/pc4_LOC_CODE_AND_COMMENT_noise0.6.csv 
Using 263 indices for  90 % of instances
Calculate prediction
Confusion matrix
Dataset: pc4 
Fold: 2 
Method: rfRules 
Noise level:  60 %
Percentage of altered instances:  100 %
Using 292 indices (first 292 from shuffled list)
Loading noise data from: results/noise_injection/by_dataset/pc4_LOC_CODE_AND_COMMENT_noise0.6.csv 
Using 292 indices for  100 % of instances
Calculate prediction
Confusion matrix
Dataset: pc4 
Fold: 2 
Method: rfRules 
Noise level:  70 %
Percentage of altered instances:  10 %
Using 29 indices (first 29 from shuffled list)
Loading noise data from: results/noise_injection/by_dataset/pc4_LOC_CODE_AND_COMMENT_noise0.7.csv 
Using 29 indices for  10 % of instances
Calculate prediction
Confusion matrix
Dataset: pc4 
Fold: 2 
Method: rfRules 
Noise level:  70 %
Percentage of altered instances:  20 %
Using 58 indices (first 58 from shuffled list)
Loading noise data from: results/noise_injection/by_dataset/pc4_LOC_CODE_AND_COMMENT_noise0.7.csv 
Using 58 indices for  20 % of instances
Calculate prediction
Confusion matrix
Dataset: pc4 
Fold: 2 
Method: rfRules 
Noise level:  70 %
Percentage of altered instances:  25 %
Using 73 indices (first 73 from shuffled list)
Loading noise data from: results/noise_injection/by_dataset/pc4_LOC_CODE_AND_COMMENT_noise0.7.csv 
Using 73 indices for  25 % of instances
Calculate prediction
Confusion matrix
Dataset: pc4 
Fold: 2 
Method: rfRules 
Noise level:  70 %
Percentage of altered instances:  30 %
Using 88 indices (first 88 from shuffled list)
Loading noise data from: results/noise_injection/by_dataset/pc4_LOC_CODE_AND_COMMENT_noise0.7.csv 
Using 88 indices for  30 % of instances
Calculate prediction
Confusion matrix
Dataset: pc4 
Fold: 2 
Method: rfRules 
Noise level:  70 %
Percentage of altered instances:  40 %
Using 117 indices (first 117 from shuffled list)
Loading noise data from: results/noise_injection/by_dataset/pc4_LOC_CODE_AND_COMMENT_noise0.7.csv 
Using 117 indices for  40 % of instances
Calculate prediction
Confusion matrix
Dataset: pc4 
Fold: 2 
Method: rfRules 
Noise level:  70 %
Percentage of altered instances:  50 %
Using 146 indices (first 146 from shuffled list)
Loading noise data from: results/noise_injection/by_dataset/pc4_LOC_CODE_AND_COMMENT_noise0.7.csv 
Using 146 indices for  50 % of instances
Calculate prediction
Confusion matrix
Dataset: pc4 
Fold: 2 
Method: rfRules 
Noise level:  70 %
Percentage of altered instances:  60 %
Using 175 indices (first 175 from shuffled list)
Loading noise data from: results/noise_injection/by_dataset/pc4_LOC_CODE_AND_COMMENT_noise0.7.csv 
Using 175 indices for  60 % of instances
Calculate prediction
Confusion matrix
Dataset: pc4 
Fold: 2 
Method: rfRules 
Noise level:  70 %
Percentage of altered instances:  70 %
Using 204 indices (first 204 from shuffled list)
Loading noise data from: results/noise_injection/by_dataset/pc4_LOC_CODE_AND_COMMENT_noise0.7.csv 
Using 204 indices for  70 % of instances
Calculate prediction
Confusion matrix
Dataset: pc4 
Fold: 2 
Method: rfRules 
Noise level:  70 %
Percentage of altered instances:  75 %
Using 219 indices (first 219 from shuffled list)
Loading noise data from: results/noise_injection/by_dataset/pc4_LOC_CODE_AND_COMMENT_noise0.7.csv 
Using 219 indices for  75 % of instances
Calculate prediction
Confusion matrix
Dataset: pc4 
Fold: 2 
Method: rfRules 
Noise level:  70 %
Percentage of altered instances:  80 %
Using 234 indices (first 234 from shuffled list)
Loading noise data from: results/noise_injection/by_dataset/pc4_LOC_CODE_AND_COMMENT_noise0.7.csv 
Using 234 indices for  80 % of instances
Calculate prediction
Confusion matrix
Dataset: pc4 
Fold: 2 
Method: rfRules 
Noise level:  70 %
Percentage of altered instances:  90 %
Using 263 indices (first 263 from shuffled list)
Loading noise data from: results/noise_injection/by_dataset/pc4_LOC_CODE_AND_COMMENT_noise0.7.csv 
Using 263 indices for  90 % of instances
Calculate prediction
Confusion matrix
Dataset: pc4 
Fold: 2 
Method: rfRules 
Noise level:  70 %
Percentage of altered instances:  100 %
Using 292 indices (first 292 from shuffled list)
Loading noise data from: results/noise_injection/by_dataset/pc4_LOC_CODE_AND_COMMENT_noise0.7.csv 
Using 292 indices for  100 % of instances
Calculate prediction
Confusion matrix
Dataset: pc4 
Fold: 2 
Method: rfRules 
Noise level:  80 %
Percentage of altered instances:  10 %
Using 29 indices (first 29 from shuffled list)
Loading noise data from: results/noise_injection/by_dataset/pc4_LOC_CODE_AND_COMMENT_noise0.8.csv 
Using 29 indices for  10 % of instances
Calculate prediction
Confusion matrix
Dataset: pc4 
Fold: 2 
Method: rfRules 
Noise level:  80 %
Percentage of altered instances:  20 %
Using 58 indices (first 58 from shuffled list)
Loading noise data from: results/noise_injection/by_dataset/pc4_LOC_CODE_AND_COMMENT_noise0.8.csv 
Using 58 indices for  20 % of instances
Calculate prediction
Confusion matrix
Dataset: pc4 
Fold: 2 
Method: rfRules 
Noise level:  80 %
Percentage of altered instances:  25 %
Using 73 indices (first 73 from shuffled list)
Loading noise data from: results/noise_injection/by_dataset/pc4_LOC_CODE_AND_COMMENT_noise0.8.csv 
Using 73 indices for  25 % of instances
Calculate prediction
Confusion matrix
Dataset: pc4 
Fold: 2 
Method: rfRules 
Noise level:  80 %
Percentage of altered instances:  30 %
Using 88 indices (first 88 from shuffled list)
Loading noise data from: results/noise_injection/by_dataset/pc4_LOC_CODE_AND_COMMENT_noise0.8.csv 
Using 88 indices for  30 % of instances
Calculate prediction
Confusion matrix
Dataset: pc4 
Fold: 2 
Method: rfRules 
Noise level:  80 %
Percentage of altered instances:  40 %
Using 117 indices (first 117 from shuffled list)
Loading noise data from: results/noise_injection/by_dataset/pc4_LOC_CODE_AND_COMMENT_noise0.8.csv 
Using 117 indices for  40 % of instances
Calculate prediction
Confusion matrix
Dataset: pc4 
Fold: 2 
Method: rfRules 
Noise level:  80 %
Percentage of altered instances:  50 %
Using 146 indices (first 146 from shuffled list)
Loading noise data from: results/noise_injection/by_dataset/pc4_LOC_CODE_AND_COMMENT_noise0.8.csv 
Using 146 indices for  50 % of instances
Calculate prediction
Confusion matrix
Dataset: pc4 
Fold: 2 
Method: rfRules 
Noise level:  80 %
Percentage of altered instances:  60 %
Using 175 indices (first 175 from shuffled list)
Loading noise data from: results/noise_injection/by_dataset/pc4_LOC_CODE_AND_COMMENT_noise0.8.csv 
Using 175 indices for  60 % of instances
Calculate prediction
Confusion matrix
Dataset: pc4 
Fold: 2 
Method: rfRules 
Noise level:  80 %
Percentage of altered instances:  70 %
Using 204 indices (first 204 from shuffled list)
Loading noise data from: results/noise_injection/by_dataset/pc4_LOC_CODE_AND_COMMENT_noise0.8.csv 
Using 204 indices for  70 % of instances
Calculate prediction
Confusion matrix
Dataset: pc4 
Fold: 2 
Method: rfRules 
Noise level:  80 %
Percentage of altered instances:  75 %
Using 219 indices (first 219 from shuffled list)
Loading noise data from: results/noise_injection/by_dataset/pc4_LOC_CODE_AND_COMMENT_noise0.8.csv 
Using 219 indices for  75 % of instances
Calculate prediction
Confusion matrix
Dataset: pc4 
Fold: 2 
Method: rfRules 
Noise level:  80 %
Percentage of altered instances:  80 %
Using 234 indices (first 234 from shuffled list)
Loading noise data from: results/noise_injection/by_dataset/pc4_LOC_CODE_AND_COMMENT_noise0.8.csv 
Using 234 indices for  80 % of instances
Calculate prediction
Confusion matrix
Dataset: pc4 
Fold: 2 
Method: rfRules 
Noise level:  80 %
Percentage of altered instances:  90 %
Using 263 indices (first 263 from shuffled list)
Loading noise data from: results/noise_injection/by_dataset/pc4_LOC_CODE_AND_COMMENT_noise0.8.csv 
Using 263 indices for  90 % of instances
Calculate prediction
Confusion matrix
Dataset: pc4 
Fold: 2 
Method: rfRules 
Noise level:  80 %
Percentage of altered instances:  100 %
Using 292 indices (first 292 from shuffled list)
Loading noise data from: results/noise_injection/by_dataset/pc4_LOC_CODE_AND_COMMENT_noise0.8.csv 
Using 292 indices for  100 % of instances
Calculate prediction
Confusion matrix
Dataset: pc4 
Fold: 2 
Method: rfRules 
Noise level:  90 %
Percentage of altered instances:  10 %
Using 29 indices (first 29 from shuffled list)
Loading noise data from: results/noise_injection/by_dataset/pc4_LOC_CODE_AND_COMMENT_noise0.9.csv 
Using 29 indices for  10 % of instances
Calculate prediction
Confusion matrix
Dataset: pc4 
Fold: 2 
Method: rfRules 
Noise level:  90 %
Percentage of altered instances:  20 %
Using 58 indices (first 58 from shuffled list)
Loading noise data from: results/noise_injection/by_dataset/pc4_LOC_CODE_AND_COMMENT_noise0.9.csv 
Using 58 indices for  20 % of instances
Calculate prediction
Confusion matrix
Dataset: pc4 
Fold: 2 
Method: rfRules 
Noise level:  90 %
Percentage of altered instances:  25 %
Using 73 indices (first 73 from shuffled list)
Loading noise data from: results/noise_injection/by_dataset/pc4_LOC_CODE_AND_COMMENT_noise0.9.csv 
Using 73 indices for  25 % of instances
Calculate prediction
Confusion matrix
Dataset: pc4 
Fold: 2 
Method: rfRules 
Noise level:  90 %
Percentage of altered instances:  30 %
Using 88 indices (first 88 from shuffled list)
Loading noise data from: results/noise_injection/by_dataset/pc4_LOC_CODE_AND_COMMENT_noise0.9.csv 
Using 88 indices for  30 % of instances
Calculate prediction
Confusion matrix
Dataset: pc4 
Fold: 2 
Method: rfRules 
Noise level:  90 %
Percentage of altered instances:  40 %
Using 117 indices (first 117 from shuffled list)
Loading noise data from: results/noise_injection/by_dataset/pc4_LOC_CODE_AND_COMMENT_noise0.9.csv 
Using 117 indices for  40 % of instances
Calculate prediction
Confusion matrix
Dataset: pc4 
Fold: 2 
Method: rfRules 
Noise level:  90 %
Percentage of altered instances:  50 %
Using 146 indices (first 146 from shuffled list)
Loading noise data from: results/noise_injection/by_dataset/pc4_LOC_CODE_AND_COMMENT_noise0.9.csv 
Using 146 indices for  50 % of instances
Calculate prediction
Confusion matrix
Dataset: pc4 
Fold: 2 
Method: rfRules 
Noise level:  90 %
Percentage of altered instances:  60 %
Using 175 indices (first 175 from shuffled list)
Loading noise data from: results/noise_injection/by_dataset/pc4_LOC_CODE_AND_COMMENT_noise0.9.csv 
Using 175 indices for  60 % of instances
Calculate prediction
Confusion matrix
Dataset: pc4 
Fold: 2 
Method: rfRules 
Noise level:  90 %
Percentage of altered instances:  70 %
Using 204 indices (first 204 from shuffled list)
Loading noise data from: results/noise_injection/by_dataset/pc4_LOC_CODE_AND_COMMENT_noise0.9.csv 
Using 204 indices for  70 % of instances
Calculate prediction
Confusion matrix
Dataset: pc4 
Fold: 2 
Method: rfRules 
Noise level:  90 %
Percentage of altered instances:  75 %
Using 219 indices (first 219 from shuffled list)
Loading noise data from: results/noise_injection/by_dataset/pc4_LOC_CODE_AND_COMMENT_noise0.9.csv 
Using 219 indices for  75 % of instances
Calculate prediction
Confusion matrix
Dataset: pc4 
Fold: 2 
Method: rfRules 
Noise level:  90 %
Percentage of altered instances:  80 %
Using 234 indices (first 234 from shuffled list)
Loading noise data from: results/noise_injection/by_dataset/pc4_LOC_CODE_AND_COMMENT_noise0.9.csv 
Using 234 indices for  80 % of instances
Calculate prediction
Confusion matrix
Dataset: pc4 
Fold: 2 
Method: rfRules 
Noise level:  90 %
Percentage of altered instances:  90 %
Using 263 indices (first 263 from shuffled list)
Loading noise data from: results/noise_injection/by_dataset/pc4_LOC_CODE_AND_COMMENT_noise0.9.csv 
Using 263 indices for  90 % of instances
Calculate prediction
Confusion matrix
Dataset: pc4 
Fold: 2 
Method: rfRules 
Noise level:  90 %
Percentage of altered instances:  100 %
Using 292 indices (first 292 from shuffled list)
Loading noise data from: results/noise_injection/by_dataset/pc4_LOC_CODE_AND_COMMENT_noise0.9.csv 
Using 292 indices for  100 % of instances
Calculate prediction
Confusion matrix
Dataset: pc4 
Fold: 2 
Method: rfRules 
Noise level:  100 %
Percentage of altered instances:  10 %
Using 29 indices (first 29 from shuffled list)
Loading noise data from: results/noise_injection/by_dataset/pc4_LOC_CODE_AND_COMMENT_noise1.csv 
Using 29 indices for  10 % of instances
Calculate prediction
Confusion matrix
Dataset: pc4 
Fold: 2 
Method: rfRules 
Noise level:  100 %
Percentage of altered instances:  20 %
Using 58 indices (first 58 from shuffled list)
Loading noise data from: results/noise_injection/by_dataset/pc4_LOC_CODE_AND_COMMENT_noise1.csv 
Using 58 indices for  20 % of instances
Calculate prediction
Confusion matrix
Dataset: pc4 
Fold: 2 
Method: rfRules 
Noise level:  100 %
Percentage of altered instances:  25 %
Using 73 indices (first 73 from shuffled list)
Loading noise data from: results/noise_injection/by_dataset/pc4_LOC_CODE_AND_COMMENT_noise1.csv 
Using 73 indices for  25 % of instances
Calculate prediction
Confusion matrix
Dataset: pc4 
Fold: 2 
Method: rfRules 
Noise level:  100 %
Percentage of altered instances:  30 %
Using 88 indices (first 88 from shuffled list)
Loading noise data from: results/noise_injection/by_dataset/pc4_LOC_CODE_AND_COMMENT_noise1.csv 
Using 88 indices for  30 % of instances
Calculate prediction
Confusion matrix
Dataset: pc4 
Fold: 2 
Method: rfRules 
Noise level:  100 %
Percentage of altered instances:  40 %
Using 117 indices (first 117 from shuffled list)
Loading noise data from: results/noise_injection/by_dataset/pc4_LOC_CODE_AND_COMMENT_noise1.csv 
Using 117 indices for  40 % of instances
Calculate prediction
Confusion matrix
Dataset: pc4 
Fold: 2 
Method: rfRules 
Noise level:  100 %
Percentage of altered instances:  50 %
Using 146 indices (first 146 from shuffled list)
Loading noise data from: results/noise_injection/by_dataset/pc4_LOC_CODE_AND_COMMENT_noise1.csv 
Using 146 indices for  50 % of instances
Calculate prediction
Confusion matrix
Dataset: pc4 
Fold: 2 
Method: rfRules 
Noise level:  100 %
Percentage of altered instances:  60 %
Using 175 indices (first 175 from shuffled list)
Loading noise data from: results/noise_injection/by_dataset/pc4_LOC_CODE_AND_COMMENT_noise1.csv 
Using 175 indices for  60 % of instances
Calculate prediction
Confusion matrix
Dataset: pc4 
Fold: 2 
Method: rfRules 
Noise level:  100 %
Percentage of altered instances:  70 %
Using 204 indices (first 204 from shuffled list)
Loading noise data from: results/noise_injection/by_dataset/pc4_LOC_CODE_AND_COMMENT_noise1.csv 
Using 204 indices for  70 % of instances
Calculate prediction
Confusion matrix
Dataset: pc4 
Fold: 2 
Method: rfRules 
Noise level:  100 %
Percentage of altered instances:  75 %
Using 219 indices (first 219 from shuffled list)
Loading noise data from: results/noise_injection/by_dataset/pc4_LOC_CODE_AND_COMMENT_noise1.csv 
Using 219 indices for  75 % of instances
Calculate prediction
Confusion matrix
Dataset: pc4 
Fold: 2 
Method: rfRules 
Noise level:  100 %
Percentage of altered instances:  80 %
Using 234 indices (first 234 from shuffled list)
Loading noise data from: results/noise_injection/by_dataset/pc4_LOC_CODE_AND_COMMENT_noise1.csv 
Using 234 indices for  80 % of instances
Calculate prediction
Confusion matrix
Dataset: pc4 
Fold: 2 
Method: rfRules 
Noise level:  100 %
Percentage of altered instances:  90 %
Using 263 indices (first 263 from shuffled list)
Loading noise data from: results/noise_injection/by_dataset/pc4_LOC_CODE_AND_COMMENT_noise1.csv 
Using 263 indices for  90 % of instances
Calculate prediction
Confusion matrix
Dataset: pc4 
Fold: 2 
Method: rfRules 
Noise level:  100 %
Percentage of altered instances:  100 %
Using 292 indices (first 292 from shuffled list)
Loading noise data from: results/noise_injection/by_dataset/pc4_LOC_CODE_AND_COMMENT_noise1.csv 
Using 292 indices for  100 % of instances
Calculate prediction
Confusion matrix
Training model on clean data
1996 rules (length<=2) were extracted from the first 500 trees.
3682 rules (length<=3) were extracted from the first 500 trees.
5725 rules (length<=4) were extracted from the first 500 trees.
1989 rules (length<=2) were extracted from the first 500 trees.
3749 rules (length<=3) were extracted from the first 500 trees.
6368 rules (length<=4) were extracted from the first 500 trees.
1937 rules (length<=2) were extracted from the first 500 trees.
3674 rules (length<=3) were extracted from the first 500 trees.
6441 rules (length<=4) were extracted from the first 500 trees.
1975 rules (length<=2) were extracted from the first 500 trees.
3668 rules (length<=3) were extracted from the first 500 trees.
6086 rules (length<=4) were extracted from the first 500 trees.
1981 rules (length<=2) were extracted from the first 500 trees.
3822 rules (length<=3) were extracted from the first 500 trees.
6970 rules (length<=4) were extracted from the first 500 trees.
1948 rules (length<=2) were extracted from the first 500 trees.
3686 rules (length<=3) were extracted from the first 500 trees.
6229 rules (length<=4) were extracted from the first 500 trees.
1988 rules (length<=2) were extracted from the first 500 trees.
3821 rules (length<=3) were extracted from the first 500 trees.
6678 rules (length<=4) were extracted from the first 500 trees.
1986 rules (length<=2) were extracted from the first 500 trees.
3613 rules (length<=3) were extracted from the first 500 trees.
5825 rules (length<=4) were extracted from the first 500 trees.
1998 rules (length<=2) were extracted from the first 500 trees.
3820 rules (length<=3) were extracted from the first 500 trees.
6531 rules (length<=4) were extracted from the first 500 trees.
1978 rules (length<=2) were extracted from the first 500 trees.
3694 rules (length<=3) were extracted from the first 500 trees.
6043 rules (length<=4) were extracted from the first 500 trees.
1980 rules (length<=2) were extracted from the first 500 trees.
3612 rules (length<=3) were extracted from the first 500 trees.
5651 rules (length<=4) were extracted from the first 500 trees.
1990 rules (length<=2) were extracted from the first 500 trees.
3515 rules (length<=3) were extracted from the first 500 trees.
5630 rules (length<=4) were extracted from the first 500 trees.
1991 rules (length<=2) were extracted from the first 500 trees.
3768 rules (length<=3) were extracted from the first 500 trees.
6397 rules (length<=4) were extracted from the first 500 trees.
1990 rules (length<=2) were extracted from the first 500 trees.
3772 rules (length<=3) were extracted from the first 500 trees.
6444 rules (length<=4) were extracted from the first 500 trees.
1997 rules (length<=2) were extracted from the first 500 trees.
3862 rules (length<=3) were extracted from the first 500 trees.
6610 rules (length<=4) were extracted from the first 500 trees.
1979 rules (length<=2) were extracted from the first 500 trees.
3462 rules (length<=3) were extracted from the first 500 trees.
5458 rules (length<=4) were extracted from the first 500 trees.
1991 rules (length<=2) were extracted from the first 500 trees.
3757 rules (length<=3) were extracted from the first 500 trees.
6422 rules (length<=4) were extracted from the first 500 trees.
1995 rules (length<=2) were extracted from the first 500 trees.
3655 rules (length<=3) were extracted from the first 500 trees.
5737 rules (length<=4) were extracted from the first 500 trees.
1995 rules (length<=2) were extracted from the first 500 trees.
3848 rules (length<=3) were extracted from the first 500 trees.
6441 rules (length<=4) were extracted from the first 500 trees.
1946 rules (length<=2) were extracted from the first 500 trees.
3733 rules (length<=3) were extracted from the first 500 trees.
6380 rules (length<=4) were extracted from the first 500 trees.
1999 rules (length<=2) were extracted from the first 500 trees.
3841 rules (length<=3) were extracted from the first 500 trees.
6302 rules (length<=4) were extracted from the first 500 trees.
1981 rules (length<=2) were extracted from the first 500 trees.
3533 rules (length<=3) were extracted from the first 500 trees.
5967 rules (length<=4) were extracted from the first 500 trees.
1971 rules (length<=2) were extracted from the first 500 trees.
3724 rules (length<=3) were extracted from the first 500 trees.
6358 rules (length<=4) were extracted from the first 500 trees.
