Current working directory: /home/chris/github/kappa-threshold 
parameters.csv exists: TRUE 
parameters.csv absolute path: /home/chris/github/kappa-threshold/data/files/parameters.csv 
Dataset: analcatdata_authorship 
Technique: C5.0 
Probability table:

        P         N 
0.3769322 0.6230678 
BEGIN TRAINING
TRAINING SUCCESSFUL
The most important attribute: her (for technique: C5.0)
________________
Dataset: analcatdata_authorship 
Technique: ctree 
Probability table:

        P         N 
0.3769322 0.6230678 
BEGIN TRAINING
TRAINING SUCCESSFUL
The most important attribute: be (for technique: ctree)
________________
Dataset: analcatdata_authorship 
Technique: fda 
Probability table:

        P         N 
0.3769322 0.6230678 
BEGIN TRAINING
TRAINING SUCCESSFUL
The most important attribute: be (for technique: fda)
________________
Dataset: analcatdata_authorship 
Technique: gbm 
Probability table:

        P         N 
0.3769322 0.6230678 
BEGIN TRAINING
Iter   TrainDeviance   ValidDeviance   StepSize   Improve
     1        1.2450            -nan     0.1000    0.0442
     2        1.1663            -nan     0.1000    0.0391
     3        1.0864            -nan     0.1000    0.0385
     4        1.0181            -nan     0.1000    0.0319
     5        0.9523            -nan     0.1000    0.0304
     6        0.8987            -nan     0.1000    0.0252
     7        0.8537            -nan     0.1000    0.0198
     8        0.8071            -nan     0.1000    0.0206
     9        0.7651            -nan     0.1000    0.0187
    10        0.7264            -nan     0.1000    0.0171
    20        0.4733            -nan     0.1000    0.0081
    40        0.2552            -nan     0.1000    0.0036
    60        0.1567            -nan     0.1000    0.0014
    80        0.1043            -nan     0.1000    0.0009
   100        0.0728            -nan     0.1000    0.0004
   120        0.0513            -nan     0.1000    0.0002
   140        0.0370            -nan     0.1000    0.0001
   150        0.0318            -nan     0.1000    0.0001

Iter   TrainDeviance   ValidDeviance   StepSize   Improve
     1        1.1960            -nan     0.1000    0.0692
     2        1.0856            -nan     0.1000    0.0514
     3        0.9743            -nan     0.1000    0.0544
     4        0.8971            -nan     0.1000    0.0365
     5        0.8270            -nan     0.1000    0.0339
     6        0.7547            -nan     0.1000    0.0339
     7        0.7006            -nan     0.1000    0.0263
     8        0.6548            -nan     0.1000    0.0216
     9        0.6139            -nan     0.1000    0.0187
    10        0.5787            -nan     0.1000    0.0152
    20        0.3123            -nan     0.1000    0.0069
    40        0.1329            -nan     0.1000    0.0012
    60        0.0634            -nan     0.1000    0.0009
    80        0.0367            -nan     0.1000    0.0001
   100        0.0213            -nan     0.1000    0.0001
   120        0.0138            -nan     0.1000    0.0002
   140        0.0088            -nan     0.1000    0.0001
   150        0.0069            -nan     0.1000    0.0001

Iter   TrainDeviance   ValidDeviance   StepSize   Improve
     1        1.1960            -nan     0.1000    0.0706
     2        1.0748            -nan     0.1000    0.0590
     3        0.9802            -nan     0.1000    0.0442
     4        0.8942            -nan     0.1000    0.0389
     5        0.8065            -nan     0.1000    0.0436
     6        0.7301            -nan     0.1000    0.0373
     7        0.6656            -nan     0.1000    0.0314
     8        0.6091            -nan     0.1000    0.0264
     9        0.5622            -nan     0.1000    0.0222
    10        0.5230            -nan     0.1000    0.0181
    20        0.2594            -nan     0.1000    0.0075
    40        0.0898            -nan     0.1000    0.0011
    60        0.0418            -nan     0.1000    0.0005
    80        0.0224            -nan     0.1000    0.0001
   100        0.0117            -nan     0.1000    0.0001
   120        0.0066            -nan     0.1000    0.0000
   140        0.0040            -nan     0.1000    0.0000
   150        0.0029            -nan     0.1000    0.0000

Iter   TrainDeviance   ValidDeviance   StepSize   Improve
     1        1.2480            -nan     0.1000    0.0497
     2        1.1660            -nan     0.1000    0.0409
     3        1.0933            -nan     0.1000    0.0361
     4        1.0247            -nan     0.1000    0.0307
     5        0.9673            -nan     0.1000    0.0270
     6        0.9147            -nan     0.1000    0.0260
     7        0.8724            -nan     0.1000    0.0191
     8        0.8287            -nan     0.1000    0.0203
     9        0.7842            -nan     0.1000    0.0221
    10        0.7456            -nan     0.1000    0.0186
    20        0.4973            -nan     0.1000    0.0084
    40        0.2691            -nan     0.1000    0.0022
    60        0.1664            -nan     0.1000    0.0018
    80        0.1078            -nan     0.1000    0.0007
   100        0.0755            -nan     0.1000    0.0004
   120        0.0541            -nan     0.1000    0.0003
   140        0.0402            -nan     0.1000    0.0002
   150        0.0347            -nan     0.1000    0.0002

Iter   TrainDeviance   ValidDeviance   StepSize   Improve
     1        1.1984            -nan     0.1000    0.0704
     2        1.0857            -nan     0.1000    0.0541
     3        0.9992            -nan     0.1000    0.0396
     4        0.9113            -nan     0.1000    0.0418
     5        0.8467            -nan     0.1000    0.0302
     6        0.7851            -nan     0.1000    0.0284
     7        0.7296            -nan     0.1000    0.0261
     8        0.6747            -nan     0.1000    0.0253
     9        0.6316            -nan     0.1000    0.0200
    10        0.5878            -nan     0.1000    0.0201
    20        0.3269            -nan     0.1000    0.0095
    40        0.1312            -nan     0.1000    0.0024
    60        0.0653            -nan     0.1000    0.0004
    80        0.0380            -nan     0.1000    0.0003
   100        0.0230            -nan     0.1000    0.0000
   120        0.0140            -nan     0.1000    0.0002
   140        0.0092            -nan     0.1000    0.0000
   150        0.0071            -nan     0.1000    0.0001

Iter   TrainDeviance   ValidDeviance   StepSize   Improve
     1        1.2121            -nan     0.1000    0.0600
     2        1.0803            -nan     0.1000    0.0655
     3        0.9731            -nan     0.1000    0.0550
     4        0.8821            -nan     0.1000    0.0457
     5        0.8029            -nan     0.1000    0.0373
     6        0.7450            -nan     0.1000    0.0257
     7        0.6902            -nan     0.1000    0.0263
     8        0.6320            -nan     0.1000    0.0277
     9        0.5820            -nan     0.1000    0.0237
    10        0.5372            -nan     0.1000    0.0213
    20        0.2660            -nan     0.1000    0.0072
    40        0.0947            -nan     0.1000    0.0005
    60        0.0417            -nan     0.1000    0.0002
    80        0.0206            -nan     0.1000    0.0002
   100        0.0113            -nan     0.1000    0.0002
   120        0.0060            -nan     0.1000    0.0000
   140        0.0034            -nan     0.1000    0.0000
   150        0.0027            -nan     0.1000    0.0000

Iter   TrainDeviance   ValidDeviance   StepSize   Improve
     1        1.2451            -nan     0.1000    0.0453
     2        1.1683            -nan     0.1000    0.0368
     3        1.0952            -nan     0.1000    0.0342
     4        1.0330            -nan     0.1000    0.0292
     5        0.9711            -nan     0.1000    0.0286
     6        0.9261            -nan     0.1000    0.0213
     7        0.8805            -nan     0.1000    0.0221
     8        0.8357            -nan     0.1000    0.0214
     9        0.7984            -nan     0.1000    0.0180
    10        0.7590            -nan     0.1000    0.0171
    20        0.5045            -nan     0.1000    0.0082
    40        0.2742            -nan     0.1000    0.0030
    60        0.1729            -nan     0.1000    0.0017
    80        0.1154            -nan     0.1000    0.0008
   100        0.0817            -nan     0.1000    0.0005
   120        0.0615            -nan     0.1000    0.0003
   140        0.0443            -nan     0.1000    0.0002
   150        0.0386            -nan     0.1000   -0.0000

Iter   TrainDeviance   ValidDeviance   StepSize   Improve
     1        1.2090            -nan     0.1000    0.0610
     2        1.1065            -nan     0.1000    0.0483
     3        1.0126            -nan     0.1000    0.0437
     4        0.9332            -nan     0.1000    0.0388
     5        0.8639            -nan     0.1000    0.0339
     6        0.7995            -nan     0.1000    0.0302
     7        0.7471            -nan     0.1000    0.0246
     8        0.6910            -nan     0.1000    0.0262
     9        0.6413            -nan     0.1000    0.0235
    10        0.6018            -nan     0.1000    0.0188
    20        0.3401            -nan     0.1000    0.0088
    40        0.1340            -nan     0.1000    0.0021
    60        0.0682            -nan     0.1000    0.0003
    80        0.0381            -nan     0.1000    0.0003
   100        0.0219            -nan     0.1000    0.0002
   120        0.0133            -nan     0.1000    0.0000
   140        0.0082            -nan     0.1000    0.0000
   150        0.0067            -nan     0.1000    0.0000

Iter   TrainDeviance   ValidDeviance   StepSize   Improve
     1        1.1949            -nan     0.1000    0.0654
     2        1.0784            -nan     0.1000    0.0556
     3        0.9733            -nan     0.1000    0.0520
     4        0.8877            -nan     0.1000    0.0426
     5        0.8122            -nan     0.1000    0.0377
     6        0.7372            -nan     0.1000    0.0346
     7        0.6781            -nan     0.1000    0.0290
     8        0.6281            -nan     0.1000    0.0220
     9        0.5791            -nan     0.1000    0.0223
    10        0.5360            -nan     0.1000    0.0206
    20        0.2674            -nan     0.1000    0.0083
    40        0.0929            -nan     0.1000    0.0022
    60        0.0413            -nan     0.1000    0.0008
    80        0.0219            -nan     0.1000    0.0004
   100        0.0118            -nan     0.1000    0.0001
   120        0.0066            -nan     0.1000    0.0000
   140        0.0039            -nan     0.1000    0.0000
   150        0.0030            -nan     0.1000    0.0000

Iter   TrainDeviance   ValidDeviance   StepSize   Improve
     1        1.2367            -nan     0.1000    0.0433
     2        1.1531            -nan     0.1000    0.0393
     3        1.0833            -nan     0.1000    0.0312
     4        1.0177            -nan     0.1000    0.0311
     5        0.9605            -nan     0.1000    0.0272
     6        0.9093            -nan     0.1000    0.0248
     7        0.8654            -nan     0.1000    0.0207
     8        0.8236            -nan     0.1000    0.0195
     9        0.7884            -nan     0.1000    0.0164
    10        0.7547            -nan     0.1000    0.0161
    20        0.5094            -nan     0.1000    0.0063
    40        0.2859            -nan     0.1000    0.0027
    60        0.1847            -nan     0.1000    0.0015
    80        0.1256            -nan     0.1000    0.0008
   100        0.0915            -nan     0.1000    0.0001
   120        0.0655            -nan     0.1000    0.0005
   140        0.0493            -nan     0.1000    0.0000
   150        0.0430            -nan     0.1000    0.0000

Iter   TrainDeviance   ValidDeviance   StepSize   Improve
     1        1.2127            -nan     0.1000    0.0605
     2        1.0837            -nan     0.1000    0.0606
     3        0.9948            -nan     0.1000    0.0460
     4        0.9183            -nan     0.1000    0.0333
     5        0.8531            -nan     0.1000    0.0314
     6        0.7933            -nan     0.1000    0.0275
     7        0.7410            -nan     0.1000    0.0257
     8        0.6940            -nan     0.1000    0.0214
     9        0.6471            -nan     0.1000    0.0219
    10        0.6122            -nan     0.1000    0.0162
    20        0.3504            -nan     0.1000    0.0080
    40        0.1502            -nan     0.1000    0.0024
    60        0.0796            -nan     0.1000    0.0006
    80        0.0471            -nan     0.1000    0.0003
   100        0.0277            -nan     0.1000    0.0001
   120        0.0184            -nan     0.1000    0.0000
   140        0.0120            -nan     0.1000    0.0000
   150        0.0097            -nan     0.1000    0.0001

Iter   TrainDeviance   ValidDeviance   StepSize   Improve
     1        1.1898            -nan     0.1000    0.0693
     2        1.0732            -nan     0.1000    0.0575
     3        0.9840            -nan     0.1000    0.0398
     4        0.9003            -nan     0.1000    0.0389
     5        0.8235            -nan     0.1000    0.0360
     6        0.7630            -nan     0.1000    0.0264
     7        0.7078            -nan     0.1000    0.0245
     8        0.6583            -nan     0.1000    0.0237
     9        0.6009            -nan     0.1000    0.0288
    10        0.5574            -nan     0.1000    0.0196
    20        0.2943            -nan     0.1000    0.0059
    40        0.1076            -nan     0.1000    0.0017
    60        0.0490            -nan     0.1000    0.0008
    80        0.0285            -nan     0.1000    0.0002
   100        0.0168            -nan     0.1000    0.0001
   120        0.0092            -nan     0.1000    0.0001
   140        0.0051            -nan     0.1000    0.0001
   150        0.0039            -nan     0.1000    0.0000

Iter   TrainDeviance   ValidDeviance   StepSize   Improve
     1        1.2127            -nan     0.1000    0.0497
     2        1.1332            -nan     0.1000    0.0373
     3        1.0632            -nan     0.1000    0.0332
     4        0.9948            -nan     0.1000    0.0329
     5        0.9369            -nan     0.1000    0.0268
     6        0.8792            -nan     0.1000    0.0271
     7        0.8336            -nan     0.1000    0.0230
     8        0.7920            -nan     0.1000    0.0199
     9        0.7557            -nan     0.1000    0.0172
    10        0.7203            -nan     0.1000    0.0173
    20        0.4841            -nan     0.1000    0.0082
    40        0.2693            -nan     0.1000    0.0030
    60        0.1686            -nan     0.1000    0.0015
    80        0.1141            -nan     0.1000    0.0009
   100        0.0811            -nan     0.1000    0.0004
   120        0.0598            -nan     0.1000    0.0004
   140        0.0450            -nan     0.1000    0.0002
   150        0.0388            -nan     0.1000    0.0001

Iter   TrainDeviance   ValidDeviance   StepSize   Improve
     1        1.1753            -nan     0.1000    0.0681
     2        1.0737            -nan     0.1000    0.0480
     3        0.9860            -nan     0.1000    0.0443
     4        0.8962            -nan     0.1000    0.0434
     5        0.8269            -nan     0.1000    0.0348
     6        0.7674            -nan     0.1000    0.0267
     7        0.7168            -nan     0.1000    0.0244
     8        0.6653            -nan     0.1000    0.0231
     9        0.6246            -nan     0.1000    0.0177
    10        0.5796            -nan     0.1000    0.0210
    20        0.3316            -nan     0.1000    0.0091
    40        0.1325            -nan     0.1000    0.0023
    60        0.0656            -nan     0.1000    0.0008
    80        0.0388            -nan     0.1000    0.0002
   100        0.0241            -nan     0.1000    0.0001
   120        0.0148            -nan     0.1000    0.0001
   140        0.0100            -nan     0.1000    0.0000
   150        0.0082            -nan     0.1000    0.0000

Iter   TrainDeviance   ValidDeviance   StepSize   Improve
     1        1.1639            -nan     0.1000    0.0746
     2        1.0400            -nan     0.1000    0.0584
     3        0.9442            -nan     0.1000    0.0451
     4        0.8534            -nan     0.1000    0.0425
     5        0.7782            -nan     0.1000    0.0352
     6        0.7101            -nan     0.1000    0.0302
     7        0.6490            -nan     0.1000    0.0297
     8        0.5985            -nan     0.1000    0.0235
     9        0.5531            -nan     0.1000    0.0205
    10        0.5150            -nan     0.1000    0.0169
    20        0.2570            -nan     0.1000    0.0079
    40        0.0934            -nan     0.1000    0.0009
    60        0.0434            -nan     0.1000    0.0004
    80        0.0218            -nan     0.1000    0.0001
   100        0.0122            -nan     0.1000    0.0001
   120        0.0069            -nan     0.1000    0.0000
   140        0.0040            -nan     0.1000    0.0000
   150        0.0031            -nan     0.1000    0.0000

Iter   TrainDeviance   ValidDeviance   StepSize   Improve
     1        1.2320            -nan     0.1000    0.0473
     2        1.1573            -nan     0.1000    0.0369
     3        1.0850            -nan     0.1000    0.0330
     4        1.0220            -nan     0.1000    0.0319
     5        0.9657            -nan     0.1000    0.0277
     6        0.9128            -nan     0.1000    0.0248
     7        0.8602            -nan     0.1000    0.0236
     8        0.8166            -nan     0.1000    0.0221
     9        0.7785            -nan     0.1000    0.0169
    10        0.7399            -nan     0.1000    0.0164
    20        0.4866            -nan     0.1000    0.0073
    40        0.2671            -nan     0.1000    0.0022
    60        0.1625            -nan     0.1000    0.0010
    80        0.1072            -nan     0.1000    0.0007
   100        0.0741            -nan     0.1000    0.0003
   120        0.0531            -nan     0.1000    0.0005
   140        0.0389            -nan     0.1000    0.0002
   150        0.0339            -nan     0.1000    0.0001

Iter   TrainDeviance   ValidDeviance   StepSize   Improve
     1        1.2030            -nan     0.1000    0.0656
     2        1.0967            -nan     0.1000    0.0566
     3        1.0109            -nan     0.1000    0.0419
     4        0.9275            -nan     0.1000    0.0413
     5        0.8550            -nan     0.1000    0.0354
     6        0.7802            -nan     0.1000    0.0364
     7        0.7267            -nan     0.1000    0.0243
     8        0.6805            -nan     0.1000    0.0223
     9        0.6343            -nan     0.1000    0.0225
    10        0.5960            -nan     0.1000    0.0170
    20        0.3179            -nan     0.1000    0.0086
    40        0.1261            -nan     0.1000    0.0018
    60        0.0635            -nan     0.1000    0.0011
    80        0.0369            -nan     0.1000    0.0002
   100        0.0238            -nan     0.1000    0.0002
   120        0.0156            -nan     0.1000    0.0001
   140        0.0101            -nan     0.1000    0.0000
   150        0.0080            -nan     0.1000    0.0001

Iter   TrainDeviance   ValidDeviance   StepSize   Improve
     1        1.1802            -nan     0.1000    0.0783
     2        1.0576            -nan     0.1000    0.0600
     3        0.9612            -nan     0.1000    0.0452
     4        0.8747            -nan     0.1000    0.0422
     5        0.7948            -nan     0.1000    0.0379
     6        0.7279            -nan     0.1000    0.0321
     7        0.6730            -nan     0.1000    0.0276
     8        0.6229            -nan     0.1000    0.0233
     9        0.5778            -nan     0.1000    0.0210
    10        0.5373            -nan     0.1000    0.0187
    20        0.2620            -nan     0.1000    0.0071
    40        0.0904            -nan     0.1000    0.0011
    60        0.0449            -nan     0.1000    0.0004
    80        0.0233            -nan     0.1000    0.0001
   100        0.0124            -nan     0.1000    0.0001
   120        0.0070            -nan     0.1000    0.0001
   140        0.0041            -nan     0.1000   -0.0000
   150        0.0032            -nan     0.1000    0.0000

Iter   TrainDeviance   ValidDeviance   StepSize   Improve
     1        1.2234            -nan     0.1000    0.0464
     2        1.1459            -nan     0.1000    0.0368
     3        1.0805            -nan     0.1000    0.0274
     4        1.0132            -nan     0.1000    0.0336
     5        0.9537            -nan     0.1000    0.0274
     6        0.9006            -nan     0.1000    0.0242
     7        0.8594            -nan     0.1000    0.0174
     8        0.8163            -nan     0.1000    0.0209
     9        0.7800            -nan     0.1000    0.0160
    10        0.7395            -nan     0.1000    0.0202
    20        0.4839            -nan     0.1000    0.0075
    40        0.2594            -nan     0.1000    0.0024
    60        0.1609            -nan     0.1000    0.0012
    80        0.1070            -nan     0.1000    0.0006
   100        0.0729            -nan     0.1000    0.0005
   120        0.0536            -nan     0.1000    0.0001
   140        0.0387            -nan     0.1000   -0.0000
   150        0.0329            -nan     0.1000    0.0002

Iter   TrainDeviance   ValidDeviance   StepSize   Improve
     1        1.1964            -nan     0.1000    0.0661
     2        1.0967            -nan     0.1000    0.0496
     3        1.0020            -nan     0.1000    0.0453
     4        0.9097            -nan     0.1000    0.0438
     5        0.8447            -nan     0.1000    0.0296
     6        0.7829            -nan     0.1000    0.0308
     7        0.7326            -nan     0.1000    0.0225
     8        0.6811            -nan     0.1000    0.0236
     9        0.6211            -nan     0.1000    0.0278
    10        0.5811            -nan     0.1000    0.0196
    20        0.3175            -nan     0.1000    0.0069
    40        0.1246            -nan     0.1000    0.0017
    60        0.0584            -nan     0.1000    0.0009
    80        0.0322            -nan     0.1000    0.0000
   100        0.0198            -nan     0.1000    0.0003
   120        0.0120            -nan     0.1000    0.0001
   140        0.0080            -nan     0.1000    0.0000
   150        0.0067            -nan     0.1000    0.0001

Iter   TrainDeviance   ValidDeviance   StepSize   Improve
     1        1.1762            -nan     0.1000    0.0705
     2        1.0564            -nan     0.1000    0.0597
     3        0.9544            -nan     0.1000    0.0496
     4        0.8571            -nan     0.1000    0.0455
     5        0.7751            -nan     0.1000    0.0396
     6        0.7050            -nan     0.1000    0.0329
     7        0.6479            -nan     0.1000    0.0250
     8        0.5934            -nan     0.1000    0.0260
     9        0.5491            -nan     0.1000    0.0205
    10        0.5107            -nan     0.1000    0.0179
    20        0.2566            -nan     0.1000    0.0084
    40        0.0899            -nan     0.1000    0.0007
    60        0.0431            -nan     0.1000    0.0002
    80        0.0219            -nan     0.1000    0.0002
   100        0.0114            -nan     0.1000    0.0002
   120        0.0067            -nan     0.1000    0.0001
   140        0.0036            -nan     0.1000    0.0000
   150        0.0027            -nan     0.1000    0.0000

Iter   TrainDeviance   ValidDeviance   StepSize   Improve
     1        1.2539            -nan     0.1000    0.0475
     2        1.1732            -nan     0.1000    0.0384
     3        1.0947            -nan     0.1000    0.0388
     4        1.0243            -nan     0.1000    0.0313
     5        0.9651            -nan     0.1000    0.0294
     6        0.9110            -nan     0.1000    0.0249
     7        0.8562            -nan     0.1000    0.0251
     8        0.8136            -nan     0.1000    0.0212
     9        0.7745            -nan     0.1000    0.0173
    10        0.7390            -nan     0.1000    0.0161
    20        0.4841            -nan     0.1000    0.0088
    40        0.2601            -nan     0.1000    0.0027
    60        0.1619            -nan     0.1000    0.0015
    80        0.1121            -nan     0.1000    0.0005
   100        0.0768            -nan     0.1000    0.0004
   120        0.0540            -nan     0.1000    0.0000
   140        0.0396            -nan     0.1000   -0.0000
   150        0.0344            -nan     0.1000    0.0001

Iter   TrainDeviance   ValidDeviance   StepSize   Improve
     1        1.2090            -nan     0.1000    0.0686
     2        1.1070            -nan     0.1000    0.0512
     3        1.0057            -nan     0.1000    0.0467
     4        0.9280            -nan     0.1000    0.0383
     5        0.8511            -nan     0.1000    0.0396
     6        0.7914            -nan     0.1000    0.0290
     7        0.7280            -nan     0.1000    0.0305
     8        0.6774            -nan     0.1000    0.0238
     9        0.6318            -nan     0.1000    0.0219
    10        0.5902            -nan     0.1000    0.0186
    20        0.3093            -nan     0.1000    0.0094
    40        0.1238            -nan     0.1000    0.0015
    60        0.0618            -nan     0.1000    0.0004
    80        0.0349            -nan     0.1000    0.0006
   100        0.0218            -nan     0.1000    0.0000
   120        0.0147            -nan     0.1000    0.0000
   140        0.0097            -nan     0.1000    0.0000
   150        0.0080            -nan     0.1000    0.0000

Iter   TrainDeviance   ValidDeviance   StepSize   Improve
     1        1.1926            -nan     0.1000    0.0749
     2        1.0683            -nan     0.1000    0.0594
     3        0.9653            -nan     0.1000    0.0495
     4        0.8808            -nan     0.1000    0.0396
     5        0.8013            -nan     0.1000    0.0394
     6        0.7368            -nan     0.1000    0.0312
     7        0.6830            -nan     0.1000    0.0248
     8        0.6355            -nan     0.1000    0.0220
     9        0.5818            -nan     0.1000    0.0248
    10        0.5366            -nan     0.1000    0.0220
    20        0.2701            -nan     0.1000    0.0070
    40        0.0885            -nan     0.1000    0.0013
    60        0.0392            -nan     0.1000    0.0007
    80        0.0197            -nan     0.1000    0.0002
   100        0.0107            -nan     0.1000   -0.0000
   120        0.0062            -nan     0.1000    0.0001
   140        0.0037            -nan     0.1000    0.0000
   150        0.0029            -nan     0.1000    0.0000

Iter   TrainDeviance   ValidDeviance   StepSize   Improve
     1        1.2356            -nan     0.1000    0.0496
     2        1.1542            -nan     0.1000    0.0402
     3        1.0815            -nan     0.1000    0.0333
     4        1.0175            -nan     0.1000    0.0269
     5        0.9516            -nan     0.1000    0.0325
     6        0.8993            -nan     0.1000    0.0254
     7        0.8541            -nan     0.1000    0.0217
     8        0.8088            -nan     0.1000    0.0237
     9        0.7687            -nan     0.1000    0.0190
    10        0.7318            -nan     0.1000    0.0170
    20        0.4811            -nan     0.1000    0.0094
    40        0.2582            -nan     0.1000    0.0028
    60        0.1545            -nan     0.1000    0.0013
    80        0.0997            -nan     0.1000    0.0009
   100        0.0675            -nan     0.1000    0.0004
   120        0.0490            -nan     0.1000   -0.0000
   140        0.0361            -nan     0.1000    0.0001
   150        0.0316            -nan     0.1000    0.0001

Iter   TrainDeviance   ValidDeviance   StepSize   Improve
     1        1.2017            -nan     0.1000    0.0666
     2        1.0878            -nan     0.1000    0.0565
     3        0.9909            -nan     0.1000    0.0485
     4        0.9105            -nan     0.1000    0.0387
     5        0.8405            -nan     0.1000    0.0326
     6        0.7854            -nan     0.1000    0.0267
     7        0.7269            -nan     0.1000    0.0266
     8        0.6762            -nan     0.1000    0.0243
     9        0.6241            -nan     0.1000    0.0250
    10        0.5770            -nan     0.1000    0.0230
    20        0.3044            -nan     0.1000    0.0081
    40        0.1146            -nan     0.1000    0.0021
    60        0.0578            -nan     0.1000    0.0006
    80        0.0319            -nan     0.1000    0.0003
   100        0.0193            -nan     0.1000    0.0000
   120        0.0121            -nan     0.1000    0.0000
   140        0.0076            -nan     0.1000   -0.0000
   150        0.0061            -nan     0.1000    0.0000

Iter   TrainDeviance   ValidDeviance   StepSize   Improve
     1        1.1874            -nan     0.1000    0.0723
     2        1.0579            -nan     0.1000    0.0660
     3        0.9577            -nan     0.1000    0.0516
     4        0.8703            -nan     0.1000    0.0409
     5        0.7932            -nan     0.1000    0.0357
     6        0.7279            -nan     0.1000    0.0303
     7        0.6687            -nan     0.1000    0.0280
     8        0.6125            -nan     0.1000    0.0246
     9        0.5688            -nan     0.1000    0.0197
    10        0.5210            -nan     0.1000    0.0233
    20        0.2573            -nan     0.1000    0.0062
    40        0.0907            -nan     0.1000    0.0018
    60        0.0380            -nan     0.1000    0.0002
    80        0.0207            -nan     0.1000    0.0001
   100        0.0105            -nan     0.1000    0.0001
   120        0.0060            -nan     0.1000    0.0000
   140        0.0035            -nan     0.1000   -0.0000
   150        0.0026            -nan     0.1000   -0.0000

Iter   TrainDeviance   ValidDeviance   StepSize   Improve
     1        1.2229            -nan     0.1000    0.0438
     2        1.1488            -nan     0.1000    0.0317
     3        1.0732            -nan     0.1000    0.0366
     4        1.0129            -nan     0.1000    0.0284
     5        0.9485            -nan     0.1000    0.0321
     6        0.8942            -nan     0.1000    0.0246
     7        0.8522            -nan     0.1000    0.0184
     8        0.8022            -nan     0.1000    0.0231
     9        0.7636            -nan     0.1000    0.0175
    10        0.7251            -nan     0.1000    0.0175
    20        0.4814            -nan     0.1000    0.0093
    40        0.2662            -nan     0.1000    0.0031
    60        0.1650            -nan     0.1000    0.0017
    80        0.1058            -nan     0.1000    0.0004
   100        0.0740            -nan     0.1000    0.0001
   120        0.0535            -nan     0.1000    0.0003
   140        0.0388            -nan     0.1000    0.0001
   150        0.0330            -nan     0.1000    0.0001

Iter   TrainDeviance   ValidDeviance   StepSize   Improve
     1        1.1939            -nan     0.1000    0.0562
     2        1.0795            -nan     0.1000    0.0536
     3        0.9793            -nan     0.1000    0.0490
     4        0.9065            -nan     0.1000    0.0343
     5        0.8398            -nan     0.1000    0.0312
     6        0.7802            -nan     0.1000    0.0267
     7        0.7256            -nan     0.1000    0.0267
     8        0.6712            -nan     0.1000    0.0280
     9        0.6295            -nan     0.1000    0.0196
    10        0.5906            -nan     0.1000    0.0178
    20        0.3169            -nan     0.1000    0.0108
    40        0.1249            -nan     0.1000    0.0022
    60        0.0654            -nan     0.1000    0.0003
    80        0.0365            -nan     0.1000    0.0000
   100        0.0227            -nan     0.1000    0.0001
   120        0.0134            -nan     0.1000    0.0001
   140        0.0085            -nan     0.1000    0.0001
   150        0.0067            -nan     0.1000    0.0000

Iter   TrainDeviance   ValidDeviance   StepSize   Improve
     1        1.1670            -nan     0.1000    0.0715
     2        1.0469            -nan     0.1000    0.0585
     3        0.9484            -nan     0.1000    0.0459
     4        0.8652            -nan     0.1000    0.0391
     5        0.7989            -nan     0.1000    0.0308
     6        0.7287            -nan     0.1000    0.0349
     7        0.6636            -nan     0.1000    0.0321
     8        0.6114            -nan     0.1000    0.0251
     9        0.5658            -nan     0.1000    0.0203
    10        0.5219            -nan     0.1000    0.0205
    20        0.2487            -nan     0.1000    0.0058
    40        0.0814            -nan     0.1000    0.0008
    60        0.0359            -nan     0.1000    0.0005
    80        0.0177            -nan     0.1000    0.0000
   100        0.0096            -nan     0.1000    0.0001
   120        0.0051            -nan     0.1000    0.0001
   140        0.0029            -nan     0.1000    0.0000
   150        0.0022            -nan     0.1000   -0.0000

Iter   TrainDeviance   ValidDeviance   StepSize   Improve
     1        1.2486            -nan     0.1000    0.0485
     2        1.1675            -nan     0.1000    0.0364
     3        1.0844            -nan     0.1000    0.0352
     4        1.0228            -nan     0.1000    0.0279
     5        0.9664            -nan     0.1000    0.0272
     6        0.9157            -nan     0.1000    0.0238
     7        0.8668            -nan     0.1000    0.0232
     8        0.8257            -nan     0.1000    0.0191
     9        0.7884            -nan     0.1000    0.0180
    10        0.7524            -nan     0.1000    0.0164
    20        0.5038            -nan     0.1000    0.0087
    40        0.2776            -nan     0.1000    0.0035
    60        0.1734            -nan     0.1000    0.0017
    80        0.1179            -nan     0.1000    0.0007
   100        0.0817            -nan     0.1000    0.0005
   120        0.0576            -nan     0.1000    0.0002
   140        0.0408            -nan     0.1000    0.0003
   150        0.0356            -nan     0.1000    0.0002

Iter   TrainDeviance   ValidDeviance   StepSize   Improve
     1        1.2090            -nan     0.1000    0.0661
     2        1.0983            -nan     0.1000    0.0532
     3        1.0108            -nan     0.1000    0.0417
     4        0.9297            -nan     0.1000    0.0381
     5        0.8633            -nan     0.1000    0.0288
     6        0.8041            -nan     0.1000    0.0287
     7        0.7490            -nan     0.1000    0.0265
     8        0.7030            -nan     0.1000    0.0204
     9        0.6593            -nan     0.1000    0.0207
    10        0.6207            -nan     0.1000    0.0172
    20        0.3480            -nan     0.1000    0.0084
    40        0.1387            -nan     0.1000    0.0032
    60        0.0639            -nan     0.1000    0.0008
    80        0.0344            -nan     0.1000    0.0001
   100        0.0222            -nan     0.1000    0.0001
   120        0.0139            -nan     0.1000    0.0000
   140        0.0087            -nan     0.1000    0.0000
   150        0.0070            -nan     0.1000    0.0000

Iter   TrainDeviance   ValidDeviance   StepSize   Improve
     1        1.1919            -nan     0.1000    0.0727
     2        1.0713            -nan     0.1000    0.0570
     3        0.9693            -nan     0.1000    0.0490
     4        0.8812            -nan     0.1000    0.0421
     5        0.8094            -nan     0.1000    0.0333
     6        0.7449            -nan     0.1000    0.0312
     7        0.6858            -nan     0.1000    0.0268
     8        0.6247            -nan     0.1000    0.0275
     9        0.5762            -nan     0.1000    0.0233
    10        0.5334            -nan     0.1000    0.0199
    20        0.2620            -nan     0.1000    0.0069
    40        0.0908            -nan     0.1000    0.0015
    60        0.0376            -nan     0.1000    0.0005
    80        0.0181            -nan     0.1000    0.0002
   100        0.0099            -nan     0.1000    0.0000
   120        0.0060            -nan     0.1000    0.0000
   140        0.0037            -nan     0.1000    0.0000
   150        0.0028            -nan     0.1000    0.0000

Iter   TrainDeviance   ValidDeviance   StepSize   Improve
     1        1.1991            -nan     0.1000    0.0430
     2        1.1155            -nan     0.1000    0.0391
     3        1.0437            -nan     0.1000    0.0349
     4        0.9780            -nan     0.1000    0.0326
     5        0.9137            -nan     0.1000    0.0297
     6        0.8620            -nan     0.1000    0.0243
     7        0.8137            -nan     0.1000    0.0232
     8        0.7727            -nan     0.1000    0.0197
     9        0.7337            -nan     0.1000    0.0186
    10        0.6977            -nan     0.1000    0.0147
    20        0.4538            -nan     0.1000    0.0090
    40        0.2459            -nan     0.1000    0.0025
    60        0.1471            -nan     0.1000    0.0016
    80        0.0975            -nan     0.1000    0.0007
   100        0.0701            -nan     0.1000    0.0003
   120        0.0500            -nan     0.1000    0.0003
   140        0.0362            -nan     0.1000    0.0001
   150        0.0312            -nan     0.1000    0.0001

Iter   TrainDeviance   ValidDeviance   StepSize   Improve
     1        1.1709            -nan     0.1000    0.0574
     2        1.0473            -nan     0.1000    0.0593
     3        0.9668            -nan     0.1000    0.0379
     4        0.8828            -nan     0.1000    0.0418
     5        0.8014            -nan     0.1000    0.0379
     6        0.7372            -nan     0.1000    0.0313
     7        0.6794            -nan     0.1000    0.0283
     8        0.6303            -nan     0.1000    0.0230
     9        0.5873            -nan     0.1000    0.0212
    10        0.5514            -nan     0.1000    0.0170
    20        0.3015            -nan     0.1000    0.0062
    40        0.1191            -nan     0.1000    0.0024
    60        0.0611            -nan     0.1000    0.0002
    80        0.0374            -nan     0.1000    0.0002
   100        0.0216            -nan     0.1000    0.0001
   120        0.0146            -nan     0.1000    0.0000
   140        0.0094            -nan     0.1000    0.0001
   150        0.0077            -nan     0.1000    0.0000

Iter   TrainDeviance   ValidDeviance   StepSize   Improve
     1        1.1403            -nan     0.1000    0.0773
     2        1.0131            -nan     0.1000    0.0594
     3        0.9140            -nan     0.1000    0.0483
     4        0.8335            -nan     0.1000    0.0355
     5        0.7643            -nan     0.1000    0.0320
     6        0.6969            -nan     0.1000    0.0323
     7        0.6403            -nan     0.1000    0.0263
     8        0.5923            -nan     0.1000    0.0228
     9        0.5451            -nan     0.1000    0.0215
    10        0.5024            -nan     0.1000    0.0194
    20        0.2415            -nan     0.1000    0.0075
    40        0.0885            -nan     0.1000    0.0013
    60        0.0416            -nan     0.1000    0.0004
    80        0.0219            -nan     0.1000    0.0002
   100        0.0128            -nan     0.1000    0.0000
   120        0.0072            -nan     0.1000    0.0000
   140        0.0043            -nan     0.1000   -0.0000
   150        0.0033            -nan     0.1000    0.0000

Iter   TrainDeviance   ValidDeviance   StepSize   Improve
     1        1.2376            -nan     0.1000    0.0460
     2        1.1635            -nan     0.1000    0.0364
     3        1.0967            -nan     0.1000    0.0304
     4        1.0346            -nan     0.1000    0.0283
     5        0.9829            -nan     0.1000    0.0248
     6        0.9355            -nan     0.1000    0.0216
     7        0.8875            -nan     0.1000    0.0232
     8        0.8399            -nan     0.1000    0.0218
     9        0.8018            -nan     0.1000    0.0191
    10        0.7675            -nan     0.1000    0.0146
    20        0.5133            -nan     0.1000    0.0094
    40        0.2864            -nan     0.1000    0.0025
    60        0.1769            -nan     0.1000    0.0014
    80        0.1199            -nan     0.1000    0.0006
   100        0.0841            -nan     0.1000    0.0004
   120        0.0624            -nan     0.1000    0.0002
   140        0.0488            -nan     0.1000    0.0001
   150        0.0428            -nan     0.1000    0.0001

Iter   TrainDeviance   ValidDeviance   StepSize   Improve
     1        1.1948            -nan     0.1000    0.0662
     2        1.0875            -nan     0.1000    0.0528
     3        0.9857            -nan     0.1000    0.0489
     4        0.9136            -nan     0.1000    0.0341
     5        0.8509            -nan     0.1000    0.0291
     6        0.7790            -nan     0.1000    0.0332
     7        0.7291            -nan     0.1000    0.0240
     8        0.6806            -nan     0.1000    0.0242
     9        0.6397            -nan     0.1000    0.0199
    10        0.6009            -nan     0.1000    0.0171
    20        0.3257            -nan     0.1000    0.0098
    40        0.1330            -nan     0.1000    0.0023
    60        0.0679            -nan     0.1000    0.0005
    80        0.0380            -nan     0.1000    0.0006
   100        0.0229            -nan     0.1000    0.0001
   120        0.0144            -nan     0.1000    0.0001
   140        0.0095            -nan     0.1000    0.0000
   150        0.0076            -nan     0.1000    0.0000

Iter   TrainDeviance   ValidDeviance   StepSize   Improve
     1        1.1787            -nan     0.1000    0.0738
     2        1.0548            -nan     0.1000    0.0602
     3        0.9565            -nan     0.1000    0.0478
     4        0.8797            -nan     0.1000    0.0346
     5        0.8108            -nan     0.1000    0.0334
     6        0.7463            -nan     0.1000    0.0317
     7        0.6869            -nan     0.1000    0.0270
     8        0.6381            -nan     0.1000    0.0229
     9        0.5936            -nan     0.1000    0.0209
    10        0.5516            -nan     0.1000    0.0206
    20        0.2781            -nan     0.1000    0.0077
    40        0.0977            -nan     0.1000    0.0014
    60        0.0428            -nan     0.1000    0.0005
    80        0.0214            -nan     0.1000    0.0001
   100        0.0122            -nan     0.1000    0.0000
   120        0.0073            -nan     0.1000    0.0001
   140        0.0040            -nan     0.1000    0.0000
   150        0.0030            -nan     0.1000    0.0000

Iter   TrainDeviance   ValidDeviance   StepSize   Improve
     1        1.2372            -nan     0.1000    0.0465
     2        1.1611            -nan     0.1000    0.0371
     3        1.0883            -nan     0.1000    0.0357
     4        1.0247            -nan     0.1000    0.0315
     5        0.9714            -nan     0.1000    0.0240
     6        0.9200            -nan     0.1000    0.0247
     7        0.8715            -nan     0.1000    0.0231
     8        0.8276            -nan     0.1000    0.0201
     9        0.7899            -nan     0.1000    0.0171
    10        0.7567            -nan     0.1000    0.0147
    20        0.5106            -nan     0.1000    0.0073
    40        0.2808            -nan     0.1000    0.0022
    60        0.1758            -nan     0.1000    0.0016
    80        0.1209            -nan     0.1000    0.0007
   100        0.0828            -nan     0.1000    0.0005
   120        0.0596            -nan     0.1000    0.0006
   140        0.0450            -nan     0.1000    0.0002
   150        0.0379            -nan     0.1000   -0.0000

Iter   TrainDeviance   ValidDeviance   StepSize   Improve
     1        1.2086            -nan     0.1000    0.0554
     2        1.0981            -nan     0.1000    0.0526
     3        1.0107            -nan     0.1000    0.0400
     4        0.9419            -nan     0.1000    0.0333
     5        0.8638            -nan     0.1000    0.0388
     6        0.7980            -nan     0.1000    0.0321
     7        0.7436            -nan     0.1000    0.0265
     8        0.6919            -nan     0.1000    0.0231
     9        0.6495            -nan     0.1000    0.0199
    10        0.6082            -nan     0.1000    0.0208
    20        0.3309            -nan     0.1000    0.0104
    40        0.1310            -nan     0.1000    0.0022
    60        0.0651            -nan     0.1000    0.0012
    80        0.0361            -nan     0.1000    0.0002
   100        0.0215            -nan     0.1000    0.0002
   120        0.0121            -nan     0.1000    0.0001
   140        0.0074            -nan     0.1000    0.0000
   150        0.0061            -nan     0.1000    0.0000

Iter   TrainDeviance   ValidDeviance   StepSize   Improve
     1        1.1850            -nan     0.1000    0.0743
     2        1.0675            -nan     0.1000    0.0580
     3        0.9661            -nan     0.1000    0.0492
     4        0.8821            -nan     0.1000    0.0405
     5        0.8093            -nan     0.1000    0.0329
     6        0.7424            -nan     0.1000    0.0310
     7        0.6844            -nan     0.1000    0.0282
     8        0.6359            -nan     0.1000    0.0228
     9        0.5896            -nan     0.1000    0.0225
    10        0.5446            -nan     0.1000    0.0215
    20        0.2691            -nan     0.1000    0.0077
    40        0.0962            -nan     0.1000    0.0028
    60        0.0403            -nan     0.1000    0.0006
    80        0.0187            -nan     0.1000    0.0003
   100        0.0098            -nan     0.1000    0.0001
   120        0.0057            -nan     0.1000    0.0000
   140        0.0033            -nan     0.1000   -0.0000
   150        0.0025            -nan     0.1000    0.0000

Iter   TrainDeviance   ValidDeviance   StepSize   Improve
     1        1.2397            -nan     0.1000    0.0422
     2        1.1495            -nan     0.1000    0.0417
     3        1.0851            -nan     0.1000    0.0292
     4        1.0231            -nan     0.1000    0.0285
     5        0.9664            -nan     0.1000    0.0259
     6        0.9125            -nan     0.1000    0.0270
     7        0.8692            -nan     0.1000    0.0193
     8        0.8233            -nan     0.1000    0.0234
     9        0.7800            -nan     0.1000    0.0198
    10        0.7447            -nan     0.1000    0.0170
    20        0.4873            -nan     0.1000    0.0083
    40        0.2634            -nan     0.1000    0.0023
    60        0.1647            -nan     0.1000    0.0009
    80        0.1074            -nan     0.1000    0.0011
   100        0.0743            -nan     0.1000    0.0004
   120        0.0530            -nan     0.1000    0.0001
   140        0.0386            -nan     0.1000    0.0004
   150        0.0332            -nan     0.1000    0.0002

Iter   TrainDeviance   ValidDeviance   StepSize   Improve
     1        1.1984            -nan     0.1000    0.0637
     2        1.0959            -nan     0.1000    0.0521
     3        0.9961            -nan     0.1000    0.0463
     4        0.9166            -nan     0.1000    0.0381
     5        0.8542            -nan     0.1000    0.0297
     6        0.7915            -nan     0.1000    0.0292
     7        0.7384            -nan     0.1000    0.0251
     8        0.6884            -nan     0.1000    0.0249
     9        0.6432            -nan     0.1000    0.0211
    10        0.5982            -nan     0.1000    0.0215
    20        0.3199            -nan     0.1000    0.0084
    40        0.1258            -nan     0.1000    0.0021
    60        0.0664            -nan     0.1000    0.0002
    80        0.0364            -nan     0.1000    0.0002
   100        0.0215            -nan     0.1000    0.0004
   120        0.0130            -nan     0.1000    0.0000
   140        0.0081            -nan     0.1000    0.0000
   150        0.0063            -nan     0.1000    0.0000

Iter   TrainDeviance   ValidDeviance   StepSize   Improve
     1        1.1790            -nan     0.1000    0.0763
     2        1.0624            -nan     0.1000    0.0580
     3        0.9548            -nan     0.1000    0.0534
     4        0.8767            -nan     0.1000    0.0345
     5        0.7977            -nan     0.1000    0.0370
     6        0.7368            -nan     0.1000    0.0286
     7        0.6780            -nan     0.1000    0.0280
     8        0.6259            -nan     0.1000    0.0244
     9        0.5798            -nan     0.1000    0.0219
    10        0.5386            -nan     0.1000    0.0183
    20        0.2630            -nan     0.1000    0.0083
    40        0.0893            -nan     0.1000    0.0018
    60        0.0397            -nan     0.1000    0.0006
    80        0.0196            -nan     0.1000    0.0002
   100        0.0107            -nan     0.1000    0.0000
   120        0.0056            -nan     0.1000    0.0000
   140        0.0033            -nan     0.1000    0.0000
   150        0.0024            -nan     0.1000    0.0000

Iter   TrainDeviance   ValidDeviance   StepSize   Improve
     1        1.2222            -nan     0.1000    0.0545
     2        1.1368            -nan     0.1000    0.0389
     3        1.0604            -nan     0.1000    0.0374
     4        0.9872            -nan     0.1000    0.0350
     5        0.9251            -nan     0.1000    0.0302
     6        0.8725            -nan     0.1000    0.0260
     7        0.8198            -nan     0.1000    0.0262
     8        0.7727            -nan     0.1000    0.0219
     9        0.7320            -nan     0.1000    0.0199
    10        0.6967            -nan     0.1000    0.0165
    20        0.4425            -nan     0.1000    0.0082
    40        0.2267            -nan     0.1000    0.0030
    60        0.1367            -nan     0.1000    0.0016
    80        0.0874            -nan     0.1000    0.0002
   100        0.0588            -nan     0.1000    0.0005
   120        0.0398            -nan     0.1000    0.0002
   140        0.0286            -nan     0.1000    0.0002
   150        0.0242            -nan     0.1000    0.0001

Iter   TrainDeviance   ValidDeviance   StepSize   Improve
     1        1.1791            -nan     0.1000    0.0763
     2        1.0580            -nan     0.1000    0.0611
     3        0.9640            -nan     0.1000    0.0464
     4        0.8736            -nan     0.1000    0.0432
     5        0.7906            -nan     0.1000    0.0397
     6        0.7223            -nan     0.1000    0.0320
     7        0.6692            -nan     0.1000    0.0266
     8        0.6163            -nan     0.1000    0.0246
     9        0.5721            -nan     0.1000    0.0204
    10        0.5319            -nan     0.1000    0.0185
    20        0.2869            -nan     0.1000    0.0070
    40        0.1022            -nan     0.1000    0.0022
    60        0.0506            -nan     0.1000    0.0003
    80        0.0262            -nan     0.1000    0.0002
   100        0.0153            -nan     0.1000    0.0002
   120        0.0094            -nan     0.1000    0.0000
   140        0.0060            -nan     0.1000    0.0000
   150        0.0044            -nan     0.1000   -0.0000

Iter   TrainDeviance   ValidDeviance   StepSize   Improve
     1        1.1661            -nan     0.1000    0.0845
     2        1.0295            -nan     0.1000    0.0698
     3        0.9173            -nan     0.1000    0.0566
     4        0.8394            -nan     0.1000    0.0351
     5        0.7602            -nan     0.1000    0.0379
     6        0.6872            -nan     0.1000    0.0351
     7        0.6230            -nan     0.1000    0.0312
     8        0.5680            -nan     0.1000    0.0263
     9        0.5180            -nan     0.1000    0.0246
    10        0.4750            -nan     0.1000    0.0210
    20        0.2244            -nan     0.1000    0.0084
    40        0.0746            -nan     0.1000    0.0012
    60        0.0316            -nan     0.1000    0.0003
    80        0.0165            -nan     0.1000    0.0001
   100        0.0082            -nan     0.1000    0.0001
   120        0.0045            -nan     0.1000    0.0000
   140        0.0024            -nan     0.1000    0.0000
   150        0.0018            -nan     0.1000    0.0000

Iter   TrainDeviance   ValidDeviance   StepSize   Improve
     1        1.2031            -nan     0.1000    0.0493
     2        1.1240            -nan     0.1000    0.0392
     3        1.0547            -nan     0.1000    0.0319
     4        0.9923            -nan     0.1000    0.0303
     5        0.9390            -nan     0.1000    0.0252
     6        0.8852            -nan     0.1000    0.0247
     7        0.8410            -nan     0.1000    0.0202
     8        0.7948            -nan     0.1000    0.0196
     9        0.7560            -nan     0.1000    0.0193
    10        0.7211            -nan     0.1000    0.0163
    20        0.4780            -nan     0.1000    0.0065
    40        0.2540            -nan     0.1000    0.0030
    60        0.1548            -nan     0.1000    0.0010
    80        0.1001            -nan     0.1000    0.0007
   100        0.0688            -nan     0.1000    0.0005
   120        0.0492            -nan     0.1000    0.0002
   140        0.0360            -nan     0.1000   -0.0001
   150        0.0321            -nan     0.1000   -0.0000

Iter   TrainDeviance   ValidDeviance   StepSize   Improve
     1        1.1640            -nan     0.1000    0.0684
     2        1.0502            -nan     0.1000    0.0558
     3        0.9600            -nan     0.1000    0.0446
     4        0.8839            -nan     0.1000    0.0335
     5        0.8228            -nan     0.1000    0.0290
     6        0.7579            -nan     0.1000    0.0322
     7        0.7079            -nan     0.1000    0.0235
     8        0.6588            -nan     0.1000    0.0243
     9        0.6175            -nan     0.1000    0.0198
    10        0.5753            -nan     0.1000    0.0196
    20        0.3148            -nan     0.1000    0.0103
    40        0.1176            -nan     0.1000    0.0028
    60        0.0616            -nan     0.1000    0.0002
    80        0.0331            -nan     0.1000    0.0001
   100        0.0197            -nan     0.1000    0.0002
   120        0.0130            -nan     0.1000    0.0000
   140        0.0078            -nan     0.1000    0.0000
   150        0.0061            -nan     0.1000   -0.0000

Iter   TrainDeviance   ValidDeviance   StepSize   Improve
     1        1.1495            -nan     0.1000    0.0724
     2        1.0271            -nan     0.1000    0.0582
     3        0.9233            -nan     0.1000    0.0507
     4        0.8399            -nan     0.1000    0.0391
     5        0.7618            -nan     0.1000    0.0351
     6        0.6946            -nan     0.1000    0.0310
     7        0.6422            -nan     0.1000    0.0240
     8        0.5911            -nan     0.1000    0.0242
     9        0.5448            -nan     0.1000    0.0218
    10        0.5006            -nan     0.1000    0.0204
    20        0.2573            -nan     0.1000    0.0080
    40        0.0917            -nan     0.1000    0.0014
    60        0.0403            -nan     0.1000    0.0006
    80        0.0221            -nan     0.1000    0.0002
   100        0.0126            -nan     0.1000    0.0000
   120        0.0076            -nan     0.1000    0.0001
   140        0.0042            -nan     0.1000    0.0000
   150        0.0032            -nan     0.1000    0.0000

Iter   TrainDeviance   ValidDeviance   StepSize   Improve
     1        1.2118            -nan     0.1000    0.0517
     2        1.1310            -nan     0.1000    0.0389
     3        1.0530            -nan     0.1000    0.0343
     4        0.9860            -nan     0.1000    0.0296
     5        0.9262            -nan     0.1000    0.0278
     6        0.8725            -nan     0.1000    0.0227
     7        0.8211            -nan     0.1000    0.0233
     8        0.7729            -nan     0.1000    0.0237
     9        0.7354            -nan     0.1000    0.0163
    10        0.6963            -nan     0.1000    0.0185
    20        0.4546            -nan     0.1000    0.0082
    40        0.2442            -nan     0.1000    0.0022
    60        0.1478            -nan     0.1000    0.0016
    80        0.0953            -nan     0.1000    0.0005
   100        0.0635            -nan     0.1000    0.0006
   120        0.0456            -nan     0.1000    0.0003
   140        0.0333            -nan     0.1000    0.0003
   150        0.0293            -nan     0.1000    0.0002

Iter   TrainDeviance   ValidDeviance   StepSize   Improve
     1        1.1817            -nan     0.1000    0.0626
     2        1.0684            -nan     0.1000    0.0550
     3        0.9772            -nan     0.1000    0.0438
     4        0.8949            -nan     0.1000    0.0386
     5        0.8290            -nan     0.1000    0.0315
     6        0.7694            -nan     0.1000    0.0267
     7        0.7149            -nan     0.1000    0.0267
     8        0.6675            -nan     0.1000    0.0226
     9        0.6202            -nan     0.1000    0.0230
    10        0.5784            -nan     0.1000    0.0197
    20        0.3174            -nan     0.1000    0.0085
    40        0.1270            -nan     0.1000    0.0016
    60        0.0626            -nan     0.1000    0.0006
    80        0.0355            -nan     0.1000    0.0001
   100        0.0222            -nan     0.1000    0.0002
   120        0.0141            -nan     0.1000    0.0001
   140        0.0092            -nan     0.1000    0.0000
   150        0.0077            -nan     0.1000    0.0001

Iter   TrainDeviance   ValidDeviance   StepSize   Improve
     1        1.1693            -nan     0.1000    0.0718
     2        1.0456            -nan     0.1000    0.0606
     3        0.9360            -nan     0.1000    0.0524
     4        0.8521            -nan     0.1000    0.0402
     5        0.7797            -nan     0.1000    0.0335
     6        0.7108            -nan     0.1000    0.0319
     7        0.6572            -nan     0.1000    0.0230
     8        0.6041            -nan     0.1000    0.0262
     9        0.5606            -nan     0.1000    0.0202
    10        0.5181            -nan     0.1000    0.0198
    20        0.2567            -nan     0.1000    0.0069
    40        0.0826            -nan     0.1000    0.0013
    60        0.0356            -nan     0.1000    0.0005
    80        0.0188            -nan     0.1000    0.0002
   100        0.0097            -nan     0.1000    0.0001
   120        0.0059            -nan     0.1000    0.0001
   140        0.0035            -nan     0.1000    0.0000
   150        0.0025            -nan     0.1000    0.0000

Iter   TrainDeviance   ValidDeviance   StepSize   Improve
     1        1.2361            -nan     0.1000    0.0462
     2        1.1529            -nan     0.1000    0.0388
     3        1.0856            -nan     0.1000    0.0304
     4        1.0255            -nan     0.1000    0.0296
     5        0.9663            -nan     0.1000    0.0269
     6        0.9141            -nan     0.1000    0.0241
     7        0.8719            -nan     0.1000    0.0204
     8        0.8325            -nan     0.1000    0.0189
     9        0.7944            -nan     0.1000    0.0176
    10        0.7611            -nan     0.1000    0.0156
    20        0.5125            -nan     0.1000    0.0074
    40        0.2842            -nan     0.1000    0.0029
    60        0.1787            -nan     0.1000    0.0024
    80        0.1211            -nan     0.1000    0.0007
   100        0.0877            -nan     0.1000    0.0002
   120        0.0642            -nan     0.1000    0.0004
   140        0.0470            -nan     0.1000    0.0001
   150        0.0408            -nan     0.1000    0.0003

Iter   TrainDeviance   ValidDeviance   StepSize   Improve
     1        1.2030            -nan     0.1000    0.0646
     2        1.0981            -nan     0.1000    0.0510
     3        1.0075            -nan     0.1000    0.0441
     4        0.9299            -nan     0.1000    0.0368
     5        0.8596            -nan     0.1000    0.0344
     6        0.7975            -nan     0.1000    0.0301
     7        0.7450            -nan     0.1000    0.0246
     8        0.7028            -nan     0.1000    0.0189
     9        0.6597            -nan     0.1000    0.0198
    10        0.6200            -nan     0.1000    0.0179
    20        0.3539            -nan     0.1000    0.0084
    40        0.1420            -nan     0.1000    0.0026
    60        0.0779            -nan     0.1000    0.0006
    80        0.0431            -nan     0.1000    0.0000
   100        0.0255            -nan     0.1000    0.0002
   120        0.0160            -nan     0.1000    0.0002
   140        0.0100            -nan     0.1000    0.0000
   150        0.0080            -nan     0.1000    0.0000

Iter   TrainDeviance   ValidDeviance   StepSize   Improve
     1        1.1859            -nan     0.1000    0.0632
     2        1.0762            -nan     0.1000    0.0523
     3        0.9755            -nan     0.1000    0.0487
     4        0.8887            -nan     0.1000    0.0397
     5        0.8138            -nan     0.1000    0.0359
     6        0.7490            -nan     0.1000    0.0291
     7        0.6976            -nan     0.1000    0.0223
     8        0.6380            -nan     0.1000    0.0300
     9        0.5826            -nan     0.1000    0.0270
    10        0.5456            -nan     0.1000    0.0148
    20        0.2818            -nan     0.1000    0.0090
    40        0.0991            -nan     0.1000    0.0018
    60        0.0463            -nan     0.1000    0.0007
    80        0.0251            -nan     0.1000    0.0003
   100        0.0145            -nan     0.1000    0.0001
   120        0.0088            -nan     0.1000    0.0000
   140        0.0053            -nan     0.1000    0.0000
   150        0.0040            -nan     0.1000    0.0000

Iter   TrainDeviance   ValidDeviance   StepSize   Improve
     1        1.2383            -nan     0.1000    0.0457
     2        1.1628            -nan     0.1000    0.0345
     3        1.0875            -nan     0.1000    0.0374
     4        1.0284            -nan     0.1000    0.0272
     5        0.9668            -nan     0.1000    0.0278
     6        0.9154            -nan     0.1000    0.0253
     7        0.8702            -nan     0.1000    0.0214
     8        0.8314            -nan     0.1000    0.0187
     9        0.7971            -nan     0.1000    0.0143
    10        0.7610            -nan     0.1000    0.0168
    20        0.4995            -nan     0.1000    0.0097
    40        0.2717            -nan     0.1000    0.0034
    60        0.1698            -nan     0.1000    0.0014
    80        0.1112            -nan     0.1000    0.0006
   100        0.0767            -nan     0.1000    0.0003
   120        0.0560            -nan     0.1000    0.0002
   140        0.0413            -nan     0.1000    0.0000
   150        0.0354            -nan     0.1000    0.0001

Iter   TrainDeviance   ValidDeviance   StepSize   Improve
     1        1.2237            -nan     0.1000    0.0516
     2        1.1142            -nan     0.1000    0.0505
     3        1.0200            -nan     0.1000    0.0457
     4        0.9407            -nan     0.1000    0.0363
     5        0.8734            -nan     0.1000    0.0317
     6        0.8166            -nan     0.1000    0.0265
     7        0.7491            -nan     0.1000    0.0338
     8        0.6911            -nan     0.1000    0.0278
     9        0.6456            -nan     0.1000    0.0211
    10        0.6055            -nan     0.1000    0.0183
    20        0.3405            -nan     0.1000    0.0066
    40        0.1308            -nan     0.1000    0.0022
    60        0.0664            -nan     0.1000    0.0006
    80        0.0376            -nan     0.1000    0.0001
   100        0.0217            -nan     0.1000    0.0000
   120        0.0151            -nan     0.1000    0.0001
   140        0.0098            -nan     0.1000    0.0000
   150        0.0079            -nan     0.1000    0.0000

Iter   TrainDeviance   ValidDeviance   StepSize   Improve
     1        1.1991            -nan     0.1000    0.0649
     2        1.0823            -nan     0.1000    0.0564
     3        0.9821            -nan     0.1000    0.0465
     4        0.8997            -nan     0.1000    0.0404
     5        0.8249            -nan     0.1000    0.0336
     6        0.7641            -nan     0.1000    0.0269
     7        0.7010            -nan     0.1000    0.0306
     8        0.6457            -nan     0.1000    0.0258
     9        0.5919            -nan     0.1000    0.0243
    10        0.5453            -nan     0.1000    0.0220
    20        0.2861            -nan     0.1000    0.0096
    40        0.0980            -nan     0.1000    0.0026
    60        0.0417            -nan     0.1000    0.0007
    80        0.0207            -nan     0.1000    0.0004
   100        0.0116            -nan     0.1000    0.0001
   120        0.0069            -nan     0.1000    0.0000
   140        0.0040            -nan     0.1000    0.0000
   150        0.0031            -nan     0.1000    0.0000

Iter   TrainDeviance   ValidDeviance   StepSize   Improve
     1        1.2247            -nan     0.1000    0.0529
     2        1.1439            -nan     0.1000    0.0344
     3        1.0702            -nan     0.1000    0.0378
     4        1.0096            -nan     0.1000    0.0296
     5        0.9498            -nan     0.1000    0.0271
     6        0.8982            -nan     0.1000    0.0267
     7        0.8528            -nan     0.1000    0.0224
     8        0.8080            -nan     0.1000    0.0211
     9        0.7684            -nan     0.1000    0.0194
    10        0.7336            -nan     0.1000    0.0164
    20        0.4912            -nan     0.1000    0.0086
    40        0.2737            -nan     0.1000    0.0030
    60        0.1732            -nan     0.1000    0.0016
    80        0.1176            -nan     0.1000    0.0009
   100        0.0837            -nan     0.1000    0.0002
   120        0.0604            -nan     0.1000    0.0001
   140        0.0451            -nan     0.1000    0.0003
   150        0.0400            -nan     0.1000    0.0002

Iter   TrainDeviance   ValidDeviance   StepSize   Improve
     1        1.1944            -nan     0.1000    0.0681
     2        1.0880            -nan     0.1000    0.0513
     3        0.9987            -nan     0.1000    0.0429
     4        0.9259            -nan     0.1000    0.0352
     5        0.8534            -nan     0.1000    0.0349
     6        0.7924            -nan     0.1000    0.0280
     7        0.7384            -nan     0.1000    0.0244
     8        0.6868            -nan     0.1000    0.0238
     9        0.6425            -nan     0.1000    0.0199
    10        0.5954            -nan     0.1000    0.0228
    20        0.3403            -nan     0.1000    0.0054
    40        0.1404            -nan     0.1000    0.0025
    60        0.0678            -nan     0.1000    0.0007
    80        0.0405            -nan     0.1000    0.0004
   100        0.0244            -nan     0.1000   -0.0000
   120        0.0156            -nan     0.1000    0.0001
   140        0.0101            -nan     0.1000    0.0001
   150        0.0082            -nan     0.1000    0.0000

Iter   TrainDeviance   ValidDeviance   StepSize   Improve
     1        1.1789            -nan     0.1000    0.0755
     2        1.0608            -nan     0.1000    0.0564
     3        0.9616            -nan     0.1000    0.0459
     4        0.8772            -nan     0.1000    0.0391
     5        0.8047            -nan     0.1000    0.0358
     6        0.7357            -nan     0.1000    0.0314
     7        0.6775            -nan     0.1000    0.0270
     8        0.6243            -nan     0.1000    0.0253
     9        0.5743            -nan     0.1000    0.0242
    10        0.5324            -nan     0.1000    0.0206
    20        0.2779            -nan     0.1000    0.0085
    40        0.1026            -nan     0.1000    0.0019
    60        0.0493            -nan     0.1000    0.0002
    80        0.0247            -nan     0.1000    0.0001
   100        0.0127            -nan     0.1000    0.0000
   120        0.0066            -nan     0.1000    0.0000
   140        0.0038            -nan     0.1000    0.0000
   150        0.0028            -nan     0.1000    0.0000

Iter   TrainDeviance   ValidDeviance   StepSize   Improve
     1        1.2314            -nan     0.1000    0.0446
     2        1.1466            -nan     0.1000    0.0428
     3        1.0750            -nan     0.1000    0.0345
     4        1.0093            -nan     0.1000    0.0313
     5        0.9597            -nan     0.1000    0.0220
     6        0.9086            -nan     0.1000    0.0250
     7        0.8616            -nan     0.1000    0.0221
     8        0.8199            -nan     0.1000    0.0182
     9        0.7823            -nan     0.1000    0.0179
    10        0.7412            -nan     0.1000    0.0192
    20        0.5056            -nan     0.1000    0.0078
    40        0.2831            -nan     0.1000    0.0031
    60        0.1773            -nan     0.1000    0.0013
    80        0.1201            -nan     0.1000    0.0006
   100        0.0824            -nan     0.1000    0.0008
   120        0.0605            -nan     0.1000    0.0002
   140        0.0443            -nan     0.1000    0.0002
   150        0.0390            -nan     0.1000    0.0001

Iter   TrainDeviance   ValidDeviance   StepSize   Improve
     1        1.2016            -nan     0.1000    0.0623
     2        1.0968            -nan     0.1000    0.0526
     3        1.0114            -nan     0.1000    0.0412
     4        0.9278            -nan     0.1000    0.0378
     5        0.8585            -nan     0.1000    0.0333
     6        0.7815            -nan     0.1000    0.0378
     7        0.7293            -nan     0.1000    0.0246
     8        0.6819            -nan     0.1000    0.0210
     9        0.6369            -nan     0.1000    0.0206
    10        0.5855            -nan     0.1000    0.0251
    20        0.3279            -nan     0.1000    0.0074
    40        0.1404            -nan     0.1000    0.0031
    60        0.0681            -nan     0.1000    0.0007
    80        0.0386            -nan     0.1000    0.0002
   100        0.0233            -nan     0.1000    0.0001
   120        0.0154            -nan     0.1000   -0.0000
   140        0.0105            -nan     0.1000    0.0000
   150        0.0085            -nan     0.1000    0.0000

Iter   TrainDeviance   ValidDeviance   StepSize   Improve
     1        1.1855            -nan     0.1000    0.0718
     2        1.0659            -nan     0.1000    0.0590
     3        0.9684            -nan     0.1000    0.0469
     4        0.8788            -nan     0.1000    0.0429
     5        0.8066            -nan     0.1000    0.0355
     6        0.7378            -nan     0.1000    0.0324
     7        0.6780            -nan     0.1000    0.0275
     8        0.6259            -nan     0.1000    0.0247
     9        0.5801            -nan     0.1000    0.0200
    10        0.5376            -nan     0.1000    0.0198
    20        0.2732            -nan     0.1000    0.0072
    40        0.0948            -nan     0.1000    0.0016
    60        0.0425            -nan     0.1000    0.0005
    80        0.0226            -nan     0.1000    0.0001
   100        0.0125            -nan     0.1000    0.0001
   120        0.0075            -nan     0.1000    0.0001
   140        0.0044            -nan     0.1000    0.0000
   150        0.0032            -nan     0.1000   -0.0000

Iter   TrainDeviance   ValidDeviance   StepSize   Improve
     1        1.1892            -nan     0.1000    0.0482
     2        1.1129            -nan     0.1000    0.0357
     3        1.0422            -nan     0.1000    0.0359
     4        0.9771            -nan     0.1000    0.0295
     5        0.9254            -nan     0.1000    0.0244
     6        0.8739            -nan     0.1000    0.0266
     7        0.8275            -nan     0.1000    0.0207
     8        0.7889            -nan     0.1000    0.0184
     9        0.7512            -nan     0.1000    0.0184
    10        0.7126            -nan     0.1000    0.0188
    20        0.4771            -nan     0.1000    0.0078
    40        0.2682            -nan     0.1000    0.0023
    60        0.1712            -nan     0.1000    0.0002
    80        0.1174            -nan     0.1000    0.0003
   100        0.0827            -nan     0.1000    0.0003
   120        0.0636            -nan     0.1000    0.0004
   140        0.0457            -nan     0.1000    0.0002
   150        0.0397            -nan     0.1000    0.0003

Iter   TrainDeviance   ValidDeviance   StepSize   Improve
     1        1.1439            -nan     0.1000    0.0676
     2        1.0347            -nan     0.1000    0.0525
     3        0.9478            -nan     0.1000    0.0408
     4        0.8711            -nan     0.1000    0.0377
     5        0.7900            -nan     0.1000    0.0402
     6        0.7310            -nan     0.1000    0.0284
     7        0.6702            -nan     0.1000    0.0279
     8        0.6244            -nan     0.1000    0.0216
     9        0.5865            -nan     0.1000    0.0174
    10        0.5473            -nan     0.1000    0.0180
    20        0.3075            -nan     0.1000    0.0065
    40        0.1249            -nan     0.1000    0.0017
    60        0.0636            -nan     0.1000    0.0013
    80        0.0373            -nan     0.1000    0.0003
   100        0.0240            -nan     0.1000   -0.0000
   120        0.0157            -nan     0.1000   -0.0000
   140        0.0103            -nan     0.1000    0.0000
   150        0.0085            -nan     0.1000    0.0001

Iter   TrainDeviance   ValidDeviance   StepSize   Improve
     1        1.1453            -nan     0.1000    0.0663
     2        1.0206            -nan     0.1000    0.0583
     3        0.9277            -nan     0.1000    0.0440
     4        0.8483            -nan     0.1000    0.0367
     5        0.7642            -nan     0.1000    0.0406
     6        0.6945            -nan     0.1000    0.0332
     7        0.6373            -nan     0.1000    0.0274
     8        0.5863            -nan     0.1000    0.0249
     9        0.5350            -nan     0.1000    0.0246
    10        0.4945            -nan     0.1000    0.0181
    20        0.2460            -nan     0.1000    0.0090
    40        0.0901            -nan     0.1000    0.0022
    60        0.0403            -nan     0.1000    0.0006
    80        0.0209            -nan     0.1000    0.0002
   100        0.0121            -nan     0.1000    0.0001
   120        0.0070            -nan     0.1000    0.0000
   140        0.0045            -nan     0.1000    0.0000
   150        0.0035            -nan     0.1000    0.0000

Iter   TrainDeviance   ValidDeviance   StepSize   Improve
     1        1.2162            -nan     0.1000    0.0523
     2        1.1317            -nan     0.1000    0.0400
     3        1.0608            -nan     0.1000    0.0350
     4        0.9976            -nan     0.1000    0.0318
     5        0.9431            -nan     0.1000    0.0259
     6        0.8913            -nan     0.1000    0.0239
     7        0.8443            -nan     0.1000    0.0221
     8        0.8033            -nan     0.1000    0.0184
     9        0.7619            -nan     0.1000    0.0190
    10        0.7283            -nan     0.1000    0.0152
    20        0.4740            -nan     0.1000    0.0085
    40        0.2571            -nan     0.1000    0.0033
    60        0.1553            -nan     0.1000    0.0013
    80        0.0996            -nan     0.1000    0.0008
   100        0.0674            -nan     0.1000    0.0004
   120        0.0474            -nan     0.1000    0.0003
   140        0.0342            -nan     0.1000    0.0002
   150        0.0296            -nan     0.1000   -0.0001

Iter   TrainDeviance   ValidDeviance   StepSize   Improve
     1        1.1879            -nan     0.1000    0.0674
     2        1.0771            -nan     0.1000    0.0543
     3        0.9919            -nan     0.1000    0.0401
     4        0.9097            -nan     0.1000    0.0389
     5        0.8431            -nan     0.1000    0.0324
     6        0.7831            -nan     0.1000    0.0301
     7        0.7285            -nan     0.1000    0.0258
     8        0.6801            -nan     0.1000    0.0221
     9        0.6346            -nan     0.1000    0.0216
    10        0.5959            -nan     0.1000    0.0173
    20        0.3207            -nan     0.1000    0.0095
    40        0.1246            -nan     0.1000    0.0029
    60        0.0607            -nan     0.1000    0.0005
    80        0.0356            -nan     0.1000    0.0002
   100        0.0194            -nan     0.1000    0.0001
   120        0.0118            -nan     0.1000    0.0000
   140        0.0070            -nan     0.1000    0.0001
   150        0.0056            -nan     0.1000    0.0000

Iter   TrainDeviance   ValidDeviance   StepSize   Improve
     1        1.1699            -nan     0.1000    0.0741
     2        1.0484            -nan     0.1000    0.0594
     3        0.9513            -nan     0.1000    0.0480
     4        0.8636            -nan     0.1000    0.0429
     5        0.7896            -nan     0.1000    0.0343
     6        0.7222            -nan     0.1000    0.0324
     7        0.6637            -nan     0.1000    0.0281
     8        0.6136            -nan     0.1000    0.0253
     9        0.5690            -nan     0.1000    0.0203
    10        0.5235            -nan     0.1000    0.0212
    20        0.2632            -nan     0.1000    0.0087
    40        0.0914            -nan     0.1000    0.0017
    60        0.0412            -nan     0.1000    0.0008
    80        0.0188            -nan     0.1000    0.0002
   100        0.0101            -nan     0.1000    0.0001
   120        0.0058            -nan     0.1000    0.0000
   140        0.0033            -nan     0.1000    0.0000
   150        0.0024            -nan     0.1000    0.0000

Iter   TrainDeviance   ValidDeviance   StepSize   Improve
     1        1.2321            -nan     0.1000    0.0558
     2        1.1459            -nan     0.1000    0.0424
     3        1.0711            -nan     0.1000    0.0383
     4        1.0095            -nan     0.1000    0.0281
     5        0.9522            -nan     0.1000    0.0269
     6        0.8972            -nan     0.1000    0.0265
     7        0.8502            -nan     0.1000    0.0225
     8        0.8077            -nan     0.1000    0.0204
     9        0.7705            -nan     0.1000    0.0170
    10        0.7334            -nan     0.1000    0.0170
    20        0.4860            -nan     0.1000    0.0069
    40        0.2640            -nan     0.1000    0.0028
    60        0.1633            -nan     0.1000    0.0009
    80        0.1070            -nan     0.1000    0.0004
   100        0.0759            -nan     0.1000    0.0005
   120        0.0547            -nan     0.1000    0.0002
   140        0.0422            -nan     0.1000    0.0002
   150        0.0363            -nan     0.1000   -0.0000

Iter   TrainDeviance   ValidDeviance   StepSize   Improve
     1        1.2056            -nan     0.1000    0.0639
     2        1.0925            -nan     0.1000    0.0547
     3        0.9985            -nan     0.1000    0.0454
     4        0.9177            -nan     0.1000    0.0379
     5        0.8499            -nan     0.1000    0.0308
     6        0.7846            -nan     0.1000    0.0319
     7        0.7365            -nan     0.1000    0.0195
     8        0.6884            -nan     0.1000    0.0217
     9        0.6316            -nan     0.1000    0.0272
    10        0.5912            -nan     0.1000    0.0191
    20        0.3216            -nan     0.1000    0.0106
    40        0.1264            -nan     0.1000    0.0025
    60        0.0604            -nan     0.1000    0.0007
    80        0.0338            -nan     0.1000    0.0005
   100        0.0209            -nan     0.1000    0.0002
   120        0.0134            -nan     0.1000    0.0002
   140        0.0087            -nan     0.1000    0.0000
   150        0.0071            -nan     0.1000    0.0000

Iter   TrainDeviance   ValidDeviance   StepSize   Improve
     1        1.1944            -nan     0.1000    0.0742
     2        1.0723            -nan     0.1000    0.0602
     3        0.9679            -nan     0.1000    0.0511
     4        0.8835            -nan     0.1000    0.0412
     5        0.8102            -nan     0.1000    0.0343
     6        0.7438            -nan     0.1000    0.0318
     7        0.6840            -nan     0.1000    0.0283
     8        0.6339            -nan     0.1000    0.0227
     9        0.5892            -nan     0.1000    0.0213
    10        0.5492            -nan     0.1000    0.0179
    20        0.2620            -nan     0.1000    0.0093
    40        0.0879            -nan     0.1000    0.0012
    60        0.0359            -nan     0.1000    0.0007
    80        0.0184            -nan     0.1000    0.0001
   100        0.0099            -nan     0.1000    0.0001
   120        0.0055            -nan     0.1000    0.0000
   140        0.0030            -nan     0.1000    0.0000
   150        0.0024            -nan     0.1000    0.0000

Iter   TrainDeviance   ValidDeviance   StepSize   Improve
     1        1.2304            -nan     0.1000    0.0480
     2        1.1514            -nan     0.1000    0.0367
     3        1.0788            -nan     0.1000    0.0351
     4        1.0150            -nan     0.1000    0.0280
     5        0.9596            -nan     0.1000    0.0255
     6        0.9100            -nan     0.1000    0.0214
     7        0.8588            -nan     0.1000    0.0242
     8        0.8124            -nan     0.1000    0.0211
     9        0.7724            -nan     0.1000    0.0169
    10        0.7352            -nan     0.1000    0.0178
    20        0.4918            -nan     0.1000    0.0078
    40        0.2714            -nan     0.1000    0.0036
    60        0.1735            -nan     0.1000    0.0015
    80        0.1158            -nan     0.1000    0.0005
   100        0.0829            -nan     0.1000    0.0001
   120        0.0621            -nan     0.1000    0.0003
   140        0.0466            -nan     0.1000    0.0002
   150        0.0406            -nan     0.1000   -0.0000

TRAINING SUCCESSFUL
The most important attribute: be (for technique: gbm)
________________
Dataset: analcatdata_authorship 
Technique: gcvEarth 
Probability table:

        P         N 
0.3769322 0.6230678 
BEGIN TRAINING
TRAINING SUCCESSFUL
The most important attribute: be (for technique: gcvEarth)
________________
Dataset: analcatdata_authorship 
Technique: JRip 
Probability table:

        P         N 
0.3769322 0.6230678 
BEGIN TRAINING
TRAINING SUCCESSFUL
The most important attribute: any (for technique: JRip)
________________
Dataset: analcatdata_authorship 
Technique: lvq 
Probability table:

        P         N 
0.3769322 0.6230678 
BEGIN TRAINING
TRAINING SUCCESSFUL
The most important attribute: at (for technique: lvq)
________________
Dataset: analcatdata_authorship 
Technique: mlpML 
Probability table:

        P         N 
0.3769322 0.6230678 
BEGIN TRAINING
TRAINING SUCCESSFUL
The most important attribute: any (for technique: mlpML)
________________
Dataset: analcatdata_authorship 
Technique: multinom 
Probability table:

        P         N 
0.3769322 0.6230678 
BEGIN TRAINING
# weights:  72 (71 variable)
initial  value 582.936779 
iter  10 value 0.453684
iter  20 value 0.024321
iter  30 value 0.012004
iter  40 value 0.008317
iter  50 value 0.006369
iter  60 value 0.005418
iter  70 value 0.004655
iter  80 value 0.004096
iter  90 value 0.003406
iter 100 value 0.002971
final  value 0.002971 
stopped after 100 iterations
TRAINING SUCCESSFUL
The most important attribute: not (for technique: multinom)
________________
Dataset: analcatdata_authorship 
Technique: naive_bayes 
Probability table:

        P         N 
0.3769322 0.6230678 
BEGIN TRAINING
TRAINING SUCCESSFUL
The most important attribute: to (for technique: naive_bayes)
________________
Dataset: analcatdata_authorship 
Technique: PART 
Probability table:

        P         N 
0.3769322 0.6230678 
BEGIN TRAINING
TRAINING SUCCESSFUL
The most important attribute: be (for technique: PART)
________________
Dataset: analcatdata_authorship 
Technique: rbfDDA 
Probability table:

        P         N 
0.3769322 0.6230678 
BEGIN TRAINING
TRAINING SUCCESSFUL
The most important attribute: her (for technique: rbfDDA)
________________
Dataset: analcatdata_authorship 
Technique: rda 
Probability table:

        P         N 
0.3769322 0.6230678 
BEGIN TRAINING
TRAINING SUCCESSFUL
The most important attribute: an (for technique: rda)
________________
Dataset: analcatdata_authorship 
Technique: rf 
Probability table:

        P         N 
0.3769322 0.6230678 
BEGIN TRAINING
TRAINING SUCCESSFUL
The most important attribute: a (for technique: rf)
________________
Dataset: analcatdata_authorship 
Technique: rpart 
Probability table:

        P         N 
0.3769322 0.6230678 
BEGIN TRAINING
TRAINING SUCCESSFUL
The most important attribute: her (for technique: rpart)
________________
Dataset: analcatdata_authorship 
Technique: simpls 
Probability table:

        P         N 
0.3769322 0.6230678 
BEGIN TRAINING
TRAINING SUCCESSFUL
The most important attribute: any (for technique: simpls)
________________
Dataset: analcatdata_authorship 
Technique: svmLinear 
Probability table:

        P         N 
0.3769322 0.6230678 
BEGIN TRAINING
TRAINING SUCCESSFUL
The most important attribute: any (for technique: svmLinear)
________________
Dataset: analcatdata_authorship 
Technique: svmRadial 
Probability table:

        P         N 
0.3769322 0.6230678 
BEGIN TRAINING
TRAINING SUCCESSFUL
The most important attribute: at (for technique: svmRadial)
________________
Dataset: analcatdata_authorship 
Technique: rfRules 
Probability table:

        P         N 
0.3769322 0.6230678 
BEGIN TRAINING
Registered S3 method overwritten by 'RRF':
  method      from        
  plot.margin randomForest
1989 rules (length<=2) were extracted from the first 500 trees.
3930 rules (length<=3) were extracted from the first 500 trees.
5992 rules (length<=4) were extracted from the first 500 trees.
1997 rules (length<=2) were extracted from the first 500 trees.
3843 rules (length<=3) were extracted from the first 500 trees.
5450 rules (length<=4) were extracted from the first 500 trees.
1998 rules (length<=2) were extracted from the first 500 trees.
3842 rules (length<=3) were extracted from the first 500 trees.
5242 rules (length<=4) were extracted from the first 500 trees.
1992 rules (length<=2) were extracted from the first 500 trees.
3925 rules (length<=3) were extracted from the first 500 trees.
5617 rules (length<=4) were extracted from the first 500 trees.
1994 rules (length<=2) were extracted from the first 500 trees.
3798 rules (length<=3) were extracted from the first 500 trees.
5534 rules (length<=4) were extracted from the first 500 trees.
1993 rules (length<=2) were extracted from the first 500 trees.
3887 rules (length<=3) were extracted from the first 500 trees.
5848 rules (length<=4) were extracted from the first 500 trees.
1997 rules (length<=2) were extracted from the first 500 trees.
3859 rules (length<=3) were extracted from the first 500 trees.
5220 rules (length<=4) were extracted from the first 500 trees.
1994 rules (length<=2) were extracted from the first 500 trees.
3900 rules (length<=3) were extracted from the first 500 trees.
5927 rules (length<=4) were extracted from the first 500 trees.
1991 rules (length<=2) were extracted from the first 500 trees.
3822 rules (length<=3) were extracted from the first 500 trees.
5833 rules (length<=4) were extracted from the first 500 trees.
1981 rules (length<=2) were extracted from the first 500 trees.
3887 rules (length<=3) were extracted from the first 500 trees.
5641 rules (length<=4) were extracted from the first 500 trees.
1993 rules (length<=2) were extracted from the first 500 trees.
3876 rules (length<=3) were extracted from the first 500 trees.
5610 rules (length<=4) were extracted from the first 500 trees.
1997 rules (length<=2) were extracted from the first 500 trees.
3934 rules (length<=3) were extracted from the first 500 trees.
5973 rules (length<=4) were extracted from the first 500 trees.
1991 rules (length<=2) were extracted from the first 500 trees.
3870 rules (length<=3) were extracted from the first 500 trees.
5101 rules (length<=4) were extracted from the first 500 trees.
1989 rules (length<=2) were extracted from the first 500 trees.
3826 rules (length<=3) were extracted from the first 500 trees.
5336 rules (length<=4) were extracted from the first 500 trees.
1997 rules (length<=2) were extracted from the first 500 trees.
3771 rules (length<=3) were extracted from the first 500 trees.
5396 rules (length<=4) were extracted from the first 500 trees.
1995 rules (length<=2) were extracted from the first 500 trees.
3838 rules (length<=3) were extracted from the first 500 trees.
5333 rules (length<=4) were extracted from the first 500 trees.
1996 rules (length<=2) were extracted from the first 500 trees.
3908 rules (length<=3) were extracted from the first 500 trees.
5540 rules (length<=4) were extracted from the first 500 trees.
1994 rules (length<=2) were extracted from the first 500 trees.
3894 rules (length<=3) were extracted from the first 500 trees.
5847 rules (length<=4) were extracted from the first 500 trees.
1995 rules (length<=2) were extracted from the first 500 trees.
3873 rules (length<=3) were extracted from the first 500 trees.
5749 rules (length<=4) were extracted from the first 500 trees.
1989 rules (length<=2) were extracted from the first 500 trees.
3857 rules (length<=3) were extracted from the first 500 trees.
5445 rules (length<=4) were extracted from the first 500 trees.
1996 rules (length<=2) were extracted from the first 500 trees.
3900 rules (length<=3) were extracted from the first 500 trees.
5757 rules (length<=4) were extracted from the first 500 trees.
1988 rules (length<=2) were extracted from the first 500 trees.
3859 rules (length<=3) were extracted from the first 500 trees.
5461 rules (length<=4) were extracted from the first 500 trees.
1991 rules (length<=2) were extracted from the first 500 trees.
3772 rules (length<=3) were extracted from the first 500 trees.
5556 rules (length<=4) were extracted from the first 500 trees.
1993 rules (length<=2) were extracted from the first 500 trees.
3832 rules (length<=3) were extracted from the first 500 trees.
5228 rules (length<=4) were extracted from the first 500 trees.
1996 rules (length<=2) were extracted from the first 500 trees.
3898 rules (length<=3) were extracted from the first 500 trees.
5679 rules (length<=4) were extracted from the first 500 trees.
6140 rules (length<=4) were extracted from the first 500 trees.
TRAINING SUCCESSFUL
The most important attribute: be (for technique: rfRules)
________________
Dataset: analcatdata_authorship 
Technique: knn 
Probability table:

        P         N 
0.3769322 0.6230678 
BEGIN TRAINING
TRAINING SUCCESSFUL
The most important attribute: her (for technique: knn)
________________
Dataset: analcatdata_authorship 
Technique: bayesglm 
Probability table:

        P         N 
0.3769322 0.6230678 
BEGIN TRAINING
TRAINING SUCCESSFUL
The most important attribute: at (for technique: bayesglm)
________________
Most important attribute obtained with all techniques
----------------
There were 50 or more warnings (use warnings() to see the first 50)
****************
RESULTS RECORDED
****************
