Current working directory: /home/chris/github/kappa-threshold 
parameters.csv exists: TRUE 
parameters.csv absolute path: /home/chris/github/kappa-threshold/data/files/parameters.csv 
Dataset: banknote 
Technique: C5.0 
Probability table:

        0         1 
0.5553936 0.4446064 
BEGIN TRAINING
TRAINING SUCCESSFUL
The most important attribute: variance (for technique: C5.0)
________________
Dataset: banknote 
Technique: ctree 
Probability table:

        0         1 
0.5553936 0.4446064 
BEGIN TRAINING
TRAINING SUCCESSFUL
The most important attribute: variance (for technique: ctree)
________________
Dataset: banknote 
Technique: fda 
Probability table:

        0         1 
0.5553936 0.4446064 
BEGIN TRAINING
TRAINING SUCCESSFUL
The most important attribute: variance (for technique: fda)
________________
Dataset: banknote 
Technique: gbm 
Probability table:

        0         1 
0.5553936 0.4446064 
BEGIN TRAINING
Iter   TrainDeviance   ValidDeviance   StepSize   Improve
     1        1.2799            -nan     0.1000    0.0451
     2        1.2063            -nan     0.1000    0.0365
     3        1.1472            -nan     0.1000    0.0311
     4        1.0953            -nan     0.1000    0.0264
     5        1.0484            -nan     0.1000    0.0222
     6        1.0068            -nan     0.1000    0.0205
     7        0.9691            -nan     0.1000    0.0177
     8        0.9351            -nan     0.1000    0.0161
     9        0.9035            -nan     0.1000    0.0146
    10        0.8749            -nan     0.1000    0.0140
    20        0.6744            -nan     0.1000    0.0064
    40        0.4926            -nan     0.1000    0.0029
    60        0.3859            -nan     0.1000    0.0011
    80        0.3169            -nan     0.1000    0.0010
   100        0.2671            -nan     0.1000    0.0003
   120        0.2292            -nan     0.1000    0.0007
   140        0.1997            -nan     0.1000    0.0003
   150        0.1853            -nan     0.1000    0.0003

Iter   TrainDeviance   ValidDeviance   StepSize   Improve
     1        1.2580            -nan     0.1000    0.0582
     2        1.1612            -nan     0.1000    0.0464
     3        1.0801            -nan     0.1000    0.0391
     4        0.9981            -nan     0.1000    0.0415
     5        0.9406            -nan     0.1000    0.0277
     6        0.8817            -nan     0.1000    0.0304
     7        0.8336            -nan     0.1000    0.0230
     8        0.7911            -nan     0.1000    0.0202
     9        0.7542            -nan     0.1000    0.0170
    10        0.7125            -nan     0.1000    0.0201
    20        0.4869            -nan     0.1000    0.0053
    40        0.2690            -nan     0.1000    0.0028
    60        0.1717            -nan     0.1000    0.0012
    80        0.1180            -nan     0.1000    0.0012
   100        0.0849            -nan     0.1000    0.0009
   120        0.0641            -nan     0.1000    0.0005
   140        0.0489            -nan     0.1000    0.0001
   150        0.0420            -nan     0.1000    0.0002

Iter   TrainDeviance   ValidDeviance   StepSize   Improve
     1        1.2382            -nan     0.1000    0.0655
     2        1.1264            -nan     0.1000    0.0555
     3        1.0354            -nan     0.1000    0.0429
     4        0.9465            -nan     0.1000    0.0435
     5        0.8645            -nan     0.1000    0.0407
     6        0.8008            -nan     0.1000    0.0310
     7        0.7377            -nan     0.1000    0.0301
     8        0.6937            -nan     0.1000    0.0211
     9        0.6494            -nan     0.1000    0.0209
    10        0.6101            -nan     0.1000    0.0188
    20        0.3529            -nan     0.1000    0.0077
    40        0.1565            -nan     0.1000    0.0009
    60        0.0902            -nan     0.1000    0.0006
    80        0.0522            -nan     0.1000    0.0006
   100        0.0338            -nan     0.1000    0.0002
   120        0.0224            -nan     0.1000    0.0001
   140        0.0146            -nan     0.1000    0.0002
   150        0.0125            -nan     0.1000    0.0000

Iter   TrainDeviance   ValidDeviance   StepSize   Improve
     1        1.2623            -nan     0.1000    0.0510
     2        1.1749            -nan     0.1000    0.0427
     3        1.1009            -nan     0.1000    0.0348
     4        1.0415            -nan     0.1000    0.0288
     5        0.9923            -nan     0.1000    0.0242
     6        0.9476            -nan     0.1000    0.0209
     7        0.9123            -nan     0.1000    0.0156
     8        0.8760            -nan     0.1000    0.0175
     9        0.8452            -nan     0.1000    0.0148
    10        0.8176            -nan     0.1000    0.0128
    20        0.6267            -nan     0.1000    0.0029
    40        0.4496            -nan     0.1000    0.0034
    60        0.3450            -nan     0.1000    0.0012
    80        0.2809            -nan     0.1000    0.0007
   100        0.2322            -nan     0.1000    0.0007
   120        0.1985            -nan     0.1000    0.0003
   140        0.1687            -nan     0.1000    0.0007
   150        0.1571            -nan     0.1000    0.0004

Iter   TrainDeviance   ValidDeviance   StepSize   Improve
     1        1.2450            -nan     0.1000    0.0619
     2        1.1350            -nan     0.1000    0.0539
     3        1.0490            -nan     0.1000    0.0420
     4        0.9707            -nan     0.1000    0.0384
     5        0.8978            -nan     0.1000    0.0354
     6        0.8416            -nan     0.1000    0.0273
     7        0.7895            -nan     0.1000    0.0254
     8        0.7447            -nan     0.1000    0.0229
     9        0.7066            -nan     0.1000    0.0183
    10        0.6652            -nan     0.1000    0.0204
    20        0.4404            -nan     0.1000    0.0086
    40        0.2445            -nan     0.1000    0.0024
    60        0.1617            -nan     0.1000    0.0014
    80        0.1078            -nan     0.1000    0.0010
   100        0.0770            -nan     0.1000    0.0006
   120        0.0541            -nan     0.1000    0.0003
   140        0.0392            -nan     0.1000    0.0002
   150        0.0344            -nan     0.1000    0.0002

Iter   TrainDeviance   ValidDeviance   StepSize   Improve
     1        1.2219            -nan     0.1000    0.0693
     2        1.1044            -nan     0.1000    0.0559
     3        1.0066            -nan     0.1000    0.0479
     4        0.9272            -nan     0.1000    0.0407
     5        0.8509            -nan     0.1000    0.0371
     6        0.7912            -nan     0.1000    0.0287
     7        0.7385            -nan     0.1000    0.0252
     8        0.6945            -nan     0.1000    0.0215
     9        0.6472            -nan     0.1000    0.0230
    10        0.6086            -nan     0.1000    0.0190
    20        0.3458            -nan     0.1000    0.0082
    40        0.1560            -nan     0.1000    0.0016
    60        0.0858            -nan     0.1000    0.0008
    80        0.0517            -nan     0.1000    0.0003
   100        0.0339            -nan     0.1000    0.0001
   120        0.0226            -nan     0.1000    0.0003
   140        0.0153            -nan     0.1000    0.0000
   150        0.0129            -nan     0.1000    0.0001

Iter   TrainDeviance   ValidDeviance   StepSize   Improve
     1        1.2659            -nan     0.1000    0.0507
     2        1.1844            -nan     0.1000    0.0412
     3        1.1169            -nan     0.1000    0.0342
     4        1.0579            -nan     0.1000    0.0281
     5        1.0070            -nan     0.1000    0.0254
     6        0.9647            -nan     0.1000    0.0207
     7        0.9276            -nan     0.1000    0.0182
     8        0.8956            -nan     0.1000    0.0153
     9        0.8613            -nan     0.1000    0.0159
    10        0.8338            -nan     0.1000    0.0130
    20        0.6342            -nan     0.1000    0.0060
    40        0.4669            -nan     0.1000    0.0040
    60        0.3689            -nan     0.1000    0.0011
    80        0.3044            -nan     0.1000    0.0010
   100        0.2594            -nan     0.1000    0.0006
   120        0.2216            -nan     0.1000    0.0007
   140        0.1883            -nan     0.1000   -0.0000
   150        0.1761            -nan     0.1000    0.0005

Iter   TrainDeviance   ValidDeviance   StepSize   Improve
     1        1.2409            -nan     0.1000    0.0632
     2        1.1407            -nan     0.1000    0.0474
     3        1.0513            -nan     0.1000    0.0428
     4        0.9757            -nan     0.1000    0.0368
     5        0.9088            -nan     0.1000    0.0322
     6        0.8570            -nan     0.1000    0.0250
     7        0.8087            -nan     0.1000    0.0224
     8        0.7697            -nan     0.1000    0.0180
     9        0.7290            -nan     0.1000    0.0201
    10        0.6865            -nan     0.1000    0.0206
    20        0.4611            -nan     0.1000    0.0085
    40        0.2632            -nan     0.1000    0.0030
    60        0.1682            -nan     0.1000    0.0016
    80        0.1164            -nan     0.1000    0.0005
   100        0.0812            -nan     0.1000    0.0004
   120        0.0589            -nan     0.1000    0.0002
   140        0.0446            -nan     0.1000    0.0001
   150        0.0384            -nan     0.1000    0.0002

Iter   TrainDeviance   ValidDeviance   StepSize   Improve
     1        1.2369            -nan     0.1000    0.0667
     2        1.1121            -nan     0.1000    0.0590
     3        1.0135            -nan     0.1000    0.0476
     4        0.9319            -nan     0.1000    0.0416
     5        0.8599            -nan     0.1000    0.0341
     6        0.8038            -nan     0.1000    0.0284
     7        0.7515            -nan     0.1000    0.0262
     8        0.7040            -nan     0.1000    0.0215
     9        0.6547            -nan     0.1000    0.0239
    10        0.6049            -nan     0.1000    0.0235
    20        0.3628            -nan     0.1000    0.0084
    40        0.1614            -nan     0.1000    0.0012
    60        0.0865            -nan     0.1000    0.0006
    80        0.0529            -nan     0.1000    0.0004
   100        0.0351            -nan     0.1000    0.0004
   120        0.0240            -nan     0.1000    0.0002
   140        0.0162            -nan     0.1000    0.0001
   150        0.0136            -nan     0.1000    0.0000

Iter   TrainDeviance   ValidDeviance   StepSize   Improve
     1        1.2804            -nan     0.1000    0.0473
     2        1.2004            -nan     0.1000    0.0395
     3        1.1325            -nan     0.1000    0.0338
     4        1.0755            -nan     0.1000    0.0284
     5        1.0284            -nan     0.1000    0.0230
     6        0.9852            -nan     0.1000    0.0211
     7        0.9473            -nan     0.1000    0.0180
     8        0.9109            -nan     0.1000    0.0159
     9        0.8796            -nan     0.1000    0.0150
    10        0.8503            -nan     0.1000    0.0149
    20        0.6577            -nan     0.1000    0.0070
    40        0.4773            -nan     0.1000    0.0031
    60        0.3734            -nan     0.1000    0.0014
    80        0.3053            -nan     0.1000    0.0006
   100        0.2535            -nan     0.1000    0.0010
   120        0.2169            -nan     0.1000    0.0005
   140        0.1853            -nan     0.1000    0.0003
   150        0.1701            -nan     0.1000    0.0006

Iter   TrainDeviance   ValidDeviance   StepSize   Improve
     1        1.2524            -nan     0.1000    0.0640
     2        1.1491            -nan     0.1000    0.0509
     3        1.0599            -nan     0.1000    0.0435
     4        0.9832            -nan     0.1000    0.0356
     5        0.9164            -nan     0.1000    0.0325
     6        0.8592            -nan     0.1000    0.0274
     7        0.8088            -nan     0.1000    0.0243
     8        0.7648            -nan     0.1000    0.0209
     9        0.7233            -nan     0.1000    0.0199
    10        0.6883            -nan     0.1000    0.0173
    20        0.4620            -nan     0.1000    0.0057
    40        0.2544            -nan     0.1000    0.0030
    60        0.1519            -nan     0.1000    0.0013
    80        0.1001            -nan     0.1000    0.0006
   100        0.0704            -nan     0.1000    0.0008
   120        0.0493            -nan     0.1000    0.0004
   140        0.0356            -nan     0.1000    0.0002
   150        0.0310            -nan     0.1000    0.0000

Iter   TrainDeviance   ValidDeviance   StepSize   Improve
     1        1.2457            -nan     0.1000    0.0657
     2        1.1238            -nan     0.1000    0.0595
     3        1.0233            -nan     0.1000    0.0487
     4        0.9410            -nan     0.1000    0.0412
     5        0.8657            -nan     0.1000    0.0363
     6        0.8053            -nan     0.1000    0.0303
     7        0.7517            -nan     0.1000    0.0253
     8        0.7027            -nan     0.1000    0.0234
     9        0.6552            -nan     0.1000    0.0232
    10        0.6185            -nan     0.1000    0.0170
    20        0.3354            -nan     0.1000    0.0063
    40        0.1358            -nan     0.1000    0.0023
    60        0.0763            -nan     0.1000    0.0005
    80        0.0467            -nan     0.1000    0.0004
   100        0.0295            -nan     0.1000    0.0002
   120        0.0188            -nan     0.1000   -0.0000
   140        0.0126            -nan     0.1000    0.0000
   150        0.0101            -nan     0.1000    0.0000

Iter   TrainDeviance   ValidDeviance   StepSize   Improve
     1        1.2705            -nan     0.1000    0.0507
     2        1.1871            -nan     0.1000    0.0411
     3        1.1165            -nan     0.1000    0.0352
     4        1.0592            -nan     0.1000    0.0278
     5        1.0077            -nan     0.1000    0.0253
     6        0.9650            -nan     0.1000    0.0191
     7        0.9305            -nan     0.1000    0.0164
     8        0.8979            -nan     0.1000    0.0155
     9        0.8635            -nan     0.1000    0.0159
    10        0.8380            -nan     0.1000    0.0120
    20        0.6517            -nan     0.1000    0.0066
    40        0.4747            -nan     0.1000    0.0034
    60        0.3764            -nan     0.1000    0.0012
    80        0.3112            -nan     0.1000    0.0014
   100        0.2617            -nan     0.1000    0.0011
   120        0.2237            -nan     0.1000    0.0008
   140        0.1908            -nan     0.1000    0.0007
   150        0.1771            -nan     0.1000    0.0007

Iter   TrainDeviance   ValidDeviance   StepSize   Improve
     1        1.2413            -nan     0.1000    0.0662
     2        1.1340            -nan     0.1000    0.0527
     3        1.0432            -nan     0.1000    0.0447
     4        0.9653            -nan     0.1000    0.0363
     5        0.9012            -nan     0.1000    0.0298
     6        0.8457            -nan     0.1000    0.0263
     7        0.7969            -nan     0.1000    0.0243
     8        0.7549            -nan     0.1000    0.0200
     9        0.7172            -nan     0.1000    0.0171
    10        0.6778            -nan     0.1000    0.0192
    20        0.4616            -nan     0.1000    0.0076
    40        0.2678            -nan     0.1000    0.0033
    60        0.1696            -nan     0.1000    0.0014
    80        0.1101            -nan     0.1000    0.0008
   100        0.0802            -nan     0.1000    0.0004
   120        0.0591            -nan     0.1000    0.0002
   140        0.0452            -nan     0.1000    0.0002
   150        0.0395            -nan     0.1000    0.0001

Iter   TrainDeviance   ValidDeviance   StepSize   Improve
     1        1.2312            -nan     0.1000    0.0691
     2        1.1164            -nan     0.1000    0.0547
     3        1.0171            -nan     0.1000    0.0478
     4        0.9403            -nan     0.1000    0.0384
     5        0.8713            -nan     0.1000    0.0335
     6        0.8031            -nan     0.1000    0.0334
     7        0.7472            -nan     0.1000    0.0251
     8        0.6965            -nan     0.1000    0.0248
     9        0.6501            -nan     0.1000    0.0228
    10        0.6158            -nan     0.1000    0.0169
    20        0.3747            -nan     0.1000    0.0061
    40        0.1707            -nan     0.1000    0.0019
    60        0.0981            -nan     0.1000    0.0011
    80        0.0594            -nan     0.1000    0.0004
   100        0.0381            -nan     0.1000    0.0003
   120        0.0237            -nan     0.1000    0.0001
   140        0.0166            -nan     0.1000    0.0002
   150        0.0136            -nan     0.1000    0.0001

Iter   TrainDeviance   ValidDeviance   StepSize   Improve
     1        1.2791            -nan     0.1000    0.0513
     2        1.1981            -nan     0.1000    0.0412
     3        1.1249            -nan     0.1000    0.0340
     4        1.0651            -nan     0.1000    0.0294
     5        1.0125            -nan     0.1000    0.0243
     6        0.9729            -nan     0.1000    0.0200
     7        0.9362            -nan     0.1000    0.0180
     8        0.8997            -nan     0.1000    0.0171
     9        0.8683            -nan     0.1000    0.0137
    10        0.8396            -nan     0.1000    0.0138
    20        0.6476            -nan     0.1000    0.0064
    40        0.4688            -nan     0.1000    0.0025
    60        0.3682            -nan     0.1000    0.0018
    80        0.3018            -nan     0.1000    0.0006
   100        0.2554            -nan     0.1000    0.0006
   120        0.2174            -nan     0.1000    0.0005
   140        0.1858            -nan     0.1000    0.0004
   150        0.1726            -nan     0.1000    0.0006

Iter   TrainDeviance   ValidDeviance   StepSize   Improve
     1        1.2600            -nan     0.1000    0.0631
     2        1.1558            -nan     0.1000    0.0528
     3        1.0657            -nan     0.1000    0.0445
     4        0.9882            -nan     0.1000    0.0360
     5        0.9189            -nan     0.1000    0.0313
     6        0.8582            -nan     0.1000    0.0291
     7        0.8131            -nan     0.1000    0.0216
     8        0.7701            -nan     0.1000    0.0212
     9        0.7276            -nan     0.1000    0.0205
    10        0.6908            -nan     0.1000    0.0172
    20        0.4631            -nan     0.1000    0.0073
    40        0.2578            -nan     0.1000    0.0034
    60        0.1586            -nan     0.1000    0.0020
    80        0.1047            -nan     0.1000    0.0008
   100        0.0757            -nan     0.1000    0.0001
   120        0.0536            -nan     0.1000    0.0003
   140        0.0390            -nan     0.1000    0.0002
   150        0.0339            -nan     0.1000    0.0003

Iter   TrainDeviance   ValidDeviance   StepSize   Improve
     1        1.2405            -nan     0.1000    0.0700
     2        1.1224            -nan     0.1000    0.0594
     3        1.0271            -nan     0.1000    0.0465
     4        0.9432            -nan     0.1000    0.0413
     5        0.8646            -nan     0.1000    0.0376
     6        0.8080            -nan     0.1000    0.0279
     7        0.7484            -nan     0.1000    0.0288
     8        0.6966            -nan     0.1000    0.0247
     9        0.6392            -nan     0.1000    0.0287
    10        0.6016            -nan     0.1000    0.0182
    20        0.3375            -nan     0.1000    0.0080
    40        0.1449            -nan     0.1000    0.0008
    60        0.0801            -nan     0.1000    0.0009
    80        0.0482            -nan     0.1000    0.0006
   100        0.0297            -nan     0.1000    0.0003
   120        0.0190            -nan     0.1000    0.0001
   140        0.0126            -nan     0.1000    0.0001
   150        0.0105            -nan     0.1000    0.0001

Iter   TrainDeviance   ValidDeviance   StepSize   Improve
     1        1.2661            -nan     0.1000    0.0475
     2        1.1861            -nan     0.1000    0.0390
     3        1.1244            -nan     0.1000    0.0322
     4        1.0643            -nan     0.1000    0.0284
     5        1.0157            -nan     0.1000    0.0233
     6        0.9752            -nan     0.1000    0.0194
     7        0.9366            -nan     0.1000    0.0193
     8        0.9027            -nan     0.1000    0.0163
     9        0.8724            -nan     0.1000    0.0151
    10        0.8440            -nan     0.1000    0.0134
    20        0.6475            -nan     0.1000    0.0069
    40        0.4605            -nan     0.1000    0.0027
    60        0.3577            -nan     0.1000    0.0014
    80        0.2983            -nan     0.1000    0.0011
   100        0.2484            -nan     0.1000    0.0012
   120        0.2103            -nan     0.1000   -0.0001
   140        0.1820            -nan     0.1000    0.0003
   150        0.1688            -nan     0.1000    0.0005

Iter   TrainDeviance   ValidDeviance   StepSize   Improve
     1        1.2412            -nan     0.1000    0.0565
     2        1.1364            -nan     0.1000    0.0521
     3        1.0561            -nan     0.1000    0.0382
     4        0.9760            -nan     0.1000    0.0396
     5        0.9021            -nan     0.1000    0.0358
     6        0.8430            -nan     0.1000    0.0290
     7        0.7977            -nan     0.1000    0.0219
     8        0.7485            -nan     0.1000    0.0246
     9        0.7052            -nan     0.1000    0.0206
    10        0.6689            -nan     0.1000    0.0178
    20        0.4523            -nan     0.1000    0.0074
    40        0.2510            -nan     0.1000    0.0033
    60        0.1654            -nan     0.1000    0.0007
    80        0.1119            -nan     0.1000    0.0003
   100        0.0764            -nan     0.1000    0.0003
   120        0.0567            -nan     0.1000    0.0002
   140        0.0420            -nan     0.1000    0.0001
   150        0.0369            -nan     0.1000    0.0000

Iter   TrainDeviance   ValidDeviance   StepSize   Improve
     1        1.2264            -nan     0.1000    0.0623
     2        1.1141            -nan     0.1000    0.0555
     3        1.0178            -nan     0.1000    0.0494
     4        0.9374            -nan     0.1000    0.0383
     5        0.8702            -nan     0.1000    0.0323
     6        0.8121            -nan     0.1000    0.0287
     7        0.7514            -nan     0.1000    0.0297
     8        0.7031            -nan     0.1000    0.0242
     9        0.6636            -nan     0.1000    0.0187
    10        0.6183            -nan     0.1000    0.0218
    20        0.3477            -nan     0.1000    0.0097
    40        0.1464            -nan     0.1000    0.0028
    60        0.0873            -nan     0.1000    0.0003
    80        0.0521            -nan     0.1000    0.0003
   100        0.0334            -nan     0.1000    0.0000
   120        0.0215            -nan     0.1000    0.0001
   140        0.0142            -nan     0.1000    0.0001
   150        0.0118            -nan     0.1000    0.0000

Iter   TrainDeviance   ValidDeviance   StepSize   Improve
     1        1.2795            -nan     0.1000    0.0444
     2        1.2082            -nan     0.1000    0.0363
     3        1.1474            -nan     0.1000    0.0308
     4        1.0957            -nan     0.1000    0.0254
     5        1.0489            -nan     0.1000    0.0225
     6        1.0087            -nan     0.1000    0.0203
     7        0.9733            -nan     0.1000    0.0167
     8        0.9390            -nan     0.1000    0.0165
     9        0.9107            -nan     0.1000    0.0137
    10        0.8828            -nan     0.1000    0.0133
    20        0.6931            -nan     0.1000    0.0052
    40        0.4995            -nan     0.1000    0.0025
    60        0.3879            -nan     0.1000    0.0020
    80        0.3168            -nan     0.1000    0.0013
   100        0.2706            -nan     0.1000    0.0009
   120        0.2316            -nan     0.1000    0.0005
   140        0.1982            -nan     0.1000    0.0005
   150        0.1859            -nan     0.1000    0.0002

Iter   TrainDeviance   ValidDeviance   StepSize   Improve
     1        1.2622            -nan     0.1000    0.0536
     2        1.1536            -nan     0.1000    0.0512
     3        1.0785            -nan     0.1000    0.0352
     4        1.0036            -nan     0.1000    0.0373
     5        0.9414            -nan     0.1000    0.0317
     6        0.8894            -nan     0.1000    0.0253
     7        0.8352            -nan     0.1000    0.0253
     8        0.7922            -nan     0.1000    0.0205
     9        0.7533            -nan     0.1000    0.0189
    10        0.7228            -nan     0.1000    0.0141
    20        0.4900            -nan     0.1000    0.0068
    40        0.2837            -nan     0.1000    0.0019
    60        0.1794            -nan     0.1000    0.0007
    80        0.1173            -nan     0.1000    0.0012
   100        0.0848            -nan     0.1000    0.0002
   120        0.0615            -nan     0.1000    0.0005
   140        0.0458            -nan     0.1000    0.0003
   150        0.0414            -nan     0.1000    0.0000

Iter   TrainDeviance   ValidDeviance   StepSize   Improve
     1        1.2337            -nan     0.1000    0.0685
     2        1.1247            -nan     0.1000    0.0526
     3        1.0274            -nan     0.1000    0.0468
     4        0.9531            -nan     0.1000    0.0365
     5        0.8870            -nan     0.1000    0.0322
     6        0.8284            -nan     0.1000    0.0290
     7        0.7791            -nan     0.1000    0.0228
     8        0.7225            -nan     0.1000    0.0274
     9        0.6784            -nan     0.1000    0.0207
    10        0.6285            -nan     0.1000    0.0241
    20        0.3655            -nan     0.1000    0.0072
    40        0.1581            -nan     0.1000    0.0029
    60        0.0941            -nan     0.1000    0.0009
    80        0.0555            -nan     0.1000    0.0005
   100        0.0360            -nan     0.1000    0.0002
   120        0.0238            -nan     0.1000    0.0001
   140        0.0162            -nan     0.1000    0.0001
   150        0.0138            -nan     0.1000    0.0001

Iter   TrainDeviance   ValidDeviance   StepSize   Improve
     1        1.2748            -nan     0.1000    0.0430
     2        1.2005            -nan     0.1000    0.0363
     3        1.1419            -nan     0.1000    0.0286
     4        1.0883            -nan     0.1000    0.0259
     5        1.0429            -nan     0.1000    0.0212
     6        1.0047            -nan     0.1000    0.0182
     7        0.9645            -nan     0.1000    0.0190
     8        0.9311            -nan     0.1000    0.0150
     9        0.8996            -nan     0.1000    0.0160
    10        0.8731            -nan     0.1000    0.0130
    20        0.6845            -nan     0.1000    0.0054
    40        0.5016            -nan     0.1000    0.0037
    60        0.3980            -nan     0.1000    0.0017
    80        0.3292            -nan     0.1000    0.0009
   100        0.2770            -nan     0.1000    0.0014
   120        0.2375            -nan     0.1000    0.0004
   140        0.2066            -nan     0.1000    0.0005
   150        0.1923            -nan     0.1000    0.0005

Iter   TrainDeviance   ValidDeviance   StepSize   Improve
     1        1.2520            -nan     0.1000    0.0568
     2        1.1522            -nan     0.1000    0.0495
     3        1.0614            -nan     0.1000    0.0420
     4        0.9917            -nan     0.1000    0.0342
     5        0.9251            -nan     0.1000    0.0318
     6        0.8728            -nan     0.1000    0.0259
     7        0.8245            -nan     0.1000    0.0235
     8        0.7813            -nan     0.1000    0.0208
     9        0.7445            -nan     0.1000    0.0182
    10        0.7124            -nan     0.1000    0.0159
    20        0.4956            -nan     0.1000    0.0077
    40        0.2842            -nan     0.1000    0.0022
    60        0.1730            -nan     0.1000    0.0016
    80        0.1201            -nan     0.1000    0.0008
   100        0.0866            -nan     0.1000    0.0007
   120        0.0633            -nan     0.1000    0.0002
   140        0.0472            -nan     0.1000    0.0003
   150        0.0405            -nan     0.1000    0.0003

Iter   TrainDeviance   ValidDeviance   StepSize   Improve
     1        1.2371            -nan     0.1000    0.0616
     2        1.1210            -nan     0.1000    0.0578
     3        1.0278            -nan     0.1000    0.0468
     4        0.9517            -nan     0.1000    0.0369
     5        0.8864            -nan     0.1000    0.0323
     6        0.8295            -nan     0.1000    0.0277
     7        0.7664            -nan     0.1000    0.0296
     8        0.7235            -nan     0.1000    0.0197
     9        0.6758            -nan     0.1000    0.0226
    10        0.6433            -nan     0.1000    0.0150
    20        0.3668            -nan     0.1000    0.0079
    40        0.1661            -nan     0.1000    0.0018
    60        0.0951            -nan     0.1000    0.0010
    80        0.0584            -nan     0.1000    0.0003
   100        0.0355            -nan     0.1000    0.0003
   120        0.0234            -nan     0.1000    0.0001
   140        0.0162            -nan     0.1000    0.0000
   150        0.0135            -nan     0.1000    0.0000

Iter   TrainDeviance   ValidDeviance   StepSize   Improve
     1        1.2758            -nan     0.1000    0.0464
     2        1.2011            -nan     0.1000    0.0374
     3        1.1331            -nan     0.1000    0.0323
     4        1.0770            -nan     0.1000    0.0264
     5        1.0286            -nan     0.1000    0.0220
     6        0.9892            -nan     0.1000    0.0180
     7        0.9502            -nan     0.1000    0.0183
     8        0.9139            -nan     0.1000    0.0184
     9        0.8835            -nan     0.1000    0.0142
    10        0.8566            -nan     0.1000    0.0119
    20        0.6626            -nan     0.1000    0.0064
    40        0.4769            -nan     0.1000    0.0030
    60        0.3721            -nan     0.1000    0.0011
    80        0.3007            -nan     0.1000    0.0011
   100        0.2542            -nan     0.1000    0.0011
   120        0.2175            -nan     0.1000    0.0004
   140        0.1869            -nan     0.1000    0.0005
   150        0.1735            -nan     0.1000    0.0005

Iter   TrainDeviance   ValidDeviance   StepSize   Improve
     1        1.2512            -nan     0.1000    0.0601
     2        1.1493            -nan     0.1000    0.0503
     3        1.0653            -nan     0.1000    0.0393
     4        0.9927            -nan     0.1000    0.0339
     5        0.9201            -nan     0.1000    0.0340
     6        0.8666            -nan     0.1000    0.0264
     7        0.8154            -nan     0.1000    0.0232
     8        0.7690            -nan     0.1000    0.0206
     9        0.7309            -nan     0.1000    0.0185
    10        0.6989            -nan     0.1000    0.0151
    20        0.4724            -nan     0.1000    0.0060
    40        0.2564            -nan     0.1000    0.0038
    60        0.1616            -nan     0.1000    0.0004
    80        0.1079            -nan     0.1000    0.0010
   100        0.0765            -nan     0.1000    0.0004
   120        0.0535            -nan     0.1000    0.0005
   140        0.0404            -nan     0.1000    0.0002
   150        0.0347            -nan     0.1000    0.0001

Iter   TrainDeviance   ValidDeviance   StepSize   Improve
     1        1.2387            -nan     0.1000    0.0652
     2        1.1191            -nan     0.1000    0.0564
     3        1.0252            -nan     0.1000    0.0480
     4        0.9433            -nan     0.1000    0.0381
     5        0.8745            -nan     0.1000    0.0328
     6        0.8132            -nan     0.1000    0.0294
     7        0.7567            -nan     0.1000    0.0265
     8        0.7028            -nan     0.1000    0.0261
     9        0.6546            -nan     0.1000    0.0230
    10        0.6168            -nan     0.1000    0.0176
    20        0.3510            -nan     0.1000    0.0047
    40        0.1594            -nan     0.1000    0.0013
    60        0.0883            -nan     0.1000    0.0006
    80        0.0525            -nan     0.1000    0.0003
   100        0.0344            -nan     0.1000    0.0003
   120        0.0217            -nan     0.1000    0.0003
   140        0.0146            -nan     0.1000    0.0001
   150        0.0117            -nan     0.1000    0.0001

Iter   TrainDeviance   ValidDeviance   StepSize   Improve
     1        1.2776            -nan     0.1000    0.0499
     2        1.1972            -nan     0.1000    0.0404
     3        1.1269            -nan     0.1000    0.0336
     4        1.0651            -nan     0.1000    0.0300
     5        1.0161            -nan     0.1000    0.0240
     6        0.9721            -nan     0.1000    0.0215
     7        0.9366            -nan     0.1000    0.0174
     8        0.9054            -nan     0.1000    0.0150
     9        0.8771            -nan     0.1000    0.0136
    10        0.8508            -nan     0.1000    0.0141
    20        0.6698            -nan     0.1000    0.0068
    40        0.4919            -nan     0.1000    0.0039
    60        0.3874            -nan     0.1000    0.0018
    80        0.3186            -nan     0.1000    0.0014
   100        0.2668            -nan     0.1000    0.0013
   120        0.2252            -nan     0.1000    0.0006
   140        0.1934            -nan     0.1000    0.0007
   150        0.1795            -nan     0.1000    0.0005

Iter   TrainDeviance   ValidDeviance   StepSize   Improve
     1        1.2614            -nan     0.1000    0.0562
     2        1.1578            -nan     0.1000    0.0502
     3        1.0764            -nan     0.1000    0.0399
     4        1.0020            -nan     0.1000    0.0370
     5        0.9383            -nan     0.1000    0.0317
     6        0.8829            -nan     0.1000    0.0278
     7        0.8366            -nan     0.1000    0.0232
     8        0.7943            -nan     0.1000    0.0204
     9        0.7561            -nan     0.1000    0.0172
    10        0.7162            -nan     0.1000    0.0200
    20        0.4833            -nan     0.1000    0.0072
    40        0.2758            -nan     0.1000    0.0024
    60        0.1709            -nan     0.1000    0.0020
    80        0.1147            -nan     0.1000    0.0010
   100        0.0816            -nan     0.1000    0.0002
   120        0.0580            -nan     0.1000    0.0001
   140        0.0442            -nan     0.1000    0.0001
   150        0.0382            -nan     0.1000    0.0003

Iter   TrainDeviance   ValidDeviance   StepSize   Improve
     1        1.2454            -nan     0.1000    0.0651
     2        1.1349            -nan     0.1000    0.0536
     3        1.0392            -nan     0.1000    0.0462
     4        0.9575            -nan     0.1000    0.0402
     5        0.8872            -nan     0.1000    0.0338
     6        0.8269            -nan     0.1000    0.0299
     7        0.7754            -nan     0.1000    0.0243
     8        0.7224            -nan     0.1000    0.0260
     9        0.6800            -nan     0.1000    0.0199
    10        0.6353            -nan     0.1000    0.0197
    20        0.3649            -nan     0.1000    0.0107
    40        0.1641            -nan     0.1000    0.0020
    60        0.0940            -nan     0.1000    0.0012
    80        0.0568            -nan     0.1000    0.0006
   100        0.0360            -nan     0.1000    0.0002
   120        0.0230            -nan     0.1000    0.0001
   140        0.0158            -nan     0.1000    0.0000
   150        0.0130            -nan     0.1000    0.0001

Iter   TrainDeviance   ValidDeviance   StepSize   Improve
     1        1.2787            -nan     0.1000    0.0475
     2        1.1999            -nan     0.1000    0.0388
     3        1.1295            -nan     0.1000    0.0317
     4        1.0754            -nan     0.1000    0.0273
     5        1.0332            -nan     0.1000    0.0198
     6        0.9897            -nan     0.1000    0.0214
     7        0.9550            -nan     0.1000    0.0179
     8        0.9222            -nan     0.1000    0.0166
     9        0.8907            -nan     0.1000    0.0152
    10        0.8630            -nan     0.1000    0.0129
    20        0.6797            -nan     0.1000    0.0041
    40        0.5139            -nan     0.1000    0.0012
    60        0.4117            -nan     0.1000    0.0020
    80        0.3429            -nan     0.1000    0.0010
   100        0.2904            -nan     0.1000    0.0006
   120        0.2491            -nan     0.1000    0.0015
   140        0.2143            -nan     0.1000    0.0011
   150        0.2017            -nan     0.1000    0.0005

Iter   TrainDeviance   ValidDeviance   StepSize   Improve
     1        1.2542            -nan     0.1000    0.0563
     2        1.1571            -nan     0.1000    0.0465
     3        1.0733            -nan     0.1000    0.0425
     4        1.0031            -nan     0.1000    0.0358
     5        0.9419            -nan     0.1000    0.0289
     6        0.8884            -nan     0.1000    0.0256
     7        0.8462            -nan     0.1000    0.0205
     8        0.7966            -nan     0.1000    0.0242
     9        0.7610            -nan     0.1000    0.0171
    10        0.7291            -nan     0.1000    0.0140
    20        0.5014            -nan     0.1000    0.0061
    40        0.2920            -nan     0.1000    0.0029
    60        0.1860            -nan     0.1000    0.0014
    80        0.1316            -nan     0.1000    0.0004
   100        0.0900            -nan     0.1000    0.0006
   120        0.0658            -nan     0.1000    0.0003
   140        0.0488            -nan     0.1000    0.0002
   150        0.0437            -nan     0.1000    0.0002

Iter   TrainDeviance   ValidDeviance   StepSize   Improve
     1        1.2415            -nan     0.1000    0.0630
     2        1.1284            -nan     0.1000    0.0566
     3        1.0364            -nan     0.1000    0.0463
     4        0.9584            -nan     0.1000    0.0379
     5        0.8932            -nan     0.1000    0.0314
     6        0.8288            -nan     0.1000    0.0305
     7        0.7794            -nan     0.1000    0.0247
     8        0.7346            -nan     0.1000    0.0219
     9        0.6961            -nan     0.1000    0.0186
    10        0.6613            -nan     0.1000    0.0166
    20        0.3822            -nan     0.1000    0.0067
    40        0.1725            -nan     0.1000    0.0029
    60        0.0971            -nan     0.1000    0.0013
    80        0.0593            -nan     0.1000    0.0005
   100        0.0377            -nan     0.1000    0.0006
   120        0.0262            -nan     0.1000    0.0003
   140        0.0182            -nan     0.1000    0.0002
   150        0.0151            -nan     0.1000    0.0001

Iter   TrainDeviance   ValidDeviance   StepSize   Improve
     1        1.2824            -nan     0.1000    0.0486
     2        1.2042            -nan     0.1000    0.0403
     3        1.1367            -nan     0.1000    0.0329
     4        1.0797            -nan     0.1000    0.0288
     5        1.0320            -nan     0.1000    0.0235
     6        0.9889            -nan     0.1000    0.0210
     7        0.9519            -nan     0.1000    0.0160
     8        0.9159            -nan     0.1000    0.0163
     9        0.8844            -nan     0.1000    0.0143
    10        0.8560            -nan     0.1000    0.0132
    20        0.6659            -nan     0.1000    0.0053
    40        0.4840            -nan     0.1000    0.0028
    60        0.3819            -nan     0.1000    0.0007
    80        0.3112            -nan     0.1000    0.0015
   100        0.2598            -nan     0.1000    0.0008
   120        0.2205            -nan     0.1000    0.0003
   140        0.1886            -nan     0.1000    0.0002
   150        0.1730            -nan     0.1000    0.0003

Iter   TrainDeviance   ValidDeviance   StepSize   Improve
     1        1.2517            -nan     0.1000    0.0645
     2        1.1458            -nan     0.1000    0.0528
     3        1.0583            -nan     0.1000    0.0432
     4        0.9854            -nan     0.1000    0.0355
     5        0.9261            -nan     0.1000    0.0282
     6        0.8677            -nan     0.1000    0.0283
     7        0.8223            -nan     0.1000    0.0217
     8        0.7744            -nan     0.1000    0.0234
     9        0.7366            -nan     0.1000    0.0171
    10        0.7000            -nan     0.1000    0.0177
    20        0.4698            -nan     0.1000    0.0082
    40        0.2649            -nan     0.1000    0.0033
    60        0.1625            -nan     0.1000    0.0017
    80        0.1132            -nan     0.1000    0.0002
   100        0.0801            -nan     0.1000    0.0004
   120        0.0583            -nan     0.1000    0.0004
   140        0.0446            -nan     0.1000    0.0003
   150        0.0379            -nan     0.1000    0.0003

Iter   TrainDeviance   ValidDeviance   StepSize   Improve
     1        1.2408            -nan     0.1000    0.0707
     2        1.1264            -nan     0.1000    0.0577
     3        1.0255            -nan     0.1000    0.0498
     4        0.9454            -nan     0.1000    0.0393
     5        0.8746            -nan     0.1000    0.0353
     6        0.8113            -nan     0.1000    0.0302
     7        0.7595            -nan     0.1000    0.0245
     8        0.7124            -nan     0.1000    0.0226
     9        0.6706            -nan     0.1000    0.0202
    10        0.6366            -nan     0.1000    0.0161
    20        0.3595            -nan     0.1000    0.0091
    40        0.1629            -nan     0.1000    0.0021
    60        0.0935            -nan     0.1000    0.0007
    80        0.0567            -nan     0.1000    0.0003
   100        0.0347            -nan     0.1000    0.0002
   120        0.0239            -nan     0.1000    0.0002
   140        0.0165            -nan     0.1000    0.0001
   150        0.0139            -nan     0.1000    0.0001

Iter   TrainDeviance   ValidDeviance   StepSize   Improve
     1        1.2602            -nan     0.1000    0.0528
     2        1.1741            -nan     0.1000    0.0429
     3        1.1032            -nan     0.1000    0.0352
     4        1.0404            -nan     0.1000    0.0301
     5        0.9891            -nan     0.1000    0.0239
     6        0.9445            -nan     0.1000    0.0215
     7        0.9083            -nan     0.1000    0.0176
     8        0.8772            -nan     0.1000    0.0145
     9        0.8456            -nan     0.1000    0.0129
    10        0.8166            -nan     0.1000    0.0150
    20        0.6248            -nan     0.1000    0.0040
    40        0.4565            -nan     0.1000    0.0030
    60        0.3486            -nan     0.1000    0.0023
    80        0.2820            -nan     0.1000    0.0008
   100        0.2352            -nan     0.1000    0.0007
   120        0.1990            -nan     0.1000    0.0007
   140        0.1693            -nan     0.1000    0.0005
   150        0.1559            -nan     0.1000    0.0004

Iter   TrainDeviance   ValidDeviance   StepSize   Improve
     1        1.2408            -nan     0.1000    0.0668
     2        1.1307            -nan     0.1000    0.0542
     3        1.0341            -nan     0.1000    0.0448
     4        0.9584            -nan     0.1000    0.0374
     5        0.8901            -nan     0.1000    0.0326
     6        0.8278            -nan     0.1000    0.0302
     7        0.7726            -nan     0.1000    0.0258
     8        0.7276            -nan     0.1000    0.0215
     9        0.6870            -nan     0.1000    0.0184
    10        0.6517            -nan     0.1000    0.0167
    20        0.4291            -nan     0.1000    0.0070
    40        0.2399            -nan     0.1000    0.0031
    60        0.1495            -nan     0.1000    0.0016
    80        0.0979            -nan     0.1000    0.0010
   100        0.0692            -nan     0.1000    0.0003
   120        0.0512            -nan     0.1000    0.0003
   140        0.0374            -nan     0.1000    0.0002
   150        0.0321            -nan     0.1000    0.0003

Iter   TrainDeviance   ValidDeviance   StepSize   Improve
     1        1.2184            -nan     0.1000    0.0735
     2        1.0984            -nan     0.1000    0.0594
     3        0.9983            -nan     0.1000    0.0507
     4        0.9144            -nan     0.1000    0.0409
     5        0.8420            -nan     0.1000    0.0355
     6        0.7694            -nan     0.1000    0.0344
     7        0.7090            -nan     0.1000    0.0295
     8        0.6587            -nan     0.1000    0.0250
     9        0.6182            -nan     0.1000    0.0196
    10        0.5737            -nan     0.1000    0.0213
    20        0.3403            -nan     0.1000    0.0062
    40        0.1504            -nan     0.1000    0.0009
    60        0.0799            -nan     0.1000    0.0010
    80        0.0471            -nan     0.1000    0.0006
   100        0.0295            -nan     0.1000    0.0004
   120        0.0195            -nan     0.1000    0.0001
   140        0.0134            -nan     0.1000    0.0002
   150        0.0112            -nan     0.1000    0.0002

Iter   TrainDeviance   ValidDeviance   StepSize   Improve
     1        1.2679            -nan     0.1000    0.0470
     2        1.1916            -nan     0.1000    0.0391
     3        1.1225            -nan     0.1000    0.0331
     4        1.0644            -nan     0.1000    0.0278
     5        1.0128            -nan     0.1000    0.0236
     6        0.9730            -nan     0.1000    0.0187
     7        0.9339            -nan     0.1000    0.0199
     8        0.9011            -nan     0.1000    0.0163
     9        0.8708            -nan     0.1000    0.0142
    10        0.8422            -nan     0.1000    0.0147
    20        0.6479            -nan     0.1000    0.0051
    40        0.4713            -nan     0.1000    0.0016
    60        0.3696            -nan     0.1000    0.0012
    80        0.3024            -nan     0.1000    0.0009
   100        0.2574            -nan     0.1000    0.0011
   120        0.2200            -nan     0.1000    0.0002
   140        0.1903            -nan     0.1000    0.0004
   150        0.1766            -nan     0.1000    0.0005

Iter   TrainDeviance   ValidDeviance   StepSize   Improve
     1        1.2400            -nan     0.1000    0.0606
     2        1.1394            -nan     0.1000    0.0495
     3        1.0521            -nan     0.1000    0.0428
     4        0.9790            -nan     0.1000    0.0363
     5        0.9109            -nan     0.1000    0.0327
     6        0.8603            -nan     0.1000    0.0254
     7        0.8031            -nan     0.1000    0.0285
     8        0.7572            -nan     0.1000    0.0220
     9        0.7212            -nan     0.1000    0.0175
    10        0.6801            -nan     0.1000    0.0199
    20        0.4647            -nan     0.1000    0.0065
    40        0.2596            -nan     0.1000    0.0028
    60        0.1660            -nan     0.1000    0.0016
    80        0.1093            -nan     0.1000    0.0012
   100        0.0765            -nan     0.1000    0.0005
   120        0.0554            -nan     0.1000    0.0004
   140        0.0408            -nan     0.1000    0.0001
   150        0.0361            -nan     0.1000    0.0001

Iter   TrainDeviance   ValidDeviance   StepSize   Improve
     1        1.2245            -nan     0.1000    0.0678
     2        1.1173            -nan     0.1000    0.0522
     3        1.0272            -nan     0.1000    0.0439
     4        0.9519            -nan     0.1000    0.0357
     5        0.8794            -nan     0.1000    0.0334
     6        0.8151            -nan     0.1000    0.0314
     7        0.7542            -nan     0.1000    0.0296
     8        0.7032            -nan     0.1000    0.0250
     9        0.6545            -nan     0.1000    0.0219
    10        0.6191            -nan     0.1000    0.0166
    20        0.3428            -nan     0.1000    0.0088
    40        0.1540            -nan     0.1000    0.0018
    60        0.0876            -nan     0.1000    0.0011
    80        0.0516            -nan     0.1000    0.0007
   100        0.0328            -nan     0.1000    0.0002
   120        0.0219            -nan     0.1000    0.0001
   140        0.0145            -nan     0.1000    0.0001
   150        0.0121            -nan     0.1000    0.0000

Iter   TrainDeviance   ValidDeviance   StepSize   Improve
     1        1.2885            -nan     0.1000    0.0427
     2        1.2159            -nan     0.1000    0.0352
     3        1.1557            -nan     0.1000    0.0295
     4        1.1037            -nan     0.1000    0.0257
     5        1.0622            -nan     0.1000    0.0196
     6        1.0229            -nan     0.1000    0.0196
     7        0.9840            -nan     0.1000    0.0180
     8        0.9509            -nan     0.1000    0.0156
     9        0.9208            -nan     0.1000    0.0159
    10        0.8957            -nan     0.1000    0.0121
    20        0.7006            -nan     0.1000    0.0055
    40        0.5067            -nan     0.1000    0.0026
    60        0.3934            -nan     0.1000    0.0017
    80        0.3190            -nan     0.1000    0.0015
   100        0.2723            -nan     0.1000    0.0008
   120        0.2307            -nan     0.1000    0.0009
   140        0.1997            -nan     0.1000    0.0002
   150        0.1848            -nan     0.1000    0.0004

Iter   TrainDeviance   ValidDeviance   StepSize   Improve
     1        1.2645            -nan     0.1000    0.0564
     2        1.1639            -nan     0.1000    0.0519
     3        1.0806            -nan     0.1000    0.0402
     4        1.0121            -nan     0.1000    0.0338
     5        0.9477            -nan     0.1000    0.0315
     6        0.8940            -nan     0.1000    0.0264
     7        0.8386            -nan     0.1000    0.0267
     8        0.7978            -nan     0.1000    0.0192
     9        0.7611            -nan     0.1000    0.0170
    10        0.7219            -nan     0.1000    0.0188
    20        0.4900            -nan     0.1000    0.0052
    40        0.2704            -nan     0.1000    0.0044
    60        0.1665            -nan     0.1000    0.0014
    80        0.1078            -nan     0.1000    0.0008
   100        0.0748            -nan     0.1000    0.0008
   120        0.0529            -nan     0.1000    0.0006
   140        0.0380            -nan     0.1000    0.0002
   150        0.0333            -nan     0.1000    0.0001

Iter   TrainDeviance   ValidDeviance   StepSize   Improve
     1        1.2403            -nan     0.1000    0.0675
     2        1.1322            -nan     0.1000    0.0532
     3        1.0343            -nan     0.1000    0.0476
     4        0.9596            -nan     0.1000    0.0370
     5        0.8938            -nan     0.1000    0.0317
     6        0.8313            -nan     0.1000    0.0296
     7        0.7790            -nan     0.1000    0.0248
     8        0.7227            -nan     0.1000    0.0279
     9        0.6733            -nan     0.1000    0.0234
    10        0.6359            -nan     0.1000    0.0173
    20        0.3543            -nan     0.1000    0.0100
    40        0.1545            -nan     0.1000    0.0035
    60        0.0853            -nan     0.1000    0.0009
    80        0.0546            -nan     0.1000    0.0004
   100        0.0332            -nan     0.1000    0.0001
   120        0.0218            -nan     0.1000    0.0001
   140        0.0140            -nan     0.1000    0.0002
   150        0.0117            -nan     0.1000    0.0001

Iter   TrainDeviance   ValidDeviance   StepSize   Improve
     1        1.2701            -nan     0.1000    0.0478
     2        1.1847            -nan     0.1000    0.0402
     3        1.1181            -nan     0.1000    0.0332
     4        1.0578            -nan     0.1000    0.0280
     5        1.0101            -nan     0.1000    0.0225
     6        0.9678            -nan     0.1000    0.0211
     7        0.9320            -nan     0.1000    0.0176
     8        0.8985            -nan     0.1000    0.0156
     9        0.8663            -nan     0.1000    0.0163
    10        0.8383            -nan     0.1000    0.0142
    20        0.6415            -nan     0.1000    0.0071
    40        0.4664            -nan     0.1000    0.0007
    60        0.3589            -nan     0.1000    0.0018
    80        0.2887            -nan     0.1000    0.0012
   100        0.2449            -nan     0.1000    0.0007
   120        0.2115            -nan     0.1000    0.0003
   140        0.1846            -nan     0.1000    0.0007
   150        0.1729            -nan     0.1000    0.0006

Iter   TrainDeviance   ValidDeviance   StepSize   Improve
     1        1.2465            -nan     0.1000    0.0599
     2        1.1430            -nan     0.1000    0.0511
     3        1.0573            -nan     0.1000    0.0411
     4        0.9792            -nan     0.1000    0.0374
     5        0.9149            -nan     0.1000    0.0317
     6        0.8530            -nan     0.1000    0.0296
     7        0.7998            -nan     0.1000    0.0254
     8        0.7560            -nan     0.1000    0.0216
     9        0.7168            -nan     0.1000    0.0193
    10        0.6761            -nan     0.1000    0.0188
    20        0.4530            -nan     0.1000    0.0060
    40        0.2488            -nan     0.1000    0.0026
    60        0.1612            -nan     0.1000    0.0014
    80        0.1101            -nan     0.1000    0.0009
   100        0.0782            -nan     0.1000    0.0003
   120        0.0558            -nan     0.1000    0.0004
   140        0.0419            -nan     0.1000    0.0002
   150        0.0363            -nan     0.1000    0.0002

Iter   TrainDeviance   ValidDeviance   StepSize   Improve
     1        1.2307            -nan     0.1000    0.0683
     2        1.1161            -nan     0.1000    0.0563
     3        1.0158            -nan     0.1000    0.0496
     4        0.9333            -nan     0.1000    0.0408
     5        0.8611            -nan     0.1000    0.0359
     6        0.7990            -nan     0.1000    0.0305
     7        0.7460            -nan     0.1000    0.0257
     8        0.6977            -nan     0.1000    0.0233
     9        0.6499            -nan     0.1000    0.0230
    10        0.6028            -nan     0.1000    0.0237
    20        0.3418            -nan     0.1000    0.0088
    40        0.1488            -nan     0.1000    0.0030
    60        0.0864            -nan     0.1000    0.0006
    80        0.0544            -nan     0.1000    0.0008
   100        0.0358            -nan     0.1000    0.0001
   120        0.0243            -nan     0.1000    0.0001
   140        0.0164            -nan     0.1000    0.0001
   150        0.0137            -nan     0.1000    0.0001

Iter   TrainDeviance   ValidDeviance   StepSize   Improve
     1        1.2714            -nan     0.1000    0.0463
     2        1.1960            -nan     0.1000    0.0377
     3        1.1295            -nan     0.1000    0.0321
     4        1.0715            -nan     0.1000    0.0280
     5        1.0222            -nan     0.1000    0.0228
     6        0.9795            -nan     0.1000    0.0205
     7        0.9389            -nan     0.1000    0.0197
     8        0.9066            -nan     0.1000    0.0155
     9        0.8731            -nan     0.1000    0.0162
    10        0.8453            -nan     0.1000    0.0132
    20        0.6496            -nan     0.1000    0.0047
    40        0.4612            -nan     0.1000    0.0034
    60        0.3619            -nan     0.1000    0.0010
    80        0.3002            -nan     0.1000    0.0002
   100        0.2504            -nan     0.1000    0.0010
   120        0.2125            -nan     0.1000    0.0008
   140        0.1789            -nan     0.1000    0.0004
   150        0.1641            -nan     0.1000    0.0009

Iter   TrainDeviance   ValidDeviance   StepSize   Improve
     1        1.2501            -nan     0.1000    0.0607
     2        1.1422            -nan     0.1000    0.0532
     3        1.0575            -nan     0.1000    0.0414
     4        0.9733            -nan     0.1000    0.0414
     5        0.9048            -nan     0.1000    0.0343
     6        0.8466            -nan     0.1000    0.0282
     7        0.8011            -nan     0.1000    0.0222
     8        0.7613            -nan     0.1000    0.0193
     9        0.7149            -nan     0.1000    0.0231
    10        0.6832            -nan     0.1000    0.0150
    20        0.4594            -nan     0.1000    0.0074
    40        0.2561            -nan     0.1000    0.0020
    60        0.1582            -nan     0.1000    0.0015
    80        0.1037            -nan     0.1000    0.0007
   100        0.0724            -nan     0.1000    0.0007
   120        0.0516            -nan     0.1000    0.0004
   140        0.0371            -nan     0.1000    0.0001
   150        0.0321            -nan     0.1000    0.0001

Iter   TrainDeviance   ValidDeviance   StepSize   Improve
     1        1.2393            -nan     0.1000    0.0632
     2        1.1290            -nan     0.1000    0.0549
     3        1.0376            -nan     0.1000    0.0458
     4        0.9587            -nan     0.1000    0.0389
     5        0.8837            -nan     0.1000    0.0365
     6        0.8156            -nan     0.1000    0.0328
     7        0.7556            -nan     0.1000    0.0296
     8        0.7130            -nan     0.1000    0.0205
     9        0.6675            -nan     0.1000    0.0217
    10        0.6331            -nan     0.1000    0.0151
    20        0.3725            -nan     0.1000    0.0058
    40        0.1663            -nan     0.1000    0.0024
    60        0.0915            -nan     0.1000    0.0008
    80        0.0549            -nan     0.1000    0.0002
   100        0.0329            -nan     0.1000    0.0003
   120        0.0211            -nan     0.1000    0.0002
   140        0.0140            -nan     0.1000    0.0002
   150        0.0108            -nan     0.1000    0.0000

Iter   TrainDeviance   ValidDeviance   StepSize   Improve
     1        1.2786            -nan     0.1000    0.0507
     2        1.1947            -nan     0.1000    0.0407
     3        1.1262            -nan     0.1000    0.0332
     4        1.0694            -nan     0.1000    0.0269
     5        1.0206            -nan     0.1000    0.0230
     6        0.9760            -nan     0.1000    0.0211
     7        0.9365            -nan     0.1000    0.0176
     8        0.9031            -nan     0.1000    0.0150
     9        0.8759            -nan     0.1000    0.0133
    10        0.8453            -nan     0.1000    0.0148
    20        0.6693            -nan     0.1000    0.0036
    40        0.4888            -nan     0.1000    0.0020
    60        0.3857            -nan     0.1000    0.0017
    80        0.3191            -nan     0.1000    0.0016
   100        0.2665            -nan     0.1000    0.0011
   120        0.2286            -nan     0.1000    0.0009
   140        0.1935            -nan     0.1000    0.0005
   150        0.1791            -nan     0.1000    0.0006

Iter   TrainDeviance   ValidDeviance   StepSize   Improve
     1        1.2557            -nan     0.1000    0.0612
     2        1.1563            -nan     0.1000    0.0491
     3        1.0706            -nan     0.1000    0.0413
     4        0.9962            -nan     0.1000    0.0356
     5        0.9345            -nan     0.1000    0.0298
     6        0.8713            -nan     0.1000    0.0289
     7        0.8270            -nan     0.1000    0.0218
     8        0.7848            -nan     0.1000    0.0210
     9        0.7478            -nan     0.1000    0.0174
    10        0.7152            -nan     0.1000    0.0151
    20        0.4847            -nan     0.1000    0.0096
    40        0.2784            -nan     0.1000    0.0050
    60        0.1742            -nan     0.1000    0.0025
    80        0.1160            -nan     0.1000    0.0012
   100        0.0776            -nan     0.1000    0.0006
   120        0.0569            -nan     0.1000    0.0003
   140        0.0416            -nan     0.1000    0.0002
   150        0.0363            -nan     0.1000    0.0003

Iter   TrainDeviance   ValidDeviance   StepSize   Improve
     1        1.2477            -nan     0.1000    0.0637
     2        1.1353            -nan     0.1000    0.0552
     3        1.0448            -nan     0.1000    0.0461
     4        0.9643            -nan     0.1000    0.0387
     5        0.8990            -nan     0.1000    0.0311
     6        0.8396            -nan     0.1000    0.0282
     7        0.7888            -nan     0.1000    0.0251
     8        0.7439            -nan     0.1000    0.0210
     9        0.6864            -nan     0.1000    0.0277
    10        0.6339            -nan     0.1000    0.0258
    20        0.3618            -nan     0.1000    0.0110
    40        0.1520            -nan     0.1000    0.0021
    60        0.0813            -nan     0.1000    0.0007
    80        0.0488            -nan     0.1000    0.0006
   100        0.0318            -nan     0.1000    0.0003
   120        0.0213            -nan     0.1000    0.0003
   140        0.0135            -nan     0.1000    0.0001
   150        0.0109            -nan     0.1000    0.0000

Iter   TrainDeviance   ValidDeviance   StepSize   Improve
     1        1.2782            -nan     0.1000    0.0484
     2        1.1994            -nan     0.1000    0.0395
     3        1.1317            -nan     0.1000    0.0333
     4        1.0738            -nan     0.1000    0.0291
     5        1.0227            -nan     0.1000    0.0237
     6        0.9793            -nan     0.1000    0.0197
     7        0.9394            -nan     0.1000    0.0180
     8        0.9034            -nan     0.1000    0.0180
     9        0.8683            -nan     0.1000    0.0168
    10        0.8398            -nan     0.1000    0.0132
    20        0.6407            -nan     0.1000    0.0053
    40        0.4570            -nan     0.1000    0.0033
    60        0.3518            -nan     0.1000    0.0008
    80        0.2842            -nan     0.1000    0.0016
   100        0.2369            -nan     0.1000    0.0006
   120        0.1999            -nan     0.1000    0.0004
   140        0.1711            -nan     0.1000    0.0000
   150        0.1607            -nan     0.1000    0.0002

Iter   TrainDeviance   ValidDeviance   StepSize   Improve
     1        1.2482            -nan     0.1000    0.0644
     2        1.1427            -nan     0.1000    0.0514
     3        1.0550            -nan     0.1000    0.0439
     4        0.9791            -nan     0.1000    0.0363
     5        0.9141            -nan     0.1000    0.0308
     6        0.8571            -nan     0.1000    0.0275
     7        0.7980            -nan     0.1000    0.0298
     8        0.7473            -nan     0.1000    0.0254
     9        0.7090            -nan     0.1000    0.0186
    10        0.6747            -nan     0.1000    0.0162
    20        0.4440            -nan     0.1000    0.0063
    40        0.2378            -nan     0.1000    0.0018
    60        0.1498            -nan     0.1000    0.0018
    80        0.0964            -nan     0.1000    0.0009
   100        0.0676            -nan     0.1000    0.0004
   120        0.0479            -nan     0.1000    0.0001
   140        0.0352            -nan     0.1000    0.0001
   150        0.0298            -nan     0.1000    0.0001

Iter   TrainDeviance   ValidDeviance   StepSize   Improve
     1        1.2314            -nan     0.1000    0.0727
     2        1.1041            -nan     0.1000    0.0621
     3        1.0086            -nan     0.1000    0.0480
     4        0.9211            -nan     0.1000    0.0428
     5        0.8518            -nan     0.1000    0.0343
     6        0.7859            -nan     0.1000    0.0318
     7        0.7301            -nan     0.1000    0.0277
     8        0.6747            -nan     0.1000    0.0271
     9        0.6310            -nan     0.1000    0.0208
    10        0.5866            -nan     0.1000    0.0207
    20        0.3396            -nan     0.1000    0.0050
    40        0.1452            -nan     0.1000    0.0025
    60        0.0793            -nan     0.1000    0.0014
    80        0.0497            -nan     0.1000    0.0004
   100        0.0314            -nan     0.1000    0.0004
   120        0.0202            -nan     0.1000    0.0003
   140        0.0137            -nan     0.1000    0.0001
   150        0.0118            -nan     0.1000    0.0000

Iter   TrainDeviance   ValidDeviance   StepSize   Improve
     1        1.2683            -nan     0.1000    0.0507
     2        1.1868            -nan     0.1000    0.0413
     3        1.1161            -nan     0.1000    0.0343
     4        1.0579            -nan     0.1000    0.0284
     5        1.0090            -nan     0.1000    0.0248
     6        0.9663            -nan     0.1000    0.0215
     7        0.9287            -nan     0.1000    0.0179
     8        0.8966            -nan     0.1000    0.0140
     9        0.8696            -nan     0.1000    0.0118
    10        0.8391            -nan     0.1000    0.0150
    20        0.6615            -nan     0.1000    0.0048
    40        0.4807            -nan     0.1000    0.0022
    60        0.3764            -nan     0.1000    0.0019
    80        0.3095            -nan     0.1000    0.0013
   100        0.2605            -nan     0.1000    0.0007
   120        0.2238            -nan     0.1000    0.0003
   140        0.1937            -nan     0.1000    0.0005
   150        0.1795            -nan     0.1000    0.0004

Iter   TrainDeviance   ValidDeviance   StepSize   Improve
     1        1.2481            -nan     0.1000    0.0603
     2        1.1534            -nan     0.1000    0.0450
     3        1.0619            -nan     0.1000    0.0445
     4        0.9850            -nan     0.1000    0.0359
     5        0.9222            -nan     0.1000    0.0308
     6        0.8687            -nan     0.1000    0.0258
     7        0.8178            -nan     0.1000    0.0245
     8        0.7771            -nan     0.1000    0.0210
     9        0.7395            -nan     0.1000    0.0177
    10        0.7060            -nan     0.1000    0.0152
    20        0.4737            -nan     0.1000    0.0074
    40        0.2617            -nan     0.1000    0.0031
    60        0.1590            -nan     0.1000    0.0019
    80        0.1111            -nan     0.1000    0.0003
   100        0.0781            -nan     0.1000    0.0006
   120        0.0555            -nan     0.1000    0.0004
   140        0.0413            -nan     0.1000    0.0002
   150        0.0357            -nan     0.1000    0.0001

Iter   TrainDeviance   ValidDeviance   StepSize   Improve
     1        1.2403            -nan     0.1000    0.0633
     2        1.1296            -nan     0.1000    0.0542
     3        1.0376            -nan     0.1000    0.0451
     4        0.9633            -nan     0.1000    0.0340
     5        0.8839            -nan     0.1000    0.0387
     6        0.8193            -nan     0.1000    0.0320
     7        0.7584            -nan     0.1000    0.0295
     8        0.7142            -nan     0.1000    0.0222
     9        0.6743            -nan     0.1000    0.0193
    10        0.6331            -nan     0.1000    0.0201
    20        0.3617            -nan     0.1000    0.0076
    40        0.1520            -nan     0.1000    0.0012
    60        0.0834            -nan     0.1000    0.0010
    80        0.0518            -nan     0.1000    0.0003
   100        0.0327            -nan     0.1000    0.0001
   120        0.0203            -nan     0.1000    0.0000
   140        0.0140            -nan     0.1000    0.0001
   150        0.0117            -nan     0.1000    0.0001

Iter   TrainDeviance   ValidDeviance   StepSize   Improve
     1        1.2740            -nan     0.1000    0.0495
     2        1.1955            -nan     0.1000    0.0394
     3        1.1288            -nan     0.1000    0.0336
     4        1.0717            -nan     0.1000    0.0277
     5        1.0251            -nan     0.1000    0.0232
     6        0.9808            -nan     0.1000    0.0208
     7        0.9437            -nan     0.1000    0.0171
     8        0.9095            -nan     0.1000    0.0161
     9        0.8824            -nan     0.1000    0.0122
    10        0.8510            -nan     0.1000    0.0150
    20        0.6730            -nan     0.1000    0.0071
    40        0.5004            -nan     0.1000    0.0014
    60        0.3983            -nan     0.1000    0.0022
    80        0.3322            -nan     0.1000    0.0010
   100        0.2815            -nan     0.1000    0.0005
   120        0.2355            -nan     0.1000    0.0007
   140        0.1987            -nan     0.1000    0.0003
   150        0.1849            -nan     0.1000    0.0007

Iter   TrainDeviance   ValidDeviance   StepSize   Improve
     1        1.2612            -nan     0.1000    0.0563
     2        1.1637            -nan     0.1000    0.0488
     3        1.0798            -nan     0.1000    0.0419
     4        1.0116            -nan     0.1000    0.0327
     5        0.9482            -nan     0.1000    0.0300
     6        0.8848            -nan     0.1000    0.0307
     7        0.8383            -nan     0.1000    0.0212
     8        0.7923            -nan     0.1000    0.0229
     9        0.7546            -nan     0.1000    0.0172
    10        0.7217            -nan     0.1000    0.0158
    20        0.4996            -nan     0.1000    0.0063
    40        0.2818            -nan     0.1000    0.0034
    60        0.1789            -nan     0.1000    0.0017
    80        0.1195            -nan     0.1000    0.0006
   100        0.0832            -nan     0.1000    0.0005
   120        0.0584            -nan     0.1000    0.0003
   140        0.0433            -nan     0.1000    0.0002
   150        0.0378            -nan     0.1000    0.0002

Iter   TrainDeviance   ValidDeviance   StepSize   Improve
     1        1.2446            -nan     0.1000    0.0656
     2        1.1403            -nan     0.1000    0.0501
     3        1.0499            -nan     0.1000    0.0446
     4        0.9615            -nan     0.1000    0.0439
     5        0.8949            -nan     0.1000    0.0335
     6        0.8335            -nan     0.1000    0.0293
     7        0.7837            -nan     0.1000    0.0234
     8        0.7349            -nan     0.1000    0.0248
     9        0.6940            -nan     0.1000    0.0191
    10        0.6364            -nan     0.1000    0.0280
    20        0.3903            -nan     0.1000    0.0082
    40        0.1689            -nan     0.1000    0.0028
    60        0.0920            -nan     0.1000    0.0005
    80        0.0567            -nan     0.1000    0.0005
   100        0.0355            -nan     0.1000    0.0004
   120        0.0242            -nan     0.1000    0.0001
   140        0.0166            -nan     0.1000    0.0002
   150        0.0140            -nan     0.1000    0.0001

Iter   TrainDeviance   ValidDeviance   StepSize   Improve
     1        1.2852            -nan     0.1000    0.0452
     2        1.2109            -nan     0.1000    0.0377
     3        1.1473            -nan     0.1000    0.0334
     4        1.0928            -nan     0.1000    0.0264
     5        1.0429            -nan     0.1000    0.0237
     6        0.9994            -nan     0.1000    0.0216
     7        0.9647            -nan     0.1000    0.0174
     8        0.9305            -nan     0.1000    0.0173
     9        0.8987            -nan     0.1000    0.0161
    10        0.8677            -nan     0.1000    0.0146
    20        0.6714            -nan     0.1000    0.0072
    40        0.4888            -nan     0.1000    0.0031
    60        0.3826            -nan     0.1000    0.0023
    80        0.3172            -nan     0.1000    0.0014
   100        0.2660            -nan     0.1000    0.0015
   120        0.2268            -nan     0.1000    0.0006
   140        0.1967            -nan     0.1000    0.0004
   150        0.1851            -nan     0.1000    0.0008

Iter   TrainDeviance   ValidDeviance   StepSize   Improve
     1        1.2619            -nan     0.1000    0.0557
     2        1.1605            -nan     0.1000    0.0497
     3        1.0698            -nan     0.1000    0.0456
     4        0.9919            -nan     0.1000    0.0391
     5        0.9278            -nan     0.1000    0.0296
     6        0.8757            -nan     0.1000    0.0249
     7        0.8244            -nan     0.1000    0.0243
     8        0.7798            -nan     0.1000    0.0223
     9        0.7425            -nan     0.1000    0.0176
    10        0.7070            -nan     0.1000    0.0174
    20        0.4757            -nan     0.1000    0.0065
    40        0.2725            -nan     0.1000    0.0026
    60        0.1762            -nan     0.1000    0.0013
    80        0.1234            -nan     0.1000    0.0005
   100        0.0887            -nan     0.1000    0.0004
   120        0.0653            -nan     0.1000    0.0005
   140        0.0480            -nan     0.1000    0.0001
   150        0.0410            -nan     0.1000    0.0003

Iter   TrainDeviance   ValidDeviance   StepSize   Improve
     1        1.2449            -nan     0.1000    0.0653
     2        1.1268            -nan     0.1000    0.0580
     3        1.0266            -nan     0.1000    0.0502
     4        0.9480            -nan     0.1000    0.0378
     5        0.8787            -nan     0.1000    0.0327
     6        0.8200            -nan     0.1000    0.0288
     7        0.7592            -nan     0.1000    0.0300
     8        0.7147            -nan     0.1000    0.0209
     9        0.6695            -nan     0.1000    0.0238
    10        0.6261            -nan     0.1000    0.0201
    20        0.3565            -nan     0.1000    0.0113
    40        0.1654            -nan     0.1000    0.0023
    60        0.0915            -nan     0.1000    0.0013
    80        0.0582            -nan     0.1000    0.0005
   100        0.0380            -nan     0.1000    0.0004
   120        0.0252            -nan     0.1000    0.0001
   140        0.0170            -nan     0.1000    0.0001
   150        0.0140            -nan     0.1000    0.0001

Iter   TrainDeviance   ValidDeviance   StepSize   Improve
     1        1.2717            -nan     0.1000    0.0484
     2        1.1930            -nan     0.1000    0.0384
     3        1.1275            -nan     0.1000    0.0312
     4        1.0700            -nan     0.1000    0.0297
     5        1.0194            -nan     0.1000    0.0248
     6        0.9771            -nan     0.1000    0.0214
     7        0.9401            -nan     0.1000    0.0180
     8        0.9086            -nan     0.1000    0.0158
     9        0.8761            -nan     0.1000    0.0146
    10        0.8477            -nan     0.1000    0.0141
    20        0.6577            -nan     0.1000    0.0064
    40        0.4850            -nan     0.1000    0.0028
    60        0.3879            -nan     0.1000    0.0012
    80        0.3180            -nan     0.1000    0.0016
   100        0.2674            -nan     0.1000    0.0009
   120        0.2304            -nan     0.1000    0.0008
   140        0.1995            -nan     0.1000    0.0006
   150        0.1860            -nan     0.1000    0.0006

Iter   TrainDeviance   ValidDeviance   StepSize   Improve
     1        1.2444            -nan     0.1000    0.0603
     2        1.1413            -nan     0.1000    0.0511
     3        1.0567            -nan     0.1000    0.0415
     4        0.9814            -nan     0.1000    0.0370
     5        0.9136            -nan     0.1000    0.0332
     6        0.8603            -nan     0.1000    0.0269
     7        0.8146            -nan     0.1000    0.0216
     8        0.7674            -nan     0.1000    0.0236
     9        0.7276            -nan     0.1000    0.0177
    10        0.6923            -nan     0.1000    0.0159
    20        0.4672            -nan     0.1000    0.0086
    40        0.2685            -nan     0.1000    0.0021
    60        0.1646            -nan     0.1000    0.0009
    80        0.1118            -nan     0.1000    0.0006
   100        0.0791            -nan     0.1000    0.0002
   120        0.0557            -nan     0.1000    0.0002
   140        0.0422            -nan     0.1000    0.0001
   150        0.0360            -nan     0.1000    0.0002

Iter   TrainDeviance   ValidDeviance   StepSize   Improve
     1        1.2233            -nan     0.1000    0.0701
     2        1.1155            -nan     0.1000    0.0547
     3        1.0215            -nan     0.1000    0.0441
     4        0.9414            -nan     0.1000    0.0412
     5        0.8721            -nan     0.1000    0.0324
     6        0.8132            -nan     0.1000    0.0274
     7        0.7497            -nan     0.1000    0.0312
     8        0.6969            -nan     0.1000    0.0250
     9        0.6509            -nan     0.1000    0.0216
    10        0.6014            -nan     0.1000    0.0247
    20        0.3570            -nan     0.1000    0.0064
    40        0.1629            -nan     0.1000    0.0036
    60        0.0944            -nan     0.1000    0.0012
    80        0.0603            -nan     0.1000    0.0006
   100        0.0392            -nan     0.1000    0.0006
   120        0.0247            -nan     0.1000    0.0002
   140        0.0169            -nan     0.1000    0.0001
   150        0.0138            -nan     0.1000    0.0001

Iter   TrainDeviance   ValidDeviance   StepSize   Improve
     1        1.2736            -nan     0.1000    0.0483
     2        1.1928            -nan     0.1000    0.0392
     3        1.1289            -nan     0.1000    0.0323
     4        1.0715            -nan     0.1000    0.0281
     5        1.0240            -nan     0.1000    0.0235
     6        0.9807            -nan     0.1000    0.0188
     7        0.9442            -nan     0.1000    0.0169
     8        0.9126            -nan     0.1000    0.0148
     9        0.8812            -nan     0.1000    0.0152
    10        0.8563            -nan     0.1000    0.0117
    20        0.6794            -nan     0.1000    0.0060
    40        0.5063            -nan     0.1000    0.0028
    60        0.3956            -nan     0.1000    0.0014
    80        0.3233            -nan     0.1000    0.0014
   100        0.2723            -nan     0.1000    0.0004
   120        0.2327            -nan     0.1000    0.0008
   140        0.1974            -nan     0.1000    0.0005
   150        0.1835            -nan     0.1000    0.0006

Iter   TrainDeviance   ValidDeviance   StepSize   Improve
     1        1.2473            -nan     0.1000    0.0620
     2        1.1498            -nan     0.1000    0.0491
     3        1.0649            -nan     0.1000    0.0436
     4        0.9964            -nan     0.1000    0.0346
     5        0.9340            -nan     0.1000    0.0311
     6        0.8815            -nan     0.1000    0.0243
     7        0.8344            -nan     0.1000    0.0234
     8        0.7884            -nan     0.1000    0.0218
     9        0.7481            -nan     0.1000    0.0181
    10        0.7135            -nan     0.1000    0.0170
    20        0.4862            -nan     0.1000    0.0093
    40        0.2826            -nan     0.1000    0.0031
    60        0.1781            -nan     0.1000    0.0017
    80        0.1191            -nan     0.1000    0.0007
   100        0.0809            -nan     0.1000    0.0003
   120        0.0572            -nan     0.1000    0.0004
   140        0.0442            -nan     0.1000    0.0002
   150        0.0392            -nan     0.1000   -0.0000

Iter   TrainDeviance   ValidDeviance   StepSize   Improve
     1        1.2356            -nan     0.1000    0.0662
     2        1.1218            -nan     0.1000    0.0540
     3        1.0335            -nan     0.1000    0.0435
     4        0.9541            -nan     0.1000    0.0391
     5        0.8862            -nan     0.1000    0.0321
     6        0.8299            -nan     0.1000    0.0265
     7        0.7796            -nan     0.1000    0.0243
     8        0.7367            -nan     0.1000    0.0210
     9        0.6883            -nan     0.1000    0.0236
    10        0.6536            -nan     0.1000    0.0151
    20        0.3891            -nan     0.1000    0.0126
    40        0.1773            -nan     0.1000    0.0039
    60        0.0959            -nan     0.1000    0.0009
    80        0.0558            -nan     0.1000    0.0005
   100        0.0348            -nan     0.1000    0.0002
   120        0.0232            -nan     0.1000    0.0000
   140        0.0152            -nan     0.1000    0.0001
   150        0.0124            -nan     0.1000    0.0001

Iter   TrainDeviance   ValidDeviance   StepSize   Improve
     1        1.2418            -nan     0.1000    0.0656
     2        1.1305            -nan     0.1000    0.0558
     3        1.0372            -nan     0.1000    0.0441
     4        0.9530            -nan     0.1000    0.0407
     5        0.8887            -nan     0.1000    0.0308
     6        0.8268            -nan     0.1000    0.0310
     7        0.7659            -nan     0.1000    0.0297
     8        0.7199            -nan     0.1000    0.0223
     9        0.6707            -nan     0.1000    0.0226
    10        0.6277            -nan     0.1000    0.0214
    20        0.3684            -nan     0.1000    0.0111
    40        0.1676            -nan     0.1000    0.0008
    60        0.0943            -nan     0.1000    0.0007
    80        0.0574            -nan     0.1000    0.0003
   100        0.0378            -nan     0.1000    0.0001
   120        0.0253            -nan     0.1000    0.0003
   140        0.0176            -nan     0.1000    0.0000
   150        0.0151            -nan     0.1000    0.0001

TRAINING SUCCESSFUL
The most important attribute: variance (for technique: gbm)
________________
Dataset: banknote 
Technique: gcvEarth 
Probability table:

        0         1 
0.5553936 0.4446064 
BEGIN TRAINING
TRAINING SUCCESSFUL
The most important attribute: variance (for technique: gcvEarth)
________________
Dataset: banknote 
Technique: JRip 
Probability table:

        0         1 
0.5553936 0.4446064 
BEGIN TRAINING
TRAINING SUCCESSFUL
The most important attribute: variance (for technique: JRip)
________________
Dataset: banknote 
Technique: lvq 
Probability table:

        0         1 
0.5553936 0.4446064 
BEGIN TRAINING
TRAINING SUCCESSFUL
The most important attribute: variance (for technique: lvq)
________________
Dataset: banknote 
Technique: mlpML 
Probability table:

        0         1 
0.5553936 0.4446064 
BEGIN TRAINING
TRAINING SUCCESSFUL
The most important attribute: variance (for technique: mlpML)
________________
Dataset: banknote 
Technique: multinom 
Probability table:

        0         1 
0.5553936 0.4446064 
BEGIN TRAINING
# weights:  6 (5 variable)
initial  value 950.997932 
iter  10 value 47.750897
iter  20 value 25.619616
iter  30 value 24.945378
final  value 24.945319 
converged
TRAINING SUCCESSFUL
The most important attribute: variance (for technique: multinom)
________________
Dataset: banknote 
Technique: naive_bayes 
Probability table:

        0         1 
0.5553936 0.4446064 
BEGIN TRAINING
TRAINING SUCCESSFUL
The most important attribute: variance (for technique: naive_bayes)
________________
Dataset: banknote 
Technique: PART 
Probability table:

        0         1 
0.5553936 0.4446064 
BEGIN TRAINING
TRAINING SUCCESSFUL
The most important attribute: variance (for technique: PART)
________________
Dataset: banknote 
Technique: rbfDDA 
Probability table:

        0         1 
0.5553936 0.4446064 
BEGIN TRAINING
TRAINING SUCCESSFUL
The most important attribute: variance (for technique: rbfDDA)
________________
Dataset: banknote 
Technique: rda 
Probability table:

        0         1 
0.5553936 0.4446064 
BEGIN TRAINING
TRAINING SUCCESSFUL
The most important attribute: variance (for technique: rda)
________________
Dataset: banknote 
Technique: rf 
Probability table:

        0         1 
0.5553936 0.4446064 
BEGIN TRAINING
TRAINING SUCCESSFUL
The most important attribute: variance (for technique: rf)
________________
Dataset: banknote 
Technique: rpart 
Probability table:

        0         1 
0.5553936 0.4446064 
BEGIN TRAINING
TRAINING SUCCESSFUL
The most important attribute: variance (for technique: rpart)
________________
Dataset: banknote 
Technique: simpls 
Probability table:

        0         1 
0.5553936 0.4446064 
BEGIN TRAINING
TRAINING SUCCESSFUL
The most important attribute: variance (for technique: simpls)
________________
Dataset: banknote 
Technique: svmLinear 
Probability table:

        0         1 
0.5553936 0.4446064 
BEGIN TRAINING
TRAINING SUCCESSFUL
The most important attribute: variance (for technique: svmLinear)
________________
Dataset: banknote 
Technique: svmRadial 
Probability table:

        0         1 
0.5553936 0.4446064 
BEGIN TRAINING
TRAINING SUCCESSFUL
The most important attribute: skewness (for technique: svmRadial)
________________
Dataset: banknote 
Technique: rfRules 
Probability table:

        0         1 
0.5553936 0.4446064 
BEGIN TRAINING
Registered S3 method overwritten by 'RRF':
  method      from        
  plot.margin randomForest
1972 rules (length<=2) were extracted from the first 500 trees.
3821 rules (length<=3) were extracted from the first 500 trees.
6032 rules (length<=4) were extracted from the first 500 trees.
1960 rules (length<=2) were extracted from the first 500 trees.
3871 rules (length<=3) were extracted from the first 500 trees.
6059 rules (length<=4) were extracted from the first 500 trees.
1951 rules (length<=2) were extracted from the first 500 trees.
3825 rules (length<=3) were extracted from the first 500 trees.
5877 rules (length<=4) were extracted from the first 500 trees.
1947 rules (length<=2) were extracted from the first 500 trees.
3748 rules (length<=3) were extracted from the first 500 trees.
5696 rules (length<=4) were extracted from the first 500 trees.
1964 rules (length<=2) were extracted from the first 500 trees.
3816 rules (length<=3) were extracted from the first 500 trees.
6105 rules (length<=4) were extracted from the first 500 trees.
1915 rules (length<=2) were extracted from the first 500 trees.
3767 rules (length<=3) were extracted from the first 500 trees.
5797 rules (length<=4) were extracted from the first 500 trees.
1960 rules (length<=2) were extracted from the first 500 trees.
3864 rules (length<=3) were extracted from the first 500 trees.
6024 rules (length<=4) were extracted from the first 500 trees.
1932 rules (length<=2) were extracted from the first 500 trees.
3865 rules (length<=3) were extracted from the first 500 trees.
6011 rules (length<=4) were extracted from the first 500 trees.
1942 rules (length<=2) were extracted from the first 500 trees.
3886 rules (length<=3) were extracted from the first 500 trees.
6107 rules (length<=4) were extracted from the first 500 trees.
1959 rules (length<=2) were extracted from the first 500 trees.
3780 rules (length<=3) were extracted from the first 500 trees.
5820 rules (length<=4) were extracted from the first 500 trees.
1974 rules (length<=2) were extracted from the first 500 trees.
3861 rules (length<=3) were extracted from the first 500 trees.
5859 rules (length<=4) were extracted from the first 500 trees.
1905 rules (length<=2) were extracted from the first 500 trees.
3860 rules (length<=3) were extracted from the first 500 trees.
5930 rules (length<=4) were extracted from the first 500 trees.
1926 rules (length<=2) were extracted from the first 500 trees.
3779 rules (length<=3) were extracted from the first 500 trees.
5876 rules (length<=4) were extracted from the first 500 trees.
1929 rules (length<=2) were extracted from the first 500 trees.
3846 rules (length<=3) were extracted from the first 500 trees.
6115 rules (length<=4) were extracted from the first 500 trees.
1928 rules (length<=2) were extracted from the first 500 trees.
3834 rules (length<=3) were extracted from the first 500 trees.
5610 rules (length<=4) were extracted from the first 500 trees.
1945 rules (length<=2) were extracted from the first 500 trees.
3875 rules (length<=3) were extracted from the first 500 trees.
5933 rules (length<=4) were extracted from the first 500 trees.
1947 rules (length<=2) were extracted from the first 500 trees.
3877 rules (length<=3) were extracted from the first 500 trees.
5847 rules (length<=4) were extracted from the first 500 trees.
1937 rules (length<=2) were extracted from the first 500 trees.
3859 rules (length<=3) were extracted from the first 500 trees.
6056 rules (length<=4) were extracted from the first 500 trees.
1923 rules (length<=2) were extracted from the first 500 trees.
3782 rules (length<=3) were extracted from the first 500 trees.
6227 rules (length<=4) were extracted from the first 500 trees.
1927 rules (length<=2) were extracted from the first 500 trees.
3821 rules (length<=3) were extracted from the first 500 trees.
5974 rules (length<=4) were extracted from the first 500 trees.
1964 rules (length<=2) were extracted from the first 500 trees.
3774 rules (length<=3) were extracted from the first 500 trees.
5768 rules (length<=4) were extracted from the first 500 trees.
1924 rules (length<=2) were extracted from the first 500 trees.
3834 rules (length<=3) were extracted from the first 500 trees.
5904 rules (length<=4) were extracted from the first 500 trees.
1945 rules (length<=2) were extracted from the first 500 trees.
3858 rules (length<=3) were extracted from the first 500 trees.
6109 rules (length<=4) were extracted from the first 500 trees.
1957 rules (length<=2) were extracted from the first 500 trees.
3631 rules (length<=3) were extracted from the first 500 trees.
5567 rules (length<=4) were extracted from the first 500 trees.
1934 rules (length<=2) were extracted from the first 500 trees.
3762 rules (length<=3) were extracted from the first 500 trees.
6013 rules (length<=4) were extracted from the first 500 trees.
6105 rules (length<=4) were extracted from the first 500 trees.
TRAINING SUCCESSFUL
The most important attribute: variance (for technique: rfRules)
________________
Dataset: banknote 
Technique: knn 
Probability table:

        0         1 
0.5553936 0.4446064 
BEGIN TRAINING
TRAINING SUCCESSFUL
The most important attribute: variance (for technique: knn)
________________
Dataset: banknote 
Technique: bayesglm 
Probability table:

        0         1 
0.5553936 0.4446064 
BEGIN TRAINING
TRAINING SUCCESSFUL
The most important attribute: variance (for technique: bayesglm)
________________
Most important attribute obtained with all techniques
----------------
There were 50 or more warnings (use warnings() to see the first 50)
****************
RESULTS RECORDED
****************
