Current working directory: /home/chris/github/kappa-threshold 
parameters.csv exists: TRUE 
parameters.csv absolute path: /home/chris/github/kappa-threshold/data/files/parameters.csv 
Dataset: climate-model-simulation-crashes 
Technique: C5.0 
Probability table:

         0          1 
0.08518519 0.91481481 
BEGIN TRAINING
TRAINING SUCCESSFUL
The most important attribute: vconst_2 (for technique: C5.0)
________________
Dataset: climate-model-simulation-crashes 
Technique: ctree 
Probability table:

         0          1 
0.08518519 0.91481481 
BEGIN TRAINING
TRAINING SUCCESSFUL
The most important attribute: vconst_corr (for technique: ctree)
________________
Dataset: climate-model-simulation-crashes 
Technique: fda 
Probability table:

         0          1 
0.08518519 0.91481481 
BEGIN TRAINING
TRAINING SUCCESSFUL
The most important attribute: vconst_corr (for technique: fda)
________________
Dataset: climate-model-simulation-crashes 
Technique: gbm 
Probability table:

         0          1 
0.08518519 0.91481481 
BEGIN TRAINING
Iter   TrainDeviance   ValidDeviance   StepSize   Improve
     1        0.6057            -nan     0.1000    0.0092
     2        0.5903            -nan     0.1000    0.0060
     3        0.5769            -nan     0.1000    0.0030
     4        0.5550            -nan     0.1000    0.0067
     5        0.5423            -nan     0.1000    0.0025
     6        0.5321            -nan     0.1000    0.0041
     7        0.5172            -nan     0.1000    0.0069
     8        0.5099            -nan     0.1000    0.0004
     9        0.5006            -nan     0.1000    0.0021
    10        0.4895            -nan     0.1000    0.0048
    20        0.4055            -nan     0.1000    0.0016
    40        0.3108            -nan     0.1000   -0.0015
    60        0.2590            -nan     0.1000    0.0000
    80        0.2163            -nan     0.1000   -0.0001
   100        0.1845            -nan     0.1000    0.0001
   120        0.1666            -nan     0.1000   -0.0007
   140        0.1501            -nan     0.1000   -0.0002
   150        0.1397            -nan     0.1000    0.0004

Iter   TrainDeviance   ValidDeviance   StepSize   Improve
     1        0.5595            -nan     0.1000    0.0306
     2        0.5300            -nan     0.1000    0.0115
     3        0.4900            -nan     0.1000    0.0086
     4        0.4709            -nan     0.1000    0.0085
     5        0.4526            -nan     0.1000    0.0056
     6        0.4427            -nan     0.1000    0.0028
     7        0.4159            -nan     0.1000    0.0099
     8        0.4066            -nan     0.1000    0.0034
     9        0.3795            -nan     0.1000    0.0115
    10        0.3693            -nan     0.1000    0.0022
    20        0.2711            -nan     0.1000   -0.0013
    40        0.1753            -nan     0.1000    0.0007
    60        0.1194            -nan     0.1000    0.0004
    80        0.0900            -nan     0.1000   -0.0005
   100        0.0672            -nan     0.1000    0.0001
   120        0.0504            -nan     0.1000   -0.0001
   140        0.0402            -nan     0.1000   -0.0000
   150        0.0362            -nan     0.1000    0.0000

Iter   TrainDeviance   ValidDeviance   StepSize   Improve
     1        0.5562            -nan     0.1000    0.0306
     2        0.4854            -nan     0.1000    0.0290
     3        0.4583            -nan     0.1000    0.0094
     4        0.4349            -nan     0.1000    0.0069
     5        0.4166            -nan     0.1000    0.0077
     6        0.3981            -nan     0.1000    0.0023
     7        0.3801            -nan     0.1000    0.0035
     8        0.3512            -nan     0.1000    0.0063
     9        0.3382            -nan     0.1000    0.0040
    10        0.3155            -nan     0.1000    0.0107
    20        0.2059            -nan     0.1000   -0.0003
    40        0.1166            -nan     0.1000    0.0012
    60        0.0742            -nan     0.1000    0.0001
    80        0.0462            -nan     0.1000    0.0001
   100        0.0314            -nan     0.1000   -0.0001
   120        0.0225            -nan     0.1000   -0.0000
   140        0.0157            -nan     0.1000    0.0001
   150        0.0129            -nan     0.1000    0.0001

Iter   TrainDeviance   ValidDeviance   StepSize   Improve
     1        0.4950            -nan     0.1000    0.0052
     2        0.4812            -nan     0.1000    0.0019
     3        0.4655            -nan     0.1000    0.0087
     4        0.4516            -nan     0.1000    0.0063
     5        0.4391            -nan     0.1000    0.0037
     6        0.4318            -nan     0.1000   -0.0003
     7        0.4209            -nan     0.1000    0.0035
     8        0.4094            -nan     0.1000    0.0027
     9        0.3997            -nan     0.1000    0.0051
    10        0.3900            -nan     0.1000    0.0034
    20        0.3189            -nan     0.1000   -0.0006
    40        0.2422            -nan     0.1000   -0.0004
    60        0.1972            -nan     0.1000    0.0003
    80        0.1661            -nan     0.1000   -0.0004
   100        0.1416            -nan     0.1000   -0.0007
   120        0.1198            -nan     0.1000    0.0001
   140        0.1044            -nan     0.1000   -0.0001
   150        0.0973            -nan     0.1000   -0.0005

Iter   TrainDeviance   ValidDeviance   StepSize   Improve
     1        0.4521            -nan     0.1000    0.0143
     2        0.4104            -nan     0.1000    0.0103
     3        0.3864            -nan     0.1000    0.0094
     4        0.3581            -nan     0.1000    0.0099
     5        0.3309            -nan     0.1000    0.0087
     6        0.3199            -nan     0.1000    0.0024
     7        0.3120            -nan     0.1000    0.0019
     8        0.3033            -nan     0.1000    0.0010
     9        0.2913            -nan     0.1000    0.0030
    10        0.2819            -nan     0.1000    0.0028
    20        0.2132            -nan     0.1000    0.0012
    40        0.1298            -nan     0.1000    0.0010
    60        0.0871            -nan     0.1000   -0.0000
    80        0.0629            -nan     0.1000   -0.0005
   100        0.0438            -nan     0.1000    0.0001
   120        0.0341            -nan     0.1000    0.0000
   140        0.0261            -nan     0.1000   -0.0002
   150        0.0229            -nan     0.1000   -0.0001

Iter   TrainDeviance   ValidDeviance   StepSize   Improve
     1        0.4363            -nan     0.1000    0.0207
     2        0.3969            -nan     0.1000    0.0156
     3        0.3792            -nan     0.1000    0.0033
     4        0.3573            -nan     0.1000    0.0094
     5        0.3363            -nan     0.1000    0.0084
     6        0.3198            -nan     0.1000    0.0061
     7        0.3120            -nan     0.1000    0.0009
     8        0.3000            -nan     0.1000    0.0011
     9        0.2775            -nan     0.1000    0.0071
    10        0.2700            -nan     0.1000    0.0019
    20        0.1828            -nan     0.1000   -0.0000
    40        0.1033            -nan     0.1000   -0.0004
    60        0.0605            -nan     0.1000   -0.0005
    80        0.0387            -nan     0.1000   -0.0002
   100        0.0251            -nan     0.1000   -0.0002
   120        0.0175            -nan     0.1000   -0.0001
   140        0.0120            -nan     0.1000   -0.0000
   150        0.0097            -nan     0.1000    0.0000

Iter   TrainDeviance   ValidDeviance   StepSize   Improve
     1        0.5870            -nan     0.1000    0.0097
     2        0.5662            -nan     0.1000    0.0100
     3        0.5518            -nan     0.1000    0.0080
     4        0.5388            -nan     0.1000    0.0059
     5        0.5218            -nan     0.1000    0.0089
     6        0.5080            -nan     0.1000    0.0049
     7        0.4939            -nan     0.1000    0.0066
     8        0.4820            -nan     0.1000    0.0016
     9        0.4679            -nan     0.1000    0.0065
    10        0.4557            -nan     0.1000    0.0026
    20        0.3877            -nan     0.1000   -0.0010
    40        0.2976            -nan     0.1000   -0.0003
    60        0.2428            -nan     0.1000   -0.0006
    80        0.1918            -nan     0.1000    0.0014
   100        0.1600            -nan     0.1000   -0.0002
   120        0.1397            -nan     0.1000   -0.0002
   140        0.1226            -nan     0.1000   -0.0005
   150        0.1114            -nan     0.1000    0.0002

Iter   TrainDeviance   ValidDeviance   StepSize   Improve
     1        0.5276            -nan     0.1000    0.0359
     2        0.5162            -nan     0.1000   -0.0016
     3        0.4851            -nan     0.1000    0.0140
     4        0.4554            -nan     0.1000    0.0106
     5        0.4282            -nan     0.1000    0.0113
     6        0.4151            -nan     0.1000    0.0032
     7        0.3961            -nan     0.1000    0.0022
     8        0.3803            -nan     0.1000    0.0029
     9        0.3662            -nan     0.1000    0.0061
    10        0.3564            -nan     0.1000    0.0010
    20        0.2654            -nan     0.1000    0.0007
    40        0.1711            -nan     0.1000    0.0008
    60        0.1097            -nan     0.1000    0.0005
    80        0.0794            -nan     0.1000   -0.0001
   100        0.0588            -nan     0.1000   -0.0003
   120        0.0444            -nan     0.1000    0.0001
   140        0.0351            -nan     0.1000   -0.0001
   150        0.0301            -nan     0.1000   -0.0002

Iter   TrainDeviance   ValidDeviance   StepSize   Improve
     1        0.5259            -nan     0.1000    0.0300
     2        0.4827            -nan     0.1000    0.0128
     3        0.4366            -nan     0.1000    0.0175
     4        0.4050            -nan     0.1000    0.0114
     5        0.3791            -nan     0.1000    0.0103
     6        0.3569            -nan     0.1000    0.0092
     7        0.3355            -nan     0.1000    0.0085
     8        0.3134            -nan     0.1000    0.0014
     9        0.2994            -nan     0.1000    0.0026
    10        0.2866            -nan     0.1000    0.0044
    20        0.2056            -nan     0.1000    0.0019
    40        0.1069            -nan     0.1000    0.0003
    60        0.0665            -nan     0.1000   -0.0002
    80        0.0434            -nan     0.1000   -0.0002
   100        0.0270            -nan     0.1000   -0.0001
   120        0.0179            -nan     0.1000    0.0000
   140        0.0130            -nan     0.1000   -0.0001
   150        0.0109            -nan     0.1000   -0.0000

Iter   TrainDeviance   ValidDeviance   StepSize   Improve
     1        0.5585            -nan     0.1000    0.0123
     2        0.5309            -nan     0.1000    0.0104
     3        0.5138            -nan     0.1000    0.0071
     4        0.4895            -nan     0.1000    0.0098
     5        0.4732            -nan     0.1000    0.0055
     6        0.4601            -nan     0.1000    0.0032
     7        0.4473            -nan     0.1000    0.0042
     8        0.4368            -nan     0.1000    0.0039
     9        0.4225            -nan     0.1000    0.0064
    10        0.4120            -nan     0.1000    0.0040
    20        0.3379            -nan     0.1000    0.0015
    40        0.2563            -nan     0.1000   -0.0002
    60        0.2114            -nan     0.1000   -0.0003
    80        0.1773            -nan     0.1000    0.0007
   100        0.1524            -nan     0.1000   -0.0004
   120        0.1282            -nan     0.1000   -0.0006
   140        0.1142            -nan     0.1000   -0.0002
   150        0.1068            -nan     0.1000   -0.0005

Iter   TrainDeviance   ValidDeviance   StepSize   Improve
     1        0.5143            -nan     0.1000    0.0313
     2        0.4523            -nan     0.1000    0.0211
     3        0.4351            -nan     0.1000    0.0082
     4        0.4065            -nan     0.1000    0.0121
     5        0.3767            -nan     0.1000    0.0105
     6        0.3630            -nan     0.1000    0.0050
     7        0.3482            -nan     0.1000    0.0046
     8        0.3270            -nan     0.1000    0.0096
     9        0.3154            -nan     0.1000    0.0037
    10        0.3042            -nan     0.1000    0.0024
    20        0.2207            -nan     0.1000    0.0001
    40        0.1436            -nan     0.1000    0.0004
    60        0.1001            -nan     0.1000   -0.0004
    80        0.0736            -nan     0.1000    0.0001
   100        0.0584            -nan     0.1000   -0.0005
   120        0.0432            -nan     0.1000   -0.0001
   140        0.0343            -nan     0.1000   -0.0000
   150        0.0316            -nan     0.1000   -0.0002

Iter   TrainDeviance   ValidDeviance   StepSize   Improve
     1        0.4803            -nan     0.1000    0.0422
     2        0.4348            -nan     0.1000    0.0204
     3        0.4038            -nan     0.1000    0.0147
     4        0.3791            -nan     0.1000    0.0088
     5        0.3557            -nan     0.1000    0.0068
     6        0.3385            -nan     0.1000    0.0088
     7        0.3224            -nan     0.1000    0.0056
     8        0.3041            -nan     0.1000    0.0065
     9        0.2905            -nan     0.1000    0.0031
    10        0.2719            -nan     0.1000    0.0054
    20        0.1812            -nan     0.1000    0.0011
    40        0.0999            -nan     0.1000    0.0011
    60        0.0634            -nan     0.1000   -0.0001
    80        0.0416            -nan     0.1000    0.0001
   100        0.0280            -nan     0.1000   -0.0001
   120        0.0198            -nan     0.1000   -0.0000
   140        0.0145            -nan     0.1000   -0.0001
   150        0.0125            -nan     0.1000   -0.0000

Iter   TrainDeviance   ValidDeviance   StepSize   Improve
     1        0.4596            -nan     0.1000    0.0057
     2        0.4493            -nan     0.1000    0.0037
     3        0.4344            -nan     0.1000    0.0059
     4        0.4247            -nan     0.1000    0.0041
     5        0.4172            -nan     0.1000    0.0022
     6        0.4129            -nan     0.1000   -0.0001
     7        0.4058            -nan     0.1000    0.0028
     8        0.3930            -nan     0.1000    0.0020
     9        0.3843            -nan     0.1000    0.0024
    10        0.3773            -nan     0.1000    0.0004
    20        0.3204            -nan     0.1000    0.0025
    40        0.2492            -nan     0.1000    0.0015
    60        0.2028            -nan     0.1000    0.0009
    80        0.1713            -nan     0.1000   -0.0004
   100        0.1460            -nan     0.1000   -0.0005
   120        0.1279            -nan     0.1000   -0.0007
   140        0.1140            -nan     0.1000   -0.0004
   150        0.1069            -nan     0.1000   -0.0002

Iter   TrainDeviance   ValidDeviance   StepSize   Improve
     1        0.4242            -nan     0.1000    0.0101
     2        0.4002            -nan     0.1000    0.0043
     3        0.3705            -nan     0.1000    0.0167
     4        0.3437            -nan     0.1000    0.0140
     5        0.3329            -nan     0.1000    0.0043
     6        0.3244            -nan     0.1000    0.0015
     7        0.3031            -nan     0.1000    0.0069
     8        0.2944            -nan     0.1000    0.0013
     9        0.2821            -nan     0.1000    0.0045
    10        0.2754            -nan     0.1000    0.0010
    20        0.2047            -nan     0.1000    0.0001
    40        0.1369            -nan     0.1000   -0.0003
    60        0.0994            -nan     0.1000   -0.0005
    80        0.0660            -nan     0.1000   -0.0005
   100        0.0486            -nan     0.1000    0.0001
   120        0.0374            -nan     0.1000   -0.0000
   140        0.0303            -nan     0.1000   -0.0001
   150        0.0267            -nan     0.1000    0.0002

Iter   TrainDeviance   ValidDeviance   StepSize   Improve
     1        0.4026            -nan     0.1000    0.0241
     2        0.3522            -nan     0.1000    0.0192
     3        0.3321            -nan     0.1000    0.0040
     4        0.3136            -nan     0.1000    0.0019
     5        0.2938            -nan     0.1000    0.0072
     6        0.2844            -nan     0.1000    0.0020
     7        0.2651            -nan     0.1000    0.0060
     8        0.2432            -nan     0.1000    0.0077
     9        0.2320            -nan     0.1000    0.0028
    10        0.2235            -nan     0.1000    0.0017
    20        0.1496            -nan     0.1000    0.0004
    40        0.0825            -nan     0.1000   -0.0002
    60        0.0546            -nan     0.1000    0.0000
    80        0.0345            -nan     0.1000   -0.0001
   100        0.0238            -nan     0.1000    0.0000
   120        0.0163            -nan     0.1000   -0.0001
   140        0.0110            -nan     0.1000   -0.0001
   150        0.0091            -nan     0.1000    0.0000

Iter   TrainDeviance   ValidDeviance   StepSize   Improve
     1        0.6014            -nan     0.1000    0.0134
     2        0.5766            -nan     0.1000    0.0118
     3        0.5566            -nan     0.1000    0.0047
     4        0.5463            -nan     0.1000    0.0024
     5        0.5368            -nan     0.1000    0.0008
     6        0.5174            -nan     0.1000    0.0071
     7        0.4986            -nan     0.1000    0.0087
     8        0.4933            -nan     0.1000    0.0023
     9        0.4832            -nan     0.1000    0.0044
    10        0.4639            -nan     0.1000    0.0047
    20        0.3948            -nan     0.1000   -0.0001
    40        0.3052            -nan     0.1000    0.0006
    60        0.2571            -nan     0.1000   -0.0004
    80        0.2150            -nan     0.1000   -0.0004
   100        0.1877            -nan     0.1000   -0.0006
   120        0.1606            -nan     0.1000   -0.0005
   140        0.1450            -nan     0.1000   -0.0005
   150        0.1379            -nan     0.1000   -0.0006

Iter   TrainDeviance   ValidDeviance   StepSize   Improve
     1        0.5648            -nan     0.1000    0.0257
     2        0.5390            -nan     0.1000    0.0088
     3        0.5180            -nan     0.1000    0.0103
     4        0.5040            -nan     0.1000    0.0015
     5        0.4690            -nan     0.1000    0.0150
     6        0.4479            -nan     0.1000    0.0041
     7        0.4211            -nan     0.1000    0.0101
     8        0.4029            -nan     0.1000    0.0068
     9        0.3958            -nan     0.1000    0.0019
    10        0.3843            -nan     0.1000    0.0035
    20        0.2686            -nan     0.1000    0.0011
    40        0.1704            -nan     0.1000    0.0002
    60        0.1226            -nan     0.1000   -0.0004
    80        0.0929            -nan     0.1000   -0.0003
   100        0.0682            -nan     0.1000   -0.0005
   120        0.0541            -nan     0.1000   -0.0003
   140        0.0428            -nan     0.1000   -0.0000
   150        0.0370            -nan     0.1000   -0.0000

Iter   TrainDeviance   ValidDeviance   StepSize   Improve
     1        0.5136            -nan     0.1000    0.0427
     2        0.4913            -nan     0.1000    0.0072
     3        0.4543            -nan     0.1000    0.0106
     4        0.4263            -nan     0.1000    0.0126
     5        0.3959            -nan     0.1000    0.0123
     6        0.3793            -nan     0.1000    0.0052
     7        0.3530            -nan     0.1000    0.0110
     8        0.3428            -nan     0.1000    0.0013
     9        0.3278            -nan     0.1000    0.0055
    10        0.3115            -nan     0.1000    0.0047
    20        0.2265            -nan     0.1000    0.0017
    40        0.1185            -nan     0.1000    0.0012
    60        0.0715            -nan     0.1000   -0.0002
    80        0.0472            -nan     0.1000   -0.0001
   100        0.0338            -nan     0.1000   -0.0002
   120        0.0256            -nan     0.1000   -0.0000
   140        0.0187            -nan     0.1000   -0.0001
   150        0.0163            -nan     0.1000   -0.0000

Iter   TrainDeviance   ValidDeviance   StepSize   Improve
     1        0.5812            -nan     0.1000    0.0113
     2        0.5651            -nan     0.1000    0.0035
     3        0.5504            -nan     0.1000    0.0053
     4        0.5351            -nan     0.1000    0.0043
     5        0.5184            -nan     0.1000    0.0058
     6        0.5080            -nan     0.1000    0.0034
     7        0.4992            -nan     0.1000    0.0007
     8        0.4799            -nan     0.1000    0.0056
     9        0.4682            -nan     0.1000    0.0045
    10        0.4555            -nan     0.1000    0.0061
    20        0.3759            -nan     0.1000    0.0020
    40        0.2852            -nan     0.1000   -0.0006
    60        0.2191            -nan     0.1000    0.0014
    80        0.1873            -nan     0.1000   -0.0003
   100        0.1576            -nan     0.1000   -0.0000
   120        0.1358            -nan     0.1000   -0.0001
   140        0.1150            -nan     0.1000   -0.0002
   150        0.1071            -nan     0.1000   -0.0001

Iter   TrainDeviance   ValidDeviance   StepSize   Improve
     1        0.5457            -nan     0.1000    0.0227
     2        0.4993            -nan     0.1000    0.0173
     3        0.4620            -nan     0.1000    0.0150
     4        0.4423            -nan     0.1000    0.0056
     5        0.4281            -nan     0.1000    0.0039
     6        0.4144            -nan     0.1000    0.0045
     7        0.3959            -nan     0.1000    0.0052
     8        0.3800            -nan     0.1000    0.0034
     9        0.3558            -nan     0.1000    0.0087
    10        0.3445            -nan     0.1000    0.0044
    20        0.2492            -nan     0.1000    0.0016
    40        0.1649            -nan     0.1000    0.0006
    60        0.1029            -nan     0.1000    0.0000
    80        0.0765            -nan     0.1000    0.0002
   100        0.0542            -nan     0.1000   -0.0002
   120        0.0422            -nan     0.1000    0.0000
   140        0.0343            -nan     0.1000   -0.0000
   150        0.0301            -nan     0.1000   -0.0000

Iter   TrainDeviance   ValidDeviance   StepSize   Improve
     1        0.5167            -nan     0.1000    0.0245
     2        0.4502            -nan     0.1000    0.0265
     3        0.4062            -nan     0.1000    0.0120
     4        0.3774            -nan     0.1000    0.0121
     5        0.3551            -nan     0.1000    0.0064
     6        0.3286            -nan     0.1000    0.0083
     7        0.3045            -nan     0.1000    0.0087
     8        0.2911            -nan     0.1000    0.0045
     9        0.2811            -nan     0.1000    0.0032
    10        0.2697            -nan     0.1000    0.0031
    20        0.1835            -nan     0.1000    0.0021
    40        0.1048            -nan     0.1000    0.0003
    60        0.0636            -nan     0.1000    0.0001
    80        0.0410            -nan     0.1000   -0.0000
   100        0.0272            -nan     0.1000    0.0001
   120        0.0182            -nan     0.1000    0.0000
   140        0.0122            -nan     0.1000    0.0001
   150        0.0103            -nan     0.1000   -0.0000

Iter   TrainDeviance   ValidDeviance   StepSize   Improve
     1        0.5162            -nan     0.1000    0.0140
     2        0.4948            -nan     0.1000    0.0081
     3        0.4771            -nan     0.1000    0.0069
     4        0.4622            -nan     0.1000    0.0043
     5        0.4367            -nan     0.1000    0.0101
     6        0.4177            -nan     0.1000    0.0074
     7        0.4083            -nan     0.1000    0.0034
     8        0.4004            -nan     0.1000    0.0009
     9        0.3953            -nan     0.1000    0.0004
    10        0.3819            -nan     0.1000    0.0059
    20        0.3083            -nan     0.1000    0.0012
    40        0.2239            -nan     0.1000   -0.0004
    60        0.1766            -nan     0.1000    0.0002
    80        0.1376            -nan     0.1000   -0.0001
   100        0.1169            -nan     0.1000   -0.0001
   120        0.0963            -nan     0.1000   -0.0005
   140        0.0867            -nan     0.1000   -0.0004
   150        0.0801            -nan     0.1000    0.0002

Iter   TrainDeviance   ValidDeviance   StepSize   Improve
     1        0.4622            -nan     0.1000    0.0509
     2        0.4053            -nan     0.1000    0.0235
     3        0.3768            -nan     0.1000    0.0138
     4        0.3601            -nan     0.1000    0.0083
     5        0.3355            -nan     0.1000    0.0083
     6        0.3167            -nan     0.1000    0.0063
     7        0.3037            -nan     0.1000    0.0061
     8        0.2928            -nan     0.1000    0.0035
     9        0.2792            -nan     0.1000    0.0039
    10        0.2661            -nan     0.1000    0.0040
    20        0.1881            -nan     0.1000    0.0006
    40        0.1133            -nan     0.1000    0.0009
    60        0.0734            -nan     0.1000    0.0000
    80        0.0520            -nan     0.1000    0.0001
   100        0.0396            -nan     0.1000   -0.0004
   120        0.0292            -nan     0.1000   -0.0001
   140        0.0223            -nan     0.1000   -0.0001
   150        0.0198            -nan     0.1000   -0.0001

Iter   TrainDeviance   ValidDeviance   StepSize   Improve
     1        0.4478            -nan     0.1000    0.0419
     2        0.3903            -nan     0.1000    0.0186
     3        0.3598            -nan     0.1000    0.0103
     4        0.3396            -nan     0.1000    0.0065
     5        0.3163            -nan     0.1000    0.0067
     6        0.2912            -nan     0.1000    0.0067
     7        0.2787            -nan     0.1000    0.0021
     8        0.2579            -nan     0.1000    0.0092
     9        0.2420            -nan     0.1000    0.0061
    10        0.2325            -nan     0.1000    0.0028
    20        0.1445            -nan     0.1000    0.0032
    40        0.0714            -nan     0.1000    0.0003
    60        0.0442            -nan     0.1000    0.0002
    80        0.0269            -nan     0.1000    0.0004
   100        0.0174            -nan     0.1000    0.0001
   120        0.0115            -nan     0.1000    0.0000
   140        0.0076            -nan     0.1000   -0.0000
   150        0.0063            -nan     0.1000   -0.0000

Iter   TrainDeviance   ValidDeviance   StepSize   Improve
     1        0.6407            -nan     0.1000    0.0098
     2        0.6300            -nan     0.1000    0.0055
     3        0.6119            -nan     0.1000    0.0068
     4        0.5987            -nan     0.1000    0.0005
     5        0.5821            -nan     0.1000    0.0073
     6        0.5689            -nan     0.1000    0.0025
     7        0.5585            -nan     0.1000    0.0055
     8        0.5478            -nan     0.1000    0.0040
     9        0.5361            -nan     0.1000    0.0042
    10        0.5282            -nan     0.1000    0.0028
    20        0.4586            -nan     0.1000   -0.0007
    40        0.3696            -nan     0.1000   -0.0008
    60        0.3118            -nan     0.1000    0.0001
    80        0.2641            -nan     0.1000    0.0009
   100        0.2332            -nan     0.1000   -0.0004
   120        0.2110            -nan     0.1000   -0.0011
   140        0.1837            -nan     0.1000    0.0004
   150        0.1709            -nan     0.1000   -0.0003

Iter   TrainDeviance   ValidDeviance   StepSize   Improve
     1        0.6378            -nan     0.1000    0.0123
     2        0.6022            -nan     0.1000    0.0073
     3        0.5671            -nan     0.1000    0.0152
     4        0.5348            -nan     0.1000    0.0131
     5        0.5155            -nan     0.1000    0.0050
     6        0.4993            -nan     0.1000    0.0051
     7        0.4756            -nan     0.1000    0.0075
     8        0.4638            -nan     0.1000    0.0051
     9        0.4448            -nan     0.1000    0.0056
    10        0.4363            -nan     0.1000    0.0028
    20        0.3279            -nan     0.1000    0.0043
    40        0.2240            -nan     0.1000    0.0003
    60        0.1623            -nan     0.1000   -0.0005
    80        0.1215            -nan     0.1000    0.0006
   100        0.0926            -nan     0.1000    0.0002
   120        0.0728            -nan     0.1000   -0.0003
   140        0.0616            -nan     0.1000    0.0000
   150        0.0544            -nan     0.1000   -0.0001

Iter   TrainDeviance   ValidDeviance   StepSize   Improve
     1        0.6102            -nan     0.1000    0.0197
     2        0.5772            -nan     0.1000    0.0106
     3        0.5186            -nan     0.1000    0.0237
     4        0.5029            -nan     0.1000    0.0041
     5        0.4833            -nan     0.1000    0.0065
     6        0.4586            -nan     0.1000    0.0100
     7        0.4441            -nan     0.1000    0.0029
     8        0.4219            -nan     0.1000    0.0098
     9        0.4032            -nan     0.1000    0.0056
    10        0.3890            -nan     0.1000    0.0058
    20        0.2679            -nan     0.1000    0.0004
    40        0.1514            -nan     0.1000    0.0003
    60        0.0982            -nan     0.1000   -0.0001
    80        0.0648            -nan     0.1000   -0.0002
   100        0.0454            -nan     0.1000   -0.0002
   120        0.0333            -nan     0.1000   -0.0001
   140        0.0242            -nan     0.1000   -0.0000
   150        0.0205            -nan     0.1000   -0.0000

Iter   TrainDeviance   ValidDeviance   StepSize   Improve
     1        0.6043            -nan     0.1000    0.0095
     2        0.5802            -nan     0.1000    0.0103
     3        0.5662            -nan     0.1000    0.0014
     4        0.5456            -nan     0.1000    0.0069
     5        0.5284            -nan     0.1000    0.0094
     6        0.5183            -nan     0.1000    0.0037
     7        0.4992            -nan     0.1000    0.0095
     8        0.4845            -nan     0.1000    0.0061
     9        0.4754            -nan     0.1000    0.0031
    10        0.4618            -nan     0.1000    0.0066
    20        0.3804            -nan     0.1000    0.0011
    40        0.2838            -nan     0.1000   -0.0001
    60        0.2118            -nan     0.1000    0.0003
    80        0.1750            -nan     0.1000    0.0005
   100        0.1427            -nan     0.1000    0.0003
   120        0.1230            -nan     0.1000   -0.0004
   140        0.1099            -nan     0.1000   -0.0000
   150        0.1014            -nan     0.1000   -0.0002

Iter   TrainDeviance   ValidDeviance   StepSize   Improve
     1        0.5527            -nan     0.1000    0.0304
     2        0.5006            -nan     0.1000    0.0296
     3        0.4756            -nan     0.1000    0.0120
     4        0.4573            -nan     0.1000    0.0062
     5        0.4313            -nan     0.1000    0.0123
     6        0.4124            -nan     0.1000    0.0063
     7        0.3859            -nan     0.1000    0.0119
     8        0.3713            -nan     0.1000    0.0056
     9        0.3524            -nan     0.1000    0.0070
    10        0.3355            -nan     0.1000    0.0074
    20        0.2402            -nan     0.1000    0.0033
    40        0.1461            -nan     0.1000    0.0000
    60        0.1043            -nan     0.1000   -0.0007
    80        0.0714            -nan     0.1000    0.0005
   100        0.0540            -nan     0.1000   -0.0001
   120        0.0391            -nan     0.1000   -0.0001
   140        0.0288            -nan     0.1000   -0.0001
   150        0.0263            -nan     0.1000   -0.0001

Iter   TrainDeviance   ValidDeviance   StepSize   Improve
     1        0.4970            -nan     0.1000    0.0543
     2        0.4567            -nan     0.1000    0.0153
     3        0.4220            -nan     0.1000    0.0160
     4        0.3831            -nan     0.1000    0.0191
     5        0.3679            -nan     0.1000    0.0049
     6        0.3511            -nan     0.1000    0.0063
     7        0.3359            -nan     0.1000    0.0051
     8        0.3121            -nan     0.1000    0.0094
     9        0.2934            -nan     0.1000    0.0082
    10        0.2770            -nan     0.1000    0.0068
    20        0.1733            -nan     0.1000    0.0019
    40        0.0945            -nan     0.1000    0.0000
    60        0.0570            -nan     0.1000    0.0003
    80        0.0350            -nan     0.1000    0.0002
   100        0.0225            -nan     0.1000    0.0000
   120        0.0153            -nan     0.1000    0.0000
   140        0.0101            -nan     0.1000    0.0000
   150        0.0087            -nan     0.1000   -0.0000

Iter   TrainDeviance   ValidDeviance   StepSize   Improve
     1        0.5473            -nan     0.1000    0.0134
     2        0.5276            -nan     0.1000    0.0093
     3        0.5058            -nan     0.1000    0.0085
     4        0.4884            -nan     0.1000    0.0071
     5        0.4719            -nan     0.1000    0.0043
     6        0.4573            -nan     0.1000    0.0071
     7        0.4429            -nan     0.1000    0.0064
     8        0.4296            -nan     0.1000    0.0043
     9        0.4188            -nan     0.1000    0.0030
    10        0.4039            -nan     0.1000    0.0053
    20        0.3360            -nan     0.1000   -0.0013
    40        0.2558            -nan     0.1000   -0.0003
    60        0.2041            -nan     0.1000   -0.0000
    80        0.1685            -nan     0.1000   -0.0007
   100        0.1421            -nan     0.1000   -0.0002
   120        0.1191            -nan     0.1000   -0.0001
   140        0.1015            -nan     0.1000    0.0004
   150        0.0960            -nan     0.1000   -0.0001

Iter   TrainDeviance   ValidDeviance   StepSize   Improve
     1        0.4853            -nan     0.1000    0.0365
     2        0.4551            -nan     0.1000    0.0057
     3        0.4219            -nan     0.1000    0.0116
     4        0.3944            -nan     0.1000    0.0117
     5        0.3740            -nan     0.1000    0.0045
     6        0.3487            -nan     0.1000    0.0092
     7        0.3389            -nan     0.1000    0.0026
     8        0.3305            -nan     0.1000    0.0029
     9        0.3146            -nan     0.1000    0.0059
    10        0.3057            -nan     0.1000    0.0040
    20        0.2193            -nan     0.1000    0.0035
    40        0.1308            -nan     0.1000    0.0007
    60        0.0856            -nan     0.1000    0.0002
    80        0.0605            -nan     0.1000   -0.0001
   100        0.0442            -nan     0.1000   -0.0001
   120        0.0345            -nan     0.1000    0.0001
   140        0.0269            -nan     0.1000   -0.0002
   150        0.0243            -nan     0.1000   -0.0002

Iter   TrainDeviance   ValidDeviance   StepSize   Improve
     1        0.4834            -nan     0.1000    0.0324
     2        0.4419            -nan     0.1000    0.0174
     3        0.4187            -nan     0.1000    0.0060
     4        0.3722            -nan     0.1000    0.0204
     5        0.3467            -nan     0.1000    0.0075
     6        0.3284            -nan     0.1000    0.0041
     7        0.3008            -nan     0.1000    0.0086
     8        0.2881            -nan     0.1000    0.0046
     9        0.2783            -nan     0.1000    0.0031
    10        0.2670            -nan     0.1000    0.0029
    20        0.1687            -nan     0.1000    0.0024
    40        0.0853            -nan     0.1000    0.0004
    60        0.0502            -nan     0.1000   -0.0001
    80        0.0314            -nan     0.1000   -0.0001
   100        0.0206            -nan     0.1000    0.0000
   120        0.0138            -nan     0.1000   -0.0000
   140        0.0094            -nan     0.1000    0.0000
   150        0.0076            -nan     0.1000   -0.0001

Iter   TrainDeviance   ValidDeviance   StepSize   Improve
     1        0.4959            -nan     0.1000    0.0144
     2        0.4793            -nan     0.1000    0.0091
     3        0.4641            -nan     0.1000    0.0059
     4        0.4598            -nan     0.1000    0.0004
     5        0.4533            -nan     0.1000   -0.0002
     6        0.4372            -nan     0.1000    0.0074
     7        0.4277            -nan     0.1000    0.0028
     8        0.4142            -nan     0.1000    0.0034
     9        0.4020            -nan     0.1000    0.0060
    10        0.3927            -nan     0.1000    0.0029
    20        0.3368            -nan     0.1000    0.0022
    40        0.2546            -nan     0.1000    0.0004
    60        0.2147            -nan     0.1000    0.0003
    80        0.1817            -nan     0.1000   -0.0004
   100        0.1558            -nan     0.1000   -0.0001
   120        0.1356            -nan     0.1000   -0.0001
   140        0.1182            -nan     0.1000   -0.0001
   150        0.1100            -nan     0.1000   -0.0005

Iter   TrainDeviance   ValidDeviance   StepSize   Improve
     1        0.4956            -nan     0.1000    0.0172
     2        0.4552            -nan     0.1000    0.0186
     3        0.4288            -nan     0.1000    0.0104
     4        0.3956            -nan     0.1000    0.0160
     5        0.3784            -nan     0.1000    0.0068
     6        0.3651            -nan     0.1000    0.0048
     7        0.3458            -nan     0.1000    0.0060
     8        0.3390            -nan     0.1000    0.0002
     9        0.3251            -nan     0.1000    0.0065
    10        0.3144            -nan     0.1000    0.0042
    20        0.2378            -nan     0.1000    0.0020
    40        0.1491            -nan     0.1000   -0.0004
    60        0.1023            -nan     0.1000   -0.0004
    80        0.0698            -nan     0.1000    0.0002
   100        0.0514            -nan     0.1000   -0.0003
   120        0.0397            -nan     0.1000   -0.0001
   140        0.0320            -nan     0.1000   -0.0001
   150        0.0280            -nan     0.1000   -0.0002

Iter   TrainDeviance   ValidDeviance   StepSize   Improve
     1        0.4744            -nan     0.1000    0.0163
     2        0.4504            -nan     0.1000    0.0061
     3        0.3965            -nan     0.1000    0.0168
     4        0.3630            -nan     0.1000    0.0134
     5        0.3378            -nan     0.1000    0.0083
     6        0.3193            -nan     0.1000    0.0060
     7        0.3079            -nan     0.1000    0.0033
     8        0.2943            -nan     0.1000    0.0018
     9        0.2828            -nan     0.1000    0.0032
    10        0.2698            -nan     0.1000    0.0036
    20        0.1875            -nan     0.1000    0.0004
    40        0.0972            -nan     0.1000   -0.0006
    60        0.0567            -nan     0.1000   -0.0003
    80        0.0370            -nan     0.1000    0.0000
   100        0.0247            -nan     0.1000   -0.0003
   120        0.0176            -nan     0.1000   -0.0001
   140        0.0132            -nan     0.1000   -0.0001
   150        0.0123            -nan     0.1000   -0.0002

Iter   TrainDeviance   ValidDeviance   StepSize   Improve
     1        0.4967            -nan     0.1000    0.0080
     2        0.4771            -nan     0.1000    0.0106
     3        0.4561            -nan     0.1000    0.0090
     4        0.4420            -nan     0.1000    0.0025
     5        0.4254            -nan     0.1000    0.0064
     6        0.4188            -nan     0.1000    0.0021
     7        0.4102            -nan     0.1000    0.0019
     8        0.4002            -nan     0.1000    0.0020
     9        0.3860            -nan     0.1000    0.0043
    10        0.3804            -nan     0.1000    0.0011
    20        0.3137            -nan     0.1000    0.0037
    40        0.2343            -nan     0.1000    0.0021
    60        0.1911            -nan     0.1000   -0.0002
    80        0.1574            -nan     0.1000   -0.0002
   100        0.1317            -nan     0.1000   -0.0001
   120        0.1135            -nan     0.1000   -0.0007
   140        0.1004            -nan     0.1000   -0.0002
   150        0.0899            -nan     0.1000    0.0005

Iter   TrainDeviance   ValidDeviance   StepSize   Improve
     1        0.4526            -nan     0.1000    0.0323
     2        0.4104            -nan     0.1000    0.0103
     3        0.3844            -nan     0.1000    0.0028
     4        0.3631            -nan     0.1000    0.0093
     5        0.3480            -nan     0.1000    0.0057
     6        0.3364            -nan     0.1000    0.0046
     7        0.3286            -nan     0.1000    0.0004
     8        0.3058            -nan     0.1000    0.0105
     9        0.2947            -nan     0.1000    0.0044
    10        0.2792            -nan     0.1000    0.0066
    20        0.2030            -nan     0.1000    0.0018
    40        0.1222            -nan     0.1000   -0.0002
    60        0.0816            -nan     0.1000    0.0006
    80        0.0599            -nan     0.1000   -0.0003
   100        0.0429            -nan     0.1000   -0.0001
   120        0.0301            -nan     0.1000   -0.0001
   140        0.0223            -nan     0.1000   -0.0002
   150        0.0183            -nan     0.1000    0.0002

Iter   TrainDeviance   ValidDeviance   StepSize   Improve
     1        0.4022            -nan     0.1000    0.0401
     2        0.3651            -nan     0.1000    0.0149
     3        0.3333            -nan     0.1000    0.0127
     4        0.3119            -nan     0.1000    0.0053
     5        0.2978            -nan     0.1000    0.0034
     6        0.2819            -nan     0.1000    0.0044
     7        0.2696            -nan     0.1000    0.0051
     8        0.2621            -nan     0.1000    0.0018
     9        0.2526            -nan     0.1000    0.0011
    10        0.2327            -nan     0.1000    0.0072
    20        0.1631            -nan     0.1000    0.0006
    40        0.0834            -nan     0.1000   -0.0003
    60        0.0456            -nan     0.1000   -0.0000
    80        0.0288            -nan     0.1000   -0.0001
   100        0.0198            -nan     0.1000   -0.0003
   120        0.0152            -nan     0.1000   -0.0003
   140        0.0111            -nan     0.1000   -0.0000
   150        0.0094            -nan     0.1000   -0.0001

Iter   TrainDeviance   ValidDeviance   StepSize   Improve
     1        0.6246            -nan     0.1000    0.0105
     2        0.6025            -nan     0.1000    0.0114
     3        0.5857            -nan     0.1000    0.0057
     4        0.5668            -nan     0.1000    0.0086
     5        0.5457            -nan     0.1000    0.0084
     6        0.5308            -nan     0.1000    0.0067
     7        0.5156            -nan     0.1000    0.0054
     8        0.5025            -nan     0.1000    0.0056
     9        0.4958            -nan     0.1000    0.0018
    10        0.4884            -nan     0.1000    0.0015
    20        0.4058            -nan     0.1000    0.0039
    40        0.3044            -nan     0.1000    0.0025
    60        0.2479            -nan     0.1000    0.0002
    80        0.2169            -nan     0.1000   -0.0011
   100        0.1810            -nan     0.1000   -0.0003
   120        0.1579            -nan     0.1000   -0.0005
   140        0.1357            -nan     0.1000    0.0004
   150        0.1230            -nan     0.1000   -0.0003

Iter   TrainDeviance   ValidDeviance   StepSize   Improve
     1        0.5997            -nan     0.1000    0.0323
     2        0.5577            -nan     0.1000    0.0146
     3        0.5266            -nan     0.1000    0.0124
     4        0.5007            -nan     0.1000    0.0075
     5        0.4820            -nan     0.1000    0.0068
     6        0.4528            -nan     0.1000    0.0126
     7        0.4273            -nan     0.1000    0.0105
     8        0.4005            -nan     0.1000    0.0105
     9        0.3865            -nan     0.1000    0.0036
    10        0.3746            -nan     0.1000    0.0033
    20        0.2706            -nan     0.1000   -0.0003
    40        0.1747            -nan     0.1000   -0.0001
    60        0.1222            -nan     0.1000   -0.0002
    80        0.0914            -nan     0.1000    0.0000
   100        0.0676            -nan     0.1000   -0.0002
   120        0.0519            -nan     0.1000   -0.0004
   140        0.0400            -nan     0.1000   -0.0002
   150        0.0354            -nan     0.1000   -0.0001

Iter   TrainDeviance   ValidDeviance   StepSize   Improve
     1        0.5720            -nan     0.1000    0.0248
     2        0.5143            -nan     0.1000    0.0218
     3        0.4862            -nan     0.1000    0.0123
     4        0.4393            -nan     0.1000    0.0195
     5        0.4074            -nan     0.1000    0.0109
     6        0.3760            -nan     0.1000    0.0122
     7        0.3625            -nan     0.1000    0.0037
     8        0.3432            -nan     0.1000    0.0062
     9        0.3255            -nan     0.1000    0.0045
    10        0.3172            -nan     0.1000    0.0019
    20        0.2037            -nan     0.1000    0.0046
    40        0.1107            -nan     0.1000    0.0004
    60        0.0720            -nan     0.1000   -0.0005
    80        0.0504            -nan     0.1000   -0.0003
   100        0.0346            -nan     0.1000   -0.0001
   120        0.0246            -nan     0.1000    0.0003
   140        0.0177            -nan     0.1000   -0.0000
   150        0.0151            -nan     0.1000   -0.0000

Iter   TrainDeviance   ValidDeviance   StepSize   Improve
     1        0.5205            -nan     0.1000    0.0073
     2        0.5039            -nan     0.1000    0.0047
     3        0.4830            -nan     0.1000    0.0095
     4        0.4716            -nan     0.1000    0.0042
     5        0.4652            -nan     0.1000    0.0002
     6        0.4551            -nan     0.1000   -0.0013
     7        0.4452            -nan     0.1000    0.0044
     8        0.4388            -nan     0.1000   -0.0006
     9        0.4274            -nan     0.1000    0.0056
    10        0.4168            -nan     0.1000    0.0043
    20        0.3516            -nan     0.1000    0.0010
    40        0.2803            -nan     0.1000   -0.0015
    60        0.2201            -nan     0.1000   -0.0001
    80        0.1814            -nan     0.1000   -0.0002
   100        0.1611            -nan     0.1000   -0.0004
   120        0.1383            -nan     0.1000   -0.0001
   140        0.1178            -nan     0.1000   -0.0000
   150        0.1100            -nan     0.1000    0.0000

Iter   TrainDeviance   ValidDeviance   StepSize   Improve
     1        0.4947            -nan     0.1000    0.0232
     2        0.4525            -nan     0.1000    0.0133
     3        0.4310            -nan     0.1000    0.0071
     4        0.4061            -nan     0.1000    0.0088
     5        0.3873            -nan     0.1000    0.0070
     6        0.3794            -nan     0.1000   -0.0003
     7        0.3682            -nan     0.1000    0.0029
     8        0.3587            -nan     0.1000    0.0022
     9        0.3449            -nan     0.1000    0.0029
    10        0.3389            -nan     0.1000    0.0017
    20        0.2607            -nan     0.1000    0.0017
    40        0.1601            -nan     0.1000    0.0006
    60        0.1122            -nan     0.1000    0.0012
    80        0.0847            -nan     0.1000    0.0006
   100        0.0602            -nan     0.1000    0.0001
   120        0.0468            -nan     0.1000   -0.0000
   140        0.0369            -nan     0.1000   -0.0000
   150        0.0326            -nan     0.1000   -0.0001

Iter   TrainDeviance   ValidDeviance   StepSize   Improve
     1        0.4899            -nan     0.1000    0.0257
     2        0.4477            -nan     0.1000    0.0230
     3        0.4109            -nan     0.1000    0.0177
     4        0.3984            -nan     0.1000    0.0022
     5        0.3849            -nan     0.1000    0.0001
     6        0.3604            -nan     0.1000    0.0047
     7        0.3375            -nan     0.1000    0.0057
     8        0.3222            -nan     0.1000    0.0074
     9        0.3021            -nan     0.1000    0.0089
    10        0.2851            -nan     0.1000    0.0046
    20        0.1857            -nan     0.1000   -0.0005
    40        0.1018            -nan     0.1000   -0.0006
    60        0.0590            -nan     0.1000   -0.0000
    80        0.0366            -nan     0.1000   -0.0000
   100        0.0251            -nan     0.1000   -0.0003
   120        0.0180            -nan     0.1000   -0.0002
   140        0.0137            -nan     0.1000   -0.0001
   150        0.0119            -nan     0.1000   -0.0001

Iter   TrainDeviance   ValidDeviance   StepSize   Improve
     1        0.5108            -nan     0.1000    0.0045
     2        0.4995            -nan     0.1000    0.0031
     3        0.4810            -nan     0.1000    0.0067
     4        0.4698            -nan     0.1000    0.0005
     5        0.4561            -nan     0.1000    0.0062
     6        0.4498            -nan     0.1000   -0.0006
     7        0.4429            -nan     0.1000    0.0012
     8        0.4368            -nan     0.1000    0.0004
     9        0.4290            -nan     0.1000    0.0017
    10        0.4173            -nan     0.1000    0.0052
    20        0.3583            -nan     0.1000   -0.0002
    40        0.2627            -nan     0.1000    0.0019
    60        0.2189            -nan     0.1000    0.0004
    80        0.1805            -nan     0.1000    0.0006
   100        0.1601            -nan     0.1000   -0.0003
   120        0.1344            -nan     0.1000    0.0004
   140        0.1158            -nan     0.1000    0.0001
   150        0.1064            -nan     0.1000   -0.0004

Iter   TrainDeviance   ValidDeviance   StepSize   Improve
     1        0.4922            -nan     0.1000    0.0090
     2        0.4732            -nan     0.1000    0.0050
     3        0.4376            -nan     0.1000    0.0132
     4        0.4107            -nan     0.1000    0.0086
     5        0.4016            -nan     0.1000    0.0022
     6        0.3948            -nan     0.1000   -0.0008
     7        0.3856            -nan     0.1000    0.0017
     8        0.3660            -nan     0.1000    0.0076
     9        0.3604            -nan     0.1000   -0.0002
    10        0.3439            -nan     0.1000    0.0042
    20        0.2612            -nan     0.1000    0.0029
    40        0.1669            -nan     0.1000   -0.0004
    60        0.1213            -nan     0.1000   -0.0001
    80        0.0924            -nan     0.1000    0.0002
   100        0.0688            -nan     0.1000    0.0002
   120        0.0549            -nan     0.1000   -0.0002
   140        0.0431            -nan     0.1000    0.0001
   150        0.0382            -nan     0.1000    0.0001

Iter   TrainDeviance   ValidDeviance   StepSize   Improve
     1        0.4903            -nan     0.1000    0.0164
     2        0.4545            -nan     0.1000    0.0142
     3        0.4003            -nan     0.1000    0.0206
     4        0.3768            -nan     0.1000    0.0092
     5        0.3570            -nan     0.1000    0.0029
     6        0.3442            -nan     0.1000    0.0057
     7        0.3296            -nan     0.1000    0.0018
     8        0.3181            -nan     0.1000    0.0026
     9        0.3076            -nan     0.1000    0.0023
    10        0.2975            -nan     0.1000    0.0016
    20        0.2017            -nan     0.1000   -0.0009
    40        0.1124            -nan     0.1000    0.0013
    60        0.0683            -nan     0.1000    0.0004
    80        0.0459            -nan     0.1000   -0.0001
   100        0.0305            -nan     0.1000   -0.0000
   120        0.0210            -nan     0.1000   -0.0001
   140        0.0155            -nan     0.1000   -0.0001
   150        0.0127            -nan     0.1000   -0.0000

Iter   TrainDeviance   ValidDeviance   StepSize   Improve
     1        0.5718            -nan     0.1000    0.0092
     2        0.5460            -nan     0.1000    0.0112
     3        0.5297            -nan     0.1000    0.0045
     4        0.5185            -nan     0.1000   -0.0005
     5        0.5066            -nan     0.1000    0.0016
     6        0.4911            -nan     0.1000    0.0064
     7        0.4797            -nan     0.1000    0.0041
     8        0.4670            -nan     0.1000    0.0051
     9        0.4551            -nan     0.1000    0.0048
    10        0.4485            -nan     0.1000    0.0023
    20        0.3701            -nan     0.1000    0.0010
    40        0.2901            -nan     0.1000    0.0002
    60        0.2388            -nan     0.1000   -0.0002
    80        0.2034            -nan     0.1000   -0.0006
   100        0.1799            -nan     0.1000   -0.0010
   120        0.1587            -nan     0.1000   -0.0003
   140        0.1379            -nan     0.1000    0.0000
   150        0.1302            -nan     0.1000   -0.0002

Iter   TrainDeviance   ValidDeviance   StepSize   Improve
     1        0.5446            -nan     0.1000    0.0199
     2        0.4900            -nan     0.1000    0.0218
     3        0.4631            -nan     0.1000    0.0048
     4        0.4444            -nan     0.1000    0.0056
     5        0.4288            -nan     0.1000    0.0079
     6        0.4150            -nan     0.1000    0.0025
     7        0.4017            -nan     0.1000    0.0053
     8        0.3935            -nan     0.1000    0.0022
     9        0.3730            -nan     0.1000    0.0070
    10        0.3538            -nan     0.1000    0.0043
    20        0.2708            -nan     0.1000    0.0035
    40        0.1805            -nan     0.1000    0.0010
    60        0.1273            -nan     0.1000   -0.0004
    80        0.0938            -nan     0.1000   -0.0001
   100        0.0708            -nan     0.1000    0.0001
   120        0.0558            -nan     0.1000    0.0000
   140        0.0449            -nan     0.1000   -0.0005
   150        0.0395            -nan     0.1000   -0.0003

Iter   TrainDeviance   ValidDeviance   StepSize   Improve
     1        0.5307            -nan     0.1000    0.0166
     2        0.4775            -nan     0.1000    0.0132
     3        0.4481            -nan     0.1000    0.0129
     4        0.4174            -nan     0.1000    0.0123
     5        0.3890            -nan     0.1000    0.0154
     6        0.3729            -nan     0.1000    0.0054
     7        0.3526            -nan     0.1000    0.0100
     8        0.3368            -nan     0.1000    0.0058
     9        0.3171            -nan     0.1000    0.0082
    10        0.2926            -nan     0.1000    0.0038
    20        0.1975            -nan     0.1000    0.0024
    40        0.1133            -nan     0.1000   -0.0000
    60        0.0783            -nan     0.1000   -0.0003
    80        0.0523            -nan     0.1000   -0.0006
   100        0.0357            -nan     0.1000   -0.0002
   120        0.0260            -nan     0.1000   -0.0002
   140        0.0182            -nan     0.1000   -0.0002
   150        0.0155            -nan     0.1000   -0.0000

Iter   TrainDeviance   ValidDeviance   StepSize   Improve
     1        0.4375            -nan     0.1000    0.0077
     2        0.4150            -nan     0.1000    0.0069
     3        0.4000            -nan     0.1000    0.0050
     4        0.3864            -nan     0.1000    0.0052
     5        0.3756            -nan     0.1000    0.0035
     6        0.3642            -nan     0.1000    0.0005
     7        0.3601            -nan     0.1000   -0.0008
     8        0.3532            -nan     0.1000    0.0027
     9        0.3460            -nan     0.1000    0.0033
    10        0.3389            -nan     0.1000    0.0020
    20        0.2904            -nan     0.1000    0.0001
    40        0.2240            -nan     0.1000   -0.0001
    60        0.1860            -nan     0.1000   -0.0004
    80        0.1597            -nan     0.1000   -0.0010
   100        0.1367            -nan     0.1000   -0.0006
   120        0.1193            -nan     0.1000   -0.0004
   140        0.1040            -nan     0.1000    0.0003
   150        0.0985            -nan     0.1000   -0.0002

Iter   TrainDeviance   ValidDeviance   StepSize   Improve
     1        0.3873            -nan     0.1000    0.0380
     2        0.3570            -nan     0.1000    0.0088
     3        0.3409            -nan     0.1000    0.0073
     4        0.3297            -nan     0.1000    0.0048
     5        0.3178            -nan     0.1000    0.0022
     6        0.3075            -nan     0.1000    0.0007
     7        0.2964            -nan     0.1000    0.0036
     8        0.2870            -nan     0.1000    0.0024
     9        0.2730            -nan     0.1000    0.0030
    10        0.2649            -nan     0.1000    0.0017
    20        0.1997            -nan     0.1000   -0.0002
    40        0.1274            -nan     0.1000   -0.0004
    60        0.0886            -nan     0.1000    0.0004
    80        0.0610            -nan     0.1000   -0.0001
   100        0.0464            -nan     0.1000    0.0002
   120        0.0357            -nan     0.1000   -0.0001
   140        0.0275            -nan     0.1000    0.0000
   150        0.0249            -nan     0.1000   -0.0001

Iter   TrainDeviance   ValidDeviance   StepSize   Improve
     1        0.3924            -nan     0.1000    0.0262
     2        0.3696            -nan     0.1000    0.0015
     3        0.3386            -nan     0.1000    0.0071
     4        0.3161            -nan     0.1000    0.0081
     5        0.2993            -nan     0.1000    0.0058
     6        0.2846            -nan     0.1000    0.0035
     7        0.2725            -nan     0.1000    0.0032
     8        0.2622            -nan     0.1000    0.0033
     9        0.2482            -nan     0.1000    0.0010
    10        0.2408            -nan     0.1000    0.0011
    20        0.1733            -nan     0.1000   -0.0008
    40        0.0874            -nan     0.1000    0.0001
    60        0.0528            -nan     0.1000   -0.0005
    80        0.0333            -nan     0.1000    0.0005
   100        0.0218            -nan     0.1000   -0.0001
   120        0.0142            -nan     0.1000   -0.0000
   140        0.0099            -nan     0.1000    0.0000
   150        0.0087            -nan     0.1000   -0.0000

Iter   TrainDeviance   ValidDeviance   StepSize   Improve
     1        0.5773            -nan     0.1000    0.0152
     2        0.5602            -nan     0.1000    0.0041
     3        0.5418            -nan     0.1000    0.0089
     4        0.5220            -nan     0.1000    0.0017
     5        0.5082            -nan     0.1000    0.0055
     6        0.4966            -nan     0.1000    0.0030
     7        0.4889            -nan     0.1000    0.0021
     8        0.4811            -nan     0.1000   -0.0005
     9        0.4762            -nan     0.1000   -0.0011
    10        0.4708            -nan     0.1000    0.0010
    20        0.3830            -nan     0.1000    0.0010
    40        0.2756            -nan     0.1000    0.0013
    60        0.2305            -nan     0.1000   -0.0003
    80        0.2009            -nan     0.1000    0.0002
   100        0.1697            -nan     0.1000    0.0001
   120        0.1501            -nan     0.1000   -0.0012
   140        0.1334            -nan     0.1000   -0.0003
   150        0.1287            -nan     0.1000   -0.0008

Iter   TrainDeviance   ValidDeviance   StepSize   Improve
     1        0.5608            -nan     0.1000    0.0179
     2        0.5324            -nan     0.1000    0.0124
     3        0.4886            -nan     0.1000    0.0194
     4        0.4564            -nan     0.1000    0.0151
     5        0.4398            -nan     0.1000    0.0058
     6        0.4151            -nan     0.1000    0.0085
     7        0.3878            -nan     0.1000    0.0116
     8        0.3749            -nan     0.1000    0.0054
     9        0.3608            -nan     0.1000    0.0052
    10        0.3420            -nan     0.1000    0.0066
    20        0.2448            -nan     0.1000    0.0025
    40        0.1651            -nan     0.1000   -0.0000
    60        0.1185            -nan     0.1000    0.0003
    80        0.0898            -nan     0.1000   -0.0007
   100        0.0726            -nan     0.1000   -0.0002
   120        0.0576            -nan     0.1000   -0.0002
   140        0.0445            -nan     0.1000   -0.0003
   150        0.0397            -nan     0.1000   -0.0002

Iter   TrainDeviance   ValidDeviance   StepSize   Improve
     1        0.4931            -nan     0.1000    0.0411
     2        0.4417            -nan     0.1000    0.0232
     3        0.4181            -nan     0.1000    0.0081
     4        0.3908            -nan     0.1000    0.0076
     5        0.3697            -nan     0.1000    0.0079
     6        0.3503            -nan     0.1000    0.0040
     7        0.3362            -nan     0.1000    0.0059
     8        0.3186            -nan     0.1000    0.0047
     9        0.3046            -nan     0.1000    0.0052
    10        0.2914            -nan     0.1000    0.0041
    20        0.2071            -nan     0.1000    0.0016
    40        0.1205            -nan     0.1000    0.0005
    60        0.0713            -nan     0.1000   -0.0003
    80        0.0469            -nan     0.1000    0.0001
   100        0.0332            -nan     0.1000   -0.0001
   120        0.0227            -nan     0.1000    0.0002
   140        0.0161            -nan     0.1000    0.0002
   150        0.0135            -nan     0.1000    0.0000

Iter   TrainDeviance   ValidDeviance   StepSize   Improve
     1        0.5379            -nan     0.1000    0.0087
     2        0.5150            -nan     0.1000    0.0102
     3        0.5041            -nan     0.1000    0.0008
     4        0.4933            -nan     0.1000    0.0022
     5        0.4780            -nan     0.1000    0.0066
     6        0.4688            -nan     0.1000    0.0035
     7        0.4550            -nan     0.1000    0.0064
     8        0.4482            -nan     0.1000    0.0005
     9        0.4351            -nan     0.1000    0.0046
    10        0.4266            -nan     0.1000    0.0020
    20        0.3585            -nan     0.1000   -0.0016
    40        0.2840            -nan     0.1000    0.0016
    60        0.2389            -nan     0.1000   -0.0003
    80        0.1998            -nan     0.1000   -0.0004
   100        0.1670            -nan     0.1000   -0.0001
   120        0.1457            -nan     0.1000   -0.0002
   140        0.1253            -nan     0.1000   -0.0004
   150        0.1196            -nan     0.1000   -0.0005

Iter   TrainDeviance   ValidDeviance   StepSize   Improve
     1        0.4914            -nan     0.1000    0.0242
     2        0.4548            -nan     0.1000    0.0151
     3        0.4235            -nan     0.1000    0.0107
     4        0.4088            -nan     0.1000    0.0034
     5        0.3992            -nan     0.1000    0.0034
     6        0.3837            -nan     0.1000    0.0058
     7        0.3611            -nan     0.1000    0.0043
     8        0.3506            -nan     0.1000    0.0050
     9        0.3417            -nan     0.1000    0.0020
    10        0.3315            -nan     0.1000    0.0031
    20        0.2527            -nan     0.1000    0.0008
    40        0.1658            -nan     0.1000   -0.0003
    60        0.1115            -nan     0.1000    0.0003
    80        0.0810            -nan     0.1000   -0.0003
   100        0.0608            -nan     0.1000   -0.0005
   120        0.0498            -nan     0.1000   -0.0008
   140        0.0404            -nan     0.1000   -0.0003
   150        0.0355            -nan     0.1000   -0.0003

Iter   TrainDeviance   ValidDeviance   StepSize   Improve
     1        0.4848            -nan     0.1000    0.0254
     2        0.4459            -nan     0.1000    0.0170
     3        0.4080            -nan     0.1000    0.0129
     4        0.3909            -nan     0.1000    0.0053
     5        0.3588            -nan     0.1000    0.0096
     6        0.3393            -nan     0.1000    0.0092
     7        0.3149            -nan     0.1000    0.0109
     8        0.2981            -nan     0.1000    0.0054
     9        0.2897            -nan     0.1000    0.0011
    10        0.2792            -nan     0.1000    0.0026
    20        0.1987            -nan     0.1000    0.0011
    40        0.1159            -nan     0.1000   -0.0006
    60        0.0726            -nan     0.1000    0.0006
    80        0.0464            -nan     0.1000    0.0001
   100        0.0325            -nan     0.1000    0.0000
   120        0.0240            -nan     0.1000   -0.0001
   140        0.0176            -nan     0.1000   -0.0001
   150        0.0148            -nan     0.1000   -0.0001

Iter   TrainDeviance   ValidDeviance   StepSize   Improve
     1        0.5283            -nan     0.1000    0.0067
     2        0.5160            -nan     0.1000    0.0063
     3        0.5014            -nan     0.1000    0.0028
     4        0.4907            -nan     0.1000    0.0029
     5        0.4770            -nan     0.1000    0.0037
     6        0.4681            -nan     0.1000    0.0028
     7        0.4543            -nan     0.1000    0.0067
     8        0.4451            -nan     0.1000    0.0009
     9        0.4320            -nan     0.1000    0.0048
    10        0.4233            -nan     0.1000    0.0032
    20        0.3559            -nan     0.1000   -0.0004
    40        0.2663            -nan     0.1000   -0.0004
    60        0.2233            -nan     0.1000   -0.0004
    80        0.1870            -nan     0.1000   -0.0007
   100        0.1640            -nan     0.1000    0.0000
   120        0.1441            -nan     0.1000    0.0000
   140        0.1301            -nan     0.1000   -0.0002
   150        0.1223            -nan     0.1000   -0.0001

Iter   TrainDeviance   ValidDeviance   StepSize   Improve
     1        0.5254            -nan     0.1000    0.0136
     2        0.4931            -nan     0.1000    0.0031
     3        0.4712            -nan     0.1000    0.0042
     4        0.4526            -nan     0.1000    0.0018
     5        0.4132            -nan     0.1000    0.0174
     6        0.3979            -nan     0.1000    0.0027
     7        0.3767            -nan     0.1000    0.0091
     8        0.3605            -nan     0.1000    0.0083
     9        0.3502            -nan     0.1000    0.0031
    10        0.3419            -nan     0.1000    0.0021
    20        0.2502            -nan     0.1000    0.0034
    40        0.1663            -nan     0.1000   -0.0008
    60        0.1183            -nan     0.1000   -0.0008
    80        0.0838            -nan     0.1000   -0.0000
   100        0.0638            -nan     0.1000   -0.0002
   120        0.0502            -nan     0.1000   -0.0005
   140        0.0416            -nan     0.1000   -0.0001
   150        0.0378            -nan     0.1000   -0.0002

Iter   TrainDeviance   ValidDeviance   StepSize   Improve
     1        0.4961            -nan     0.1000    0.0239
     2        0.4705            -nan     0.1000    0.0087
     3        0.4354            -nan     0.1000    0.0118
     4        0.4172            -nan     0.1000    0.0043
     5        0.3897            -nan     0.1000    0.0085
     6        0.3715            -nan     0.1000    0.0041
     7        0.3472            -nan     0.1000    0.0069
     8        0.3344            -nan     0.1000    0.0030
     9        0.3196            -nan     0.1000    0.0068
    10        0.3058            -nan     0.1000    0.0035
    20        0.2097            -nan     0.1000    0.0017
    40        0.1184            -nan     0.1000   -0.0005
    60        0.0757            -nan     0.1000   -0.0002
    80        0.0513            -nan     0.1000   -0.0001
   100        0.0368            -nan     0.1000    0.0001
   120        0.0265            -nan     0.1000    0.0000
   140        0.0187            -nan     0.1000    0.0000
   150        0.0167            -nan     0.1000   -0.0001

Iter   TrainDeviance   ValidDeviance   StepSize   Improve
     1        0.4347            -nan     0.1000    0.0034
     2        0.4112            -nan     0.1000    0.0089
     3        0.3945            -nan     0.1000    0.0061
     4        0.3861            -nan     0.1000    0.0029
     5        0.3786            -nan     0.1000    0.0003
     6        0.3630            -nan     0.1000    0.0056
     7        0.3577            -nan     0.1000    0.0005
     8        0.3473            -nan     0.1000    0.0045
     9        0.3368            -nan     0.1000    0.0045
    10        0.3302            -nan     0.1000    0.0021
    20        0.2433            -nan     0.1000    0.0015
    40        0.1795            -nan     0.1000   -0.0000
    60        0.1385            -nan     0.1000    0.0007
    80        0.1132            -nan     0.1000    0.0003
   100        0.0960            -nan     0.1000   -0.0006
   120        0.0812            -nan     0.1000   -0.0006
   140        0.0701            -nan     0.1000   -0.0004
   150        0.0662            -nan     0.1000   -0.0004

Iter   TrainDeviance   ValidDeviance   StepSize   Improve
     1        0.3764            -nan     0.1000    0.0232
     2        0.3411            -nan     0.1000    0.0101
     3        0.3253            -nan     0.1000    0.0066
     4        0.3040            -nan     0.1000    0.0070
     5        0.2900            -nan     0.1000    0.0072
     6        0.2732            -nan     0.1000    0.0043
     7        0.2571            -nan     0.1000    0.0068
     8        0.2430            -nan     0.1000    0.0057
     9        0.2386            -nan     0.1000    0.0010
    10        0.2326            -nan     0.1000    0.0007
    20        0.1593            -nan     0.1000    0.0009
    40        0.1003            -nan     0.1000   -0.0009
    60        0.0629            -nan     0.1000   -0.0006
    80        0.0432            -nan     0.1000   -0.0003
   100        0.0291            -nan     0.1000   -0.0001
   120        0.0225            -nan     0.1000   -0.0000
   140        0.0160            -nan     0.1000   -0.0001
   150        0.0138            -nan     0.1000   -0.0001

Iter   TrainDeviance   ValidDeviance   StepSize   Improve
     1        0.3972            -nan     0.1000    0.0208
     2        0.3273            -nan     0.1000    0.0236
     3        0.3004            -nan     0.1000    0.0148
     4        0.2741            -nan     0.1000    0.0119
     5        0.2530            -nan     0.1000    0.0074
     6        0.2389            -nan     0.1000    0.0022
     7        0.2275            -nan     0.1000    0.0026
     8        0.2159            -nan     0.1000    0.0051
     9        0.2050            -nan     0.1000    0.0049
    10        0.1969            -nan     0.1000    0.0027
    20        0.1161            -nan     0.1000    0.0006
    40        0.0656            -nan     0.1000   -0.0004
    60        0.0373            -nan     0.1000    0.0002
    80        0.0227            -nan     0.1000   -0.0000
   100        0.0141            -nan     0.1000   -0.0001
   120        0.0094            -nan     0.1000   -0.0000
   140        0.0060            -nan     0.1000   -0.0001
   150        0.0049            -nan     0.1000    0.0000

Iter   TrainDeviance   ValidDeviance   StepSize   Improve
     1        0.5734            -nan     0.1000    0.0078
     2        0.5559            -nan     0.1000    0.0061
     3        0.5473            -nan     0.1000   -0.0008
     4        0.5336            -nan     0.1000    0.0029
     5        0.5246            -nan     0.1000    0.0017
     6        0.5088            -nan     0.1000    0.0074
     7        0.4958            -nan     0.1000    0.0043
     8        0.4804            -nan     0.1000    0.0040
     9        0.4660            -nan     0.1000    0.0057
    10        0.4624            -nan     0.1000   -0.0018
    20        0.4068            -nan     0.1000   -0.0004
    40        0.2985            -nan     0.1000    0.0018
    60        0.2391            -nan     0.1000    0.0008
    80        0.2098            -nan     0.1000   -0.0009
   100        0.1873            -nan     0.1000   -0.0009
   120        0.1701            -nan     0.1000   -0.0007
   140        0.1508            -nan     0.1000   -0.0006
   150        0.1449            -nan     0.1000   -0.0003

Iter   TrainDeviance   ValidDeviance   StepSize   Improve
     1        0.5325            -nan     0.1000    0.0163
     2        0.4880            -nan     0.1000    0.0169
     3        0.4452            -nan     0.1000    0.0185
     4        0.4329            -nan     0.1000    0.0040
     5        0.4020            -nan     0.1000    0.0119
     6        0.3851            -nan     0.1000    0.0079
     7        0.3643            -nan     0.1000    0.0102
     8        0.3576            -nan     0.1000    0.0000
     9        0.3426            -nan     0.1000    0.0063
    10        0.3292            -nan     0.1000    0.0057
    20        0.2589            -nan     0.1000    0.0012
    40        0.1716            -nan     0.1000   -0.0002
    60        0.1192            -nan     0.1000    0.0001
    80        0.0886            -nan     0.1000    0.0004
   100        0.0698            -nan     0.1000    0.0000
   120        0.0546            -nan     0.1000    0.0001
   140        0.0454            -nan     0.1000   -0.0003
   150        0.0413            -nan     0.1000   -0.0002

Iter   TrainDeviance   ValidDeviance   StepSize   Improve
     1        0.5254            -nan     0.1000    0.0380
     2        0.4614            -nan     0.1000    0.0341
     3        0.4054            -nan     0.1000    0.0224
     4        0.3799            -nan     0.1000    0.0056
     5        0.3691            -nan     0.1000    0.0015
     6        0.3480            -nan     0.1000    0.0071
     7        0.3259            -nan     0.1000    0.0107
     8        0.3153            -nan     0.1000    0.0029
     9        0.3065            -nan     0.1000    0.0031
    10        0.2869            -nan     0.1000    0.0098
    20        0.1992            -nan     0.1000    0.0004
    40        0.1128            -nan     0.1000   -0.0002
    60        0.0777            -nan     0.1000    0.0001
    80        0.0509            -nan     0.1000    0.0001
   100        0.0356            -nan     0.1000    0.0001
   120        0.0259            -nan     0.1000    0.0001
   140        0.0194            -nan     0.1000   -0.0001
   150        0.0169            -nan     0.1000   -0.0002

Iter   TrainDeviance   ValidDeviance   StepSize   Improve
     1        0.5602            -nan     0.1000    0.0115
     2        0.5409            -nan     0.1000    0.0087
     3        0.5186            -nan     0.1000    0.0098
     4        0.5079            -nan     0.1000    0.0017
     5        0.4943            -nan     0.1000    0.0040
     6        0.4823            -nan     0.1000    0.0042
     7        0.4657            -nan     0.1000    0.0039
     8        0.4589            -nan     0.1000    0.0024
     9        0.4523            -nan     0.1000   -0.0012
    10        0.4407            -nan     0.1000    0.0040
    20        0.3717            -nan     0.1000    0.0004
    40        0.2895            -nan     0.1000    0.0002
    60        0.2387            -nan     0.1000    0.0014
    80        0.2026            -nan     0.1000   -0.0005
   100        0.1711            -nan     0.1000   -0.0006
   120        0.1473            -nan     0.1000    0.0010
   140        0.1317            -nan     0.1000   -0.0001
   150        0.1249            -nan     0.1000   -0.0001

Iter   TrainDeviance   ValidDeviance   StepSize   Improve
     1        0.5328            -nan     0.1000    0.0259
     2        0.4897            -nan     0.1000    0.0190
     3        0.4673            -nan     0.1000    0.0099
     4        0.4462            -nan     0.1000    0.0069
     5        0.4209            -nan     0.1000    0.0107
     6        0.3984            -nan     0.1000    0.0093
     7        0.3856            -nan     0.1000    0.0013
     8        0.3676            -nan     0.1000    0.0092
     9        0.3516            -nan     0.1000    0.0037
    10        0.3375            -nan     0.1000    0.0022
    20        0.2532            -nan     0.1000    0.0001
    40        0.1747            -nan     0.1000    0.0013
    60        0.1179            -nan     0.1000    0.0017
    80        0.0857            -nan     0.1000   -0.0000
   100        0.0633            -nan     0.1000   -0.0005
   120        0.0485            -nan     0.1000   -0.0001
   140        0.0379            -nan     0.1000    0.0000
   150        0.0339            -nan     0.1000   -0.0002

Iter   TrainDeviance   ValidDeviance   StepSize   Improve
     1        0.4874            -nan     0.1000    0.0320
     2        0.4291            -nan     0.1000    0.0169
     3        0.4035            -nan     0.1000    0.0108
     4        0.3714            -nan     0.1000    0.0121
     5        0.3525            -nan     0.1000    0.0077
     6        0.3334            -nan     0.1000    0.0052
     7        0.3062            -nan     0.1000    0.0118
     8        0.2903            -nan     0.1000    0.0047
     9        0.2781            -nan     0.1000    0.0026
    10        0.2642            -nan     0.1000    0.0039
    20        0.1920            -nan     0.1000    0.0002
    40        0.1068            -nan     0.1000    0.0004
    60        0.0668            -nan     0.1000    0.0007
    80        0.0444            -nan     0.1000    0.0000
   100        0.0300            -nan     0.1000   -0.0002
   120        0.0208            -nan     0.1000   -0.0001
   140        0.0149            -nan     0.1000    0.0001
   150        0.0130            -nan     0.1000   -0.0000

Iter   TrainDeviance   ValidDeviance   StepSize   Improve
     1        0.6174            -nan     0.1000    0.0097
     2        0.5940            -nan     0.1000    0.0114
     3        0.5722            -nan     0.1000    0.0077
     4        0.5546            -nan     0.1000    0.0071
     5        0.5384            -nan     0.1000    0.0070
     6        0.5308            -nan     0.1000    0.0019
     7        0.5191            -nan     0.1000    0.0048
     8        0.5094            -nan     0.1000    0.0029
     9        0.4984            -nan     0.1000    0.0028
    10        0.4885            -nan     0.1000    0.0030
    20        0.4019            -nan     0.1000    0.0011
    40        0.3204            -nan     0.1000   -0.0015
    60        0.2585            -nan     0.1000   -0.0005
    80        0.2287            -nan     0.1000   -0.0004
   100        0.1956            -nan     0.1000    0.0001
   120        0.1720            -nan     0.1000   -0.0006
   140        0.1532            -nan     0.1000   -0.0006
   150        0.1447            -nan     0.1000   -0.0006

Iter   TrainDeviance   ValidDeviance   StepSize   Improve
     1        0.5754            -nan     0.1000    0.0275
     2        0.5501            -nan     0.1000    0.0069
     3        0.5230            -nan     0.1000    0.0094
     4        0.5072            -nan     0.1000    0.0035
     5        0.4866            -nan     0.1000    0.0047
     6        0.4723            -nan     0.1000    0.0039
     7        0.4402            -nan     0.1000    0.0130
     8        0.4172            -nan     0.1000    0.0101
     9        0.3926            -nan     0.1000    0.0106
    10        0.3798            -nan     0.1000    0.0028
    20        0.2884            -nan     0.1000    0.0043
    40        0.1920            -nan     0.1000   -0.0003
    60        0.1320            -nan     0.1000   -0.0009
    80        0.0955            -nan     0.1000    0.0002
   100        0.0747            -nan     0.1000   -0.0001
   120        0.0595            -nan     0.1000   -0.0000
   140        0.0484            -nan     0.1000   -0.0002
   150        0.0441            -nan     0.1000    0.0000

Iter   TrainDeviance   ValidDeviance   StepSize   Improve
     1        0.5419            -nan     0.1000    0.0418
     2        0.4892            -nan     0.1000    0.0288
     3        0.4633            -nan     0.1000    0.0077
     4        0.4370            -nan     0.1000    0.0081
     5        0.4142            -nan     0.1000    0.0071
     6        0.3986            -nan     0.1000    0.0064
     7        0.3813            -nan     0.1000    0.0078
     8        0.3673            -nan     0.1000    0.0045
     9        0.3571            -nan     0.1000    0.0015
    10        0.3346            -nan     0.1000    0.0074
    20        0.2235            -nan     0.1000    0.0007
    40        0.1279            -nan     0.1000    0.0011
    60        0.0870            -nan     0.1000    0.0002
    80        0.0568            -nan     0.1000    0.0001
   100        0.0393            -nan     0.1000   -0.0003
   120        0.0294            -nan     0.1000   -0.0002
   140        0.0204            -nan     0.1000    0.0000
   150        0.0175            -nan     0.1000   -0.0000

Iter   TrainDeviance   ValidDeviance   StepSize   Improve
     1        0.5121            -nan     0.1000    0.0272
     2        0.4611            -nan     0.1000    0.0152
     3        0.4417            -nan     0.1000    0.0043
     4        0.4173            -nan     0.1000    0.0051
     5        0.4080            -nan     0.1000   -0.0004
     6        0.3835            -nan     0.1000    0.0046
     7        0.3637            -nan     0.1000    0.0066
     8        0.3519            -nan     0.1000    0.0041
     9        0.3360            -nan     0.1000    0.0054
    10        0.3206            -nan     0.1000    0.0047
    20        0.2171            -nan     0.1000    0.0023
    40        0.1369            -nan     0.1000   -0.0010
    60        0.0933            -nan     0.1000   -0.0002
    80        0.0651            -nan     0.1000   -0.0001
   100        0.0497            -nan     0.1000   -0.0003
   120        0.0368            -nan     0.1000   -0.0001
   140        0.0294            -nan     0.1000   -0.0004
   150        0.0260            -nan     0.1000   -0.0002

TRAINING SUCCESSFUL
The most important attribute: vconst_corr (for technique: gbm)
________________
Dataset: climate-model-simulation-crashes 
Technique: gcvEarth 
Probability table:

         0          1 
0.08518519 0.91481481 
BEGIN TRAINING
TRAINING SUCCESSFUL
The most important attribute: vconst_corr (for technique: gcvEarth)
________________
Dataset: climate-model-simulation-crashes 
Technique: JRip 
Probability table:

         0          1 
0.08518519 0.91481481 
BEGIN TRAINING
TRAINING SUCCESSFUL
The most important attribute: vconst_corr (for technique: JRip)
________________
Dataset: climate-model-simulation-crashes 
Technique: lvq 
Probability table:

         0          1 
0.08518519 0.91481481 
BEGIN TRAINING
TRAINING SUCCESSFUL
The most important attribute: vconst_corr (for technique: lvq)
________________
Dataset: climate-model-simulation-crashes 
Technique: mlpML 
Probability table:

         0          1 
0.08518519 0.91481481 
BEGIN TRAINING
TRAINING SUCCESSFUL
The most important attribute: vconst_corr (for technique: mlpML)
________________
Dataset: climate-model-simulation-crashes 
Technique: multinom 
Probability table:

         0          1 
0.08518519 0.91481481 
BEGIN TRAINING
# weights:  20 (19 variable)
initial  value 374.299478 
iter  10 value 48.788320
iter  20 value 48.365998
final  value 48.344147 
converged
TRAINING SUCCESSFUL
The most important attribute: vconst_corr (for technique: multinom)
________________
Dataset: climate-model-simulation-crashes 
Technique: naive_bayes 
Probability table:

         0          1 
0.08518519 0.91481481 
BEGIN TRAINING
TRAINING SUCCESSFUL
The most important attribute: vconst_2 (for technique: naive_bayes)
________________
Dataset: climate-model-simulation-crashes 
Technique: PART 
Probability table:

         0          1 
0.08518519 0.91481481 
BEGIN TRAINING
TRAINING SUCCESSFUL
The most important attribute: vconst_2 (for technique: PART)
________________
Dataset: climate-model-simulation-crashes 
Technique: rbfDDA 
Probability table:

         0          1 
0.08518519 0.91481481 
BEGIN TRAINING
TRAINING SUCCESSFUL
The most important attribute: vconst_corr (for technique: rbfDDA)
________________
Dataset: climate-model-simulation-crashes 
Technique: rda 
Probability table:

         0          1 
0.08518519 0.91481481 
BEGIN TRAINING
TRAINING SUCCESSFUL
The most important attribute: vconst_corr (for technique: rda)
________________
Dataset: climate-model-simulation-crashes 
Technique: rf 
Probability table:

         0          1 
0.08518519 0.91481481 
BEGIN TRAINING
TRAINING SUCCESSFUL
The most important attribute: vconst_2 (for technique: rf)
________________
Dataset: climate-model-simulation-crashes 
Technique: rpart 
Probability table:

         0          1 
0.08518519 0.91481481 
BEGIN TRAINING
TRAINING SUCCESSFUL
The most important attribute: vconst_corr (for technique: rpart)
________________
Dataset: climate-model-simulation-crashes 
Technique: simpls 
Probability table:

         0          1 
0.08518519 0.91481481 
BEGIN TRAINING
TRAINING SUCCESSFUL
The most important attribute: vconst_corr (for technique: simpls)
________________
Dataset: climate-model-simulation-crashes 
Technique: svmLinear 
Probability table:

         0          1 
0.08518519 0.91481481 
BEGIN TRAINING
TRAINING SUCCESSFUL
The most important attribute: vconst_corr (for technique: svmLinear)
________________
Dataset: climate-model-simulation-crashes 
Technique: svmRadial 
Probability table:

         0          1 
0.08518519 0.91481481 
BEGIN TRAINING
TRAINING SUCCESSFUL
The most important attribute: vconst_corr (for technique: svmRadial)
________________
Dataset: climate-model-simulation-crashes 
Technique: rfRules 
Probability table:

         0          1 
0.08518519 0.91481481 
BEGIN TRAINING
Registered S3 method overwritten by 'RRF':
  method      from        
  plot.margin randomForest
1958 rules (length<=2) were extracted from the first 500 trees.
3400 rules (length<=3) were extracted from the first 500 trees.
5088 rules (length<=4) were extracted from the first 500 trees.
1933 rules (length<=2) were extracted from the first 500 trees.
3256 rules (length<=3) were extracted from the first 500 trees.
4431 rules (length<=4) were extracted from the first 500 trees.
1916 rules (length<=2) were extracted from the first 500 trees.
2978 rules (length<=3) were extracted from the first 500 trees.
4417 rules (length<=4) were extracted from the first 500 trees.
1931 rules (length<=2) were extracted from the first 500 trees.
3214 rules (length<=3) were extracted from the first 500 trees.
4390 rules (length<=4) were extracted from the first 500 trees.
1974 rules (length<=2) were extracted from the first 500 trees.
3410 rules (length<=3) were extracted from the first 500 trees.
4894 rules (length<=4) were extracted from the first 500 trees.
1957 rules (length<=2) were extracted from the first 500 trees.
3253 rules (length<=3) were extracted from the first 500 trees.
4364 rules (length<=4) were extracted from the first 500 trees.
1932 rules (length<=2) were extracted from the first 500 trees.
3310 rules (length<=3) were extracted from the first 500 trees.
4779 rules (length<=4) were extracted from the first 500 trees.
1925 rules (length<=2) were extracted from the first 500 trees.
3460 rules (length<=3) were extracted from the first 500 trees.
5297 rules (length<=4) were extracted from the first 500 trees.
1956 rules (length<=2) were extracted from the first 500 trees.
3414 rules (length<=3) were extracted from the first 500 trees.
5076 rules (length<=4) were extracted from the first 500 trees.
1949 rules (length<=2) were extracted from the first 500 trees.
3342 rules (length<=3) were extracted from the first 500 trees.
4685 rules (length<=4) were extracted from the first 500 trees.
1967 rules (length<=2) were extracted from the first 500 trees.
3577 rules (length<=3) were extracted from the first 500 trees.
5274 rules (length<=4) were extracted from the first 500 trees.
1956 rules (length<=2) were extracted from the first 500 trees.
3328 rules (length<=3) were extracted from the first 500 trees.
4879 rules (length<=4) were extracted from the first 500 trees.
1941 rules (length<=2) were extracted from the first 500 trees.
3629 rules (length<=3) were extracted from the first 500 trees.
5324 rules (length<=4) were extracted from the first 500 trees.
1931 rules (length<=2) were extracted from the first 500 trees.
3239 rules (length<=3) were extracted from the first 500 trees.
4652 rules (length<=4) were extracted from the first 500 trees.
1946 rules (length<=2) were extracted from the first 500 trees.
3622 rules (length<=3) were extracted from the first 500 trees.
5488 rules (length<=4) were extracted from the first 500 trees.
1942 rules (length<=2) were extracted from the first 500 trees.
3381 rules (length<=3) were extracted from the first 500 trees.
4956 rules (length<=4) were extracted from the first 500 trees.
1960 rules (length<=2) were extracted from the first 500 trees.
3636 rules (length<=3) were extracted from the first 500 trees.
5618 rules (length<=4) were extracted from the first 500 trees.
1905 rules (length<=2) were extracted from the first 500 trees.
3231 rules (length<=3) were extracted from the first 500 trees.
4689 rules (length<=4) were extracted from the first 500 trees.
1965 rules (length<=2) were extracted from the first 500 trees.
3500 rules (length<=3) were extracted from the first 500 trees.
5367 rules (length<=4) were extracted from the first 500 trees.
1942 rules (length<=2) were extracted from the first 500 trees.
3444 rules (length<=3) were extracted from the first 500 trees.
4927 rules (length<=4) were extracted from the first 500 trees.
1908 rules (length<=2) were extracted from the first 500 trees.
3135 rules (length<=3) were extracted from the first 500 trees.
4328 rules (length<=4) were extracted from the first 500 trees.
1944 rules (length<=2) were extracted from the first 500 trees.
3524 rules (length<=3) were extracted from the first 500 trees.
5574 rules (length<=4) were extracted from the first 500 trees.
1965 rules (length<=2) were extracted from the first 500 trees.
3410 rules (length<=3) were extracted from the first 500 trees.
4885 rules (length<=4) were extracted from the first 500 trees.
1969 rules (length<=2) were extracted from the first 500 trees.
3463 rules (length<=3) were extracted from the first 500 trees.
5120 rules (length<=4) were extracted from the first 500 trees.
1965 rules (length<=2) were extracted from the first 500 trees.
3452 rules (length<=3) were extracted from the first 500 trees.
4981 rules (length<=4) were extracted from the first 500 trees.
3623 rules (length<=3) were extracted from the first 500 trees.
TRAINING SUCCESSFUL
The most important attribute: vconst_corr (for technique: rfRules)
________________
Dataset: climate-model-simulation-crashes 
Technique: knn 
Probability table:

         0          1 
0.08518519 0.91481481 
BEGIN TRAINING
TRAINING SUCCESSFUL
The most important attribute: bckgrnd_vdc1 (for technique: knn)
________________
Dataset: climate-model-simulation-crashes 
Technique: bayesglm 
Probability table:

         0          1 
0.08518519 0.91481481 
BEGIN TRAINING
TRAINING SUCCESSFUL
The most important attribute: vconst_corr (for technique: bayesglm)
________________
Most important attribute obtained with all techniques
----------------
There were 50 or more warnings (use warnings() to see the first 50)
****************
RESULTS RECORDED
****************
