Current working directory: /home/chris/github/kappa-threshold 
parameters.csv exists: TRUE 
parameters.csv absolute path: /home/chris/github/kappa-threshold/data/files/parameters.csv 
Dataset: credit-g 
Technique: C5.0 
Probability table:

good  bad 
 0.7  0.3 
BEGIN TRAINING
TRAINING SUCCESSFUL
The most important attribute: checking_status (for technique: C5.0)
________________
Dataset: credit-g 
Technique: ctree 
Probability table:

good  bad 
 0.7  0.3 
BEGIN TRAINING
TRAINING SUCCESSFUL
The most important attribute: checking_status (for technique: ctree)
________________
Dataset: credit-g 
Technique: fda 
Probability table:

good  bad 
 0.7  0.3 
BEGIN TRAINING
TRAINING SUCCESSFUL
The most important attribute: checking_status (for technique: fda)
________________
Dataset: credit-g 
Technique: gbm 
Probability table:

good  bad 
 0.7  0.3 
BEGIN TRAINING
Iter   TrainDeviance   ValidDeviance   StepSize   Improve
     1        1.2410            -nan     0.1000    0.0134
     2        1.2196            -nan     0.1000    0.0105
     3        1.2006            -nan     0.1000    0.0091
     4        1.1844            -nan     0.1000    0.0071
     5        1.1727            -nan     0.1000    0.0060
     6        1.1605            -nan     0.1000    0.0042
     7        1.1532            -nan     0.1000    0.0035
     8        1.1453            -nan     0.1000    0.0030
     9        1.1362            -nan     0.1000    0.0034
    10        1.1307            -nan     0.1000    0.0021
    20        1.0820            -nan     0.1000    0.0017
    40        1.0282            -nan     0.1000   -0.0005
    60        0.9909            -nan     0.1000    0.0001
    80        0.9611            -nan     0.1000    0.0003
   100        0.9364            -nan     0.1000   -0.0000
   120        0.9174            -nan     0.1000   -0.0006
   140        0.9030            -nan     0.1000   -0.0005
   150        0.8965            -nan     0.1000   -0.0006

Iter   TrainDeviance   ValidDeviance   StepSize   Improve
     1        1.2337            -nan     0.1000    0.0170
     2        1.2043            -nan     0.1000    0.0122
     3        1.1906            -nan     0.1000    0.0054
     4        1.1698            -nan     0.1000    0.0105
     5        1.1524            -nan     0.1000    0.0089
     6        1.1357            -nan     0.1000    0.0072
     7        1.1243            -nan     0.1000    0.0034
     8        1.1107            -nan     0.1000    0.0061
     9        1.0993            -nan     0.1000    0.0048
    10        1.0880            -nan     0.1000    0.0044
    20        1.0220            -nan     0.1000    0.0019
    40        0.9381            -nan     0.1000    0.0005
    60        0.8799            -nan     0.1000    0.0000
    80        0.8371            -nan     0.1000   -0.0006
   100        0.8012            -nan     0.1000   -0.0004
   120        0.7720            -nan     0.1000   -0.0003
   140        0.7395            -nan     0.1000   -0.0008
   150        0.7282            -nan     0.1000   -0.0005

Iter   TrainDeviance   ValidDeviance   StepSize   Improve
     1        1.2282            -nan     0.1000    0.0167
     2        1.1988            -nan     0.1000    0.0135
     3        1.1687            -nan     0.1000    0.0116
     4        1.1498            -nan     0.1000    0.0080
     5        1.1283            -nan     0.1000    0.0077
     6        1.1149            -nan     0.1000    0.0045
     7        1.0972            -nan     0.1000    0.0061
     8        1.0836            -nan     0.1000    0.0058
     9        1.0697            -nan     0.1000    0.0050
    10        1.0578            -nan     0.1000    0.0039
    20        0.9754            -nan     0.1000    0.0017
    40        0.8724            -nan     0.1000    0.0001
    60        0.8063            -nan     0.1000    0.0005
    80        0.7480            -nan     0.1000    0.0006
   100        0.7021            -nan     0.1000   -0.0001
   120        0.6602            -nan     0.1000   -0.0015
   140        0.6223            -nan     0.1000   -0.0007
   150        0.6063            -nan     0.1000   -0.0005

Iter   TrainDeviance   ValidDeviance   StepSize   Improve
     1        1.2274            -nan     0.1000    0.0123
     2        1.2078            -nan     0.1000    0.0103
     3        1.1898            -nan     0.1000    0.0081
     4        1.1747            -nan     0.1000    0.0066
     5        1.1640            -nan     0.1000    0.0056
     6        1.1572            -nan     0.1000    0.0039
     7        1.1483            -nan     0.1000    0.0046
     8        1.1404            -nan     0.1000    0.0028
     9        1.1338            -nan     0.1000    0.0014
    10        1.1264            -nan     0.1000    0.0033
    20        1.0863            -nan     0.1000    0.0017
    40        1.0308            -nan     0.1000    0.0004
    60        0.9891            -nan     0.1000    0.0000
    80        0.9555            -nan     0.1000   -0.0001
   100        0.9300            -nan     0.1000   -0.0003
   120        0.9097            -nan     0.1000   -0.0006
   140        0.8922            -nan     0.1000   -0.0004
   150        0.8842            -nan     0.1000    0.0002

Iter   TrainDeviance   ValidDeviance   StepSize   Improve
     1        1.2238            -nan     0.1000    0.0142
     2        1.2005            -nan     0.1000    0.0118
     3        1.1771            -nan     0.1000    0.0100
     4        1.1598            -nan     0.1000    0.0073
     5        1.1437            -nan     0.1000    0.0060
     6        1.1312            -nan     0.1000    0.0046
     7        1.1212            -nan     0.1000    0.0042
     8        1.1137            -nan     0.1000    0.0023
     9        1.1035            -nan     0.1000    0.0043
    10        1.0945            -nan     0.1000    0.0035
    20        1.0241            -nan     0.1000    0.0005
    40        0.9414            -nan     0.1000    0.0005
    60        0.8831            -nan     0.1000    0.0012
    80        0.8426            -nan     0.1000    0.0002
   100        0.8111            -nan     0.1000    0.0000
   120        0.7754            -nan     0.1000   -0.0007
   140        0.7440            -nan     0.1000    0.0003
   150        0.7316            -nan     0.1000   -0.0009

Iter   TrainDeviance   ValidDeviance   StepSize   Improve
     1        1.2230            -nan     0.1000    0.0129
     2        1.1953            -nan     0.1000    0.0119
     3        1.1705            -nan     0.1000    0.0112
     4        1.1489            -nan     0.1000    0.0089
     5        1.1306            -nan     0.1000    0.0073
     6        1.1132            -nan     0.1000    0.0070
     7        1.0973            -nan     0.1000    0.0053
     8        1.0914            -nan     0.1000   -0.0011
     9        1.0792            -nan     0.1000    0.0050
    10        1.0657            -nan     0.1000    0.0033
    20        0.9724            -nan     0.1000    0.0006
    40        0.8665            -nan     0.1000    0.0016
    60        0.8001            -nan     0.1000    0.0003
    80        0.7426            -nan     0.1000   -0.0001
   100        0.6994            -nan     0.1000   -0.0011
   120        0.6579            -nan     0.1000    0.0001
   140        0.6229            -nan     0.1000   -0.0006
   150        0.6074            -nan     0.1000   -0.0002

Iter   TrainDeviance   ValidDeviance   StepSize   Improve
     1        1.1978            -nan     0.1000    0.0104
     2        1.1813            -nan     0.1000    0.0091
     3        1.1656            -nan     0.1000    0.0071
     4        1.1537            -nan     0.1000    0.0061
     5        1.1465            -nan     0.1000    0.0026
     6        1.1368            -nan     0.1000    0.0050
     7        1.1287            -nan     0.1000    0.0042
     8        1.1216            -nan     0.1000    0.0032
     9        1.1147            -nan     0.1000    0.0027
    10        1.1104            -nan     0.1000    0.0002
    20        1.0739            -nan     0.1000    0.0013
    40        1.0151            -nan     0.1000    0.0002
    60        0.9785            -nan     0.1000    0.0004
    80        0.9473            -nan     0.1000   -0.0004
   100        0.9252            -nan     0.1000   -0.0009
   120        0.9003            -nan     0.1000    0.0002
   140        0.8837            -nan     0.1000   -0.0011
   150        0.8783            -nan     0.1000   -0.0002

Iter   TrainDeviance   ValidDeviance   StepSize   Improve
     1        1.1864            -nan     0.1000    0.0130
     2        1.1652            -nan     0.1000    0.0106
     3        1.1448            -nan     0.1000    0.0072
     4        1.1311            -nan     0.1000    0.0056
     5        1.1179            -nan     0.1000    0.0050
     6        1.1097            -nan     0.1000    0.0014
     7        1.1012            -nan     0.1000    0.0022
     8        1.0907            -nan     0.1000    0.0045
     9        1.0804            -nan     0.1000    0.0039
    10        1.0705            -nan     0.1000    0.0043
    20        1.0073            -nan     0.1000    0.0003
    40        0.9244            -nan     0.1000    0.0003
    60        0.8648            -nan     0.1000    0.0009
    80        0.8220            -nan     0.1000   -0.0005
   100        0.7883            -nan     0.1000   -0.0002
   120        0.7636            -nan     0.1000   -0.0013
   140        0.7351            -nan     0.1000   -0.0001
   150        0.7232            -nan     0.1000   -0.0007

Iter   TrainDeviance   ValidDeviance   StepSize   Improve
     1        1.1840            -nan     0.1000    0.0158
     2        1.1605            -nan     0.1000    0.0115
     3        1.1389            -nan     0.1000    0.0104
     4        1.1166            -nan     0.1000    0.0083
     5        1.1028            -nan     0.1000    0.0049
     6        1.0871            -nan     0.1000    0.0068
     7        1.0738            -nan     0.1000    0.0051
     8        1.0652            -nan     0.1000    0.0015
     9        1.0536            -nan     0.1000    0.0040
    10        1.0428            -nan     0.1000    0.0025
    20        0.9610            -nan     0.1000    0.0016
    40        0.8598            -nan     0.1000   -0.0008
    60        0.7920            -nan     0.1000   -0.0012
    80        0.7366            -nan     0.1000   -0.0005
   100        0.6940            -nan     0.1000   -0.0003
   120        0.6582            -nan     0.1000   -0.0001
   140        0.6175            -nan     0.1000   -0.0002
   150        0.6016            -nan     0.1000   -0.0009

Iter   TrainDeviance   ValidDeviance   StepSize   Improve
     1        1.2091            -nan     0.1000    0.0124
     2        1.1882            -nan     0.1000    0.0102
     3        1.1712            -nan     0.1000    0.0084
     4        1.1558            -nan     0.1000    0.0050
     5        1.1407            -nan     0.1000    0.0065
     6        1.1319            -nan     0.1000    0.0046
     7        1.1244            -nan     0.1000    0.0026
     8        1.1122            -nan     0.1000    0.0050
     9        1.1051            -nan     0.1000    0.0031
    10        1.0981            -nan     0.1000    0.0025
    20        1.0410            -nan     0.1000    0.0006
    40        0.9780            -nan     0.1000    0.0004
    60        0.9380            -nan     0.1000   -0.0000
    80        0.9031            -nan     0.1000   -0.0000
   100        0.8792            -nan     0.1000   -0.0010
   120        0.8602            -nan     0.1000   -0.0001
   140        0.8466            -nan     0.1000   -0.0003
   150        0.8396            -nan     0.1000   -0.0004

Iter   TrainDeviance   ValidDeviance   StepSize   Improve
     1        1.2017            -nan     0.1000    0.0135
     2        1.1746            -nan     0.1000    0.0143
     3        1.1483            -nan     0.1000    0.0105
     4        1.1289            -nan     0.1000    0.0092
     5        1.1130            -nan     0.1000    0.0068
     6        1.0953            -nan     0.1000    0.0079
     7        1.0820            -nan     0.1000    0.0044
     8        1.0695            -nan     0.1000    0.0048
     9        1.0585            -nan     0.1000    0.0050
    10        1.0442            -nan     0.1000    0.0047
    20        0.9664            -nan     0.1000    0.0021
    40        0.8803            -nan     0.1000    0.0001
    60        0.8281            -nan     0.1000   -0.0006
    80        0.7865            -nan     0.1000   -0.0006
   100        0.7489            -nan     0.1000    0.0013
   120        0.7199            -nan     0.1000   -0.0004
   140        0.6955            -nan     0.1000   -0.0014
   150        0.6866            -nan     0.1000   -0.0006

Iter   TrainDeviance   ValidDeviance   StepSize   Improve
     1        1.1924            -nan     0.1000    0.0204
     2        1.1631            -nan     0.1000    0.0143
     3        1.1309            -nan     0.1000    0.0136
     4        1.1073            -nan     0.1000    0.0102
     5        1.0872            -nan     0.1000    0.0077
     6        1.0686            -nan     0.1000    0.0059
     7        1.0540            -nan     0.1000    0.0062
     8        1.0395            -nan     0.1000    0.0050
     9        1.0288            -nan     0.1000    0.0035
    10        1.0162            -nan     0.1000    0.0041
    20        0.9303            -nan     0.1000    0.0004
    40        0.8253            -nan     0.1000    0.0007
    60        0.7569            -nan     0.1000   -0.0002
    80        0.7048            -nan     0.1000   -0.0008
   100        0.6583            -nan     0.1000   -0.0002
   120        0.6194            -nan     0.1000    0.0002
   140        0.5795            -nan     0.1000   -0.0003
   150        0.5628            -nan     0.1000   -0.0010

Iter   TrainDeviance   ValidDeviance   StepSize   Improve
     1        1.2176            -nan     0.1000    0.0133
     2        1.1929            -nan     0.1000    0.0105
     3        1.1765            -nan     0.1000    0.0090
     4        1.1678            -nan     0.1000    0.0017
     5        1.1505            -nan     0.1000    0.0071
     6        1.1376            -nan     0.1000    0.0058
     7        1.1304            -nan     0.1000    0.0028
     8        1.1218            -nan     0.1000    0.0024
     9        1.1138            -nan     0.1000    0.0013
    10        1.1048            -nan     0.1000    0.0047
    20        1.0515            -nan     0.1000    0.0029
    40        0.9844            -nan     0.1000    0.0010
    60        0.9523            -nan     0.1000    0.0003
    80        0.9258            -nan     0.1000   -0.0011
   100        0.9061            -nan     0.1000   -0.0002
   120        0.8900            -nan     0.1000   -0.0000
   140        0.8777            -nan     0.1000   -0.0004
   150        0.8706            -nan     0.1000   -0.0002

Iter   TrainDeviance   ValidDeviance   StepSize   Improve
     1        1.2091            -nan     0.1000    0.0174
     2        1.1783            -nan     0.1000    0.0142
     3        1.1548            -nan     0.1000    0.0113
     4        1.1357            -nan     0.1000    0.0100
     5        1.1174            -nan     0.1000    0.0064
     6        1.0996            -nan     0.1000    0.0075
     7        1.0853            -nan     0.1000    0.0057
     8        1.0734            -nan     0.1000    0.0045
     9        1.0679            -nan     0.1000   -0.0005
    10        1.0601            -nan     0.1000    0.0040
    20        0.9937            -nan     0.1000    0.0005
    40        0.9180            -nan     0.1000   -0.0000
    60        0.8735            -nan     0.1000   -0.0004
    80        0.8237            -nan     0.1000    0.0005
   100        0.7942            -nan     0.1000   -0.0010
   120        0.7662            -nan     0.1000   -0.0001
   140        0.7386            -nan     0.1000   -0.0011
   150        0.7263            -nan     0.1000   -0.0005

Iter   TrainDeviance   ValidDeviance   StepSize   Improve
     1        1.2117            -nan     0.1000    0.0174
     2        1.1760            -nan     0.1000    0.0178
     3        1.1512            -nan     0.1000    0.0102
     4        1.1284            -nan     0.1000    0.0076
     5        1.1093            -nan     0.1000    0.0082
     6        1.0882            -nan     0.1000    0.0087
     7        1.0701            -nan     0.1000    0.0050
     8        1.0537            -nan     0.1000    0.0062
     9        1.0405            -nan     0.1000    0.0043
    10        1.0280            -nan     0.1000    0.0048
    20        0.9421            -nan     0.1000    0.0016
    40        0.8558            -nan     0.1000   -0.0006
    60        0.7806            -nan     0.1000   -0.0008
    80        0.7260            -nan     0.1000   -0.0018
   100        0.6841            -nan     0.1000   -0.0004
   120        0.6456            -nan     0.1000    0.0001
   140        0.6120            -nan     0.1000   -0.0003
   150        0.5964            -nan     0.1000   -0.0009

Iter   TrainDeviance   ValidDeviance   StepSize   Improve
     1        1.1777            -nan     0.1000    0.0096
     2        1.1636            -nan     0.1000    0.0075
     3        1.1520            -nan     0.1000    0.0041
     4        1.1397            -nan     0.1000    0.0062
     5        1.1275            -nan     0.1000    0.0049
     6        1.1167            -nan     0.1000    0.0037
     7        1.1077            -nan     0.1000    0.0025
     8        1.0982            -nan     0.1000    0.0023
     9        1.0917            -nan     0.1000    0.0020
    10        1.0861            -nan     0.1000    0.0024
    20        1.0406            -nan     0.1000    0.0002
    40        0.9823            -nan     0.1000   -0.0014
    60        0.9414            -nan     0.1000   -0.0001
    80        0.9095            -nan     0.1000   -0.0002
   100        0.8862            -nan     0.1000   -0.0006
   120        0.8659            -nan     0.1000   -0.0005
   140        0.8512            -nan     0.1000    0.0004
   150        0.8420            -nan     0.1000   -0.0010

Iter   TrainDeviance   ValidDeviance   StepSize   Improve
     1        1.1690            -nan     0.1000    0.0136
     2        1.1450            -nan     0.1000    0.0115
     3        1.1240            -nan     0.1000    0.0090
     4        1.1068            -nan     0.1000    0.0077
     5        1.0943            -nan     0.1000    0.0060
     6        1.0814            -nan     0.1000    0.0051
     7        1.0718            -nan     0.1000    0.0034
     8        1.0648            -nan     0.1000    0.0022
     9        1.0568            -nan     0.1000    0.0022
    10        1.0506            -nan     0.1000    0.0018
    20        0.9766            -nan     0.1000    0.0020
    40        0.8927            -nan     0.1000    0.0017
    60        0.8423            -nan     0.1000   -0.0008
    80        0.7990            -nan     0.1000   -0.0000
   100        0.7606            -nan     0.1000    0.0001
   120        0.7291            -nan     0.1000   -0.0006
   140        0.7031            -nan     0.1000   -0.0002
   150        0.6899            -nan     0.1000   -0.0010

Iter   TrainDeviance   ValidDeviance   StepSize   Improve
     1        1.1614            -nan     0.1000    0.0168
     2        1.1368            -nan     0.1000    0.0107
     3        1.1172            -nan     0.1000    0.0090
     4        1.0981            -nan     0.1000    0.0080
     5        1.0841            -nan     0.1000    0.0044
     6        1.0675            -nan     0.1000    0.0072
     7        1.0522            -nan     0.1000    0.0057
     8        1.0419            -nan     0.1000    0.0025
     9        1.0330            -nan     0.1000    0.0012
    10        1.0213            -nan     0.1000    0.0048
    20        0.9395            -nan     0.1000    0.0010
    40        0.8392            -nan     0.1000    0.0006
    60        0.7564            -nan     0.1000   -0.0001
    80        0.6953            -nan     0.1000    0.0001
   100        0.6496            -nan     0.1000   -0.0008
   120        0.6134            -nan     0.1000   -0.0000
   140        0.5771            -nan     0.1000   -0.0006
   150        0.5616            -nan     0.1000   -0.0002

Iter   TrainDeviance   ValidDeviance   StepSize   Improve
     1        1.1761            -nan     0.1000    0.0114
     2        1.1607            -nan     0.1000    0.0088
     3        1.1444            -nan     0.1000    0.0081
     4        1.1316            -nan     0.1000    0.0060
     5        1.1205            -nan     0.1000    0.0056
     6        1.1108            -nan     0.1000    0.0043
     7        1.1015            -nan     0.1000    0.0035
     8        1.0966            -nan     0.1000    0.0012
     9        1.0881            -nan     0.1000    0.0044
    10        1.0812            -nan     0.1000    0.0015
    20        1.0247            -nan     0.1000    0.0016
    40        0.9616            -nan     0.1000    0.0003
    60        0.9172            -nan     0.1000   -0.0001
    80        0.8839            -nan     0.1000   -0.0001
   100        0.8584            -nan     0.1000   -0.0003
   120        0.8397            -nan     0.1000   -0.0001
   140        0.8225            -nan     0.1000   -0.0008
   150        0.8158            -nan     0.1000   -0.0000

Iter   TrainDeviance   ValidDeviance   StepSize   Improve
     1        1.1680            -nan     0.1000    0.0168
     2        1.1394            -nan     0.1000    0.0145
     3        1.1166            -nan     0.1000    0.0110
     4        1.0960            -nan     0.1000    0.0093
     5        1.0808            -nan     0.1000    0.0063
     6        1.0685            -nan     0.1000    0.0048
     7        1.0555            -nan     0.1000    0.0041
     8        1.0425            -nan     0.1000    0.0057
     9        1.0352            -nan     0.1000    0.0015
    10        1.0265            -nan     0.1000    0.0023
    20        0.9621            -nan     0.1000    0.0015
    40        0.8728            -nan     0.1000    0.0002
    60        0.8184            -nan     0.1000    0.0000
    80        0.7753            -nan     0.1000   -0.0001
   100        0.7398            -nan     0.1000    0.0004
   120        0.7109            -nan     0.1000    0.0005
   140        0.6870            -nan     0.1000   -0.0010
   150        0.6761            -nan     0.1000   -0.0006

Iter   TrainDeviance   ValidDeviance   StepSize   Improve
     1        1.1656            -nan     0.1000    0.0166
     2        1.1358            -nan     0.1000    0.0136
     3        1.1079            -nan     0.1000    0.0132
     4        1.0859            -nan     0.1000    0.0088
     5        1.0670            -nan     0.1000    0.0083
     6        1.0548            -nan     0.1000    0.0044
     7        1.0400            -nan     0.1000    0.0044
     8        1.0255            -nan     0.1000    0.0062
     9        1.0155            -nan     0.1000    0.0030
    10        1.0026            -nan     0.1000    0.0032
    20        0.9154            -nan     0.1000    0.0013
    40        0.8161            -nan     0.1000    0.0011
    60        0.7488            -nan     0.1000    0.0003
    80        0.6971            -nan     0.1000   -0.0002
   100        0.6589            -nan     0.1000   -0.0005
   120        0.6214            -nan     0.1000   -0.0008
   140        0.5922            -nan     0.1000   -0.0009
   150        0.5745            -nan     0.1000   -0.0005

Iter   TrainDeviance   ValidDeviance   StepSize   Improve
     1        1.1970            -nan     0.1000    0.0102
     2        1.1787            -nan     0.1000    0.0085
     3        1.1649            -nan     0.1000    0.0069
     4        1.1523            -nan     0.1000    0.0054
     5        1.1422            -nan     0.1000    0.0047
     6        1.1344            -nan     0.1000    0.0033
     7        1.1272            -nan     0.1000    0.0022
     8        1.1217            -nan     0.1000    0.0024
     9        1.1152            -nan     0.1000    0.0035
    10        1.1094            -nan     0.1000    0.0013
    20        1.0690            -nan     0.1000    0.0008
    40        1.0120            -nan     0.1000    0.0000
    60        0.9827            -nan     0.1000   -0.0002
    80        0.9554            -nan     0.1000   -0.0010
   100        0.9348            -nan     0.1000   -0.0003
   120        0.9189            -nan     0.1000   -0.0002
   140        0.9050            -nan     0.1000   -0.0004
   150        0.8981            -nan     0.1000   -0.0003

Iter   TrainDeviance   ValidDeviance   StepSize   Improve
     1        1.1899            -nan     0.1000    0.0110
     2        1.1681            -nan     0.1000    0.0104
     3        1.1485            -nan     0.1000    0.0096
     4        1.1344            -nan     0.1000    0.0074
     5        1.1214            -nan     0.1000    0.0036
     6        1.1092            -nan     0.1000    0.0045
     7        1.0999            -nan     0.1000    0.0026
     8        1.0911            -nan     0.1000    0.0033
     9        1.0818            -nan     0.1000    0.0044
    10        1.0727            -nan     0.1000    0.0032
    20        1.0078            -nan     0.1000    0.0015
    40        0.9321            -nan     0.1000   -0.0001
    60        0.8772            -nan     0.1000   -0.0004
    80        0.8384            -nan     0.1000    0.0013
   100        0.8068            -nan     0.1000   -0.0005
   120        0.7736            -nan     0.1000   -0.0007
   140        0.7509            -nan     0.1000   -0.0001
   150        0.7385            -nan     0.1000   -0.0004

Iter   TrainDeviance   ValidDeviance   StepSize   Improve
     1        1.1856            -nan     0.1000    0.0112
     2        1.1672            -nan     0.1000    0.0036
     3        1.1413            -nan     0.1000    0.0103
     4        1.1215            -nan     0.1000    0.0090
     5        1.1039            -nan     0.1000    0.0076
     6        1.0872            -nan     0.1000    0.0061
     7        1.0739            -nan     0.1000    0.0046
     8        1.0584            -nan     0.1000    0.0045
     9        1.0491            -nan     0.1000    0.0036
    10        1.0376            -nan     0.1000    0.0049
    20        0.9606            -nan     0.1000    0.0016
    40        0.8655            -nan     0.1000    0.0001
    60        0.7979            -nan     0.1000    0.0001
    80        0.7490            -nan     0.1000   -0.0007
   100        0.7075            -nan     0.1000   -0.0008
   120        0.6698            -nan     0.1000   -0.0011
   140        0.6333            -nan     0.1000   -0.0007
   150        0.6187            -nan     0.1000   -0.0008

Iter   TrainDeviance   ValidDeviance   StepSize   Improve
     1        1.1560            -nan     0.1000    0.0085
     2        1.1419            -nan     0.1000    0.0069
     3        1.1291            -nan     0.1000    0.0055
     4        1.1206            -nan     0.1000    0.0013
     5        1.1124            -nan     0.1000    0.0029
     6        1.1074            -nan     0.1000    0.0010
     7        1.1004            -nan     0.1000    0.0021
     8        1.0901            -nan     0.1000    0.0040
     9        1.0822            -nan     0.1000    0.0033
    10        1.0760            -nan     0.1000    0.0028
    20        1.0390            -nan     0.1000    0.0004
    40        0.9871            -nan     0.1000   -0.0008
    60        0.9490            -nan     0.1000   -0.0004
    80        0.9242            -nan     0.1000   -0.0007
   100        0.9013            -nan     0.1000   -0.0002
   120        0.8856            -nan     0.1000   -0.0004
   140        0.8693            -nan     0.1000   -0.0001
   150        0.8631            -nan     0.1000   -0.0003

Iter   TrainDeviance   ValidDeviance   StepSize   Improve
     1        1.1499            -nan     0.1000    0.0109
     2        1.1318            -nan     0.1000    0.0098
     3        1.1144            -nan     0.1000    0.0077
     4        1.0999            -nan     0.1000    0.0050
     5        1.0885            -nan     0.1000    0.0039
     6        1.0774            -nan     0.1000    0.0040
     7        1.0683            -nan     0.1000    0.0034
     8        1.0580            -nan     0.1000    0.0038
     9        1.0516            -nan     0.1000    0.0004
    10        1.0443            -nan     0.1000    0.0036
    20        0.9830            -nan     0.1000    0.0025
    40        0.8989            -nan     0.1000    0.0002
    60        0.8505            -nan     0.1000   -0.0009
    80        0.8063            -nan     0.1000    0.0003
   100        0.7676            -nan     0.1000   -0.0014
   120        0.7264            -nan     0.1000   -0.0004
   140        0.6989            -nan     0.1000    0.0001
   150        0.6865            -nan     0.1000   -0.0012

Iter   TrainDeviance   ValidDeviance   StepSize   Improve
     1        1.1434            -nan     0.1000    0.0129
     2        1.1210            -nan     0.1000    0.0097
     3        1.0995            -nan     0.1000    0.0090
     4        1.0835            -nan     0.1000    0.0037
     5        1.0651            -nan     0.1000    0.0068
     6        1.0511            -nan     0.1000    0.0050
     7        1.0424            -nan     0.1000    0.0016
     8        1.0310            -nan     0.1000    0.0039
     9        1.0226            -nan     0.1000    0.0015
    10        1.0103            -nan     0.1000    0.0003
    20        0.9287            -nan     0.1000    0.0023
    40        0.8240            -nan     0.1000   -0.0001
    60        0.7501            -nan     0.1000    0.0003
    80        0.6927            -nan     0.1000    0.0001
   100        0.6526            -nan     0.1000    0.0005
   120        0.6139            -nan     0.1000   -0.0004
   140        0.5833            -nan     0.1000   -0.0007
   150        0.5688            -nan     0.1000   -0.0010

Iter   TrainDeviance   ValidDeviance   StepSize   Improve
     1        1.1980            -nan     0.1000    0.0088
     2        1.1880            -nan     0.1000    0.0041
     3        1.1722            -nan     0.1000    0.0071
     4        1.1638            -nan     0.1000    0.0035
     5        1.1539            -nan     0.1000    0.0056
     6        1.1433            -nan     0.1000    0.0046
     7        1.1343            -nan     0.1000    0.0034
     8        1.1282            -nan     0.1000    0.0027
     9        1.1216            -nan     0.1000    0.0017
    10        1.1135            -nan     0.1000    0.0038
    20        1.0652            -nan     0.1000    0.0010
    40        0.9959            -nan     0.1000    0.0009
    60        0.9543            -nan     0.1000   -0.0003
    80        0.9201            -nan     0.1000    0.0004
   100        0.8983            -nan     0.1000   -0.0001
   120        0.8791            -nan     0.1000   -0.0006
   140        0.8605            -nan     0.1000   -0.0001
   150        0.8522            -nan     0.1000   -0.0008

Iter   TrainDeviance   ValidDeviance   StepSize   Improve
     1        1.1867            -nan     0.1000    0.0125
     2        1.1648            -nan     0.1000    0.0100
     3        1.1466            -nan     0.1000    0.0086
     4        1.1307            -nan     0.1000    0.0070
     5        1.1173            -nan     0.1000    0.0048
     6        1.1080            -nan     0.1000    0.0032
     7        1.0971            -nan     0.1000    0.0056
     8        1.0860            -nan     0.1000    0.0050
     9        1.0776            -nan     0.1000    0.0018
    10        1.0707            -nan     0.1000    0.0014
    20        0.9963            -nan     0.1000    0.0024
    40        0.9138            -nan     0.1000    0.0006
    60        0.8496            -nan     0.1000    0.0004
    80        0.8015            -nan     0.1000    0.0003
   100        0.7737            -nan     0.1000   -0.0003
   120        0.7460            -nan     0.1000   -0.0001
   140        0.7234            -nan     0.1000   -0.0002
   150        0.7125            -nan     0.1000   -0.0008

Iter   TrainDeviance   ValidDeviance   StepSize   Improve
     1        1.1887            -nan     0.1000    0.0142
     2        1.1693            -nan     0.1000    0.0099
     3        1.1427            -nan     0.1000    0.0109
     4        1.1243            -nan     0.1000    0.0081
     5        1.1054            -nan     0.1000    0.0050
     6        1.0896            -nan     0.1000    0.0067
     7        1.0759            -nan     0.1000    0.0050
     8        1.0614            -nan     0.1000    0.0053
     9        1.0473            -nan     0.1000    0.0060
    10        1.0381            -nan     0.1000    0.0027
    20        0.9509            -nan     0.1000    0.0011
    40        0.8439            -nan     0.1000    0.0022
    60        0.7672            -nan     0.1000   -0.0001
    80        0.7141            -nan     0.1000    0.0005
   100        0.6678            -nan     0.1000    0.0004
   120        0.6251            -nan     0.1000    0.0005
   140        0.5914            -nan     0.1000    0.0003
   150        0.5766            -nan     0.1000   -0.0002

Iter   TrainDeviance   ValidDeviance   StepSize   Improve
     1        1.2082            -nan     0.1000    0.0110
     2        1.1905            -nan     0.1000    0.0088
     3        1.1789            -nan     0.1000    0.0070
     4        1.1674            -nan     0.1000    0.0057
     5        1.1549            -nan     0.1000    0.0044
     6        1.1468            -nan     0.1000    0.0041
     7        1.1398            -nan     0.1000    0.0033
     8        1.1319            -nan     0.1000    0.0026
     9        1.1255            -nan     0.1000    0.0028
    10        1.1187            -nan     0.1000    0.0024
    20        1.0793            -nan     0.1000    0.0001
    40        1.0257            -nan     0.1000   -0.0002
    60        0.9896            -nan     0.1000    0.0003
    80        0.9632            -nan     0.1000    0.0003
   100        0.9447            -nan     0.1000   -0.0002
   120        0.9269            -nan     0.1000   -0.0002
   140        0.9122            -nan     0.1000   -0.0003
   150        0.9041            -nan     0.1000    0.0002

Iter   TrainDeviance   ValidDeviance   StepSize   Improve
     1        1.2031            -nan     0.1000    0.0134
     2        1.1804            -nan     0.1000    0.0108
     3        1.1599            -nan     0.1000    0.0086
     4        1.1444            -nan     0.1000    0.0075
     5        1.1292            -nan     0.1000    0.0052
     6        1.1182            -nan     0.1000    0.0048
     7        1.1068            -nan     0.1000    0.0055
     8        1.0963            -nan     0.1000    0.0018
     9        1.0848            -nan     0.1000    0.0031
    10        1.0733            -nan     0.1000    0.0038
    20        1.0206            -nan     0.1000   -0.0003
    40        0.9426            -nan     0.1000    0.0001
    60        0.8886            -nan     0.1000   -0.0011
    80        0.8484            -nan     0.1000   -0.0012
   100        0.8102            -nan     0.1000   -0.0002
   120        0.7812            -nan     0.1000   -0.0009
   140        0.7550            -nan     0.1000   -0.0007
   150        0.7404            -nan     0.1000   -0.0002

Iter   TrainDeviance   ValidDeviance   StepSize   Improve
     1        1.2026            -nan     0.1000    0.0120
     2        1.1766            -nan     0.1000    0.0104
     3        1.1501            -nan     0.1000    0.0104
     4        1.1270            -nan     0.1000    0.0086
     5        1.1100            -nan     0.1000    0.0051
     6        1.0948            -nan     0.1000    0.0050
     7        1.0833            -nan     0.1000    0.0031
     8        1.0710            -nan     0.1000    0.0036
     9        1.0635            -nan     0.1000    0.0016
    10        1.0530            -nan     0.1000    0.0023
    20        0.9713            -nan     0.1000    0.0004
    40        0.8753            -nan     0.1000    0.0002
    60        0.8029            -nan     0.1000    0.0014
    80        0.7445            -nan     0.1000   -0.0003
   100        0.7029            -nan     0.1000    0.0004
   120        0.6691            -nan     0.1000    0.0005
   140        0.6329            -nan     0.1000   -0.0005
   150        0.6173            -nan     0.1000   -0.0005

Iter   TrainDeviance   ValidDeviance   StepSize   Improve
     1        1.2230            -nan     0.1000    0.0090
     2        1.2080            -nan     0.1000    0.0072
     3        1.1954            -nan     0.1000    0.0062
     4        1.1885            -nan     0.1000    0.0024
     5        1.1762            -nan     0.1000    0.0047
     6        1.1670            -nan     0.1000    0.0038
     7        1.1603            -nan     0.1000    0.0033
     8        1.1518            -nan     0.1000    0.0025
     9        1.1464            -nan     0.1000    0.0021
    10        1.1407            -nan     0.1000    0.0026
    20        1.0962            -nan     0.1000    0.0015
    40        1.0438            -nan     0.1000   -0.0005
    60        1.0091            -nan     0.1000   -0.0006
    80        0.9817            -nan     0.1000    0.0001
   100        0.9606            -nan     0.1000   -0.0007
   120        0.9421            -nan     0.1000   -0.0005
   140        0.9285            -nan     0.1000   -0.0003
   150        0.9214            -nan     0.1000   -0.0007

Iter   TrainDeviance   ValidDeviance   StepSize   Improve
     1        1.2162            -nan     0.1000    0.0122
     2        1.1945            -nan     0.1000    0.0107
     3        1.1756            -nan     0.1000    0.0075
     4        1.1601            -nan     0.1000    0.0070
     5        1.1479            -nan     0.1000    0.0044
     6        1.1364            -nan     0.1000    0.0046
     7        1.1230            -nan     0.1000    0.0066
     8        1.1125            -nan     0.1000    0.0056
     9        1.1025            -nan     0.1000    0.0040
    10        1.0933            -nan     0.1000    0.0027
    20        1.0263            -nan     0.1000    0.0015
    40        0.9576            -nan     0.1000   -0.0007
    60        0.9072            -nan     0.1000   -0.0011
    80        0.8651            -nan     0.1000   -0.0001
   100        0.8335            -nan     0.1000   -0.0002
   120        0.8022            -nan     0.1000    0.0001
   140        0.7791            -nan     0.1000   -0.0004
   150        0.7666            -nan     0.1000   -0.0000

Iter   TrainDeviance   ValidDeviance   StepSize   Improve
     1        1.2109            -nan     0.1000    0.0153
     2        1.1813            -nan     0.1000    0.0107
     3        1.1613            -nan     0.1000    0.0071
     4        1.1393            -nan     0.1000    0.0094
     5        1.1249            -nan     0.1000    0.0058
     6        1.1085            -nan     0.1000    0.0052
     7        1.0979            -nan     0.1000    0.0040
     8        1.0829            -nan     0.1000    0.0055
     9        1.0721            -nan     0.1000    0.0043
    10        1.0636            -nan     0.1000    0.0011
    20        0.9828            -nan     0.1000    0.0002
    40        0.8948            -nan     0.1000    0.0004
    60        0.8360            -nan     0.1000   -0.0003
    80        0.7840            -nan     0.1000   -0.0001
   100        0.7390            -nan     0.1000    0.0003
   120        0.7031            -nan     0.1000   -0.0006
   140        0.6666            -nan     0.1000   -0.0004
   150        0.6470            -nan     0.1000   -0.0003

Iter   TrainDeviance   ValidDeviance   StepSize   Improve
     1        1.1561            -nan     0.1000    0.0088
     2        1.1410            -nan     0.1000    0.0072
     3        1.1299            -nan     0.1000    0.0045
     4        1.1184            -nan     0.1000    0.0059
     5        1.1108            -nan     0.1000    0.0018
     6        1.1057            -nan     0.1000    0.0022
     7        1.0964            -nan     0.1000    0.0050
     8        1.0892            -nan     0.1000    0.0029
     9        1.0833            -nan     0.1000    0.0024
    10        1.0721            -nan     0.1000    0.0033
    20        1.0284            -nan     0.1000    0.0007
    40        0.9696            -nan     0.1000    0.0004
    60        0.9318            -nan     0.1000   -0.0003
    80        0.9028            -nan     0.1000   -0.0002
   100        0.8822            -nan     0.1000   -0.0003
   120        0.8625            -nan     0.1000   -0.0001
   140        0.8470            -nan     0.1000   -0.0004
   150        0.8390            -nan     0.1000   -0.0001

Iter   TrainDeviance   ValidDeviance   StepSize   Improve
     1        1.1497            -nan     0.1000    0.0111
     2        1.1271            -nan     0.1000    0.0106
     3        1.1086            -nan     0.1000    0.0082
     4        1.0934            -nan     0.1000    0.0050
     5        1.0833            -nan     0.1000    0.0028
     6        1.0681            -nan     0.1000    0.0057
     7        1.0579            -nan     0.1000    0.0042
     8        1.0487            -nan     0.1000    0.0028
     9        1.0384            -nan     0.1000    0.0039
    10        1.0324            -nan     0.1000    0.0020
    20        0.9669            -nan     0.1000    0.0004
    40        0.8841            -nan     0.1000   -0.0004
    60        0.8246            -nan     0.1000   -0.0007
    80        0.7826            -nan     0.1000   -0.0006
   100        0.7481            -nan     0.1000   -0.0001
   120        0.7211            -nan     0.1000   -0.0011
   140        0.6929            -nan     0.1000    0.0001
   150        0.6799            -nan     0.1000   -0.0002

Iter   TrainDeviance   ValidDeviance   StepSize   Improve
     1        1.1424            -nan     0.1000    0.0131
     2        1.1188            -nan     0.1000    0.0095
     3        1.0972            -nan     0.1000    0.0099
     4        1.0813            -nan     0.1000    0.0060
     5        1.0626            -nan     0.1000    0.0079
     6        1.0508            -nan     0.1000    0.0037
     7        1.0367            -nan     0.1000    0.0055
     8        1.0205            -nan     0.1000    0.0065
     9        1.0109            -nan     0.1000    0.0022
    10        1.0008            -nan     0.1000    0.0033
    20        0.9184            -nan     0.1000    0.0011
    40        0.8149            -nan     0.1000    0.0004
    60        0.7516            -nan     0.1000   -0.0014
    80        0.6956            -nan     0.1000    0.0015
   100        0.6516            -nan     0.1000    0.0011
   120        0.6145            -nan     0.1000   -0.0008
   140        0.5803            -nan     0.1000   -0.0005
   150        0.5636            -nan     0.1000   -0.0000

Iter   TrainDeviance   ValidDeviance   StepSize   Improve
     1        1.1949            -nan     0.1000    0.0089
     2        1.1792            -nan     0.1000    0.0075
     3        1.1670            -nan     0.1000    0.0056
     4        1.1537            -nan     0.1000    0.0061
     5        1.1422            -nan     0.1000    0.0043
     6        1.1330            -nan     0.1000    0.0035
     7        1.1264            -nan     0.1000    0.0025
     8        1.1192            -nan     0.1000    0.0011
     9        1.1121            -nan     0.1000    0.0027
    10        1.1029            -nan     0.1000    0.0037
    20        1.0507            -nan     0.1000    0.0000
    40        0.9955            -nan     0.1000    0.0007
    60        0.9571            -nan     0.1000   -0.0001
    80        0.9309            -nan     0.1000   -0.0004
   100        0.9095            -nan     0.1000   -0.0007
   120        0.8909            -nan     0.1000   -0.0007
   140        0.8740            -nan     0.1000   -0.0000
   150        0.8663            -nan     0.1000   -0.0001

Iter   TrainDeviance   ValidDeviance   StepSize   Improve
     1        1.1830            -nan     0.1000    0.0125
     2        1.1626            -nan     0.1000    0.0084
     3        1.1451            -nan     0.1000    0.0060
     4        1.1272            -nan     0.1000    0.0074
     5        1.1132            -nan     0.1000    0.0061
     6        1.1012            -nan     0.1000    0.0044
     7        1.0905            -nan     0.1000    0.0047
     8        1.0802            -nan     0.1000    0.0043
     9        1.0711            -nan     0.1000    0.0032
    10        1.0635            -nan     0.1000    0.0026
    20        0.9965            -nan     0.1000    0.0002
    40        0.9103            -nan     0.1000    0.0008
    60        0.8506            -nan     0.1000   -0.0006
    80        0.8122            -nan     0.1000   -0.0005
   100        0.7748            -nan     0.1000   -0.0004
   120        0.7455            -nan     0.1000   -0.0012
   140        0.7115            -nan     0.1000    0.0003
   150        0.6960            -nan     0.1000    0.0005

Iter   TrainDeviance   ValidDeviance   StepSize   Improve
     1        1.1817            -nan     0.1000    0.0150
     2        1.1540            -nan     0.1000    0.0106
     3        1.1329            -nan     0.1000    0.0065
     4        1.1132            -nan     0.1000    0.0071
     5        1.1017            -nan     0.1000    0.0032
     6        1.0841            -nan     0.1000    0.0068
     7        1.0699            -nan     0.1000    0.0041
     8        1.0505            -nan     0.1000    0.0064
     9        1.0379            -nan     0.1000    0.0051
    10        1.0276            -nan     0.1000    0.0015
    20        0.9501            -nan     0.1000    0.0024
    40        0.8458            -nan     0.1000   -0.0003
    60        0.7702            -nan     0.1000   -0.0007
    80        0.7193            -nan     0.1000    0.0006
   100        0.6674            -nan     0.1000   -0.0002
   120        0.6278            -nan     0.1000   -0.0002
   140        0.5929            -nan     0.1000    0.0009
   150        0.5749            -nan     0.1000   -0.0003

Iter   TrainDeviance   ValidDeviance   StepSize   Improve
     1        1.2010            -nan     0.1000    0.0098
     2        1.1855            -nan     0.1000    0.0080
     3        1.1740            -nan     0.1000    0.0062
     4        1.1598            -nan     0.1000    0.0048
     5        1.1519            -nan     0.1000    0.0043
     6        1.1424            -nan     0.1000    0.0038
     7        1.1354            -nan     0.1000    0.0028
     8        1.1295            -nan     0.1000    0.0023
     9        1.1233            -nan     0.1000    0.0014
    10        1.1180            -nan     0.1000    0.0016
    20        1.0723            -nan     0.1000    0.0018
    40        1.0137            -nan     0.1000    0.0003
    60        0.9765            -nan     0.1000   -0.0002
    80        0.9446            -nan     0.1000   -0.0001
   100        0.9223            -nan     0.1000   -0.0002
   120        0.9036            -nan     0.1000   -0.0011
   140        0.8883            -nan     0.1000   -0.0007
   150        0.8801            -nan     0.1000   -0.0009

Iter   TrainDeviance   ValidDeviance   StepSize   Improve
     1        1.1931            -nan     0.1000    0.0149
     2        1.1699            -nan     0.1000    0.0113
     3        1.1483            -nan     0.1000    0.0104
     4        1.1316            -nan     0.1000    0.0082
     5        1.1169            -nan     0.1000    0.0061
     6        1.1035            -nan     0.1000    0.0056
     7        1.0941            -nan     0.1000    0.0032
     8        1.0813            -nan     0.1000    0.0056
     9        1.0736            -nan     0.1000    0.0028
    10        1.0668            -nan     0.1000    0.0022
    20        1.0019            -nan     0.1000    0.0017
    40        0.9128            -nan     0.1000    0.0005
    60        0.8565            -nan     0.1000   -0.0001
    80        0.8043            -nan     0.1000    0.0000
   100        0.7626            -nan     0.1000   -0.0005
   120        0.7343            -nan     0.1000   -0.0008
   140        0.7055            -nan     0.1000   -0.0004
   150        0.6927            -nan     0.1000   -0.0007

Iter   TrainDeviance   ValidDeviance   StepSize   Improve
     1        1.1872            -nan     0.1000    0.0159
     2        1.1609            -nan     0.1000    0.0110
     3        1.1330            -nan     0.1000    0.0113
     4        1.1122            -nan     0.1000    0.0096
     5        1.0972            -nan     0.1000    0.0027
     6        1.0791            -nan     0.1000    0.0083
     7        1.0675            -nan     0.1000    0.0030
     8        1.0530            -nan     0.1000    0.0048
     9        1.0407            -nan     0.1000    0.0043
    10        1.0337            -nan     0.1000    0.0004
    20        0.9497            -nan     0.1000    0.0024
    40        0.8438            -nan     0.1000    0.0001
    60        0.7654            -nan     0.1000   -0.0001
    80        0.7115            -nan     0.1000   -0.0007
   100        0.6705            -nan     0.1000   -0.0020
   120        0.6317            -nan     0.1000    0.0002
   140        0.5967            -nan     0.1000   -0.0003
   150        0.5805            -nan     0.1000   -0.0003

Iter   TrainDeviance   ValidDeviance   StepSize   Improve
     1        1.2087            -nan     0.1000    0.0064
     2        1.1955            -nan     0.1000    0.0050
     3        1.1854            -nan     0.1000    0.0048
     4        1.1770            -nan     0.1000    0.0027
     5        1.1685            -nan     0.1000    0.0041
     6        1.1604            -nan     0.1000    0.0033
     7        1.1552            -nan     0.1000    0.0016
     8        1.1505            -nan     0.1000    0.0011
     9        1.1449            -nan     0.1000    0.0011
    10        1.1395            -nan     0.1000    0.0029
    20        1.1018            -nan     0.1000   -0.0005
    40        1.0456            -nan     0.1000    0.0009
    60        1.0057            -nan     0.1000    0.0008
    80        0.9767            -nan     0.1000   -0.0003
   100        0.9510            -nan     0.1000    0.0002
   120        0.9320            -nan     0.1000    0.0005
   140        0.9149            -nan     0.1000   -0.0004
   150        0.9088            -nan     0.1000   -0.0006

Iter   TrainDeviance   ValidDeviance   StepSize   Improve
     1        1.2049            -nan     0.1000    0.0095
     2        1.1878            -nan     0.1000    0.0073
     3        1.1696            -nan     0.1000    0.0079
     4        1.1528            -nan     0.1000    0.0054
     5        1.1394            -nan     0.1000    0.0059
     6        1.1264            -nan     0.1000    0.0046
     7        1.1153            -nan     0.1000    0.0025
     8        1.1072            -nan     0.1000    0.0029
     9        1.0984            -nan     0.1000    0.0018
    10        1.0926            -nan     0.1000    0.0013
    20        1.0278            -nan     0.1000    0.0002
    40        0.9356            -nan     0.1000    0.0012
    60        0.8822            -nan     0.1000    0.0009
    80        0.8336            -nan     0.1000   -0.0004
   100        0.7997            -nan     0.1000   -0.0009
   120        0.7684            -nan     0.1000   -0.0003
   140        0.7447            -nan     0.1000   -0.0009
   150        0.7341            -nan     0.1000   -0.0002

Iter   TrainDeviance   ValidDeviance   StepSize   Improve
     1        1.1920            -nan     0.1000    0.0139
     2        1.1726            -nan     0.1000    0.0081
     3        1.1533            -nan     0.1000    0.0093
     4        1.1356            -nan     0.1000    0.0088
     5        1.1195            -nan     0.1000    0.0062
     6        1.1040            -nan     0.1000    0.0065
     7        1.0944            -nan     0.1000    0.0023
     8        1.0823            -nan     0.1000    0.0045
     9        1.0733            -nan     0.1000    0.0016
    10        1.0649            -nan     0.1000    0.0014
    20        0.9766            -nan     0.1000    0.0002
    40        0.8720            -nan     0.1000   -0.0002
    60        0.7980            -nan     0.1000   -0.0002
    80        0.7419            -nan     0.1000   -0.0010
   100        0.6968            -nan     0.1000   -0.0004
   120        0.6627            -nan     0.1000   -0.0002
   140        0.6295            -nan     0.1000    0.0001
   150        0.6146            -nan     0.1000   -0.0005

Iter   TrainDeviance   ValidDeviance   StepSize   Improve
     1        1.2122            -nan     0.1000    0.0091
     2        1.1957            -nan     0.1000    0.0071
     3        1.1839            -nan     0.1000    0.0059
     4        1.1745            -nan     0.1000    0.0034
     5        1.1673            -nan     0.1000    0.0028
     6        1.1577            -nan     0.1000    0.0048
     7        1.1506            -nan     0.1000    0.0018
     8        1.1408            -nan     0.1000    0.0036
     9        1.1356            -nan     0.1000    0.0022
    10        1.1283            -nan     0.1000    0.0027
    20        1.0800            -nan     0.1000    0.0017
    40        1.0218            -nan     0.1000   -0.0004
    60        0.9868            -nan     0.1000    0.0000
    80        0.9569            -nan     0.1000    0.0002
   100        0.9350            -nan     0.1000   -0.0008
   120        0.9154            -nan     0.1000   -0.0003
   140        0.9005            -nan     0.1000   -0.0001
   150        0.8944            -nan     0.1000   -0.0007

Iter   TrainDeviance   ValidDeviance   StepSize   Improve
     1        1.2033            -nan     0.1000    0.0128
     2        1.1811            -nan     0.1000    0.0083
     3        1.1615            -nan     0.1000    0.0078
     4        1.1464            -nan     0.1000    0.0067
     5        1.1325            -nan     0.1000    0.0064
     6        1.1197            -nan     0.1000    0.0030
     7        1.1113            -nan     0.1000    0.0020
     8        1.1032            -nan     0.1000    0.0025
     9        1.0942            -nan     0.1000    0.0042
    10        1.0846            -nan     0.1000    0.0034
    20        1.0161            -nan     0.1000    0.0021
    40        0.9424            -nan     0.1000   -0.0002
    60        0.8957            -nan     0.1000    0.0001
    80        0.8496            -nan     0.1000   -0.0004
   100        0.8117            -nan     0.1000   -0.0008
   120        0.7818            -nan     0.1000   -0.0011
   140        0.7562            -nan     0.1000   -0.0003
   150        0.7473            -nan     0.1000    0.0000

Iter   TrainDeviance   ValidDeviance   StepSize   Improve
     1        1.2006            -nan     0.1000    0.0128
     2        1.1806            -nan     0.1000    0.0069
     3        1.1568            -nan     0.1000    0.0109
     4        1.1379            -nan     0.1000    0.0082
     5        1.1223            -nan     0.1000    0.0059
     6        1.1062            -nan     0.1000    0.0079
     7        1.0958            -nan     0.1000    0.0046
     8        1.0844            -nan     0.1000    0.0045
     9        1.0704            -nan     0.1000    0.0053
    10        1.0584            -nan     0.1000    0.0042
    20        0.9823            -nan     0.1000    0.0000
    40        0.8820            -nan     0.1000    0.0008
    60        0.8149            -nan     0.1000    0.0007
    80        0.7627            -nan     0.1000    0.0014
   100        0.7160            -nan     0.1000   -0.0001
   120        0.6826            -nan     0.1000   -0.0011
   140        0.6525            -nan     0.1000   -0.0003
   150        0.6391            -nan     0.1000   -0.0016

Iter   TrainDeviance   ValidDeviance   StepSize   Improve
     1        1.2253            -nan     0.1000    0.0113
     2        1.2051            -nan     0.1000    0.0086
     3        1.1905            -nan     0.1000    0.0074
     4        1.1803            -nan     0.1000    0.0046
     5        1.1677            -nan     0.1000    0.0059
     6        1.1568            -nan     0.1000    0.0049
     7        1.1492            -nan     0.1000    0.0030
     8        1.1426            -nan     0.1000    0.0023
     9        1.1391            -nan     0.1000    0.0001
    10        1.1313            -nan     0.1000    0.0021
    20        1.0734            -nan     0.1000    0.0006
    40        1.0148            -nan     0.1000   -0.0004
    60        0.9793            -nan     0.1000    0.0003
    80        0.9509            -nan     0.1000   -0.0003
   100        0.9290            -nan     0.1000   -0.0003
   120        0.9122            -nan     0.1000   -0.0003
   140        0.8986            -nan     0.1000   -0.0002
   150        0.8929            -nan     0.1000   -0.0005

Iter   TrainDeviance   ValidDeviance   StepSize   Improve
     1        1.2180            -nan     0.1000    0.0135
     2        1.1908            -nan     0.1000    0.0121
     3        1.1726            -nan     0.1000    0.0088
     4        1.1547            -nan     0.1000    0.0086
     5        1.1417            -nan     0.1000    0.0059
     6        1.1274            -nan     0.1000    0.0061
     7        1.1130            -nan     0.1000    0.0046
     8        1.1015            -nan     0.1000    0.0047
     9        1.0915            -nan     0.1000    0.0036
    10        1.0835            -nan     0.1000    0.0029
    20        1.0168            -nan     0.1000    0.0007
    40        0.9390            -nan     0.1000    0.0004
    60        0.8859            -nan     0.1000    0.0001
    80        0.8457            -nan     0.1000    0.0007
   100        0.8096            -nan     0.1000   -0.0005
   120        0.7775            -nan     0.1000   -0.0026
   140        0.7498            -nan     0.1000   -0.0011
   150        0.7353            -nan     0.1000   -0.0008

Iter   TrainDeviance   ValidDeviance   StepSize   Improve
     1        1.2145            -nan     0.1000    0.0172
     2        1.1893            -nan     0.1000    0.0117
     3        1.1620            -nan     0.1000    0.0114
     4        1.1408            -nan     0.1000    0.0109
     5        1.1259            -nan     0.1000    0.0063
     6        1.1088            -nan     0.1000    0.0062
     7        1.0908            -nan     0.1000    0.0068
     8        1.0766            -nan     0.1000    0.0059
     9        1.0635            -nan     0.1000    0.0044
    10        1.0505            -nan     0.1000    0.0049
    20        0.9701            -nan     0.1000    0.0013
    40        0.8685            -nan     0.1000    0.0013
    60        0.8007            -nan     0.1000   -0.0002
    80        0.7462            -nan     0.1000    0.0001
   100        0.7038            -nan     0.1000    0.0007
   120        0.6613            -nan     0.1000   -0.0009
   140        0.6251            -nan     0.1000   -0.0009
   150        0.6078            -nan     0.1000   -0.0003

Iter   TrainDeviance   ValidDeviance   StepSize   Improve
     1        1.2309            -nan     0.1000    0.0126
     2        1.2118            -nan     0.1000    0.0103
     3        1.1935            -nan     0.1000    0.0086
     4        1.1811            -nan     0.1000    0.0069
     5        1.1684            -nan     0.1000    0.0056
     6        1.1552            -nan     0.1000    0.0060
     7        1.1453            -nan     0.1000    0.0051
     8        1.1365            -nan     0.1000    0.0038
     9        1.1273            -nan     0.1000    0.0038
    10        1.1180            -nan     0.1000    0.0034
    20        1.0654            -nan     0.1000    0.0011
    40        0.9949            -nan     0.1000    0.0002
    60        0.9488            -nan     0.1000    0.0007
    80        0.9161            -nan     0.1000    0.0006
   100        0.8888            -nan     0.1000   -0.0008
   120        0.8687            -nan     0.1000   -0.0002
   140        0.8537            -nan     0.1000   -0.0003
   150        0.8457            -nan     0.1000   -0.0005

Iter   TrainDeviance   ValidDeviance   StepSize   Improve
     1        1.2187            -nan     0.1000    0.0179
     2        1.1902            -nan     0.1000    0.0139
     3        1.1663            -nan     0.1000    0.0117
     4        1.1481            -nan     0.1000    0.0097
     5        1.1331            -nan     0.1000    0.0076
     6        1.1236            -nan     0.1000    0.0031
     7        1.1076            -nan     0.1000    0.0069
     8        1.0945            -nan     0.1000    0.0058
     9        1.0825            -nan     0.1000    0.0052
    10        1.0724            -nan     0.1000    0.0045
    20        0.9990            -nan     0.1000    0.0013
    40        0.9009            -nan     0.1000    0.0005
    60        0.8386            -nan     0.1000   -0.0003
    80        0.7957            -nan     0.1000   -0.0000
   100        0.7616            -nan     0.1000   -0.0004
   120        0.7331            -nan     0.1000   -0.0011
   140        0.7068            -nan     0.1000   -0.0006
   150        0.6918            -nan     0.1000    0.0000

Iter   TrainDeviance   ValidDeviance   StepSize   Improve
     1        1.2117            -nan     0.1000    0.0191
     2        1.1788            -nan     0.1000    0.0156
     3        1.1445            -nan     0.1000    0.0116
     4        1.1208            -nan     0.1000    0.0097
     5        1.1002            -nan     0.1000    0.0089
     6        1.0821            -nan     0.1000    0.0081
     7        1.0656            -nan     0.1000    0.0059
     8        1.0500            -nan     0.1000    0.0048
     9        1.0364            -nan     0.1000    0.0058
    10        1.0272            -nan     0.1000    0.0034
    20        0.9314            -nan     0.1000    0.0005
    40        0.8247            -nan     0.1000    0.0019
    60        0.7545            -nan     0.1000    0.0004
    80        0.7018            -nan     0.1000    0.0000
   100        0.6605            -nan     0.1000   -0.0005
   120        0.6233            -nan     0.1000   -0.0001
   140        0.5846            -nan     0.1000   -0.0003
   150        0.5673            -nan     0.1000    0.0001

Iter   TrainDeviance   ValidDeviance   StepSize   Improve
     1        1.1910            -nan     0.1000    0.0101
     2        1.1763            -nan     0.1000    0.0080
     3        1.1629            -nan     0.1000    0.0067
     4        1.1539            -nan     0.1000    0.0043
     5        1.1469            -nan     0.1000    0.0031
     6        1.1368            -nan     0.1000    0.0054
     7        1.1278            -nan     0.1000    0.0034
     8        1.1173            -nan     0.1000    0.0043
     9        1.1090            -nan     0.1000    0.0030
    10        1.1020            -nan     0.1000    0.0015
    20        1.0526            -nan     0.1000    0.0001
    40        0.9868            -nan     0.1000   -0.0005
    60        0.9473            -nan     0.1000   -0.0008
    80        0.9138            -nan     0.1000   -0.0004
   100        0.8877            -nan     0.1000   -0.0000
   120        0.8683            -nan     0.1000   -0.0003
   140        0.8523            -nan     0.1000    0.0004
   150        0.8458            -nan     0.1000   -0.0003

Iter   TrainDeviance   ValidDeviance   StepSize   Improve
     1        1.1805            -nan     0.1000    0.0149
     2        1.1536            -nan     0.1000    0.0113
     3        1.1353            -nan     0.1000    0.0091
     4        1.1230            -nan     0.1000    0.0027
     5        1.1057            -nan     0.1000    0.0063
     6        1.0944            -nan     0.1000    0.0051
     7        1.0831            -nan     0.1000    0.0049
     8        1.0732            -nan     0.1000    0.0029
     9        1.0632            -nan     0.1000    0.0026
    10        1.0542            -nan     0.1000    0.0026
    20        0.9843            -nan     0.1000    0.0018
    40        0.8983            -nan     0.1000   -0.0007
    60        0.8493            -nan     0.1000   -0.0006
    80        0.8062            -nan     0.1000    0.0001
   100        0.7706            -nan     0.1000    0.0000
   120        0.7444            -nan     0.1000   -0.0005
   140        0.7147            -nan     0.1000   -0.0009
   150        0.7027            -nan     0.1000   -0.0008

Iter   TrainDeviance   ValidDeviance   StepSize   Improve
     1        1.1772            -nan     0.1000    0.0161
     2        1.1508            -nan     0.1000    0.0125
     3        1.1320            -nan     0.1000    0.0046
     4        1.1086            -nan     0.1000    0.0084
     5        1.0904            -nan     0.1000    0.0062
     6        1.0755            -nan     0.1000    0.0050
     7        1.0612            -nan     0.1000    0.0052
     8        1.0471            -nan     0.1000    0.0050
     9        1.0382            -nan     0.1000    0.0018
    10        1.0250            -nan     0.1000    0.0051
    20        0.9422            -nan     0.1000    0.0009
    40        0.8354            -nan     0.1000    0.0002
    60        0.7657            -nan     0.1000    0.0003
    80        0.7131            -nan     0.1000   -0.0006
   100        0.6748            -nan     0.1000   -0.0014
   120        0.6358            -nan     0.1000   -0.0006
   140        0.6044            -nan     0.1000   -0.0008
   150        0.5884            -nan     0.1000   -0.0010

Iter   TrainDeviance   ValidDeviance   StepSize   Improve
     1        1.1923            -nan     0.1000    0.0104
     2        1.1723            -nan     0.1000    0.0081
     3        1.1581            -nan     0.1000    0.0069
     4        1.1523            -nan     0.1000    0.0007
     5        1.1398            -nan     0.1000    0.0052
     6        1.1323            -nan     0.1000    0.0022
     7        1.1262            -nan     0.1000    0.0021
     8        1.1208            -nan     0.1000    0.0020
     9        1.1125            -nan     0.1000    0.0042
    10        1.1032            -nan     0.1000    0.0030
    20        1.0611            -nan     0.1000    0.0011
    40        1.0064            -nan     0.1000    0.0005
    60        0.9724            -nan     0.1000   -0.0003
    80        0.9482            -nan     0.1000    0.0001
   100        0.9256            -nan     0.1000    0.0003
   120        0.9091            -nan     0.1000   -0.0004
   140        0.8921            -nan     0.1000   -0.0006
   150        0.8872            -nan     0.1000   -0.0003

Iter   TrainDeviance   ValidDeviance   StepSize   Improve
     1        1.1857            -nan     0.1000    0.0131
     2        1.1663            -nan     0.1000    0.0098
     3        1.1463            -nan     0.1000    0.0099
     4        1.1301            -nan     0.1000    0.0072
     5        1.1140            -nan     0.1000    0.0054
     6        1.1025            -nan     0.1000    0.0047
     7        1.0919            -nan     0.1000    0.0038
     8        1.0853            -nan     0.1000    0.0023
     9        1.0763            -nan     0.1000    0.0037
    10        1.0683            -nan     0.1000    0.0016
    20        1.0067            -nan     0.1000    0.0009
    40        0.9286            -nan     0.1000    0.0001
    60        0.8761            -nan     0.1000   -0.0004
    80        0.8408            -nan     0.1000   -0.0006
   100        0.8007            -nan     0.1000    0.0000
   120        0.7673            -nan     0.1000   -0.0008
   140        0.7328            -nan     0.1000   -0.0009
   150        0.7209            -nan     0.1000   -0.0003

Iter   TrainDeviance   ValidDeviance   StepSize   Improve
     1        1.1857            -nan     0.1000    0.0121
     2        1.1644            -nan     0.1000    0.0096
     3        1.1402            -nan     0.1000    0.0088
     4        1.1235            -nan     0.1000    0.0072
     5        1.1045            -nan     0.1000    0.0089
     6        1.0914            -nan     0.1000    0.0052
     7        1.0755            -nan     0.1000    0.0084
     8        1.0589            -nan     0.1000    0.0060
     9        1.0495            -nan     0.1000    0.0012
    10        1.0420            -nan     0.1000    0.0009
    20        0.9622            -nan     0.1000   -0.0004
    40        0.8694            -nan     0.1000   -0.0007
    60        0.8034            -nan     0.1000   -0.0003
    80        0.7475            -nan     0.1000   -0.0004
   100        0.6986            -nan     0.1000   -0.0011
   120        0.6574            -nan     0.1000   -0.0001
   140        0.6228            -nan     0.1000    0.0002
   150        0.6064            -nan     0.1000   -0.0002

Iter   TrainDeviance   ValidDeviance   StepSize   Improve
     1        1.2570            -nan     0.1000    0.0107
     2        1.2411            -nan     0.1000    0.0089
     3        1.2256            -nan     0.1000    0.0072
     4        1.2129            -nan     0.1000    0.0060
     5        1.2072            -nan     0.1000    0.0023
     6        1.1979            -nan     0.1000    0.0051
     7        1.1924            -nan     0.1000   -0.0001
     8        1.1832            -nan     0.1000    0.0041
     9        1.1760            -nan     0.1000    0.0032
    10        1.1698            -nan     0.1000    0.0025
    20        1.1280            -nan     0.1000    0.0006
    40        1.0785            -nan     0.1000    0.0005
    60        1.0466            -nan     0.1000    0.0003
    80        1.0210            -nan     0.1000   -0.0004
   100        0.9985            -nan     0.1000   -0.0005
   120        0.9802            -nan     0.1000   -0.0010
   140        0.9636            -nan     0.1000   -0.0015
   150        0.9583            -nan     0.1000   -0.0009

Iter   TrainDeviance   ValidDeviance   StepSize   Improve
     1        1.2528            -nan     0.1000    0.0115
     2        1.2328            -nan     0.1000    0.0105
     3        1.2148            -nan     0.1000    0.0091
     4        1.2012            -nan     0.1000    0.0046
     5        1.1857            -nan     0.1000    0.0073
     6        1.1732            -nan     0.1000    0.0057
     7        1.1613            -nan     0.1000    0.0048
     8        1.1524            -nan     0.1000    0.0036
     9        1.1448            -nan     0.1000    0.0024
    10        1.1362            -nan     0.1000    0.0025
    20        1.0727            -nan     0.1000    0.0005
    40        0.9971            -nan     0.1000    0.0000
    60        0.9419            -nan     0.1000   -0.0012
    80        0.9007            -nan     0.1000    0.0002
   100        0.8697            -nan     0.1000   -0.0004
   120        0.8353            -nan     0.1000   -0.0009
   140        0.8039            -nan     0.1000   -0.0010
   150        0.7948            -nan     0.1000    0.0004

Iter   TrainDeviance   ValidDeviance   StepSize   Improve
     1        1.2505            -nan     0.1000    0.0119
     2        1.2279            -nan     0.1000    0.0087
     3        1.2033            -nan     0.1000    0.0113
     4        1.1855            -nan     0.1000    0.0078
     5        1.1694            -nan     0.1000    0.0058
     6        1.1584            -nan     0.1000    0.0022
     7        1.1425            -nan     0.1000    0.0068
     8        1.1308            -nan     0.1000    0.0031
     9        1.1225            -nan     0.1000    0.0024
    10        1.1151            -nan     0.1000    0.0008
    20        1.0343            -nan     0.1000    0.0018
    40        0.9221            -nan     0.1000   -0.0002
    60        0.8547            -nan     0.1000    0.0006
    80        0.7954            -nan     0.1000   -0.0002
   100        0.7473            -nan     0.1000    0.0003
   120        0.7075            -nan     0.1000   -0.0010
   140        0.6681            -nan     0.1000   -0.0012
   150        0.6498            -nan     0.1000   -0.0017

Iter   TrainDeviance   ValidDeviance   StepSize   Improve
     1        1.1908            -nan     0.1000    0.0072
     2        1.1776            -nan     0.1000    0.0067
     3        1.1652            -nan     0.1000    0.0060
     4        1.1537            -nan     0.1000    0.0055
     5        1.1415            -nan     0.1000    0.0053
     6        1.1311            -nan     0.1000    0.0038
     7        1.1222            -nan     0.1000    0.0015
     8        1.1121            -nan     0.1000    0.0030
     9        1.1054            -nan     0.1000    0.0020
    10        1.0954            -nan     0.1000    0.0032
    20        1.0356            -nan     0.1000    0.0005
    40        0.9654            -nan     0.1000    0.0001
    60        0.9226            -nan     0.1000   -0.0002
    80        0.8889            -nan     0.1000   -0.0005
   100        0.8639            -nan     0.1000   -0.0007
   120        0.8425            -nan     0.1000   -0.0005
   140        0.8258            -nan     0.1000   -0.0002
   150        0.8190            -nan     0.1000   -0.0005

Iter   TrainDeviance   ValidDeviance   StepSize   Improve
     1        1.1773            -nan     0.1000    0.0163
     2        1.1507            -nan     0.1000    0.0110
     3        1.1327            -nan     0.1000    0.0071
     4        1.1222            -nan     0.1000    0.0016
     5        1.1053            -nan     0.1000    0.0058
     6        1.0906            -nan     0.1000    0.0057
     7        1.0767            -nan     0.1000    0.0064
     8        1.0687            -nan     0.1000    0.0011
     9        1.0598            -nan     0.1000    0.0022
    10        1.0527            -nan     0.1000    0.0012
    20        0.9695            -nan     0.1000    0.0002
    40        0.8825            -nan     0.1000    0.0011
    60        0.8283            -nan     0.1000    0.0004
    80        0.7838            -nan     0.1000   -0.0003
   100        0.7472            -nan     0.1000   -0.0005
   120        0.7227            -nan     0.1000   -0.0010
   140        0.6977            -nan     0.1000   -0.0010
   150        0.6858            -nan     0.1000   -0.0001

Iter   TrainDeviance   ValidDeviance   StepSize   Improve
     1        1.1739            -nan     0.1000    0.0163
     2        1.1472            -nan     0.1000    0.0142
     3        1.1164            -nan     0.1000    0.0108
     4        1.0933            -nan     0.1000    0.0079
     5        1.0757            -nan     0.1000    0.0087
     6        1.0582            -nan     0.1000    0.0074
     7        1.0453            -nan     0.1000    0.0034
     8        1.0338            -nan     0.1000    0.0036
     9        1.0218            -nan     0.1000    0.0035
    10        1.0112            -nan     0.1000    0.0039
    20        0.9255            -nan     0.1000    0.0012
    40        0.8236            -nan     0.1000   -0.0003
    60        0.7569            -nan     0.1000    0.0004
    80        0.7054            -nan     0.1000   -0.0016
   100        0.6647            -nan     0.1000   -0.0001
   120        0.6308            -nan     0.1000    0.0000
   140        0.5964            -nan     0.1000   -0.0001
   150        0.5839            -nan     0.1000   -0.0014

Iter   TrainDeviance   ValidDeviance   StepSize   Improve
     1        1.1914            -nan     0.1000    0.0105
     2        1.1749            -nan     0.1000    0.0086
     3        1.1600            -nan     0.1000    0.0073
     4        1.1524            -nan     0.1000    0.0030
     5        1.1414            -nan     0.1000    0.0060
     6        1.1312            -nan     0.1000    0.0051
     7        1.1231            -nan     0.1000    0.0037
     8        1.1136            -nan     0.1000    0.0041
     9        1.1082            -nan     0.1000    0.0017
    10        1.1033            -nan     0.1000    0.0015
    20        1.0519            -nan     0.1000    0.0007
    40        0.9961            -nan     0.1000    0.0005
    60        0.9607            -nan     0.1000   -0.0012
    80        0.9370            -nan     0.1000   -0.0003
   100        0.9159            -nan     0.1000   -0.0003
   120        0.8998            -nan     0.1000   -0.0002
   140        0.8860            -nan     0.1000   -0.0007
   150        0.8817            -nan     0.1000   -0.0009

Iter   TrainDeviance   ValidDeviance   StepSize   Improve
     1        1.1874            -nan     0.1000    0.0129
     2        1.1637            -nan     0.1000    0.0111
     3        1.1445            -nan     0.1000    0.0083
     4        1.1276            -nan     0.1000    0.0092
     5        1.1137            -nan     0.1000    0.0060
     6        1.0993            -nan     0.1000    0.0064
     7        1.0863            -nan     0.1000    0.0059
     8        1.0735            -nan     0.1000    0.0050
     9        1.0678            -nan     0.1000   -0.0000
    10        1.0570            -nan     0.1000    0.0044
    20        0.9935            -nan     0.1000    0.0020
    40        0.9182            -nan     0.1000    0.0007
    60        0.8655            -nan     0.1000    0.0003
    80        0.8249            -nan     0.1000   -0.0001
   100        0.7878            -nan     0.1000   -0.0005
   120        0.7623            -nan     0.1000    0.0003
   140        0.7398            -nan     0.1000   -0.0009
   150        0.7283            -nan     0.1000   -0.0010

Iter   TrainDeviance   ValidDeviance   StepSize   Improve
     1        1.1814            -nan     0.1000    0.0142
     2        1.1519            -nan     0.1000    0.0130
     3        1.1286            -nan     0.1000    0.0094
     4        1.1080            -nan     0.1000    0.0085
     5        1.0891            -nan     0.1000    0.0062
     6        1.0755            -nan     0.1000    0.0052
     7        1.0625            -nan     0.1000    0.0049
     8        1.0520            -nan     0.1000    0.0037
     9        1.0404            -nan     0.1000    0.0034
    10        1.0295            -nan     0.1000    0.0032
    20        0.9464            -nan     0.1000    0.0025
    40        0.8515            -nan     0.1000    0.0006
    60        0.7898            -nan     0.1000   -0.0005
    80        0.7380            -nan     0.1000    0.0001
   100        0.7005            -nan     0.1000   -0.0007
   120        0.6667            -nan     0.1000   -0.0006
   140        0.6343            -nan     0.1000   -0.0002
   150        0.6177            -nan     0.1000   -0.0006

Iter   TrainDeviance   ValidDeviance   StepSize   Improve
     1        1.1700            -nan     0.1000    0.0099
     2        1.1537            -nan     0.1000    0.0084
     3        1.1399            -nan     0.1000    0.0069
     4        1.1272            -nan     0.1000    0.0051
     5        1.1163            -nan     0.1000    0.0041
     6        1.1076            -nan     0.1000    0.0023
     7        1.1010            -nan     0.1000    0.0019
     8        1.0904            -nan     0.1000    0.0038
     9        1.0859            -nan     0.1000    0.0009
    10        1.0789            -nan     0.1000    0.0034
    20        1.0383            -nan     0.1000    0.0024
    40        0.9844            -nan     0.1000    0.0008
    60        0.9489            -nan     0.1000    0.0003
    80        0.9201            -nan     0.1000    0.0000
   100        0.8985            -nan     0.1000   -0.0009
   120        0.8775            -nan     0.1000   -0.0004
   140        0.8634            -nan     0.1000   -0.0006
   150        0.8557            -nan     0.1000   -0.0007

Iter   TrainDeviance   ValidDeviance   StepSize   Improve
     1        1.1631            -nan     0.1000    0.0134
     2        1.1400            -nan     0.1000    0.0110
     3        1.1239            -nan     0.1000    0.0090
     4        1.1073            -nan     0.1000    0.0087
     5        1.0916            -nan     0.1000    0.0069
     6        1.0770            -nan     0.1000    0.0055
     7        1.0691            -nan     0.1000    0.0033
     8        1.0602            -nan     0.1000    0.0038
     9        1.0539            -nan     0.1000    0.0010
    10        1.0455            -nan     0.1000    0.0033
    20        0.9854            -nan     0.1000    0.0012
    40        0.9114            -nan     0.1000    0.0001
    60        0.8585            -nan     0.1000   -0.0015
    80        0.8083            -nan     0.1000   -0.0002
   100        0.7743            -nan     0.1000   -0.0010
   120        0.7478            -nan     0.1000    0.0002
   140        0.7192            -nan     0.1000   -0.0004
   150        0.7068            -nan     0.1000   -0.0007

Iter   TrainDeviance   ValidDeviance   StepSize   Improve
     1        1.1594            -nan     0.1000    0.0140
     2        1.1307            -nan     0.1000    0.0118
     3        1.1071            -nan     0.1000    0.0111
     4        1.0859            -nan     0.1000    0.0067
     5        1.0741            -nan     0.1000    0.0042
     6        1.0568            -nan     0.1000    0.0067
     7        1.0446            -nan     0.1000    0.0037
     8        1.0334            -nan     0.1000    0.0040
     9        1.0231            -nan     0.1000    0.0021
    10        1.0124            -nan     0.1000    0.0033
    20        0.9347            -nan     0.1000    0.0000
    40        0.8450            -nan     0.1000   -0.0000
    60        0.7750            -nan     0.1000   -0.0011
    80        0.7240            -nan     0.1000   -0.0001
   100        0.6799            -nan     0.1000   -0.0003
   120        0.6423            -nan     0.1000   -0.0002
   140        0.6061            -nan     0.1000   -0.0010
   150        0.5917            -nan     0.1000   -0.0004

Iter   TrainDeviance   ValidDeviance   StepSize   Improve
     1        1.1916            -nan     0.1000    0.0120
     2        1.1704            -nan     0.1000    0.0081
     3        1.1499            -nan     0.1000    0.0087
     4        1.1335            -nan     0.1000    0.0076
     5        1.1180            -nan     0.1000    0.0054
     6        1.1062            -nan     0.1000    0.0022
     7        1.0966            -nan     0.1000    0.0024
     8        1.0867            -nan     0.1000    0.0036
     9        1.0789            -nan     0.1000    0.0022
    10        1.0694            -nan     0.1000    0.0027
    20        1.0003            -nan     0.1000   -0.0003
    40        0.9245            -nan     0.1000   -0.0001
    60        0.8793            -nan     0.1000   -0.0017
    80        0.8416            -nan     0.1000   -0.0022
   100        0.8065            -nan     0.1000   -0.0011
   120        0.7768            -nan     0.1000   -0.0010
   140        0.7516            -nan     0.1000   -0.0012
   150        0.7375            -nan     0.1000   -0.0015

TRAINING SUCCESSFUL
The most important attribute: checking_status (for technique: gbm)
________________
Dataset: credit-g 
Technique: gcvEarth 
Probability table:

good  bad 
 0.7  0.3 
BEGIN TRAINING
TRAINING SUCCESSFUL
The most important attribute: checking_status (for technique: gcvEarth)
________________
Dataset: credit-g 
Technique: JRip 
Probability table:

good  bad 
 0.7  0.3 
BEGIN TRAINING
TRAINING SUCCESSFUL
The most important attribute: duration (for technique: JRip)
________________
Dataset: credit-g 
Technique: lvq 
Probability table:

good  bad 
 0.7  0.3 
BEGIN TRAINING
TRAINING SUCCESSFUL
The most important attribute: duration (for technique: lvq)
________________
Dataset: credit-g 
Technique: mlpML 
Probability table:

good  bad 
 0.7  0.3 
BEGIN TRAINING
TRAINING SUCCESSFUL
The most important attribute: checking_status (for technique: mlpML)
________________
Dataset: credit-g 
Technique: multinom 
Probability table:

good  bad 
 0.7  0.3 
BEGIN TRAINING
# weights:  52 (51 variable)
initial  value 693.147181 
iter  10 value 469.493177
iter  20 value 449.080161
iter  30 value 447.953773
iter  40 value 447.909328
final  value 447.908912 
converged
TRAINING SUCCESSFUL
The most important attribute: checking_status (for technique: multinom)
________________
Dataset: credit-g 
Technique: naive_bayes 
Probability table:

good  bad 
 0.7  0.3 
BEGIN TRAINING
TRAINING SUCCESSFUL
The most important attribute: checking_status (for technique: naive_bayes)
________________
Dataset: credit-g 
Technique: PART 
Probability table:

good  bad 
 0.7  0.3 
BEGIN TRAINING
TRAINING SUCCESSFUL
The most important attribute: checking_status (for technique: PART)
________________
Dataset: credit-g 
Technique: rbfDDA 
Probability table:

good  bad 
 0.7  0.3 
BEGIN TRAINING
TRAINING SUCCESSFUL
The most important attribute: credit_amount (for technique: rbfDDA)
________________
Dataset: credit-g 
Technique: rda 
Probability table:

good  bad 
 0.7  0.3 
BEGIN TRAINING
TRAINING SUCCESSFUL
The most important attribute: checking_status (for technique: rda)
________________
Dataset: credit-g 
Technique: rf 
Probability table:

good  bad 
 0.7  0.3 
BEGIN TRAINING
TRAINING SUCCESSFUL
The most important attribute: checking_status (for technique: rf)
________________
Dataset: credit-g 
Technique: rpart 
Probability table:

good  bad 
 0.7  0.3 
BEGIN TRAINING
TRAINING SUCCESSFUL
The most important attribute: checking_status (for technique: rpart)
________________
Dataset: credit-g 
Technique: simpls 
Probability table:

good  bad 
 0.7  0.3 
BEGIN TRAINING
TRAINING SUCCESSFUL
The most important attribute: checking_status (for technique: simpls)
________________
Dataset: credit-g 
Technique: svmLinear 
Probability table:

good  bad 
 0.7  0.3 
BEGIN TRAINING
TRAINING SUCCESSFUL
The most important attribute: checking_status (for technique: svmLinear)
________________
Dataset: credit-g 
Technique: svmRadial 
Probability table:

good  bad 
 0.7  0.3 
BEGIN TRAINING
TRAINING SUCCESSFUL
The most important attribute: duration (for technique: svmRadial)
________________
Dataset: credit-g 
Technique: rfRules 
Probability table:

good  bad 
 0.7  0.3 
BEGIN TRAINING
Registered S3 method overwritten by 'RRF':
  method      from        
  plot.margin randomForest
1957 rules (length<=2) were extracted from the first 500 trees.
3885 rules (length<=3) were extracted from the first 500 trees.
7580 rules (length<=4) were extracted from the first 500 trees.
1969 rules (length<=2) were extracted from the first 500 trees.
3891 rules (length<=3) were extracted from the first 500 trees.
7230 rules (length<=4) were extracted from the first 500 trees.
1977 rules (length<=2) were extracted from the first 500 trees.
3950 rules (length<=3) were extracted from the first 500 trees.
7289 rules (length<=4) were extracted from the first 500 trees.
1974 rules (length<=2) were extracted from the first 500 trees.
3926 rules (length<=3) were extracted from the first 500 trees.
7268 rules (length<=4) were extracted from the first 500 trees.
1982 rules (length<=2) were extracted from the first 500 trees.
3959 rules (length<=3) were extracted from the first 500 trees.
7350 rules (length<=4) were extracted from the first 500 trees.
1980 rules (length<=2) were extracted from the first 500 trees.
3938 rules (length<=3) were extracted from the first 500 trees.
7239 rules (length<=4) were extracted from the first 500 trees.
1983 rules (length<=2) were extracted from the first 500 trees.
3896 rules (length<=3) were extracted from the first 500 trees.
7182 rules (length<=4) were extracted from the first 500 trees.
1980 rules (length<=2) were extracted from the first 500 trees.
3974 rules (length<=3) were extracted from the first 500 trees.
7545 rules (length<=4) were extracted from the first 500 trees.
1966 rules (length<=2) were extracted from the first 500 trees.
3936 rules (length<=3) were extracted from the first 500 trees.
7294 rules (length<=4) were extracted from the first 500 trees.
1969 rules (length<=2) were extracted from the first 500 trees.
3909 rules (length<=3) were extracted from the first 500 trees.
7183 rules (length<=4) were extracted from the first 500 trees.
1982 rules (length<=2) were extracted from the first 500 trees.
3975 rules (length<=3) were extracted from the first 500 trees.
7520 rules (length<=4) were extracted from the first 500 trees.
1980 rules (length<=2) were extracted from the first 500 trees.
3974 rules (length<=3) were extracted from the first 500 trees.
7558 rules (length<=4) were extracted from the first 500 trees.
1971 rules (length<=2) were extracted from the first 500 trees.
3954 rules (length<=3) were extracted from the first 500 trees.
7488 rules (length<=4) were extracted from the first 500 trees.
1969 rules (length<=2) were extracted from the first 500 trees.
3941 rules (length<=3) were extracted from the first 500 trees.
7159 rules (length<=4) were extracted from the first 500 trees.
1974 rules (length<=2) were extracted from the first 500 trees.
3963 rules (length<=3) were extracted from the first 500 trees.
7297 rules (length<=4) were extracted from the first 500 trees.
1970 rules (length<=2) were extracted from the first 500 trees.
3936 rules (length<=3) were extracted from the first 500 trees.
7232 rules (length<=4) were extracted from the first 500 trees.
1973 rules (length<=2) were extracted from the first 500 trees.
3965 rules (length<=3) were extracted from the first 500 trees.
7366 rules (length<=4) were extracted from the first 500 trees.
1972 rules (length<=2) were extracted from the first 500 trees.
3928 rules (length<=3) were extracted from the first 500 trees.
7371 rules (length<=4) were extracted from the first 500 trees.
1967 rules (length<=2) were extracted from the first 500 trees.
3919 rules (length<=3) were extracted from the first 500 trees.
7279 rules (length<=4) were extracted from the first 500 trees.
1969 rules (length<=2) were extracted from the first 500 trees.
3963 rules (length<=3) were extracted from the first 500 trees.
7256 rules (length<=4) were extracted from the first 500 trees.
1974 rules (length<=2) were extracted from the first 500 trees.
3935 rules (length<=3) were extracted from the first 500 trees.
7220 rules (length<=4) were extracted from the first 500 trees.
1969 rules (length<=2) were extracted from the first 500 trees.
3937 rules (length<=3) were extracted from the first 500 trees.
7309 rules (length<=4) were extracted from the first 500 trees.
1973 rules (length<=2) were extracted from the first 500 trees.
3954 rules (length<=3) were extracted from the first 500 trees.
7541 rules (length<=4) were extracted from the first 500 trees.
1962 rules (length<=2) were extracted from the first 500 trees.
3883 rules (length<=3) were extracted from the first 500 trees.
7116 rules (length<=4) were extracted from the first 500 trees.
1966 rules (length<=2) were extracted from the first 500 trees.
3912 rules (length<=3) were extracted from the first 500 trees.
7064 rules (length<=4) were extracted from the first 500 trees.
7560 rules (length<=4) were extracted from the first 500 trees.
TRAINING SUCCESSFUL
The most important attribute: checking_status (for technique: rfRules)
________________
Dataset: credit-g 
Technique: knn 
Probability table:

good  bad 
 0.7  0.3 
BEGIN TRAINING
TRAINING SUCCESSFUL
The most important attribute: duration (for technique: knn)
________________
Dataset: credit-g 
Technique: bayesglm 
Probability table:

good  bad 
 0.7  0.3 
BEGIN TRAINING
TRAINING SUCCESSFUL
The most important attribute: checking_status (for technique: bayesglm)
________________
Most important attribute obtained with all techniques
----------------
There were 50 or more warnings (use warnings() to see the first 50)
****************
RESULTS RECORDED
****************
