Current working directory: /home/chris/github/kappa-threshold 
parameters.csv exists: TRUE 
parameters.csv absolute path: /home/chris/github/kappa-threshold/data/files/parameters.csv 
Dataset: diabetes 
Technique: C5.0 
Probability table:

tested_negative tested_positive 
      0.6510417       0.3489583 
BEGIN TRAINING
TRAINING SUCCESSFUL
The most important attribute: plas (for technique: C5.0)
________________
Dataset: diabetes 
Technique: ctree 
Probability table:

tested_negative tested_positive 
      0.6510417       0.3489583 
BEGIN TRAINING
TRAINING SUCCESSFUL
The most important attribute: plas (for technique: ctree)
________________
Dataset: diabetes 
Technique: fda 
Probability table:

tested_negative tested_positive 
      0.6510417       0.3489583 
BEGIN TRAINING
TRAINING SUCCESSFUL
The most important attribute: plas (for technique: fda)
________________
Dataset: diabetes 
Technique: gbm 
Probability table:

tested_negative tested_positive 
      0.6510417       0.3489583 
BEGIN TRAINING
Iter   TrainDeviance   ValidDeviance   StepSize   Improve
     1        1.2331            -nan     0.1000    0.0152
     2        1.2063            -nan     0.1000    0.0132
     3        1.1820            -nan     0.1000    0.0109
     4        1.1610            -nan     0.1000    0.0084
     5        1.1427            -nan     0.1000    0.0062
     6        1.1292            -nan     0.1000    0.0048
     7        1.1115            -nan     0.1000    0.0072
     8        1.0948            -nan     0.1000    0.0053
     9        1.0796            -nan     0.1000    0.0050
    10        1.0670            -nan     0.1000    0.0031
    20        0.9861            -nan     0.1000    0.0008
    40        0.9007            -nan     0.1000    0.0010
    60        0.8537            -nan     0.1000   -0.0005
    80        0.8249            -nan     0.1000   -0.0014
   100        0.8013            -nan     0.1000    0.0000
   120        0.7810            -nan     0.1000   -0.0005
   140        0.7641            -nan     0.1000   -0.0005
   150        0.7570            -nan     0.1000   -0.0008

Iter   TrainDeviance   ValidDeviance   StepSize   Improve
     1        1.2192            -nan     0.1000    0.0217
     2        1.1805            -nan     0.1000    0.0161
     3        1.1502            -nan     0.1000    0.0127
     4        1.1187            -nan     0.1000    0.0142
     5        1.0934            -nan     0.1000    0.0120
     6        1.0694            -nan     0.1000    0.0084
     7        1.0487            -nan     0.1000    0.0090
     8        1.0337            -nan     0.1000    0.0055
     9        1.0179            -nan     0.1000    0.0034
    10        1.0031            -nan     0.1000    0.0043
    20        0.9027            -nan     0.1000    0.0031
    40        0.8044            -nan     0.1000    0.0004
    60        0.7561            -nan     0.1000   -0.0015
    80        0.7185            -nan     0.1000   -0.0013
   100        0.6784            -nan     0.1000   -0.0003
   120        0.6506            -nan     0.1000    0.0003
   140        0.6211            -nan     0.1000   -0.0005
   150        0.6074            -nan     0.1000    0.0000

Iter   TrainDeviance   ValidDeviance   StepSize   Improve
     1        1.2125            -nan     0.1000    0.0240
     2        1.1629            -nan     0.1000    0.0195
     3        1.1257            -nan     0.1000    0.0166
     4        1.0908            -nan     0.1000    0.0163
     5        1.0613            -nan     0.1000    0.0108
     6        1.0404            -nan     0.1000    0.0062
     7        1.0204            -nan     0.1000    0.0073
     8        1.0008            -nan     0.1000    0.0070
     9        0.9801            -nan     0.1000    0.0059
    10        0.9614            -nan     0.1000    0.0053
    20        0.8494            -nan     0.1000    0.0014
    40        0.7435            -nan     0.1000    0.0007
    60        0.6742            -nan     0.1000   -0.0005
    80        0.6238            -nan     0.1000    0.0006
   100        0.5720            -nan     0.1000   -0.0010
   120        0.5322            -nan     0.1000   -0.0000
   140        0.4951            -nan     0.1000   -0.0009
   150        0.4802            -nan     0.1000   -0.0009

Iter   TrainDeviance   ValidDeviance   StepSize   Improve
     1        1.2733            -nan     0.1000    0.0169
     2        1.2413            -nan     0.1000    0.0145
     3        1.2065            -nan     0.1000    0.0141
     4        1.1800            -nan     0.1000    0.0112
     5        1.1569            -nan     0.1000    0.0105
     6        1.1334            -nan     0.1000    0.0106
     7        1.1176            -nan     0.1000    0.0056
     8        1.1009            -nan     0.1000    0.0051
     9        1.0842            -nan     0.1000    0.0055
    10        1.0704            -nan     0.1000    0.0058
    20        0.9579            -nan     0.1000    0.0027
    40        0.8351            -nan     0.1000    0.0016
    60        0.7860            -nan     0.1000   -0.0004
    80        0.7467            -nan     0.1000    0.0003
   100        0.7219            -nan     0.1000   -0.0004
   120        0.7027            -nan     0.1000   -0.0003
   140        0.6843            -nan     0.1000   -0.0012
   150        0.6775            -nan     0.1000   -0.0010

Iter   TrainDeviance   ValidDeviance   StepSize   Improve
     1        1.2564            -nan     0.1000    0.0221
     2        1.2089            -nan     0.1000    0.0194
     3        1.1687            -nan     0.1000    0.0198
     4        1.1300            -nan     0.1000    0.0163
     5        1.1000            -nan     0.1000    0.0140
     6        1.0687            -nan     0.1000    0.0116
     7        1.0399            -nan     0.1000    0.0128
     8        1.0180            -nan     0.1000    0.0097
     9        0.9972            -nan     0.1000    0.0070
    10        0.9772            -nan     0.1000    0.0078
    20        0.8561            -nan     0.1000    0.0013
    40        0.7376            -nan     0.1000    0.0005
    60        0.6732            -nan     0.1000    0.0015
    80        0.6245            -nan     0.1000   -0.0003
   100        0.5931            -nan     0.1000   -0.0008
   120        0.5613            -nan     0.1000   -0.0007
   140        0.5329            -nan     0.1000   -0.0005
   150        0.5231            -nan     0.1000   -0.0007

Iter   TrainDeviance   ValidDeviance   StepSize   Improve
     1        1.2540            -nan     0.1000    0.0276
     2        1.2012            -nan     0.1000    0.0240
     3        1.1584            -nan     0.1000    0.0182
     4        1.1197            -nan     0.1000    0.0172
     5        1.0848            -nan     0.1000    0.0137
     6        1.0518            -nan     0.1000    0.0138
     7        1.0216            -nan     0.1000    0.0119
     8        0.9986            -nan     0.1000    0.0095
     9        0.9741            -nan     0.1000    0.0102
    10        0.9538            -nan     0.1000    0.0067
    20        0.8166            -nan     0.1000    0.0034
    40        0.6810            -nan     0.1000    0.0020
    60        0.6087            -nan     0.1000   -0.0007
    80        0.5519            -nan     0.1000   -0.0009
   100        0.5132            -nan     0.1000   -0.0008
   120        0.4778            -nan     0.1000   -0.0011
   140        0.4446            -nan     0.1000   -0.0004
   150        0.4277            -nan     0.1000   -0.0009

Iter   TrainDeviance   ValidDeviance   StepSize   Improve
     1        1.2516            -nan     0.1000    0.0188
     2        1.2189            -nan     0.1000    0.0136
     3        1.1910            -nan     0.1000    0.0122
     4        1.1687            -nan     0.1000    0.0093
     5        1.1433            -nan     0.1000    0.0109
     6        1.1207            -nan     0.1000    0.0088
     7        1.1024            -nan     0.1000    0.0076
     8        1.0889            -nan     0.1000    0.0060
     9        1.0689            -nan     0.1000    0.0080
    10        1.0547            -nan     0.1000    0.0063
    20        0.9440            -nan     0.1000    0.0009
    40        0.8425            -nan     0.1000   -0.0006
    60        0.7935            -nan     0.1000   -0.0016
    80        0.7587            -nan     0.1000   -0.0003
   100        0.7269            -nan     0.1000   -0.0007
   120        0.7056            -nan     0.1000   -0.0001
   140        0.6896            -nan     0.1000   -0.0006
   150        0.6871            -nan     0.1000   -0.0001

Iter   TrainDeviance   ValidDeviance   StepSize   Improve
     1        1.2389            -nan     0.1000    0.0272
     2        1.1894            -nan     0.1000    0.0216
     3        1.1429            -nan     0.1000    0.0225
     4        1.1094            -nan     0.1000    0.0167
     5        1.0796            -nan     0.1000    0.0140
     6        1.0531            -nan     0.1000    0.0098
     7        1.0261            -nan     0.1000    0.0111
     8        1.0057            -nan     0.1000    0.0097
     9        0.9855            -nan     0.1000    0.0082
    10        0.9691            -nan     0.1000    0.0060
    20        0.8533            -nan     0.1000    0.0022
    40        0.7445            -nan     0.1000    0.0010
    60        0.6822            -nan     0.1000   -0.0001
    80        0.6367            -nan     0.1000   -0.0006
   100        0.5950            -nan     0.1000   -0.0012
   120        0.5686            -nan     0.1000    0.0004
   140        0.5406            -nan     0.1000   -0.0009
   150        0.5312            -nan     0.1000   -0.0013

Iter   TrainDeviance   ValidDeviance   StepSize   Improve
     1        1.2323            -nan     0.1000    0.0252
     2        1.1768            -nan     0.1000    0.0237
     3        1.1271            -nan     0.1000    0.0210
     4        1.0890            -nan     0.1000    0.0189
     5        1.0500            -nan     0.1000    0.0185
     6        1.0165            -nan     0.1000    0.0157
     7        0.9845            -nan     0.1000    0.0132
     8        0.9586            -nan     0.1000    0.0122
     9        0.9352            -nan     0.1000    0.0114
    10        0.9146            -nan     0.1000    0.0082
    20        0.7948            -nan     0.1000    0.0006
    40        0.6766            -nan     0.1000    0.0006
    60        0.6085            -nan     0.1000   -0.0007
    80        0.5468            -nan     0.1000   -0.0011
   100        0.5079            -nan     0.1000   -0.0004
   120        0.4768            -nan     0.1000   -0.0004
   140        0.4447            -nan     0.1000   -0.0009
   150        0.4277            -nan     0.1000   -0.0003

Iter   TrainDeviance   ValidDeviance   StepSize   Improve
     1        1.2523            -nan     0.1000    0.0167
     2        1.2287            -nan     0.1000    0.0106
     3        1.2067            -nan     0.1000    0.0098
     4        1.1909            -nan     0.1000    0.0057
     5        1.1713            -nan     0.1000    0.0080
     6        1.1566            -nan     0.1000    0.0064
     7        1.1425            -nan     0.1000    0.0069
     8        1.1292            -nan     0.1000    0.0063
     9        1.1142            -nan     0.1000    0.0045
    10        1.1028            -nan     0.1000    0.0029
    20        1.0230            -nan     0.1000    0.0013
    40        0.9489            -nan     0.1000    0.0004
    60        0.9105            -nan     0.1000    0.0001
    80        0.8771            -nan     0.1000    0.0001
   100        0.8568            -nan     0.1000   -0.0000
   120        0.8397            -nan     0.1000   -0.0001
   140        0.8260            -nan     0.1000   -0.0007
   150        0.8217            -nan     0.1000   -0.0008

Iter   TrainDeviance   ValidDeviance   StepSize   Improve
     1        1.2531            -nan     0.1000    0.0095
     2        1.2088            -nan     0.1000    0.0197
     3        1.1797            -nan     0.1000    0.0136
     4        1.1553            -nan     0.1000    0.0115
     5        1.1296            -nan     0.1000    0.0112
     6        1.1099            -nan     0.1000    0.0077
     7        1.0900            -nan     0.1000    0.0086
     8        1.0752            -nan     0.1000    0.0047
     9        1.0583            -nan     0.1000    0.0062
    10        1.0409            -nan     0.1000    0.0052
    20        0.9490            -nan     0.1000    0.0026
    40        0.8572            -nan     0.1000    0.0005
    60        0.8033            -nan     0.1000   -0.0003
    80        0.7580            -nan     0.1000   -0.0006
   100        0.7305            -nan     0.1000   -0.0004
   120        0.6889            -nan     0.1000    0.0007
   140        0.6602            -nan     0.1000   -0.0010
   150        0.6478            -nan     0.1000   -0.0007

Iter   TrainDeviance   ValidDeviance   StepSize   Improve
     1        1.2268            -nan     0.1000    0.0253
     2        1.1878            -nan     0.1000    0.0161
     3        1.1518            -nan     0.1000    0.0164
     4        1.1176            -nan     0.1000    0.0122
     5        1.0875            -nan     0.1000    0.0134
     6        1.0670            -nan     0.1000    0.0080
     7        1.0521            -nan     0.1000    0.0034
     8        1.0338            -nan     0.1000    0.0062
     9        1.0185            -nan     0.1000    0.0055
    10        1.0075            -nan     0.1000    0.0013
    20        0.9004            -nan     0.1000    0.0021
    40        0.7970            -nan     0.1000    0.0003
    60        0.7268            -nan     0.1000   -0.0002
    80        0.6761            -nan     0.1000   -0.0011
   100        0.6261            -nan     0.1000   -0.0013
   120        0.5791            -nan     0.1000   -0.0006
   140        0.5357            -nan     0.1000   -0.0013
   150        0.5180            -nan     0.1000   -0.0008

Iter   TrainDeviance   ValidDeviance   StepSize   Improve
     1        1.2820            -nan     0.1000    0.0201
     2        1.2479            -nan     0.1000    0.0151
     3        1.2225            -nan     0.1000    0.0139
     4        1.1988            -nan     0.1000    0.0139
     5        1.1763            -nan     0.1000    0.0089
     6        1.1550            -nan     0.1000    0.0098
     7        1.1360            -nan     0.1000    0.0085
     8        1.1165            -nan     0.1000    0.0071
     9        1.1000            -nan     0.1000    0.0047
    10        1.0842            -nan     0.1000    0.0048
    20        0.9887            -nan     0.1000    0.0012
    40        0.8888            -nan     0.1000    0.0018
    60        0.8426            -nan     0.1000    0.0001
    80        0.8034            -nan     0.1000   -0.0005
   100        0.7734            -nan     0.1000   -0.0004
   120        0.7531            -nan     0.1000   -0.0002
   140        0.7383            -nan     0.1000   -0.0002
   150        0.7321            -nan     0.1000   -0.0011

Iter   TrainDeviance   ValidDeviance   StepSize   Improve
     1        1.2703            -nan     0.1000    0.0300
     2        1.2331            -nan     0.1000    0.0176
     3        1.1919            -nan     0.1000    0.0189
     4        1.1591            -nan     0.1000    0.0141
     5        1.1285            -nan     0.1000    0.0132
     6        1.0986            -nan     0.1000    0.0132
     7        1.0768            -nan     0.1000    0.0078
     8        1.0550            -nan     0.1000    0.0093
     9        1.0333            -nan     0.1000    0.0082
    10        1.0148            -nan     0.1000    0.0077
    20        0.9010            -nan     0.1000    0.0011
    40        0.7899            -nan     0.1000   -0.0006
    60        0.7276            -nan     0.1000    0.0003
    80        0.6839            -nan     0.1000   -0.0004
   100        0.6476            -nan     0.1000   -0.0009
   120        0.6089            -nan     0.1000   -0.0011
   140        0.5842            -nan     0.1000   -0.0006
   150        0.5669            -nan     0.1000   -0.0003

Iter   TrainDeviance   ValidDeviance   StepSize   Improve
     1        1.2670            -nan     0.1000    0.0276
     2        1.2098            -nan     0.1000    0.0261
     3        1.1639            -nan     0.1000    0.0196
     4        1.1286            -nan     0.1000    0.0164
     5        1.0918            -nan     0.1000    0.0177
     6        1.0656            -nan     0.1000    0.0104
     7        1.0380            -nan     0.1000    0.0127
     8        1.0128            -nan     0.1000    0.0093
     9        0.9929            -nan     0.1000    0.0062
    10        0.9730            -nan     0.1000    0.0097
    20        0.8337            -nan     0.1000    0.0024
    40        0.7085            -nan     0.1000   -0.0011
    60        0.6368            -nan     0.1000   -0.0007
    80        0.5825            -nan     0.1000   -0.0015
   100        0.5372            -nan     0.1000    0.0002
   120        0.5011            -nan     0.1000    0.0001
   140        0.4675            -nan     0.1000   -0.0012
   150        0.4491            -nan     0.1000   -0.0008

Iter   TrainDeviance   ValidDeviance   StepSize   Improve
     1        1.2413            -nan     0.1000    0.0163
     2        1.2102            -nan     0.1000    0.0148
     3        1.1859            -nan     0.1000    0.0105
     4        1.1600            -nan     0.1000    0.0109
     5        1.1412            -nan     0.1000    0.0078
     6        1.1228            -nan     0.1000    0.0075
     7        1.1034            -nan     0.1000    0.0078
     8        1.0897            -nan     0.1000    0.0052
     9        1.0771            -nan     0.1000    0.0035
    10        1.0634            -nan     0.1000    0.0052
    20        0.9735            -nan     0.1000    0.0027
    40        0.8838            -nan     0.1000    0.0005
    60        0.8398            -nan     0.1000    0.0000
    80        0.8044            -nan     0.1000   -0.0002
   100        0.7824            -nan     0.1000   -0.0003
   120        0.7649            -nan     0.1000   -0.0001
   140        0.7522            -nan     0.1000   -0.0007
   150        0.7444            -nan     0.1000   -0.0005

Iter   TrainDeviance   ValidDeviance   StepSize   Improve
     1        1.2281            -nan     0.1000    0.0250
     2        1.1942            -nan     0.1000    0.0145
     3        1.1657            -nan     0.1000    0.0128
     4        1.1313            -nan     0.1000    0.0157
     5        1.1089            -nan     0.1000    0.0082
     6        1.0806            -nan     0.1000    0.0135
     7        1.0601            -nan     0.1000    0.0087
     8        1.0439            -nan     0.1000    0.0070
     9        1.0282            -nan     0.1000    0.0055
    10        1.0110            -nan     0.1000    0.0060
    20        0.8943            -nan     0.1000    0.0019
    40        0.8016            -nan     0.1000   -0.0006
    60        0.7507            -nan     0.1000   -0.0006
    80        0.7098            -nan     0.1000   -0.0006
   100        0.6752            -nan     0.1000   -0.0006
   120        0.6505            -nan     0.1000   -0.0013
   140        0.6217            -nan     0.1000   -0.0002
   150        0.6089            -nan     0.1000   -0.0005

Iter   TrainDeviance   ValidDeviance   StepSize   Improve
     1        1.2179            -nan     0.1000    0.0268
     2        1.1666            -nan     0.1000    0.0173
     3        1.1295            -nan     0.1000    0.0161
     4        1.0941            -nan     0.1000    0.0149
     5        1.0678            -nan     0.1000    0.0106
     6        1.0441            -nan     0.1000    0.0110
     7        1.0209            -nan     0.1000    0.0082
     8        0.9991            -nan     0.1000    0.0087
     9        0.9772            -nan     0.1000    0.0068
    10        0.9624            -nan     0.1000    0.0048
    20        0.8514            -nan     0.1000    0.0014
    40        0.7428            -nan     0.1000   -0.0011
    60        0.6822            -nan     0.1000   -0.0008
    80        0.6198            -nan     0.1000   -0.0003
   100        0.5760            -nan     0.1000   -0.0013
   120        0.5364            -nan     0.1000   -0.0013
   140        0.5061            -nan     0.1000   -0.0015
   150        0.4936            -nan     0.1000   -0.0006

Iter   TrainDeviance   ValidDeviance   StepSize   Improve
     1        1.2799            -nan     0.1000    0.0159
     2        1.2517            -nan     0.1000    0.0131
     3        1.2290            -nan     0.1000    0.0090
     4        1.2074            -nan     0.1000    0.0098
     5        1.1902            -nan     0.1000    0.0066
     6        1.1733            -nan     0.1000    0.0088
     7        1.1575            -nan     0.1000    0.0067
     8        1.1436            -nan     0.1000    0.0058
     9        1.1314            -nan     0.1000    0.0059
    10        1.1198            -nan     0.1000    0.0035
    20        1.0251            -nan     0.1000    0.0033
    40        0.9343            -nan     0.1000    0.0005
    60        0.8851            -nan     0.1000   -0.0005
    80        0.8523            -nan     0.1000    0.0003
   100        0.8312            -nan     0.1000   -0.0002
   120        0.8089            -nan     0.1000    0.0001
   140        0.7923            -nan     0.1000   -0.0004
   150        0.7835            -nan     0.1000   -0.0002

Iter   TrainDeviance   ValidDeviance   StepSize   Improve
     1        1.2670            -nan     0.1000    0.0192
     2        1.2330            -nan     0.1000    0.0144
     3        1.1975            -nan     0.1000    0.0150
     4        1.1670            -nan     0.1000    0.0124
     5        1.1418            -nan     0.1000    0.0098
     6        1.1169            -nan     0.1000    0.0074
     7        1.0971            -nan     0.1000    0.0080
     8        1.0755            -nan     0.1000    0.0090
     9        1.0560            -nan     0.1000    0.0063
    10        1.0385            -nan     0.1000    0.0070
    20        0.9348            -nan     0.1000    0.0004
    40        0.8332            -nan     0.1000   -0.0003
    60        0.7725            -nan     0.1000   -0.0002
    80        0.7222            -nan     0.1000   -0.0001
   100        0.6794            -nan     0.1000   -0.0000
   120        0.6502            -nan     0.1000   -0.0006
   140        0.6211            -nan     0.1000   -0.0009
   150        0.6103            -nan     0.1000   -0.0007

Iter   TrainDeviance   ValidDeviance   StepSize   Improve
     1        1.2609            -nan     0.1000    0.0251
     2        1.2160            -nan     0.1000    0.0192
     3        1.1757            -nan     0.1000    0.0165
     4        1.1446            -nan     0.1000    0.0141
     5        1.1165            -nan     0.1000    0.0124
     6        1.0858            -nan     0.1000    0.0120
     7        1.0601            -nan     0.1000    0.0096
     8        1.0377            -nan     0.1000    0.0087
     9        1.0184            -nan     0.1000    0.0080
    10        1.0010            -nan     0.1000    0.0069
    20        0.8826            -nan     0.1000    0.0022
    40        0.7526            -nan     0.1000    0.0012
    60        0.6843            -nan     0.1000   -0.0018
    80        0.6261            -nan     0.1000   -0.0000
   100        0.5813            -nan     0.1000    0.0004
   120        0.5418            -nan     0.1000   -0.0012
   140        0.5089            -nan     0.1000   -0.0008
   150        0.4903            -nan     0.1000   -0.0011

Iter   TrainDeviance   ValidDeviance   StepSize   Improve
     1        1.2652            -nan     0.1000    0.0149
     2        1.2332            -nan     0.1000    0.0136
     3        1.2040            -nan     0.1000    0.0122
     4        1.1809            -nan     0.1000    0.0081
     5        1.1604            -nan     0.1000    0.0080
     6        1.1477            -nan     0.1000    0.0049
     7        1.1302            -nan     0.1000    0.0081
     8        1.1158            -nan     0.1000    0.0056
     9        1.1022            -nan     0.1000    0.0043
    10        1.0901            -nan     0.1000    0.0051
    20        1.0071            -nan     0.1000    0.0018
    40        0.9186            -nan     0.1000    0.0014
    60        0.8671            -nan     0.1000   -0.0004
    80        0.8364            -nan     0.1000   -0.0005
   100        0.8099            -nan     0.1000   -0.0004
   120        0.7912            -nan     0.1000   -0.0006
   140        0.7761            -nan     0.1000   -0.0004
   150        0.7712            -nan     0.1000   -0.0004

Iter   TrainDeviance   ValidDeviance   StepSize   Improve
     1        1.2531            -nan     0.1000    0.0219
     2        1.2116            -nan     0.1000    0.0162
     3        1.1806            -nan     0.1000    0.0150
     4        1.1487            -nan     0.1000    0.0130
     5        1.1243            -nan     0.1000    0.0108
     6        1.1002            -nan     0.1000    0.0102
     7        1.0788            -nan     0.1000    0.0088
     8        1.0617            -nan     0.1000    0.0047
     9        1.0485            -nan     0.1000    0.0050
    10        1.0343            -nan     0.1000    0.0045
    20        0.9287            -nan     0.1000    0.0018
    40        0.8327            -nan     0.1000   -0.0003
    60        0.7756            -nan     0.1000   -0.0004
    80        0.7411            -nan     0.1000   -0.0006
   100        0.7046            -nan     0.1000   -0.0007
   120        0.6690            -nan     0.1000   -0.0008
   140        0.6375            -nan     0.1000   -0.0008
   150        0.6221            -nan     0.1000   -0.0007

Iter   TrainDeviance   ValidDeviance   StepSize   Improve
     1        1.2442            -nan     0.1000    0.0240
     2        1.1980            -nan     0.1000    0.0199
     3        1.1586            -nan     0.1000    0.0155
     4        1.1220            -nan     0.1000    0.0125
     5        1.0959            -nan     0.1000    0.0107
     6        1.0766            -nan     0.1000    0.0045
     7        1.0509            -nan     0.1000    0.0082
     8        1.0262            -nan     0.1000    0.0086
     9        1.0078            -nan     0.1000    0.0076
    10        0.9906            -nan     0.1000    0.0053
    20        0.8704            -nan     0.1000    0.0023
    40        0.7595            -nan     0.1000   -0.0013
    60        0.6853            -nan     0.1000   -0.0007
    80        0.6296            -nan     0.1000    0.0001
   100        0.5857            -nan     0.1000   -0.0009
   120        0.5412            -nan     0.1000   -0.0017
   140        0.5076            -nan     0.1000   -0.0004
   150        0.4928            -nan     0.1000   -0.0015

Iter   TrainDeviance   ValidDeviance   StepSize   Improve
     1        1.2379            -nan     0.1000    0.0217
     2        1.2097            -nan     0.1000    0.0147
     3        1.1816            -nan     0.1000    0.0144
     4        1.1589            -nan     0.1000    0.0105
     5        1.1357            -nan     0.1000    0.0087
     6        1.1172            -nan     0.1000    0.0078
     7        1.1006            -nan     0.1000    0.0074
     8        1.0851            -nan     0.1000    0.0066
     9        1.0661            -nan     0.1000    0.0083
    10        1.0527            -nan     0.1000    0.0054
    20        0.9535            -nan     0.1000    0.0028
    40        0.8552            -nan     0.1000    0.0013
    60        0.8002            -nan     0.1000    0.0001
    80        0.7673            -nan     0.1000   -0.0004
   100        0.7477            -nan     0.1000   -0.0004
   120        0.7293            -nan     0.1000   -0.0006
   140        0.7160            -nan     0.1000    0.0001
   150        0.7086            -nan     0.1000   -0.0006

Iter   TrainDeviance   ValidDeviance   StepSize   Improve
     1        1.2273            -nan     0.1000    0.0288
     2        1.1829            -nan     0.1000    0.0216
     3        1.1419            -nan     0.1000    0.0198
     4        1.1127            -nan     0.1000    0.0151
     5        1.0850            -nan     0.1000    0.0110
     6        1.0650            -nan     0.1000    0.0064
     7        1.0378            -nan     0.1000    0.0120
     8        1.0162            -nan     0.1000    0.0114
     9        0.9972            -nan     0.1000    0.0085
    10        0.9803            -nan     0.1000    0.0059
    20        0.8709            -nan     0.1000    0.0028
    40        0.7719            -nan     0.1000    0.0008
    60        0.7216            -nan     0.1000   -0.0007
    80        0.6805            -nan     0.1000   -0.0012
   100        0.6419            -nan     0.1000   -0.0003
   120        0.6054            -nan     0.1000    0.0003
   140        0.5694            -nan     0.1000   -0.0008
   150        0.5588            -nan     0.1000   -0.0006

Iter   TrainDeviance   ValidDeviance   StepSize   Improve
     1        1.2182            -nan     0.1000    0.0280
     2        1.1708            -nan     0.1000    0.0228
     3        1.1274            -nan     0.1000    0.0167
     4        1.0937            -nan     0.1000    0.0156
     5        1.0615            -nan     0.1000    0.0163
     6        1.0278            -nan     0.1000    0.0156
     7        1.0011            -nan     0.1000    0.0127
     8        0.9789            -nan     0.1000    0.0059
     9        0.9568            -nan     0.1000    0.0091
    10        0.9422            -nan     0.1000    0.0039
    20        0.8247            -nan     0.1000    0.0016
    40        0.7019            -nan     0.1000    0.0002
    60        0.6250            -nan     0.1000   -0.0009
    80        0.5659            -nan     0.1000   -0.0005
   100        0.5170            -nan     0.1000   -0.0002
   120        0.4802            -nan     0.1000    0.0002
   140        0.4445            -nan     0.1000   -0.0012
   150        0.4282            -nan     0.1000   -0.0008

Iter   TrainDeviance   ValidDeviance   StepSize   Improve
     1        1.2351            -nan     0.1000    0.0141
     2        1.2040            -nan     0.1000    0.0153
     3        1.1811            -nan     0.1000    0.0084
     4        1.1561            -nan     0.1000    0.0122
     5        1.1328            -nan     0.1000    0.0104
     6        1.1139            -nan     0.1000    0.0086
     7        1.0990            -nan     0.1000    0.0057
     8        1.0836            -nan     0.1000    0.0063
     9        1.0683            -nan     0.1000    0.0055
    10        1.0562            -nan     0.1000    0.0048
    20        0.9643            -nan     0.1000    0.0026
    40        0.8864            -nan     0.1000    0.0010
    60        0.8460            -nan     0.1000   -0.0001
    80        0.8162            -nan     0.1000    0.0003
   100        0.7936            -nan     0.1000   -0.0012
   120        0.7737            -nan     0.1000   -0.0008
   140        0.7544            -nan     0.1000   -0.0000
   150        0.7490            -nan     0.1000   -0.0007

Iter   TrainDeviance   ValidDeviance   StepSize   Improve
     1        1.2321            -nan     0.1000    0.0222
     2        1.1839            -nan     0.1000    0.0221
     3        1.1439            -nan     0.1000    0.0177
     4        1.1144            -nan     0.1000    0.0146
     5        1.0860            -nan     0.1000    0.0133
     6        1.0622            -nan     0.1000    0.0088
     7        1.0438            -nan     0.1000    0.0079
     8        1.0284            -nan     0.1000    0.0062
     9        1.0119            -nan     0.1000    0.0056
    10        0.9959            -nan     0.1000    0.0033
    20        0.8959            -nan     0.1000    0.0019
    40        0.8040            -nan     0.1000   -0.0001
    60        0.7424            -nan     0.1000    0.0004
    80        0.6996            -nan     0.1000   -0.0012
   100        0.6583            -nan     0.1000    0.0002
   120        0.6292            -nan     0.1000   -0.0021
   140        0.5962            -nan     0.1000    0.0000
   150        0.5803            -nan     0.1000   -0.0002

Iter   TrainDeviance   ValidDeviance   StepSize   Improve
     1        1.2095            -nan     0.1000    0.0320
     2        1.1672            -nan     0.1000    0.0214
     3        1.1282            -nan     0.1000    0.0175
     4        1.0942            -nan     0.1000    0.0148
     5        1.0611            -nan     0.1000    0.0151
     6        1.0314            -nan     0.1000    0.0128
     7        1.0060            -nan     0.1000    0.0105
     8        0.9848            -nan     0.1000    0.0092
     9        0.9638            -nan     0.1000    0.0088
    10        0.9509            -nan     0.1000    0.0050
    20        0.8429            -nan     0.1000    0.0007
    40        0.7251            -nan     0.1000   -0.0006
    60        0.6523            -nan     0.1000   -0.0007
    80        0.5889            -nan     0.1000   -0.0003
   100        0.5416            -nan     0.1000   -0.0001
   120        0.4961            -nan     0.1000    0.0008
   140        0.4640            -nan     0.1000    0.0001
   150        0.4516            -nan     0.1000   -0.0005

Iter   TrainDeviance   ValidDeviance   StepSize   Improve
     1        1.2545            -nan     0.1000    0.0190
     2        1.2208            -nan     0.1000    0.0171
     3        1.2024            -nan     0.1000    0.0065
     4        1.1746            -nan     0.1000    0.0119
     5        1.1535            -nan     0.1000    0.0104
     6        1.1374            -nan     0.1000    0.0070
     7        1.1214            -nan     0.1000    0.0054
     8        1.1104            -nan     0.1000    0.0039
     9        1.0983            -nan     0.1000    0.0041
    10        1.0875            -nan     0.1000    0.0035
    20        0.9961            -nan     0.1000    0.0022
    40        0.9072            -nan     0.1000    0.0002
    60        0.8559            -nan     0.1000   -0.0004
    80        0.8221            -nan     0.1000   -0.0007
   100        0.7955            -nan     0.1000    0.0000
   120        0.7754            -nan     0.1000   -0.0004
   140        0.7592            -nan     0.1000   -0.0012
   150        0.7513            -nan     0.1000   -0.0001

Iter   TrainDeviance   ValidDeviance   StepSize   Improve
     1        1.2434            -nan     0.1000    0.0195
     2        1.1991            -nan     0.1000    0.0187
     3        1.1631            -nan     0.1000    0.0167
     4        1.1326            -nan     0.1000    0.0123
     5        1.1075            -nan     0.1000    0.0115
     6        1.0845            -nan     0.1000    0.0089
     7        1.0654            -nan     0.1000    0.0088
     8        1.0463            -nan     0.1000    0.0069
     9        1.0310            -nan     0.1000    0.0072
    10        1.0161            -nan     0.1000    0.0040
    20        0.9168            -nan     0.1000    0.0034
    40        0.8102            -nan     0.1000   -0.0001
    60        0.7523            -nan     0.1000    0.0001
    80        0.7055            -nan     0.1000    0.0001
   100        0.6711            -nan     0.1000   -0.0009
   120        0.6399            -nan     0.1000   -0.0005
   140        0.6086            -nan     0.1000   -0.0011
   150        0.5981            -nan     0.1000   -0.0007

Iter   TrainDeviance   ValidDeviance   StepSize   Improve
     1        1.2391            -nan     0.1000    0.0270
     2        1.1910            -nan     0.1000    0.0204
     3        1.1508            -nan     0.1000    0.0172
     4        1.1143            -nan     0.1000    0.0165
     5        1.0865            -nan     0.1000    0.0097
     6        1.0601            -nan     0.1000    0.0103
     7        1.0382            -nan     0.1000    0.0087
     8        1.0133            -nan     0.1000    0.0090
     9        0.9929            -nan     0.1000    0.0075
    10        0.9746            -nan     0.1000    0.0057
    20        0.8570            -nan     0.1000    0.0022
    40        0.7400            -nan     0.1000   -0.0003
    60        0.6726            -nan     0.1000    0.0010
    80        0.6183            -nan     0.1000   -0.0003
   100        0.5700            -nan     0.1000   -0.0005
   120        0.5300            -nan     0.1000   -0.0009
   140        0.4992            -nan     0.1000   -0.0013
   150        0.4843            -nan     0.1000   -0.0001

Iter   TrainDeviance   ValidDeviance   StepSize   Improve
     1        1.2760            -nan     0.1000    0.0197
     2        1.2394            -nan     0.1000    0.0162
     3        1.2091            -nan     0.1000    0.0144
     4        1.1896            -nan     0.1000    0.0103
     5        1.1683            -nan     0.1000    0.0099
     6        1.1455            -nan     0.1000    0.0113
     7        1.1278            -nan     0.1000    0.0071
     8        1.1082            -nan     0.1000    0.0077
     9        1.0916            -nan     0.1000    0.0088
    10        1.0760            -nan     0.1000    0.0072
    20        0.9661            -nan     0.1000    0.0011
    40        0.8560            -nan     0.1000    0.0010
    60        0.8079            -nan     0.1000    0.0004
    80        0.7746            -nan     0.1000   -0.0005
   100        0.7517            -nan     0.1000   -0.0013
   120        0.7314            -nan     0.1000    0.0005
   140        0.7152            -nan     0.1000   -0.0010
   150        0.7093            -nan     0.1000   -0.0012

Iter   TrainDeviance   ValidDeviance   StepSize   Improve
     1        1.2618            -nan     0.1000    0.0263
     2        1.2178            -nan     0.1000    0.0212
     3        1.1792            -nan     0.1000    0.0173
     4        1.1403            -nan     0.1000    0.0167
     5        1.1151            -nan     0.1000    0.0105
     6        1.0892            -nan     0.1000    0.0111
     7        1.0620            -nan     0.1000    0.0098
     8        1.0386            -nan     0.1000    0.0105
     9        1.0180            -nan     0.1000    0.0097
    10        1.0023            -nan     0.1000    0.0046
    20        0.8744            -nan     0.1000    0.0018
    40        0.7635            -nan     0.1000    0.0003
    60        0.7051            -nan     0.1000    0.0005
    80        0.6631            -nan     0.1000   -0.0006
   100        0.6234            -nan     0.1000   -0.0011
   120        0.5916            -nan     0.1000    0.0007
   140        0.5631            -nan     0.1000   -0.0013
   150        0.5537            -nan     0.1000   -0.0011

Iter   TrainDeviance   ValidDeviance   StepSize   Improve
     1        1.2515            -nan     0.1000    0.0270
     2        1.1955            -nan     0.1000    0.0253
     3        1.1525            -nan     0.1000    0.0188
     4        1.1176            -nan     0.1000    0.0133
     5        1.0738            -nan     0.1000    0.0146
     6        1.0419            -nan     0.1000    0.0149
     7        1.0200            -nan     0.1000    0.0093
     8        0.9941            -nan     0.1000    0.0110
     9        0.9700            -nan     0.1000    0.0104
    10        0.9509            -nan     0.1000    0.0066
    20        0.8319            -nan     0.1000    0.0029
    40        0.7126            -nan     0.1000   -0.0005
    60        0.6383            -nan     0.1000   -0.0009
    80        0.5880            -nan     0.1000   -0.0005
   100        0.5454            -nan     0.1000   -0.0004
   120        0.5070            -nan     0.1000   -0.0016
   140        0.4728            -nan     0.1000    0.0000
   150        0.4552            -nan     0.1000   -0.0021

Iter   TrainDeviance   ValidDeviance   StepSize   Improve
     1        1.2853            -nan     0.1000    0.0124
     2        1.2596            -nan     0.1000    0.0128
     3        1.2360            -nan     0.1000    0.0112
     4        1.2162            -nan     0.1000    0.0085
     5        1.1984            -nan     0.1000    0.0064
     6        1.1815            -nan     0.1000    0.0054
     7        1.1658            -nan     0.1000    0.0061
     8        1.1454            -nan     0.1000    0.0090
     9        1.1283            -nan     0.1000    0.0073
    10        1.1143            -nan     0.1000    0.0060
    20        1.0116            -nan     0.1000    0.0023
    40        0.9128            -nan     0.1000    0.0008
    60        0.8623            -nan     0.1000   -0.0001
    80        0.8295            -nan     0.1000   -0.0009
   100        0.8089            -nan     0.1000   -0.0001
   120        0.7933            -nan     0.1000   -0.0008
   140        0.7793            -nan     0.1000   -0.0003
   150        0.7746            -nan     0.1000   -0.0004

Iter   TrainDeviance   ValidDeviance   StepSize   Improve
     1        1.2672            -nan     0.1000    0.0213
     2        1.2225            -nan     0.1000    0.0186
     3        1.1844            -nan     0.1000    0.0142
     4        1.1559            -nan     0.1000    0.0130
     5        1.1305            -nan     0.1000    0.0096
     6        1.0999            -nan     0.1000    0.0124
     7        1.0802            -nan     0.1000    0.0093
     8        1.0621            -nan     0.1000    0.0060
     9        1.0446            -nan     0.1000    0.0075
    10        1.0295            -nan     0.1000    0.0073
    20        0.9180            -nan     0.1000    0.0013
    40        0.8178            -nan     0.1000   -0.0005
    60        0.7597            -nan     0.1000    0.0007
    80        0.7133            -nan     0.1000   -0.0012
   100        0.6802            -nan     0.1000   -0.0008
   120        0.6499            -nan     0.1000   -0.0004
   140        0.6231            -nan     0.1000   -0.0011
   150        0.6101            -nan     0.1000   -0.0001

Iter   TrainDeviance   ValidDeviance   StepSize   Improve
     1        1.2516            -nan     0.1000    0.0235
     2        1.2027            -nan     0.1000    0.0230
     3        1.1649            -nan     0.1000    0.0175
     4        1.1329            -nan     0.1000    0.0150
     5        1.1033            -nan     0.1000    0.0146
     6        1.0727            -nan     0.1000    0.0138
     7        1.0522            -nan     0.1000    0.0059
     8        1.0280            -nan     0.1000    0.0099
     9        1.0058            -nan     0.1000    0.0082
    10        0.9879            -nan     0.1000    0.0041
    20        0.8726            -nan     0.1000    0.0007
    40        0.7611            -nan     0.1000   -0.0002
    60        0.6906            -nan     0.1000   -0.0012
    80        0.6310            -nan     0.1000   -0.0006
   100        0.5868            -nan     0.1000   -0.0006
   120        0.5502            -nan     0.1000   -0.0011
   140        0.5102            -nan     0.1000    0.0007
   150        0.4928            -nan     0.1000   -0.0007

Iter   TrainDeviance   ValidDeviance   StepSize   Improve
     1        1.2198            -nan     0.1000    0.0229
     2        1.1794            -nan     0.1000    0.0178
     3        1.1483            -nan     0.1000    0.0147
     4        1.1221            -nan     0.1000    0.0122
     5        1.0958            -nan     0.1000    0.0087
     6        1.0780            -nan     0.1000    0.0078
     7        1.0609            -nan     0.1000    0.0048
     8        1.0467            -nan     0.1000    0.0073
     9        1.0363            -nan     0.1000    0.0048
    10        1.0221            -nan     0.1000    0.0054
    20        0.9333            -nan     0.1000    0.0031
    40        0.8422            -nan     0.1000    0.0005
    60        0.7988            -nan     0.1000    0.0002
    80        0.7659            -nan     0.1000   -0.0003
   100        0.7405            -nan     0.1000   -0.0006
   120        0.7191            -nan     0.1000   -0.0004
   140        0.7018            -nan     0.1000   -0.0002
   150        0.6944            -nan     0.1000   -0.0011

Iter   TrainDeviance   ValidDeviance   StepSize   Improve
     1        1.2142            -nan     0.1000    0.0251
     2        1.1616            -nan     0.1000    0.0234
     3        1.1191            -nan     0.1000    0.0199
     4        1.0869            -nan     0.1000    0.0179
     5        1.0588            -nan     0.1000    0.0115
     6        1.0366            -nan     0.1000    0.0089
     7        1.0150            -nan     0.1000    0.0094
     8        0.9962            -nan     0.1000    0.0079
     9        0.9791            -nan     0.1000    0.0053
    10        0.9611            -nan     0.1000    0.0082
    20        0.8565            -nan     0.1000    0.0025
    40        0.7521            -nan     0.1000    0.0006
    60        0.6953            -nan     0.1000    0.0001
    80        0.6473            -nan     0.1000   -0.0002
   100        0.6125            -nan     0.1000   -0.0009
   120        0.5810            -nan     0.1000   -0.0011
   140        0.5522            -nan     0.1000   -0.0004
   150        0.5379            -nan     0.1000   -0.0009

Iter   TrainDeviance   ValidDeviance   StepSize   Improve
     1        1.2080            -nan     0.1000    0.0276
     2        1.1529            -nan     0.1000    0.0249
     3        1.1089            -nan     0.1000    0.0196
     4        1.0689            -nan     0.1000    0.0179
     5        1.0358            -nan     0.1000    0.0140
     6        1.0054            -nan     0.1000    0.0108
     7        0.9851            -nan     0.1000    0.0087
     8        0.9610            -nan     0.1000    0.0099
     9        0.9396            -nan     0.1000    0.0074
    10        0.9240            -nan     0.1000    0.0044
    20        0.8069            -nan     0.1000    0.0019
    40        0.6941            -nan     0.1000    0.0004
    60        0.6204            -nan     0.1000   -0.0019
    80        0.5616            -nan     0.1000   -0.0003
   100        0.5240            -nan     0.1000   -0.0010
   120        0.4817            -nan     0.1000   -0.0004
   140        0.4487            -nan     0.1000    0.0000
   150        0.4307            -nan     0.1000   -0.0010

Iter   TrainDeviance   ValidDeviance   StepSize   Improve
     1        1.2575            -nan     0.1000    0.0142
     2        1.2193            -nan     0.1000    0.0185
     3        1.1893            -nan     0.1000    0.0145
     4        1.1661            -nan     0.1000    0.0104
     5        1.1450            -nan     0.1000    0.0094
     6        1.1254            -nan     0.1000    0.0074
     7        1.1066            -nan     0.1000    0.0092
     8        1.0919            -nan     0.1000    0.0055
     9        1.0729            -nan     0.1000    0.0084
    10        1.0566            -nan     0.1000    0.0063
    20        0.9600            -nan     0.1000    0.0018
    40        0.8611            -nan     0.1000    0.0008
    60        0.8162            -nan     0.1000   -0.0002
    80        0.7880            -nan     0.1000   -0.0004
   100        0.7613            -nan     0.1000   -0.0006
   120        0.7428            -nan     0.1000   -0.0014
   140        0.7321            -nan     0.1000   -0.0004
   150        0.7245            -nan     0.1000   -0.0008

Iter   TrainDeviance   ValidDeviance   StepSize   Improve
     1        1.2439            -nan     0.1000    0.0201
     2        1.1990            -nan     0.1000    0.0182
     3        1.1610            -nan     0.1000    0.0165
     4        1.1270            -nan     0.1000    0.0156
     5        1.1012            -nan     0.1000    0.0091
     6        1.0697            -nan     0.1000    0.0124
     7        1.0504            -nan     0.1000    0.0089
     8        1.0322            -nan     0.1000    0.0079
     9        1.0130            -nan     0.1000    0.0085
    10        0.9960            -nan     0.1000    0.0060
    20        0.8836            -nan     0.1000    0.0022
    40        0.7694            -nan     0.1000    0.0010
    60        0.7135            -nan     0.1000   -0.0006
    80        0.6728            -nan     0.1000   -0.0006
   100        0.6387            -nan     0.1000   -0.0009
   120        0.6064            -nan     0.1000   -0.0006
   140        0.5806            -nan     0.1000    0.0001
   150        0.5706            -nan     0.1000   -0.0007

Iter   TrainDeviance   ValidDeviance   StepSize   Improve
     1        1.2273            -nan     0.1000    0.0281
     2        1.1721            -nan     0.1000    0.0230
     3        1.1281            -nan     0.1000    0.0170
     4        1.0930            -nan     0.1000    0.0169
     5        1.0588            -nan     0.1000    0.0122
     6        1.0307            -nan     0.1000    0.0119
     7        1.0071            -nan     0.1000    0.0071
     8        0.9832            -nan     0.1000    0.0103
     9        0.9582            -nan     0.1000    0.0110
    10        0.9392            -nan     0.1000    0.0076
    20        0.8197            -nan     0.1000    0.0006
    40        0.7135            -nan     0.1000    0.0004
    60        0.6454            -nan     0.1000   -0.0012
    80        0.5934            -nan     0.1000   -0.0012
   100        0.5588            -nan     0.1000   -0.0009
   120        0.5233            -nan     0.1000   -0.0010
   140        0.4958            -nan     0.1000   -0.0010
   150        0.4802            -nan     0.1000   -0.0002

Iter   TrainDeviance   ValidDeviance   StepSize   Improve
     1        1.2457            -nan     0.1000    0.0198
     2        1.2136            -nan     0.1000    0.0167
     3        1.1875            -nan     0.1000    0.0133
     4        1.1612            -nan     0.1000    0.0120
     5        1.1391            -nan     0.1000    0.0106
     6        1.1226            -nan     0.1000    0.0074
     7        1.1043            -nan     0.1000    0.0078
     8        1.0893            -nan     0.1000    0.0067
     9        1.0724            -nan     0.1000    0.0070
    10        1.0624            -nan     0.1000    0.0034
    20        0.9552            -nan     0.1000    0.0042
    40        0.8663            -nan     0.1000    0.0003
    60        0.8112            -nan     0.1000   -0.0000
    80        0.7738            -nan     0.1000    0.0004
   100        0.7501            -nan     0.1000   -0.0003
   120        0.7288            -nan     0.1000    0.0000
   140        0.7121            -nan     0.1000    0.0001
   150        0.7045            -nan     0.1000   -0.0008

Iter   TrainDeviance   ValidDeviance   StepSize   Improve
     1        1.2311            -nan     0.1000    0.0248
     2        1.1948            -nan     0.1000    0.0176
     3        1.1562            -nan     0.1000    0.0160
     4        1.1272            -nan     0.1000    0.0116
     5        1.0924            -nan     0.1000    0.0137
     6        1.0627            -nan     0.1000    0.0127
     7        1.0359            -nan     0.1000    0.0100
     8        1.0190            -nan     0.1000    0.0062
     9        0.9988            -nan     0.1000    0.0082
    10        0.9789            -nan     0.1000    0.0091
    20        0.8633            -nan     0.1000    0.0015
    40        0.7463            -nan     0.1000    0.0006
    60        0.6854            -nan     0.1000    0.0001
    80        0.6459            -nan     0.1000   -0.0012
   100        0.6033            -nan     0.1000   -0.0000
   120        0.5727            -nan     0.1000   -0.0012
   140        0.5445            -nan     0.1000   -0.0006
   150        0.5328            -nan     0.1000   -0.0004

Iter   TrainDeviance   ValidDeviance   StepSize   Improve
     1        1.2264            -nan     0.1000    0.0252
     2        1.1786            -nan     0.1000    0.0224
     3        1.1364            -nan     0.1000    0.0184
     4        1.1005            -nan     0.1000    0.0138
     5        1.0652            -nan     0.1000    0.0153
     6        1.0315            -nan     0.1000    0.0126
     7        1.0033            -nan     0.1000    0.0101
     8        0.9743            -nan     0.1000    0.0114
     9        0.9554            -nan     0.1000    0.0066
    10        0.9348            -nan     0.1000    0.0067
    20        0.8073            -nan     0.1000    0.0030
    40        0.6778            -nan     0.1000    0.0003
    60        0.6122            -nan     0.1000   -0.0007
    80        0.5604            -nan     0.1000    0.0004
   100        0.5145            -nan     0.1000   -0.0018
   120        0.4732            -nan     0.1000   -0.0009
   140        0.4403            -nan     0.1000   -0.0004
   150        0.4229            -nan     0.1000   -0.0008

Iter   TrainDeviance   ValidDeviance   StepSize   Improve
     1        1.2450            -nan     0.1000    0.0140
     2        1.2173            -nan     0.1000    0.0127
     3        1.1911            -nan     0.1000    0.0104
     4        1.1672            -nan     0.1000    0.0082
     5        1.1480            -nan     0.1000    0.0084
     6        1.1294            -nan     0.1000    0.0093
     7        1.1116            -nan     0.1000    0.0078
     8        1.0991            -nan     0.1000    0.0033
     9        1.0858            -nan     0.1000    0.0053
    10        1.0712            -nan     0.1000    0.0067
    20        0.9635            -nan     0.1000    0.0012
    40        0.8505            -nan     0.1000    0.0007
    60        0.7904            -nan     0.1000    0.0014
    80        0.7479            -nan     0.1000    0.0003
   100        0.7210            -nan     0.1000   -0.0004
   120        0.7018            -nan     0.1000   -0.0006
   140        0.6836            -nan     0.1000    0.0000
   150        0.6762            -nan     0.1000   -0.0003

Iter   TrainDeviance   ValidDeviance   StepSize   Improve
     1        1.2388            -nan     0.1000    0.0211
     2        1.1916            -nan     0.1000    0.0217
     3        1.1551            -nan     0.1000    0.0183
     4        1.1219            -nan     0.1000    0.0135
     5        1.0961            -nan     0.1000    0.0107
     6        1.0686            -nan     0.1000    0.0127
     7        1.0464            -nan     0.1000    0.0061
     8        1.0230            -nan     0.1000    0.0093
     9        1.0062            -nan     0.1000    0.0066
    10        0.9889            -nan     0.1000    0.0063
    20        0.8686            -nan     0.1000    0.0019
    40        0.7462            -nan     0.1000   -0.0005
    60        0.6884            -nan     0.1000   -0.0002
    80        0.6404            -nan     0.1000   -0.0004
   100        0.6045            -nan     0.1000   -0.0023
   120        0.5714            -nan     0.1000    0.0002
   140        0.5484            -nan     0.1000   -0.0009
   150        0.5353            -nan     0.1000   -0.0013

Iter   TrainDeviance   ValidDeviance   StepSize   Improve
     1        1.2219            -nan     0.1000    0.0297
     2        1.1695            -nan     0.1000    0.0249
     3        1.1302            -nan     0.1000    0.0179
     4        1.0935            -nan     0.1000    0.0176
     5        1.0601            -nan     0.1000    0.0160
     6        1.0251            -nan     0.1000    0.0136
     7        0.9975            -nan     0.1000    0.0121
     8        0.9720            -nan     0.1000    0.0106
     9        0.9534            -nan     0.1000    0.0083
    10        0.9323            -nan     0.1000    0.0088
    20        0.7937            -nan     0.1000    0.0031
    40        0.6697            -nan     0.1000    0.0006
    60        0.5947            -nan     0.1000   -0.0000
    80        0.5469            -nan     0.1000   -0.0009
   100        0.5050            -nan     0.1000   -0.0001
   120        0.4627            -nan     0.1000   -0.0007
   140        0.4280            -nan     0.1000   -0.0010
   150        0.4132            -nan     0.1000   -0.0006

Iter   TrainDeviance   ValidDeviance   StepSize   Improve
     1        1.2196            -nan     0.1000    0.0163
     2        1.1922            -nan     0.1000    0.0133
     3        1.1690            -nan     0.1000    0.0106
     4        1.1480            -nan     0.1000    0.0094
     5        1.1297            -nan     0.1000    0.0072
     6        1.1139            -nan     0.1000    0.0066
     7        1.1030            -nan     0.1000    0.0061
     8        1.0929            -nan     0.1000    0.0046
     9        1.0809            -nan     0.1000    0.0062
    10        1.0729            -nan     0.1000    0.0031
    20        0.9927            -nan     0.1000    0.0011
    40        0.9121            -nan     0.1000    0.0001
    60        0.8648            -nan     0.1000   -0.0000
    80        0.8341            -nan     0.1000   -0.0004
   100        0.8132            -nan     0.1000   -0.0008
   120        0.7948            -nan     0.1000    0.0002
   140        0.7807            -nan     0.1000   -0.0003
   150        0.7725            -nan     0.1000    0.0000

Iter   TrainDeviance   ValidDeviance   StepSize   Improve
     1        1.2176            -nan     0.1000    0.0177
     2        1.1778            -nan     0.1000    0.0194
     3        1.1457            -nan     0.1000    0.0147
     4        1.1191            -nan     0.1000    0.0121
     5        1.0968            -nan     0.1000    0.0077
     6        1.0758            -nan     0.1000    0.0084
     7        1.0561            -nan     0.1000    0.0076
     8        1.0448            -nan     0.1000    0.0035
     9        1.0296            -nan     0.1000    0.0067
    10        1.0138            -nan     0.1000    0.0052
    20        0.9117            -nan     0.1000    0.0023
    40        0.8155            -nan     0.1000    0.0012
    60        0.7654            -nan     0.1000   -0.0002
    80        0.7189            -nan     0.1000   -0.0004
   100        0.6877            -nan     0.1000   -0.0004
   120        0.6571            -nan     0.1000   -0.0006
   140        0.6260            -nan     0.1000   -0.0000
   150        0.6137            -nan     0.1000   -0.0009

Iter   TrainDeviance   ValidDeviance   StepSize   Improve
     1        1.2089            -nan     0.1000    0.0228
     2        1.1661            -nan     0.1000    0.0201
     3        1.1323            -nan     0.1000    0.0163
     4        1.1025            -nan     0.1000    0.0104
     5        1.0752            -nan     0.1000    0.0108
     6        1.0492            -nan     0.1000    0.0105
     7        1.0314            -nan     0.1000    0.0066
     8        1.0146            -nan     0.1000    0.0051
     9        0.9955            -nan     0.1000    0.0064
    10        0.9788            -nan     0.1000    0.0051
    20        0.8752            -nan     0.1000    0.0020
    40        0.7564            -nan     0.1000   -0.0015
    60        0.6820            -nan     0.1000    0.0001
    80        0.6296            -nan     0.1000   -0.0002
   100        0.5829            -nan     0.1000   -0.0017
   120        0.5378            -nan     0.1000   -0.0002
   140        0.5047            -nan     0.1000   -0.0010
   150        0.4909            -nan     0.1000   -0.0010

Iter   TrainDeviance   ValidDeviance   StepSize   Improve
     1        1.2513            -nan     0.1000    0.0166
     2        1.2153            -nan     0.1000    0.0179
     3        1.1861            -nan     0.1000    0.0139
     4        1.1659            -nan     0.1000    0.0106
     5        1.1421            -nan     0.1000    0.0101
     6        1.1246            -nan     0.1000    0.0076
     7        1.1072            -nan     0.1000    0.0075
     8        1.0916            -nan     0.1000    0.0065
     9        1.0768            -nan     0.1000    0.0065
    10        1.0620            -nan     0.1000    0.0048
    20        0.9764            -nan     0.1000    0.0018
    40        0.8967            -nan     0.1000    0.0009
    60        0.8548            -nan     0.1000   -0.0001
    80        0.8273            -nan     0.1000   -0.0007
   100        0.8026            -nan     0.1000   -0.0009
   120        0.7874            -nan     0.1000   -0.0002
   140        0.7736            -nan     0.1000   -0.0009
   150        0.7667            -nan     0.1000   -0.0005

Iter   TrainDeviance   ValidDeviance   StepSize   Improve
     1        1.2349            -nan     0.1000    0.0219
     2        1.1932            -nan     0.1000    0.0224
     3        1.1577            -nan     0.1000    0.0160
     4        1.1258            -nan     0.1000    0.0153
     5        1.1006            -nan     0.1000    0.0119
     6        1.0764            -nan     0.1000    0.0094
     7        1.0561            -nan     0.1000    0.0084
     8        1.0414            -nan     0.1000    0.0059
     9        1.0284            -nan     0.1000    0.0042
    10        1.0114            -nan     0.1000    0.0063
    20        0.9072            -nan     0.1000    0.0013
    40        0.8144            -nan     0.1000    0.0014
    60        0.7626            -nan     0.1000   -0.0002
    80        0.7271            -nan     0.1000   -0.0000
   100        0.6886            -nan     0.1000   -0.0008
   120        0.6499            -nan     0.1000   -0.0001
   140        0.6252            -nan     0.1000   -0.0008
   150        0.6120            -nan     0.1000   -0.0011

Iter   TrainDeviance   ValidDeviance   StepSize   Improve
     1        1.2322            -nan     0.1000    0.0259
     2        1.1862            -nan     0.1000    0.0193
     3        1.1444            -nan     0.1000    0.0165
     4        1.1113            -nan     0.1000    0.0123
     5        1.0753            -nan     0.1000    0.0146
     6        1.0550            -nan     0.1000    0.0086
     7        1.0300            -nan     0.1000    0.0122
     8        1.0096            -nan     0.1000    0.0098
     9        0.9863            -nan     0.1000    0.0098
    10        0.9697            -nan     0.1000    0.0043
    20        0.8613            -nan     0.1000    0.0024
    40        0.7630            -nan     0.1000   -0.0001
    60        0.6855            -nan     0.1000   -0.0003
    80        0.6319            -nan     0.1000   -0.0006
   100        0.5924            -nan     0.1000   -0.0009
   120        0.5546            -nan     0.1000   -0.0004
   140        0.5189            -nan     0.1000   -0.0021
   150        0.5026            -nan     0.1000    0.0005

Iter   TrainDeviance   ValidDeviance   StepSize   Improve
     1        1.2517            -nan     0.1000    0.0184
     2        1.2201            -nan     0.1000    0.0151
     3        1.1929            -nan     0.1000    0.0114
     4        1.1732            -nan     0.1000    0.0099
     5        1.1544            -nan     0.1000    0.0089
     6        1.1409            -nan     0.1000    0.0054
     7        1.1244            -nan     0.1000    0.0083
     8        1.1098            -nan     0.1000    0.0058
     9        1.0961            -nan     0.1000    0.0059
    10        1.0832            -nan     0.1000    0.0039
    20        0.9969            -nan     0.1000    0.0012
    40        0.9041            -nan     0.1000    0.0008
    60        0.8592            -nan     0.1000   -0.0012
    80        0.8258            -nan     0.1000   -0.0004
   100        0.8045            -nan     0.1000   -0.0002
   120        0.7840            -nan     0.1000   -0.0004
   140        0.7681            -nan     0.1000   -0.0001
   150        0.7601            -nan     0.1000   -0.0003

Iter   TrainDeviance   ValidDeviance   StepSize   Improve
     1        1.2454            -nan     0.1000    0.0283
     2        1.2062            -nan     0.1000    0.0173
     3        1.1722            -nan     0.1000    0.0164
     4        1.1402            -nan     0.1000    0.0132
     5        1.1155            -nan     0.1000    0.0094
     6        1.0942            -nan     0.1000    0.0077
     7        1.0726            -nan     0.1000    0.0099
     8        1.0517            -nan     0.1000    0.0094
     9        1.0327            -nan     0.1000    0.0062
    10        1.0164            -nan     0.1000    0.0065
    20        0.9085            -nan     0.1000    0.0025
    40        0.8175            -nan     0.1000    0.0007
    60        0.7566            -nan     0.1000   -0.0001
    80        0.7102            -nan     0.1000   -0.0008
   100        0.6773            -nan     0.1000   -0.0008
   120        0.6414            -nan     0.1000    0.0003
   140        0.6170            -nan     0.1000   -0.0006
   150        0.6026            -nan     0.1000   -0.0003

Iter   TrainDeviance   ValidDeviance   StepSize   Improve
     1        1.2337            -nan     0.1000    0.0311
     2        1.1828            -nan     0.1000    0.0233
     3        1.1438            -nan     0.1000    0.0202
     4        1.1085            -nan     0.1000    0.0140
     5        1.0740            -nan     0.1000    0.0108
     6        1.0460            -nan     0.1000    0.0133
     7        1.0253            -nan     0.1000    0.0083
     8        1.0042            -nan     0.1000    0.0096
     9        0.9841            -nan     0.1000    0.0081
    10        0.9678            -nan     0.1000    0.0056
    20        0.8544            -nan     0.1000    0.0009
    40        0.7352            -nan     0.1000    0.0015
    60        0.6732            -nan     0.1000   -0.0008
    80        0.6212            -nan     0.1000   -0.0016
   100        0.5809            -nan     0.1000   -0.0007
   120        0.5402            -nan     0.1000   -0.0018
   140        0.5084            -nan     0.1000   -0.0013
   150        0.4916            -nan     0.1000   -0.0010

Iter   TrainDeviance   ValidDeviance   StepSize   Improve
     1        1.2361            -nan     0.1000    0.0148
     2        1.2088            -nan     0.1000    0.0124
     3        1.1864            -nan     0.1000    0.0108
     4        1.1660            -nan     0.1000    0.0081
     5        1.1501            -nan     0.1000    0.0074
     6        1.1353            -nan     0.1000    0.0049
     7        1.1207            -nan     0.1000    0.0065
     8        1.1072            -nan     0.1000    0.0051
     9        1.0920            -nan     0.1000    0.0060
    10        1.0815            -nan     0.1000    0.0033
    20        0.9950            -nan     0.1000    0.0009
    40        0.9111            -nan     0.1000    0.0010
    60        0.8661            -nan     0.1000    0.0003
    80        0.8378            -nan     0.1000    0.0003
   100        0.8169            -nan     0.1000    0.0001
   120        0.8028            -nan     0.1000   -0.0010
   140        0.7897            -nan     0.1000   -0.0010
   150        0.7809            -nan     0.1000   -0.0006

Iter   TrainDeviance   ValidDeviance   StepSize   Improve
     1        1.2299            -nan     0.1000    0.0159
     2        1.1922            -nan     0.1000    0.0181
     3        1.1570            -nan     0.1000    0.0166
     4        1.1257            -nan     0.1000    0.0121
     5        1.1052            -nan     0.1000    0.0092
     6        1.0836            -nan     0.1000    0.0112
     7        1.0633            -nan     0.1000    0.0065
     8        1.0460            -nan     0.1000    0.0055
     9        1.0325            -nan     0.1000    0.0045
    10        1.0190            -nan     0.1000    0.0040
    20        0.9210            -nan     0.1000    0.0021
    40        0.8356            -nan     0.1000   -0.0005
    60        0.7850            -nan     0.1000    0.0003
    80        0.7417            -nan     0.1000    0.0006
   100        0.7078            -nan     0.1000   -0.0007
   120        0.6805            -nan     0.1000   -0.0021
   140        0.6585            -nan     0.1000   -0.0005
   150        0.6422            -nan     0.1000   -0.0008

Iter   TrainDeviance   ValidDeviance   StepSize   Improve
     1        1.2162            -nan     0.1000    0.0234
     2        1.1714            -nan     0.1000    0.0197
     3        1.1330            -nan     0.1000    0.0152
     4        1.1034            -nan     0.1000    0.0129
     5        1.0769            -nan     0.1000    0.0095
     6        1.0537            -nan     0.1000    0.0084
     7        1.0316            -nan     0.1000    0.0099
     8        1.0145            -nan     0.1000    0.0048
     9        0.9948            -nan     0.1000    0.0070
    10        0.9804            -nan     0.1000    0.0038
    20        0.8695            -nan     0.1000    0.0026
    40        0.7629            -nan     0.1000    0.0009
    60        0.6950            -nan     0.1000   -0.0020
    80        0.6391            -nan     0.1000   -0.0019
   100        0.5970            -nan     0.1000   -0.0014
   120        0.5576            -nan     0.1000    0.0001
   140        0.5260            -nan     0.1000   -0.0007
   150        0.5063            -nan     0.1000   -0.0004

Iter   TrainDeviance   ValidDeviance   StepSize   Improve
     1        1.2381            -nan     0.1000    0.0144
     2        1.2075            -nan     0.1000    0.0166
     3        1.1811            -nan     0.1000    0.0129
     4        1.1628            -nan     0.1000    0.0097
     5        1.1471            -nan     0.1000    0.0060
     6        1.1269            -nan     0.1000    0.0085
     7        1.1129            -nan     0.1000    0.0059
     8        1.1007            -nan     0.1000    0.0051
     9        1.0876            -nan     0.1000    0.0042
    10        1.0767            -nan     0.1000    0.0035
    20        0.9901            -nan     0.1000    0.0032
    40        0.9123            -nan     0.1000    0.0004
    60        0.8659            -nan     0.1000   -0.0006
    80        0.8358            -nan     0.1000   -0.0004
   100        0.8158            -nan     0.1000   -0.0008
   120        0.7991            -nan     0.1000   -0.0006
   140        0.7818            -nan     0.1000   -0.0012
   150        0.7733            -nan     0.1000   -0.0002

Iter   TrainDeviance   ValidDeviance   StepSize   Improve
     1        1.2326            -nan     0.1000    0.0193
     2        1.1943            -nan     0.1000    0.0186
     3        1.1656            -nan     0.1000    0.0152
     4        1.1338            -nan     0.1000    0.0131
     5        1.1088            -nan     0.1000    0.0121
     6        1.0873            -nan     0.1000    0.0092
     7        1.0681            -nan     0.1000    0.0073
     8        1.0521            -nan     0.1000    0.0057
     9        1.0376            -nan     0.1000    0.0038
    10        1.0242            -nan     0.1000    0.0072
    20        0.9260            -nan     0.1000    0.0025
    40        0.8169            -nan     0.1000    0.0003
    60        0.7602            -nan     0.1000   -0.0002
    80        0.7122            -nan     0.1000   -0.0010
   100        0.6724            -nan     0.1000   -0.0008
   120        0.6419            -nan     0.1000   -0.0005
   140        0.6130            -nan     0.1000   -0.0003
   150        0.5971            -nan     0.1000    0.0001

Iter   TrainDeviance   ValidDeviance   StepSize   Improve
     1        1.2211            -nan     0.1000    0.0234
     2        1.1776            -nan     0.1000    0.0199
     3        1.1408            -nan     0.1000    0.0172
     4        1.1099            -nan     0.1000    0.0132
     5        1.0873            -nan     0.1000    0.0079
     6        1.0648            -nan     0.1000    0.0097
     7        1.0411            -nan     0.1000    0.0101
     8        1.0240            -nan     0.1000    0.0058
     9        0.9998            -nan     0.1000    0.0083
    10        0.9824            -nan     0.1000    0.0047
    20        0.8670            -nan     0.1000    0.0024
    40        0.7543            -nan     0.1000   -0.0002
    60        0.6746            -nan     0.1000   -0.0002
    80        0.6228            -nan     0.1000   -0.0011
   100        0.5776            -nan     0.1000   -0.0006
   120        0.5363            -nan     0.1000    0.0001
   140        0.5014            -nan     0.1000   -0.0023
   150        0.4847            -nan     0.1000    0.0004

Iter   TrainDeviance   ValidDeviance   StepSize   Improve
     1        1.2651            -nan     0.1000    0.0138
     2        1.2360            -nan     0.1000    0.0125
     3        1.2081            -nan     0.1000    0.0123
     4        1.1864            -nan     0.1000    0.0101
     5        1.1657            -nan     0.1000    0.0099
     6        1.1485            -nan     0.1000    0.0072
     7        1.1379            -nan     0.1000    0.0036
     8        1.1236            -nan     0.1000    0.0056
     9        1.1079            -nan     0.1000    0.0045
    10        1.0961            -nan     0.1000    0.0034
    20        1.0002            -nan     0.1000    0.0013
    40        0.8990            -nan     0.1000    0.0005
    60        0.8456            -nan     0.1000   -0.0009
    80        0.8142            -nan     0.1000    0.0005
   100        0.7944            -nan     0.1000   -0.0013
   120        0.7723            -nan     0.1000    0.0001
   140        0.7527            -nan     0.1000   -0.0014
   150        0.7458            -nan     0.1000   -0.0011

Iter   TrainDeviance   ValidDeviance   StepSize   Improve
     1        1.2475            -nan     0.1000    0.0213
     2        1.2053            -nan     0.1000    0.0145
     3        1.1708            -nan     0.1000    0.0143
     4        1.1386            -nan     0.1000    0.0133
     5        1.1125            -nan     0.1000    0.0088
     6        1.0929            -nan     0.1000    0.0088
     7        1.0701            -nan     0.1000    0.0078
     8        1.0499            -nan     0.1000    0.0093
     9        1.0302            -nan     0.1000    0.0073
    10        1.0171            -nan     0.1000    0.0045
    20        0.9014            -nan     0.1000    0.0018
    40        0.8025            -nan     0.1000    0.0004
    60        0.7461            -nan     0.1000   -0.0003
    80        0.7022            -nan     0.1000   -0.0010
   100        0.6719            -nan     0.1000   -0.0003
   120        0.6363            -nan     0.1000   -0.0005
   140        0.6107            -nan     0.1000   -0.0006
   150        0.5959            -nan     0.1000   -0.0010

Iter   TrainDeviance   ValidDeviance   StepSize   Improve
     1        1.2499            -nan     0.1000    0.0207
     2        1.2026            -nan     0.1000    0.0226
     3        1.1596            -nan     0.1000    0.0173
     4        1.1225            -nan     0.1000    0.0138
     5        1.0927            -nan     0.1000    0.0112
     6        1.0656            -nan     0.1000    0.0107
     7        1.0391            -nan     0.1000    0.0115
     8        1.0189            -nan     0.1000    0.0088
     9        1.0011            -nan     0.1000    0.0066
    10        0.9803            -nan     0.1000    0.0094
    20        0.8515            -nan     0.1000    0.0029
    40        0.7384            -nan     0.1000    0.0003
    60        0.6669            -nan     0.1000   -0.0002
    80        0.6093            -nan     0.1000   -0.0003
   100        0.5636            -nan     0.1000   -0.0009
   120        0.5236            -nan     0.1000   -0.0005
   140        0.4877            -nan     0.1000   -0.0009
   150        0.4725            -nan     0.1000   -0.0018

Iter   TrainDeviance   ValidDeviance   StepSize   Improve
     1        1.2656            -nan     0.1000    0.0158
     2        1.2355            -nan     0.1000    0.0140
     3        1.2136            -nan     0.1000    0.0103
     4        1.1939            -nan     0.1000    0.0093
     5        1.1787            -nan     0.1000    0.0064
     6        1.1586            -nan     0.1000    0.0085
     7        1.1461            -nan     0.1000    0.0053
     8        1.1373            -nan     0.1000    0.0041
     9        1.1222            -nan     0.1000    0.0058
    10        1.1092            -nan     0.1000    0.0051
    20        1.0313            -nan     0.1000    0.0009
    40        0.9587            -nan     0.1000    0.0003
    60        0.9167            -nan     0.1000   -0.0006
    80        0.8894            -nan     0.1000   -0.0001
   100        0.8666            -nan     0.1000   -0.0002
   120        0.8480            -nan     0.1000   -0.0001
   140        0.8336            -nan     0.1000   -0.0019
   150        0.8282            -nan     0.1000   -0.0008

Iter   TrainDeviance   ValidDeviance   StepSize   Improve
     1        1.2582            -nan     0.1000    0.0228
     2        1.2229            -nan     0.1000    0.0186
     3        1.1880            -nan     0.1000    0.0132
     4        1.1635            -nan     0.1000    0.0116
     5        1.1405            -nan     0.1000    0.0098
     6        1.1205            -nan     0.1000    0.0087
     7        1.1024            -nan     0.1000    0.0076
     8        1.0848            -nan     0.1000    0.0068
     9        1.0703            -nan     0.1000    0.0047
    10        1.0572            -nan     0.1000    0.0048
    20        0.9642            -nan     0.1000   -0.0002
    40        0.8715            -nan     0.1000   -0.0008
    60        0.8153            -nan     0.1000    0.0010
    80        0.7682            -nan     0.1000   -0.0001
   100        0.7319            -nan     0.1000   -0.0013
   120        0.6980            -nan     0.1000   -0.0016
   140        0.6692            -nan     0.1000   -0.0007
   150        0.6500            -nan     0.1000    0.0000

Iter   TrainDeviance   ValidDeviance   StepSize   Improve
     1        1.2512            -nan     0.1000    0.0234
     2        1.2052            -nan     0.1000    0.0192
     3        1.1729            -nan     0.1000    0.0134
     4        1.1451            -nan     0.1000    0.0113
     5        1.1181            -nan     0.1000    0.0098
     6        1.0979            -nan     0.1000    0.0086
     7        1.0762            -nan     0.1000    0.0075
     8        1.0574            -nan     0.1000    0.0083
     9        1.0408            -nan     0.1000    0.0074
    10        1.0250            -nan     0.1000    0.0052
    20        0.9194            -nan     0.1000    0.0008
    40        0.8024            -nan     0.1000   -0.0014
    60        0.7276            -nan     0.1000   -0.0004
    80        0.6630            -nan     0.1000   -0.0005
   100        0.6155            -nan     0.1000    0.0001
   120        0.5728            -nan     0.1000   -0.0007
   140        0.5341            -nan     0.1000   -0.0006
   150        0.5159            -nan     0.1000   -0.0001

Iter   TrainDeviance   ValidDeviance   StepSize   Improve
     1        1.2436            -nan     0.1000    0.0151
     2        1.2182            -nan     0.1000    0.0104
     3        1.1911            -nan     0.1000    0.0114
     4        1.1695            -nan     0.1000    0.0091
     5        1.1510            -nan     0.1000    0.0090
     6        1.1340            -nan     0.1000    0.0081
     7        1.1187            -nan     0.1000    0.0058
     8        1.1073            -nan     0.1000    0.0048
     9        1.0922            -nan     0.1000    0.0036
    10        1.0797            -nan     0.1000    0.0058
    20        0.9979            -nan     0.1000    0.0014
    40        0.9196            -nan     0.1000    0.0009
    60        0.8862            -nan     0.1000   -0.0019
    80        0.8603            -nan     0.1000   -0.0006
   100        0.8401            -nan     0.1000   -0.0014
   120        0.8258            -nan     0.1000   -0.0012
   140        0.8113            -nan     0.1000   -0.0008
   150        0.8064            -nan     0.1000   -0.0007

Iter   TrainDeviance   ValidDeviance   StepSize   Improve
     1        1.2345            -nan     0.1000    0.0212
     2        1.1993            -nan     0.1000    0.0151
     3        1.1639            -nan     0.1000    0.0155
     4        1.1350            -nan     0.1000    0.0132
     5        1.1129            -nan     0.1000    0.0101
     6        1.0858            -nan     0.1000    0.0091
     7        1.0686            -nan     0.1000    0.0069
     8        1.0510            -nan     0.1000    0.0074
     9        1.0349            -nan     0.1000    0.0037
    10        1.0243            -nan     0.1000    0.0020
    20        0.9375            -nan     0.1000    0.0004
    40        0.8486            -nan     0.1000    0.0008
    60        0.7989            -nan     0.1000   -0.0002
    80        0.7550            -nan     0.1000   -0.0011
   100        0.7233            -nan     0.1000   -0.0005
   120        0.6918            -nan     0.1000   -0.0007
   140        0.6681            -nan     0.1000   -0.0000
   150        0.6469            -nan     0.1000   -0.0009

Iter   TrainDeviance   ValidDeviance   StepSize   Improve
     1        1.2288            -nan     0.1000    0.0238
     2        1.1874            -nan     0.1000    0.0206
     3        1.1470            -nan     0.1000    0.0176
     4        1.1133            -nan     0.1000    0.0145
     5        1.0887            -nan     0.1000    0.0086
     6        1.0655            -nan     0.1000    0.0119
     7        1.0435            -nan     0.1000    0.0068
     8        1.0250            -nan     0.1000    0.0072
     9        1.0049            -nan     0.1000    0.0076
    10        0.9866            -nan     0.1000    0.0039
    20        0.8781            -nan     0.1000   -0.0001
    40        0.7847            -nan     0.1000    0.0001
    60        0.7177            -nan     0.1000   -0.0011
    80        0.6643            -nan     0.1000   -0.0010
   100        0.6162            -nan     0.1000   -0.0017
   120        0.5647            -nan     0.1000   -0.0009
   140        0.5270            -nan     0.1000   -0.0010
   150        0.5134            -nan     0.1000   -0.0012

Iter   TrainDeviance   ValidDeviance   StepSize   Improve
     1        1.2344            -nan     0.1000    0.0251
     2        1.1969            -nan     0.1000    0.0161
     3        1.1571            -nan     0.1000    0.0171
     4        1.1248            -nan     0.1000    0.0146
     5        1.0997            -nan     0.1000    0.0094
     6        1.0733            -nan     0.1000    0.0100
     7        1.0543            -nan     0.1000    0.0075
     8        1.0325            -nan     0.1000    0.0066
     9        1.0169            -nan     0.1000    0.0050
    10        1.0033            -nan     0.1000    0.0043
    20        0.9052            -nan     0.1000    0.0010
    40        0.8202            -nan     0.1000   -0.0001
    50        0.7949            -nan     0.1000   -0.0021

TRAINING SUCCESSFUL
The most important attribute: plas (for technique: gbm)
________________
Dataset: diabetes 
Technique: gcvEarth 
Probability table:

tested_negative tested_positive 
      0.6510417       0.3489583 
BEGIN TRAINING
TRAINING SUCCESSFUL
The most important attribute: plas (for technique: gcvEarth)
________________
Dataset: diabetes 
Technique: JRip 
Probability table:

tested_negative tested_positive 
      0.6510417       0.3489583 
BEGIN TRAINING
TRAINING SUCCESSFUL
The most important attribute: plas (for technique: JRip)
________________
Dataset: diabetes 
Technique: lvq 
Probability table:

tested_negative tested_positive 
      0.6510417       0.3489583 
BEGIN TRAINING
TRAINING SUCCESSFUL
The most important attribute: plas (for technique: lvq)
________________
Dataset: diabetes 
Technique: mlpML 
Probability table:

tested_negative tested_positive 
      0.6510417       0.3489583 
BEGIN TRAINING
TRAINING SUCCESSFUL
The most important attribute: plas (for technique: mlpML)
________________
Dataset: diabetes 
Technique: multinom 
Probability table:

tested_negative tested_positive 
      0.6510417       0.3489583 
BEGIN TRAINING
# weights:  10 (9 variable)
initial  value 532.337035 
iter  10 value 369.653338
final  value 361.722689 
converged
TRAINING SUCCESSFUL
The most important attribute: plas (for technique: multinom)
________________
Dataset: diabetes 
Technique: naive_bayes 
Probability table:

tested_negative tested_positive 
      0.6510417       0.3489583 
BEGIN TRAINING
TRAINING SUCCESSFUL
The most important attribute: plas (for technique: naive_bayes)
________________
Dataset: diabetes 
Technique: PART 
Probability table:

tested_negative tested_positive 
      0.6510417       0.3489583 
BEGIN TRAINING
TRAINING SUCCESSFUL
The most important attribute: plas (for technique: PART)
________________
Dataset: diabetes 
Technique: rbfDDA 
Probability table:

tested_negative tested_positive 
      0.6510417       0.3489583 
BEGIN TRAINING
TRAINING SUCCESSFUL
The most important attribute: plas (for technique: rbfDDA)
________________
Dataset: diabetes 
Technique: rda 
Probability table:

tested_negative tested_positive 
      0.6510417       0.3489583 
BEGIN TRAINING
TRAINING SUCCESSFUL
The most important attribute: plas (for technique: rda)
________________
Dataset: diabetes 
Technique: rf 
Probability table:

tested_negative tested_positive 
      0.6510417       0.3489583 
BEGIN TRAINING
TRAINING SUCCESSFUL
The most important attribute: plas (for technique: rf)
________________
Dataset: diabetes 
Technique: rpart 
Probability table:

tested_negative tested_positive 
      0.6510417       0.3489583 
BEGIN TRAINING
TRAINING SUCCESSFUL
The most important attribute: plas (for technique: rpart)
________________
Dataset: diabetes 
Technique: simpls 
Probability table:

tested_negative tested_positive 
      0.6510417       0.3489583 
BEGIN TRAINING
TRAINING SUCCESSFUL
The most important attribute: plas (for technique: simpls)
________________
Dataset: diabetes 
Technique: svmLinear 
Probability table:

tested_negative tested_positive 
      0.6510417       0.3489583 
BEGIN TRAINING
TRAINING SUCCESSFUL
The most important attribute: plas (for technique: svmLinear)
________________
Dataset: diabetes 
Technique: svmRadial 
Probability table:

tested_negative tested_positive 
      0.6510417       0.3489583 
BEGIN TRAINING
TRAINING SUCCESSFUL
The most important attribute: plas (for technique: svmRadial)
________________
Dataset: diabetes 
Technique: rfRules 
Probability table:

tested_negative tested_positive 
      0.6510417       0.3489583 
BEGIN TRAINING
Registered S3 method overwritten by 'RRF':
  method      from        
  plot.margin randomForest
2000 rules (length<=2) were extracted from the first 500 trees.
3945 rules (length<=3) were extracted from the first 500 trees.
7210 rules (length<=4) were extracted from the first 500 trees.
1998 rules (length<=2) were extracted from the first 500 trees.
3935 rules (length<=3) were extracted from the first 500 trees.
6964 rules (length<=4) were extracted from the first 500 trees.
2000 rules (length<=2) were extracted from the first 500 trees.
3969 rules (length<=3) were extracted from the first 500 trees.
7326 rules (length<=4) were extracted from the first 500 trees.
2000 rules (length<=2) were extracted from the first 500 trees.
3989 rules (length<=3) were extracted from the first 500 trees.
7523 rules (length<=4) were extracted from the first 500 trees.
2000 rules (length<=2) were extracted from the first 500 trees.
3875 rules (length<=3) were extracted from the first 500 trees.
6780 rules (length<=4) were extracted from the first 500 trees.
2000 rules (length<=2) were extracted from the first 500 trees.
3955 rules (length<=3) were extracted from the first 500 trees.
7367 rules (length<=4) were extracted from the first 500 trees.
2000 rules (length<=2) were extracted from the first 500 trees.
3970 rules (length<=3) were extracted from the first 500 trees.
7418 rules (length<=4) were extracted from the first 500 trees.
2000 rules (length<=2) were extracted from the first 500 trees.
3983 rules (length<=3) were extracted from the first 500 trees.
7455 rules (length<=4) were extracted from the first 500 trees.
1999 rules (length<=2) were extracted from the first 500 trees.
3949 rules (length<=3) were extracted from the first 500 trees.
7403 rules (length<=4) were extracted from the first 500 trees.
2000 rules (length<=2) were extracted from the first 500 trees.
3965 rules (length<=3) were extracted from the first 500 trees.
7298 rules (length<=4) were extracted from the first 500 trees.
2000 rules (length<=2) were extracted from the first 500 trees.
3950 rules (length<=3) were extracted from the first 500 trees.
7343 rules (length<=4) were extracted from the first 500 trees.
2000 rules (length<=2) were extracted from the first 500 trees.
3960 rules (length<=3) were extracted from the first 500 trees.
7455 rules (length<=4) were extracted from the first 500 trees.
1998 rules (length<=2) were extracted from the first 500 trees.
3932 rules (length<=3) were extracted from the first 500 trees.
7196 rules (length<=4) were extracted from the first 500 trees.
2000 rules (length<=2) were extracted from the first 500 trees.
3906 rules (length<=3) were extracted from the first 500 trees.
6907 rules (length<=4) were extracted from the first 500 trees.
2000 rules (length<=2) were extracted from the first 500 trees.
3936 rules (length<=3) were extracted from the first 500 trees.
7154 rules (length<=4) were extracted from the first 500 trees.
1999 rules (length<=2) were extracted from the first 500 trees.
3951 rules (length<=3) were extracted from the first 500 trees.
7372 rules (length<=4) were extracted from the first 500 trees.
1999 rules (length<=2) were extracted from the first 500 trees.
3939 rules (length<=3) were extracted from the first 500 trees.
7312 rules (length<=4) were extracted from the first 500 trees.
2000 rules (length<=2) were extracted from the first 500 trees.
3961 rules (length<=3) were extracted from the first 500 trees.
7310 rules (length<=4) were extracted from the first 500 trees.
1998 rules (length<=2) were extracted from the first 500 trees.
3912 rules (length<=3) were extracted from the first 500 trees.
6986 rules (length<=4) were extracted from the first 500 trees.
2000 rules (length<=2) were extracted from the first 500 trees.
3919 rules (length<=3) were extracted from the first 500 trees.
6934 rules (length<=4) were extracted from the first 500 trees.
2000 rules (length<=2) were extracted from the first 500 trees.
3883 rules (length<=3) were extracted from the first 500 trees.
6706 rules (length<=4) were extracted from the first 500 trees.
2000 rules (length<=2) were extracted from the first 500 trees.
3941 rules (length<=3) were extracted from the first 500 trees.
7284 rules (length<=4) were extracted from the first 500 trees.
2000 rules (length<=2) were extracted from the first 500 trees.
3925 rules (length<=3) were extracted from the first 500 trees.
7208 rules (length<=4) were extracted from the first 500 trees.
2000 rules (length<=2) were extracted from the first 500 trees.
3959 rules (length<=3) were extracted from the first 500 trees.
7322 rules (length<=4) were extracted from the first 500 trees.
1998 rules (length<=2) were extracted from the first 500 trees.
3958 rules (length<=3) were extracted from the first 500 trees.
7265 rules (length<=4) were extracted from the first 500 trees.
3971 rules (length<=3) were extracted from the first 500 trees.
TRAINING SUCCESSFUL
The most important attribute: plas (for technique: rfRules)
________________
Dataset: diabetes 
Technique: knn 
Probability table:

tested_negative tested_positive 
      0.6510417       0.3489583 
BEGIN TRAINING
TRAINING SUCCESSFUL
The most important attribute: plas (for technique: knn)
________________
Dataset: diabetes 
Technique: bayesglm 
Probability table:

tested_negative tested_positive 
      0.6510417       0.3489583 
BEGIN TRAINING
TRAINING SUCCESSFUL
The most important attribute: plas (for technique: bayesglm)
________________
Most important attribute obtained with all techniques
----------------
There were 50 or more warnings (use warnings() to see the first 50)
****************
RESULTS RECORDED
****************
