Current working directory: /home/chris/github/kappa-threshold 
parameters.csv exists: TRUE 
parameters.csv absolute path: /home/chris/github/kappa-threshold/data/files/parameters.csv 
Dataset: eucalyptus 
Technique: C5.0 
Probability table:

        P         N 
0.3166927 0.6833073 
BEGIN TRAINING
TRAINING SUCCESSFUL
The most important attribute: Vig (for technique: C5.0)
________________
Dataset: eucalyptus 
Technique: ctree 
Probability table:

        P         N 
0.3166927 0.6833073 
BEGIN TRAINING
TRAINING SUCCESSFUL
The most important attribute: Vig (for technique: ctree)
________________
Dataset: eucalyptus 
Technique: fda 
Probability table:

        P         N 
0.3166927 0.6833073 
BEGIN TRAINING
TRAINING SUCCESSFUL
The most important attribute: Vig (for technique: fda)
________________
Dataset: eucalyptus 
Technique: gbm 
Probability table:

        P         N 
0.3166927 0.6833073 
BEGIN TRAINING
Iter   TrainDeviance   ValidDeviance   StepSize   Improve
     1        1.2272            -nan     0.1000    0.0154
     2        1.2005            -nan     0.1000    0.0116
     3        1.1752            -nan     0.1000    0.0136
     4        1.1536            -nan     0.1000    0.0116
     5        1.1328            -nan     0.1000    0.0068
     6        1.1210            -nan     0.1000    0.0047
     7        1.1061            -nan     0.1000    0.0070
     8        1.0958            -nan     0.1000    0.0008
     9        1.0838            -nan     0.1000    0.0058
    10        1.0746            -nan     0.1000    0.0033
    20        0.9986            -nan     0.1000    0.0001
    40        0.9099            -nan     0.1000   -0.0002
    60        0.8549            -nan     0.1000    0.0004
    80        0.8153            -nan     0.1000   -0.0001
   100        0.7918            -nan     0.1000   -0.0008
   120        0.7642            -nan     0.1000    0.0002
   140        0.7435            -nan     0.1000   -0.0003
   150        0.7349            -nan     0.1000   -0.0005

Iter   TrainDeviance   ValidDeviance   StepSize   Improve
     1        1.2212            -nan     0.1000    0.0196
     2        1.1805            -nan     0.1000    0.0148
     3        1.1466            -nan     0.1000    0.0166
     4        1.1169            -nan     0.1000    0.0129
     5        1.0935            -nan     0.1000    0.0085
     6        1.0684            -nan     0.1000    0.0113
     7        1.0477            -nan     0.1000    0.0091
     8        1.0300            -nan     0.1000    0.0079
     9        1.0183            -nan     0.1000    0.0030
    10        1.0020            -nan     0.1000    0.0064
    20        0.9022            -nan     0.1000    0.0018
    40        0.7876            -nan     0.1000   -0.0013
    60        0.7139            -nan     0.1000    0.0014
    80        0.6597            -nan     0.1000    0.0003
   100        0.6153            -nan     0.1000   -0.0007
   120        0.5745            -nan     0.1000   -0.0001
   140        0.5403            -nan     0.1000   -0.0007
   150        0.5251            -nan     0.1000   -0.0008

Iter   TrainDeviance   ValidDeviance   StepSize   Improve
     1        1.2122            -nan     0.1000    0.0210
     2        1.1690            -nan     0.1000    0.0196
     3        1.1314            -nan     0.1000    0.0161
     4        1.1045            -nan     0.1000    0.0108
     5        1.0727            -nan     0.1000    0.0133
     6        1.0449            -nan     0.1000    0.0120
     7        1.0184            -nan     0.1000    0.0104
     8        0.9951            -nan     0.1000    0.0085
     9        0.9756            -nan     0.1000    0.0081
    10        0.9587            -nan     0.1000    0.0030
    20        0.8336            -nan     0.1000    0.0026
    40        0.7025            -nan     0.1000    0.0004
    60        0.6200            -nan     0.1000   -0.0000
    80        0.5543            -nan     0.1000   -0.0014
   100        0.5047            -nan     0.1000   -0.0005
   120        0.4623            -nan     0.1000   -0.0009
   140        0.4270            -nan     0.1000   -0.0011
   150        0.4015            -nan     0.1000    0.0001

Iter   TrainDeviance   ValidDeviance   StepSize   Improve
     1        1.2377            -nan     0.1000    0.0191
     2        1.2112            -nan     0.1000    0.0107
     3        1.1834            -nan     0.1000    0.0118
     4        1.1590            -nan     0.1000    0.0130
     5        1.1328            -nan     0.1000    0.0117
     6        1.1110            -nan     0.1000    0.0086
     7        1.0944            -nan     0.1000    0.0075
     8        1.0805            -nan     0.1000    0.0058
     9        1.0648            -nan     0.1000    0.0065
    10        1.0542            -nan     0.1000    0.0043
    20        0.9752            -nan     0.1000    0.0018
    40        0.8768            -nan     0.1000    0.0005
    60        0.8301            -nan     0.1000    0.0005
    80        0.7944            -nan     0.1000    0.0005
   100        0.7672            -nan     0.1000   -0.0000
   120        0.7424            -nan     0.1000   -0.0002
   140        0.7243            -nan     0.1000   -0.0010
   150        0.7158            -nan     0.1000   -0.0002

Iter   TrainDeviance   ValidDeviance   StepSize   Improve
     1        1.2246            -nan     0.1000    0.0195
     2        1.1822            -nan     0.1000    0.0194
     3        1.1510            -nan     0.1000    0.0142
     4        1.1168            -nan     0.1000    0.0169
     5        1.0890            -nan     0.1000    0.0129
     6        1.0677            -nan     0.1000    0.0076
     7        1.0427            -nan     0.1000    0.0082
     8        1.0264            -nan     0.1000    0.0064
     9        1.0049            -nan     0.1000    0.0090
    10        0.9872            -nan     0.1000    0.0066
    20        0.8899            -nan     0.1000    0.0008
    40        0.7752            -nan     0.1000   -0.0008
    60        0.7027            -nan     0.1000    0.0010
    80        0.6565            -nan     0.1000   -0.0007
   100        0.6092            -nan     0.1000   -0.0013
   120        0.5657            -nan     0.1000   -0.0017
   140        0.5393            -nan     0.1000   -0.0007
   150        0.5219            -nan     0.1000   -0.0004

Iter   TrainDeviance   ValidDeviance   StepSize   Improve
     1        1.2180            -nan     0.1000    0.0252
     2        1.1697            -nan     0.1000    0.0218
     3        1.1268            -nan     0.1000    0.0178
     4        1.0904            -nan     0.1000    0.0165
     5        1.0583            -nan     0.1000    0.0133
     6        1.0241            -nan     0.1000    0.0111
     7        0.9996            -nan     0.1000    0.0092
     8        0.9769            -nan     0.1000    0.0093
     9        0.9573            -nan     0.1000    0.0072
    10        0.9453            -nan     0.1000    0.0042
    20        0.8245            -nan     0.1000    0.0013
    40        0.6900            -nan     0.1000    0.0000
    60        0.6086            -nan     0.1000   -0.0004
    80        0.5465            -nan     0.1000   -0.0000
   100        0.4933            -nan     0.1000   -0.0007
   120        0.4531            -nan     0.1000   -0.0000
   140        0.4162            -nan     0.1000    0.0005
   150        0.4018            -nan     0.1000   -0.0013

Iter   TrainDeviance   ValidDeviance   StepSize   Improve
     1        1.2168            -nan     0.1000    0.0164
     2        1.1873            -nan     0.1000    0.0126
     3        1.1610            -nan     0.1000    0.0116
     4        1.1389            -nan     0.1000    0.0101
     5        1.1191            -nan     0.1000    0.0093
     6        1.1039            -nan     0.1000    0.0076
     7        1.0884            -nan     0.1000    0.0065
     8        1.0764            -nan     0.1000    0.0057
     9        1.0627            -nan     0.1000    0.0044
    10        1.0536            -nan     0.1000    0.0039
    20        0.9907            -nan     0.1000    0.0019
    40        0.9079            -nan     0.1000    0.0011
    60        0.8671            -nan     0.1000   -0.0005
    80        0.8365            -nan     0.1000   -0.0008
   100        0.8100            -nan     0.1000    0.0001
   120        0.7900            -nan     0.1000    0.0002
   140        0.7738            -nan     0.1000   -0.0002
   150        0.7673            -nan     0.1000   -0.0007

Iter   TrainDeviance   ValidDeviance   StepSize   Improve
     1        1.2094            -nan     0.1000    0.0208
     2        1.1807            -nan     0.1000    0.0133
     3        1.1458            -nan     0.1000    0.0159
     4        1.1172            -nan     0.1000    0.0118
     5        1.0885            -nan     0.1000    0.0133
     6        1.0699            -nan     0.1000    0.0076
     7        1.0468            -nan     0.1000    0.0090
     8        1.0312            -nan     0.1000    0.0057
     9        1.0131            -nan     0.1000    0.0045
    10        0.9968            -nan     0.1000    0.0064
    20        0.9012            -nan     0.1000    0.0030
    40        0.7969            -nan     0.1000   -0.0004
    60        0.7321            -nan     0.1000   -0.0009
    80        0.6824            -nan     0.1000    0.0012
   100        0.6466            -nan     0.1000   -0.0002
   120        0.6149            -nan     0.1000   -0.0010
   140        0.5904            -nan     0.1000   -0.0019
   150        0.5739            -nan     0.1000   -0.0010

Iter   TrainDeviance   ValidDeviance   StepSize   Improve
     1        1.2083            -nan     0.1000    0.0153
     2        1.1619            -nan     0.1000    0.0214
     3        1.1280            -nan     0.1000    0.0154
     4        1.0937            -nan     0.1000    0.0150
     5        1.0607            -nan     0.1000    0.0130
     6        1.0343            -nan     0.1000    0.0122
     7        1.0132            -nan     0.1000    0.0074
     8        0.9920            -nan     0.1000    0.0060
     9        0.9757            -nan     0.1000    0.0072
    10        0.9611            -nan     0.1000    0.0063
    20        0.8383            -nan     0.1000    0.0015
    40        0.7029            -nan     0.1000    0.0002
    60        0.6321            -nan     0.1000    0.0004
    80        0.5739            -nan     0.1000   -0.0014
   100        0.5348            -nan     0.1000   -0.0013
   120        0.5002            -nan     0.1000   -0.0017
   140        0.4618            -nan     0.1000   -0.0017
   150        0.4469            -nan     0.1000   -0.0004

Iter   TrainDeviance   ValidDeviance   StepSize   Improve
     1        1.1715            -nan     0.1000    0.0164
     2        1.1427            -nan     0.1000    0.0137
     3        1.1173            -nan     0.1000    0.0101
     4        1.0951            -nan     0.1000    0.0092
     5        1.0745            -nan     0.1000    0.0098
     6        1.0580            -nan     0.1000    0.0080
     7        1.0514            -nan     0.1000    0.0012
     8        1.0371            -nan     0.1000    0.0056
     9        1.0207            -nan     0.1000    0.0059
    10        1.0070            -nan     0.1000    0.0048
    20        0.9394            -nan     0.1000    0.0014
    40        0.8829            -nan     0.1000   -0.0015
    60        0.8444            -nan     0.1000   -0.0010
    80        0.8165            -nan     0.1000    0.0003
   100        0.7968            -nan     0.1000   -0.0003
   120        0.7769            -nan     0.1000   -0.0008
   140        0.7617            -nan     0.1000   -0.0001
   150        0.7533            -nan     0.1000   -0.0013

Iter   TrainDeviance   ValidDeviance   StepSize   Improve
     1        1.1616            -nan     0.1000    0.0184
     2        1.1244            -nan     0.1000    0.0140
     3        1.0951            -nan     0.1000    0.0127
     4        1.0697            -nan     0.1000    0.0118
     5        1.0459            -nan     0.1000    0.0107
     6        1.0267            -nan     0.1000    0.0045
     7        1.0087            -nan     0.1000    0.0062
     8        0.9944            -nan     0.1000    0.0046
     9        0.9804            -nan     0.1000    0.0010
    10        0.9717            -nan     0.1000    0.0016
    20        0.8676            -nan     0.1000    0.0017
    40        0.7674            -nan     0.1000    0.0010
    60        0.7075            -nan     0.1000   -0.0003
    80        0.6538            -nan     0.1000   -0.0005
   100        0.6138            -nan     0.1000   -0.0004
   120        0.5881            -nan     0.1000   -0.0005
   140        0.5525            -nan     0.1000   -0.0000
   150        0.5359            -nan     0.1000   -0.0007

Iter   TrainDeviance   ValidDeviance   StepSize   Improve
     1        1.1548            -nan     0.1000    0.0191
     2        1.1123            -nan     0.1000    0.0166
     3        1.0856            -nan     0.1000    0.0068
     4        1.0525            -nan     0.1000    0.0117
     5        1.0250            -nan     0.1000    0.0136
     6        0.9924            -nan     0.1000    0.0136
     7        0.9694            -nan     0.1000    0.0092
     8        0.9491            -nan     0.1000    0.0050
     9        0.9306            -nan     0.1000    0.0073
    10        0.9187            -nan     0.1000    0.0019
    20        0.8017            -nan     0.1000    0.0015
    40        0.6792            -nan     0.1000    0.0001
    60        0.5948            -nan     0.1000    0.0000
    80        0.5393            -nan     0.1000   -0.0010
   100        0.4953            -nan     0.1000   -0.0011
   120        0.4539            -nan     0.1000   -0.0020
   140        0.4194            -nan     0.1000   -0.0003
   150        0.4047            -nan     0.1000   -0.0008

Iter   TrainDeviance   ValidDeviance   StepSize   Improve
     1        1.2338            -nan     0.1000    0.0170
     2        1.2008            -nan     0.1000    0.0141
     3        1.1721            -nan     0.1000    0.0124
     4        1.1489            -nan     0.1000    0.0101
     5        1.1270            -nan     0.1000    0.0094
     6        1.1092            -nan     0.1000    0.0049
     7        1.0946            -nan     0.1000    0.0069
     8        1.0792            -nan     0.1000    0.0043
     9        1.0692            -nan     0.1000    0.0029
    10        1.0562            -nan     0.1000    0.0044
    20        0.9767            -nan     0.1000    0.0013
    40        0.9001            -nan     0.1000   -0.0001
    60        0.8534            -nan     0.1000    0.0002
    80        0.8188            -nan     0.1000   -0.0013
   100        0.7930            -nan     0.1000   -0.0013
   120        0.7705            -nan     0.1000   -0.0003
   140        0.7557            -nan     0.1000   -0.0017
   150        0.7493            -nan     0.1000   -0.0006

Iter   TrainDeviance   ValidDeviance   StepSize   Improve
     1        1.2320            -nan     0.1000    0.0127
     2        1.1935            -nan     0.1000    0.0184
     3        1.1589            -nan     0.1000    0.0172
     4        1.1270            -nan     0.1000    0.0125
     5        1.0972            -nan     0.1000    0.0125
     6        1.0744            -nan     0.1000    0.0077
     7        1.0495            -nan     0.1000    0.0112
     8        1.0295            -nan     0.1000    0.0099
     9        1.0106            -nan     0.1000    0.0076
    10        0.9956            -nan     0.1000    0.0052
    20        0.8878            -nan     0.1000    0.0006
    40        0.7847            -nan     0.1000    0.0005
    60        0.7239            -nan     0.1000   -0.0003
    80        0.6789            -nan     0.1000   -0.0009
   100        0.6340            -nan     0.1000   -0.0006
   120        0.5972            -nan     0.1000   -0.0011
   140        0.5673            -nan     0.1000   -0.0011
   150        0.5553            -nan     0.1000   -0.0012

Iter   TrainDeviance   ValidDeviance   StepSize   Improve
     1        1.2231            -nan     0.1000    0.0204
     2        1.1816            -nan     0.1000    0.0196
     3        1.1372            -nan     0.1000    0.0154
     4        1.1029            -nan     0.1000    0.0130
     5        1.0722            -nan     0.1000    0.0134
     6        1.0459            -nan     0.1000    0.0111
     7        1.0241            -nan     0.1000    0.0089
     8        1.0059            -nan     0.1000    0.0054
     9        0.9797            -nan     0.1000    0.0108
    10        0.9588            -nan     0.1000    0.0070
    20        0.8342            -nan     0.1000    0.0029
    40        0.7039            -nan     0.1000   -0.0006
    60        0.6325            -nan     0.1000   -0.0019
    80        0.5749            -nan     0.1000    0.0001
   100        0.5276            -nan     0.1000   -0.0013
   120        0.4864            -nan     0.1000   -0.0007
   140        0.4463            -nan     0.1000   -0.0010
   150        0.4298            -nan     0.1000   -0.0009

Iter   TrainDeviance   ValidDeviance   StepSize   Improve
     1        1.2253            -nan     0.1000    0.0111
     2        1.1995            -nan     0.1000    0.0123
     3        1.1812            -nan     0.1000    0.0074
     4        1.1606            -nan     0.1000    0.0088
     5        1.1434            -nan     0.1000    0.0066
     6        1.1270            -nan     0.1000    0.0075
     7        1.1137            -nan     0.1000    0.0040
     8        1.0978            -nan     0.1000    0.0078
     9        1.0868            -nan     0.1000    0.0044
    10        1.0763            -nan     0.1000    0.0022
    20        1.0092            -nan     0.1000    0.0036
    40        0.9410            -nan     0.1000   -0.0007
    60        0.8971            -nan     0.1000    0.0001
    80        0.8691            -nan     0.1000    0.0003
   100        0.8452            -nan     0.1000    0.0002
   120        0.8273            -nan     0.1000   -0.0005
   140        0.8067            -nan     0.1000    0.0004
   150        0.7975            -nan     0.1000   -0.0009

Iter   TrainDeviance   ValidDeviance   StepSize   Improve
     1        1.2055            -nan     0.1000    0.0212
     2        1.1707            -nan     0.1000    0.0140
     3        1.1433            -nan     0.1000    0.0109
     4        1.1226            -nan     0.1000    0.0078
     5        1.0967            -nan     0.1000    0.0097
     6        1.0768            -nan     0.1000    0.0089
     7        1.0559            -nan     0.1000    0.0100
     8        1.0421            -nan     0.1000    0.0055
     9        1.0271            -nan     0.1000    0.0046
    10        1.0137            -nan     0.1000    0.0045
    20        0.9216            -nan     0.1000    0.0036
    40        0.8201            -nan     0.1000    0.0003
    60        0.7585            -nan     0.1000   -0.0008
    80        0.7136            -nan     0.1000   -0.0011
   100        0.6791            -nan     0.1000   -0.0012
   120        0.6432            -nan     0.1000   -0.0007
   140        0.6176            -nan     0.1000   -0.0007
   150        0.6030            -nan     0.1000   -0.0007

Iter   TrainDeviance   ValidDeviance   StepSize   Improve
     1        1.2109            -nan     0.1000    0.0135
     2        1.1749            -nan     0.1000    0.0152
     3        1.1401            -nan     0.1000    0.0139
     4        1.1060            -nan     0.1000    0.0144
     5        1.0802            -nan     0.1000    0.0112
     6        1.0519            -nan     0.1000    0.0108
     7        1.0320            -nan     0.1000    0.0055
     8        1.0182            -nan     0.1000    0.0039
     9        1.0073            -nan     0.1000    0.0023
    10        0.9912            -nan     0.1000    0.0055
    20        0.8664            -nan     0.1000    0.0013
    40        0.7387            -nan     0.1000   -0.0009
    60        0.6689            -nan     0.1000   -0.0001
    80        0.6176            -nan     0.1000   -0.0004
   100        0.5609            -nan     0.1000   -0.0012
   120        0.5083            -nan     0.1000   -0.0004
   140        0.4690            -nan     0.1000   -0.0012
   150        0.4526            -nan     0.1000   -0.0012

Iter   TrainDeviance   ValidDeviance   StepSize   Improve
     1        1.2520            -nan     0.1000    0.0175
     2        1.2199            -nan     0.1000    0.0137
     3        1.1956            -nan     0.1000    0.0125
     4        1.1754            -nan     0.1000    0.0104
     5        1.1542            -nan     0.1000    0.0093
     6        1.1379            -nan     0.1000    0.0080
     7        1.1218            -nan     0.1000    0.0055
     8        1.1077            -nan     0.1000    0.0061
     9        1.0966            -nan     0.1000    0.0025
    10        1.0863            -nan     0.1000    0.0050
    20        1.0128            -nan     0.1000    0.0000
    40        0.9283            -nan     0.1000   -0.0008
    60        0.8785            -nan     0.1000   -0.0001
    80        0.8390            -nan     0.1000   -0.0006
   100        0.8108            -nan     0.1000   -0.0007
   120        0.7881            -nan     0.1000   -0.0003
   140        0.7716            -nan     0.1000   -0.0000
   150        0.7656            -nan     0.1000   -0.0005

Iter   TrainDeviance   ValidDeviance   StepSize   Improve
     1        1.2378            -nan     0.1000    0.0216
     2        1.2037            -nan     0.1000    0.0163
     3        1.1694            -nan     0.1000    0.0152
     4        1.1386            -nan     0.1000    0.0110
     5        1.1106            -nan     0.1000    0.0133
     6        1.0846            -nan     0.1000    0.0130
     7        1.0603            -nan     0.1000    0.0106
     8        1.0411            -nan     0.1000    0.0078
     9        1.0264            -nan     0.1000    0.0056
    10        1.0101            -nan     0.1000    0.0062
    20        0.9164            -nan     0.1000    0.0011
    40        0.8017            -nan     0.1000    0.0001
    60        0.7297            -nan     0.1000   -0.0003
    80        0.6768            -nan     0.1000   -0.0005
   100        0.6269            -nan     0.1000   -0.0005
   120        0.5954            -nan     0.1000   -0.0001
   140        0.5539            -nan     0.1000   -0.0004
   150        0.5342            -nan     0.1000   -0.0005

Iter   TrainDeviance   ValidDeviance   StepSize   Improve
     1        1.2265            -nan     0.1000    0.0221
     2        1.1861            -nan     0.1000    0.0159
     3        1.1409            -nan     0.1000    0.0195
     4        1.1079            -nan     0.1000    0.0140
     5        1.0743            -nan     0.1000    0.0143
     6        1.0493            -nan     0.1000    0.0093
     7        1.0260            -nan     0.1000    0.0079
     8        1.0017            -nan     0.1000    0.0082
     9        0.9788            -nan     0.1000    0.0100
    10        0.9591            -nan     0.1000    0.0072
    20        0.8356            -nan     0.1000    0.0010
    40        0.7091            -nan     0.1000    0.0015
    60        0.6200            -nan     0.1000    0.0000
    80        0.5521            -nan     0.1000   -0.0005
   100        0.4959            -nan     0.1000    0.0004
   120        0.4544            -nan     0.1000   -0.0004
   140        0.4174            -nan     0.1000   -0.0010
   150        0.4038            -nan     0.1000   -0.0008

Iter   TrainDeviance   ValidDeviance   StepSize   Improve
     1        1.2048            -nan     0.1000    0.0130
     2        1.1743            -nan     0.1000    0.0163
     3        1.1449            -nan     0.1000    0.0134
     4        1.1264            -nan     0.1000    0.0076
     5        1.1107            -nan     0.1000    0.0061
     6        1.0985            -nan     0.1000    0.0048
     7        1.0789            -nan     0.1000    0.0088
     8        1.0642            -nan     0.1000    0.0076
     9        1.0552            -nan     0.1000    0.0036
    10        1.0403            -nan     0.1000    0.0067
    20        0.9764            -nan     0.1000    0.0019
    40        0.9046            -nan     0.1000   -0.0003
    60        0.8534            -nan     0.1000   -0.0001
    80        0.8177            -nan     0.1000    0.0001
   100        0.7909            -nan     0.1000   -0.0007
   120        0.7706            -nan     0.1000   -0.0004
   140        0.7499            -nan     0.1000   -0.0009
   150        0.7431            -nan     0.1000   -0.0007

Iter   TrainDeviance   ValidDeviance   StepSize   Improve
     1        1.1899            -nan     0.1000    0.0181
     2        1.1508            -nan     0.1000    0.0199
     3        1.1178            -nan     0.1000    0.0147
     4        1.0907            -nan     0.1000    0.0129
     5        1.0697            -nan     0.1000    0.0074
     6        1.0480            -nan     0.1000    0.0086
     7        1.0338            -nan     0.1000    0.0050
     8        1.0178            -nan     0.1000    0.0063
     9        1.0001            -nan     0.1000    0.0068
    10        0.9838            -nan     0.1000    0.0065
    20        0.8966            -nan     0.1000    0.0013
    40        0.7914            -nan     0.1000    0.0003
    60        0.7316            -nan     0.1000   -0.0009
    80        0.6793            -nan     0.1000   -0.0001
   100        0.6434            -nan     0.1000   -0.0012
   120        0.6084            -nan     0.1000   -0.0005
   140        0.5803            -nan     0.1000   -0.0004
   150        0.5675            -nan     0.1000   -0.0008

Iter   TrainDeviance   ValidDeviance   StepSize   Improve
     1        1.1850            -nan     0.1000    0.0238
     2        1.1380            -nan     0.1000    0.0223
     3        1.1044            -nan     0.1000    0.0130
     4        1.0703            -nan     0.1000    0.0128
     5        1.0448            -nan     0.1000    0.0110
     6        1.0204            -nan     0.1000    0.0104
     7        0.9991            -nan     0.1000    0.0074
     8        0.9777            -nan     0.1000    0.0077
     9        0.9591            -nan     0.1000    0.0073
    10        0.9446            -nan     0.1000    0.0050
    20        0.8409            -nan     0.1000   -0.0002
    40        0.7110            -nan     0.1000    0.0020
    60        0.6316            -nan     0.1000   -0.0007
    80        0.5705            -nan     0.1000   -0.0011
   100        0.5133            -nan     0.1000   -0.0000
   120        0.4727            -nan     0.1000    0.0001
   140        0.4373            -nan     0.1000   -0.0011
   150        0.4228            -nan     0.1000   -0.0008

Iter   TrainDeviance   ValidDeviance   StepSize   Improve
     1        1.1909            -nan     0.1000    0.0159
     2        1.1693            -nan     0.1000    0.0101
     3        1.1408            -nan     0.1000    0.0127
     4        1.1192            -nan     0.1000    0.0103
     5        1.0992            -nan     0.1000    0.0085
     6        1.0855            -nan     0.1000    0.0045
     7        1.0682            -nan     0.1000    0.0094
     8        1.0549            -nan     0.1000    0.0033
     9        1.0413            -nan     0.1000    0.0074
    10        1.0318            -nan     0.1000    0.0031
    20        0.9593            -nan     0.1000    0.0012
    40        0.8824            -nan     0.1000    0.0008
    60        0.8227            -nan     0.1000    0.0015
    80        0.7870            -nan     0.1000   -0.0006
   100        0.7603            -nan     0.1000   -0.0001
   120        0.7403            -nan     0.1000   -0.0000
   140        0.7189            -nan     0.1000   -0.0002
   150        0.7119            -nan     0.1000   -0.0005

Iter   TrainDeviance   ValidDeviance   StepSize   Improve
     1        1.1747            -nan     0.1000    0.0206
     2        1.1428            -nan     0.1000    0.0133
     3        1.1077            -nan     0.1000    0.0175
     4        1.0816            -nan     0.1000    0.0134
     5        1.0554            -nan     0.1000    0.0113
     6        1.0318            -nan     0.1000    0.0076
     7        1.0195            -nan     0.1000    0.0014
     8        1.0084            -nan     0.1000    0.0030
     9        0.9920            -nan     0.1000    0.0068
    10        0.9768            -nan     0.1000    0.0059
    20        0.8727            -nan     0.1000    0.0029
    40        0.7480            -nan     0.1000    0.0012
    60        0.6793            -nan     0.1000   -0.0014
    80        0.6264            -nan     0.1000    0.0008
   100        0.5823            -nan     0.1000    0.0002
   120        0.5525            -nan     0.1000   -0.0003
   140        0.5250            -nan     0.1000   -0.0005
   150        0.5123            -nan     0.1000   -0.0006

Iter   TrainDeviance   ValidDeviance   StepSize   Improve
     1        1.1741            -nan     0.1000    0.0196
     2        1.1309            -nan     0.1000    0.0189
     3        1.0918            -nan     0.1000    0.0186
     4        1.0537            -nan     0.1000    0.0159
     5        1.0246            -nan     0.1000    0.0119
     6        0.9989            -nan     0.1000    0.0107
     7        0.9767            -nan     0.1000    0.0098
     8        0.9574            -nan     0.1000    0.0060
     9        0.9373            -nan     0.1000    0.0076
    10        0.9184            -nan     0.1000    0.0068
    20        0.7987            -nan     0.1000    0.0011
    40        0.6560            -nan     0.1000   -0.0005
    60        0.5733            -nan     0.1000   -0.0006
    80        0.5144            -nan     0.1000   -0.0008
   100        0.4636            -nan     0.1000   -0.0014
   120        0.4192            -nan     0.1000    0.0003
   140        0.3851            -nan     0.1000   -0.0011
   150        0.3735            -nan     0.1000   -0.0006

Iter   TrainDeviance   ValidDeviance   StepSize   Improve
     1        1.2211            -nan     0.1000    0.0088
     2        1.1926            -nan     0.1000    0.0134
     3        1.1733            -nan     0.1000    0.0090
     4        1.1521            -nan     0.1000    0.0094
     5        1.1331            -nan     0.1000    0.0094
     6        1.1156            -nan     0.1000    0.0077
     7        1.1045            -nan     0.1000    0.0049
     8        1.0980            -nan     0.1000    0.0010
     9        1.0845            -nan     0.1000    0.0055
    10        1.0741            -nan     0.1000    0.0045
    20        1.0081            -nan     0.1000    0.0019
    40        0.9276            -nan     0.1000    0.0014
    60        0.8722            -nan     0.1000    0.0012
    80        0.8298            -nan     0.1000   -0.0017
   100        0.7962            -nan     0.1000    0.0007
   120        0.7774            -nan     0.1000   -0.0002
   140        0.7571            -nan     0.1000   -0.0003
   150        0.7450            -nan     0.1000   -0.0010

Iter   TrainDeviance   ValidDeviance   StepSize   Improve
     1        1.2021            -nan     0.1000    0.0184
     2        1.1751            -nan     0.1000    0.0127
     3        1.1487            -nan     0.1000    0.0097
     4        1.1229            -nan     0.1000    0.0077
     5        1.0938            -nan     0.1000    0.0120
     6        1.0703            -nan     0.1000    0.0081
     7        1.0501            -nan     0.1000    0.0085
     8        1.0332            -nan     0.1000    0.0059
     9        1.0204            -nan     0.1000    0.0047
    10        1.0048            -nan     0.1000    0.0067
    20        0.9085            -nan     0.1000    0.0028
    40        0.8021            -nan     0.1000    0.0004
    60        0.7365            -nan     0.1000   -0.0011
    80        0.6819            -nan     0.1000   -0.0018
   100        0.6401            -nan     0.1000   -0.0015
   120        0.6024            -nan     0.1000   -0.0005
   140        0.5746            -nan     0.1000    0.0005
   150        0.5554            -nan     0.1000   -0.0010

Iter   TrainDeviance   ValidDeviance   StepSize   Improve
     1        1.1980            -nan     0.1000    0.0200
     2        1.1563            -nan     0.1000    0.0151
     3        1.1190            -nan     0.1000    0.0153
     4        1.0867            -nan     0.1000    0.0111
     5        1.0618            -nan     0.1000    0.0107
     6        1.0344            -nan     0.1000    0.0116
     7        1.0103            -nan     0.1000    0.0086
     8        0.9908            -nan     0.1000    0.0079
     9        0.9718            -nan     0.1000    0.0053
    10        0.9569            -nan     0.1000    0.0038
    20        0.8398            -nan     0.1000    0.0013
    40        0.6988            -nan     0.1000    0.0010
    60        0.6223            -nan     0.1000   -0.0013
    80        0.5561            -nan     0.1000   -0.0011
   100        0.5024            -nan     0.1000   -0.0006
   120        0.4619            -nan     0.1000   -0.0014
   140        0.4279            -nan     0.1000   -0.0004
   150        0.4130            -nan     0.1000   -0.0012

Iter   TrainDeviance   ValidDeviance   StepSize   Improve
     1        1.2296            -nan     0.1000    0.0143
     2        1.2000            -nan     0.1000    0.0115
     3        1.1750            -nan     0.1000    0.0125
     4        1.1519            -nan     0.1000    0.0101
     5        1.1314            -nan     0.1000    0.0088
     6        1.1172            -nan     0.1000    0.0076
     7        1.1052            -nan     0.1000    0.0059
     8        1.0899            -nan     0.1000    0.0071
     9        1.0759            -nan     0.1000    0.0060
    10        1.0661            -nan     0.1000    0.0034
    20        0.9957            -nan     0.1000    0.0014
    40        0.9138            -nan     0.1000   -0.0001
    60        0.8678            -nan     0.1000   -0.0013
    80        0.8351            -nan     0.1000   -0.0013
   100        0.8118            -nan     0.1000   -0.0004
   120        0.7870            -nan     0.1000   -0.0007
   140        0.7690            -nan     0.1000   -0.0010
   150        0.7602            -nan     0.1000   -0.0005

Iter   TrainDeviance   ValidDeviance   StepSize   Improve
     1        1.2213            -nan     0.1000    0.0140
     2        1.1859            -nan     0.1000    0.0121
     3        1.1535            -nan     0.1000    0.0152
     4        1.1313            -nan     0.1000    0.0084
     5        1.1069            -nan     0.1000    0.0107
     6        1.0857            -nan     0.1000    0.0087
     7        1.0665            -nan     0.1000    0.0081
     8        1.0498            -nan     0.1000    0.0040
     9        1.0319            -nan     0.1000    0.0070
    10        1.0215            -nan     0.1000    0.0015
    20        0.9175            -nan     0.1000    0.0021
    40        0.7994            -nan     0.1000    0.0002
    60        0.7293            -nan     0.1000    0.0004
    80        0.6679            -nan     0.1000   -0.0000
   100        0.6244            -nan     0.1000   -0.0010
   120        0.5810            -nan     0.1000   -0.0006
   140        0.5480            -nan     0.1000   -0.0003
   150        0.5342            -nan     0.1000    0.0000

Iter   TrainDeviance   ValidDeviance   StepSize   Improve
     1        1.2089            -nan     0.1000    0.0208
     2        1.1713            -nan     0.1000    0.0175
     3        1.1344            -nan     0.1000    0.0136
     4        1.1048            -nan     0.1000    0.0137
     5        1.0811            -nan     0.1000    0.0093
     6        1.0525            -nan     0.1000    0.0112
     7        1.0279            -nan     0.1000    0.0110
     8        1.0102            -nan     0.1000    0.0064
     9        0.9889            -nan     0.1000    0.0066
    10        0.9717            -nan     0.1000    0.0052
    20        0.8500            -nan     0.1000    0.0022
    40        0.7106            -nan     0.1000   -0.0011
    60        0.6305            -nan     0.1000   -0.0006
    80        0.5625            -nan     0.1000   -0.0001
   100        0.5102            -nan     0.1000   -0.0002
   120        0.4643            -nan     0.1000   -0.0007
   140        0.4269            -nan     0.1000   -0.0007
   150        0.4102            -nan     0.1000   -0.0009

Iter   TrainDeviance   ValidDeviance   StepSize   Improve
     1        1.2330            -nan     0.1000    0.0197
     2        1.2042            -nan     0.1000    0.0154
     3        1.1778            -nan     0.1000    0.0127
     4        1.1518            -nan     0.1000    0.0121
     5        1.1292            -nan     0.1000    0.0109
     6        1.1092            -nan     0.1000    0.0091
     7        1.0969            -nan     0.1000    0.0055
     8        1.0829            -nan     0.1000    0.0060
     9        1.0708            -nan     0.1000    0.0064
    10        1.0601            -nan     0.1000    0.0053
    20        0.9896            -nan     0.1000    0.0020
    40        0.9111            -nan     0.1000   -0.0005
    60        0.8656            -nan     0.1000    0.0007
    80        0.8355            -nan     0.1000    0.0004
   100        0.8075            -nan     0.1000   -0.0004
   120        0.7846            -nan     0.1000   -0.0007
   140        0.7602            -nan     0.1000   -0.0007
   150        0.7557            -nan     0.1000   -0.0008

Iter   TrainDeviance   ValidDeviance   StepSize   Improve
     1        1.2211            -nan     0.1000    0.0218
     2        1.1824            -nan     0.1000    0.0160
     3        1.1423            -nan     0.1000    0.0175
     4        1.1118            -nan     0.1000    0.0119
     5        1.0840            -nan     0.1000    0.0102
     6        1.0624            -nan     0.1000    0.0076
     7        1.0430            -nan     0.1000    0.0090
     8        1.0253            -nan     0.1000    0.0075
     9        1.0070            -nan     0.1000    0.0070
    10        0.9920            -nan     0.1000    0.0060
    20        0.8938            -nan     0.1000    0.0008
    40        0.8015            -nan     0.1000   -0.0007
    60        0.7304            -nan     0.1000   -0.0021
    80        0.6853            -nan     0.1000   -0.0005
   100        0.6528            -nan     0.1000   -0.0012
   120        0.6185            -nan     0.1000   -0.0012
   140        0.5787            -nan     0.1000   -0.0009
   150        0.5639            -nan     0.1000    0.0014

Iter   TrainDeviance   ValidDeviance   StepSize   Improve
     1        1.2206            -nan     0.1000    0.0251
     2        1.1683            -nan     0.1000    0.0221
     3        1.1339            -nan     0.1000    0.0157
     4        1.0923            -nan     0.1000    0.0184
     5        1.0661            -nan     0.1000    0.0105
     6        1.0350            -nan     0.1000    0.0131
     7        1.0102            -nan     0.1000    0.0081
     8        0.9860            -nan     0.1000    0.0083
     9        0.9667            -nan     0.1000    0.0081
    10        0.9418            -nan     0.1000    0.0076
    20        0.8325            -nan     0.1000    0.0021
    40        0.7212            -nan     0.1000   -0.0004
    60        0.6350            -nan     0.1000    0.0002
    80        0.5718            -nan     0.1000   -0.0004
   100        0.5226            -nan     0.1000   -0.0014
   120        0.4708            -nan     0.1000   -0.0001
   140        0.4276            -nan     0.1000   -0.0003
   150        0.4089            -nan     0.1000   -0.0008

Iter   TrainDeviance   ValidDeviance   StepSize   Improve
     1        1.2511            -nan     0.1000    0.0174
     2        1.2217            -nan     0.1000    0.0122
     3        1.1934            -nan     0.1000    0.0125
     4        1.1721            -nan     0.1000    0.0104
     5        1.1540            -nan     0.1000    0.0081
     6        1.1397            -nan     0.1000    0.0076
     7        1.1225            -nan     0.1000    0.0052
     8        1.1076            -nan     0.1000    0.0074
     9        1.0997            -nan     0.1000    0.0010
    10        1.0917            -nan     0.1000    0.0031
    20        1.0229            -nan     0.1000    0.0004
    40        0.9483            -nan     0.1000   -0.0010
    60        0.9017            -nan     0.1000    0.0005
    80        0.8693            -nan     0.1000    0.0004
   100        0.8411            -nan     0.1000   -0.0007
   120        0.8232            -nan     0.1000   -0.0010
   140        0.7999            -nan     0.1000   -0.0015
   150        0.7919            -nan     0.1000   -0.0009

Iter   TrainDeviance   ValidDeviance   StepSize   Improve
     1        1.2400            -nan     0.1000    0.0177
     2        1.2023            -nan     0.1000    0.0176
     3        1.1683            -nan     0.1000    0.0149
     4        1.1397            -nan     0.1000    0.0113
     5        1.1176            -nan     0.1000    0.0101
     6        1.0981            -nan     0.1000    0.0084
     7        1.0747            -nan     0.1000    0.0103
     8        1.0596            -nan     0.1000    0.0054
     9        1.0434            -nan     0.1000    0.0071
    10        1.0272            -nan     0.1000    0.0072
    20        0.9281            -nan     0.1000    0.0005
    40        0.8273            -nan     0.1000    0.0006
    60        0.7634            -nan     0.1000   -0.0007
    80        0.7128            -nan     0.1000   -0.0005
   100        0.6643            -nan     0.1000    0.0008
   120        0.6291            -nan     0.1000   -0.0000
   140        0.6014            -nan     0.1000   -0.0001
   150        0.5829            -nan     0.1000   -0.0010

Iter   TrainDeviance   ValidDeviance   StepSize   Improve
     1        1.2438            -nan     0.1000    0.0186
     2        1.2011            -nan     0.1000    0.0189
     3        1.1612            -nan     0.1000    0.0173
     4        1.1281            -nan     0.1000    0.0131
     5        1.1002            -nan     0.1000    0.0130
     6        1.0792            -nan     0.1000    0.0048
     7        1.0533            -nan     0.1000    0.0087
     8        1.0284            -nan     0.1000    0.0095
     9        1.0150            -nan     0.1000    0.0018
    10        0.9913            -nan     0.1000    0.0112
    20        0.8712            -nan     0.1000    0.0009
    40        0.7335            -nan     0.1000    0.0015
    60        0.6457            -nan     0.1000    0.0005
    80        0.5799            -nan     0.1000   -0.0004
   100        0.5278            -nan     0.1000   -0.0008
   120        0.4800            -nan     0.1000    0.0002
   140        0.4421            -nan     0.1000   -0.0010
   150        0.4226            -nan     0.1000   -0.0008

Iter   TrainDeviance   ValidDeviance   StepSize   Improve
     1        1.1524            -nan     0.1000    0.0106
     2        1.1320            -nan     0.1000    0.0095
     3        1.1237            -nan     0.1000   -0.0000
     4        1.1080            -nan     0.1000    0.0073
     5        1.0905            -nan     0.1000    0.0086
     6        1.0766            -nan     0.1000    0.0066
     7        1.0648            -nan     0.1000    0.0055
     8        1.0512            -nan     0.1000    0.0059
     9        1.0406            -nan     0.1000    0.0033
    10        1.0316            -nan     0.1000    0.0036
    20        0.9664            -nan     0.1000   -0.0001
    40        0.8970            -nan     0.1000    0.0004
    60        0.8546            -nan     0.1000   -0.0008
    80        0.8286            -nan     0.1000   -0.0006
   100        0.8068            -nan     0.1000   -0.0005
   120        0.7843            -nan     0.1000   -0.0013
   140        0.7686            -nan     0.1000   -0.0007
   150        0.7613            -nan     0.1000   -0.0003

Iter   TrainDeviance   ValidDeviance   StepSize   Improve
     1        1.1464            -nan     0.1000    0.0127
     2        1.1174            -nan     0.1000    0.0135
     3        1.0909            -nan     0.1000    0.0100
     4        1.0669            -nan     0.1000    0.0086
     5        1.0468            -nan     0.1000    0.0091
     6        1.0274            -nan     0.1000    0.0073
     7        1.0151            -nan     0.1000    0.0030
     8        0.9982            -nan     0.1000    0.0058
     9        0.9832            -nan     0.1000    0.0029
    10        0.9754            -nan     0.1000    0.0026
    20        0.8891            -nan     0.1000    0.0039
    40        0.7882            -nan     0.1000   -0.0017
    60        0.7220            -nan     0.1000    0.0004
    80        0.6740            -nan     0.1000   -0.0007
   100        0.6385            -nan     0.1000   -0.0013
   120        0.6085            -nan     0.1000   -0.0009
   140        0.5709            -nan     0.1000   -0.0008
   150        0.5603            -nan     0.1000   -0.0010

Iter   TrainDeviance   ValidDeviance   StepSize   Improve
     1        1.1387            -nan     0.1000    0.0170
     2        1.0990            -nan     0.1000    0.0161
     3        1.0727            -nan     0.1000    0.0103
     4        1.0449            -nan     0.1000    0.0118
     5        1.0201            -nan     0.1000    0.0087
     6        1.0001            -nan     0.1000    0.0068
     7        0.9790            -nan     0.1000    0.0070
     8        0.9616            -nan     0.1000    0.0059
     9        0.9412            -nan     0.1000    0.0071
    10        0.9246            -nan     0.1000    0.0046
    20        0.8261            -nan     0.1000    0.0021
    40        0.7048            -nan     0.1000   -0.0012
    60        0.6237            -nan     0.1000    0.0008
    80        0.5670            -nan     0.1000   -0.0008
   100        0.5212            -nan     0.1000   -0.0012
   120        0.4797            -nan     0.1000   -0.0013
   140        0.4382            -nan     0.1000   -0.0012
   150        0.4182            -nan     0.1000   -0.0002

Iter   TrainDeviance   ValidDeviance   StepSize   Improve
     1        1.1958            -nan     0.1000    0.0140
     2        1.1707            -nan     0.1000    0.0131
     3        1.1504            -nan     0.1000    0.0085
     4        1.1299            -nan     0.1000    0.0091
     5        1.1167            -nan     0.1000    0.0040
     6        1.1048            -nan     0.1000    0.0060
     7        1.0864            -nan     0.1000    0.0079
     8        1.0802            -nan     0.1000    0.0012
     9        1.0730            -nan     0.1000   -0.0006
    10        1.0578            -nan     0.1000    0.0065
    20        0.9953            -nan     0.1000    0.0019
    40        0.9293            -nan     0.1000    0.0004
    60        0.8809            -nan     0.1000    0.0002
    80        0.8505            -nan     0.1000   -0.0001
   100        0.8161            -nan     0.1000   -0.0004
   120        0.7930            -nan     0.1000   -0.0012
   140        0.7737            -nan     0.1000   -0.0007
   150        0.7634            -nan     0.1000   -0.0008

Iter   TrainDeviance   ValidDeviance   StepSize   Improve
     1        1.1869            -nan     0.1000    0.0179
     2        1.1553            -nan     0.1000    0.0112
     3        1.1334            -nan     0.1000    0.0099
     4        1.1036            -nan     0.1000    0.0130
     5        1.0776            -nan     0.1000    0.0100
     6        1.0593            -nan     0.1000    0.0062
     7        1.0435            -nan     0.1000    0.0062
     8        1.0299            -nan     0.1000    0.0026
     9        1.0185            -nan     0.1000    0.0037
    10        1.0011            -nan     0.1000    0.0056
    20        0.9082            -nan     0.1000    0.0012
    40        0.7873            -nan     0.1000    0.0001
    60        0.7180            -nan     0.1000    0.0001
    80        0.6679            -nan     0.1000   -0.0007
   100        0.6226            -nan     0.1000   -0.0005
   120        0.5821            -nan     0.1000    0.0000
   140        0.5464            -nan     0.1000   -0.0007
   150        0.5368            -nan     0.1000   -0.0014

Iter   TrainDeviance   ValidDeviance   StepSize   Improve
     1        1.1843            -nan     0.1000    0.0191
     2        1.1438            -nan     0.1000    0.0192
     3        1.1079            -nan     0.1000    0.0150
     4        1.0833            -nan     0.1000    0.0066
     5        1.0591            -nan     0.1000    0.0070
     6        1.0381            -nan     0.1000    0.0097
     7        1.0207            -nan     0.1000    0.0067
     8        1.0029            -nan     0.1000    0.0059
     9        0.9846            -nan     0.1000    0.0044
    10        0.9642            -nan     0.1000    0.0074
    20        0.8386            -nan     0.1000    0.0010
    40        0.7115            -nan     0.1000    0.0002
    60        0.6208            -nan     0.1000   -0.0001
    80        0.5551            -nan     0.1000   -0.0003
   100        0.4994            -nan     0.1000   -0.0003
   120        0.4539            -nan     0.1000   -0.0004
   140        0.4154            -nan     0.1000   -0.0005
   150        0.3966            -nan     0.1000   -0.0002

Iter   TrainDeviance   ValidDeviance   StepSize   Improve
     1        1.2444            -nan     0.1000    0.0140
     2        1.2156            -nan     0.1000    0.0141
     3        1.1897            -nan     0.1000    0.0102
     4        1.1703            -nan     0.1000    0.0084
     5        1.1495            -nan     0.1000    0.0061
     6        1.1301            -nan     0.1000    0.0089
     7        1.1125            -nan     0.1000    0.0082
     8        1.1006            -nan     0.1000    0.0028
     9        1.0891            -nan     0.1000    0.0046
    10        1.0790            -nan     0.1000    0.0024
    20        1.0113            -nan     0.1000   -0.0012
    40        0.9176            -nan     0.1000    0.0008
    60        0.8624            -nan     0.1000    0.0010
    80        0.8268            -nan     0.1000   -0.0005
   100        0.7936            -nan     0.1000   -0.0003
   120        0.7733            -nan     0.1000   -0.0001
   140        0.7565            -nan     0.1000   -0.0012
   150        0.7487            -nan     0.1000   -0.0009

Iter   TrainDeviance   ValidDeviance   StepSize   Improve
     1        1.2320            -nan     0.1000    0.0207
     2        1.1931            -nan     0.1000    0.0166
     3        1.1589            -nan     0.1000    0.0136
     4        1.1267            -nan     0.1000    0.0137
     5        1.1042            -nan     0.1000    0.0094
     6        1.0794            -nan     0.1000    0.0123
     7        1.0558            -nan     0.1000    0.0102
     8        1.0416            -nan     0.1000    0.0052
     9        1.0261            -nan     0.1000    0.0063
    10        1.0069            -nan     0.1000    0.0066
    20        0.9022            -nan     0.1000    0.0004
    40        0.7897            -nan     0.1000    0.0002
    60        0.7233            -nan     0.1000    0.0006
    80        0.6812            -nan     0.1000   -0.0006
   100        0.6376            -nan     0.1000   -0.0001
   120        0.6002            -nan     0.1000   -0.0010
   140        0.5677            -nan     0.1000    0.0002
   150        0.5528            -nan     0.1000   -0.0005

Iter   TrainDeviance   ValidDeviance   StepSize   Improve
     1        1.2186            -nan     0.1000    0.0250
     2        1.1807            -nan     0.1000    0.0174
     3        1.1421            -nan     0.1000    0.0193
     4        1.1100            -nan     0.1000    0.0139
     5        1.0767            -nan     0.1000    0.0107
     6        1.0498            -nan     0.1000    0.0113
     7        1.0224            -nan     0.1000    0.0108
     8        0.9986            -nan     0.1000    0.0112
     9        0.9820            -nan     0.1000    0.0051
    10        0.9603            -nan     0.1000    0.0076
    20        0.8339            -nan     0.1000    0.0042
    40        0.7054            -nan     0.1000    0.0004
    60        0.6326            -nan     0.1000   -0.0005
    80        0.5726            -nan     0.1000    0.0002
   100        0.5263            -nan     0.1000   -0.0020
   120        0.4798            -nan     0.1000   -0.0009
   140        0.4510            -nan     0.1000   -0.0005
   150        0.4330            -nan     0.1000   -0.0003

Iter   TrainDeviance   ValidDeviance   StepSize   Improve
     1        1.2303            -nan     0.1000    0.0100
     2        1.2067            -nan     0.1000    0.0116
     3        1.1867            -nan     0.1000    0.0074
     4        1.1693            -nan     0.1000    0.0083
     5        1.1514            -nan     0.1000    0.0070
     6        1.1406            -nan     0.1000    0.0046
     7        1.1272            -nan     0.1000    0.0065
     8        1.1150            -nan     0.1000    0.0045
     9        1.1061            -nan     0.1000    0.0035
    10        1.0990            -nan     0.1000    0.0036
    20        1.0365            -nan     0.1000    0.0037
    40        0.9656            -nan     0.1000   -0.0004
    60        0.9250            -nan     0.1000    0.0001
    80        0.8932            -nan     0.1000   -0.0005
   100        0.8741            -nan     0.1000   -0.0002
   120        0.8537            -nan     0.1000   -0.0005
   140        0.8345            -nan     0.1000   -0.0001
   150        0.8274            -nan     0.1000    0.0001

Iter   TrainDeviance   ValidDeviance   StepSize   Improve
     1        1.2169            -nan     0.1000    0.0181
     2        1.1834            -nan     0.1000    0.0122
     3        1.1519            -nan     0.1000    0.0117
     4        1.1290            -nan     0.1000    0.0111
     5        1.1083            -nan     0.1000    0.0084
     6        1.0889            -nan     0.1000    0.0088
     7        1.0698            -nan     0.1000    0.0057
     8        1.0574            -nan     0.1000    0.0017
     9        1.0432            -nan     0.1000    0.0048
    10        1.0342            -nan     0.1000    0.0022
    20        0.9508            -nan     0.1000    0.0013
    40        0.8604            -nan     0.1000   -0.0000
    60        0.7958            -nan     0.1000   -0.0011
    80        0.7389            -nan     0.1000   -0.0005
   100        0.6884            -nan     0.1000   -0.0003
   120        0.6595            -nan     0.1000   -0.0012
   140        0.6176            -nan     0.1000    0.0000
   150        0.5985            -nan     0.1000   -0.0010

Iter   TrainDeviance   ValidDeviance   StepSize   Improve
     1        1.2109            -nan     0.1000    0.0158
     2        1.1763            -nan     0.1000    0.0161
     3        1.1418            -nan     0.1000    0.0123
     4        1.1147            -nan     0.1000    0.0106
     5        1.0964            -nan     0.1000    0.0050
     6        1.0757            -nan     0.1000    0.0097
     7        1.0568            -nan     0.1000    0.0075
     8        1.0389            -nan     0.1000    0.0048
     9        1.0242            -nan     0.1000    0.0038
    10        1.0086            -nan     0.1000    0.0057
    20        0.9012            -nan     0.1000    0.0017
    40        0.7693            -nan     0.1000    0.0007
    60        0.6880            -nan     0.1000   -0.0010
    80        0.6141            -nan     0.1000    0.0000
   100        0.5630            -nan     0.1000   -0.0005
   120        0.5167            -nan     0.1000   -0.0006
   140        0.4790            -nan     0.1000   -0.0005
   150        0.4651            -nan     0.1000   -0.0004

Iter   TrainDeviance   ValidDeviance   StepSize   Improve
     1        1.2176            -nan     0.1000    0.0170
     2        1.1842            -nan     0.1000    0.0152
     3        1.1526            -nan     0.1000    0.0133
     4        1.1285            -nan     0.1000    0.0116
     5        1.1069            -nan     0.1000    0.0095
     6        1.0851            -nan     0.1000    0.0109
     7        1.0669            -nan     0.1000    0.0065
     8        1.0513            -nan     0.1000    0.0055
     9        1.0329            -nan     0.1000    0.0081
    10        1.0215            -nan     0.1000    0.0042
    20        0.9384            -nan     0.1000    0.0006
    40        0.8600            -nan     0.1000   -0.0000
    60        0.8100            -nan     0.1000    0.0006
    80        0.7725            -nan     0.1000   -0.0005
   100        0.7432            -nan     0.1000   -0.0001
   120        0.7227            -nan     0.1000   -0.0011
   140        0.7029            -nan     0.1000   -0.0003
   150        0.6942            -nan     0.1000   -0.0002

Iter   TrainDeviance   ValidDeviance   StepSize   Improve
     1        1.2055            -nan     0.1000    0.0251
     2        1.1616            -nan     0.1000    0.0181
     3        1.1207            -nan     0.1000    0.0157
     4        1.0901            -nan     0.1000    0.0165
     5        1.0641            -nan     0.1000    0.0109
     6        1.0389            -nan     0.1000    0.0101
     7        1.0124            -nan     0.1000    0.0137
     8        0.9882            -nan     0.1000    0.0110
     9        0.9735            -nan     0.1000    0.0069
    10        0.9620            -nan     0.1000    0.0029
    20        0.8589            -nan     0.1000    0.0021
    40        0.7460            -nan     0.1000   -0.0028
    60        0.6834            -nan     0.1000   -0.0002
    80        0.6322            -nan     0.1000    0.0009
   100        0.5905            -nan     0.1000   -0.0001
   120        0.5496            -nan     0.1000   -0.0003
   140        0.5144            -nan     0.1000   -0.0016
   150        0.4988            -nan     0.1000   -0.0007

Iter   TrainDeviance   ValidDeviance   StepSize   Improve
     1        1.2050            -nan     0.1000    0.0240
     2        1.1599            -nan     0.1000    0.0208
     3        1.1232            -nan     0.1000    0.0147
     4        1.0836            -nan     0.1000    0.0176
     5        1.0551            -nan     0.1000    0.0129
     6        1.0249            -nan     0.1000    0.0106
     7        0.9944            -nan     0.1000    0.0121
     8        0.9733            -nan     0.1000    0.0050
     9        0.9514            -nan     0.1000    0.0088
    10        0.9305            -nan     0.1000    0.0092
    20        0.7983            -nan     0.1000    0.0038
    40        0.6750            -nan     0.1000   -0.0013
    60        0.5987            -nan     0.1000    0.0012
    80        0.5308            -nan     0.1000   -0.0004
   100        0.4784            -nan     0.1000   -0.0011
   120        0.4413            -nan     0.1000   -0.0004
   140        0.4104            -nan     0.1000   -0.0005
   150        0.3943            -nan     0.1000   -0.0004

Iter   TrainDeviance   ValidDeviance   StepSize   Improve
     1        1.1813            -nan     0.1000    0.0172
     2        1.1511            -nan     0.1000    0.0140
     3        1.1278            -nan     0.1000    0.0095
     4        1.1059            -nan     0.1000    0.0111
     5        1.0884            -nan     0.1000    0.0081
     6        1.0694            -nan     0.1000    0.0098
     7        1.0579            -nan     0.1000    0.0040
     8        1.0432            -nan     0.1000    0.0067
     9        1.0339            -nan     0.1000    0.0030
    10        1.0204            -nan     0.1000    0.0068
    20        0.9536            -nan     0.1000    0.0033
    40        0.8730            -nan     0.1000   -0.0003
    60        0.8266            -nan     0.1000   -0.0022
    80        0.7879            -nan     0.1000   -0.0004
   100        0.7618            -nan     0.1000   -0.0018
   120        0.7408            -nan     0.1000   -0.0001
   140        0.7185            -nan     0.1000    0.0000
   150        0.7097            -nan     0.1000   -0.0019

Iter   TrainDeviance   ValidDeviance   StepSize   Improve
     1        1.1684            -nan     0.1000    0.0206
     2        1.1359            -nan     0.1000    0.0145
     3        1.1018            -nan     0.1000    0.0137
     4        1.0740            -nan     0.1000    0.0152
     5        1.0442            -nan     0.1000    0.0084
     6        1.0227            -nan     0.1000    0.0093
     7        1.0008            -nan     0.1000    0.0086
     8        0.9830            -nan     0.1000    0.0069
     9        0.9660            -nan     0.1000    0.0051
    10        0.9528            -nan     0.1000    0.0057
    20        0.8525            -nan     0.1000    0.0005
    40        0.7480            -nan     0.1000   -0.0006
    60        0.6738            -nan     0.1000    0.0002
    80        0.6290            -nan     0.1000   -0.0001
   100        0.5907            -nan     0.1000   -0.0017
   120        0.5473            -nan     0.1000   -0.0002
   140        0.5171            -nan     0.1000   -0.0003
   150        0.5039            -nan     0.1000   -0.0017

Iter   TrainDeviance   ValidDeviance   StepSize   Improve
     1        1.1665            -nan     0.1000    0.0213
     2        1.1210            -nan     0.1000    0.0168
     3        1.0869            -nan     0.1000    0.0151
     4        1.0563            -nan     0.1000    0.0138
     5        1.0299            -nan     0.1000    0.0091
     6        1.0030            -nan     0.1000    0.0121
     7        0.9725            -nan     0.1000    0.0105
     8        0.9512            -nan     0.1000    0.0068
     9        0.9319            -nan     0.1000    0.0068
    10        0.9125            -nan     0.1000    0.0060
    20        0.7831            -nan     0.1000    0.0006
    40        0.6605            -nan     0.1000   -0.0003
    60        0.5839            -nan     0.1000   -0.0014
    80        0.5260            -nan     0.1000   -0.0006
   100        0.4739            -nan     0.1000   -0.0003
   120        0.4324            -nan     0.1000   -0.0006
   140        0.4028            -nan     0.1000   -0.0007
   150        0.3852            -nan     0.1000   -0.0006

Iter   TrainDeviance   ValidDeviance   StepSize   Improve
     1        1.2143            -nan     0.1000    0.0159
     2        1.1852            -nan     0.1000    0.0149
     3        1.1592            -nan     0.1000    0.0112
     4        1.1399            -nan     0.1000    0.0064
     5        1.1170            -nan     0.1000    0.0097
     6        1.1005            -nan     0.1000    0.0070
     7        1.0855            -nan     0.1000    0.0079
     8        1.0726            -nan     0.1000    0.0051
     9        1.0596            -nan     0.1000    0.0058
    10        1.0513            -nan     0.1000    0.0029
    20        0.9883            -nan     0.1000    0.0000
    40        0.9117            -nan     0.1000   -0.0001
    60        0.8595            -nan     0.1000   -0.0013
    80        0.8250            -nan     0.1000   -0.0003
   100        0.7965            -nan     0.1000   -0.0000
   120        0.7776            -nan     0.1000   -0.0005
   140        0.7540            -nan     0.1000   -0.0002
   150        0.7482            -nan     0.1000   -0.0020

Iter   TrainDeviance   ValidDeviance   StepSize   Improve
     1        1.2043            -nan     0.1000    0.0173
     2        1.1718            -nan     0.1000    0.0112
     3        1.1375            -nan     0.1000    0.0122
     4        1.1030            -nan     0.1000    0.0158
     5        1.0786            -nan     0.1000    0.0109
     6        1.0543            -nan     0.1000    0.0106
     7        1.0377            -nan     0.1000    0.0076
     8        1.0189            -nan     0.1000    0.0087
     9        1.0004            -nan     0.1000    0.0083
    10        0.9860            -nan     0.1000    0.0046
    20        0.8908            -nan     0.1000    0.0002
    40        0.7927            -nan     0.1000    0.0022
    60        0.7313            -nan     0.1000   -0.0015
    80        0.6826            -nan     0.1000   -0.0009
   100        0.6430            -nan     0.1000   -0.0008
   120        0.5994            -nan     0.1000   -0.0006
   140        0.5651            -nan     0.1000   -0.0007
   150        0.5522            -nan     0.1000   -0.0003

Iter   TrainDeviance   ValidDeviance   StepSize   Improve
     1        1.1996            -nan     0.1000    0.0241
     2        1.1568            -nan     0.1000    0.0198
     3        1.1169            -nan     0.1000    0.0154
     4        1.0834            -nan     0.1000    0.0156
     5        1.0505            -nan     0.1000    0.0139
     6        1.0244            -nan     0.1000    0.0103
     7        0.9976            -nan     0.1000    0.0084
     8        0.9815            -nan     0.1000    0.0058
     9        0.9619            -nan     0.1000    0.0072
    10        0.9440            -nan     0.1000    0.0059
    20        0.8327            -nan     0.1000   -0.0016
    40        0.7146            -nan     0.1000   -0.0009
    60        0.6437            -nan     0.1000   -0.0011
    80        0.5834            -nan     0.1000    0.0008
   100        0.5260            -nan     0.1000   -0.0009
   120        0.4766            -nan     0.1000   -0.0004
   140        0.4374            -nan     0.1000   -0.0015
   150        0.4209            -nan     0.1000   -0.0009

Iter   TrainDeviance   ValidDeviance   StepSize   Improve
     1        1.2229            -nan     0.1000    0.0172
     2        1.1905            -nan     0.1000    0.0121
     3        1.1673            -nan     0.1000    0.0108
     4        1.1443            -nan     0.1000    0.0097
     5        1.1225            -nan     0.1000    0.0092
     6        1.1066            -nan     0.1000    0.0066
     7        1.0924            -nan     0.1000    0.0082
     8        1.0801            -nan     0.1000    0.0037
     9        1.0691            -nan     0.1000    0.0048
    10        1.0608            -nan     0.1000    0.0040
    20        0.9837            -nan     0.1000    0.0020
    40        0.9128            -nan     0.1000   -0.0004
    60        0.8769            -nan     0.1000   -0.0008
    80        0.8457            -nan     0.1000   -0.0007
   100        0.8168            -nan     0.1000   -0.0001
   120        0.7949            -nan     0.1000   -0.0000
   140        0.7683            -nan     0.1000    0.0008
   150        0.7614            -nan     0.1000   -0.0008

Iter   TrainDeviance   ValidDeviance   StepSize   Improve
     1        1.2156            -nan     0.1000    0.0207
     2        1.1832            -nan     0.1000    0.0147
     3        1.1531            -nan     0.1000    0.0137
     4        1.1302            -nan     0.1000    0.0092
     5        1.1046            -nan     0.1000    0.0120
     6        1.0786            -nan     0.1000    0.0126
     7        1.0614            -nan     0.1000    0.0048
     8        1.0367            -nan     0.1000    0.0091
     9        1.0175            -nan     0.1000    0.0064
    10        0.9995            -nan     0.1000    0.0072
    20        0.9067            -nan     0.1000    0.0013
    40        0.8068            -nan     0.1000   -0.0011
    60        0.7272            -nan     0.1000   -0.0018
    80        0.6708            -nan     0.1000   -0.0000
   100        0.6198            -nan     0.1000   -0.0006
   120        0.5872            -nan     0.1000   -0.0009
   140        0.5577            -nan     0.1000   -0.0004
   150        0.5464            -nan     0.1000   -0.0011

Iter   TrainDeviance   ValidDeviance   StepSize   Improve
     1        1.2122            -nan     0.1000    0.0178
     2        1.1620            -nan     0.1000    0.0211
     3        1.1197            -nan     0.1000    0.0152
     4        1.0889            -nan     0.1000    0.0089
     5        1.0642            -nan     0.1000    0.0102
     6        1.0369            -nan     0.1000    0.0109
     7        1.0149            -nan     0.1000    0.0067
     8        0.9950            -nan     0.1000    0.0067
     9        0.9748            -nan     0.1000    0.0083
    10        0.9587            -nan     0.1000    0.0058
    20        0.8350            -nan     0.1000   -0.0011
    40        0.7082            -nan     0.1000    0.0006
    60        0.6221            -nan     0.1000   -0.0005
    80        0.5599            -nan     0.1000   -0.0007
   100        0.5131            -nan     0.1000   -0.0004
   120        0.4690            -nan     0.1000   -0.0010
   140        0.4327            -nan     0.1000   -0.0004
   150        0.4157            -nan     0.1000   -0.0007

Iter   TrainDeviance   ValidDeviance   StepSize   Improve
     1        1.2066            -nan     0.1000    0.0173
     2        1.1792            -nan     0.1000    0.0133
     3        1.1548            -nan     0.1000    0.0112
     4        1.1347            -nan     0.1000    0.0096
     5        1.1149            -nan     0.1000    0.0080
     6        1.1023            -nan     0.1000    0.0068
     7        1.0883            -nan     0.1000    0.0066
     8        1.0796            -nan     0.1000    0.0018
     9        1.0671            -nan     0.1000    0.0046
    10        1.0579            -nan     0.1000    0.0033
    20        0.9902            -nan     0.1000    0.0004
    40        0.9232            -nan     0.1000   -0.0006
    60        0.8810            -nan     0.1000   -0.0010
    80        0.8443            -nan     0.1000    0.0000
   100        0.8163            -nan     0.1000   -0.0005
   120        0.7895            -nan     0.1000   -0.0003
   140        0.7668            -nan     0.1000   -0.0002
   150        0.7590            -nan     0.1000   -0.0005

Iter   TrainDeviance   ValidDeviance   StepSize   Improve
     1        1.2010            -nan     0.1000    0.0194
     2        1.1645            -nan     0.1000    0.0165
     3        1.1407            -nan     0.1000    0.0073
     4        1.1129            -nan     0.1000    0.0130
     5        1.0888            -nan     0.1000    0.0100
     6        1.0645            -nan     0.1000    0.0084
     7        1.0442            -nan     0.1000    0.0106
     8        1.0231            -nan     0.1000    0.0084
     9        1.0066            -nan     0.1000    0.0072
    10        0.9994            -nan     0.1000    0.0009
    20        0.9014            -nan     0.1000    0.0045
    40        0.8061            -nan     0.1000    0.0001
    60        0.7313            -nan     0.1000   -0.0007
    80        0.6826            -nan     0.1000   -0.0009
   100        0.6337            -nan     0.1000    0.0006
   120        0.5953            -nan     0.1000   -0.0007
   140        0.5599            -nan     0.1000   -0.0008
   150        0.5434            -nan     0.1000   -0.0012

Iter   TrainDeviance   ValidDeviance   StepSize   Improve
     1        1.2006            -nan     0.1000    0.0149
     2        1.1623            -nan     0.1000    0.0166
     3        1.1246            -nan     0.1000    0.0179
     4        1.0910            -nan     0.1000    0.0141
     5        1.0668            -nan     0.1000    0.0113
     6        1.0359            -nan     0.1000    0.0108
     7        1.0102            -nan     0.1000    0.0085
     8        0.9926            -nan     0.1000    0.0083
     9        0.9793            -nan     0.1000    0.0052
    10        0.9602            -nan     0.1000    0.0078
    20        0.8467            -nan     0.1000    0.0009
    40        0.7040            -nan     0.1000    0.0005
    60        0.6130            -nan     0.1000   -0.0004
    80        0.5573            -nan     0.1000   -0.0007
   100        0.5032            -nan     0.1000   -0.0015
   120        0.4604            -nan     0.1000   -0.0008
   140        0.4190            -nan     0.1000    0.0002
   150        0.4012            -nan     0.1000    0.0001

Iter   TrainDeviance   ValidDeviance   StepSize   Improve
     1        1.2464            -nan     0.1000    0.0149
     2        1.2173            -nan     0.1000    0.0144
     3        1.1917            -nan     0.1000    0.0096
     4        1.1703            -nan     0.1000    0.0049
     5        1.1543            -nan     0.1000    0.0068
     6        1.1346            -nan     0.1000    0.0089
     7        1.1214            -nan     0.1000    0.0045
     8        1.1057            -nan     0.1000    0.0076
     9        1.0945            -nan     0.1000    0.0047
    10        1.0857            -nan     0.1000    0.0036
    20        1.0125            -nan     0.1000    0.0013
    40        0.9229            -nan     0.1000    0.0014
    60        0.8726            -nan     0.1000   -0.0000
    80        0.8353            -nan     0.1000   -0.0017
   100        0.8073            -nan     0.1000   -0.0008
   120        0.7879            -nan     0.1000   -0.0025
   140        0.7683            -nan     0.1000   -0.0025
   150        0.7616            -nan     0.1000   -0.0026

Iter   TrainDeviance   ValidDeviance   StepSize   Improve
     1        1.2437            -nan     0.1000    0.0172
     2        1.2029            -nan     0.1000    0.0202
     3        1.1707            -nan     0.1000    0.0125
     4        1.1427            -nan     0.1000    0.0131
     5        1.1126            -nan     0.1000    0.0139
     6        1.0906            -nan     0.1000    0.0079
     7        1.0676            -nan     0.1000    0.0112
     8        1.0459            -nan     0.1000    0.0103
     9        1.0289            -nan     0.1000    0.0069
    10        1.0120            -nan     0.1000    0.0065
    20        0.9194            -nan     0.1000    0.0010
    40        0.8162            -nan     0.1000    0.0012
    60        0.7462            -nan     0.1000   -0.0007
    80        0.6934            -nan     0.1000    0.0003
   100        0.6570            -nan     0.1000   -0.0012
   120        0.6194            -nan     0.1000   -0.0013
   140        0.5793            -nan     0.1000   -0.0005
   150        0.5638            -nan     0.1000   -0.0008

Iter   TrainDeviance   ValidDeviance   StepSize   Improve
     1        1.2237            -nan     0.1000    0.0278
     2        1.1757            -nan     0.1000    0.0222
     3        1.1345            -nan     0.1000    0.0179
     4        1.1004            -nan     0.1000    0.0142
     5        1.0726            -nan     0.1000    0.0096
     6        1.0494            -nan     0.1000    0.0094
     7        1.0245            -nan     0.1000    0.0048
     8        1.0054            -nan     0.1000    0.0063
     9        0.9846            -nan     0.1000    0.0085
    10        0.9636            -nan     0.1000    0.0055
    20        0.8481            -nan     0.1000    0.0006
    40        0.7143            -nan     0.1000    0.0009
    60        0.6340            -nan     0.1000   -0.0009
    80        0.5646            -nan     0.1000   -0.0003
   100        0.5034            -nan     0.1000   -0.0017
   120        0.4664            -nan     0.1000   -0.0009
   140        0.4321            -nan     0.1000   -0.0006
   150        0.4162            -nan     0.1000   -0.0007

Iter   TrainDeviance   ValidDeviance   StepSize   Improve
     1        1.2369            -nan     0.1000    0.0168
     2        1.2130            -nan     0.1000    0.0118
     3        1.1862            -nan     0.1000    0.0129
     4        1.1688            -nan     0.1000    0.0072
     5        1.1454            -nan     0.1000    0.0102
     6        1.1282            -nan     0.1000    0.0079
     7        1.1179            -nan     0.1000    0.0039
     8        1.1042            -nan     0.1000    0.0056
     9        1.0919            -nan     0.1000    0.0045
    10        1.0786            -nan     0.1000    0.0058
    20        1.0074            -nan     0.1000    0.0010
    40        0.9345            -nan     0.1000   -0.0001
    60        0.8850            -nan     0.1000   -0.0003
    80        0.8434            -nan     0.1000    0.0000
   100        0.8137            -nan     0.1000   -0.0011
   120        0.7935            -nan     0.1000    0.0002
   140        0.7749            -nan     0.1000   -0.0000
   150        0.7680            -nan     0.1000   -0.0004

Iter   TrainDeviance   ValidDeviance   StepSize   Improve
     1        1.2241            -nan     0.1000    0.0207
     2        1.1907            -nan     0.1000    0.0142
     3        1.1589            -nan     0.1000    0.0161
     4        1.1303            -nan     0.1000    0.0107
     5        1.1084            -nan     0.1000    0.0090
     6        1.0876            -nan     0.1000    0.0076
     7        1.0696            -nan     0.1000    0.0077
     8        1.0543            -nan     0.1000    0.0062
     9        1.0417            -nan     0.1000    0.0040
    10        1.0266            -nan     0.1000    0.0075
    20        0.9281            -nan     0.1000    0.0002
    40        0.8145            -nan     0.1000   -0.0013
    60        0.7405            -nan     0.1000   -0.0017
    80        0.6818            -nan     0.1000   -0.0001
   100        0.6377            -nan     0.1000   -0.0009
   120        0.6049            -nan     0.1000   -0.0002
   140        0.5750            -nan     0.1000   -0.0009
   150        0.5578            -nan     0.1000   -0.0007

Iter   TrainDeviance   ValidDeviance   StepSize   Improve
     1        1.2276            -nan     0.1000    0.0184
     2        1.1748            -nan     0.1000    0.0196
     3        1.1391            -nan     0.1000    0.0176
     4        1.1075            -nan     0.1000    0.0124
     5        1.0806            -nan     0.1000    0.0067
     6        1.0609            -nan     0.1000    0.0056
     7        1.0448            -nan     0.1000    0.0046
     8        1.0241            -nan     0.1000    0.0075
     9        1.0032            -nan     0.1000    0.0093
    10        0.9842            -nan     0.1000    0.0082
    20        0.8597            -nan     0.1000   -0.0004
    40        0.7229            -nan     0.1000    0.0002
    60        0.6345            -nan     0.1000   -0.0007
    80        0.5641            -nan     0.1000   -0.0024
   100        0.5144            -nan     0.1000   -0.0011
   120        0.4708            -nan     0.1000    0.0001
   140        0.4328            -nan     0.1000   -0.0010
   150        0.4130            -nan     0.1000   -0.0011

Iter   TrainDeviance   ValidDeviance   StepSize   Improve
     1        1.1930            -nan     0.1000    0.0206
     2        1.1567            -nan     0.1000    0.0166
     3        1.1294            -nan     0.1000    0.0124
     4        1.1061            -nan     0.1000    0.0112
     5        1.0863            -nan     0.1000    0.0089
     6        1.0679            -nan     0.1000    0.0080
     7        1.0528            -nan     0.1000    0.0069
     8        1.0393            -nan     0.1000    0.0068
     9        1.0291            -nan     0.1000    0.0042
    10        1.0185            -nan     0.1000    0.0049
    20        0.9469            -nan     0.1000    0.0015
    40        0.8690            -nan     0.1000    0.0005
    60        0.8208            -nan     0.1000   -0.0009
    80        0.7841            -nan     0.1000    0.0000
   100        0.7584            -nan     0.1000   -0.0010
   120        0.7383            -nan     0.1000   -0.0009
   140        0.7181            -nan     0.1000   -0.0002
   150        0.7090            -nan     0.1000   -0.0013

Iter   TrainDeviance   ValidDeviance   StepSize   Improve
     1        1.1930            -nan     0.1000    0.0203
     2        1.1546            -nan     0.1000    0.0200
     3        1.1225            -nan     0.1000    0.0120
     4        1.0910            -nan     0.1000    0.0155
     5        1.0625            -nan     0.1000    0.0106
     6        1.0399            -nan     0.1000    0.0102
     7        1.0171            -nan     0.1000    0.0104
     8        0.9954            -nan     0.1000    0.0100
     9        0.9766            -nan     0.1000    0.0073
    10        0.9639            -nan     0.1000    0.0054
    20        0.8687            -nan     0.1000    0.0021
    40        0.7617            -nan     0.1000   -0.0004
    60        0.6911            -nan     0.1000   -0.0009
    80        0.6409            -nan     0.1000   -0.0013
   100        0.6005            -nan     0.1000   -0.0013
   120        0.5661            -nan     0.1000   -0.0004
   140        0.5388            -nan     0.1000   -0.0009
   150        0.5253            -nan     0.1000   -0.0014

Iter   TrainDeviance   ValidDeviance   StepSize   Improve
     1        1.1794            -nan     0.1000    0.0247
     2        1.1278            -nan     0.1000    0.0231
     3        1.0924            -nan     0.1000    0.0146
     4        1.0617            -nan     0.1000    0.0128
     5        1.0322            -nan     0.1000    0.0121
     6        1.0104            -nan     0.1000    0.0093
     7        0.9895            -nan     0.1000    0.0074
     8        0.9691            -nan     0.1000    0.0077
     9        0.9495            -nan     0.1000    0.0067
    10        0.9352            -nan     0.1000    0.0044
    20        0.8113            -nan     0.1000    0.0005
    40        0.6833            -nan     0.1000    0.0005
    60        0.6019            -nan     0.1000   -0.0004
    80        0.5498            -nan     0.1000   -0.0022
   100        0.4962            -nan     0.1000   -0.0012
   120        0.4617            -nan     0.1000   -0.0010
   140        0.4252            -nan     0.1000   -0.0005
   150        0.4072            -nan     0.1000   -0.0025

Iter   TrainDeviance   ValidDeviance   StepSize   Improve
     1        1.2108            -nan     0.1000    0.0142
     2        1.1707            -nan     0.1000    0.0176
     3        1.1329            -nan     0.1000    0.0131
     4        1.1007            -nan     0.1000    0.0117
     5        1.0755            -nan     0.1000    0.0098
     6        1.0505            -nan     0.1000    0.0094
     7        1.0284            -nan     0.1000    0.0090
     8        1.0155            -nan     0.1000    0.0042
     9        0.9987            -nan     0.1000    0.0053
    10        0.9872            -nan     0.1000    0.0042
    20        0.8751            -nan     0.1000    0.0010
    40        0.7790            -nan     0.1000   -0.0001
    60        0.7213            -nan     0.1000   -0.0008
    80        0.6767            -nan     0.1000   -0.0003
   100        0.6418            -nan     0.1000   -0.0007
   120        0.6020            -nan     0.1000   -0.0024
   140        0.5654            -nan     0.1000   -0.0023
   150        0.5514            -nan     0.1000   -0.0013

TRAINING SUCCESSFUL
The most important attribute: Vig (for technique: gbm)
________________
Dataset: eucalyptus 
Technique: gcvEarth 
Probability table:

        P         N 
0.3166927 0.6833073 
BEGIN TRAINING
TRAINING SUCCESSFUL
The most important attribute: Vig (for technique: gcvEarth)
________________
Dataset: eucalyptus 
Technique: JRip 
Probability table:

        P         N 
0.3166927 0.6833073 
BEGIN TRAINING
TRAINING SUCCESSFUL
The most important attribute: Vig (for technique: JRip)
________________
Dataset: eucalyptus 
Technique: lvq 
Probability table:

        P         N 
0.3166927 0.6833073 
BEGIN TRAINING
TRAINING SUCCESSFUL
The most important attribute: Vig (for technique: lvq)
________________
Dataset: eucalyptus 
Technique: mlpML 
Probability table:

        P         N 
0.3166927 0.6833073 
BEGIN TRAINING
TRAINING SUCCESSFUL
The most important attribute: Vig (for technique: mlpML)
________________
Dataset: eucalyptus 
Technique: multinom 
Probability table:

        P         N 
0.3166927 0.6833073 
BEGIN TRAINING
# weights:  88 (87 variable)
initial  value 444.307343 
iter  10 value 308.545431
iter  20 value 274.668767
iter  30 value 270.917938
iter  40 value 270.321275
iter  50 value 269.180043
final  value 268.593092 
converged
TRAINING SUCCESSFUL
The most important attribute: Sp (for technique: multinom)
________________
Dataset: eucalyptus 
Technique: naive_bayes 
Probability table:

        P         N 
0.3166927 0.6833073 
BEGIN TRAINING
TRAINING SUCCESSFUL
The most important attribute: Abbrev (for technique: naive_bayes)
________________
Dataset: eucalyptus 
Technique: PART 
Probability table:

        P         N 
0.3166927 0.6833073 
BEGIN TRAINING
TRAINING SUCCESSFUL
The most important attribute: Sp (for technique: PART)
________________
Dataset: eucalyptus 
Technique: rbfDDA 
Probability table:

        P         N 
0.3166927 0.6833073 
BEGIN TRAINING
TRAINING SUCCESSFUL
The most important attribute: Abbrev (for technique: rbfDDA)
________________
Dataset: eucalyptus 
Technique: rda 
Probability table:

        P         N 
0.3166927 0.6833073 
BEGIN TRAINING
TRAINING SUCCESSFUL
The most important attribute: Vig (for technique: rda)
________________
Dataset: eucalyptus 
Technique: rf 
Probability table:

        P         N 
0.3166927 0.6833073 
BEGIN TRAINING
TRAINING SUCCESSFUL
The most important attribute: Vig (for technique: rf)
________________
Dataset: eucalyptus 
Technique: rpart 
Probability table:

        P         N 
0.3166927 0.6833073 
BEGIN TRAINING
TRAINING SUCCESSFUL
The most important attribute: Vig (for technique: rpart)
________________
Dataset: eucalyptus 
Technique: simpls 
Probability table:

        P         N 
0.3166927 0.6833073 
BEGIN TRAINING
TRAINING SUCCESSFUL
The most important attribute: Locality (for technique: simpls)
________________
Dataset: eucalyptus 
Technique: svmLinear 
Probability table:

        P         N 
0.3166927 0.6833073 
BEGIN TRAINING
TRAINING SUCCESSFUL
The most important attribute: Sp (for technique: svmLinear)
________________
Dataset: eucalyptus 
Technique: svmRadial 
Probability table:

        P         N 
0.3166927 0.6833073 
BEGIN TRAINING
TRAINING SUCCESSFUL
The most important attribute: Vig (for technique: svmRadial)
________________
Dataset: eucalyptus 
Technique: rfRules 
Probability table:

        P         N 
0.3166927 0.6833073 
BEGIN TRAINING
Registered S3 method overwritten by 'RRF':
  method      from        
  plot.margin randomForest
1767 rules (length<=2) were extracted from the first 500 trees.
3790 rules (length<=3) were extracted from the first 500 trees.
6262 rules (length<=4) were extracted from the first 500 trees.
1760 rules (length<=2) were extracted from the first 500 trees.
3708 rules (length<=3) were extracted from the first 500 trees.
5934 rules (length<=4) were extracted from the first 500 trees.
1755 rules (length<=2) were extracted from the first 500 trees.
3613 rules (length<=3) were extracted from the first 500 trees.
5741 rules (length<=4) were extracted from the first 500 trees.
1760 rules (length<=2) were extracted from the first 500 trees.
3699 rules (length<=3) were extracted from the first 500 trees.
5991 rules (length<=4) were extracted from the first 500 trees.
1768 rules (length<=2) were extracted from the first 500 trees.
3731 rules (length<=3) were extracted from the first 500 trees.
5896 rules (length<=4) were extracted from the first 500 trees.
1744 rules (length<=2) were extracted from the first 500 trees.
3683 rules (length<=3) were extracted from the first 500 trees.
5755 rules (length<=4) were extracted from the first 500 trees.
1762 rules (length<=2) were extracted from the first 500 trees.
3846 rules (length<=3) were extracted from the first 500 trees.
6760 rules (length<=4) were extracted from the first 500 trees.
1730 rules (length<=2) were extracted from the first 500 trees.
3336 rules (length<=3) were extracted from the first 500 trees.
4853 rules (length<=4) were extracted from the first 500 trees.
1726 rules (length<=2) were extracted from the first 500 trees.
3638 rules (length<=3) were extracted from the first 500 trees.
5655 rules (length<=4) were extracted from the first 500 trees.
1729 rules (length<=2) were extracted from the first 500 trees.
3535 rules (length<=3) were extracted from the first 500 trees.
5258 rules (length<=4) were extracted from the first 500 trees.
1749 rules (length<=2) were extracted from the first 500 trees.
3806 rules (length<=3) were extracted from the first 500 trees.
6441 rules (length<=4) were extracted from the first 500 trees.
1765 rules (length<=2) were extracted from the first 500 trees.
3827 rules (length<=3) were extracted from the first 500 trees.
6528 rules (length<=4) were extracted from the first 500 trees.
1745 rules (length<=2) were extracted from the first 500 trees.
3837 rules (length<=3) were extracted from the first 500 trees.
6501 rules (length<=4) were extracted from the first 500 trees.
1745 rules (length<=2) were extracted from the first 500 trees.
3623 rules (length<=3) were extracted from the first 500 trees.
5741 rules (length<=4) were extracted from the first 500 trees.
1749 rules (length<=2) were extracted from the first 500 trees.
3875 rules (length<=3) were extracted from the first 500 trees.
6779 rules (length<=4) were extracted from the first 500 trees.
1761 rules (length<=2) were extracted from the first 500 trees.
3769 rules (length<=3) were extracted from the first 500 trees.
6507 rules (length<=4) were extracted from the first 500 trees.
1760 rules (length<=2) were extracted from the first 500 trees.
3901 rules (length<=3) were extracted from the first 500 trees.
6809 rules (length<=4) were extracted from the first 500 trees.
1746 rules (length<=2) were extracted from the first 500 trees.
3826 rules (length<=3) were extracted from the first 500 trees.
6324 rules (length<=4) were extracted from the first 500 trees.
1753 rules (length<=2) were extracted from the first 500 trees.
3724 rules (length<=3) were extracted from the first 500 trees.
5865 rules (length<=4) were extracted from the first 500 trees.
1771 rules (length<=2) were extracted from the first 500 trees.
3797 rules (length<=3) were extracted from the first 500 trees.
6410 rules (length<=4) were extracted from the first 500 trees.
1773 rules (length<=2) were extracted from the first 500 trees.
3847 rules (length<=3) were extracted from the first 500 trees.
6677 rules (length<=4) were extracted from the first 500 trees.
1766 rules (length<=2) were extracted from the first 500 trees.
3692 rules (length<=3) were extracted from the first 500 trees.
5937 rules (length<=4) were extracted from the first 500 trees.
1771 rules (length<=2) were extracted from the first 500 trees.
3719 rules (length<=3) were extracted from the first 500 trees.
5974 rules (length<=4) were extracted from the first 500 trees.
1760 rules (length<=2) were extracted from the first 500 trees.
3824 rules (length<=3) were extracted from the first 500 trees.
6387 rules (length<=4) were extracted from the first 500 trees.
1762 rules (length<=2) were extracted from the first 500 trees.
3903 rules (length<=3) were extracted from the first 500 trees.
6778 rules (length<=4) were extracted from the first 500 trees.
3842 rules (length<=3) were extracted from the first 500 trees.
TRAINING SUCCESSFUL
The most important attribute: Vig (for technique: rfRules)
________________
Dataset: eucalyptus 
Technique: knn 
Probability table:

        P         N 
0.3166927 0.6833073 
BEGIN TRAINING
TRAINING SUCCESSFUL
The most important attribute: Vig (for technique: knn)
________________
Dataset: eucalyptus 
Technique: bayesglm 
Probability table:

        P         N 
0.3166927 0.6833073 
BEGIN TRAINING
TRAINING SUCCESSFUL
The most important attribute: Sp (for technique: bayesglm)
________________
Most important attribute obtained with all techniques
----------------
There were 50 or more warnings (use warnings() to see the first 50)
****************
RESULTS RECORDED
****************
