Current working directory: /home/chris/github/kappa-threshold 
parameters.csv exists: TRUE 
parameters.csv absolute path: /home/chris/github/kappa-threshold/data/files/parameters.csv 
Dataset: iris 
Technique: C5.0 
Probability table:

    Iris_setosa Iris_versicolor  Iris_virginica 
      0.3333333       0.3333333       0.3333333 
BEGIN TRAINING
TRAINING SUCCESSFUL
The most important attribute: petallength (for technique: C5.0)
________________
Dataset: iris 
Technique: ctree 
Probability table:

    Iris_setosa Iris_versicolor  Iris_virginica 
      0.3333333       0.3333333       0.3333333 
BEGIN TRAINING
TRAINING SUCCESSFUL
The most important attribute: petallength (for technique: ctree)
________________
Dataset: iris 
Technique: fda 
Probability table:

    Iris_setosa Iris_versicolor  Iris_virginica 
      0.3333333       0.3333333       0.3333333 
BEGIN TRAINING
TRAINING SUCCESSFUL
The most important attribute: petallength (for technique: fda)
________________
Dataset: iris 
Technique: gbm 
Probability table:

    Iris_setosa Iris_versicolor  Iris_virginica 
      0.3333333       0.3333333       0.3333333 
BEGIN TRAINING
Iter   TrainDeviance   ValidDeviance   StepSize   Improve
     1        1.0986            -nan     0.1000    0.2817
     2        0.9024            -nan     0.1000    0.2271
     3        0.7535            -nan     0.1000    0.1611
     4        0.6398            -nan     0.1000    0.1409
     5        0.5504            -nan     0.1000    0.1139
     6        0.4730            -nan     0.1000    0.0940
     7        0.4082            -nan     0.1000    0.0746
     8        0.3553            -nan     0.1000    0.0634
     9        0.3102            -nan     0.1000    0.0538
    10        0.2726            -nan     0.1000    0.0439
    20        0.0960            -nan     0.1000    0.0089
    40        0.0291            -nan     0.1000   -0.0002
    60        0.0127            -nan     0.1000   -0.0005
    80        0.0065            -nan     0.1000   -0.0002
   100        0.0036            -nan     0.1000    0.0000
   120        0.0014            -nan     0.1000   -0.0000
   140        0.0007            -nan     0.1000    0.0000
   150        0.0005            -nan     0.1000   -0.0001

Iter   TrainDeviance   ValidDeviance   StepSize   Improve
     1        1.0986            -nan     0.1000    0.3408
     2        0.8693            -nan     0.1000    0.2945
     3        0.6834            -nan     0.1000    0.2037
     4        0.5468            -nan     0.1000    0.1522
     5        0.4428            -nan     0.1000    0.1244
     6        0.3644            -nan     0.1000    0.0794
     7        0.3101            -nan     0.1000    0.0761
     8        0.2614            -nan     0.1000    0.0565
     9        0.2184            -nan     0.1000    0.0498
    10        0.1856            -nan     0.1000    0.0374
    20        0.0596            -nan     0.1000    0.0034
    40        0.0130            -nan     0.1000    0.0011
    60        0.0043            -nan     0.1000   -0.0003
    80        0.0017            -nan     0.1000    0.0001
   100        0.0007            -nan     0.1000    0.0001
   120        0.0003            -nan     0.1000   -0.0000
   140        0.0001            -nan     0.1000   -0.0000
   150        0.0001            -nan     0.1000   -0.0000

Iter   TrainDeviance   ValidDeviance   StepSize   Improve
     1        1.0986            -nan     0.1000    0.3877
     2        0.8449            -nan     0.1000    0.2700
     3        0.6651            -nan     0.1000    0.1702
     4        0.5491            -nan     0.1000    0.1500
     5        0.4506            -nan     0.1000    0.1238
     6        0.3684            -nan     0.1000    0.0979
     7        0.3050            -nan     0.1000    0.0721
     8        0.2571            -nan     0.1000    0.0490
     9        0.2201            -nan     0.1000    0.0439
    10        0.1889            -nan     0.1000    0.0303
    20        0.0506            -nan     0.1000    0.0027
    40        0.0094            -nan     0.1000    0.0003
    60        0.0035            -nan     0.1000    0.0003
    80        0.0012            -nan     0.1000   -0.0000
   100        0.0004            -nan     0.1000   -0.0001
   120        0.0001            -nan     0.1000   -0.0000
   140        0.0001            -nan     0.1000   -0.0000
   150        0.0000            -nan     0.1000   -0.0000

Iter   TrainDeviance   ValidDeviance   StepSize   Improve
     1        1.0986            -nan     0.1000    0.2588
     2        0.9046            -nan     0.1000    0.2253
     3        0.7529            -nan     0.1000    0.1796
     4        0.6332            -nan     0.1000    0.1379
     5        0.5361            -nan     0.1000    0.1182
     6        0.4590            -nan     0.1000    0.0976
     7        0.3917            -nan     0.1000    0.0777
     8        0.3374            -nan     0.1000    0.0680
     9        0.2907            -nan     0.1000    0.0498
    10        0.2512            -nan     0.1000    0.0462
    20        0.0736            -nan     0.1000    0.0096
    40        0.0168            -nan     0.1000    0.0004
    60        0.0093            -nan     0.1000   -0.0021
    80        0.0141            -nan     0.1000    0.0020
   100        0.0100            -nan     0.1000   -0.0027
   120        0.0044            -nan     0.1000   -0.0013
   140        0.0038            -nan     0.1000   -0.0004
   150        0.0029            -nan     0.1000   -0.0005

Iter   TrainDeviance   ValidDeviance   StepSize   Improve
     1        1.0986            -nan     0.1000    0.4151
     2        0.8334            -nan     0.1000    0.2721
     3        0.6534            -nan     0.1000    0.1926
     4        0.5244            -nan     0.1000    0.1484
     5        0.4235            -nan     0.1000    0.1164
     6        0.3451            -nan     0.1000    0.0952
     7        0.2838            -nan     0.1000    0.0745
     8        0.2345            -nan     0.1000    0.0591
     9        0.1961            -nan     0.1000    0.0465
    10        0.1644            -nan     0.1000    0.0387
    20        0.0410            -nan     0.1000    0.0032
    40        0.0071            -nan     0.1000   -0.0002
    60        0.0030            -nan     0.1000   -0.0002
    80        0.0017            -nan     0.1000   -0.0004
   100        0.0009            -nan     0.1000   -0.0002
   120        0.0005            -nan     0.1000   -0.0001
   140        0.0003            -nan     0.1000   -0.0001
   150        0.0003            -nan     0.1000   -0.0000

Iter   TrainDeviance   ValidDeviance   StepSize   Improve
     1        1.0986            -nan     0.1000    0.3330
     2        0.8690            -nan     0.1000    0.3023
     3        0.6761            -nan     0.1000    0.2218
     4        0.5378            -nan     0.1000    0.1644
     5        0.4304            -nan     0.1000    0.1230
     6        0.3506            -nan     0.1000    0.1001
     7        0.2841            -nan     0.1000    0.0742
     8        0.2348            -nan     0.1000    0.0601
     9        0.1955            -nan     0.1000    0.0470
    10        0.1607            -nan     0.1000    0.0377
    20        0.0334            -nan     0.1000    0.0027
    40        0.0058            -nan     0.1000   -0.0017
    60        0.0034            -nan     0.1000   -0.0014
    80        0.0016            -nan     0.1000   -0.0006
   100        0.0011            -nan     0.1000   -0.0003
   120        0.0007            -nan     0.1000   -0.0003
   140        0.0004            -nan     0.1000   -0.0001
   150        0.0004            -nan     0.1000   -0.0002

Iter   TrainDeviance   ValidDeviance   StepSize   Improve
     1        1.0986            -nan     0.1000    0.2860
     2        0.9105            -nan     0.1000    0.1963
     3        0.7749            -nan     0.1000    0.1568
     4        0.6691            -nan     0.1000    0.1267
     5        0.5808            -nan     0.1000    0.1026
     6        0.5135            -nan     0.1000    0.0811
     7        0.4552            -nan     0.1000    0.0683
     8        0.4083            -nan     0.1000    0.0560
     9        0.3663            -nan     0.1000    0.0520
    10        0.3304            -nan     0.1000    0.0439
    20        0.1471            -nan     0.1000    0.0107
    40        0.0649            -nan     0.1000   -0.0008
    60        0.0372            -nan     0.1000   -0.0005
    80        0.0239            -nan     0.1000   -0.0018
   100        0.0182            -nan     0.1000    0.0006
   120        0.0103            -nan     0.1000    0.0002
   140        0.0076            -nan     0.1000   -0.0013
   150        0.0060            -nan     0.1000    0.0000

Iter   TrainDeviance   ValidDeviance   StepSize   Improve
     1        1.0986            -nan     0.1000    0.3389
     2        0.8579            -nan     0.1000    0.2040
     3        0.7009            -nan     0.1000    0.1632
     4        0.5922            -nan     0.1000    0.1094
     5        0.5134            -nan     0.1000    0.1264
     6        0.4255            -nan     0.1000    0.0945
     7        0.3612            -nan     0.1000    0.0749
     8        0.3096            -nan     0.1000    0.0564
     9        0.2694            -nan     0.1000    0.0515
    10        0.2337            -nan     0.1000    0.0430
    20        0.0918            -nan     0.1000    0.0067
    40        0.0316            -nan     0.1000    0.0001
    60        0.0135            -nan     0.1000   -0.0009
    80        0.0084            -nan     0.1000    0.0003
   100        0.0050            -nan     0.1000   -0.0009
   120        0.0031            -nan     0.1000   -0.0003
   140        0.0028            -nan     0.1000    0.0001
   150        0.0021            -nan     0.1000    0.0006

Iter   TrainDeviance   ValidDeviance   StepSize   Improve
     1        1.0986            -nan     0.1000    0.3882
     2        0.8605            -nan     0.1000    0.2382
     3        0.6920            -nan     0.1000    0.1733
     4        0.5752            -nan     0.1000    0.1398
     5        0.4805            -nan     0.1000    0.1202
     6        0.4021            -nan     0.1000    0.0875
     7        0.3425            -nan     0.1000    0.0666
     8        0.2967            -nan     0.1000    0.0639
     9        0.2527            -nan     0.1000    0.0478
    10        0.2196            -nan     0.1000    0.0344
    20        0.0784            -nan     0.1000    0.0037
    40        0.0231            -nan     0.1000    0.0014
    60        0.0109            -nan     0.1000   -0.0005
    80        0.0037            -nan     0.1000    0.0003
   100        0.0019            -nan     0.1000   -0.0001
   120        0.0012            -nan     0.1000   -0.0003
   140        0.0011            -nan     0.1000   -0.0006
   150        0.0007            -nan     0.1000    0.0002

Iter   TrainDeviance   ValidDeviance   StepSize   Improve
     1        1.0986            -nan     0.1000    0.2770
     2        0.9039            -nan     0.1000    0.2125
     3        0.7569            -nan     0.1000    0.1595
     4        0.6416            -nan     0.1000    0.1325
     5        0.5476            -nan     0.1000    0.1134
     6        0.4741            -nan     0.1000    0.0706
     7        0.4184            -nan     0.1000    0.0756
     8        0.3654            -nan     0.1000    0.0635
     9        0.3189            -nan     0.1000    0.0529
    10        0.2816            -nan     0.1000    0.0445
    20        0.0932            -nan     0.1000    0.0127
    40        0.0203            -nan     0.1000    0.0004
    60        0.0098            -nan     0.1000   -0.0020
    80        0.0041            -nan     0.1000   -0.0001
   100        0.0026            -nan     0.1000   -0.0010
   120        0.0019            -nan     0.1000   -0.0002
   140        0.0008            -nan     0.1000   -0.0002
   150        0.0008            -nan     0.1000   -0.0001

Iter   TrainDeviance   ValidDeviance   StepSize   Improve
     1        1.0986            -nan     0.1000    0.3951
     2        0.8454            -nan     0.1000    0.2744
     3        0.6678            -nan     0.1000    0.1959
     4        0.5369            -nan     0.1000    0.1478
     5        0.4372            -nan     0.1000    0.1210
     6        0.3597            -nan     0.1000    0.0878
     7        0.2993            -nan     0.1000    0.0750
     8        0.2497            -nan     0.1000    0.0558
     9        0.2114            -nan     0.1000    0.0488
    10        0.1795            -nan     0.1000    0.0343
    20        0.0464            -nan     0.1000    0.0064
    40        0.0110            -nan     0.1000    0.0005
    60        0.0038            -nan     0.1000   -0.0010
    80        0.0021            -nan     0.1000   -0.0009
   100        0.0015            -nan     0.1000   -0.0004
   120        0.0013            -nan     0.1000   -0.0000
   140        0.0010            -nan     0.1000   -0.0001
   150        0.0008            -nan     0.1000   -0.0004

Iter   TrainDeviance   ValidDeviance   StepSize   Improve
     1        1.0986            -nan     0.1000    0.4059
     2        0.8410            -nan     0.1000    0.2711
     3        0.6673            -nan     0.1000    0.2002
     4        0.5374            -nan     0.1000    0.1160
     5        0.4544            -nan     0.1000    0.1180
     6        0.3751            -nan     0.1000    0.0965
     7        0.3124            -nan     0.1000    0.0779
     8        0.2601            -nan     0.1000    0.0597
     9        0.2163            -nan     0.1000    0.0465
    10        0.1825            -nan     0.1000    0.0393
    20        0.0475            -nan     0.1000    0.0045
    40        0.0142            -nan     0.1000   -0.0026
    60        0.0090            -nan     0.1000   -0.0008
    80        0.0057            -nan     0.1000   -0.0021
   100        0.0036            -nan     0.1000   -0.0006
   120        0.0016            -nan     0.1000   -0.0000
   140        0.0010            -nan     0.1000   -0.0002
   150        0.0009            -nan     0.1000   -0.0002

Iter   TrainDeviance   ValidDeviance   StepSize   Improve
     1        1.0986            -nan     0.1000    0.2692
     2        0.9090            -nan     0.1000    0.2127
     3        0.7665            -nan     0.1000    0.1587
     4        0.6581            -nan     0.1000    0.1347
     5        0.5661            -nan     0.1000    0.1018
     6        0.4892            -nan     0.1000    0.0891
     7        0.4280            -nan     0.1000    0.0668
     8        0.3824            -nan     0.1000    0.0603
     9        0.3385            -nan     0.1000    0.0471
    10        0.3030            -nan     0.1000    0.0417
    20        0.1303            -nan     0.1000   -0.0005
    40        0.0640            -nan     0.1000   -0.0035
    60        0.0475            -nan     0.1000   -0.0040
    80        0.0331            -nan     0.1000   -0.0049
   100        0.0264            -nan     0.1000   -0.0059
   120        0.0205            -nan     0.1000   -0.0058
   140        0.0137            -nan     0.1000   -0.0001
   150        0.0113            -nan     0.1000    0.0000

Iter   TrainDeviance   ValidDeviance   StepSize   Improve
     1        1.0986            -nan     0.1000    0.3909
     2        0.8554            -nan     0.1000    0.2623
     3        0.6828            -nan     0.1000    0.1860
     4        0.5580            -nan     0.1000    0.1464
     5        0.4659            -nan     0.1000    0.0935
     6        0.4017            -nan     0.1000    0.0896
     7        0.3397            -nan     0.1000    0.0758
     8        0.2893            -nan     0.1000    0.0523
     9        0.2500            -nan     0.1000    0.0500
    10        0.2165            -nan     0.1000    0.0295
    20        0.0853            -nan     0.1000    0.0024
    40        0.0346            -nan     0.1000   -0.0031
    60        0.0194            -nan     0.1000   -0.0012
    80        0.0110            -nan     0.1000   -0.0009
   100        0.0094            -nan     0.1000   -0.0021
   120        0.0092            -nan     0.1000   -0.0005
   140        0.0052            -nan     0.1000   -0.0007
   150        0.0059            -nan     0.1000   -0.0003

Iter   TrainDeviance   ValidDeviance   StepSize   Improve
     1        1.0986            -nan     0.1000    0.3759
     2        0.8563            -nan     0.1000    0.2411
     3        0.6855            -nan     0.1000    0.1712
     4        0.5680            -nan     0.1000    0.1246
     5        0.4747            -nan     0.1000    0.1076
     6        0.4009            -nan     0.1000    0.0955
     7        0.3355            -nan     0.1000    0.0653
     8        0.2869            -nan     0.1000    0.0628
     9        0.2439            -nan     0.1000    0.0441
    10        0.2125            -nan     0.1000    0.0370
    20        0.0728            -nan     0.1000   -0.0032
    40        0.0252            -nan     0.1000    0.0030
    60        0.0134            -nan     0.1000   -0.0015
    80        0.0114            -nan     0.1000   -0.0006
   100        0.0032            -nan     0.1000   -0.0010
   120        0.0029            -nan     0.1000   -0.0004
   140        0.0021            -nan     0.1000   -0.0003
   150        0.0012            -nan     0.1000   -0.0003

Iter   TrainDeviance   ValidDeviance   StepSize   Improve
     1        1.0986            -nan     0.1000    0.3101
     2        0.8900            -nan     0.1000    0.2094
     3        0.7390            -nan     0.1000    0.1595
     4        0.6258            -nan     0.1000    0.1351
     5        0.5334            -nan     0.1000    0.1123
     6        0.4580            -nan     0.1000    0.0941
     7        0.3950            -nan     0.1000    0.0728
     8        0.3451            -nan     0.1000    0.0703
     9        0.3000            -nan     0.1000    0.0525
    10        0.2618            -nan     0.1000    0.0339
    20        0.0814            -nan     0.1000    0.0114
    40        0.0167            -nan     0.1000    0.0025
    60        0.0036            -nan     0.1000   -0.0001
    80        0.0008            -nan     0.1000    0.0000
   100        0.0002            -nan     0.1000    0.0000
   120        0.0001            -nan     0.1000   -0.0000
   140        0.0000            -nan     0.1000   -0.0000
   150        0.0000            -nan     0.1000    0.0000

Iter   TrainDeviance   ValidDeviance   StepSize   Improve
     1        1.0986            -nan     0.1000    0.4013
     2        0.8311            -nan     0.1000    0.2737
     3        0.6520            -nan     0.1000    0.2009
     4        0.5242            -nan     0.1000    0.1416
     5        0.4280            -nan     0.1000    0.1071
     6        0.3547            -nan     0.1000    0.0982
     7        0.2899            -nan     0.1000    0.0675
     8        0.2422            -nan     0.1000    0.0644
     9        0.1995            -nan     0.1000    0.0472
    10        0.1659            -nan     0.1000    0.0410
    20        0.0370            -nan     0.1000    0.0044
    40        0.0032            -nan     0.1000    0.0004
    60        0.0004            -nan     0.1000    0.0000
    80        0.0001            -nan     0.1000    0.0000
   100        0.0000            -nan     0.1000    0.0000
   120        0.0000            -nan     0.1000   -0.0000
   140        0.0000            -nan     0.1000    0.0000
   150        0.0000            -nan     0.1000    0.0000

Iter   TrainDeviance   ValidDeviance   StepSize   Improve
     1        1.0986            -nan     0.1000    0.3987
     2        0.8350            -nan     0.1000    0.2731
     3        0.6557            -nan     0.1000    0.2065
     4        0.5218            -nan     0.1000    0.1499
     5        0.4182            -nan     0.1000    0.1071
     6        0.3423            -nan     0.1000    0.0814
     7        0.2845            -nan     0.1000    0.0779
     8        0.2326            -nan     0.1000    0.0571
     9        0.1918            -nan     0.1000    0.0490
    10        0.1592            -nan     0.1000    0.0378
    20        0.0305            -nan     0.1000    0.0072
    40        0.0022            -nan     0.1000    0.0003
    60        0.0003            -nan     0.1000    0.0001
    80        0.0002            -nan     0.1000    0.0000
   100        0.0000            -nan     0.1000   -0.0000
   120        0.0000            -nan     0.1000    0.0000
   140        0.0000            -nan     0.1000    0.0000
   150        0.0000            -nan     0.1000   -0.0000

Iter   TrainDeviance   ValidDeviance   StepSize   Improve
     1        1.0986            -nan     0.1000    0.3023
     2        0.9012            -nan     0.1000    0.2188
     3        0.7488            -nan     0.1000    0.1621
     4        0.6356            -nan     0.1000    0.1367
     5        0.5421            -nan     0.1000    0.0992
     6        0.4707            -nan     0.1000    0.0879
     7        0.4109            -nan     0.1000    0.0752
     8        0.3586            -nan     0.1000    0.0660
     9        0.3135            -nan     0.1000    0.0530
    10        0.2739            -nan     0.1000    0.0480
    20        0.0975            -nan     0.1000    0.0059
    40        0.0281            -nan     0.1000   -0.0011
    60        0.0119            -nan     0.1000   -0.0006
    80        0.0061            -nan     0.1000   -0.0002
   100        0.0052            -nan     0.1000   -0.0005
   120        0.0022            -nan     0.1000   -0.0002
   140        0.0026            -nan     0.1000    0.0000
   150        0.0017            -nan     0.1000   -0.0005

Iter   TrainDeviance   ValidDeviance   StepSize   Improve
     1        1.0986            -nan     0.1000    0.3548
     2        0.8634            -nan     0.1000    0.2733
     3        0.6773            -nan     0.1000    0.1778
     4        0.5606            -nan     0.1000    0.1088
     5        0.4765            -nan     0.1000    0.1263
     6        0.3915            -nan     0.1000    0.0998
     7        0.3218            -nan     0.1000    0.0804
     8        0.2697            -nan     0.1000    0.0628
     9        0.2276            -nan     0.1000    0.0494
    10        0.1949            -nan     0.1000    0.0393
    20        0.0518            -nan     0.1000    0.0069
    40        0.0096            -nan     0.1000    0.0003
    60        0.0039            -nan     0.1000   -0.0012
    80        0.0018            -nan     0.1000   -0.0001
   100        0.0011            -nan     0.1000   -0.0005
   120        0.0015            -nan     0.1000   -0.0009
   140        0.0017            -nan     0.1000   -0.0000
   150        0.0009            -nan     0.1000   -0.0005

Iter   TrainDeviance   ValidDeviance   StepSize   Improve
     1        1.0986            -nan     0.1000    0.3647
     2        0.8550            -nan     0.1000    0.2450
     3        0.6856            -nan     0.1000    0.1801
     4        0.5651            -nan     0.1000    0.1449
     5        0.4700            -nan     0.1000    0.1283
     6        0.3850            -nan     0.1000    0.1018
     7        0.3163            -nan     0.1000    0.0842
     8        0.2620            -nan     0.1000    0.0627
     9        0.2192            -nan     0.1000    0.0483
    10        0.1829            -nan     0.1000    0.0378
    20        0.0435            -nan     0.1000    0.0054
    40        0.0068            -nan     0.1000   -0.0002
    60        0.0059            -nan     0.1000   -0.0001
    80        0.0026            -nan     0.1000   -0.0006
   100        0.0012            -nan     0.1000    0.0003
   120        0.0005            -nan     0.1000   -0.0002
   140        0.0002            -nan     0.1000   -0.0001
   150        0.0001            -nan     0.1000   -0.0001

Iter   TrainDeviance   ValidDeviance   StepSize   Improve
     1        1.0986            -nan     0.1000    0.3382
     2        0.8786            -nan     0.1000    0.2150
     3        0.7255            -nan     0.1000    0.1712
     4        0.6058            -nan     0.1000    0.1198
     5        0.5192            -nan     0.1000    0.1115
     6        0.4469            -nan     0.1000    0.0860
     7        0.3846            -nan     0.1000    0.0583
     8        0.3378            -nan     0.1000    0.0563
     9        0.2956            -nan     0.1000    0.0481
    10        0.2612            -nan     0.1000    0.0407
    20        0.0947            -nan     0.1000    0.0075
    40        0.0248            -nan     0.1000    0.0001
    60        0.0107            -nan     0.1000   -0.0015
    80        0.0050            -nan     0.1000   -0.0002
   100        0.0036            -nan     0.1000   -0.0007
   120        0.0029            -nan     0.1000   -0.0003
   140        0.0023            -nan     0.1000    0.0003
   150        0.0015            -nan     0.1000   -0.0001

Iter   TrainDeviance   ValidDeviance   StepSize   Improve
     1        1.0986            -nan     0.1000    0.3312
     2        0.8742            -nan     0.1000    0.2744
     3        0.6971            -nan     0.1000    0.1935
     4        0.5665            -nan     0.1000    0.1389
     5        0.4751            -nan     0.1000    0.0983
     6        0.4024            -nan     0.1000    0.1048
     7        0.3318            -nan     0.1000    0.0694
     8        0.2810            -nan     0.1000    0.0423
     9        0.2451            -nan     0.1000    0.0475
    10        0.2114            -nan     0.1000    0.0444
    20        0.0565            -nan     0.1000    0.0080
    40        0.0141            -nan     0.1000   -0.0028
    60        0.0042            -nan     0.1000   -0.0003
    80        0.0024            -nan     0.1000    0.0000
   100        0.0013            -nan     0.1000   -0.0000
   120        0.0009            -nan     0.1000    0.0000
   140        0.0004            -nan     0.1000   -0.0001
   150        0.0006            -nan     0.1000   -0.0001

Iter   TrainDeviance   ValidDeviance   StepSize   Improve
     1        1.0986            -nan     0.1000    0.3745
     2        0.8551            -nan     0.1000    0.2700
     3        0.6798            -nan     0.1000    0.1881
     4        0.5487            -nan     0.1000    0.1395
     5        0.4562            -nan     0.1000    0.1174
     6        0.3797            -nan     0.1000    0.0860
     7        0.3201            -nan     0.1000    0.0670
     8        0.2721            -nan     0.1000    0.0601
     9        0.2267            -nan     0.1000    0.0549
    10        0.1913            -nan     0.1000    0.0384
    20        0.0522            -nan     0.1000    0.0061
    40        0.0129            -nan     0.1000    0.0002
    60        0.0039            -nan     0.1000   -0.0005
    80        0.0016            -nan     0.1000   -0.0000
   100        0.0007            -nan     0.1000    0.0000
   120        0.0004            -nan     0.1000   -0.0000
   140        0.0002            -nan     0.1000   -0.0000
   150        0.0003            -nan     0.1000   -0.0002

Iter   TrainDeviance   ValidDeviance   StepSize   Improve
     1        1.0986            -nan     0.1000    0.3129
     2        0.8972            -nan     0.1000    0.2316
     3        0.7459            -nan     0.1000    0.1795
     4        0.6265            -nan     0.1000    0.1387
     5        0.5313            -nan     0.1000    0.1055
     6        0.4547            -nan     0.1000    0.0931
     7        0.3932            -nan     0.1000    0.0805
     8        0.3399            -nan     0.1000    0.0672
     9        0.2941            -nan     0.1000    0.0500
    10        0.2594            -nan     0.1000    0.0358
    20        0.0840            -nan     0.1000    0.0081
    40        0.0214            -nan     0.1000   -0.0003
    60        0.0081            -nan     0.1000   -0.0011
    80        0.0048            -nan     0.1000   -0.0005
   100        0.0030            -nan     0.1000   -0.0013
   120        0.0024            -nan     0.1000   -0.0011
   140        0.0016            -nan     0.1000   -0.0000
   150        0.0014            -nan     0.1000   -0.0006

Iter   TrainDeviance   ValidDeviance   StepSize   Improve
     1        1.0986            -nan     0.1000    0.3111
     2        0.8858            -nan     0.1000    0.2659
     3        0.7160            -nan     0.1000    0.2370
     4        0.5673            -nan     0.1000    0.1773
     5        0.4583            -nan     0.1000    0.0940
     6        0.3901            -nan     0.1000    0.1093
     7        0.3180            -nan     0.1000    0.0818
     8        0.2616            -nan     0.1000    0.0600
     9        0.2208            -nan     0.1000    0.0497
    10        0.1850            -nan     0.1000    0.0397
    20        0.0460            -nan     0.1000    0.0041
    40        0.0093            -nan     0.1000   -0.0002
    60        0.0028            -nan     0.1000   -0.0005
    80        0.0011            -nan     0.1000   -0.0006
   100        0.0005            -nan     0.1000   -0.0002
   120        0.0004            -nan     0.1000   -0.0000
   140        0.0002            -nan     0.1000   -0.0001
   150        0.0001            -nan     0.1000    0.0000

Iter   TrainDeviance   ValidDeviance   StepSize   Improve
     1        1.0986            -nan     0.1000    0.2973
     2        0.8812            -nan     0.1000    0.3039
     3        0.6837            -nan     0.1000    0.1899
     4        0.5568            -nan     0.1000    0.1765
     5        0.4467            -nan     0.1000    0.1003
     6        0.3761            -nan     0.1000    0.1041
     7        0.3073            -nan     0.1000    0.0862
     8        0.2523            -nan     0.1000    0.0611
     9        0.2122            -nan     0.1000    0.0540
    10        0.1774            -nan     0.1000    0.0399
    20        0.0347            -nan     0.1000    0.0016
    40        0.0047            -nan     0.1000   -0.0011
    60        0.0011            -nan     0.1000   -0.0006
    80        0.0006            -nan     0.1000   -0.0002
   100        0.0007            -nan     0.1000   -0.0000
   120        0.0002            -nan     0.1000   -0.0000
   140        0.0001            -nan     0.1000   -0.0000
   150        0.0001            -nan     0.1000   -0.0000

Iter   TrainDeviance   ValidDeviance   StepSize   Improve
     1        1.0986            -nan     0.1000    0.2952
     2        0.9019            -nan     0.1000    0.2120
     3        0.7547            -nan     0.1000    0.1595
     4        0.6409            -nan     0.1000    0.1281
     5        0.5496            -nan     0.1000    0.1074
     6        0.4732            -nan     0.1000    0.0777
     7        0.4128            -nan     0.1000    0.0770
     8        0.3604            -nan     0.1000    0.0618
     9        0.3171            -nan     0.1000    0.0484
    10        0.2830            -nan     0.1000    0.0399
    20        0.1183            -nan     0.1000    0.0059
    40        0.0575            -nan     0.1000    0.0006
    60        0.0387            -nan     0.1000   -0.0003
    80        0.0258            -nan     0.1000   -0.0037
   100        0.0189            -nan     0.1000   -0.0001
   120        0.0183            -nan     0.1000   -0.0025
   140        0.0154            -nan     0.1000   -0.0005
   150        0.0129            -nan     0.1000   -0.0001

Iter   TrainDeviance   ValidDeviance   StepSize   Improve
     1        1.0986            -nan     0.1000    0.2988
     2        0.8798            -nan     0.1000    0.2349
     3        0.7242            -nan     0.1000    0.2239
     4        0.5817            -nan     0.1000    0.1591
     5        0.4734            -nan     0.1000    0.1198
     6        0.3922            -nan     0.1000    0.0923
     7        0.3279            -nan     0.1000    0.0703
     8        0.2791            -nan     0.1000    0.0575
     9        0.2412            -nan     0.1000    0.0488
    10        0.2096            -nan     0.1000    0.0329
    20        0.0795            -nan     0.1000   -0.0020
    40        0.0305            -nan     0.1000   -0.0037
    60        0.0164            -nan     0.1000   -0.0026
    80        0.0085            -nan     0.1000   -0.0020
   100        0.0069            -nan     0.1000   -0.0020
   120        0.0053            -nan     0.1000    0.0003
   140        0.0025            -nan     0.1000   -0.0001
   150        0.0026            -nan     0.1000   -0.0007

Iter   TrainDeviance   ValidDeviance   StepSize   Improve
     1        1.0986            -nan     0.1000    0.3308
     2        0.8735            -nan     0.1000    0.2334
     3        0.7113            -nan     0.1000    0.2160
     4        0.5732            -nan     0.1000    0.1606
     5        0.4686            -nan     0.1000    0.1219
     6        0.3878            -nan     0.1000    0.0869
     7        0.3280            -nan     0.1000    0.0774
     8        0.2735            -nan     0.1000    0.0545
     9        0.2364            -nan     0.1000    0.0390
    10        0.2013            -nan     0.1000    0.0306
    20        0.0703            -nan     0.1000   -0.0033
    40        0.0228            -nan     0.1000   -0.0053
    60        0.0096            -nan     0.1000    0.0003
    80        0.0051            -nan     0.1000   -0.0003
   100        0.0055            -nan     0.1000   -0.0002
   120        0.0038            -nan     0.1000   -0.0009
   140        0.0029            -nan     0.1000   -0.0005
   150        0.0027            -nan     0.1000   -0.0012

Iter   TrainDeviance   ValidDeviance   StepSize   Improve
     1        1.0986            -nan     0.1000    0.3241
     2        0.8952            -nan     0.1000    0.2115
     3        0.7506            -nan     0.1000    0.1733
     4        0.6346            -nan     0.1000    0.1289
     5        0.5447            -nan     0.1000    0.0931
     6        0.4783            -nan     0.1000    0.0835
     7        0.4234            -nan     0.1000    0.0727
     8        0.3750            -nan     0.1000    0.0510
     9        0.3347            -nan     0.1000    0.0508
    10        0.2976            -nan     0.1000    0.0395
    20        0.1395            -nan     0.1000    0.0092
    40        0.0676            -nan     0.1000   -0.0026
    60        0.0434            -nan     0.1000   -0.0029
    80        0.0301            -nan     0.1000   -0.0014
   100        0.0240            -nan     0.1000   -0.0027
   120        0.0171            -nan     0.1000   -0.0002
   140        0.0127            -nan     0.1000   -0.0002
   150        0.0104            -nan     0.1000   -0.0000

Iter   TrainDeviance   ValidDeviance   StepSize   Improve
     1        1.0986            -nan     0.1000    0.3293
     2        0.8747            -nan     0.1000    0.2366
     3        0.7209            -nan     0.1000    0.1683
     4        0.6066            -nan     0.1000    0.1133
     5        0.5240            -nan     0.1000    0.1390
     6        0.4332            -nan     0.1000    0.1069
     7        0.3645            -nan     0.1000    0.0685
     8        0.3113            -nan     0.1000    0.0603
     9        0.2670            -nan     0.1000    0.0498
    10        0.2322            -nan     0.1000    0.0393
    20        0.0914            -nan     0.1000   -0.0010
    40        0.0330            -nan     0.1000   -0.0042
    60        0.0177            -nan     0.1000   -0.0015
    80        0.0127            -nan     0.1000   -0.0022
   100        0.0066            -nan     0.1000   -0.0003
   120        0.0057            -nan     0.1000   -0.0019
   140        0.0033            -nan     0.1000   -0.0003
   150        0.0032            -nan     0.1000   -0.0013

Iter   TrainDeviance   ValidDeviance   StepSize   Improve
     1        1.0986            -nan     0.1000    0.3216
     2        0.8804            -nan     0.1000    0.2078
     3        0.7328            -nan     0.1000    0.1865
     4        0.6123            -nan     0.1000    0.1397
     5        0.5176            -nan     0.1000    0.1372
     6        0.4292            -nan     0.1000    0.1080
     7        0.3525            -nan     0.1000    0.0738
     8        0.2994            -nan     0.1000    0.0472
     9        0.2591            -nan     0.1000    0.0511
    10        0.2234            -nan     0.1000    0.0344
    20        0.0801            -nan     0.1000   -0.0028
    40        0.0253            -nan     0.1000   -0.0038
    60        0.0129            -nan     0.1000   -0.0011
    80        0.0057            -nan     0.1000   -0.0002
   100        0.0026            -nan     0.1000   -0.0006
   120        0.0017            -nan     0.1000   -0.0001
   140        0.0018            -nan     0.1000   -0.0010
   150        0.0014            -nan     0.1000   -0.0000

Iter   TrainDeviance   ValidDeviance   StepSize   Improve
     1        1.0986            -nan     0.1000    0.2806
     2        0.8993            -nan     0.1000    0.2070
     3        0.7530            -nan     0.1000    0.1533
     4        0.6422            -nan     0.1000    0.1159
     5        0.5560            -nan     0.1000    0.0948
     6        0.4863            -nan     0.1000    0.0818
     7        0.4279            -nan     0.1000    0.0753
     8        0.3729            -nan     0.1000    0.0487
     9        0.3359            -nan     0.1000    0.0497
    10        0.3002            -nan     0.1000    0.0462
    20        0.1218            -nan     0.1000    0.0033
    40        0.0594            -nan     0.1000    0.0019
    60        0.0342            -nan     0.1000   -0.0014
    80        0.0244            -nan     0.1000   -0.0024
   100        0.0190            -nan     0.1000   -0.0031
   120        0.0129            -nan     0.1000   -0.0012
   140        0.0099            -nan     0.1000   -0.0011
   150        0.0091            -nan     0.1000   -0.0013

Iter   TrainDeviance   ValidDeviance   StepSize   Improve
     1        1.0986            -nan     0.1000    0.3922
     2        0.8535            -nan     0.1000    0.2515
     3        0.6834            -nan     0.1000    0.1812
     4        0.5613            -nan     0.1000    0.1569
     5        0.4527            -nan     0.1000    0.1125
     6        0.3788            -nan     0.1000    0.0941
     7        0.3179            -nan     0.1000    0.0620
     8        0.2717            -nan     0.1000    0.0461
     9        0.2367            -nan     0.1000    0.0273
    10        0.2119            -nan     0.1000    0.0398
    20        0.0793            -nan     0.1000   -0.0043
    40        0.0332            -nan     0.1000   -0.0015
    60        0.0166            -nan     0.1000   -0.0006
    80        0.0090            -nan     0.1000   -0.0000
   100        0.0050            -nan     0.1000   -0.0003
   120        0.0030            -nan     0.1000   -0.0006
   140        0.0036            -nan     0.1000   -0.0009
   150        0.0025            -nan     0.1000   -0.0006

Iter   TrainDeviance   ValidDeviance   StepSize   Improve
     1        1.0986            -nan     0.1000    0.3467
     2        0.8644            -nan     0.1000    0.2939
     3        0.6812            -nan     0.1000    0.2042
     4        0.5490            -nan     0.1000    0.1555
     5        0.4505            -nan     0.1000    0.1142
     6        0.3723            -nan     0.1000    0.0920
     7        0.3118            -nan     0.1000    0.0592
     8        0.2666            -nan     0.1000    0.0483
     9        0.2281            -nan     0.1000    0.0507
    10        0.1967            -nan     0.1000    0.0384
    20        0.0674            -nan     0.1000    0.0041
    40        0.0228            -nan     0.1000   -0.0027
    60        0.0115            -nan     0.1000   -0.0018
    80        0.0058            -nan     0.1000   -0.0011
   100        0.0041            -nan     0.1000   -0.0007
   120        0.0025            -nan     0.1000   -0.0006
   140        0.0016            -nan     0.1000   -0.0001
   150        0.0012            -nan     0.1000   -0.0002

Iter   TrainDeviance   ValidDeviance   StepSize   Improve
     1        1.0986            -nan     0.1000    0.2821
     2        0.9103            -nan     0.1000    0.2222
     3        0.7567            -nan     0.1000    0.1850
     4        0.6404            -nan     0.1000    0.1365
     5        0.5471            -nan     0.1000    0.1028
     6        0.4720            -nan     0.1000    0.0942
     7        0.4097            -nan     0.1000    0.0712
     8        0.3591            -nan     0.1000    0.0593
     9        0.3141            -nan     0.1000    0.0584
    10        0.2756            -nan     0.1000    0.0466
    20        0.0957            -nan     0.1000    0.0088
    40        0.0253            -nan     0.1000   -0.0003
    60        0.0111            -nan     0.1000    0.0001
    80        0.0051            -nan     0.1000   -0.0002
   100        0.0023            -nan     0.1000   -0.0003
   120        0.0014            -nan     0.1000    0.0002
   140        0.0005            -nan     0.1000   -0.0000
   150        0.0003            -nan     0.1000   -0.0000

Iter   TrainDeviance   ValidDeviance   StepSize   Improve
     1        1.0986            -nan     0.1000    0.4106
     2        0.8431            -nan     0.1000    0.2646
     3        0.6653            -nan     0.1000    0.1963
     4        0.5411            -nan     0.1000    0.1512
     5        0.4388            -nan     0.1000    0.1067
     6        0.3654            -nan     0.1000    0.0812
     7        0.3082            -nan     0.1000    0.0742
     8        0.2598            -nan     0.1000    0.0619
     9        0.2189            -nan     0.1000    0.0476
    10        0.1879            -nan     0.1000    0.0376
    20        0.0539            -nan     0.1000    0.0087
    40        0.0109            -nan     0.1000   -0.0001
    60        0.0017            -nan     0.1000   -0.0001
    80        0.0007            -nan     0.1000   -0.0002
   100        0.0002            -nan     0.1000   -0.0001
   120        0.0001            -nan     0.1000   -0.0000
   140        0.0001            -nan     0.1000    0.0000
   150        0.0000            -nan     0.1000   -0.0000

Iter   TrainDeviance   ValidDeviance   StepSize   Improve
     1        1.0986            -nan     0.1000    0.3823
     2        0.8599            -nan     0.1000    0.2943
     3        0.6785            -nan     0.1000    0.2038
     4        0.5455            -nan     0.1000    0.1518
     5        0.4463            -nan     0.1000    0.1079
     6        0.3662            -nan     0.1000    0.0882
     7        0.3075            -nan     0.1000    0.0684
     8        0.2596            -nan     0.1000    0.0500
     9        0.2219            -nan     0.1000    0.0446
    10        0.1883            -nan     0.1000    0.0406
    20        0.0476            -nan     0.1000    0.0024
    40        0.0068            -nan     0.1000    0.0006
    60        0.0015            -nan     0.1000    0.0001
    80        0.0008            -nan     0.1000   -0.0003
   100        0.0005            -nan     0.1000    0.0000
   120        0.0002            -nan     0.1000   -0.0001
   140        0.0002            -nan     0.1000   -0.0000
   150        0.0002            -nan     0.1000   -0.0000

Iter   TrainDeviance   ValidDeviance   StepSize   Improve
     1        1.0986            -nan     0.1000    0.2795
     2        0.9074            -nan     0.1000    0.2222
     3        0.7543            -nan     0.1000    0.1606
     4        0.6394            -nan     0.1000    0.1368
     5        0.5435            -nan     0.1000    0.1031
     6        0.4675            -nan     0.1000    0.0830
     7        0.4107            -nan     0.1000    0.0784
     8        0.3595            -nan     0.1000    0.0669
     9        0.3140            -nan     0.1000    0.0539
    10        0.2787            -nan     0.1000    0.0413
    20        0.1027            -nan     0.1000    0.0061
    40        0.0407            -nan     0.1000   -0.0016
    60        0.0245            -nan     0.1000   -0.0028
    80        0.0146            -nan     0.1000   -0.0024
   100        0.0116            -nan     0.1000   -0.0017
   120        0.0071            -nan     0.1000   -0.0011
   140        0.0048            -nan     0.1000   -0.0002
   150        0.0043            -nan     0.1000   -0.0004

Iter   TrainDeviance   ValidDeviance   StepSize   Improve
     1        1.0986            -nan     0.1000    0.3716
     2        0.8595            -nan     0.1000    0.2717
     3        0.6824            -nan     0.1000    0.2072
     4        0.5488            -nan     0.1000    0.1590
     5        0.4448            -nan     0.1000    0.1117
     6        0.3701            -nan     0.1000    0.0903
     7        0.3054            -nan     0.1000    0.0708
     8        0.2573            -nan     0.1000    0.0598
     9        0.2170            -nan     0.1000    0.0386
    10        0.1863            -nan     0.1000    0.0358
    20        0.0692            -nan     0.1000   -0.0020
    40        0.0280            -nan     0.1000   -0.0046
    60        0.0144            -nan     0.1000    0.0021
    80        0.0072            -nan     0.1000   -0.0022
   100        0.0047            -nan     0.1000   -0.0002
   120        0.0022            -nan     0.1000   -0.0002
   140        0.0013            -nan     0.1000   -0.0002
   150        0.0011            -nan     0.1000   -0.0005

Iter   TrainDeviance   ValidDeviance   StepSize   Improve
     1        1.0986            -nan     0.1000    0.3839
     2        0.8508            -nan     0.1000    0.2773
     3        0.6642            -nan     0.1000    0.1863
     4        0.5419            -nan     0.1000    0.1542
     5        0.4415            -nan     0.1000    0.1185
     6        0.3601            -nan     0.1000    0.0837
     7        0.3012            -nan     0.1000    0.0708
     8        0.2516            -nan     0.1000    0.0500
     9        0.2172            -nan     0.1000    0.0381
    10        0.1870            -nan     0.1000    0.0351
    20        0.0589            -nan     0.1000    0.0029
    40        0.0225            -nan     0.1000    0.0001
    60        0.0071            -nan     0.1000   -0.0013
    80        0.0034            -nan     0.1000   -0.0010
   100        0.0075            -nan     0.1000   -0.0002
   120        0.0024            -nan     0.1000   -0.0002
   140        0.0010            -nan     0.1000   -0.0002
   150        0.0009            -nan     0.1000   -0.0003

Iter   TrainDeviance   ValidDeviance   StepSize   Improve
     1        1.0986            -nan     0.1000    0.2798
     2        0.9053            -nan     0.1000    0.2199
     3        0.7582            -nan     0.1000    0.1551
     4        0.6459            -nan     0.1000    0.1284
     5        0.5577            -nan     0.1000    0.1006
     6        0.4884            -nan     0.1000    0.0827
     7        0.4300            -nan     0.1000    0.0630
     8        0.3819            -nan     0.1000    0.0672
     9        0.3360            -nan     0.1000    0.0540
    10        0.3002            -nan     0.1000    0.0330
    20        0.1333            -nan     0.1000    0.0069
    40        0.0740            -nan     0.1000   -0.0105
    60        0.0528            -nan     0.1000   -0.0029
    80        0.0409            -nan     0.1000   -0.0075
   100        0.0408            -nan     0.1000   -0.0034
   120        0.0330            -nan     0.1000   -0.0089
   140        0.0281            -nan     0.1000   -0.0053
   150        0.0255            -nan     0.1000   -0.0054

Iter   TrainDeviance   ValidDeviance   StepSize   Improve
     1        1.0986            -nan     0.1000    0.3095
     2        0.8739            -nan     0.1000    0.2663
     3        0.7015            -nan     0.1000    0.1983
     4        0.5757            -nan     0.1000    0.1456
     5        0.4804            -nan     0.1000    0.1206
     6        0.4018            -nan     0.1000    0.0935
     7        0.3379            -nan     0.1000    0.0732
     8        0.2898            -nan     0.1000    0.0475
     9        0.2532            -nan     0.1000    0.0382
    10        0.2205            -nan     0.1000    0.0348
    20        0.0984            -nan     0.1000    0.0045
    40        0.0407            -nan     0.1000   -0.0019
    60        0.0232            -nan     0.1000   -0.0031
    80        0.0174            -nan     0.1000   -0.0039
   100        0.0125            -nan     0.1000   -0.0022
   120        0.0085            -nan     0.1000   -0.0013
   140        0.0063            -nan     0.1000   -0.0009
   150        0.0053            -nan     0.1000   -0.0001

Iter   TrainDeviance   ValidDeviance   StepSize   Improve
     1        1.0986            -nan     0.1000    0.3943
     2        0.8501            -nan     0.1000    0.2401
     3        0.6865            -nan     0.1000    0.1930
     4        0.5639            -nan     0.1000    0.1383
     5        0.4717            -nan     0.1000    0.1168
     6        0.3874            -nan     0.1000    0.0635
     7        0.3379            -nan     0.1000    0.0707
     8        0.2881            -nan     0.1000    0.0562
     9        0.2511            -nan     0.1000    0.0350
    10        0.2204            -nan     0.1000    0.0384
    20        0.0885            -nan     0.1000   -0.0024
    40        0.0417            -nan     0.1000   -0.0096
    60        0.0256            -nan     0.1000   -0.0024
    80        0.0173            -nan     0.1000    0.0016
   100        0.0081            -nan     0.1000   -0.0008
   120        0.0039            -nan     0.1000   -0.0007
   140        0.0034            -nan     0.1000   -0.0000
   150        0.0033            -nan     0.1000   -0.0006

Iter   TrainDeviance   ValidDeviance   StepSize   Improve
     1        1.0986            -nan     0.1000    0.3042
     2        0.8874            -nan     0.1000    0.2334
     3        0.7312            -nan     0.1000    0.1716
     4        0.6111            -nan     0.1000    0.1369
     5        0.5170            -nan     0.1000    0.1179
     6        0.4390            -nan     0.1000    0.0800
     7        0.3797            -nan     0.1000    0.0800
     8        0.3243            -nan     0.1000    0.0615
     9        0.2801            -nan     0.1000    0.0533
    10        0.2417            -nan     0.1000    0.0493
    20        0.0649            -nan     0.1000    0.0072
    40        0.0155            -nan     0.1000   -0.0015
    60        0.0056            -nan     0.1000   -0.0010
    80        0.0057            -nan     0.1000   -0.0003
   100        0.0041            -nan     0.1000   -0.0001
   120        0.0019            -nan     0.1000    0.0004
   140        0.0011            -nan     0.1000   -0.0005
   150        0.0009            -nan     0.1000   -0.0004

Iter   TrainDeviance   ValidDeviance   StepSize   Improve
     1        1.0986            -nan     0.1000    0.3753
     2        0.8537            -nan     0.1000    0.3036
     3        0.6597            -nan     0.1000    0.2145
     4        0.5199            -nan     0.1000    0.1608
     5        0.4162            -nan     0.1000    0.1240
     6        0.3346            -nan     0.1000    0.0841
     7        0.2768            -nan     0.1000    0.0764
     8        0.2279            -nan     0.1000    0.0633
     9        0.1882            -nan     0.1000    0.0458
    10        0.1566            -nan     0.1000    0.0373
    20        0.0346            -nan     0.1000    0.0028
    40        0.0070            -nan     0.1000   -0.0015
    60        0.0046            -nan     0.1000   -0.0003
    80        0.0034            -nan     0.1000   -0.0004
   100        0.0025            -nan     0.1000   -0.0009
   120        0.0033            -nan     0.1000   -0.0015
   140        0.0029            -nan     0.1000   -0.0013
   150        0.0017            -nan     0.1000   -0.0001

Iter   TrainDeviance   ValidDeviance   StepSize   Improve
     1        1.0986            -nan     0.1000    0.3760
     2        0.8491            -nan     0.1000    0.3069
     3        0.6543            -nan     0.1000    0.2108
     4        0.5157            -nan     0.1000    0.1635
     5        0.4126            -nan     0.1000    0.1062
     6        0.3390            -nan     0.1000    0.0901
     7        0.2830            -nan     0.1000    0.0798
     8        0.2296            -nan     0.1000    0.0513
     9        0.1912            -nan     0.1000    0.0506
    10        0.1575            -nan     0.1000    0.0411
    20        0.0271            -nan     0.1000    0.0040
    40        0.0059            -nan     0.1000   -0.0013
    60        0.0043            -nan     0.1000   -0.0014
    80        0.0029            -nan     0.1000   -0.0003
   100        0.0021            -nan     0.1000    0.0002
   120        0.0006            -nan     0.1000   -0.0000
   140        0.0005            -nan     0.1000   -0.0000
   150        0.0004            -nan     0.1000    0.0001

Iter   TrainDeviance   ValidDeviance   StepSize   Improve
     1        1.0986            -nan     0.1000    0.3139
     2        0.8982            -nan     0.1000    0.2182
     3        0.7545            -nan     0.1000    0.1698
     4        0.6372            -nan     0.1000    0.1423
     5        0.5434            -nan     0.1000    0.1154
     6        0.4668            -nan     0.1000    0.0871
     7        0.4056            -nan     0.1000    0.0700
     8        0.3540            -nan     0.1000    0.0596
     9        0.3099            -nan     0.1000    0.0573
    10        0.2699            -nan     0.1000    0.0471
    20        0.0926            -nan     0.1000    0.0107
    40        0.0262            -nan     0.1000   -0.0012
    60        0.0100            -nan     0.1000    0.0005
    80        0.0048            -nan     0.1000    0.0004
   100        0.0024            -nan     0.1000   -0.0000
   120        0.0012            -nan     0.1000    0.0000
   140        0.0005            -nan     0.1000   -0.0000
   150        0.0004            -nan     0.1000   -0.0000

Iter   TrainDeviance   ValidDeviance   StepSize   Improve
     1        1.0986            -nan     0.1000    0.3318
     2        0.8695            -nan     0.1000    0.2925
     3        0.6807            -nan     0.1000    0.2062
     4        0.5465            -nan     0.1000    0.1486
     5        0.4463            -nan     0.1000    0.1239
     6        0.3631            -nan     0.1000    0.0688
     7        0.3120            -nan     0.1000    0.0688
     8        0.2620            -nan     0.1000    0.0615
     9        0.2211            -nan     0.1000    0.0475
    10        0.1885            -nan     0.1000    0.0450
    20        0.0466            -nan     0.1000    0.0029
    40        0.0084            -nan     0.1000    0.0012
    60        0.0016            -nan     0.1000   -0.0001
    80        0.0005            -nan     0.1000   -0.0001
   100        0.0001            -nan     0.1000   -0.0000
   120        0.0000            -nan     0.1000    0.0000
   140        0.0000            -nan     0.1000    0.0000
   150        0.0000            -nan     0.1000   -0.0000

Iter   TrainDeviance   ValidDeviance   StepSize   Improve
     1        1.0986            -nan     0.1000    0.4001
     2        0.8467            -nan     0.1000    0.2791
     3        0.6640            -nan     0.1000    0.1994
     4        0.5366            -nan     0.1000    0.1254
     5        0.4518            -nan     0.1000    0.1289
     6        0.3654            -nan     0.1000    0.0753
     7        0.3121            -nan     0.1000    0.0712
     8        0.2573            -nan     0.1000    0.0587
     9        0.2172            -nan     0.1000    0.0502
    10        0.1836            -nan     0.1000    0.0439
    20        0.0426            -nan     0.1000    0.0037
    40        0.0040            -nan     0.1000   -0.0005
    60        0.0008            -nan     0.1000    0.0001
    80        0.0002            -nan     0.1000   -0.0000
   100        0.0000            -nan     0.1000   -0.0000
   120        0.0000            -nan     0.1000   -0.0000
   140        0.0000            -nan     0.1000   -0.0000
   150        0.0000            -nan     0.1000   -0.0000

Iter   TrainDeviance   ValidDeviance   StepSize   Improve
     1        1.0986            -nan     0.1000    0.2624
     2        0.9074            -nan     0.1000    0.2090
     3        0.7653            -nan     0.1000    0.1567
     4        0.6555            -nan     0.1000    0.1384
     5        0.5606            -nan     0.1000    0.1043
     6        0.4853            -nan     0.1000    0.0907
     7        0.4238            -nan     0.1000    0.0644
     8        0.3758            -nan     0.1000    0.0557
     9        0.3368            -nan     0.1000    0.0559
    10        0.2996            -nan     0.1000    0.0409
    20        0.1304            -nan     0.1000    0.0105
    40        0.0493            -nan     0.1000    0.0020
    60        0.0307            -nan     0.1000    0.0037
    80        0.0178            -nan     0.1000    0.0012
   100        0.0104            -nan     0.1000   -0.0005
   120        0.0070            -nan     0.1000   -0.0011
   140        0.0058            -nan     0.1000   -0.0003
   150        0.0049            -nan     0.1000   -0.0011

Iter   TrainDeviance   ValidDeviance   StepSize   Improve
     1        1.0986            -nan     0.1000    0.3848
     2        0.8529            -nan     0.1000    0.2739
     3        0.6771            -nan     0.1000    0.1922
     4        0.5546            -nan     0.1000    0.1303
     5        0.4620            -nan     0.1000    0.1197
     6        0.3878            -nan     0.1000    0.0934
     7        0.3282            -nan     0.1000    0.0594
     8        0.2837            -nan     0.1000    0.0532
     9        0.2463            -nan     0.1000    0.0386
    10        0.2147            -nan     0.1000    0.0370
    20        0.0808            -nan     0.1000   -0.0003
    40        0.0255            -nan     0.1000   -0.0038
    60        0.0141            -nan     0.1000   -0.0042
    80        0.0073            -nan     0.1000   -0.0003
   100        0.0036            -nan     0.1000   -0.0003
   120        0.0020            -nan     0.1000   -0.0007
   140        0.0011            -nan     0.1000    0.0000
   150        0.0008            -nan     0.1000   -0.0001

Iter   TrainDeviance   ValidDeviance   StepSize   Improve
     1        1.0986            -nan     0.1000    0.3987
     2        0.8497            -nan     0.1000    0.2801
     3        0.6794            -nan     0.1000    0.1765
     4        0.5603            -nan     0.1000    0.1401
     5        0.4609            -nan     0.1000    0.1182
     6        0.3826            -nan     0.1000    0.0876
     7        0.3230            -nan     0.1000    0.0700
     8        0.2720            -nan     0.1000    0.0571
     9        0.2309            -nan     0.1000    0.0462
    10        0.1990            -nan     0.1000    0.0322
    20        0.0595            -nan     0.1000    0.0028
    40        0.0146            -nan     0.1000   -0.0011
    60        0.0046            -nan     0.1000   -0.0004
    80        0.0026            -nan     0.1000   -0.0001
   100        0.0016            -nan     0.1000   -0.0001
   120        0.0011            -nan     0.1000   -0.0001
   140        0.0005            -nan     0.1000    0.0001
   150        0.0005            -nan     0.1000   -0.0000

Iter   TrainDeviance   ValidDeviance   StepSize   Improve
     1        1.0986            -nan     0.1000    0.3164
     2        0.8923            -nan     0.1000    0.1883
     3        0.7475            -nan     0.1000    0.1701
     4        0.6339            -nan     0.1000    0.1325
     5        0.5444            -nan     0.1000    0.1071
     6        0.4706            -nan     0.1000    0.0858
     7        0.4112            -nan     0.1000    0.0744
     8        0.3599            -nan     0.1000    0.0578
     9        0.3158            -nan     0.1000    0.0534
    10        0.2789            -nan     0.1000    0.0365
    20        0.1129            -nan     0.1000    0.0095
    40        0.0449            -nan     0.1000    0.0007
    60        0.0287            -nan     0.1000   -0.0023
    80        0.0206            -nan     0.1000   -0.0017
   100        0.0140            -nan     0.1000   -0.0005
   120        0.0087            -nan     0.1000   -0.0021
   140        0.0064            -nan     0.1000   -0.0013
   150        0.0049            -nan     0.1000   -0.0003

Iter   TrainDeviance   ValidDeviance   StepSize   Improve
     1        1.0986            -nan     0.1000    0.4026
     2        0.8378            -nan     0.1000    0.2649
     3        0.6565            -nan     0.1000    0.1892
     4        0.5276            -nan     0.1000    0.1500
     5        0.4300            -nan     0.1000    0.0813
     6        0.3718            -nan     0.1000    0.0952
     7        0.3126            -nan     0.1000    0.0554
     8        0.2667            -nan     0.1000    0.0493
     9        0.2265            -nan     0.1000    0.0393
    10        0.1956            -nan     0.1000    0.0307
    20        0.0657            -nan     0.1000    0.0031
    40        0.0166            -nan     0.1000   -0.0001
    60        0.0081            -nan     0.1000    0.0004
    80        0.0038            -nan     0.1000   -0.0004
   100        0.0018            -nan     0.1000   -0.0003
   120        0.0009            -nan     0.1000   -0.0000
   140        0.0005            -nan     0.1000   -0.0000
   150        0.0004            -nan     0.1000   -0.0000

Iter   TrainDeviance   ValidDeviance   StepSize   Improve
     1        1.0986            -nan     0.1000    0.3341
     2        0.8645            -nan     0.1000    0.2908
     3        0.6774            -nan     0.1000    0.2084
     4        0.5444            -nan     0.1000    0.1487
     5        0.4410            -nan     0.1000    0.1031
     6        0.3689            -nan     0.1000    0.0841
     7        0.3080            -nan     0.1000    0.0670
     8        0.2617            -nan     0.1000    0.0522
     9        0.2236            -nan     0.1000    0.0466
    10        0.1910            -nan     0.1000    0.0389
    20        0.0534            -nan     0.1000    0.0022
    40        0.0148            -nan     0.1000   -0.0011
    60        0.0052            -nan     0.1000    0.0002
    80        0.0022            -nan     0.1000   -0.0004
   100        0.0016            -nan     0.1000    0.0001
   120        0.0006            -nan     0.1000   -0.0003
   140        0.0011            -nan     0.1000   -0.0000
   150        0.0004            -nan     0.1000    0.0000

Iter   TrainDeviance   ValidDeviance   StepSize   Improve
     1        1.0986            -nan     0.1000    0.2829
     2        0.9017            -nan     0.1000    0.2306
     3        0.7508            -nan     0.1000    0.1730
     4        0.6359            -nan     0.1000    0.1371
     5        0.5394            -nan     0.1000    0.1117
     6        0.4637            -nan     0.1000    0.0959
     7        0.3988            -nan     0.1000    0.0707
     8        0.3493            -nan     0.1000    0.0700
     9        0.3031            -nan     0.1000    0.0446
    10        0.2699            -nan     0.1000    0.0483
    20        0.0858            -nan     0.1000    0.0065
    40        0.0282            -nan     0.1000   -0.0076
    60        0.0200            -nan     0.1000   -0.0003
    80        0.0109            -nan     0.1000   -0.0003
   100        0.0067            -nan     0.1000   -0.0008
   120        0.0048            -nan     0.1000   -0.0006
   140        0.0037            -nan     0.1000   -0.0007
   150        0.0031            -nan     0.1000   -0.0007

Iter   TrainDeviance   ValidDeviance   StepSize   Improve
     1        1.0986            -nan     0.1000    0.3355
     2        0.8660            -nan     0.1000    0.2942
     3        0.6818            -nan     0.1000    0.2135
     4        0.5438            -nan     0.1000    0.1576
     5        0.4371            -nan     0.1000    0.1192
     6        0.3554            -nan     0.1000    0.0946
     7        0.2912            -nan     0.1000    0.0627
     8        0.2469            -nan     0.1000    0.0620
     9        0.2056            -nan     0.1000    0.0466
    10        0.1726            -nan     0.1000    0.0389
    20        0.0521            -nan     0.1000    0.0032
    40        0.0140            -nan     0.1000   -0.0014
    60        0.0092            -nan     0.1000   -0.0028
    80        0.0035            -nan     0.1000   -0.0004
   100        0.0022            -nan     0.1000   -0.0001
   120        0.0019            -nan     0.1000   -0.0009
   140        0.0009            -nan     0.1000   -0.0000
   150        0.0007            -nan     0.1000    0.0002

Iter   TrainDeviance   ValidDeviance   StepSize   Improve
     1        1.0986            -nan     0.1000    0.4128
     2        0.8401            -nan     0.1000    0.2781
     3        0.6584            -nan     0.1000    0.2076
     4        0.5280            -nan     0.1000    0.1574
     5        0.4259            -nan     0.1000    0.1089
     6        0.3497            -nan     0.1000    0.0911
     7        0.2905            -nan     0.1000    0.0723
     8        0.2425            -nan     0.1000    0.0567
     9        0.1999            -nan     0.1000    0.0490
    10        0.1678            -nan     0.1000    0.0366
    20        0.0498            -nan     0.1000    0.0003
    40        0.0124            -nan     0.1000   -0.0019
    60        0.0052            -nan     0.1000   -0.0018
    80        0.0035            -nan     0.1000   -0.0015
   100        0.0018            -nan     0.1000    0.0001
   120        0.0011            -nan     0.1000   -0.0004
   140        0.0017            -nan     0.1000   -0.0008
   150        0.0009            -nan     0.1000   -0.0000

Iter   TrainDeviance   ValidDeviance   StepSize   Improve
     1        1.0986            -nan     0.1000    0.2993
     2        0.9055            -nan     0.1000    0.1952
     3        0.7612            -nan     0.1000    0.1601
     4        0.6536            -nan     0.1000    0.1328
     5        0.5651            -nan     0.1000    0.1046
     6        0.4946            -nan     0.1000    0.0823
     7        0.4390            -nan     0.1000    0.0754
     8        0.3879            -nan     0.1000    0.0498
     9        0.3465            -nan     0.1000    0.0544
    10        0.3082            -nan     0.1000    0.0362
    20        0.1345            -nan     0.1000    0.0085
    40        0.0678            -nan     0.1000   -0.0018
    60        0.0421            -nan     0.1000   -0.0049
    80        0.0321            -nan     0.1000    0.0005
   100        0.0224            -nan     0.1000   -0.0011
   120        0.0174            -nan     0.1000   -0.0001
   140        0.0128            -nan     0.1000   -0.0015
   150        0.0114            -nan     0.1000   -0.0010

Iter   TrainDeviance   ValidDeviance   StepSize   Improve
     1        1.0986            -nan     0.1000    0.3526
     2        0.8782            -nan     0.1000    0.2448
     3        0.7111            -nan     0.1000    0.1754
     4        0.5908            -nan     0.1000    0.1135
     5        0.5057            -nan     0.1000    0.1153
     6        0.4264            -nan     0.1000    0.0975
     7        0.3621            -nan     0.1000    0.0631
     8        0.3092            -nan     0.1000    0.0623
     9        0.2678            -nan     0.1000    0.0360
    10        0.2359            -nan     0.1000    0.0351
    20        0.0997            -nan     0.1000    0.0016
    40        0.0392            -nan     0.1000   -0.0014
    60        0.0197            -nan     0.1000   -0.0025
    80        0.0098            -nan     0.1000    0.0004
   100        0.0055            -nan     0.1000   -0.0002
   120        0.0036            -nan     0.1000   -0.0001
   140        0.0020            -nan     0.1000   -0.0002
   150        0.0017            -nan     0.1000    0.0000

Iter   TrainDeviance   ValidDeviance   StepSize   Improve
     1        1.0986            -nan     0.1000    0.3226
     2        0.8739            -nan     0.1000    0.2969
     3        0.6932            -nan     0.1000    0.1774
     4        0.5775            -nan     0.1000    0.1488
     5        0.4782            -nan     0.1000    0.1185
     6        0.4013            -nan     0.1000    0.0797
     7        0.3477            -nan     0.1000    0.0792
     8        0.2948            -nan     0.1000    0.0524
     9        0.2546            -nan     0.1000    0.0461
    10        0.2208            -nan     0.1000    0.0347
    20        0.0830            -nan     0.1000    0.0021
    40        0.0264            -nan     0.1000    0.0018
    60        0.0104            -nan     0.1000   -0.0001
    80        0.0053            -nan     0.1000   -0.0009
   100        0.0027            -nan     0.1000   -0.0001
   120        0.0028            -nan     0.1000    0.0000
   140        0.0011            -nan     0.1000   -0.0000
   150        0.0007            -nan     0.1000   -0.0002

Iter   TrainDeviance   ValidDeviance   StepSize   Improve
     1        1.0986            -nan     0.1000    0.2837
     2        0.9129            -nan     0.1000    0.2031
     3        0.7733            -nan     0.1000    0.1541
     4        0.6701            -nan     0.1000    0.1166
     5        0.5834            -nan     0.1000    0.1092
     6        0.5121            -nan     0.1000    0.0856
     7        0.4515            -nan     0.1000    0.0680
     8        0.4007            -nan     0.1000    0.0610
     9        0.3586            -nan     0.1000    0.0537
    10        0.3236            -nan     0.1000    0.0400
    20        0.1508            -nan     0.1000    0.0086
    40        0.0738            -nan     0.1000    0.0007
    60        0.0445            -nan     0.1000   -0.0036
    80        0.0310            -nan     0.1000   -0.0024
   100        0.0198            -nan     0.1000   -0.0007
   120        0.0149            -nan     0.1000   -0.0001
   140        0.0104            -nan     0.1000    0.0002
   150        0.0090            -nan     0.1000   -0.0003

Iter   TrainDeviance   ValidDeviance   StepSize   Improve
     1        1.0986            -nan     0.1000    0.3516
     2        0.8708            -nan     0.1000    0.2535
     3        0.7037            -nan     0.1000    0.1936
     4        0.5795            -nan     0.1000    0.1516
     5        0.4831            -nan     0.1000    0.1003
     6        0.4092            -nan     0.1000    0.0910
     7        0.3502            -nan     0.1000    0.0680
     8        0.3020            -nan     0.1000    0.0538
     9        0.2639            -nan     0.1000    0.0387
    10        0.2344            -nan     0.1000    0.0377
    20        0.0952            -nan     0.1000    0.0020
    40        0.0345            -nan     0.1000   -0.0034
    60        0.0189            -nan     0.1000   -0.0027
    80        0.0107            -nan     0.1000   -0.0009
   100        0.0062            -nan     0.1000   -0.0003
   120        0.0036            -nan     0.1000   -0.0001
   140        0.0016            -nan     0.1000   -0.0001
   150        0.0012            -nan     0.1000   -0.0001

Iter   TrainDeviance   ValidDeviance   StepSize   Improve
     1        1.0986            -nan     0.1000    0.3822
     2        0.8563            -nan     0.1000    0.2416
     3        0.6947            -nan     0.1000    0.1883
     4        0.5727            -nan     0.1000    0.1331
     5        0.4823            -nan     0.1000    0.1239
     6        0.4017            -nan     0.1000    0.0901
     7        0.3443            -nan     0.1000    0.0753
     8        0.2974            -nan     0.1000    0.0590
     9        0.2590            -nan     0.1000    0.0451
    10        0.2272            -nan     0.1000    0.0409
    20        0.0883            -nan     0.1000   -0.0097
    40        0.0250            -nan     0.1000    0.0002
    60        0.0084            -nan     0.1000   -0.0015
    80        0.0036            -nan     0.1000   -0.0007
   100        0.0019            -nan     0.1000   -0.0002
   120        0.0010            -nan     0.1000   -0.0000
   140        0.0009            -nan     0.1000   -0.0003
   150        0.0011            -nan     0.1000   -0.0006

Iter   TrainDeviance   ValidDeviance   StepSize   Improve
     1        1.0986            -nan     0.1000    0.3097
     2        0.8937            -nan     0.1000    0.2096
     3        0.7473            -nan     0.1000    0.1500
     4        0.6309            -nan     0.1000    0.1128
     5        0.5441            -nan     0.1000    0.1043
     6        0.4665            -nan     0.1000    0.0924
     7        0.4035            -nan     0.1000    0.0775
     8        0.3503            -nan     0.1000    0.0655
     9        0.3083            -nan     0.1000    0.0600
    10        0.2687            -nan     0.1000    0.0501
    20        0.0857            -nan     0.1000    0.0102
    40        0.0188            -nan     0.1000   -0.0003
    60        0.0092            -nan     0.1000   -0.0016
    80        0.0080            -nan     0.1000   -0.0025
   100        0.0041            -nan     0.1000   -0.0015
   120        0.0031            -nan     0.1000   -0.0007
   140        0.0030            -nan     0.1000   -0.0014
   150        0.0036            -nan     0.1000   -0.0019

Iter   TrainDeviance   ValidDeviance   StepSize   Improve
     1        1.0986            -nan     0.1000    0.4185
     2        0.8378            -nan     0.1000    0.2892
     3        0.6585            -nan     0.1000    0.2091
     4        0.5249            -nan     0.1000    0.1250
     5        0.4355            -nan     0.1000    0.1244
     6        0.3552            -nan     0.1000    0.0845
     7        0.2973            -nan     0.1000    0.0771
     8        0.2469            -nan     0.1000    0.0568
     9        0.2078            -nan     0.1000    0.0487
    10        0.1740            -nan     0.1000    0.0390
    20        0.0441            -nan     0.1000    0.0065
    40        0.0107            -nan     0.1000   -0.0003
    60        0.0036            -nan     0.1000   -0.0008
    80        0.0025            -nan     0.1000   -0.0009
   100        0.0025            -nan     0.1000   -0.0005
   120        0.0005            -nan     0.1000   -0.0002
   140        0.0002            -nan     0.1000   -0.0000
   150        0.0001            -nan     0.1000   -0.0000

Iter   TrainDeviance   ValidDeviance   StepSize   Improve
     1        1.0986            -nan     0.1000    0.4205
     2        0.8281            -nan     0.1000    0.2836
     3        0.6476            -nan     0.1000    0.2090
     4        0.5157            -nan     0.1000    0.1547
     5        0.4170            -nan     0.1000    0.0885
     6        0.3513            -nan     0.1000    0.0935
     7        0.2915            -nan     0.1000    0.0727
     8        0.2416            -nan     0.1000    0.0613
     9        0.1994            -nan     0.1000    0.0448
    10        0.1677            -nan     0.1000    0.0348
    20        0.0462            -nan     0.1000   -0.0036
    40        0.0050            -nan     0.1000   -0.0007
    60        0.0023            -nan     0.1000   -0.0006
    80        0.0007            -nan     0.1000   -0.0000
   100        0.0008            -nan     0.1000    0.0002
   120        0.0005            -nan     0.1000   -0.0000
   140        0.0001            -nan     0.1000   -0.0000
   150        0.0001            -nan     0.1000   -0.0000

Iter   TrainDeviance   ValidDeviance   StepSize   Improve
     1        1.0986            -nan     0.1000    0.2961
     2        0.8886            -nan     0.1000    0.2274
     3        0.7323            -nan     0.1000    0.1723
     4        0.6168            -nan     0.1000    0.1394
     5        0.5238            -nan     0.1000    0.1003
     6        0.4484            -nan     0.1000    0.0796
     7        0.3894            -nan     0.1000    0.0685
     8        0.3396            -nan     0.1000    0.0659
     9        0.2943            -nan     0.1000    0.0523
    10        0.2600            -nan     0.1000    0.0434
    20        0.0889            -nan     0.1000    0.0080
    40        0.0259            -nan     0.1000   -0.0005
    60        0.0114            -nan     0.1000    0.0005
    80        0.0077            -nan     0.1000    0.0000
   100        0.0036            -nan     0.1000   -0.0010
   120        0.0024            -nan     0.1000   -0.0005
   140        0.0028            -nan     0.1000   -0.0011
   150        0.0026            -nan     0.1000   -0.0011

Iter   TrainDeviance   ValidDeviance   StepSize   Improve
     1        1.0986            -nan     0.1000    0.3985
     2        0.8281            -nan     0.1000    0.2280
     3        0.6700            -nan     0.1000    0.2072
     4        0.5298            -nan     0.1000    0.1537
     5        0.4268            -nan     0.1000    0.1167
     6        0.3511            -nan     0.1000    0.0862
     7        0.2909            -nan     0.1000    0.0658
     8        0.2447            -nan     0.1000    0.0590
     9        0.2041            -nan     0.1000    0.0431
    10        0.1724            -nan     0.1000    0.0328
    20        0.0464            -nan     0.1000    0.0021
    40        0.0126            -nan     0.1000   -0.0005
    60        0.0042            -nan     0.1000   -0.0009
    80        0.0042            -nan     0.1000   -0.0020
   100        0.0026            -nan     0.1000   -0.0004
   120        0.0019            -nan     0.1000   -0.0003
   140        0.0014            -nan     0.1000    0.0001
   150        0.0007            -nan     0.1000   -0.0001

Iter   TrainDeviance   ValidDeviance   StepSize   Improve
     1        1.0986            -nan     0.1000    0.3959
     2        0.8311            -nan     0.1000    0.2653
     3        0.6581            -nan     0.1000    0.1657
     4        0.5387            -nan     0.1000    0.1602
     5        0.4364            -nan     0.1000    0.1165
     6        0.3584            -nan     0.1000    0.0897
     7        0.2949            -nan     0.1000    0.0716
     8        0.2454            -nan     0.1000    0.0556
     9        0.2059            -nan     0.1000    0.0511
    10        0.1739            -nan     0.1000    0.0360
    20        0.0385            -nan     0.1000    0.0025
    40        0.0109            -nan     0.1000   -0.0002
    60        0.0019            -nan     0.1000   -0.0002
    80        0.0011            -nan     0.1000   -0.0004
   100        0.0007            -nan     0.1000   -0.0002
   120        0.0013            -nan     0.1000   -0.0006
   140        0.0030            -nan     0.1000   -0.0015
   150        0.0023            -nan     0.1000   -0.0013

Iter   TrainDeviance   ValidDeviance   StepSize   Improve
     1        1.0986            -nan     0.1000    0.3286
     2        0.8984            -nan     0.1000    0.2180
     3        0.7484            -nan     0.1000    0.1653
     4        0.6365            -nan     0.1000    0.1295
     5        0.5465            -nan     0.1000    0.0981
     6        0.4735            -nan     0.1000    0.0856
     7        0.4163            -nan     0.1000    0.0614
     8        0.3694            -nan     0.1000    0.0588
     9        0.3294            -nan     0.1000    0.0501
    10        0.2963            -nan     0.1000    0.0425
    20        0.1305            -nan     0.1000    0.0095
    40        0.0614            -nan     0.1000    0.0026
    60        0.0352            -nan     0.1000   -0.0035
    80        0.0207            -nan     0.1000    0.0001
   100        0.0139            -nan     0.1000   -0.0002
   120        0.0090            -nan     0.1000   -0.0024
   140        0.0069            -nan     0.1000    0.0001
   150        0.0053            -nan     0.1000    0.0000

Iter   TrainDeviance   ValidDeviance   StepSize   Improve
     1        1.0986            -nan     0.1000    0.3472
     2        0.8722            -nan     0.1000    0.2806
     3        0.6899            -nan     0.1000    0.1984
     4        0.5623            -nan     0.1000    0.1327
     5        0.4757            -nan     0.1000    0.1207
     6        0.3995            -nan     0.1000    0.0773
     7        0.3452            -nan     0.1000    0.0828
     8        0.2925            -nan     0.1000    0.0446
     9        0.2594            -nan     0.1000    0.0484
    10        0.2225            -nan     0.1000    0.0375
    20        0.0845            -nan     0.1000    0.0072
    40        0.0259            -nan     0.1000   -0.0022
    60        0.0096            -nan     0.1000   -0.0004
    80        0.0040            -nan     0.1000    0.0001
   100        0.0031            -nan     0.1000   -0.0001
   120        0.0016            -nan     0.1000   -0.0003
   140        0.0007            -nan     0.1000   -0.0000
   150        0.0004            -nan     0.1000   -0.0000

Iter   TrainDeviance   ValidDeviance   StepSize   Improve
     1        1.0986            -nan     0.1000    0.3723
     2        0.8462            -nan     0.1000    0.2393
     3        0.6893            -nan     0.1000    0.1968
     4        0.5553            -nan     0.1000    0.1514
     5        0.4544            -nan     0.1000    0.1128
     6        0.3776            -nan     0.1000    0.0878
     7        0.3159            -nan     0.1000    0.0628
     8        0.2687            -nan     0.1000    0.0493
     9        0.2323            -nan     0.1000    0.0409
    10        0.2000            -nan     0.1000    0.0375
    20        0.0694            -nan     0.1000    0.0020
    40        0.0207            -nan     0.1000   -0.0042
    60        0.0079            -nan     0.1000    0.0010
    80        0.0031            -nan     0.1000   -0.0007
   100        0.0011            -nan     0.1000   -0.0003
   120        0.0009            -nan     0.1000   -0.0000
   140        0.0006            -nan     0.1000   -0.0003
   150        0.0007            -nan     0.1000   -0.0003

Iter   TrainDeviance   ValidDeviance   StepSize   Improve
     1        1.0986            -nan     0.1000    0.2724
     2        0.9035            -nan     0.1000    0.1965
     3        0.7612            -nan     0.1000    0.1599
     4        0.6508            -nan     0.1000    0.1206
     5        0.5605            -nan     0.1000    0.0936
     6        0.4856            -nan     0.1000    0.0874
     7        0.4245            -nan     0.1000    0.0676
     8        0.3775            -nan     0.1000    0.0625
     9        0.3313            -nan     0.1000    0.0564
    10        0.2951            -nan     0.1000    0.0451
    20        0.1231            -nan     0.1000    0.0083
    40        0.0589            -nan     0.1000   -0.0079
    50        0.0520            -nan     0.1000   -0.0016

TRAINING SUCCESSFUL
The most important attribute: petallength (for technique: gbm)
________________
Dataset: iris 
Technique: gcvEarth 
Probability table:

    Iris_setosa Iris_versicolor  Iris_virginica 
      0.3333333       0.3333333       0.3333333 
BEGIN TRAINING
TRAINING SUCCESSFUL
The most important attribute: petallength (for technique: gcvEarth)
________________
Dataset: iris 
Technique: JRip 
Probability table:

    Iris_setosa Iris_versicolor  Iris_virginica 
      0.3333333       0.3333333       0.3333333 
BEGIN TRAINING
TRAINING SUCCESSFUL
The most important attribute: petallength (for technique: JRip)
________________
Dataset: iris 
Technique: lvq 
Probability table:

    Iris_setosa Iris_versicolor  Iris_virginica 
      0.3333333       0.3333333       0.3333333 
BEGIN TRAINING
TRAINING SUCCESSFUL
The most important attribute: petalwidth (for technique: lvq)
________________
Dataset: iris 
Technique: mlpML 
Probability table:

    Iris_setosa Iris_versicolor  Iris_virginica 
      0.3333333       0.3333333       0.3333333 
BEGIN TRAINING
TRAINING SUCCESSFUL
The most important attribute: petallength (for technique: mlpML)
________________
Dataset: iris 
Technique: multinom 
Probability table:

    Iris_setosa Iris_versicolor  Iris_virginica 
      0.3333333       0.3333333       0.3333333 
BEGIN TRAINING
# weights:  18 (10 variable)
initial  value 164.791843 
iter  10 value 16.326750
iter  20 value 6.016313
iter  30 value 5.967080
iter  40 value 5.954635
iter  50 value 5.952867
iter  60 value 5.952088
iter  70 value 5.951629
iter  80 value 5.951337
iter  90 value 5.950851
iter 100 value 5.950641
final  value 5.950641 
stopped after 100 iterations
TRAINING SUCCESSFUL
The most important attribute: petallength (for technique: multinom)
________________
Dataset: iris 
Technique: naive_bayes 
Probability table:

    Iris_setosa Iris_versicolor  Iris_virginica 
      0.3333333       0.3333333       0.3333333 
BEGIN TRAINING
TRAINING SUCCESSFUL
The most important attribute: petalwidth (for technique: naive_bayes)
________________
Dataset: iris 
Technique: PART 
Probability table:

    Iris_setosa Iris_versicolor  Iris_virginica 
      0.3333333       0.3333333       0.3333333 
BEGIN TRAINING
TRAINING SUCCESSFUL
The most important attribute: petalwidth (for technique: PART)
________________
Dataset: iris 
Technique: rbfDDA 
Probability table:

    Iris_setosa Iris_versicolor  Iris_virginica 
      0.3333333       0.3333333       0.3333333 
BEGIN TRAINING
TRAINING SUCCESSFUL
The most important attribute: petalwidth (for technique: rbfDDA)
________________
Dataset: iris 
Technique: rda 
Probability table:

    Iris_setosa Iris_versicolor  Iris_virginica 
      0.3333333       0.3333333       0.3333333 
BEGIN TRAINING
TRAINING SUCCESSFUL
The most important attribute: petallength (for technique: rda)
________________
Dataset: iris 
Technique: rf 
Probability table:

    Iris_setosa Iris_versicolor  Iris_virginica 
      0.3333333       0.3333333       0.3333333 
BEGIN TRAINING
TRAINING SUCCESSFUL
The most important attribute: petallength (for technique: rf)
________________
Dataset: iris 
Technique: rpart 
Probability table:

    Iris_setosa Iris_versicolor  Iris_virginica 
      0.3333333       0.3333333       0.3333333 
BEGIN TRAINING
TRAINING SUCCESSFUL
The most important attribute: petallength (for technique: rpart)
________________
Dataset: iris 
Technique: simpls 
Probability table:

    Iris_setosa Iris_versicolor  Iris_virginica 
      0.3333333       0.3333333       0.3333333 
BEGIN TRAINING
TRAINING SUCCESSFUL
The most important attribute: petalwidth (for technique: simpls)
________________
Dataset: iris 
Technique: svmLinear 
Probability table:

    Iris_setosa Iris_versicolor  Iris_virginica 
      0.3333333       0.3333333       0.3333333 
BEGIN TRAINING
TRAINING SUCCESSFUL
The most important attribute: petallength (for technique: svmLinear)
________________
Dataset: iris 
Technique: svmRadial 
Probability table:

    Iris_setosa Iris_versicolor  Iris_virginica 
      0.3333333       0.3333333       0.3333333 
BEGIN TRAINING
TRAINING SUCCESSFUL
The most important attribute: petalwidth (for technique: svmRadial)
________________
Dataset: iris 
Technique: rfRules 
Probability table:

    Iris_setosa Iris_versicolor  Iris_virginica 
      0.3333333       0.3333333       0.3333333 
BEGIN TRAINING
Registered S3 method overwritten by 'RRF':
  method      from        
  plot.margin randomForest
1605 rules (length<=2) were extracted from the first 500 trees.
2385 rules (length<=3) were extracted from the first 500 trees.
2962 rules (length<=4) were extracted from the first 500 trees.
1598 rules (length<=2) were extracted from the first 500 trees.
2272 rules (length<=3) were extracted from the first 500 trees.
2937 rules (length<=4) were extracted from the first 500 trees.
1627 rules (length<=2) were extracted from the first 500 trees.
2386 rules (length<=3) were extracted from the first 500 trees.
2938 rules (length<=4) were extracted from the first 500 trees.
1681 rules (length<=2) were extracted from the first 500 trees.
2370 rules (length<=3) were extracted from the first 500 trees.
2763 rules (length<=4) were extracted from the first 500 trees.
1623 rules (length<=2) were extracted from the first 500 trees.
2063 rules (length<=3) were extracted from the first 500 trees.
2151 rules (length<=4) were extracted from the first 500 trees.
1581 rules (length<=2) were extracted from the first 500 trees.
2259 rules (length<=3) were extracted from the first 500 trees.
2784 rules (length<=4) were extracted from the first 500 trees.
1602 rules (length<=2) were extracted from the first 500 trees.
1911 rules (length<=3) were extracted from the first 500 trees.
1925 rules (length<=4) were extracted from the first 500 trees.
1603 rules (length<=2) were extracted from the first 500 trees.
2375 rules (length<=3) were extracted from the first 500 trees.
3147 rules (length<=4) were extracted from the first 500 trees.
1786 rules (length<=2) were extracted from the first 500 trees.
2547 rules (length<=3) were extracted from the first 500 trees.
2982 rules (length<=4) were extracted from the first 500 trees.
1600 rules (length<=2) were extracted from the first 500 trees.
2044 rules (length<=3) were extracted from the first 500 trees.
2366 rules (length<=4) were extracted from the first 500 trees.
1615 rules (length<=2) were extracted from the first 500 trees.
2428 rules (length<=3) were extracted from the first 500 trees.
3185 rules (length<=4) were extracted from the first 500 trees.
1606 rules (length<=2) were extracted from the first 500 trees.
2232 rules (length<=3) were extracted from the first 500 trees.
2731 rules (length<=4) were extracted from the first 500 trees.
1616 rules (length<=2) were extracted from the first 500 trees.
2333 rules (length<=3) were extracted from the first 500 trees.
2855 rules (length<=4) were extracted from the first 500 trees.
1741 rules (length<=2) were extracted from the first 500 trees.
2419 rules (length<=3) were extracted from the first 500 trees.
2823 rules (length<=4) were extracted from the first 500 trees.
1622 rules (length<=2) were extracted from the first 500 trees.
2103 rules (length<=3) were extracted from the first 500 trees.
2342 rules (length<=4) were extracted from the first 500 trees.
1597 rules (length<=2) were extracted from the first 500 trees.
2238 rules (length<=3) were extracted from the first 500 trees.
2661 rules (length<=4) were extracted from the first 500 trees.
1591 rules (length<=2) were extracted from the first 500 trees.
2034 rules (length<=3) were extracted from the first 500 trees.
2165 rules (length<=4) were extracted from the first 500 trees.
1628 rules (length<=2) were extracted from the first 500 trees.
1997 rules (length<=3) were extracted from the first 500 trees.
2257 rules (length<=4) were extracted from the first 500 trees.
1618 rules (length<=2) were extracted from the first 500 trees.
2044 rules (length<=3) were extracted from the first 500 trees.
2318 rules (length<=4) were extracted from the first 500 trees.
1563 rules (length<=2) were extracted from the first 500 trees.
2214 rules (length<=3) were extracted from the first 500 trees.
2875 rules (length<=4) were extracted from the first 500 trees.
1756 rules (length<=2) were extracted from the first 500 trees.
2464 rules (length<=3) were extracted from the first 500 trees.
2869 rules (length<=4) were extracted from the first 500 trees.
1598 rules (length<=2) were extracted from the first 500 trees.
2443 rules (length<=3) were extracted from the first 500 trees.
2874 rules (length<=4) were extracted from the first 500 trees.
1616 rules (length<=2) were extracted from the first 500 trees.
2214 rules (length<=3) were extracted from the first 500 trees.
2982 rules (length<=4) were extracted from the first 500 trees.
1611 rules (length<=2) were extracted from the first 500 trees.
2229 rules (length<=3) were extracted from the first 500 trees.
2794 rules (length<=4) were extracted from the first 500 trees.
1641 rules (length<=2) were extracted from the first 500 trees.
2258 rules (length<=3) were extracted from the first 500 trees.
2647 rules (length<=4) were extracted from the first 500 trees.
2375 rules (length<=3) were extracted from the first 500 trees.
TRAINING SUCCESSFUL
The most important attribute: petalwidth (for technique: rfRules)
________________
Dataset: iris 
Technique: knn 
Probability table:

    Iris_setosa Iris_versicolor  Iris_virginica 
      0.3333333       0.3333333       0.3333333 
BEGIN TRAINING
TRAINING SUCCESSFUL
The most important attribute: petalwidth (for technique: knn)
________________
Dataset: iris 
Technique: bayesglm 
Probability table:

    Iris_setosa Iris_versicolor  Iris_virginica 
      0.3333333       0.3333333       0.3333333 
BEGIN TRAINING
TRAINING SUCCESSFUL
The most important attribute: petallength (for technique: bayesglm)
________________
Most important attribute obtained with all techniques
----------------
There were 50 or more warnings (use warnings() to see the first 50)
****************
RESULTS RECORDED
****************
