Current working directory: /home/chris/github/kappa-threshold 
parameters.csv exists: TRUE 
parameters.csv absolute path: /home/chris/github/kappa-threshold/data/files/parameters.csv 
Dataset: kc1 
Technique: C5.0 
Probability table:

    false      true 
0.8454244 0.1545756 
BEGIN TRAINING
TRAINING SUCCESSFUL
The most important attribute: l (for technique: C5.0)
________________
Dataset: kc1 
Technique: ctree 
Probability table:

    false      true 
0.8454244 0.1545756 
BEGIN TRAINING
TRAINING SUCCESSFUL
The most important attribute: d (for technique: ctree)
________________
Dataset: kc1 
Technique: fda 
Probability table:

    false      true 
0.8454244 0.1545756 
BEGIN TRAINING
TRAINING SUCCESSFUL
The most important attribute: total_Opnd (for technique: fda)
________________
Dataset: kc1 
Technique: gbm 
Probability table:

    false      true 
0.8454244 0.1545756 
BEGIN TRAINING
Iter   TrainDeviance   ValidDeviance   StepSize   Improve
     1        0.8996            -nan     0.1000    0.0111
     2        0.8808            -nan     0.1000    0.0083
     3        0.8631            -nan     0.1000    0.0067
     4        0.8482            -nan     0.1000    0.0054
     5        0.8365            -nan     0.1000    0.0049
     6        0.8279            -nan     0.1000    0.0040
     7        0.8174            -nan     0.1000    0.0042
     8        0.8115            -nan     0.1000    0.0027
     9        0.8063            -nan     0.1000    0.0024
    10        0.7981            -nan     0.1000    0.0041
    20        0.7615            -nan     0.1000    0.0002
    40        0.7355            -nan     0.1000    0.0001
    60        0.7224            -nan     0.1000    0.0000
    80        0.7104            -nan     0.1000   -0.0000
   100        0.7021            -nan     0.1000   -0.0000
   120        0.6944            -nan     0.1000   -0.0003
   140        0.6887            -nan     0.1000   -0.0001
   150        0.6855            -nan     0.1000   -0.0002

Iter   TrainDeviance   ValidDeviance   StepSize   Improve
     1        0.8924            -nan     0.1000    0.0151
     2        0.8650            -nan     0.1000    0.0110
     3        0.8452            -nan     0.1000    0.0092
     4        0.8284            -nan     0.1000    0.0075
     5        0.8153            -nan     0.1000    0.0051
     6        0.8061            -nan     0.1000    0.0037
     7        0.7949            -nan     0.1000    0.0050
     8        0.7867            -nan     0.1000    0.0023
     9        0.7789            -nan     0.1000    0.0035
    10        0.7739            -nan     0.1000    0.0013
    20        0.7343            -nan     0.1000    0.0002
    40        0.6972            -nan     0.1000   -0.0002
    60        0.6681            -nan     0.1000   -0.0003
    80        0.6436            -nan     0.1000   -0.0001
   100        0.6253            -nan     0.1000   -0.0001
   120        0.6073            -nan     0.1000   -0.0003
   140        0.5919            -nan     0.1000   -0.0002
   150        0.5857            -nan     0.1000   -0.0001

Iter   TrainDeviance   ValidDeviance   StepSize   Improve
     1        0.8896            -nan     0.1000    0.0166
     2        0.8620            -nan     0.1000    0.0122
     3        0.8404            -nan     0.1000    0.0089
     4        0.8224            -nan     0.1000    0.0079
     5        0.8079            -nan     0.1000    0.0064
     6        0.7938            -nan     0.1000    0.0061
     7        0.7850            -nan     0.1000    0.0026
     8        0.7745            -nan     0.1000    0.0035
     9        0.7653            -nan     0.1000    0.0034
    10        0.7590            -nan     0.1000    0.0022
    20        0.7096            -nan     0.1000    0.0011
    40        0.6588            -nan     0.1000    0.0000
    60        0.6233            -nan     0.1000    0.0002
    80        0.5964            -nan     0.1000   -0.0004
   100        0.5703            -nan     0.1000    0.0001
   120        0.5467            -nan     0.1000   -0.0006
   140        0.5231            -nan     0.1000   -0.0000
   150        0.5122            -nan     0.1000   -0.0003

Iter   TrainDeviance   ValidDeviance   StepSize   Improve
     1        0.8546            -nan     0.1000    0.0105
     2        0.8354            -nan     0.1000    0.0093
     3        0.8178            -nan     0.1000    0.0080
     4        0.8047            -nan     0.1000    0.0058
     5        0.7947            -nan     0.1000    0.0026
     6        0.7854            -nan     0.1000    0.0039
     7        0.7758            -nan     0.1000    0.0048
     8        0.7652            -nan     0.1000    0.0049
     9        0.7570            -nan     0.1000    0.0026
    10        0.7521            -nan     0.1000    0.0020
    20        0.7180            -nan     0.1000    0.0001
    40        0.6921            -nan     0.1000    0.0001
    60        0.6761            -nan     0.1000   -0.0002
    80        0.6642            -nan     0.1000   -0.0004
   100        0.6551            -nan     0.1000   -0.0000
   120        0.6464            -nan     0.1000    0.0000
   140        0.6376            -nan     0.1000    0.0000
   150        0.6348            -nan     0.1000   -0.0001

Iter   TrainDeviance   ValidDeviance   StepSize   Improve
     1        0.8445            -nan     0.1000    0.0157
     2        0.8170            -nan     0.1000    0.0115
     3        0.8007            -nan     0.1000    0.0087
     4        0.7861            -nan     0.1000    0.0060
     5        0.7743            -nan     0.1000    0.0060
     6        0.7640            -nan     0.1000    0.0046
     7        0.7535            -nan     0.1000    0.0051
     8        0.7426            -nan     0.1000    0.0046
     9        0.7352            -nan     0.1000    0.0030
    10        0.7307            -nan     0.1000    0.0015
    20        0.6903            -nan     0.1000    0.0014
    40        0.6509            -nan     0.1000    0.0004
    60        0.6270            -nan     0.1000   -0.0003
    80        0.6033            -nan     0.1000   -0.0002
   100        0.5830            -nan     0.1000   -0.0001
   120        0.5667            -nan     0.1000   -0.0008
   140        0.5501            -nan     0.1000   -0.0003
   150        0.5438            -nan     0.1000   -0.0003

Iter   TrainDeviance   ValidDeviance   StepSize   Improve
     1        0.8451            -nan     0.1000    0.0153
     2        0.8180            -nan     0.1000    0.0125
     3        0.7958            -nan     0.1000    0.0103
     4        0.7780            -nan     0.1000    0.0062
     5        0.7651            -nan     0.1000    0.0058
     6        0.7510            -nan     0.1000    0.0058
     7        0.7378            -nan     0.1000    0.0058
     8        0.7304            -nan     0.1000    0.0025
     9        0.7220            -nan     0.1000    0.0037
    10        0.7123            -nan     0.1000    0.0034
    20        0.6602            -nan     0.1000    0.0008
    40        0.6128            -nan     0.1000   -0.0001
    60        0.5799            -nan     0.1000   -0.0002
    80        0.5542            -nan     0.1000   -0.0004
   100        0.5275            -nan     0.1000   -0.0006
   120        0.5012            -nan     0.1000   -0.0009
   140        0.4823            -nan     0.1000   -0.0003
   150        0.4739            -nan     0.1000   -0.0003

Iter   TrainDeviance   ValidDeviance   StepSize   Improve
     1        0.8122            -nan     0.1000    0.0134
     2        0.7932            -nan     0.1000    0.0089
     3        0.7771            -nan     0.1000    0.0085
     4        0.7642            -nan     0.1000    0.0043
     5        0.7529            -nan     0.1000    0.0047
     6        0.7412            -nan     0.1000    0.0056
     7        0.7349            -nan     0.1000    0.0031
     8        0.7271            -nan     0.1000    0.0028
     9        0.7220            -nan     0.1000    0.0015
    10        0.7143            -nan     0.1000    0.0039
    20        0.6794            -nan     0.1000    0.0006
    40        0.6582            -nan     0.1000   -0.0001
    60        0.6463            -nan     0.1000   -0.0005
    80        0.6365            -nan     0.1000    0.0001
   100        0.6277            -nan     0.1000   -0.0000
   120        0.6213            -nan     0.1000   -0.0001
   140        0.6160            -nan     0.1000   -0.0001
   150        0.6122            -nan     0.1000   -0.0005

Iter   TrainDeviance   ValidDeviance   StepSize   Improve
     1        0.8087            -nan     0.1000    0.0141
     2        0.7830            -nan     0.1000    0.0130
     3        0.7649            -nan     0.1000    0.0088
     4        0.7485            -nan     0.1000    0.0082
     5        0.7347            -nan     0.1000    0.0066
     6        0.7252            -nan     0.1000    0.0036
     7        0.7178            -nan     0.1000    0.0036
     8        0.7089            -nan     0.1000    0.0042
     9        0.6996            -nan     0.1000    0.0034
    10        0.6961            -nan     0.1000    0.0012
    20        0.6539            -nan     0.1000    0.0015
    40        0.6204            -nan     0.1000    0.0002
    60        0.5929            -nan     0.1000    0.0002
    80        0.5723            -nan     0.1000    0.0000
   100        0.5563            -nan     0.1000   -0.0000
   120        0.5351            -nan     0.1000   -0.0004
   140        0.5187            -nan     0.1000   -0.0001
   150        0.5099            -nan     0.1000    0.0003

Iter   TrainDeviance   ValidDeviance   StepSize   Improve
     1        0.8028            -nan     0.1000    0.0163
     2        0.7756            -nan     0.1000    0.0122
     3        0.7555            -nan     0.1000    0.0079
     4        0.7372            -nan     0.1000    0.0088
     5        0.7238            -nan     0.1000    0.0049
     6        0.7113            -nan     0.1000    0.0039
     7        0.7009            -nan     0.1000    0.0045
     8        0.6907            -nan     0.1000    0.0041
     9        0.6823            -nan     0.1000    0.0034
    10        0.6743            -nan     0.1000    0.0024
    20        0.6294            -nan     0.1000    0.0021
    40        0.5785            -nan     0.1000    0.0001
    60        0.5519            -nan     0.1000   -0.0001
    80        0.5244            -nan     0.1000    0.0004
   100        0.4988            -nan     0.1000   -0.0003
   120        0.4753            -nan     0.1000    0.0000
   140        0.4521            -nan     0.1000    0.0002
   150        0.4431            -nan     0.1000   -0.0003

Iter   TrainDeviance   ValidDeviance   StepSize   Improve
     1        0.8290            -nan     0.1000    0.0127
     2        0.8113            -nan     0.1000    0.0081
     3        0.7951            -nan     0.1000    0.0071
     4        0.7790            -nan     0.1000    0.0070
     5        0.7697            -nan     0.1000    0.0044
     6        0.7615            -nan     0.1000    0.0038
     7        0.7530            -nan     0.1000    0.0037
     8        0.7434            -nan     0.1000    0.0037
     9        0.7368            -nan     0.1000    0.0031
    10        0.7332            -nan     0.1000    0.0012
    20        0.7046            -nan     0.1000    0.0021
    40        0.6764            -nan     0.1000    0.0002
    60        0.6618            -nan     0.1000   -0.0000
    80        0.6512            -nan     0.1000   -0.0002
   100        0.6437            -nan     0.1000   -0.0001
   120        0.6371            -nan     0.1000   -0.0001
   140        0.6314            -nan     0.1000   -0.0001
   150        0.6285            -nan     0.1000   -0.0009

Iter   TrainDeviance   ValidDeviance   StepSize   Improve
     1        0.8322            -nan     0.1000    0.0133
     2        0.8054            -nan     0.1000    0.0127
     3        0.7829            -nan     0.1000    0.0092
     4        0.7646            -nan     0.1000    0.0070
     5        0.7514            -nan     0.1000    0.0055
     6        0.7392            -nan     0.1000    0.0045
     7        0.7297            -nan     0.1000    0.0031
     8        0.7239            -nan     0.1000    0.0013
     9        0.7163            -nan     0.1000    0.0025
    10        0.7109            -nan     0.1000    0.0021
    20        0.6657            -nan     0.1000    0.0007
    40        0.6309            -nan     0.1000    0.0001
    60        0.6023            -nan     0.1000    0.0002
    80        0.5824            -nan     0.1000   -0.0000
   100        0.5616            -nan     0.1000   -0.0003
   120        0.5400            -nan     0.1000   -0.0001
   140        0.5217            -nan     0.1000    0.0003
   150        0.5157            -nan     0.1000    0.0000

Iter   TrainDeviance   ValidDeviance   StepSize   Improve
     1        0.8247            -nan     0.1000    0.0162
     2        0.7973            -nan     0.1000    0.0108
     3        0.7769            -nan     0.1000    0.0083
     4        0.7582            -nan     0.1000    0.0078
     5        0.7439            -nan     0.1000    0.0061
     6        0.7306            -nan     0.1000    0.0055
     7        0.7224            -nan     0.1000    0.0026
     8        0.7126            -nan     0.1000    0.0033
     9        0.7049            -nan     0.1000    0.0010
    10        0.6981            -nan     0.1000    0.0017
    20        0.6470            -nan     0.1000    0.0015
    40        0.5955            -nan     0.1000    0.0002
    60        0.5645            -nan     0.1000   -0.0002
    80        0.5378            -nan     0.1000   -0.0006
   100        0.5129            -nan     0.1000   -0.0001
   120        0.4884            -nan     0.1000   -0.0002
   140        0.4680            -nan     0.1000   -0.0005
   150        0.4595            -nan     0.1000   -0.0004

Iter   TrainDeviance   ValidDeviance   StepSize   Improve
     1        0.8501            -nan     0.1000    0.0139
     2        0.8281            -nan     0.1000    0.0102
     3        0.8099            -nan     0.1000    0.0087
     4        0.7923            -nan     0.1000    0.0087
     5        0.7778            -nan     0.1000    0.0062
     6        0.7660            -nan     0.1000    0.0045
     7        0.7548            -nan     0.1000    0.0047
     8        0.7475            -nan     0.1000    0.0028
     9        0.7422            -nan     0.1000    0.0025
    10        0.7343            -nan     0.1000    0.0038
    20        0.7056            -nan     0.1000    0.0002
    40        0.6795            -nan     0.1000    0.0009
    60        0.6637            -nan     0.1000    0.0001
    80        0.6528            -nan     0.1000   -0.0001
   100        0.6443            -nan     0.1000   -0.0001
   120        0.6373            -nan     0.1000   -0.0004
   140        0.6323            -nan     0.1000   -0.0004
   150        0.6296            -nan     0.1000   -0.0002

Iter   TrainDeviance   ValidDeviance   StepSize   Improve
     1        0.8468            -nan     0.1000    0.0159
     2        0.8183            -nan     0.1000    0.0139
     3        0.7954            -nan     0.1000    0.0107
     4        0.7806            -nan     0.1000    0.0068
     5        0.7644            -nan     0.1000    0.0073
     6        0.7531            -nan     0.1000    0.0045
     7        0.7435            -nan     0.1000    0.0033
     8        0.7335            -nan     0.1000    0.0023
     9        0.7283            -nan     0.1000    0.0012
    10        0.7192            -nan     0.1000    0.0037
    20        0.6757            -nan     0.1000    0.0005
    40        0.6391            -nan     0.1000    0.0002
    60        0.6157            -nan     0.1000   -0.0003
    80        0.5958            -nan     0.1000   -0.0002
   100        0.5805            -nan     0.1000    0.0005
   120        0.5678            -nan     0.1000   -0.0001
   140        0.5489            -nan     0.1000   -0.0001
   150        0.5420            -nan     0.1000   -0.0002

Iter   TrainDeviance   ValidDeviance   StepSize   Improve
     1        0.8408            -nan     0.1000    0.0181
     2        0.8146            -nan     0.1000    0.0125
     3        0.7935            -nan     0.1000    0.0090
     4        0.7768            -nan     0.1000    0.0074
     5        0.7610            -nan     0.1000    0.0066
     6        0.7466            -nan     0.1000    0.0061
     7        0.7355            -nan     0.1000    0.0041
     8        0.7276            -nan     0.1000    0.0029
     9        0.7187            -nan     0.1000    0.0025
    10        0.7082            -nan     0.1000    0.0038
    20        0.6526            -nan     0.1000    0.0004
    40        0.6100            -nan     0.1000    0.0000
    60        0.5817            -nan     0.1000   -0.0002
    80        0.5541            -nan     0.1000    0.0001
   100        0.5306            -nan     0.1000   -0.0003
   120        0.5098            -nan     0.1000    0.0006
   140        0.4884            -nan     0.1000   -0.0009
   150        0.4801            -nan     0.1000   -0.0003

Iter   TrainDeviance   ValidDeviance   StepSize   Improve
     1        0.8159            -nan     0.1000    0.0129
     2        0.7946            -nan     0.1000    0.0083
     3        0.7796            -nan     0.1000    0.0072
     4        0.7622            -nan     0.1000    0.0089
     5        0.7531            -nan     0.1000    0.0041
     6        0.7391            -nan     0.1000    0.0063
     7        0.7274            -nan     0.1000    0.0061
     8        0.7227            -nan     0.1000    0.0010
     9        0.7144            -nan     0.1000    0.0030
    10        0.7106            -nan     0.1000    0.0015
    20        0.6698            -nan     0.1000    0.0015
    40        0.6451            -nan     0.1000    0.0000
    60        0.6318            -nan     0.1000   -0.0002
    80        0.6213            -nan     0.1000    0.0002
   100        0.6125            -nan     0.1000   -0.0000
   120        0.6061            -nan     0.1000   -0.0001
   140        0.5992            -nan     0.1000   -0.0001
   150        0.5956            -nan     0.1000   -0.0002

Iter   TrainDeviance   ValidDeviance   StepSize   Improve
     1        0.8058            -nan     0.1000    0.0178
     2        0.7749            -nan     0.1000    0.0130
     3        0.7540            -nan     0.1000    0.0098
     4        0.7364            -nan     0.1000    0.0072
     5        0.7245            -nan     0.1000    0.0044
     6        0.7179            -nan     0.1000    0.0021
     7        0.7108            -nan     0.1000    0.0019
     8        0.7004            -nan     0.1000    0.0037
     9        0.6906            -nan     0.1000    0.0041
    10        0.6834            -nan     0.1000    0.0030
    20        0.6442            -nan     0.1000    0.0007
    40        0.6048            -nan     0.1000    0.0002
    60        0.5834            -nan     0.1000   -0.0001
    80        0.5580            -nan     0.1000   -0.0005
   100        0.5387            -nan     0.1000   -0.0001
   120        0.5215            -nan     0.1000    0.0000
   140        0.5071            -nan     0.1000   -0.0002
   150        0.5010            -nan     0.1000   -0.0006

Iter   TrainDeviance   ValidDeviance   StepSize   Improve
     1        0.8072            -nan     0.1000    0.0197
     2        0.7772            -nan     0.1000    0.0141
     3        0.7533            -nan     0.1000    0.0108
     4        0.7335            -nan     0.1000    0.0082
     5        0.7177            -nan     0.1000    0.0067
     6        0.7046            -nan     0.1000    0.0059
     7        0.6923            -nan     0.1000    0.0044
     8        0.6808            -nan     0.1000    0.0038
     9        0.6724            -nan     0.1000    0.0035
    10        0.6662            -nan     0.1000    0.0018
    20        0.6187            -nan     0.1000    0.0010
    40        0.5656            -nan     0.1000    0.0004
    60        0.5311            -nan     0.1000   -0.0002
    80        0.5048            -nan     0.1000   -0.0003
   100        0.4833            -nan     0.1000    0.0000
   120        0.4634            -nan     0.1000   -0.0004
   140        0.4460            -nan     0.1000   -0.0002
   150        0.4372            -nan     0.1000   -0.0005

Iter   TrainDeviance   ValidDeviance   StepSize   Improve
     1        0.7796            -nan     0.1000    0.0114
     2        0.7582            -nan     0.1000    0.0100
     3        0.7436            -nan     0.1000    0.0059
     4        0.7280            -nan     0.1000    0.0066
     5        0.7174            -nan     0.1000    0.0038
     6        0.7066            -nan     0.1000    0.0049
     7        0.6979            -nan     0.1000    0.0042
     8        0.6928            -nan     0.1000    0.0015
     9        0.6853            -nan     0.1000    0.0030
    10        0.6818            -nan     0.1000    0.0016
    20        0.6531            -nan     0.1000    0.0015
    40        0.6354            -nan     0.1000   -0.0001
    60        0.6218            -nan     0.1000   -0.0000
    80        0.6112            -nan     0.1000   -0.0001
   100        0.6041            -nan     0.1000   -0.0001
   120        0.5985            -nan     0.1000   -0.0002
   140        0.5907            -nan     0.1000   -0.0000
   150        0.5886            -nan     0.1000   -0.0000

Iter   TrainDeviance   ValidDeviance   StepSize   Improve
     1        0.7777            -nan     0.1000    0.0178
     2        0.7543            -nan     0.1000    0.0105
     3        0.7355            -nan     0.1000    0.0069
     4        0.7216            -nan     0.1000    0.0062
     5        0.7101            -nan     0.1000    0.0050
     6        0.6986            -nan     0.1000    0.0052
     7        0.6895            -nan     0.1000    0.0036
     8        0.6838            -nan     0.1000    0.0025
     9        0.6789            -nan     0.1000    0.0017
    10        0.6714            -nan     0.1000    0.0022
    20        0.6262            -nan     0.1000   -0.0003
    40        0.5932            -nan     0.1000   -0.0003
    60        0.5689            -nan     0.1000   -0.0001
    80        0.5496            -nan     0.1000    0.0002
   100        0.5309            -nan     0.1000   -0.0005
   120        0.5144            -nan     0.1000   -0.0006
   140        0.4981            -nan     0.1000   -0.0002
   150        0.4921            -nan     0.1000   -0.0004

Iter   TrainDeviance   ValidDeviance   StepSize   Improve
     1        0.7725            -nan     0.1000    0.0158
     2        0.7460            -nan     0.1000    0.0124
     3        0.7250            -nan     0.1000    0.0072
     4        0.7072            -nan     0.1000    0.0083
     5        0.6944            -nan     0.1000    0.0050
     6        0.6834            -nan     0.1000    0.0036
     7        0.6720            -nan     0.1000    0.0042
     8        0.6630            -nan     0.1000    0.0034
     9        0.6580            -nan     0.1000    0.0015
    10        0.6511            -nan     0.1000    0.0024
    20        0.6017            -nan     0.1000    0.0018
    40        0.5582            -nan     0.1000    0.0001
    60        0.5269            -nan     0.1000   -0.0007
    80        0.5004            -nan     0.1000    0.0001
   100        0.4761            -nan     0.1000   -0.0003
   120        0.4587            -nan     0.1000   -0.0001
   140        0.4453            -nan     0.1000   -0.0001
   150        0.4372            -nan     0.1000   -0.0007

Iter   TrainDeviance   ValidDeviance   StepSize   Improve
     1        0.8529            -nan     0.1000    0.0095
     2        0.8339            -nan     0.1000    0.0101
     3        0.8181            -nan     0.1000    0.0075
     4        0.8045            -nan     0.1000    0.0057
     5        0.7921            -nan     0.1000    0.0047
     6        0.7836            -nan     0.1000    0.0044
     7        0.7784            -nan     0.1000    0.0017
     8        0.7707            -nan     0.1000    0.0036
     9        0.7661            -nan     0.1000    0.0013
    10        0.7597            -nan     0.1000    0.0029
    20        0.7295            -nan     0.1000    0.0004
    40        0.7053            -nan     0.1000    0.0002
    60        0.6895            -nan     0.1000    0.0005
    80        0.6773            -nan     0.1000    0.0000
   100        0.6667            -nan     0.1000   -0.0001
   120        0.6580            -nan     0.1000   -0.0002
   140        0.6512            -nan     0.1000    0.0001
   150        0.6481            -nan     0.1000   -0.0004

Iter   TrainDeviance   ValidDeviance   StepSize   Improve
     1        0.8458            -nan     0.1000    0.0147
     2        0.8248            -nan     0.1000    0.0094
     3        0.8087            -nan     0.1000    0.0067
     4        0.7943            -nan     0.1000    0.0066
     5        0.7845            -nan     0.1000    0.0047
     6        0.7732            -nan     0.1000    0.0042
     7        0.7617            -nan     0.1000    0.0052
     8        0.7523            -nan     0.1000    0.0047
     9        0.7458            -nan     0.1000    0.0022
    10        0.7365            -nan     0.1000    0.0036
    20        0.6929            -nan     0.1000    0.0005
    40        0.6498            -nan     0.1000   -0.0001
    60        0.6243            -nan     0.1000    0.0001
    80        0.6020            -nan     0.1000    0.0000
   100        0.5841            -nan     0.1000    0.0002
   120        0.5662            -nan     0.1000   -0.0004
   140        0.5506            -nan     0.1000   -0.0001
   150        0.5425            -nan     0.1000   -0.0005

Iter   TrainDeviance   ValidDeviance   StepSize   Improve
     1        0.8402            -nan     0.1000    0.0152
     2        0.8181            -nan     0.1000    0.0097
     3        0.7998            -nan     0.1000    0.0089
     4        0.7833            -nan     0.1000    0.0067
     5        0.7683            -nan     0.1000    0.0070
     6        0.7556            -nan     0.1000    0.0057
     7        0.7453            -nan     0.1000    0.0042
     8        0.7352            -nan     0.1000    0.0033
     9        0.7281            -nan     0.1000    0.0029
    10        0.7185            -nan     0.1000    0.0029
    20        0.6671            -nan     0.1000    0.0012
    40        0.6152            -nan     0.1000   -0.0003
    60        0.5783            -nan     0.1000   -0.0000
    80        0.5479            -nan     0.1000   -0.0002
   100        0.5238            -nan     0.1000   -0.0002
   120        0.5001            -nan     0.1000   -0.0006
   140        0.4739            -nan     0.1000   -0.0003
   150        0.4645            -nan     0.1000   -0.0002

Iter   TrainDeviance   ValidDeviance   StepSize   Improve
     1        0.8251            -nan     0.1000    0.0115
     2        0.8048            -nan     0.1000    0.0101
     3        0.7908            -nan     0.1000    0.0049
     4        0.7757            -nan     0.1000    0.0068
     5        0.7643            -nan     0.1000    0.0056
     6        0.7519            -nan     0.1000    0.0058
     7        0.7445            -nan     0.1000    0.0037
     8        0.7372            -nan     0.1000    0.0030
     9        0.7272            -nan     0.1000    0.0036
    10        0.7198            -nan     0.1000    0.0030
    20        0.6869            -nan     0.1000    0.0018
    40        0.6665            -nan     0.1000    0.0000
    60        0.6501            -nan     0.1000   -0.0000
    80        0.6382            -nan     0.1000   -0.0001
   100        0.6290            -nan     0.1000   -0.0003
   120        0.6212            -nan     0.1000   -0.0003
   140        0.6130            -nan     0.1000   -0.0003
   150        0.6090            -nan     0.1000   -0.0007

Iter   TrainDeviance   ValidDeviance   StepSize   Improve
     1        0.8141            -nan     0.1000    0.0158
     2        0.7896            -nan     0.1000    0.0108
     3        0.7707            -nan     0.1000    0.0079
     4        0.7542            -nan     0.1000    0.0076
     5        0.7403            -nan     0.1000    0.0054
     6        0.7281            -nan     0.1000    0.0055
     7        0.7157            -nan     0.1000    0.0048
     8        0.7072            -nan     0.1000    0.0040
     9        0.7008            -nan     0.1000    0.0028
    10        0.6945            -nan     0.1000    0.0027
    20        0.6533            -nan     0.1000    0.0011
    40        0.6110            -nan     0.1000    0.0002
    60        0.5853            -nan     0.1000   -0.0001
    80        0.5633            -nan     0.1000    0.0000
   100        0.5430            -nan     0.1000   -0.0003
   120        0.5245            -nan     0.1000    0.0002
   140        0.5115            -nan     0.1000   -0.0003
   150        0.5050            -nan     0.1000   -0.0002

Iter   TrainDeviance   ValidDeviance   StepSize   Improve
     1        0.8138            -nan     0.1000    0.0150
     2        0.7868            -nan     0.1000    0.0111
     3        0.7637            -nan     0.1000    0.0096
     4        0.7467            -nan     0.1000    0.0057
     5        0.7288            -nan     0.1000    0.0066
     6        0.7148            -nan     0.1000    0.0049
     7        0.7033            -nan     0.1000    0.0052
     8        0.6957            -nan     0.1000    0.0020
     9        0.6854            -nan     0.1000    0.0040
    10        0.6769            -nan     0.1000    0.0040
    20        0.6241            -nan     0.1000    0.0004
    40        0.5682            -nan     0.1000    0.0003
    60        0.5355            -nan     0.1000    0.0001
    80        0.5099            -nan     0.1000   -0.0003
   100        0.4852            -nan     0.1000    0.0003
   120        0.4623            -nan     0.1000    0.0003
   140        0.4452            -nan     0.1000   -0.0001
   150        0.4380            -nan     0.1000   -0.0004

Iter   TrainDeviance   ValidDeviance   StepSize   Improve
     1        0.8108            -nan     0.1000    0.0108
     2        0.7893            -nan     0.1000    0.0077
     3        0.7758            -nan     0.1000    0.0063
     4        0.7628            -nan     0.1000    0.0048
     5        0.7482            -nan     0.1000    0.0074
     6        0.7364            -nan     0.1000    0.0061
     7        0.7299            -nan     0.1000    0.0029
     8        0.7212            -nan     0.1000    0.0028
     9        0.7141            -nan     0.1000    0.0031
    10        0.7103            -nan     0.1000    0.0014
    20        0.6705            -nan     0.1000   -0.0002
    40        0.6481            -nan     0.1000   -0.0002
    60        0.6317            -nan     0.1000    0.0002
    80        0.6201            -nan     0.1000   -0.0002
   100        0.6095            -nan     0.1000   -0.0001
   120        0.6023            -nan     0.1000   -0.0001
   140        0.5948            -nan     0.1000   -0.0003
   150        0.5909            -nan     0.1000   -0.0003

Iter   TrainDeviance   ValidDeviance   StepSize   Improve
     1        0.8009            -nan     0.1000    0.0138
     2        0.7838            -nan     0.1000    0.0076
     3        0.7587            -nan     0.1000    0.0114
     4        0.7414            -nan     0.1000    0.0076
     5        0.7291            -nan     0.1000    0.0051
     6        0.7146            -nan     0.1000    0.0068
     7        0.7063            -nan     0.1000    0.0025
     8        0.6975            -nan     0.1000    0.0032
     9        0.6872            -nan     0.1000    0.0046
    10        0.6824            -nan     0.1000    0.0020
    20        0.6313            -nan     0.1000    0.0006
    40        0.5947            -nan     0.1000    0.0001
    60        0.5698            -nan     0.1000   -0.0004
    80        0.5502            -nan     0.1000    0.0002
   100        0.5293            -nan     0.1000   -0.0003
   120        0.5083            -nan     0.1000    0.0001
   140        0.4949            -nan     0.1000   -0.0001
   150        0.4850            -nan     0.1000   -0.0003

Iter   TrainDeviance   ValidDeviance   StepSize   Improve
     1        0.7994            -nan     0.1000    0.0185
     2        0.7744            -nan     0.1000    0.0116
     3        0.7524            -nan     0.1000    0.0081
     4        0.7344            -nan     0.1000    0.0076
     5        0.7183            -nan     0.1000    0.0072
     6        0.7049            -nan     0.1000    0.0054
     7        0.6959            -nan     0.1000    0.0034
     8        0.6865            -nan     0.1000    0.0024
     9        0.6754            -nan     0.1000    0.0049
    10        0.6695            -nan     0.1000    0.0020
    20        0.6081            -nan     0.1000    0.0006
    40        0.5632            -nan     0.1000   -0.0000
    60        0.5298            -nan     0.1000    0.0005
    80        0.5041            -nan     0.1000    0.0001
   100        0.4719            -nan     0.1000   -0.0000
   120        0.4515            -nan     0.1000   -0.0001
   140        0.4312            -nan     0.1000   -0.0000
   150        0.4210            -nan     0.1000   -0.0003

Iter   TrainDeviance   ValidDeviance   StepSize   Improve
     1        0.8630            -nan     0.1000    0.0142
     2        0.8384            -nan     0.1000    0.0107
     3        0.8158            -nan     0.1000    0.0096
     4        0.7996            -nan     0.1000    0.0071
     5        0.7879            -nan     0.1000    0.0045
     6        0.7784            -nan     0.1000    0.0047
     7        0.7665            -nan     0.1000    0.0057
     8        0.7594            -nan     0.1000    0.0031
     9        0.7515            -nan     0.1000    0.0030
    10        0.7462            -nan     0.1000    0.0022
    20        0.7032            -nan     0.1000    0.0003
    40        0.6798            -nan     0.1000   -0.0003
    60        0.6661            -nan     0.1000   -0.0000
    80        0.6556            -nan     0.1000   -0.0007
   100        0.6468            -nan     0.1000   -0.0002
   120        0.6398            -nan     0.1000   -0.0002
   140        0.6338            -nan     0.1000   -0.0003
   150        0.6300            -nan     0.1000   -0.0006

Iter   TrainDeviance   ValidDeviance   StepSize   Improve
     1        0.8492            -nan     0.1000    0.0198
     2        0.8232            -nan     0.1000    0.0121
     3        0.8010            -nan     0.1000    0.0107
     4        0.7814            -nan     0.1000    0.0098
     5        0.7659            -nan     0.1000    0.0068
     6        0.7535            -nan     0.1000    0.0061
     7        0.7431            -nan     0.1000    0.0044
     8        0.7342            -nan     0.1000    0.0020
     9        0.7274            -nan     0.1000    0.0020
    10        0.7187            -nan     0.1000    0.0033
    20        0.6748            -nan     0.1000    0.0007
    40        0.6410            -nan     0.1000   -0.0003
    60        0.6121            -nan     0.1000    0.0004
    80        0.5946            -nan     0.1000    0.0001
   100        0.5722            -nan     0.1000   -0.0002
   120        0.5542            -nan     0.1000   -0.0004
   140        0.5398            -nan     0.1000   -0.0005
   150        0.5330            -nan     0.1000    0.0000

Iter   TrainDeviance   ValidDeviance   StepSize   Improve
     1        0.8458            -nan     0.1000    0.0195
     2        0.8147            -nan     0.1000    0.0129
     3        0.7940            -nan     0.1000    0.0085
     4        0.7740            -nan     0.1000    0.0076
     5        0.7577            -nan     0.1000    0.0074
     6        0.7420            -nan     0.1000    0.0065
     7        0.7296            -nan     0.1000    0.0047
     8        0.7196            -nan     0.1000    0.0032
     9        0.7089            -nan     0.1000    0.0044
    10        0.7000            -nan     0.1000    0.0024
    20        0.6494            -nan     0.1000    0.0014
    40        0.5999            -nan     0.1000    0.0002
    60        0.5632            -nan     0.1000    0.0003
    80        0.5367            -nan     0.1000   -0.0001
   100        0.5103            -nan     0.1000   -0.0000
   120        0.4890            -nan     0.1000   -0.0002
   140        0.4639            -nan     0.1000   -0.0001
   150        0.4527            -nan     0.1000    0.0001

Iter   TrainDeviance   ValidDeviance   StepSize   Improve
     1        0.8192            -nan     0.1000    0.0124
     2        0.7963            -nan     0.1000    0.0091
     3        0.7759            -nan     0.1000    0.0095
     4        0.7619            -nan     0.1000    0.0059
     5        0.7485            -nan     0.1000    0.0059
     6        0.7359            -nan     0.1000    0.0058
     7        0.7294            -nan     0.1000    0.0026
     8        0.7195            -nan     0.1000    0.0050
     9        0.7104            -nan     0.1000    0.0039
    10        0.7031            -nan     0.1000    0.0033
    20        0.6666            -nan     0.1000    0.0006
    40        0.6440            -nan     0.1000   -0.0001
    60        0.6343            -nan     0.1000   -0.0002
    80        0.6239            -nan     0.1000   -0.0001
   100        0.6157            -nan     0.1000   -0.0002
   120        0.6089            -nan     0.1000   -0.0001
   140        0.6018            -nan     0.1000   -0.0003
   150        0.5992            -nan     0.1000   -0.0000

Iter   TrainDeviance   ValidDeviance   StepSize   Improve
     1        0.8117            -nan     0.1000    0.0189
     2        0.7794            -nan     0.1000    0.0124
     3        0.7589            -nan     0.1000    0.0094
     4        0.7442            -nan     0.1000    0.0051
     5        0.7318            -nan     0.1000    0.0051
     6        0.7180            -nan     0.1000    0.0063
     7        0.7069            -nan     0.1000    0.0048
     8        0.6966            -nan     0.1000    0.0042
     9        0.6877            -nan     0.1000    0.0035
    10        0.6801            -nan     0.1000    0.0031
    20        0.6419            -nan     0.1000    0.0012
    40        0.6044            -nan     0.1000   -0.0001
    60        0.5785            -nan     0.1000   -0.0004
    80        0.5551            -nan     0.1000   -0.0000
   100        0.5375            -nan     0.1000   -0.0001
   120        0.5232            -nan     0.1000   -0.0000
   140        0.5087            -nan     0.1000   -0.0003
   150        0.5033            -nan     0.1000    0.0001

Iter   TrainDeviance   ValidDeviance   StepSize   Improve
     1        0.8086            -nan     0.1000    0.0188
     2        0.7794            -nan     0.1000    0.0128
     3        0.7585            -nan     0.1000    0.0094
     4        0.7402            -nan     0.1000    0.0083
     5        0.7233            -nan     0.1000    0.0069
     6        0.7106            -nan     0.1000    0.0061
     7        0.6973            -nan     0.1000    0.0051
     8        0.6864            -nan     0.1000    0.0044
     9        0.6768            -nan     0.1000    0.0048
    10        0.6670            -nan     0.1000    0.0039
    20        0.6209            -nan     0.1000    0.0020
    40        0.5698            -nan     0.1000    0.0003
    60        0.5366            -nan     0.1000   -0.0006
    80        0.5099            -nan     0.1000    0.0002
   100        0.4876            -nan     0.1000    0.0000
   120        0.4666            -nan     0.1000   -0.0002
   140        0.4445            -nan     0.1000   -0.0002
   150        0.4367            -nan     0.1000   -0.0001

Iter   TrainDeviance   ValidDeviance   StepSize   Improve
     1        0.8151            -nan     0.1000    0.0109
     2        0.7955            -nan     0.1000    0.0094
     3        0.7798            -nan     0.1000    0.0066
     4        0.7683            -nan     0.1000    0.0051
     5        0.7569            -nan     0.1000    0.0056
     6        0.7501            -nan     0.1000    0.0034
     7        0.7445            -nan     0.1000    0.0021
     8        0.7404            -nan     0.1000    0.0017
     9        0.7335            -nan     0.1000    0.0026
    10        0.7240            -nan     0.1000    0.0032
    20        0.6880            -nan     0.1000    0.0016
    40        0.6694            -nan     0.1000    0.0001
    60        0.6530            -nan     0.1000   -0.0003
    80        0.6404            -nan     0.1000   -0.0002
   100        0.6330            -nan     0.1000    0.0001
   120        0.6254            -nan     0.1000   -0.0001
   140        0.6182            -nan     0.1000    0.0001
   150        0.6155            -nan     0.1000   -0.0001

Iter   TrainDeviance   ValidDeviance   StepSize   Improve
     1        0.8095            -nan     0.1000    0.0150
     2        0.7845            -nan     0.1000    0.0111
     3        0.7660            -nan     0.1000    0.0062
     4        0.7534            -nan     0.1000    0.0046
     5        0.7426            -nan     0.1000    0.0048
     6        0.7320            -nan     0.1000    0.0048
     7        0.7247            -nan     0.1000    0.0029
     8        0.7163            -nan     0.1000    0.0036
     9        0.7080            -nan     0.1000    0.0035
    10        0.7025            -nan     0.1000    0.0021
    20        0.6631            -nan     0.1000    0.0010
    40        0.6240            -nan     0.1000   -0.0003
    60        0.5990            -nan     0.1000   -0.0009
    80        0.5799            -nan     0.1000   -0.0002
   100        0.5648            -nan     0.1000   -0.0005
   120        0.5470            -nan     0.1000   -0.0003
   140        0.5329            -nan     0.1000    0.0007
   150        0.5251            -nan     0.1000    0.0003

Iter   TrainDeviance   ValidDeviance   StepSize   Improve
     1        0.8061            -nan     0.1000    0.0152
     2        0.7780            -nan     0.1000    0.0112
     3        0.7623            -nan     0.1000    0.0087
     4        0.7484            -nan     0.1000    0.0060
     5        0.7356            -nan     0.1000    0.0048
     6        0.7234            -nan     0.1000    0.0049
     7        0.7154            -nan     0.1000    0.0026
     8        0.7050            -nan     0.1000    0.0046
     9        0.6966            -nan     0.1000    0.0035
    10        0.6895            -nan     0.1000    0.0027
    20        0.6381            -nan     0.1000    0.0013
    40        0.5941            -nan     0.1000    0.0003
    60        0.5639            -nan     0.1000    0.0001
    80        0.5330            -nan     0.1000   -0.0009
   100        0.5127            -nan     0.1000    0.0002
   120        0.4915            -nan     0.1000   -0.0004
   140        0.4727            -nan     0.1000   -0.0008
   150        0.4628            -nan     0.1000   -0.0002

Iter   TrainDeviance   ValidDeviance   StepSize   Improve
     1        0.8217            -nan     0.1000    0.0110
     2        0.8089            -nan     0.1000    0.0055
     3        0.7943            -nan     0.1000    0.0066
     4        0.7798            -nan     0.1000    0.0070
     5        0.7720            -nan     0.1000    0.0028
     6        0.7601            -nan     0.1000    0.0060
     7        0.7539            -nan     0.1000    0.0024
     8        0.7440            -nan     0.1000    0.0041
     9        0.7365            -nan     0.1000    0.0037
    10        0.7319            -nan     0.1000    0.0021
    20        0.6964            -nan     0.1000    0.0014
    40        0.6725            -nan     0.1000    0.0010
    60        0.6584            -nan     0.1000   -0.0000
    80        0.6479            -nan     0.1000   -0.0002
   100        0.6402            -nan     0.1000   -0.0002
   120        0.6328            -nan     0.1000   -0.0002
   140        0.6256            -nan     0.1000    0.0000
   150        0.6218            -nan     0.1000   -0.0004

Iter   TrainDeviance   ValidDeviance   StepSize   Improve
     1        0.8174            -nan     0.1000    0.0137
     2        0.7961            -nan     0.1000    0.0096
     3        0.7777            -nan     0.1000    0.0074
     4        0.7623            -nan     0.1000    0.0075
     5        0.7520            -nan     0.1000    0.0048
     6        0.7416            -nan     0.1000    0.0039
     7        0.7279            -nan     0.1000    0.0042
     8        0.7162            -nan     0.1000    0.0036
     9        0.7081            -nan     0.1000    0.0037
    10        0.7021            -nan     0.1000    0.0023
    20        0.6630            -nan     0.1000    0.0001
    40        0.6233            -nan     0.1000    0.0004
    60        0.6028            -nan     0.1000    0.0002
    80        0.5784            -nan     0.1000   -0.0003
   100        0.5592            -nan     0.1000   -0.0001
   120        0.5408            -nan     0.1000   -0.0004
   140        0.5272            -nan     0.1000   -0.0002
   150        0.5203            -nan     0.1000    0.0002

Iter   TrainDeviance   ValidDeviance   StepSize   Improve
     1        0.8136            -nan     0.1000    0.0143
     2        0.7902            -nan     0.1000    0.0118
     3        0.7656            -nan     0.1000    0.0095
     4        0.7508            -nan     0.1000    0.0061
     5        0.7362            -nan     0.1000    0.0051
     6        0.7237            -nan     0.1000    0.0051
     7        0.7145            -nan     0.1000    0.0044
     8        0.7035            -nan     0.1000    0.0037
     9        0.6966            -nan     0.1000    0.0023
    10        0.6893            -nan     0.1000    0.0025
    20        0.6497            -nan     0.1000    0.0005
    40        0.5914            -nan     0.1000    0.0003
    60        0.5577            -nan     0.1000   -0.0006
    80        0.5274            -nan     0.1000   -0.0001
   100        0.5068            -nan     0.1000   -0.0004
   120        0.4870            -nan     0.1000    0.0003
   140        0.4677            -nan     0.1000    0.0001
   150        0.4591            -nan     0.1000   -0.0002

Iter   TrainDeviance   ValidDeviance   StepSize   Improve
     1        0.8731            -nan     0.1000    0.0107
     2        0.8554            -nan     0.1000    0.0076
     3        0.8403            -nan     0.1000    0.0074
     4        0.8275            -nan     0.1000    0.0058
     5        0.8181            -nan     0.1000    0.0043
     6        0.8118            -nan     0.1000    0.0018
     7        0.8002            -nan     0.1000    0.0049
     8        0.7945            -nan     0.1000    0.0016
     9        0.7856            -nan     0.1000    0.0040
    10        0.7800            -nan     0.1000    0.0024
    20        0.7436            -nan     0.1000    0.0003
    40        0.7172            -nan     0.1000    0.0001
    60        0.7009            -nan     0.1000    0.0002
    80        0.6893            -nan     0.1000   -0.0000
   100        0.6792            -nan     0.1000   -0.0002
   120        0.6696            -nan     0.1000    0.0004
   140        0.6624            -nan     0.1000   -0.0000
   150        0.6582            -nan     0.1000   -0.0002

Iter   TrainDeviance   ValidDeviance   StepSize   Improve
     1        0.8684            -nan     0.1000    0.0126
     2        0.8457            -nan     0.1000    0.0099
     3        0.8257            -nan     0.1000    0.0089
     4        0.8114            -nan     0.1000    0.0067
     5        0.8021            -nan     0.1000    0.0040
     6        0.7904            -nan     0.1000    0.0047
     7        0.7823            -nan     0.1000    0.0020
     8        0.7724            -nan     0.1000    0.0036
     9        0.7660            -nan     0.1000    0.0027
    10        0.7590            -nan     0.1000    0.0027
    20        0.7149            -nan     0.1000    0.0005
    40        0.6707            -nan     0.1000    0.0004
    60        0.6428            -nan     0.1000    0.0000
    80        0.6169            -nan     0.1000    0.0002
   100        0.5926            -nan     0.1000   -0.0002
   120        0.5759            -nan     0.1000   -0.0006
   140        0.5604            -nan     0.1000   -0.0004
   150        0.5503            -nan     0.1000    0.0001

Iter   TrainDeviance   ValidDeviance   StepSize   Improve
     1        0.8664            -nan     0.1000    0.0143
     2        0.8407            -nan     0.1000    0.0100
     3        0.8196            -nan     0.1000    0.0096
     4        0.8002            -nan     0.1000    0.0079
     5        0.7884            -nan     0.1000    0.0030
     6        0.7753            -nan     0.1000    0.0050
     7        0.7651            -nan     0.1000    0.0044
     8        0.7543            -nan     0.1000    0.0042
     9        0.7466            -nan     0.1000    0.0018
    10        0.7392            -nan     0.1000    0.0027
    20        0.6855            -nan     0.1000    0.0007
    40        0.6219            -nan     0.1000    0.0006
    60        0.5881            -nan     0.1000    0.0003
    80        0.5551            -nan     0.1000    0.0001
   100        0.5277            -nan     0.1000    0.0000
   120        0.5049            -nan     0.1000   -0.0003
   140        0.4847            -nan     0.1000   -0.0000
   150        0.4770            -nan     0.1000   -0.0003

Iter   TrainDeviance   ValidDeviance   StepSize   Improve
     1        0.8036            -nan     0.1000    0.0115
     2        0.7831            -nan     0.1000    0.0081
     3        0.7694            -nan     0.1000    0.0062
     4        0.7576            -nan     0.1000    0.0055
     5        0.7461            -nan     0.1000    0.0056
     6        0.7364            -nan     0.1000    0.0046
     7        0.7299            -nan     0.1000    0.0030
     8        0.7249            -nan     0.1000    0.0021
     9        0.7165            -nan     0.1000    0.0035
    10        0.7099            -nan     0.1000    0.0024
    20        0.6804            -nan     0.1000    0.0002
    40        0.6559            -nan     0.1000   -0.0001
    60        0.6400            -nan     0.1000   -0.0001
    80        0.6277            -nan     0.1000    0.0000
   100        0.6184            -nan     0.1000   -0.0000
   120        0.6118            -nan     0.1000   -0.0003
   140        0.6050            -nan     0.1000   -0.0002
   150        0.6020            -nan     0.1000   -0.0003

Iter   TrainDeviance   ValidDeviance   StepSize   Improve
     1        0.7921            -nan     0.1000    0.0143
     2        0.7709            -nan     0.1000    0.0105
     3        0.7544            -nan     0.1000    0.0071
     4        0.7428            -nan     0.1000    0.0044
     5        0.7297            -nan     0.1000    0.0060
     6        0.7199            -nan     0.1000    0.0047
     7        0.7115            -nan     0.1000    0.0037
     8        0.7047            -nan     0.1000    0.0030
     9        0.6967            -nan     0.1000    0.0037
    10        0.6911            -nan     0.1000    0.0019
    20        0.6548            -nan     0.1000    0.0006
    40        0.6096            -nan     0.1000    0.0001
    60        0.5854            -nan     0.1000   -0.0000
    80        0.5590            -nan     0.1000   -0.0001
   100        0.5415            -nan     0.1000   -0.0002
   120        0.5244            -nan     0.1000   -0.0002
   140        0.5079            -nan     0.1000    0.0002
   150        0.5013            -nan     0.1000   -0.0001

Iter   TrainDeviance   ValidDeviance   StepSize   Improve
     1        0.7919            -nan     0.1000    0.0146
     2        0.7655            -nan     0.1000    0.0116
     3        0.7446            -nan     0.1000    0.0091
     4        0.7266            -nan     0.1000    0.0070
     5        0.7123            -nan     0.1000    0.0061
     6        0.7035            -nan     0.1000    0.0028
     7        0.6941            -nan     0.1000    0.0036
     8        0.6840            -nan     0.1000    0.0039
     9        0.6755            -nan     0.1000    0.0027
    10        0.6689            -nan     0.1000    0.0020
    20        0.6203            -nan     0.1000    0.0013
    40        0.5731            -nan     0.1000    0.0005
    60        0.5457            -nan     0.1000   -0.0004
    80        0.5239            -nan     0.1000   -0.0007
   100        0.5027            -nan     0.1000   -0.0007
   120        0.4803            -nan     0.1000   -0.0006
   140        0.4584            -nan     0.1000   -0.0002
   150        0.4484            -nan     0.1000   -0.0005

Iter   TrainDeviance   ValidDeviance   StepSize   Improve
     1        0.8201            -nan     0.1000    0.0102
     2        0.8019            -nan     0.1000    0.0083
     3        0.7879            -nan     0.1000    0.0071
     4        0.7759            -nan     0.1000    0.0042
     5        0.7633            -nan     0.1000    0.0059
     6        0.7519            -nan     0.1000    0.0047
     7        0.7451            -nan     0.1000    0.0032
     8        0.7359            -nan     0.1000    0.0033
     9        0.7319            -nan     0.1000    0.0015
    10        0.7276            -nan     0.1000    0.0015
    20        0.6968            -nan     0.1000    0.0004
    40        0.6727            -nan     0.1000    0.0003
    60        0.6555            -nan     0.1000    0.0002
    80        0.6460            -nan     0.1000    0.0000
   100        0.6380            -nan     0.1000   -0.0000
   120        0.6308            -nan     0.1000    0.0003
   140        0.6234            -nan     0.1000   -0.0001
   150        0.6206            -nan     0.1000   -0.0001

Iter   TrainDeviance   ValidDeviance   StepSize   Improve
     1        0.8150            -nan     0.1000    0.0130
     2        0.7914            -nan     0.1000    0.0096
     3        0.7739            -nan     0.1000    0.0069
     4        0.7581            -nan     0.1000    0.0063
     5        0.7452            -nan     0.1000    0.0061
     6        0.7344            -nan     0.1000    0.0048
     7        0.7256            -nan     0.1000    0.0037
     8        0.7159            -nan     0.1000    0.0041
     9        0.7109            -nan     0.1000    0.0015
    10        0.7053            -nan     0.1000    0.0023
    20        0.6603            -nan     0.1000    0.0008
    40        0.6201            -nan     0.1000    0.0007
    60        0.6002            -nan     0.1000    0.0000
    80        0.5792            -nan     0.1000    0.0001
   100        0.5571            -nan     0.1000   -0.0007
   120        0.5401            -nan     0.1000   -0.0002
   140        0.5259            -nan     0.1000   -0.0003
   150        0.5206            -nan     0.1000   -0.0002

Iter   TrainDeviance   ValidDeviance   StepSize   Improve
     1        0.8100            -nan     0.1000    0.0133
     2        0.7870            -nan     0.1000    0.0108
     3        0.7679            -nan     0.1000    0.0088
     4        0.7492            -nan     0.1000    0.0080
     5        0.7362            -nan     0.1000    0.0047
     6        0.7269            -nan     0.1000    0.0032
     7        0.7155            -nan     0.1000    0.0042
     8        0.7048            -nan     0.1000    0.0042
     9        0.6928            -nan     0.1000    0.0045
    10        0.6846            -nan     0.1000    0.0030
    20        0.6331            -nan     0.1000    0.0014
    40        0.5905            -nan     0.1000   -0.0005
    60        0.5618            -nan     0.1000   -0.0002
    80        0.5326            -nan     0.1000   -0.0005
   100        0.5095            -nan     0.1000   -0.0005
   120        0.4874            -nan     0.1000   -0.0001
   140        0.4655            -nan     0.1000   -0.0002
   150        0.4559            -nan     0.1000   -0.0005

Iter   TrainDeviance   ValidDeviance   StepSize   Improve
     1        0.8370            -nan     0.1000    0.0133
     2        0.8146            -nan     0.1000    0.0100
     3        0.7985            -nan     0.1000    0.0074
     4        0.7828            -nan     0.1000    0.0071
     5        0.7717            -nan     0.1000    0.0051
     6        0.7618            -nan     0.1000    0.0037
     7        0.7556            -nan     0.1000    0.0017
     8        0.7488            -nan     0.1000    0.0022
     9        0.7417            -nan     0.1000    0.0039
    10        0.7344            -nan     0.1000    0.0032
    20        0.7029            -nan     0.1000    0.0001
    40        0.6766            -nan     0.1000   -0.0002
    60        0.6637            -nan     0.1000    0.0001
    80        0.6531            -nan     0.1000    0.0001
   100        0.6407            -nan     0.1000   -0.0004
   120        0.6316            -nan     0.1000   -0.0002
   140        0.6237            -nan     0.1000   -0.0001
   150        0.6207            -nan     0.1000   -0.0001

Iter   TrainDeviance   ValidDeviance   StepSize   Improve
     1        0.8318            -nan     0.1000    0.0154
     2        0.8089            -nan     0.1000    0.0113
     3        0.7897            -nan     0.1000    0.0077
     4        0.7727            -nan     0.1000    0.0073
     5        0.7582            -nan     0.1000    0.0061
     6        0.7475            -nan     0.1000    0.0045
     7        0.7374            -nan     0.1000    0.0047
     8        0.7312            -nan     0.1000    0.0019
     9        0.7220            -nan     0.1000    0.0044
    10        0.7147            -nan     0.1000    0.0035
    20        0.6691            -nan     0.1000    0.0003
    40        0.6261            -nan     0.1000   -0.0005
    60        0.5998            -nan     0.1000   -0.0001
    80        0.5762            -nan     0.1000    0.0001
   100        0.5588            -nan     0.1000   -0.0004
   120        0.5408            -nan     0.1000   -0.0003
   140        0.5245            -nan     0.1000   -0.0000
   150        0.5179            -nan     0.1000   -0.0002

Iter   TrainDeviance   ValidDeviance   StepSize   Improve
     1        0.8280            -nan     0.1000    0.0184
     2        0.8009            -nan     0.1000    0.0125
     3        0.7784            -nan     0.1000    0.0069
     4        0.7607            -nan     0.1000    0.0084
     5        0.7468            -nan     0.1000    0.0050
     6        0.7325            -nan     0.1000    0.0050
     7        0.7219            -nan     0.1000    0.0040
     8        0.7106            -nan     0.1000    0.0051
     9        0.6999            -nan     0.1000    0.0037
    10        0.6912            -nan     0.1000    0.0032
    20        0.6438            -nan     0.1000    0.0010
    40        0.5928            -nan     0.1000    0.0001
    60        0.5520            -nan     0.1000    0.0008
    80        0.5152            -nan     0.1000   -0.0000
   100        0.4866            -nan     0.1000    0.0002
   120        0.4608            -nan     0.1000   -0.0003
   140        0.4403            -nan     0.1000   -0.0008
   150        0.4339            -nan     0.1000   -0.0002

Iter   TrainDeviance   ValidDeviance   StepSize   Improve
     1        0.8320            -nan     0.1000    0.0119
     2        0.8145            -nan     0.1000    0.0080
     3        0.7970            -nan     0.1000    0.0078
     4        0.7828            -nan     0.1000    0.0070
     5        0.7717            -nan     0.1000    0.0045
     6        0.7603            -nan     0.1000    0.0058
     7        0.7521            -nan     0.1000    0.0036
     8        0.7454            -nan     0.1000    0.0018
     9        0.7365            -nan     0.1000    0.0039
    10        0.7303            -nan     0.1000    0.0026
    20        0.6977            -nan     0.1000    0.0015
    40        0.6783            -nan     0.1000   -0.0002
    60        0.6646            -nan     0.1000   -0.0001
    80        0.6562            -nan     0.1000   -0.0003
   100        0.6490            -nan     0.1000   -0.0005
   120        0.6413            -nan     0.1000   -0.0000
   140        0.6335            -nan     0.1000   -0.0000
   150        0.6305            -nan     0.1000   -0.0003

Iter   TrainDeviance   ValidDeviance   StepSize   Improve
     1        0.8240            -nan     0.1000    0.0146
     2        0.8012            -nan     0.1000    0.0106
     3        0.7805            -nan     0.1000    0.0096
     4        0.7638            -nan     0.1000    0.0079
     5        0.7541            -nan     0.1000    0.0042
     6        0.7415            -nan     0.1000    0.0042
     7        0.7318            -nan     0.1000    0.0034
     8        0.7222            -nan     0.1000    0.0041
     9        0.7147            -nan     0.1000    0.0036
    10        0.7065            -nan     0.1000    0.0033
    20        0.6660            -nan     0.1000    0.0007
    40        0.6272            -nan     0.1000   -0.0004
    60        0.6040            -nan     0.1000   -0.0002
    80        0.5827            -nan     0.1000   -0.0000
   100        0.5620            -nan     0.1000   -0.0003
   120        0.5476            -nan     0.1000   -0.0000
   140        0.5323            -nan     0.1000   -0.0003
   150        0.5244            -nan     0.1000   -0.0000

Iter   TrainDeviance   ValidDeviance   StepSize   Improve
     1        0.8200            -nan     0.1000    0.0143
     2        0.7926            -nan     0.1000    0.0123
     3        0.7720            -nan     0.1000    0.0094
     4        0.7560            -nan     0.1000    0.0072
     5        0.7424            -nan     0.1000    0.0059
     6        0.7293            -nan     0.1000    0.0055
     7        0.7191            -nan     0.1000    0.0038
     8        0.7085            -nan     0.1000    0.0034
     9        0.6998            -nan     0.1000    0.0036
    10        0.6924            -nan     0.1000    0.0026
    20        0.6446            -nan     0.1000    0.0017
    40        0.5963            -nan     0.1000    0.0007
    60        0.5626            -nan     0.1000    0.0003
    80        0.5276            -nan     0.1000   -0.0001
   100        0.5044            -nan     0.1000    0.0005
   120        0.4834            -nan     0.1000   -0.0004
   140        0.4644            -nan     0.1000    0.0001
   150        0.4555            -nan     0.1000   -0.0004

Iter   TrainDeviance   ValidDeviance   StepSize   Improve
     1        0.8328            -nan     0.1000    0.0129
     2        0.8150            -nan     0.1000    0.0086
     3        0.7994            -nan     0.1000    0.0069
     4        0.7842            -nan     0.1000    0.0076
     5        0.7745            -nan     0.1000    0.0036
     6        0.7646            -nan     0.1000    0.0046
     7        0.7520            -nan     0.1000    0.0062
     8        0.7413            -nan     0.1000    0.0050
     9        0.7364            -nan     0.1000    0.0024
    10        0.7295            -nan     0.1000    0.0035
    20        0.6941            -nan     0.1000    0.0021
    40        0.6688            -nan     0.1000    0.0000
    60        0.6557            -nan     0.1000   -0.0001
    80        0.6476            -nan     0.1000   -0.0002
   100        0.6388            -nan     0.1000    0.0000
   120        0.6333            -nan     0.1000   -0.0003
   140        0.6253            -nan     0.1000   -0.0002
   150        0.6231            -nan     0.1000   -0.0001

Iter   TrainDeviance   ValidDeviance   StepSize   Improve
     1        0.8283            -nan     0.1000    0.0160
     2        0.8026            -nan     0.1000    0.0116
     3        0.7842            -nan     0.1000    0.0094
     4        0.7697            -nan     0.1000    0.0076
     5        0.7547            -nan     0.1000    0.0061
     6        0.7443            -nan     0.1000    0.0047
     7        0.7325            -nan     0.1000    0.0051
     8        0.7232            -nan     0.1000    0.0046
     9        0.7182            -nan     0.1000    0.0017
    10        0.7098            -nan     0.1000    0.0034
    20        0.6694            -nan     0.1000    0.0004
    40        0.6333            -nan     0.1000   -0.0003
    60        0.6098            -nan     0.1000   -0.0005
    80        0.5881            -nan     0.1000   -0.0005
   100        0.5685            -nan     0.1000    0.0003
   120        0.5514            -nan     0.1000   -0.0001
   140        0.5376            -nan     0.1000   -0.0001
   150        0.5325            -nan     0.1000   -0.0000

Iter   TrainDeviance   ValidDeviance   StepSize   Improve
     1        0.8268            -nan     0.1000    0.0178
     2        0.7991            -nan     0.1000    0.0115
     3        0.7770            -nan     0.1000    0.0089
     4        0.7588            -nan     0.1000    0.0081
     5        0.7418            -nan     0.1000    0.0068
     6        0.7289            -nan     0.1000    0.0054
     7        0.7177            -nan     0.1000    0.0051
     8        0.7094            -nan     0.1000    0.0019
     9        0.7003            -nan     0.1000    0.0040
    10        0.6925            -nan     0.1000    0.0028
    20        0.6469            -nan     0.1000    0.0010
    40        0.6027            -nan     0.1000    0.0002
    60        0.5735            -nan     0.1000    0.0001
    80        0.5453            -nan     0.1000   -0.0000
   100        0.5191            -nan     0.1000   -0.0001
   120        0.4992            -nan     0.1000   -0.0000
   140        0.4792            -nan     0.1000   -0.0004
   150        0.4712            -nan     0.1000   -0.0005

Iter   TrainDeviance   ValidDeviance   StepSize   Improve
     1        0.8012            -nan     0.1000    0.0096
     2        0.7808            -nan     0.1000    0.0103
     3        0.7664            -nan     0.1000    0.0071
     4        0.7554            -nan     0.1000    0.0047
     5        0.7432            -nan     0.1000    0.0039
     6        0.7365            -nan     0.1000    0.0031
     7        0.7274            -nan     0.1000    0.0049
     8        0.7212            -nan     0.1000    0.0025
     9        0.7160            -nan     0.1000    0.0021
    10        0.7080            -nan     0.1000    0.0036
    20        0.6719            -nan     0.1000    0.0015
    40        0.6450            -nan     0.1000    0.0006
    60        0.6304            -nan     0.1000   -0.0007
    80        0.6189            -nan     0.1000    0.0001
   100        0.6116            -nan     0.1000   -0.0004
   120        0.6060            -nan     0.1000   -0.0003
   140        0.5990            -nan     0.1000   -0.0002
   150        0.5959            -nan     0.1000   -0.0005

Iter   TrainDeviance   ValidDeviance   StepSize   Improve
     1        0.7917            -nan     0.1000    0.0143
     2        0.7702            -nan     0.1000    0.0100
     3        0.7542            -nan     0.1000    0.0070
     4        0.7390            -nan     0.1000    0.0067
     5        0.7282            -nan     0.1000    0.0058
     6        0.7140            -nan     0.1000    0.0055
     7        0.7020            -nan     0.1000    0.0047
     8        0.6932            -nan     0.1000    0.0048
     9        0.6876            -nan     0.1000    0.0020
    10        0.6806            -nan     0.1000    0.0020
    20        0.6420            -nan     0.1000    0.0001
    40        0.6010            -nan     0.1000    0.0001
    60        0.5799            -nan     0.1000    0.0003
    80        0.5633            -nan     0.1000   -0.0001
   100        0.5418            -nan     0.1000    0.0001
   120        0.5209            -nan     0.1000   -0.0003
   140        0.5033            -nan     0.1000   -0.0003
   150        0.4975            -nan     0.1000   -0.0006

Iter   TrainDeviance   ValidDeviance   StepSize   Improve
     1        0.7922            -nan     0.1000    0.0143
     2        0.7642            -nan     0.1000    0.0108
     3        0.7403            -nan     0.1000    0.0115
     4        0.7245            -nan     0.1000    0.0079
     5        0.7092            -nan     0.1000    0.0075
     6        0.6979            -nan     0.1000    0.0045
     7        0.6874            -nan     0.1000    0.0040
     8        0.6757            -nan     0.1000    0.0046
     9        0.6674            -nan     0.1000    0.0033
    10        0.6622            -nan     0.1000    0.0019
    20        0.6115            -nan     0.1000    0.0028
    40        0.5677            -nan     0.1000   -0.0001
    60        0.5369            -nan     0.1000   -0.0001
    80        0.5078            -nan     0.1000   -0.0003
   100        0.4864            -nan     0.1000   -0.0001
   120        0.4652            -nan     0.1000   -0.0004
   140        0.4486            -nan     0.1000   -0.0008
   150        0.4388            -nan     0.1000   -0.0000

Iter   TrainDeviance   ValidDeviance   StepSize   Improve
     1        0.8524            -nan     0.1000    0.0129
     2        0.8326            -nan     0.1000    0.0097
     3        0.8176            -nan     0.1000    0.0062
     4        0.8022            -nan     0.1000    0.0070
     5        0.7902            -nan     0.1000    0.0051
     6        0.7760            -nan     0.1000    0.0065
     7        0.7658            -nan     0.1000    0.0051
     8        0.7604            -nan     0.1000    0.0021
     9        0.7522            -nan     0.1000    0.0041
    10        0.7472            -nan     0.1000    0.0019
    20        0.7089            -nan     0.1000    0.0007
    40        0.6815            -nan     0.1000    0.0001
    60        0.6683            -nan     0.1000   -0.0003
    80        0.6556            -nan     0.1000   -0.0001
   100        0.6472            -nan     0.1000   -0.0001
   120        0.6372            -nan     0.1000   -0.0001
   140        0.6298            -nan     0.1000   -0.0000
   150        0.6261            -nan     0.1000   -0.0004

Iter   TrainDeviance   ValidDeviance   StepSize   Improve
     1        0.8496            -nan     0.1000    0.0132
     2        0.8208            -nan     0.1000    0.0128
     3        0.7993            -nan     0.1000    0.0110
     4        0.7798            -nan     0.1000    0.0077
     5        0.7686            -nan     0.1000    0.0039
     6        0.7529            -nan     0.1000    0.0068
     7        0.7408            -nan     0.1000    0.0051
     8        0.7296            -nan     0.1000    0.0041
     9        0.7224            -nan     0.1000    0.0030
    10        0.7150            -nan     0.1000    0.0033
    20        0.6720            -nan     0.1000    0.0009
    40        0.6298            -nan     0.1000   -0.0004
    60        0.6064            -nan     0.1000   -0.0002
    80        0.5834            -nan     0.1000   -0.0002
   100        0.5632            -nan     0.1000   -0.0003
   120        0.5394            -nan     0.1000   -0.0001
   140        0.5248            -nan     0.1000   -0.0003
   150        0.5169            -nan     0.1000   -0.0002

Iter   TrainDeviance   ValidDeviance   StepSize   Improve
     1        0.8458            -nan     0.1000    0.0169
     2        0.8164            -nan     0.1000    0.0127
     3        0.7925            -nan     0.1000    0.0093
     4        0.7761            -nan     0.1000    0.0069
     5        0.7564            -nan     0.1000    0.0079
     6        0.7408            -nan     0.1000    0.0070
     7        0.7280            -nan     0.1000    0.0053
     8        0.7145            -nan     0.1000    0.0054
     9        0.7043            -nan     0.1000    0.0043
    10        0.6984            -nan     0.1000    0.0014
    20        0.6425            -nan     0.1000    0.0008
    40        0.5978            -nan     0.1000    0.0001
    60        0.5616            -nan     0.1000    0.0002
    80        0.5303            -nan     0.1000    0.0002
   100        0.5015            -nan     0.1000    0.0002
   120        0.4828            -nan     0.1000    0.0004
   140        0.4635            -nan     0.1000   -0.0003
   150        0.4523            -nan     0.1000   -0.0001

Iter   TrainDeviance   ValidDeviance   StepSize   Improve
     1        0.8549            -nan     0.1000    0.0121
     2        0.8334            -nan     0.1000    0.0093
     3        0.8151            -nan     0.1000    0.0088
     4        0.8025            -nan     0.1000    0.0059
     5        0.7865            -nan     0.1000    0.0077
     6        0.7737            -nan     0.1000    0.0060
     7        0.7613            -nan     0.1000    0.0058
     8        0.7517            -nan     0.1000    0.0047
     9        0.7448            -nan     0.1000    0.0024
    10        0.7398            -nan     0.1000    0.0019
    20        0.6992            -nan     0.1000    0.0017
    40        0.6747            -nan     0.1000    0.0001
    60        0.6621            -nan     0.1000   -0.0003
    80        0.6530            -nan     0.1000   -0.0003
   100        0.6409            -nan     0.1000   -0.0001
   120        0.6350            -nan     0.1000   -0.0001
   140        0.6290            -nan     0.1000   -0.0001
   150        0.6250            -nan     0.1000   -0.0003

Iter   TrainDeviance   ValidDeviance   StepSize   Improve
     1        0.8405            -nan     0.1000    0.0174
     2        0.8141            -nan     0.1000    0.0128
     3        0.7932            -nan     0.1000    0.0098
     4        0.7770            -nan     0.1000    0.0080
     5        0.7660            -nan     0.1000    0.0046
     6        0.7548            -nan     0.1000    0.0048
     7        0.7447            -nan     0.1000    0.0053
     8        0.7346            -nan     0.1000    0.0046
     9        0.7295            -nan     0.1000    0.0018
    10        0.7221            -nan     0.1000    0.0031
    20        0.6765            -nan     0.1000    0.0011
    40        0.6367            -nan     0.1000    0.0003
    60        0.6067            -nan     0.1000   -0.0000
    80        0.5858            -nan     0.1000   -0.0001
   100        0.5674            -nan     0.1000   -0.0001
   120        0.5495            -nan     0.1000    0.0003
   140        0.5336            -nan     0.1000   -0.0005
   150        0.5286            -nan     0.1000   -0.0004

Iter   TrainDeviance   ValidDeviance   StepSize   Improve
     1        0.8435            -nan     0.1000    0.0194
     2        0.8112            -nan     0.1000    0.0125
     3        0.7886            -nan     0.1000    0.0088
     4        0.7685            -nan     0.1000    0.0095
     5        0.7551            -nan     0.1000    0.0049
     6        0.7414            -nan     0.1000    0.0058
     7        0.7306            -nan     0.1000    0.0041
     8        0.7206            -nan     0.1000    0.0036
     9        0.7118            -nan     0.1000    0.0028
    10        0.7043            -nan     0.1000    0.0028
    20        0.6559            -nan     0.1000    0.0006
    40        0.6072            -nan     0.1000   -0.0001
    60        0.5719            -nan     0.1000   -0.0004
    80        0.5443            -nan     0.1000   -0.0003
   100        0.5186            -nan     0.1000    0.0002
   120        0.4892            -nan     0.1000   -0.0004
   140        0.4715            -nan     0.1000    0.0003
   150        0.4611            -nan     0.1000   -0.0000

Iter   TrainDeviance   ValidDeviance   StepSize   Improve
     1        0.8346            -nan     0.1000    0.0089
     2        0.8170            -nan     0.1000    0.0081
     3        0.8033            -nan     0.1000    0.0067
     4        0.7932            -nan     0.1000    0.0052
     5        0.7852            -nan     0.1000    0.0033
     6        0.7740            -nan     0.1000    0.0057
     7        0.7644            -nan     0.1000    0.0036
     8        0.7569            -nan     0.1000    0.0031
     9        0.7518            -nan     0.1000    0.0020
    10        0.7488            -nan     0.1000    0.0011
    20        0.7156            -nan     0.1000    0.0002
    40        0.6892            -nan     0.1000    0.0003
    60        0.6739            -nan     0.1000   -0.0004
    80        0.6626            -nan     0.1000   -0.0004
   100        0.6533            -nan     0.1000   -0.0001
   120        0.6454            -nan     0.1000   -0.0001
   140        0.6380            -nan     0.1000    0.0001
   150        0.6337            -nan     0.1000   -0.0001

Iter   TrainDeviance   ValidDeviance   StepSize   Improve
     1        0.8300            -nan     0.1000    0.0124
     2        0.8102            -nan     0.1000    0.0098
     3        0.7946            -nan     0.1000    0.0068
     4        0.7830            -nan     0.1000    0.0047
     5        0.7680            -nan     0.1000    0.0055
     6        0.7587            -nan     0.1000    0.0037
     7        0.7465            -nan     0.1000    0.0047
     8        0.7404            -nan     0.1000    0.0019
     9        0.7334            -nan     0.1000    0.0034
    10        0.7274            -nan     0.1000    0.0016
    20        0.6876            -nan     0.1000    0.0002
    40        0.6500            -nan     0.1000    0.0000
    60        0.6180            -nan     0.1000    0.0002
    80        0.5938            -nan     0.1000    0.0004
   100        0.5669            -nan     0.1000    0.0006
   120        0.5482            -nan     0.1000    0.0000
   140        0.5247            -nan     0.1000   -0.0000
   150        0.5179            -nan     0.1000   -0.0002

Iter   TrainDeviance   ValidDeviance   StepSize   Improve
     1        0.8252            -nan     0.1000    0.0141
     2        0.8030            -nan     0.1000    0.0093
     3        0.7803            -nan     0.1000    0.0095
     4        0.7672            -nan     0.1000    0.0058
     5        0.7519            -nan     0.1000    0.0053
     6        0.7409            -nan     0.1000    0.0046
     7        0.7315            -nan     0.1000    0.0027
     8        0.7240            -nan     0.1000    0.0026
     9        0.7138            -nan     0.1000    0.0042
    10        0.7077            -nan     0.1000    0.0023
    20        0.6514            -nan     0.1000    0.0001
    40        0.5939            -nan     0.1000    0.0000
    60        0.5583            -nan     0.1000    0.0000
    80        0.5284            -nan     0.1000   -0.0001
   100        0.5049            -nan     0.1000   -0.0005
   120        0.4722            -nan     0.1000   -0.0001
   140        0.4471            -nan     0.1000   -0.0000
   150        0.4345            -nan     0.1000   -0.0000

Iter   TrainDeviance   ValidDeviance   StepSize   Improve
     1        0.8391            -nan     0.1000    0.0102
     2        0.8174            -nan     0.1000    0.0101
     3        0.7981            -nan     0.1000    0.0084
     4        0.7869            -nan     0.1000    0.0049
     5        0.7749            -nan     0.1000    0.0051
     6        0.7637            -nan     0.1000    0.0049
     7        0.7537            -nan     0.1000    0.0041
     8        0.7488            -nan     0.1000    0.0020
     9        0.7428            -nan     0.1000    0.0021
    10        0.7386            -nan     0.1000    0.0012
    20        0.7047            -nan     0.1000    0.0014
    40        0.6845            -nan     0.1000   -0.0004
    60        0.6752            -nan     0.1000   -0.0004
    80        0.6638            -nan     0.1000   -0.0000
   100        0.6574            -nan     0.1000   -0.0000
   120        0.6496            -nan     0.1000   -0.0002
   140        0.6435            -nan     0.1000   -0.0002
   150        0.6411            -nan     0.1000   -0.0004

Iter   TrainDeviance   ValidDeviance   StepSize   Improve
     1        0.8301            -nan     0.1000    0.0152
     2        0.8069            -nan     0.1000    0.0112
     3        0.7878            -nan     0.1000    0.0092
     4        0.7715            -nan     0.1000    0.0077
     5        0.7600            -nan     0.1000    0.0053
     6        0.7487            -nan     0.1000    0.0049
     7        0.7399            -nan     0.1000    0.0032
     8        0.7346            -nan     0.1000    0.0007
     9        0.7247            -nan     0.1000    0.0034
    10        0.7157            -nan     0.1000    0.0042
    20        0.6743            -nan     0.1000    0.0013
    40        0.6416            -nan     0.1000    0.0001
    60        0.6149            -nan     0.1000   -0.0004
    80        0.5893            -nan     0.1000   -0.0002
   100        0.5748            -nan     0.1000    0.0001
   120        0.5602            -nan     0.1000   -0.0000
   140        0.5443            -nan     0.1000    0.0002
   150        0.5361            -nan     0.1000   -0.0002

Iter   TrainDeviance   ValidDeviance   StepSize   Improve
     1        0.8311            -nan     0.1000    0.0154
     2        0.8019            -nan     0.1000    0.0130
     3        0.7824            -nan     0.1000    0.0096
     4        0.7642            -nan     0.1000    0.0080
     5        0.7514            -nan     0.1000    0.0044
     6        0.7391            -nan     0.1000    0.0041
     7        0.7262            -nan     0.1000    0.0049
     8        0.7149            -nan     0.1000    0.0043
     9        0.7059            -nan     0.1000    0.0033
    10        0.6974            -nan     0.1000    0.0029
    20        0.6523            -nan     0.1000    0.0002
    40        0.6041            -nan     0.1000    0.0006
    60        0.5714            -nan     0.1000   -0.0001
    80        0.5449            -nan     0.1000    0.0001
   100        0.5235            -nan     0.1000   -0.0001
   120        0.5016            -nan     0.1000   -0.0003
   140        0.4825            -nan     0.1000    0.0001
   150        0.4737            -nan     0.1000   -0.0003

Iter   TrainDeviance   ValidDeviance   StepSize   Improve
     1        0.8305            -nan     0.1000    0.0141
     2        0.8071            -nan     0.1000    0.0095
     3        0.7873            -nan     0.1000    0.0088
     4        0.7709            -nan     0.1000    0.0073
     5        0.7576            -nan     0.1000    0.0062
     6        0.7462            -nan     0.1000    0.0055
     7        0.7375            -nan     0.1000    0.0024
     8        0.7320            -nan     0.1000    0.0014
     9        0.7247            -nan     0.1000    0.0037
    10        0.7190            -nan     0.1000    0.0021
    20        0.6874            -nan     0.1000    0.0010
    40        0.6565            -nan     0.1000    0.0001
    60        0.6365            -nan     0.1000    0.0001
    80        0.6197            -nan     0.1000   -0.0005
   100        0.6048            -nan     0.1000   -0.0002

TRAINING SUCCESSFUL
The most important attribute: total_Opnd (for technique: gbm)
________________
Dataset: kc1 
Technique: gcvEarth 
Probability table:

    false      true 
0.8454244 0.1545756 
BEGIN TRAINING
TRAINING SUCCESSFUL
The most important attribute: total_Opnd (for technique: gcvEarth)
________________
Dataset: kc1 
Technique: JRip 
Probability table:

    false      true 
0.8454244 0.1545756 
BEGIN TRAINING
TRAINING SUCCESSFUL
The most important attribute: d (for technique: JRip)
________________
Dataset: kc1 
Technique: lvq 
Probability table:

    false      true 
0.8454244 0.1545756 
BEGIN TRAINING
TRAINING SUCCESSFUL
The most important attribute: i (for technique: lvq)
________________
Dataset: kc1 
Technique: mlpML 
Probability table:

    false      true 
0.8454244 0.1545756 
BEGIN TRAINING
TRAINING SUCCESSFUL
The most important attribute: d (for technique: mlpML)
________________
Dataset: kc1 
Technique: multinom 
Probability table:

    false      true 
0.8454244 0.1545756 
BEGIN TRAINING
# weights:  23 (22 variable)
initial  value 1461.847404 
iter  10 value 745.390684
iter  20 value 710.878606
final  value 709.912664 
converged
TRAINING SUCCESSFUL
The most important attribute: total_Op (for technique: multinom)
________________
Dataset: kc1 
Technique: naive_bayes 
Probability table:

    false      true 
0.8454244 0.1545756 
BEGIN TRAINING
TRAINING SUCCESSFUL
The most important attribute: lOBlank (for technique: naive_bayes)
________________
Dataset: kc1 
Technique: PART 
Probability table:

    false      true 
0.8454244 0.1545756 
BEGIN TRAINING
TRAINING SUCCESSFUL
The most important attribute: uniq_Op (for technique: PART)
________________
Dataset: kc1 
Technique: rbfDDA 
Probability table:

    false      true 
0.8454244 0.1545756 
BEGIN TRAINING
TRAINING SUCCESSFUL
The most important attribute: d (for technique: rbfDDA)
________________
Dataset: kc1 
Technique: rda 
Probability table:

    false      true 
0.8454244 0.1545756 
BEGIN TRAINING
TRAINING SUCCESSFUL
The most important attribute: t (for technique: rda)
________________
Dataset: kc1 
Technique: rf 
Probability table:

    false      true 
0.8454244 0.1545756 
BEGIN TRAINING
TRAINING SUCCESSFUL
The most important attribute: i (for technique: rf)
________________
Dataset: kc1 
Technique: rpart 
Probability table:

    false      true 
0.8454244 0.1545756 
BEGIN TRAINING
TRAINING SUCCESSFUL
The most important attribute: total_Opnd (for technique: rpart)
________________
Dataset: kc1 
Technique: simpls 
Probability table:

    false      true 
0.8454244 0.1545756 
BEGIN TRAINING
TRAINING SUCCESSFUL
The most important attribute: d (for technique: simpls)
________________
Dataset: kc1 
Technique: svmLinear 
Probability table:

    false      true 
0.8454244 0.1545756 
BEGIN TRAINING
TRAINING SUCCESSFUL
The most important attribute: v (for technique: svmLinear)
________________
Dataset: kc1 
Technique: svmRadial 
Probability table:

    false      true 
0.8454244 0.1545756 
BEGIN TRAINING
TRAINING SUCCESSFUL
The most important attribute: d (for technique: svmRadial)
________________
Dataset: kc1 
Technique: rfRules 
Probability table:

    false      true 
0.8454244 0.1545756 
BEGIN TRAINING
Registered S3 method overwritten by 'RRF':
  method      from        
  plot.margin randomForest
2000 rules (length<=2) were extracted from the first 500 trees.
3976 rules (length<=3) were extracted from the first 500 trees.
7486 rules (length<=4) were extracted from the first 500 trees.
2000 rules (length<=2) were extracted from the first 500 trees.
3943 rules (length<=3) were extracted from the first 500 trees.
7053 rules (length<=4) were extracted from the first 500 trees.
2000 rules (length<=2) were extracted from the first 500 trees.
3983 rules (length<=3) were extracted from the first 500 trees.
7530 rules (length<=4) were extracted from the first 500 trees.
2000 rules (length<=2) were extracted from the first 500 trees.
3938 rules (length<=3) were extracted from the first 500 trees.
7073 rules (length<=4) were extracted from the first 500 trees.
2000 rules (length<=2) were extracted from the first 500 trees.
3947 rules (length<=3) were extracted from the first 500 trees.
7105 rules (length<=4) were extracted from the first 500 trees.
2000 rules (length<=2) were extracted from the first 500 trees.
3964 rules (length<=3) were extracted from the first 500 trees.
7325 rules (length<=4) were extracted from the first 500 trees.
2000 rules (length<=2) were extracted from the first 500 trees.
3977 rules (length<=3) were extracted from the first 500 trees.
7401 rules (length<=4) were extracted from the first 500 trees.
2000 rules (length<=2) were extracted from the first 500 trees.
3953 rules (length<=3) were extracted from the first 500 trees.
7180 rules (length<=4) were extracted from the first 500 trees.
2000 rules (length<=2) were extracted from the first 500 trees.
3963 rules (length<=3) were extracted from the first 500 trees.
7040 rules (length<=4) were extracted from the first 500 trees.
2000 rules (length<=2) were extracted from the first 500 trees.
3926 rules (length<=3) were extracted from the first 500 trees.
7206 rules (length<=4) were extracted from the first 500 trees.
1998 rules (length<=2) were extracted from the first 500 trees.
3902 rules (length<=3) were extracted from the first 500 trees.
6886 rules (length<=4) were extracted from the first 500 trees.
1999 rules (length<=2) were extracted from the first 500 trees.
3937 rules (length<=3) were extracted from the first 500 trees.
7099 rules (length<=4) were extracted from the first 500 trees.
2000 rules (length<=2) were extracted from the first 500 trees.
3971 rules (length<=3) were extracted from the first 500 trees.
7300 rules (length<=4) were extracted from the first 500 trees.
2000 rules (length<=2) were extracted from the first 500 trees.
3976 rules (length<=3) were extracted from the first 500 trees.
7402 rules (length<=4) were extracted from the first 500 trees.
2000 rules (length<=2) were extracted from the first 500 trees.
3964 rules (length<=3) were extracted from the first 500 trees.
7209 rules (length<=4) were extracted from the first 500 trees.
1998 rules (length<=2) were extracted from the first 500 trees.
3962 rules (length<=3) were extracted from the first 500 trees.
7433 rules (length<=4) were extracted from the first 500 trees.
2000 rules (length<=2) were extracted from the first 500 trees.
3976 rules (length<=3) were extracted from the first 500 trees.
7381 rules (length<=4) were extracted from the first 500 trees.
2000 rules (length<=2) were extracted from the first 500 trees.
3921 rules (length<=3) were extracted from the first 500 trees.
6990 rules (length<=4) were extracted from the first 500 trees.
2000 rules (length<=2) were extracted from the first 500 trees.
3957 rules (length<=3) were extracted from the first 500 trees.
7308 rules (length<=4) were extracted from the first 500 trees.
2000 rules (length<=2) were extracted from the first 500 trees.
3962 rules (length<=3) were extracted from the first 500 trees.
7315 rules (length<=4) were extracted from the first 500 trees.
2000 rules (length<=2) were extracted from the first 500 trees.
3914 rules (length<=3) were extracted from the first 500 trees.
7102 rules (length<=4) were extracted from the first 500 trees.
2000 rules (length<=2) were extracted from the first 500 trees.
3989 rules (length<=3) were extracted from the first 500 trees.
7287 rules (length<=4) were extracted from the first 500 trees.
2000 rules (length<=2) were extracted from the first 500 trees.
3948 rules (length<=3) were extracted from the first 500 trees.
7568 rules (length<=4) were extracted from the first 500 trees.
2000 rules (length<=2) were extracted from the first 500 trees.
3964 rules (length<=3) were extracted from the first 500 trees.
7417 rules (length<=4) were extracted from the first 500 trees.
2000 rules (length<=2) were extracted from the first 500 trees.
3944 rules (length<=3) were extracted from the first 500 trees.
7097 rules (length<=4) were extracted from the first 500 trees.
3972 rules (length<=3) were extracted from the first 500 trees.
TRAINING SUCCESSFUL
The most important attribute: d (for technique: rfRules)
________________
Dataset: kc1 
Technique: knn 
Probability table:

    false      true 
0.8454244 0.1545756 
BEGIN TRAINING
TRAINING SUCCESSFUL
The most important attribute: i (for technique: knn)
________________
Dataset: kc1 
Technique: bayesglm 
Probability table:

    false      true 
0.8454244 0.1545756 
BEGIN TRAINING
TRAINING SUCCESSFUL
The most important attribute: total_Op (for technique: bayesglm)
________________
Most important attribute obtained with all techniques
----------------
There were 50 or more warnings (use warnings() to see the first 50)
****************
RESULTS RECORDED
****************
