Current working directory: /home/chris/github/kappa-threshold 
parameters.csv exists: TRUE 
parameters.csv absolute path: /home/chris/github/kappa-threshold/data/files/parameters.csv 
Dataset: liver-disorders 
Technique: C5.0 
Probability table:

        1         2 
0.4202899 0.5797101 
BEGIN TRAINING
TRAINING SUCCESSFUL
The most important attribute: gammagt (for technique: C5.0)
________________
Dataset: liver-disorders 
Technique: ctree 
Probability table:

        1         2 
0.4202899 0.5797101 
BEGIN TRAINING
TRAINING SUCCESSFUL
The most important attribute: sgpt (for technique: ctree)
________________
Dataset: liver-disorders 
Technique: fda 
Probability table:

        1         2 
0.4202899 0.5797101 
BEGIN TRAINING
TRAINING SUCCESSFUL
The most important attribute: gammagt (for technique: fda)
________________
Dataset: liver-disorders 
Technique: gbm 
Probability table:

        1         2 
0.4202899 0.5797101 
BEGIN TRAINING
Iter   TrainDeviance   ValidDeviance   StepSize   Improve
     1        1.3552            -nan     0.1000    0.0092
     2        1.3400            -nan     0.1000    0.0071
     3        1.3304            -nan     0.1000    0.0024
     4        1.3178            -nan     0.1000    0.0061
     5        1.3082            -nan     0.1000    0.0042
     6        1.2952            -nan     0.1000    0.0043
     7        1.2864            -nan     0.1000    0.0035
     8        1.2765            -nan     0.1000    0.0026
     9        1.2677            -nan     0.1000   -0.0016
    10        1.2612            -nan     0.1000    0.0024
    20        1.1912            -nan     0.1000    0.0024
    40        1.0989            -nan     0.1000   -0.0006
    60        1.0237            -nan     0.1000   -0.0014
    80        0.9702            -nan     0.1000   -0.0008
   100        0.9283            -nan     0.1000   -0.0009
   120        0.8945            -nan     0.1000   -0.0008
   140        0.8644            -nan     0.1000   -0.0029
   150        0.8520            -nan     0.1000   -0.0007

Iter   TrainDeviance   ValidDeviance   StepSize   Improve
     1        1.3581            -nan     0.1000    0.0043
     2        1.3340            -nan     0.1000    0.0115
     3        1.3123            -nan     0.1000    0.0059
     4        1.2901            -nan     0.1000    0.0071
     5        1.2688            -nan     0.1000    0.0082
     6        1.2459            -nan     0.1000    0.0105
     7        1.2285            -nan     0.1000    0.0058
     8        1.2118            -nan     0.1000    0.0061
     9        1.1990            -nan     0.1000    0.0032
    10        1.1828            -nan     0.1000    0.0048
    20        1.0667            -nan     0.1000    0.0015
    40        0.9186            -nan     0.1000   -0.0001
    60        0.8227            -nan     0.1000   -0.0002
    80        0.7594            -nan     0.1000   -0.0024
   100        0.6902            -nan     0.1000   -0.0015
   120        0.6495            -nan     0.1000   -0.0015
   140        0.6090            -nan     0.1000   -0.0018
   150        0.5965            -nan     0.1000   -0.0021

Iter   TrainDeviance   ValidDeviance   StepSize   Improve
     1        1.3339            -nan     0.1000    0.0185
     2        1.3058            -nan     0.1000    0.0095
     3        1.2721            -nan     0.1000    0.0126
     4        1.2467            -nan     0.1000    0.0058
     5        1.2221            -nan     0.1000    0.0053
     6        1.2058            -nan     0.1000    0.0045
     7        1.1873            -nan     0.1000    0.0045
     8        1.1617            -nan     0.1000    0.0087
     9        1.1415            -nan     0.1000    0.0048
    10        1.1290            -nan     0.1000    0.0026
    20        0.9760            -nan     0.1000    0.0028
    40        0.8059            -nan     0.1000    0.0004
    60        0.6826            -nan     0.1000    0.0008
    80        0.6054            -nan     0.1000    0.0011
   100        0.5376            -nan     0.1000   -0.0024
   120        0.4823            -nan     0.1000   -0.0011
   140        0.4344            -nan     0.1000   -0.0006
   150        0.4172            -nan     0.1000   -0.0018

Iter   TrainDeviance   ValidDeviance   StepSize   Improve
     1        1.3510            -nan     0.1000    0.0040
     2        1.3386            -nan     0.1000    0.0036
     3        1.3269            -nan     0.1000    0.0029
     4        1.3170            -nan     0.1000    0.0026
     5        1.3076            -nan     0.1000    0.0023
     6        1.2945            -nan     0.1000    0.0040
     7        1.2822            -nan     0.1000    0.0027
     8        1.2685            -nan     0.1000    0.0046
     9        1.2567            -nan     0.1000   -0.0007
    10        1.2500            -nan     0.1000    0.0008
    20        1.1605            -nan     0.1000    0.0006
    40        1.0342            -nan     0.1000    0.0007
    60        0.9406            -nan     0.1000   -0.0004
    80        0.8736            -nan     0.1000   -0.0002
   100        0.8189            -nan     0.1000   -0.0017
   120        0.7740            -nan     0.1000   -0.0011
   140        0.7330            -nan     0.1000   -0.0012
   150        0.7138            -nan     0.1000   -0.0003

Iter   TrainDeviance   ValidDeviance   StepSize   Improve
     1        1.3261            -nan     0.1000    0.0120
     2        1.2925            -nan     0.1000    0.0116
     3        1.2704            -nan     0.1000    0.0116
     4        1.2463            -nan     0.1000    0.0080
     5        1.2287            -nan     0.1000    0.0044
     6        1.2089            -nan     0.1000    0.0039
     7        1.1878            -nan     0.1000    0.0044
     8        1.1675            -nan     0.1000    0.0087
     9        1.1506            -nan     0.1000    0.0065
    10        1.1349            -nan     0.1000    0.0039
    20        1.0076            -nan     0.1000    0.0018
    40        0.8363            -nan     0.1000    0.0008
    60        0.7268            -nan     0.1000   -0.0013
    80        0.6442            -nan     0.1000   -0.0014
   100        0.5853            -nan     0.1000   -0.0005
   120        0.5336            -nan     0.1000   -0.0002
   140        0.4888            -nan     0.1000   -0.0018
   150        0.4714            -nan     0.1000   -0.0010

Iter   TrainDeviance   ValidDeviance   StepSize   Improve
     1        1.3239            -nan     0.1000    0.0172
     2        1.2948            -nan     0.1000    0.0105
     3        1.2572            -nan     0.1000    0.0144
     4        1.2212            -nan     0.1000    0.0122
     5        1.1948            -nan     0.1000    0.0075
     6        1.1698            -nan     0.1000    0.0063
     7        1.1377            -nan     0.1000    0.0109
     8        1.1101            -nan     0.1000    0.0102
     9        1.0932            -nan     0.1000    0.0063
    10        1.0727            -nan     0.1000    0.0084
    20        0.9112            -nan     0.1000    0.0007
    40        0.7103            -nan     0.1000   -0.0010
    60        0.5873            -nan     0.1000   -0.0020
    80        0.4977            -nan     0.1000    0.0002
   100        0.4418            -nan     0.1000   -0.0016
   120        0.3894            -nan     0.1000   -0.0002
   140        0.3464            -nan     0.1000   -0.0003
   150        0.3299            -nan     0.1000   -0.0017

Iter   TrainDeviance   ValidDeviance   StepSize   Improve
     1        1.3384            -nan     0.1000    0.0110
     2        1.3169            -nan     0.1000    0.0094
     3        1.2975            -nan     0.1000    0.0051
     4        1.2890            -nan     0.1000   -0.0001
     5        1.2756            -nan     0.1000    0.0058
     6        1.2613            -nan     0.1000    0.0040
     7        1.2450            -nan     0.1000    0.0031
     8        1.2384            -nan     0.1000    0.0004
     9        1.2259            -nan     0.1000    0.0036
    10        1.2166            -nan     0.1000    0.0030
    20        1.1337            -nan     0.1000    0.0011
    40        1.0156            -nan     0.1000    0.0004
    60        0.9436            -nan     0.1000    0.0005
    80        0.8900            -nan     0.1000   -0.0010
   100        0.8462            -nan     0.1000   -0.0004
   120        0.8145            -nan     0.1000   -0.0010
   140        0.7826            -nan     0.1000   -0.0008
   150        0.7691            -nan     0.1000   -0.0008

Iter   TrainDeviance   ValidDeviance   StepSize   Improve
     1        1.3271            -nan     0.1000    0.0094
     2        1.2896            -nan     0.1000    0.0177
     3        1.2482            -nan     0.1000    0.0147
     4        1.2209            -nan     0.1000    0.0097
     5        1.2013            -nan     0.1000    0.0047
     6        1.1763            -nan     0.1000    0.0096
     7        1.1577            -nan     0.1000    0.0041
     8        1.1460            -nan     0.1000    0.0028
     9        1.1307            -nan     0.1000    0.0054
    10        1.1205            -nan     0.1000    0.0035
    20        0.9834            -nan     0.1000    0.0035
    40        0.8420            -nan     0.1000   -0.0023
    60        0.7463            -nan     0.1000   -0.0015
    80        0.6733            -nan     0.1000    0.0011
   100        0.6180            -nan     0.1000   -0.0025
   120        0.5714            -nan     0.1000   -0.0011
   140        0.5334            -nan     0.1000   -0.0026
   150        0.5174            -nan     0.1000   -0.0016

Iter   TrainDeviance   ValidDeviance   StepSize   Improve
     1        1.3230            -nan     0.1000    0.0130
     2        1.2963            -nan     0.1000    0.0065
     3        1.2522            -nan     0.1000    0.0218
     4        1.2171            -nan     0.1000    0.0124
     5        1.1880            -nan     0.1000    0.0117
     6        1.1551            -nan     0.1000    0.0114
     7        1.1307            -nan     0.1000    0.0076
     8        1.1072            -nan     0.1000    0.0066
     9        1.0840            -nan     0.1000    0.0083
    10        1.0659            -nan     0.1000    0.0025
    20        0.9106            -nan     0.1000    0.0066
    40        0.7231            -nan     0.1000    0.0002
    60        0.6227            -nan     0.1000    0.0002
    80        0.5478            -nan     0.1000   -0.0020
   100        0.4945            -nan     0.1000   -0.0013
   120        0.4443            -nan     0.1000   -0.0016
   140        0.4020            -nan     0.1000   -0.0014
   150        0.3798            -nan     0.1000   -0.0004

Iter   TrainDeviance   ValidDeviance   StepSize   Improve
     1        1.3616            -nan     0.1000   -0.0001
     2        1.3529            -nan     0.1000    0.0035
     3        1.3465            -nan     0.1000   -0.0007
     4        1.3388            -nan     0.1000    0.0026
     5        1.3312            -nan     0.1000    0.0023
     6        1.3228            -nan     0.1000   -0.0001
     7        1.3161            -nan     0.1000    0.0001
     8        1.3090            -nan     0.1000    0.0011
     9        1.3037            -nan     0.1000    0.0005
    10        1.2981            -nan     0.1000   -0.0008
    20        1.2372            -nan     0.1000    0.0020
    40        1.1588            -nan     0.1000   -0.0002
    60        1.1022            -nan     0.1000   -0.0001
    80        1.0507            -nan     0.1000   -0.0009
   100        1.0121            -nan     0.1000    0.0002
   120        0.9787            -nan     0.1000   -0.0001
   140        0.9493            -nan     0.1000   -0.0010
   150        0.9354            -nan     0.1000   -0.0015

Iter   TrainDeviance   ValidDeviance   StepSize   Improve
     1        1.3426            -nan     0.1000    0.0060
     2        1.3258            -nan     0.1000    0.0019
     3        1.3075            -nan     0.1000    0.0079
     4        1.2868            -nan     0.1000    0.0045
     5        1.2719            -nan     0.1000    0.0018
     6        1.2596            -nan     0.1000    0.0023
     7        1.2489            -nan     0.1000    0.0033
     8        1.2390            -nan     0.1000    0.0017
     9        1.2295            -nan     0.1000    0.0032
    10        1.2153            -nan     0.1000    0.0047
    20        1.1224            -nan     0.1000    0.0006
    40        1.0014            -nan     0.1000    0.0014
    60        0.9046            -nan     0.1000    0.0018
    80        0.8297            -nan     0.1000    0.0004
   100        0.7656            -nan     0.1000    0.0005
   120        0.7179            -nan     0.1000   -0.0015
   140        0.6693            -nan     0.1000   -0.0007
   150        0.6497            -nan     0.1000   -0.0006

Iter   TrainDeviance   ValidDeviance   StepSize   Improve
     1        1.3347            -nan     0.1000    0.0108
     2        1.3084            -nan     0.1000    0.0058
     3        1.2860            -nan     0.1000    0.0088
     4        1.2627            -nan     0.1000    0.0072
     5        1.2432            -nan     0.1000    0.0048
     6        1.2251            -nan     0.1000    0.0000
     7        1.2085            -nan     0.1000    0.0041
     8        1.1908            -nan     0.1000    0.0044
     9        1.1688            -nan     0.1000    0.0061
    10        1.1556            -nan     0.1000    0.0010
    20        1.0398            -nan     0.1000   -0.0002
    40        0.8805            -nan     0.1000    0.0003
    60        0.7565            -nan     0.1000    0.0008
    80        0.6747            -nan     0.1000   -0.0018
   100        0.6038            -nan     0.1000   -0.0008
   120        0.5482            -nan     0.1000   -0.0005
   140        0.4945            -nan     0.1000   -0.0003
   150        0.4696            -nan     0.1000   -0.0005

Iter   TrainDeviance   ValidDeviance   StepSize   Improve
     1        1.3575            -nan     0.1000    0.0053
     2        1.3493            -nan     0.1000   -0.0004
     3        1.3417            -nan     0.1000   -0.0003
     4        1.3238            -nan     0.1000    0.0057
     5        1.3083            -nan     0.1000   -0.0011
     6        1.2984            -nan     0.1000    0.0037
     7        1.2895            -nan     0.1000    0.0025
     8        1.2813            -nan     0.1000    0.0010
     9        1.2719            -nan     0.1000    0.0003
    10        1.2664            -nan     0.1000    0.0010
    20        1.1895            -nan     0.1000    0.0020
    40        1.0967            -nan     0.1000    0.0006
    60        1.0338            -nan     0.1000   -0.0005
    80        0.9905            -nan     0.1000   -0.0012
   100        0.9509            -nan     0.1000   -0.0005
   120        0.9134            -nan     0.1000   -0.0002
   140        0.8874            -nan     0.1000   -0.0012
   150        0.8718            -nan     0.1000   -0.0010

Iter   TrainDeviance   ValidDeviance   StepSize   Improve
     1        1.3447            -nan     0.1000    0.0117
     2        1.3146            -nan     0.1000    0.0120
     3        1.2929            -nan     0.1000    0.0092
     4        1.2707            -nan     0.1000    0.0075
     5        1.2545            -nan     0.1000    0.0033
     6        1.2388            -nan     0.1000    0.0055
     7        1.2143            -nan     0.1000    0.0076
     8        1.1982            -nan     0.1000    0.0065
     9        1.1833            -nan     0.1000    0.0028
    10        1.1674            -nan     0.1000    0.0046
    20        1.0594            -nan     0.1000    0.0004
    40        0.9199            -nan     0.1000   -0.0007
    60        0.8272            -nan     0.1000   -0.0006
    80        0.7606            -nan     0.1000   -0.0010
   100        0.7078            -nan     0.1000   -0.0012
   120        0.6596            -nan     0.1000   -0.0014
   140        0.6167            -nan     0.1000   -0.0021
   150        0.5983            -nan     0.1000   -0.0021

Iter   TrainDeviance   ValidDeviance   StepSize   Improve
     1        1.3366            -nan     0.1000    0.0142
     2        1.3081            -nan     0.1000    0.0087
     3        1.2745            -nan     0.1000    0.0100
     4        1.2465            -nan     0.1000    0.0121
     5        1.2236            -nan     0.1000    0.0058
     6        1.1994            -nan     0.1000    0.0069
     7        1.1737            -nan     0.1000    0.0063
     8        1.1460            -nan     0.1000    0.0074
     9        1.1309            -nan     0.1000    0.0032
    10        1.1133            -nan     0.1000    0.0045
    20        0.9695            -nan     0.1000    0.0031
    40        0.8020            -nan     0.1000   -0.0026
    60        0.6914            -nan     0.1000   -0.0015
    80        0.6097            -nan     0.1000   -0.0004
   100        0.5533            -nan     0.1000   -0.0001
   120        0.5040            -nan     0.1000   -0.0022
   140        0.4628            -nan     0.1000   -0.0014
   150        0.4423            -nan     0.1000   -0.0018

Iter   TrainDeviance   ValidDeviance   StepSize   Improve
     1        1.3242            -nan     0.1000    0.0098
     2        1.3050            -nan     0.1000    0.0074
     3        1.2870            -nan     0.1000    0.0070
     4        1.2719            -nan     0.1000    0.0052
     5        1.2584            -nan     0.1000    0.0036
     6        1.2382            -nan     0.1000    0.0060
     7        1.2263            -nan     0.1000    0.0045
     8        1.2163            -nan     0.1000    0.0016
     9        1.2036            -nan     0.1000    0.0054
    10        1.1950            -nan     0.1000    0.0029
    20        1.1289            -nan     0.1000    0.0017
    40        1.0279            -nan     0.1000   -0.0010
    60        0.9533            -nan     0.1000   -0.0008
    80        0.9074            -nan     0.1000   -0.0023
   100        0.8721            -nan     0.1000   -0.0012
   120        0.8385            -nan     0.1000   -0.0006
   140        0.8117            -nan     0.1000   -0.0010
   150        0.7978            -nan     0.1000    0.0004

Iter   TrainDeviance   ValidDeviance   StepSize   Improve
     1        1.3139            -nan     0.1000    0.0144
     2        1.2833            -nan     0.1000    0.0163
     3        1.2458            -nan     0.1000    0.0143
     4        1.2171            -nan     0.1000    0.0144
     5        1.1993            -nan     0.1000    0.0059
     6        1.1730            -nan     0.1000    0.0080
     7        1.1560            -nan     0.1000    0.0086
     8        1.1410            -nan     0.1000    0.0053
     9        1.1258            -nan     0.1000    0.0046
    10        1.1105            -nan     0.1000    0.0046
    20        0.9974            -nan     0.1000    0.0008
    40        0.8476            -nan     0.1000   -0.0008
    60        0.7603            -nan     0.1000   -0.0031
    80        0.6985            -nan     0.1000   -0.0021
   100        0.6470            -nan     0.1000   -0.0010
   120        0.6015            -nan     0.1000   -0.0007
   140        0.5625            -nan     0.1000   -0.0017
   150        0.5480            -nan     0.1000   -0.0019

Iter   TrainDeviance   ValidDeviance   StepSize   Improve
     1        1.3036            -nan     0.1000    0.0196
     2        1.2682            -nan     0.1000    0.0131
     3        1.2275            -nan     0.1000    0.0153
     4        1.1958            -nan     0.1000    0.0092
     5        1.1682            -nan     0.1000    0.0095
     6        1.1460            -nan     0.1000    0.0045
     7        1.1203            -nan     0.1000    0.0064
     8        1.0985            -nan     0.1000    0.0091
     9        1.0791            -nan     0.1000    0.0074
    10        1.0610            -nan     0.1000    0.0049
    20        0.9156            -nan     0.1000    0.0008
    40        0.7446            -nan     0.1000    0.0002
    60        0.6449            -nan     0.1000   -0.0014
    80        0.5619            -nan     0.1000   -0.0000
   100        0.5011            -nan     0.1000   -0.0009
   120        0.4545            -nan     0.1000   -0.0021
   140        0.4067            -nan     0.1000   -0.0013
   150        0.3841            -nan     0.1000   -0.0007

Iter   TrainDeviance   ValidDeviance   StepSize   Improve
     1        1.3345            -nan     0.1000    0.0050
     2        1.3247            -nan     0.1000    0.0047
     3        1.3165            -nan     0.1000    0.0039
     4        1.3052            -nan     0.1000    0.0045
     5        1.2975            -nan     0.1000    0.0005
     6        1.2908            -nan     0.1000    0.0017
     7        1.2826            -nan     0.1000    0.0036
     8        1.2740            -nan     0.1000    0.0028
     9        1.2695            -nan     0.1000   -0.0004
    10        1.2599            -nan     0.1000   -0.0000
    20        1.1935            -nan     0.1000    0.0012
    40        1.1006            -nan     0.1000   -0.0006
    60        1.0288            -nan     0.1000    0.0010
    80        0.9818            -nan     0.1000   -0.0003
   100        0.9442            -nan     0.1000   -0.0014
   120        0.9157            -nan     0.1000   -0.0007
   140        0.8903            -nan     0.1000   -0.0009
   150        0.8754            -nan     0.1000   -0.0002

Iter   TrainDeviance   ValidDeviance   StepSize   Improve
     1        1.3325            -nan     0.1000    0.0030
     2        1.3216            -nan     0.1000    0.0023
     3        1.2990            -nan     0.1000    0.0069
     4        1.2718            -nan     0.1000    0.0120
     5        1.2470            -nan     0.1000    0.0099
     6        1.2358            -nan     0.1000    0.0014
     7        1.2232            -nan     0.1000    0.0023
     8        1.2113            -nan     0.1000    0.0013
     9        1.1837            -nan     0.1000    0.0066
    10        1.1712            -nan     0.1000    0.0037
    20        1.0553            -nan     0.1000   -0.0002
    40        0.9171            -nan     0.1000   -0.0010
    60        0.8366            -nan     0.1000   -0.0010
    80        0.7809            -nan     0.1000   -0.0004
   100        0.7218            -nan     0.1000   -0.0017
   120        0.6745            -nan     0.1000   -0.0012
   140        0.6382            -nan     0.1000   -0.0011
   150        0.6217            -nan     0.1000   -0.0021

Iter   TrainDeviance   ValidDeviance   StepSize   Improve
     1        1.3103            -nan     0.1000    0.0143
     2        1.2813            -nan     0.1000    0.0085
     3        1.2608            -nan     0.1000    0.0065
     4        1.2300            -nan     0.1000    0.0108
     5        1.2020            -nan     0.1000    0.0118
     6        1.1764            -nan     0.1000    0.0071
     7        1.1514            -nan     0.1000    0.0080
     8        1.1278            -nan     0.1000    0.0095
     9        1.1022            -nan     0.1000    0.0090
    10        1.0842            -nan     0.1000    0.0023
    20        0.9648            -nan     0.1000    0.0029
    40        0.8004            -nan     0.1000    0.0010
    60        0.7025            -nan     0.1000   -0.0017
    80        0.6327            -nan     0.1000   -0.0017
   100        0.5726            -nan     0.1000   -0.0009
   120        0.5304            -nan     0.1000   -0.0030
   140        0.4823            -nan     0.1000   -0.0007
   150        0.4626            -nan     0.1000   -0.0014

Iter   TrainDeviance   ValidDeviance   StepSize   Improve
     1        1.3448            -nan     0.1000    0.0025
     2        1.3329            -nan     0.1000    0.0023
     3        1.3251            -nan     0.1000   -0.0013
     4        1.3166            -nan     0.1000    0.0019
     5        1.3078            -nan     0.1000    0.0035
     6        1.2993            -nan     0.1000    0.0021
     7        1.2873            -nan     0.1000    0.0053
     8        1.2797            -nan     0.1000    0.0018
     9        1.2713            -nan     0.1000   -0.0007
    10        1.2643            -nan     0.1000    0.0000
    20        1.1983            -nan     0.1000   -0.0022
    40        1.1059            -nan     0.1000    0.0011
    60        1.0342            -nan     0.1000   -0.0006
    80        0.9795            -nan     0.1000   -0.0003
   100        0.9356            -nan     0.1000   -0.0001
   120        0.8961            -nan     0.1000   -0.0000
   140        0.8638            -nan     0.1000   -0.0001
   150        0.8517            -nan     0.1000   -0.0005

Iter   TrainDeviance   ValidDeviance   StepSize   Improve
     1        1.3260            -nan     0.1000    0.0116
     2        1.3063            -nan     0.1000    0.0036
     3        1.2907            -nan     0.1000    0.0022
     4        1.2693            -nan     0.1000    0.0044
     5        1.2521            -nan     0.1000    0.0046
     6        1.2350            -nan     0.1000    0.0071
     7        1.2227            -nan     0.1000    0.0021
     8        1.2086            -nan     0.1000    0.0046
     9        1.1975            -nan     0.1000    0.0011
    10        1.1796            -nan     0.1000    0.0044
    20        1.0793            -nan     0.1000    0.0025
    40        0.9342            -nan     0.1000   -0.0011
    60        0.8351            -nan     0.1000   -0.0003
    80        0.7472            -nan     0.1000   -0.0010
   100        0.6794            -nan     0.1000   -0.0006
   120        0.6405            -nan     0.1000    0.0002
   140        0.6016            -nan     0.1000   -0.0018
   150        0.5856            -nan     0.1000   -0.0021

Iter   TrainDeviance   ValidDeviance   StepSize   Improve
     1        1.3315            -nan     0.1000    0.0070
     2        1.3053            -nan     0.1000    0.0101
     3        1.2765            -nan     0.1000    0.0109
     4        1.2537            -nan     0.1000    0.0093
     5        1.2332            -nan     0.1000    0.0050
     6        1.2099            -nan     0.1000    0.0058
     7        1.1934            -nan     0.1000    0.0005
     8        1.1701            -nan     0.1000    0.0037
     9        1.1480            -nan     0.1000    0.0084
    10        1.1299            -nan     0.1000    0.0041
    20        0.9852            -nan     0.1000    0.0008
    40        0.8109            -nan     0.1000    0.0005
    60        0.7090            -nan     0.1000   -0.0016
    80        0.6181            -nan     0.1000   -0.0008
   100        0.5566            -nan     0.1000   -0.0009
   120        0.4979            -nan     0.1000   -0.0011
   140        0.4573            -nan     0.1000    0.0002
   150        0.4396            -nan     0.1000   -0.0011

Iter   TrainDeviance   ValidDeviance   StepSize   Improve
     1        1.3397            -nan     0.1000    0.0068
     2        1.3256            -nan     0.1000    0.0058
     3        1.3111            -nan     0.1000    0.0035
     4        1.2997            -nan     0.1000    0.0032
     5        1.2897            -nan     0.1000    0.0042
     6        1.2784            -nan     0.1000    0.0031
     7        1.2655            -nan     0.1000    0.0033
     8        1.2567            -nan     0.1000    0.0023
     9        1.2481            -nan     0.1000    0.0019
    10        1.2375            -nan     0.1000    0.0036
    20        1.1670            -nan     0.1000    0.0004
    40        1.0655            -nan     0.1000    0.0009
    60        0.9974            -nan     0.1000   -0.0008
    80        0.9427            -nan     0.1000   -0.0013
   100        0.8950            -nan     0.1000   -0.0027
   120        0.8567            -nan     0.1000   -0.0010
   140        0.8272            -nan     0.1000   -0.0010
   150        0.8158            -nan     0.1000   -0.0013

Iter   TrainDeviance   ValidDeviance   StepSize   Improve
     1        1.3127            -nan     0.1000    0.0157
     2        1.2800            -nan     0.1000    0.0106
     3        1.2572            -nan     0.1000    0.0073
     4        1.2356            -nan     0.1000    0.0075
     5        1.2122            -nan     0.1000    0.0094
     6        1.1932            -nan     0.1000    0.0036
     7        1.1737            -nan     0.1000    0.0070
     8        1.1571            -nan     0.1000    0.0051
     9        1.1404            -nan     0.1000    0.0053
    10        1.1262            -nan     0.1000    0.0056
    20        1.0069            -nan     0.1000    0.0024
    40        0.8646            -nan     0.1000   -0.0035
    60        0.7729            -nan     0.1000    0.0006
    80        0.6997            -nan     0.1000   -0.0016
   100        0.6509            -nan     0.1000   -0.0009
   120        0.6052            -nan     0.1000   -0.0018
   140        0.5620            -nan     0.1000   -0.0003
   150        0.5458            -nan     0.1000   -0.0013

Iter   TrainDeviance   ValidDeviance   StepSize   Improve
     1        1.3124            -nan     0.1000    0.0198
     2        1.2847            -nan     0.1000    0.0113
     3        1.2580            -nan     0.1000    0.0075
     4        1.2385            -nan     0.1000    0.0030
     5        1.1944            -nan     0.1000    0.0185
     6        1.1656            -nan     0.1000    0.0105
     7        1.1418            -nan     0.1000    0.0080
     8        1.1216            -nan     0.1000    0.0053
     9        1.0971            -nan     0.1000    0.0083
    10        1.0807            -nan     0.1000    0.0053
    20        0.9350            -nan     0.1000    0.0008
    40        0.7543            -nan     0.1000   -0.0014
    60        0.6398            -nan     0.1000    0.0007
    80        0.5629            -nan     0.1000   -0.0016
   100        0.5015            -nan     0.1000   -0.0016
   120        0.4510            -nan     0.1000   -0.0029
   140        0.4080            -nan     0.1000   -0.0017
   150        0.3873            -nan     0.1000   -0.0009

Iter   TrainDeviance   ValidDeviance   StepSize   Improve
     1        1.3288            -nan     0.1000    0.0096
     2        1.3149            -nan     0.1000    0.0046
     3        1.3037            -nan     0.1000    0.0047
     4        1.2851            -nan     0.1000    0.0076
     5        1.2738            -nan     0.1000    0.0000
     6        1.2655            -nan     0.1000    0.0019
     7        1.2591            -nan     0.1000   -0.0005
     8        1.2476            -nan     0.1000    0.0032
     9        1.2349            -nan     0.1000    0.0049
    10        1.2247            -nan     0.1000    0.0037
    20        1.1505            -nan     0.1000    0.0014
    40        1.0510            -nan     0.1000    0.0010
    60        0.9789            -nan     0.1000    0.0005
    80        0.9312            -nan     0.1000    0.0006
   100        0.8857            -nan     0.1000   -0.0008
   120        0.8508            -nan     0.1000    0.0000
   140        0.8185            -nan     0.1000   -0.0007
   150        0.8045            -nan     0.1000   -0.0016

Iter   TrainDeviance   ValidDeviance   StepSize   Improve
     1        1.3106            -nan     0.1000    0.0166
     2        1.2883            -nan     0.1000    0.0083
     3        1.2614            -nan     0.1000    0.0065
     4        1.2328            -nan     0.1000    0.0112
     5        1.2066            -nan     0.1000    0.0106
     6        1.1893            -nan     0.1000    0.0059
     7        1.1723            -nan     0.1000    0.0041
     8        1.1530            -nan     0.1000    0.0059
     9        1.1376            -nan     0.1000    0.0057
    10        1.1230            -nan     0.1000    0.0014
    20        1.0091            -nan     0.1000   -0.0006
    40        0.8792            -nan     0.1000    0.0005
    60        0.7802            -nan     0.1000   -0.0004
    80        0.7111            -nan     0.1000    0.0004
   100        0.6654            -nan     0.1000   -0.0015
   120        0.6197            -nan     0.1000   -0.0011
   140        0.5853            -nan     0.1000   -0.0014
   150        0.5673            -nan     0.1000   -0.0027

Iter   TrainDeviance   ValidDeviance   StepSize   Improve
     1        1.3137            -nan     0.1000    0.0136
     2        1.2755            -nan     0.1000    0.0122
     3        1.2455            -nan     0.1000    0.0095
     4        1.2127            -nan     0.1000    0.0147
     5        1.1877            -nan     0.1000    0.0102
     6        1.1603            -nan     0.1000    0.0084
     7        1.1445            -nan     0.1000    0.0030
     8        1.1176            -nan     0.1000    0.0096
     9        1.0897            -nan     0.1000    0.0113
    10        1.0709            -nan     0.1000    0.0069
    20        0.9399            -nan     0.1000    0.0003
    40        0.7665            -nan     0.1000    0.0022
    60        0.6692            -nan     0.1000   -0.0008
    80        0.5854            -nan     0.1000    0.0007
   100        0.5198            -nan     0.1000   -0.0034
   120        0.4614            -nan     0.1000    0.0001
   140        0.4121            -nan     0.1000   -0.0012
   150        0.3936            -nan     0.1000   -0.0026

Iter   TrainDeviance   ValidDeviance   StepSize   Improve
     1        1.3254            -nan     0.1000    0.0053
     2        1.3172            -nan     0.1000    0.0001
     3        1.3086            -nan     0.1000    0.0026
     4        1.2973            -nan     0.1000    0.0030
     5        1.2899            -nan     0.1000    0.0014
     6        1.2823            -nan     0.1000    0.0026
     7        1.2735            -nan     0.1000    0.0029
     8        1.2675            -nan     0.1000    0.0018
     9        1.2596            -nan     0.1000    0.0002
    10        1.2498            -nan     0.1000    0.0025
    20        1.1964            -nan     0.1000   -0.0017
    40        1.0889            -nan     0.1000   -0.0011
    60        1.0197            -nan     0.1000   -0.0013
    80        0.9643            -nan     0.1000   -0.0027
   100        0.9181            -nan     0.1000   -0.0024
   120        0.8855            -nan     0.1000   -0.0021
   140        0.8542            -nan     0.1000   -0.0012
   150        0.8403            -nan     0.1000   -0.0021

Iter   TrainDeviance   ValidDeviance   StepSize   Improve
     1        1.3171            -nan     0.1000    0.0074
     2        1.3005            -nan     0.1000    0.0017
     3        1.2721            -nan     0.1000    0.0100
     4        1.2475            -nan     0.1000    0.0082
     5        1.2358            -nan     0.1000    0.0007
     6        1.2117            -nan     0.1000    0.0091
     7        1.1936            -nan     0.1000    0.0067
     8        1.1763            -nan     0.1000    0.0075
     9        1.1630            -nan     0.1000    0.0012
    10        1.1477            -nan     0.1000    0.0024
    20        1.0326            -nan     0.1000    0.0028
    40        0.8839            -nan     0.1000    0.0004
    60        0.7897            -nan     0.1000   -0.0006
    80        0.7237            -nan     0.1000   -0.0024
   100        0.6690            -nan     0.1000   -0.0004
   120        0.6236            -nan     0.1000   -0.0009
   140        0.5840            -nan     0.1000   -0.0003
   150        0.5644            -nan     0.1000   -0.0019

Iter   TrainDeviance   ValidDeviance   StepSize   Improve
     1        1.3061            -nan     0.1000    0.0136
     2        1.2727            -nan     0.1000    0.0137
     3        1.2519            -nan     0.1000    0.0045
     4        1.2185            -nan     0.1000    0.0108
     5        1.1906            -nan     0.1000    0.0112
     6        1.1752            -nan     0.1000    0.0023
     7        1.1664            -nan     0.1000   -0.0039
     8        1.1376            -nan     0.1000    0.0087
     9        1.1233            -nan     0.1000    0.0022
    10        1.0937            -nan     0.1000    0.0089
    20        0.9479            -nan     0.1000   -0.0001
    40        0.7719            -nan     0.1000    0.0001
    60        0.6685            -nan     0.1000   -0.0028
    80        0.5840            -nan     0.1000   -0.0024
   100        0.5248            -nan     0.1000   -0.0010
   120        0.4708            -nan     0.1000   -0.0001
   140        0.4298            -nan     0.1000   -0.0018
   150        0.4143            -nan     0.1000   -0.0014

Iter   TrainDeviance   ValidDeviance   StepSize   Improve
     1        1.3344            -nan     0.1000    0.0076
     2        1.3224            -nan     0.1000    0.0012
     3        1.3055            -nan     0.1000    0.0042
     4        1.2978            -nan     0.1000    0.0017
     5        1.2834            -nan     0.1000    0.0037
     6        1.2719            -nan     0.1000    0.0040
     7        1.2609            -nan     0.1000    0.0042
     8        1.2531            -nan     0.1000    0.0026
     9        1.2465            -nan     0.1000   -0.0005
    10        1.2307            -nan     0.1000    0.0062
    20        1.1444            -nan     0.1000    0.0008
    40        1.0376            -nan     0.1000   -0.0017
    60        0.9528            -nan     0.1000    0.0004
    80        0.8916            -nan     0.1000   -0.0003
   100        0.8386            -nan     0.1000   -0.0000
   120        0.8025            -nan     0.1000   -0.0016
   140        0.7650            -nan     0.1000   -0.0005
   150        0.7521            -nan     0.1000   -0.0015

Iter   TrainDeviance   ValidDeviance   StepSize   Improve
     1        1.3140            -nan     0.1000    0.0180
     2        1.2915            -nan     0.1000    0.0078
     3        1.2747            -nan     0.1000    0.0049
     4        1.2391            -nan     0.1000    0.0118
     5        1.2094            -nan     0.1000    0.0090
     6        1.1842            -nan     0.1000    0.0094
     7        1.1633            -nan     0.1000    0.0042
     8        1.1420            -nan     0.1000    0.0055
     9        1.1252            -nan     0.1000    0.0048
    10        1.1056            -nan     0.1000    0.0076
    20        0.9885            -nan     0.1000   -0.0009
    40        0.8247            -nan     0.1000    0.0010
    60        0.7281            -nan     0.1000   -0.0017
    80        0.6563            -nan     0.1000   -0.0008
   100        0.5944            -nan     0.1000   -0.0012
   120        0.5485            -nan     0.1000   -0.0006
   140        0.5107            -nan     0.1000   -0.0013
   150        0.4920            -nan     0.1000   -0.0010

Iter   TrainDeviance   ValidDeviance   StepSize   Improve
     1        1.3054            -nan     0.1000    0.0232
     2        1.2705            -nan     0.1000    0.0128
     3        1.2304            -nan     0.1000    0.0181
     4        1.1952            -nan     0.1000    0.0152
     5        1.1762            -nan     0.1000    0.0011
     6        1.1409            -nan     0.1000    0.0124
     7        1.1165            -nan     0.1000    0.0073
     8        1.0933            -nan     0.1000    0.0071
     9        1.0678            -nan     0.1000    0.0108
    10        1.0481            -nan     0.1000    0.0052
    20        0.8929            -nan     0.1000    0.0012
    40        0.7111            -nan     0.1000   -0.0012
    60        0.5907            -nan     0.1000   -0.0002
    80        0.5153            -nan     0.1000   -0.0014
   100        0.4568            -nan     0.1000   -0.0027
   120        0.3985            -nan     0.1000    0.0012
   140        0.3576            -nan     0.1000   -0.0005
   150        0.3370            -nan     0.1000   -0.0010

Iter   TrainDeviance   ValidDeviance   StepSize   Improve
     1        1.3417            -nan     0.1000    0.0098
     2        1.3258            -nan     0.1000    0.0077
     3        1.3125            -nan     0.1000    0.0061
     4        1.3003            -nan     0.1000    0.0058
     5        1.2893            -nan     0.1000    0.0056
     6        1.2770            -nan     0.1000    0.0025
     7        1.2669            -nan     0.1000    0.0017
     8        1.2535            -nan     0.1000    0.0046
     9        1.2443            -nan     0.1000    0.0025
    10        1.2345            -nan     0.1000    0.0023
    20        1.1671            -nan     0.1000    0.0027
    40        1.0697            -nan     0.1000   -0.0003
    60        1.0000            -nan     0.1000   -0.0002
    80        0.9427            -nan     0.1000   -0.0000
   100        0.8976            -nan     0.1000   -0.0007
   120        0.8598            -nan     0.1000   -0.0006
   140        0.8252            -nan     0.1000   -0.0005
   150        0.8096            -nan     0.1000   -0.0010

Iter   TrainDeviance   ValidDeviance   StepSize   Improve
     1        1.3205            -nan     0.1000    0.0210
     2        1.2889            -nan     0.1000    0.0131
     3        1.2548            -nan     0.1000    0.0167
     4        1.2331            -nan     0.1000    0.0049
     5        1.2139            -nan     0.1000    0.0051
     6        1.1995            -nan     0.1000    0.0031
     7        1.1731            -nan     0.1000    0.0077
     8        1.1568            -nan     0.1000    0.0032
     9        1.1377            -nan     0.1000    0.0037
    10        1.1234            -nan     0.1000    0.0044
    20        1.0125            -nan     0.1000   -0.0008
    40        0.8769            -nan     0.1000   -0.0043
    60        0.7784            -nan     0.1000   -0.0014
    80        0.6882            -nan     0.1000   -0.0001
   100        0.6339            -nan     0.1000   -0.0020
   120        0.5906            -nan     0.1000    0.0001
   140        0.5535            -nan     0.1000   -0.0018
   150        0.5397            -nan     0.1000   -0.0014

Iter   TrainDeviance   ValidDeviance   StepSize   Improve
     1        1.3163            -nan     0.1000    0.0191
     2        1.2725            -nan     0.1000    0.0170
     3        1.2455            -nan     0.1000    0.0098
     4        1.2040            -nan     0.1000    0.0173
     5        1.1721            -nan     0.1000    0.0144
     6        1.1555            -nan     0.1000    0.0037
     7        1.1338            -nan     0.1000    0.0075
     8        1.1119            -nan     0.1000    0.0049
     9        1.0905            -nan     0.1000    0.0068
    10        1.0688            -nan     0.1000    0.0077
    20        0.9157            -nan     0.1000    0.0012
    40        0.7316            -nan     0.1000    0.0007
    60        0.6122            -nan     0.1000   -0.0021
    80        0.5358            -nan     0.1000    0.0004
   100        0.4763            -nan     0.1000   -0.0009
   120        0.4224            -nan     0.1000   -0.0002
   140        0.3802            -nan     0.1000   -0.0007
   150        0.3621            -nan     0.1000   -0.0020

Iter   TrainDeviance   ValidDeviance   StepSize   Improve
     1        1.3394            -nan     0.1000    0.0049
     2        1.3286            -nan     0.1000    0.0033
     3        1.3196            -nan     0.1000    0.0002
     4        1.3077            -nan     0.1000    0.0044
     5        1.2933            -nan     0.1000    0.0032
     6        1.2824            -nan     0.1000    0.0020
     7        1.2692            -nan     0.1000   -0.0008
     8        1.2610            -nan     0.1000    0.0002
     9        1.2573            -nan     0.1000   -0.0021
    10        1.2474            -nan     0.1000    0.0015
    20        1.1611            -nan     0.1000    0.0016
    40        1.0476            -nan     0.1000    0.0008
    60        0.9705            -nan     0.1000   -0.0022
    80        0.8999            -nan     0.1000    0.0010
   100        0.8502            -nan     0.1000   -0.0005
   120        0.8119            -nan     0.1000   -0.0019
   140        0.7768            -nan     0.1000   -0.0003
   150        0.7636            -nan     0.1000   -0.0021

Iter   TrainDeviance   ValidDeviance   StepSize   Improve
     1        1.3395            -nan     0.1000    0.0064
     2        1.3123            -nan     0.1000    0.0102
     3        1.2945            -nan     0.1000    0.0021
     4        1.2651            -nan     0.1000    0.0110
     5        1.2426            -nan     0.1000    0.0083
     6        1.2232            -nan     0.1000    0.0057
     7        1.1986            -nan     0.1000    0.0098
     8        1.1784            -nan     0.1000    0.0066
     9        1.1648            -nan     0.1000    0.0030
    10        1.1535            -nan     0.1000    0.0001
    20        1.0200            -nan     0.1000    0.0035
    40        0.8600            -nan     0.1000   -0.0002
    60        0.7485            -nan     0.1000   -0.0007
    80        0.6864            -nan     0.1000   -0.0021
   100        0.6235            -nan     0.1000   -0.0007
   120        0.5783            -nan     0.1000   -0.0003
   140        0.5350            -nan     0.1000   -0.0008
   150        0.5190            -nan     0.1000   -0.0006

Iter   TrainDeviance   ValidDeviance   StepSize   Improve
     1        1.3227            -nan     0.1000    0.0115
     2        1.2919            -nan     0.1000    0.0132
     3        1.2634            -nan     0.1000    0.0087
     4        1.2354            -nan     0.1000    0.0055
     5        1.1987            -nan     0.1000    0.0164
     6        1.1768            -nan     0.1000    0.0073
     7        1.1457            -nan     0.1000    0.0106
     8        1.1184            -nan     0.1000    0.0087
     9        1.0938            -nan     0.1000    0.0073
    10        1.0750            -nan     0.1000    0.0065
    20        0.9225            -nan     0.1000    0.0031
    40        0.7364            -nan     0.1000    0.0016
    60        0.6267            -nan     0.1000   -0.0021
    80        0.5399            -nan     0.1000   -0.0007
   100        0.4788            -nan     0.1000   -0.0015
   120        0.4263            -nan     0.1000   -0.0030
   140        0.3851            -nan     0.1000   -0.0017
   150        0.3661            -nan     0.1000   -0.0014

Iter   TrainDeviance   ValidDeviance   StepSize   Improve
     1        1.3701            -nan     0.1000    0.0015
     2        1.3572            -nan     0.1000    0.0036
     3        1.3469            -nan     0.1000    0.0012
     4        1.3362            -nan     0.1000    0.0061
     5        1.3216            -nan     0.1000    0.0028
     6        1.3143            -nan     0.1000    0.0030
     7        1.3059            -nan     0.1000    0.0034
     8        1.3002            -nan     0.1000    0.0010
     9        1.2941            -nan     0.1000    0.0018
    10        1.2831            -nan     0.1000    0.0028
    20        1.2234            -nan     0.1000    0.0016
    40        1.1205            -nan     0.1000    0.0001
    60        1.0590            -nan     0.1000   -0.0001
    80        1.0058            -nan     0.1000    0.0002
   100        0.9695            -nan     0.1000   -0.0007
   120        0.9389            -nan     0.1000   -0.0026
   140        0.9115            -nan     0.1000   -0.0018
   150        0.8980            -nan     0.1000   -0.0003

Iter   TrainDeviance   ValidDeviance   StepSize   Improve
     1        1.3458            -nan     0.1000    0.0086
     2        1.3229            -nan     0.1000    0.0053
     3        1.3039            -nan     0.1000    0.0099
     4        1.2840            -nan     0.1000    0.0040
     5        1.2643            -nan     0.1000    0.0071
     6        1.2480            -nan     0.1000    0.0054
     7        1.2354            -nan     0.1000    0.0035
     8        1.2138            -nan     0.1000    0.0058
     9        1.1981            -nan     0.1000    0.0037
    10        1.1829            -nan     0.1000    0.0037
    20        1.0852            -nan     0.1000   -0.0005
    40        0.9549            -nan     0.1000    0.0005
    60        0.8600            -nan     0.1000    0.0016
    80        0.7979            -nan     0.1000    0.0005
   100        0.7498            -nan     0.1000   -0.0014
   120        0.7053            -nan     0.1000   -0.0005
   140        0.6668            -nan     0.1000   -0.0003
   150        0.6467            -nan     0.1000   -0.0017

Iter   TrainDeviance   ValidDeviance   StepSize   Improve
     1        1.3457            -nan     0.1000    0.0081
     2        1.3188            -nan     0.1000    0.0113
     3        1.2865            -nan     0.1000    0.0081
     4        1.2604            -nan     0.1000    0.0118
     5        1.2261            -nan     0.1000    0.0127
     6        1.2054            -nan     0.1000    0.0012
     7        1.1892            -nan     0.1000    0.0062
     8        1.1701            -nan     0.1000    0.0055
     9        1.1499            -nan     0.1000    0.0063
    10        1.1362            -nan     0.1000    0.0016
    20        1.0076            -nan     0.1000   -0.0024
    40        0.8553            -nan     0.1000    0.0012
    60        0.7516            -nan     0.1000   -0.0003
    80        0.6731            -nan     0.1000   -0.0008
   100        0.6007            -nan     0.1000   -0.0016
   120        0.5357            -nan     0.1000   -0.0008
   140        0.4887            -nan     0.1000   -0.0043
   150        0.4658            -nan     0.1000   -0.0024

Iter   TrainDeviance   ValidDeviance   StepSize   Improve
     1        1.3477            -nan     0.1000    0.0054
     2        1.3365            -nan     0.1000    0.0017
     3        1.3149            -nan     0.1000    0.0062
     4        1.3078            -nan     0.1000   -0.0023
     5        1.2975            -nan     0.1000    0.0041
     6        1.2865            -nan     0.1000    0.0006
     7        1.2787            -nan     0.1000    0.0004
     8        1.2651            -nan     0.1000    0.0063
     9        1.2517            -nan     0.1000    0.0043
    10        1.2439            -nan     0.1000    0.0026
    20        1.1724            -nan     0.1000    0.0011
    40        1.0693            -nan     0.1000    0.0007
    60        0.9933            -nan     0.1000   -0.0011
    80        0.9340            -nan     0.1000    0.0002
   100        0.8902            -nan     0.1000   -0.0025
   120        0.8566            -nan     0.1000   -0.0004
   140        0.8274            -nan     0.1000   -0.0010
   150        0.8158            -nan     0.1000   -0.0014

Iter   TrainDeviance   ValidDeviance   StepSize   Improve
     1        1.3413            -nan     0.1000    0.0066
     2        1.3006            -nan     0.1000    0.0206
     3        1.2629            -nan     0.1000    0.0145
     4        1.2480            -nan     0.1000    0.0035
     5        1.2303            -nan     0.1000    0.0015
     6        1.2069            -nan     0.1000    0.0092
     7        1.1890            -nan     0.1000    0.0030
     8        1.1704            -nan     0.1000    0.0046
     9        1.1540            -nan     0.1000    0.0042
    10        1.1368            -nan     0.1000    0.0071
    20        1.0183            -nan     0.1000   -0.0010
    40        0.8738            -nan     0.1000   -0.0007
    60        0.7820            -nan     0.1000   -0.0016
    80        0.7114            -nan     0.1000   -0.0017
   100        0.6605            -nan     0.1000   -0.0019
   120        0.6157            -nan     0.1000    0.0005
   140        0.5784            -nan     0.1000   -0.0008
   150        0.5605            -nan     0.1000   -0.0008

Iter   TrainDeviance   ValidDeviance   StepSize   Improve
     1        1.3096            -nan     0.1000    0.0221
     2        1.2792            -nan     0.1000    0.0095
     3        1.2352            -nan     0.1000    0.0204
     4        1.1979            -nan     0.1000    0.0143
     5        1.1726            -nan     0.1000    0.0087
     6        1.1532            -nan     0.1000    0.0064
     7        1.1247            -nan     0.1000    0.0078
     8        1.1006            -nan     0.1000    0.0094
     9        1.0762            -nan     0.1000    0.0094
    10        1.0594            -nan     0.1000    0.0027
    20        0.9172            -nan     0.1000    0.0022
    40        0.7373            -nan     0.1000   -0.0004
    60        0.6344            -nan     0.1000    0.0004
    80        0.5491            -nan     0.1000    0.0002
   100        0.4901            -nan     0.1000   -0.0004
   120        0.4359            -nan     0.1000   -0.0015
   140        0.3910            -nan     0.1000   -0.0008
   150        0.3718            -nan     0.1000   -0.0009

Iter   TrainDeviance   ValidDeviance   StepSize   Improve
     1        1.3608            -nan     0.1000    0.0078
     2        1.3440            -nan     0.1000    0.0053
     3        1.3261            -nan     0.1000    0.0054
     4        1.3152            -nan     0.1000    0.0021
     5        1.3012            -nan     0.1000    0.0031
     6        1.2912            -nan     0.1000    0.0034
     7        1.2800            -nan     0.1000    0.0013
     8        1.2709            -nan     0.1000    0.0025
     9        1.2620            -nan     0.1000    0.0024
    10        1.2521            -nan     0.1000    0.0025
    20        1.1731            -nan     0.1000    0.0012
    40        1.0764            -nan     0.1000    0.0005
    60        1.0013            -nan     0.1000   -0.0006
    80        0.9465            -nan     0.1000   -0.0013
   100        0.9036            -nan     0.1000   -0.0010
   120        0.8630            -nan     0.1000   -0.0010
   140        0.8336            -nan     0.1000    0.0001
   150        0.8182            -nan     0.1000   -0.0012

Iter   TrainDeviance   ValidDeviance   StepSize   Improve
     1        1.3447            -nan     0.1000    0.0123
     2        1.3208            -nan     0.1000    0.0093
     3        1.2932            -nan     0.1000    0.0109
     4        1.2764            -nan     0.1000    0.0037
     5        1.2527            -nan     0.1000    0.0114
     6        1.2388            -nan     0.1000    0.0021
     7        1.2221            -nan     0.1000    0.0032
     8        1.2090            -nan     0.1000    0.0011
     9        1.1946            -nan     0.1000    0.0049
    10        1.1666            -nan     0.1000    0.0073
    20        1.0348            -nan     0.1000    0.0023
    40        0.8908            -nan     0.1000   -0.0022
    60        0.7961            -nan     0.1000    0.0007
    80        0.7178            -nan     0.1000   -0.0021
   100        0.6638            -nan     0.1000    0.0002
   120        0.6140            -nan     0.1000   -0.0021
   140        0.5707            -nan     0.1000   -0.0018
   150        0.5521            -nan     0.1000   -0.0000

Iter   TrainDeviance   ValidDeviance   StepSize   Improve
     1        1.3384            -nan     0.1000    0.0150
     2        1.3041            -nan     0.1000    0.0140
     3        1.2647            -nan     0.1000    0.0144
     4        1.2365            -nan     0.1000    0.0068
     5        1.2061            -nan     0.1000    0.0099
     6        1.1743            -nan     0.1000    0.0114
     7        1.1553            -nan     0.1000    0.0063
     8        1.1349            -nan     0.1000    0.0037
     9        1.1134            -nan     0.1000    0.0064
    10        1.0940            -nan     0.1000    0.0079
    20        0.9537            -nan     0.1000    0.0029
    40        0.7722            -nan     0.1000    0.0004
    60        0.6570            -nan     0.1000   -0.0006
    80        0.5873            -nan     0.1000    0.0016
   100        0.5157            -nan     0.1000   -0.0019
   120        0.4678            -nan     0.1000   -0.0008
   140        0.4207            -nan     0.1000   -0.0014
   150        0.4012            -nan     0.1000   -0.0016

Iter   TrainDeviance   ValidDeviance   StepSize   Improve
     1        1.3447            -nan     0.1000    0.0049
     2        1.3323            -nan     0.1000    0.0050
     3        1.3175            -nan     0.1000    0.0028
     4        1.3080            -nan     0.1000   -0.0017
     5        1.2957            -nan     0.1000    0.0039
     6        1.2843            -nan     0.1000    0.0037
     7        1.2733            -nan     0.1000    0.0016
     8        1.2611            -nan     0.1000    0.0042
     9        1.2518            -nan     0.1000    0.0007
    10        1.2430            -nan     0.1000    0.0006
    20        1.1482            -nan     0.1000    0.0028
    40        1.0394            -nan     0.1000    0.0006
    60        0.9644            -nan     0.1000   -0.0018
    80        0.9061            -nan     0.1000    0.0009
   100        0.8537            -nan     0.1000   -0.0006
   120        0.8179            -nan     0.1000   -0.0008
   140        0.7897            -nan     0.1000   -0.0006
   150        0.7746            -nan     0.1000    0.0002

Iter   TrainDeviance   ValidDeviance   StepSize   Improve
     1        1.3312            -nan     0.1000    0.0091
     2        1.3010            -nan     0.1000    0.0114
     3        1.2795            -nan     0.1000    0.0068
     4        1.2567            -nan     0.1000    0.0065
     5        1.2371            -nan     0.1000    0.0086
     6        1.2186            -nan     0.1000    0.0043
     7        1.1965            -nan     0.1000    0.0052
     8        1.1815            -nan     0.1000    0.0042
     9        1.1654            -nan     0.1000    0.0055
    10        1.1488            -nan     0.1000    0.0054
    20        1.0166            -nan     0.1000    0.0005
    40        0.8578            -nan     0.1000    0.0001
    60        0.7567            -nan     0.1000   -0.0006
    80        0.6779            -nan     0.1000   -0.0011
   100        0.6225            -nan     0.1000   -0.0007
   120        0.5752            -nan     0.1000   -0.0018
   140        0.5247            -nan     0.1000    0.0011
   150        0.5079            -nan     0.1000   -0.0004

Iter   TrainDeviance   ValidDeviance   StepSize   Improve
     1        1.3252            -nan     0.1000    0.0112
     2        1.2820            -nan     0.1000    0.0184
     3        1.2468            -nan     0.1000    0.0086
     4        1.2189            -nan     0.1000    0.0098
     5        1.1875            -nan     0.1000    0.0109
     6        1.1602            -nan     0.1000    0.0094
     7        1.1322            -nan     0.1000    0.0084
     8        1.1143            -nan     0.1000    0.0058
     9        1.0966            -nan     0.1000    0.0049
    10        1.0791            -nan     0.1000    0.0039
    20        0.9189            -nan     0.1000    0.0049
    40        0.7460            -nan     0.1000   -0.0009
    60        0.6344            -nan     0.1000   -0.0009
    80        0.5473            -nan     0.1000   -0.0038
   100        0.4846            -nan     0.1000   -0.0007
   120        0.4363            -nan     0.1000   -0.0020
   140        0.3920            -nan     0.1000   -0.0010
   150        0.3730            -nan     0.1000   -0.0020

Iter   TrainDeviance   ValidDeviance   StepSize   Improve
     1        1.2989            -nan     0.1000    0.0090
     2        1.2850            -nan     0.1000    0.0055
     3        1.2730            -nan     0.1000    0.0060
     4        1.2679            -nan     0.1000   -0.0025
     5        1.2593            -nan     0.1000    0.0004
     6        1.2431            -nan     0.1000    0.0036
     7        1.2335            -nan     0.1000    0.0031
     8        1.2200            -nan     0.1000    0.0010
     9        1.2139            -nan     0.1000    0.0008
    10        1.2075            -nan     0.1000    0.0025
    20        1.1462            -nan     0.1000    0.0025
    40        1.0491            -nan     0.1000    0.0014
    60        0.9868            -nan     0.1000   -0.0021
    80        0.9253            -nan     0.1000   -0.0005
   100        0.8763            -nan     0.1000   -0.0009
   120        0.8451            -nan     0.1000   -0.0012
   140        0.8149            -nan     0.1000   -0.0015
   150        0.8000            -nan     0.1000   -0.0003

Iter   TrainDeviance   ValidDeviance   StepSize   Improve
     1        1.2761            -nan     0.1000    0.0203
     2        1.2408            -nan     0.1000    0.0175
     3        1.2268            -nan     0.1000    0.0006
     4        1.2024            -nan     0.1000    0.0125
     5        1.1788            -nan     0.1000    0.0107
     6        1.1612            -nan     0.1000    0.0032
     7        1.1427            -nan     0.1000    0.0019
     8        1.1250            -nan     0.1000    0.0047
     9        1.1114            -nan     0.1000   -0.0014
    10        1.0997            -nan     0.1000    0.0003
    20        1.0019            -nan     0.1000    0.0002
    40        0.8581            -nan     0.1000    0.0010
    60        0.7686            -nan     0.1000   -0.0001
    80        0.7023            -nan     0.1000   -0.0005
   100        0.6575            -nan     0.1000   -0.0025
   120        0.6065            -nan     0.1000   -0.0016
   140        0.5666            -nan     0.1000   -0.0017
   150        0.5480            -nan     0.1000   -0.0020

Iter   TrainDeviance   ValidDeviance   StepSize   Improve
     1        1.2695            -nan     0.1000    0.0186
     2        1.2328            -nan     0.1000    0.0166
     3        1.2024            -nan     0.1000    0.0142
     4        1.1786            -nan     0.1000    0.0105
     5        1.1604            -nan     0.1000    0.0040
     6        1.1349            -nan     0.1000    0.0053
     7        1.1155            -nan     0.1000    0.0047
     8        1.0907            -nan     0.1000    0.0103
     9        1.0734            -nan     0.1000    0.0039
    10        1.0544            -nan     0.1000    0.0067
    20        0.9152            -nan     0.1000    0.0042
    40        0.7521            -nan     0.1000   -0.0019
    60        0.6498            -nan     0.1000   -0.0024
    80        0.5691            -nan     0.1000   -0.0009
   100        0.5041            -nan     0.1000   -0.0004
   120        0.4596            -nan     0.1000   -0.0011
   140        0.4125            -nan     0.1000   -0.0034
   150        0.3946            -nan     0.1000   -0.0020

Iter   TrainDeviance   ValidDeviance   StepSize   Improve
     1        1.3367            -nan     0.1000    0.0040
     2        1.3214            -nan     0.1000    0.0065
     3        1.3103            -nan     0.1000    0.0020
     4        1.2959            -nan     0.1000    0.0056
     5        1.2867            -nan     0.1000    0.0033
     6        1.2772            -nan     0.1000    0.0041
     7        1.2637            -nan     0.1000    0.0015
     8        1.2511            -nan     0.1000    0.0040
     9        1.2393            -nan     0.1000    0.0047
    10        1.2308            -nan     0.1000    0.0031
    20        1.1515            -nan     0.1000    0.0007
    40        1.0480            -nan     0.1000    0.0007
    60        0.9807            -nan     0.1000    0.0005
    80        0.9344            -nan     0.1000    0.0001
   100        0.8955            -nan     0.1000   -0.0006
   120        0.8577            -nan     0.1000   -0.0018
   140        0.8283            -nan     0.1000   -0.0011
   150        0.8126            -nan     0.1000   -0.0003

Iter   TrainDeviance   ValidDeviance   StepSize   Improve
     1        1.3144            -nan     0.1000    0.0151
     2        1.2924            -nan     0.1000    0.0056
     3        1.2653            -nan     0.1000    0.0081
     4        1.2473            -nan     0.1000    0.0076
     5        1.2261            -nan     0.1000    0.0056
     6        1.2120            -nan     0.1000    0.0034
     7        1.1828            -nan     0.1000    0.0146
     8        1.1699            -nan     0.1000    0.0007
     9        1.1548            -nan     0.1000    0.0048
    10        1.1302            -nan     0.1000    0.0099
    20        1.0240            -nan     0.1000   -0.0002
    40        0.8970            -nan     0.1000    0.0006
    60        0.8132            -nan     0.1000   -0.0005
    80        0.7385            -nan     0.1000    0.0008
   100        0.6866            -nan     0.1000    0.0008
   120        0.6402            -nan     0.1000   -0.0020
   140        0.5937            -nan     0.1000   -0.0006
   150        0.5784            -nan     0.1000   -0.0017

Iter   TrainDeviance   ValidDeviance   StepSize   Improve
     1        1.3022            -nan     0.1000    0.0205
     2        1.2709            -nan     0.1000    0.0134
     3        1.2336            -nan     0.1000    0.0108
     4        1.2028            -nan     0.1000    0.0106
     5        1.1789            -nan     0.1000    0.0063
     6        1.1605            -nan     0.1000    0.0020
     7        1.1439            -nan     0.1000    0.0013
     8        1.1253            -nan     0.1000    0.0036
     9        1.1080            -nan     0.1000    0.0039
    10        1.0867            -nan     0.1000    0.0046
    20        0.9454            -nan     0.1000    0.0019
    40        0.7801            -nan     0.1000   -0.0001
    60        0.6617            -nan     0.1000    0.0007
    80        0.5801            -nan     0.1000   -0.0026
   100        0.5132            -nan     0.1000   -0.0003
   120        0.4595            -nan     0.1000   -0.0021
   140        0.4191            -nan     0.1000   -0.0007
   150        0.3970            -nan     0.1000   -0.0009

Iter   TrainDeviance   ValidDeviance   StepSize   Improve
     1        1.3556            -nan     0.1000    0.0026
     2        1.3402            -nan     0.1000    0.0077
     3        1.3340            -nan     0.1000   -0.0014
     4        1.3214            -nan     0.1000    0.0055
     5        1.3102            -nan     0.1000    0.0038
     6        1.2985            -nan     0.1000    0.0046
     7        1.2891            -nan     0.1000    0.0033
     8        1.2806            -nan     0.1000    0.0028
     9        1.2702            -nan     0.1000    0.0018
    10        1.2616            -nan     0.1000    0.0009
    20        1.2020            -nan     0.1000   -0.0012
    40        1.1035            -nan     0.1000   -0.0008
    60        1.0408            -nan     0.1000    0.0001
    80        0.9835            -nan     0.1000   -0.0002
   100        0.9409            -nan     0.1000   -0.0001
   120        0.9017            -nan     0.1000   -0.0003
   140        0.8662            -nan     0.1000   -0.0012
   150        0.8534            -nan     0.1000   -0.0011

Iter   TrainDeviance   ValidDeviance   StepSize   Improve
     1        1.3394            -nan     0.1000    0.0138
     2        1.3074            -nan     0.1000    0.0137
     3        1.2817            -nan     0.1000    0.0080
     4        1.2665            -nan     0.1000    0.0039
     5        1.2487            -nan     0.1000    0.0049
     6        1.2290            -nan     0.1000    0.0034
     7        1.2125            -nan     0.1000    0.0008
     8        1.1980            -nan     0.1000    0.0056
     9        1.1875            -nan     0.1000    0.0016
    10        1.1679            -nan     0.1000    0.0054
    20        1.0696            -nan     0.1000    0.0027
    40        0.9236            -nan     0.1000   -0.0027
    60        0.8243            -nan     0.1000   -0.0005
    80        0.7527            -nan     0.1000   -0.0022
   100        0.6962            -nan     0.1000   -0.0026
   120        0.6493            -nan     0.1000   -0.0009
   140        0.6048            -nan     0.1000   -0.0010
   150        0.5816            -nan     0.1000   -0.0027

Iter   TrainDeviance   ValidDeviance   StepSize   Improve
     1        1.3493            -nan     0.1000    0.0033
     2        1.3203            -nan     0.1000    0.0089
     3        1.2970            -nan     0.1000    0.0081
     4        1.2699            -nan     0.1000    0.0066
     5        1.2480            -nan     0.1000    0.0081
     6        1.2282            -nan     0.1000   -0.0003
     7        1.2018            -nan     0.1000    0.0108
     8        1.1725            -nan     0.1000    0.0072
     9        1.1587            -nan     0.1000    0.0036
    10        1.1414            -nan     0.1000    0.0041
    20        0.9966            -nan     0.1000   -0.0001
    40        0.8218            -nan     0.1000   -0.0002
    60        0.7129            -nan     0.1000    0.0015
    80        0.6285            -nan     0.1000   -0.0006
   100        0.5722            -nan     0.1000   -0.0012
   120        0.5183            -nan     0.1000   -0.0028
   140        0.4702            -nan     0.1000   -0.0012
   150        0.4483            -nan     0.1000   -0.0014

Iter   TrainDeviance   ValidDeviance   StepSize   Improve
     1        1.3332            -nan     0.1000    0.0068
     2        1.3250            -nan     0.1000    0.0007
     3        1.3159            -nan     0.1000    0.0015
     4        1.3052            -nan     0.1000    0.0034
     5        1.2962            -nan     0.1000   -0.0002
     6        1.2874            -nan     0.1000    0.0022
     7        1.2735            -nan     0.1000    0.0052
     8        1.2624            -nan     0.1000    0.0047
     9        1.2511            -nan     0.1000    0.0038
    10        1.2408            -nan     0.1000    0.0016
    20        1.1669            -nan     0.1000   -0.0013
    40        1.0633            -nan     0.1000    0.0014
    60        0.9965            -nan     0.1000    0.0005
    80        0.9353            -nan     0.1000    0.0009
   100        0.8967            -nan     0.1000   -0.0001
   120        0.8627            -nan     0.1000   -0.0018
   140        0.8380            -nan     0.1000   -0.0008
   150        0.8273            -nan     0.1000   -0.0006

Iter   TrainDeviance   ValidDeviance   StepSize   Improve
     1        1.3188            -nan     0.1000    0.0083
     2        1.2849            -nan     0.1000    0.0064
     3        1.2576            -nan     0.1000    0.0088
     4        1.2400            -nan     0.1000    0.0044
     5        1.2223            -nan     0.1000    0.0037
     6        1.2046            -nan     0.1000    0.0067
     7        1.1879            -nan     0.1000    0.0024
     8        1.1738            -nan     0.1000    0.0039
     9        1.1555            -nan     0.1000    0.0043
    10        1.1429            -nan     0.1000   -0.0015
    20        1.0452            -nan     0.1000    0.0007
    40        0.8960            -nan     0.1000   -0.0010
    60        0.8083            -nan     0.1000   -0.0034
    80        0.7428            -nan     0.1000   -0.0002
   100        0.6888            -nan     0.1000   -0.0014
   120        0.6467            -nan     0.1000    0.0003
   140        0.6101            -nan     0.1000   -0.0012
   150        0.5944            -nan     0.1000   -0.0017

Iter   TrainDeviance   ValidDeviance   StepSize   Improve
     1        1.3096            -nan     0.1000    0.0130
     2        1.2718            -nan     0.1000    0.0158
     3        1.2397            -nan     0.1000    0.0113
     4        1.2153            -nan     0.1000    0.0096
     5        1.1937            -nan     0.1000    0.0042
     6        1.1702            -nan     0.1000    0.0081
     7        1.1480            -nan     0.1000    0.0075
     8        1.1298            -nan     0.1000    0.0049
     9        1.1085            -nan     0.1000    0.0059
    10        1.0908            -nan     0.1000    0.0050
    20        0.9570            -nan     0.1000    0.0004
    40        0.8024            -nan     0.1000   -0.0013
    60        0.7092            -nan     0.1000   -0.0014
    80        0.6282            -nan     0.1000   -0.0018
   100        0.5611            -nan     0.1000   -0.0017
   120        0.5082            -nan     0.1000   -0.0007
   140        0.4669            -nan     0.1000   -0.0015
   150        0.4489            -nan     0.1000   -0.0024

Iter   TrainDeviance   ValidDeviance   StepSize   Improve
     1        1.3419            -nan     0.1000    0.0047
     2        1.3279            -nan     0.1000    0.0033
     3        1.3203            -nan     0.1000    0.0011
     4        1.3050            -nan     0.1000    0.0046
     5        1.2925            -nan     0.1000    0.0039
     6        1.2824            -nan     0.1000   -0.0004
     7        1.2705            -nan     0.1000    0.0050
     8        1.2614            -nan     0.1000    0.0046
     9        1.2527            -nan     0.1000    0.0014
    10        1.2424            -nan     0.1000    0.0029
    20        1.1753            -nan     0.1000    0.0019
    40        1.0710            -nan     0.1000   -0.0023
    60        0.9958            -nan     0.1000   -0.0012
    80        0.9404            -nan     0.1000   -0.0009
   100        0.8918            -nan     0.1000   -0.0010
   120        0.8583            -nan     0.1000   -0.0000
   140        0.8267            -nan     0.1000   -0.0019
   150        0.8120            -nan     0.1000   -0.0013

Iter   TrainDeviance   ValidDeviance   StepSize   Improve
     1        1.3166            -nan     0.1000    0.0159
     2        1.2931            -nan     0.1000    0.0098
     3        1.2682            -nan     0.1000    0.0083
     4        1.2521            -nan     0.1000    0.0040
     5        1.2294            -nan     0.1000    0.0075
     6        1.2074            -nan     0.1000    0.0063
     7        1.1866            -nan     0.1000    0.0085
     8        1.1695            -nan     0.1000    0.0039
     9        1.1539            -nan     0.1000    0.0053
    10        1.1437            -nan     0.1000    0.0002
    20        1.0241            -nan     0.1000    0.0014
    40        0.8716            -nan     0.1000    0.0000
    60        0.7841            -nan     0.1000    0.0008
    80        0.7128            -nan     0.1000   -0.0002
   100        0.6531            -nan     0.1000   -0.0010
   120        0.6076            -nan     0.1000   -0.0007
   140        0.5680            -nan     0.1000   -0.0008
   150        0.5516            -nan     0.1000   -0.0005

Iter   TrainDeviance   ValidDeviance   StepSize   Improve
     1        1.3215            -nan     0.1000    0.0100
     2        1.2843            -nan     0.1000    0.0156
     3        1.2549            -nan     0.1000    0.0109
     4        1.2236            -nan     0.1000    0.0117
     5        1.2008            -nan     0.1000    0.0033
     6        1.1727            -nan     0.1000    0.0094
     7        1.1441            -nan     0.1000    0.0081
     8        1.1254            -nan     0.1000    0.0044
     9        1.1024            -nan     0.1000    0.0089
    10        1.0823            -nan     0.1000    0.0084
    20        0.9276            -nan     0.1000    0.0021
    40        0.7664            -nan     0.1000   -0.0035
    60        0.6567            -nan     0.1000   -0.0008
    80        0.5781            -nan     0.1000   -0.0021
   100        0.5176            -nan     0.1000    0.0005
   120        0.4631            -nan     0.1000   -0.0014
   140        0.4123            -nan     0.1000   -0.0022
   150        0.3943            -nan     0.1000   -0.0009

Iter   TrainDeviance   ValidDeviance   StepSize   Improve
     1        1.3534            -nan     0.1000    0.0059
     2        1.3400            -nan     0.1000    0.0036
     3        1.3306            -nan     0.1000    0.0009
     4        1.3207            -nan     0.1000    0.0025
     5        1.3105            -nan     0.1000    0.0026
     6        1.3012            -nan     0.1000    0.0028
     7        1.2925            -nan     0.1000    0.0011
     8        1.2819            -nan     0.1000    0.0024
     9        1.2749            -nan     0.1000   -0.0004
    10        1.2687            -nan     0.1000    0.0006
    20        1.1991            -nan     0.1000    0.0001
    40        1.1048            -nan     0.1000    0.0006
    60        1.0269            -nan     0.1000    0.0006
    80        0.9698            -nan     0.1000   -0.0004
   100        0.9242            -nan     0.1000   -0.0010
   120        0.8816            -nan     0.1000   -0.0000
   140        0.8394            -nan     0.1000   -0.0008
   150        0.8229            -nan     0.1000    0.0008

Iter   TrainDeviance   ValidDeviance   StepSize   Improve
     1        1.3334            -nan     0.1000    0.0111
     2        1.3107            -nan     0.1000    0.0115
     3        1.2877            -nan     0.1000    0.0080
     4        1.2738            -nan     0.1000    0.0045
     5        1.2572            -nan     0.1000    0.0044
     6        1.2419            -nan     0.1000    0.0034
     7        1.2161            -nan     0.1000    0.0084
     8        1.2063            -nan     0.1000   -0.0019
     9        1.1881            -nan     0.1000    0.0073
    10        1.1712            -nan     0.1000    0.0042
    20        1.0513            -nan     0.1000    0.0015
    40        0.8899            -nan     0.1000    0.0029
    60        0.7874            -nan     0.1000    0.0016
    80        0.7124            -nan     0.1000   -0.0011
   100        0.6463            -nan     0.1000   -0.0021
   120        0.6054            -nan     0.1000   -0.0004
   140        0.5648            -nan     0.1000   -0.0018
   150        0.5447            -nan     0.1000   -0.0010

Iter   TrainDeviance   ValidDeviance   StepSize   Improve
     1        1.3379            -nan     0.1000    0.0080
     2        1.3076            -nan     0.1000    0.0090
     3        1.2695            -nan     0.1000    0.0154
     4        1.2467            -nan     0.1000    0.0078
     5        1.2283            -nan     0.1000    0.0007
     6        1.1963            -nan     0.1000    0.0133
     7        1.1720            -nan     0.1000    0.0035
     8        1.1523            -nan     0.1000    0.0067
     9        1.1315            -nan     0.1000    0.0074
    10        1.1181            -nan     0.1000    0.0021
    20        0.9632            -nan     0.1000    0.0046
    40        0.7737            -nan     0.1000    0.0020
    60        0.6392            -nan     0.1000    0.0004
    80        0.5605            -nan     0.1000   -0.0016
   100        0.4959            -nan     0.1000   -0.0005
   120        0.4375            -nan     0.1000   -0.0014
   140        0.3834            -nan     0.1000   -0.0018
   150        0.3646            -nan     0.1000   -0.0006

Iter   TrainDeviance   ValidDeviance   StepSize   Improve
     1        1.3312            -nan     0.1000    0.0040
     2        1.3158            -nan     0.1000    0.0064
     3        1.3023            -nan     0.1000    0.0039
     4        1.2920            -nan     0.1000    0.0040
     5        1.2816            -nan     0.1000    0.0020
     6        1.2695            -nan     0.1000    0.0042
     7        1.2588            -nan     0.1000    0.0029
     8        1.2493            -nan     0.1000    0.0025
     9        1.2444            -nan     0.1000   -0.0021
    10        1.2344            -nan     0.1000    0.0018
    20        1.1573            -nan     0.1000    0.0008
    40        1.0524            -nan     0.1000   -0.0004
    60        0.9817            -nan     0.1000   -0.0001
    80        0.9272            -nan     0.1000   -0.0002
   100        0.8891            -nan     0.1000   -0.0015
   120        0.8549            -nan     0.1000   -0.0015
   140        0.8239            -nan     0.1000   -0.0010
   150        0.8121            -nan     0.1000   -0.0010

Iter   TrainDeviance   ValidDeviance   StepSize   Improve
     1        1.3188            -nan     0.1000    0.0072
     2        1.2966            -nan     0.1000    0.0088
     3        1.2734            -nan     0.1000    0.0078
     4        1.2551            -nan     0.1000    0.0047
     5        1.2355            -nan     0.1000    0.0074
     6        1.2198            -nan     0.1000    0.0062
     7        1.2086            -nan     0.1000    0.0024
     8        1.1876            -nan     0.1000    0.0089
     9        1.1718            -nan     0.1000    0.0062
    10        1.1558            -nan     0.1000    0.0047
    20        1.0258            -nan     0.1000    0.0019
    40        0.8984            -nan     0.1000    0.0020
    60        0.8119            -nan     0.1000   -0.0036
    80        0.7429            -nan     0.1000   -0.0006
   100        0.6911            -nan     0.1000   -0.0025
   120        0.6494            -nan     0.1000   -0.0016
   140        0.6092            -nan     0.1000   -0.0014
   150        0.5890            -nan     0.1000   -0.0021

Iter   TrainDeviance   ValidDeviance   StepSize   Improve
     1        1.3080            -nan     0.1000    0.0071
     2        1.2742            -nan     0.1000    0.0148
     3        1.2421            -nan     0.1000    0.0083
     4        1.2197            -nan     0.1000    0.0069
     5        1.1892            -nan     0.1000    0.0091
     6        1.1658            -nan     0.1000    0.0077
     7        1.1463            -nan     0.1000    0.0031
     8        1.1215            -nan     0.1000    0.0103
     9        1.1020            -nan     0.1000    0.0035
    10        1.0833            -nan     0.1000    0.0066
    20        0.9410            -nan     0.1000    0.0036
    40        0.7807            -nan     0.1000   -0.0014
    60        0.6745            -nan     0.1000   -0.0019
    80        0.6083            -nan     0.1000   -0.0036
   100        0.5536            -nan     0.1000   -0.0029
   120        0.5009            -nan     0.1000   -0.0020
   140        0.4496            -nan     0.1000   -0.0024
   150        0.4291            -nan     0.1000   -0.0001

Iter   TrainDeviance   ValidDeviance   StepSize   Improve
     1        1.3312            -nan     0.1000    0.0112
     2        1.2980            -nan     0.1000    0.0133
     3        1.2742            -nan     0.1000    0.0048
     4        1.2578            -nan     0.1000    0.0039
     5        1.2388            -nan     0.1000    0.0031
     6        1.2163            -nan     0.1000    0.0077
     7        1.1999            -nan     0.1000    0.0019
     8        1.1831            -nan     0.1000    0.0033
     9        1.1609            -nan     0.1000    0.0055
    10        1.1437            -nan     0.1000    0.0012
    20        1.0271            -nan     0.1000   -0.0012
    40        0.8890            -nan     0.1000   -0.0013
    60        0.8055            -nan     0.1000   -0.0047
    80        0.7445            -nan     0.1000   -0.0018
   100        0.6976            -nan     0.1000   -0.0012
   120        0.6514            -nan     0.1000   -0.0017
   140        0.6091            -nan     0.1000   -0.0024
   150        0.5882            -nan     0.1000   -0.0045

TRAINING SUCCESSFUL
The most important attribute: sgpt (for technique: gbm)
________________
Dataset: liver-disorders 
Technique: gcvEarth 
Probability table:

        1         2 
0.4202899 0.5797101 
BEGIN TRAINING
TRAINING SUCCESSFUL
The most important attribute: sgpt (for technique: gcvEarth)
________________
Dataset: liver-disorders 
Technique: JRip 
Probability table:

        1         2 
0.4202899 0.5797101 
BEGIN TRAINING
TRAINING SUCCESSFUL
The most important attribute: gammagt (for technique: JRip)
________________
Dataset: liver-disorders 
Technique: lvq 
Probability table:

        1         2 
0.4202899 0.5797101 
BEGIN TRAINING
TRAINING SUCCESSFUL
The most important attribute: alkphos (for technique: lvq)
________________
Dataset: liver-disorders 
Technique: mlpML 
Probability table:

        1         2 
0.4202899 0.5797101 
BEGIN TRAINING
TRAINING SUCCESSFUL
The most important attribute: sgpt (for technique: mlpML)
________________
Dataset: liver-disorders 
Technique: multinom 
Probability table:

        1         2 
0.4202899 0.5797101 
BEGIN TRAINING
# weights:  8 (7 variable)
initial  value 239.135777 
iter  10 value 206.169306
final  value 205.505029 
converged
TRAINING SUCCESSFUL
The most important attribute: sgot (for technique: multinom)
________________
Dataset: liver-disorders 
Technique: naive_bayes 
Probability table:

        1         2 
0.4202899 0.5797101 
BEGIN TRAINING
TRAINING SUCCESSFUL
The most important attribute: gammagt (for technique: naive_bayes)
________________
Dataset: liver-disorders 
Technique: PART 
Probability table:

        1         2 
0.4202899 0.5797101 
BEGIN TRAINING
TRAINING SUCCESSFUL
The most important attribute: gammagt (for technique: PART)
________________
Dataset: liver-disorders 
Technique: rbfDDA 
Probability table:

        1         2 
0.4202899 0.5797101 
BEGIN TRAINING
TRAINING SUCCESSFUL
The most important attribute: alkphos (for technique: rbfDDA)
________________
Dataset: liver-disorders 
Technique: rda 
Probability table:

        1         2 
0.4202899 0.5797101 
BEGIN TRAINING
TRAINING SUCCESSFUL
The most important attribute: sgpt (for technique: rda)
________________
Dataset: liver-disorders 
Technique: rf 
Probability table:

        1         2 
0.4202899 0.5797101 
BEGIN TRAINING
TRAINING SUCCESSFUL
The most important attribute: gammagt (for technique: rf)
________________
Dataset: liver-disorders 
Technique: rpart 
Probability table:

        1         2 
0.4202899 0.5797101 
BEGIN TRAINING
TRAINING SUCCESSFUL
The most important attribute: gammagt (for technique: rpart)
________________
Dataset: liver-disorders 
Technique: simpls 
Probability table:

        1         2 
0.4202899 0.5797101 
BEGIN TRAINING
TRAINING SUCCESSFUL
The most important attribute: sgpt (for technique: simpls)
________________
Dataset: liver-disorders 
Technique: svmLinear 
Probability table:

        1         2 
0.4202899 0.5797101 
BEGIN TRAINING
TRAINING SUCCESSFUL
The most important attribute: sgpt (for technique: svmLinear)
________________
Dataset: liver-disorders 
Technique: svmRadial 
Probability table:

        1         2 
0.4202899 0.5797101 
BEGIN TRAINING
TRAINING SUCCESSFUL
The most important attribute: sgpt (for technique: svmRadial)
________________
Dataset: liver-disorders 
Technique: rfRules 
Probability table:

        1         2 
0.4202899 0.5797101 
BEGIN TRAINING
Registered S3 method overwritten by 'RRF':
  method      from        
  plot.margin randomForest
1967 rules (length<=2) were extracted from the first 500 trees.
3866 rules (length<=3) were extracted from the first 500 trees.
6927 rules (length<=4) were extracted from the first 500 trees.
1956 rules (length<=2) were extracted from the first 500 trees.
3766 rules (length<=3) were extracted from the first 500 trees.
6703 rules (length<=4) were extracted from the first 500 trees.
1961 rules (length<=2) were extracted from the first 500 trees.
3684 rules (length<=3) were extracted from the first 500 trees.
6378 rules (length<=4) were extracted from the first 500 trees.
1948 rules (length<=2) were extracted from the first 500 trees.
3777 rules (length<=3) were extracted from the first 500 trees.
7069 rules (length<=4) were extracted from the first 500 trees.
1958 rules (length<=2) were extracted from the first 500 trees.
3689 rules (length<=3) were extracted from the first 500 trees.
6453 rules (length<=4) were extracted from the first 500 trees.
1942 rules (length<=2) were extracted from the first 500 trees.
3704 rules (length<=3) were extracted from the first 500 trees.
6696 rules (length<=4) were extracted from the first 500 trees.
1962 rules (length<=2) were extracted from the first 500 trees.
3720 rules (length<=3) were extracted from the first 500 trees.
6825 rules (length<=4) were extracted from the first 500 trees.
1967 rules (length<=2) were extracted from the first 500 trees.
3819 rules (length<=3) were extracted from the first 500 trees.
6656 rules (length<=4) were extracted from the first 500 trees.
1965 rules (length<=2) were extracted from the first 500 trees.
3673 rules (length<=3) were extracted from the first 500 trees.
6367 rules (length<=4) were extracted from the first 500 trees.
1895 rules (length<=2) were extracted from the first 500 trees.
3466 rules (length<=3) were extracted from the first 500 trees.
5776 rules (length<=4) were extracted from the first 500 trees.
1991 rules (length<=2) were extracted from the first 500 trees.
3830 rules (length<=3) were extracted from the first 500 trees.
6815 rules (length<=4) were extracted from the first 500 trees.
1977 rules (length<=2) were extracted from the first 500 trees.
3833 rules (length<=3) were extracted from the first 500 trees.
6898 rules (length<=4) were extracted from the first 500 trees.
1941 rules (length<=2) were extracted from the first 500 trees.
3522 rules (length<=3) were extracted from the first 500 trees.
5830 rules (length<=4) were extracted from the first 500 trees.
1938 rules (length<=2) were extracted from the first 500 trees.
3658 rules (length<=3) were extracted from the first 500 trees.
6248 rules (length<=4) were extracted from the first 500 trees.
1986 rules (length<=2) were extracted from the first 500 trees.
3878 rules (length<=3) were extracted from the first 500 trees.
7019 rules (length<=4) were extracted from the first 500 trees.
1970 rules (length<=2) were extracted from the first 500 trees.
3807 rules (length<=3) were extracted from the first 500 trees.
6855 rules (length<=4) were extracted from the first 500 trees.
1930 rules (length<=2) were extracted from the first 500 trees.
3644 rules (length<=3) were extracted from the first 500 trees.
6472 rules (length<=4) were extracted from the first 500 trees.
1945 rules (length<=2) were extracted from the first 500 trees.
3627 rules (length<=3) were extracted from the first 500 trees.
6136 rules (length<=4) were extracted from the first 500 trees.
1950 rules (length<=2) were extracted from the first 500 trees.
3750 rules (length<=3) were extracted from the first 500 trees.
6608 rules (length<=4) were extracted from the first 500 trees.
1989 rules (length<=2) were extracted from the first 500 trees.
3849 rules (length<=3) were extracted from the first 500 trees.
6941 rules (length<=4) were extracted from the first 500 trees.
1938 rules (length<=2) were extracted from the first 500 trees.
3821 rules (length<=3) were extracted from the first 500 trees.
7036 rules (length<=4) were extracted from the first 500 trees.
1984 rules (length<=2) were extracted from the first 500 trees.
3837 rules (length<=3) were extracted from the first 500 trees.
6838 rules (length<=4) were extracted from the first 500 trees.
1985 rules (length<=2) were extracted from the first 500 trees.
3856 rules (length<=3) were extracted from the first 500 trees.
7032 rules (length<=4) were extracted from the first 500 trees.
1951 rules (length<=2) were extracted from the first 500 trees.
3592 rules (length<=3) were extracted from the first 500 trees.
6019 rules (length<=4) were extracted from the first 500 trees.
1947 rules (length<=2) were extracted from the first 500 trees.
3720 rules (length<=3) were extracted from the first 500 trees.
6302 rules (length<=4) were extracted from the first 500 trees.
3804 rules (length<=3) were extracted from the first 500 trees.
TRAINING SUCCESSFUL
The most important attribute: sgpt (for technique: rfRules)
________________
Dataset: liver-disorders 
Technique: knn 
Probability table:

        1         2 
0.4202899 0.5797101 
BEGIN TRAINING
TRAINING SUCCESSFUL
The most important attribute: sgpt (for technique: knn)
________________
Dataset: liver-disorders 
Technique: bayesglm 
Probability table:

        1         2 
0.4202899 0.5797101 
BEGIN TRAINING
TRAINING SUCCESSFUL
The most important attribute: sgot (for technique: bayesglm)
________________
Most important attribute obtained with all techniques
----------------
There were 50 or more warnings (use warnings() to see the first 50)
****************
RESULTS RECORDED
****************
