Current working directory: /home/chris/github/kappa-threshold 
parameters.csv exists: TRUE 
parameters.csv absolute path: /home/chris/github/kappa-threshold/data/files/parameters.csv 
Dataset: mfeat-karhunen 
Technique: C5.0 
Probability table:

  1   2   3   4   5   6   7   8   9  10 
0.1 0.1 0.1 0.1 0.1 0.1 0.1 0.1 0.1 0.1 
BEGIN TRAINING
TRAINING SUCCESSFUL
The most important attribute: att1 (for technique: C5.0)
________________
Dataset: mfeat-karhunen 
Technique: ctree 
Probability table:

  1   2   3   4   5   6   7   8   9  10 
0.1 0.1 0.1 0.1 0.1 0.1 0.1 0.1 0.1 0.1 
BEGIN TRAINING
TRAINING SUCCESSFUL
The most important attribute: att1 (for technique: ctree)
________________
Dataset: mfeat-karhunen 
Technique: fda 
Probability table:

  1   2   3   4   5   6   7   8   9  10 
0.1 0.1 0.1 0.1 0.1 0.1 0.1 0.1 0.1 0.1 
BEGIN TRAINING
TRAINING SUCCESSFUL
The most important attribute: att1 (for technique: fda)
________________
Dataset: mfeat-karhunen 
Technique: gbm 
Probability table:

  1   2   3   4   5   6   7   8   9  10 
0.1 0.1 0.1 0.1 0.1 0.1 0.1 0.1 0.1 0.1 
BEGIN TRAINING
Iter   TrainDeviance   ValidDeviance   StepSize   Improve
     1        2.3026            -nan     0.1000    0.4610
     2        2.0257            -nan     0.1000    0.2977
     3        1.8466            -nan     0.1000    0.2226
     4        1.7132            -nan     0.1000    0.1521
     5        1.6157            -nan     0.1000    0.1644
     6        1.5188            -nan     0.1000    0.1169
     7        1.4436            -nan     0.1000    0.1026
     8        1.3737            -nan     0.1000    0.0934
     9        1.3151            -nan     0.1000    0.0959
    10        1.2493            -nan     0.1000    0.0845
    20        0.8429            -nan     0.1000    0.0335
    40        0.4983            -nan     0.1000    0.0116
    60        0.3362            -nan     0.1000    0.0045
    80        0.2412            -nan     0.1000    0.0014
   100        0.1795            -nan     0.1000    0.0014
   120        0.1378            -nan     0.1000    0.0003
   140        0.1096            -nan     0.1000    0.0007
   150        0.0976            -nan     0.1000    0.0002

Iter   TrainDeviance   ValidDeviance   StepSize   Improve
     1        2.3026            -nan     0.1000    0.7124
     2        1.8636            -nan     0.1000    0.3751
     3        1.6288            -nan     0.1000    0.3108
     4        1.4430            -nan     0.1000    0.2415
     5        1.3024            -nan     0.1000    0.1997
     6        1.1792            -nan     0.1000    0.1739
     7        1.0752            -nan     0.1000    0.1297
     8        0.9922            -nan     0.1000    0.1063
     9        0.9219            -nan     0.1000    0.0907
    10        0.8562            -nan     0.1000    0.0872
    20        0.4857            -nan     0.1000    0.0307
    40        0.2308            -nan     0.1000    0.0054
    60        0.1324            -nan     0.1000    0.0022
    80        0.0805            -nan     0.1000    0.0010
   100        0.0520            -nan     0.1000    0.0002
   120        0.0346            -nan     0.1000    0.0002
   140        0.0227            -nan     0.1000    0.0000
   150        0.0191            -nan     0.1000    0.0001

Iter   TrainDeviance   ValidDeviance   StepSize   Improve
     1        2.3026            -nan     0.1000    0.7990
     2        1.7967            -nan     0.1000    0.4389
     3        1.5269            -nan     0.1000    0.3062
     4        1.3419            -nan     0.1000    0.2185
     5        1.1995            -nan     0.1000    0.2103
     6        1.0711            -nan     0.1000    0.1639
     7        0.9689            -nan     0.1000    0.1459
     8        0.8733            -nan     0.1000    0.1144
     9        0.7967            -nan     0.1000    0.1006
    10        0.7295            -nan     0.1000    0.0895
    20        0.3632            -nan     0.1000    0.0197
    40        0.1430            -nan     0.1000    0.0051
    60        0.0695            -nan     0.1000    0.0008
    80        0.0378            -nan     0.1000    0.0003
   100        0.0212            -nan     0.1000    0.0003
   120        0.0122            -nan     0.1000    0.0002
   140        0.0069            -nan     0.1000    0.0001
   150        0.0053            -nan     0.1000    0.0000

Iter   TrainDeviance   ValidDeviance   StepSize   Improve
     1        2.3026            -nan     0.1000    0.4787
     2        2.0159            -nan     0.1000    0.2955
     3        1.8383            -nan     0.1000    0.2054
     4        1.7106            -nan     0.1000    0.1815
     5        1.5985            -nan     0.1000    0.1596
     6        1.4993            -nan     0.1000    0.1218
     7        1.4224            -nan     0.1000    0.1043
     8        1.3546            -nan     0.1000    0.0978
     9        1.2900            -nan     0.1000    0.0760
    10        1.2357            -nan     0.1000    0.0897
    20        0.8340            -nan     0.1000    0.0283
    40        0.4890            -nan     0.1000    0.0085
    60        0.3262            -nan     0.1000    0.0028
    80        0.2380            -nan     0.1000    0.0020
   100        0.1748            -nan     0.1000    0.0010
   120        0.1323            -nan     0.1000    0.0006
   140        0.1033            -nan     0.1000   -0.0006
   150        0.0919            -nan     0.1000    0.0002

Iter   TrainDeviance   ValidDeviance   StepSize   Improve
     1        2.3026            -nan     0.1000    0.7810
     2        1.8230            -nan     0.1000    0.3961
     3        1.5783            -nan     0.1000    0.2746
     4        1.4132            -nan     0.1000    0.2105
     5        1.2820            -nan     0.1000    0.1804
     6        1.1723            -nan     0.1000    0.1473
     7        1.0796            -nan     0.1000    0.1238
     8        1.0008            -nan     0.1000    0.1153
     9        0.9244            -nan     0.1000    0.1038
    10        0.8591            -nan     0.1000    0.0883
    20        0.4821            -nan     0.1000    0.0265
    40        0.2266            -nan     0.1000    0.0064
    60        0.1270            -nan     0.1000    0.0032
    80        0.0764            -nan     0.1000    0.0010
   100        0.0487            -nan     0.1000    0.0002
   120        0.0320            -nan     0.1000    0.0002
   140        0.0212            -nan     0.1000    0.0003
   150        0.0173            -nan     0.1000    0.0000

Iter   TrainDeviance   ValidDeviance   StepSize   Improve
     1        2.3026            -nan     0.1000    0.9002
     2        1.7482            -nan     0.1000    0.4354
     3        1.4810            -nan     0.1000    0.3398
     4        1.2777            -nan     0.1000    0.2166
     5        1.1454            -nan     0.1000    0.1853
     6        1.0296            -nan     0.1000    0.1534
     7        0.9349            -nan     0.1000    0.1363
     8        0.8479            -nan     0.1000    0.1047
     9        0.7785            -nan     0.1000    0.1013
    10        0.7132            -nan     0.1000    0.0888
    20        0.3550            -nan     0.1000    0.0233
    40        0.1385            -nan     0.1000    0.0047
    60        0.0653            -nan     0.1000    0.0015
    80        0.0336            -nan     0.1000    0.0003
   100        0.0183            -nan     0.1000    0.0002
   120        0.0103            -nan     0.1000    0.0001
   140        0.0059            -nan     0.1000   -0.0000
   150        0.0045            -nan     0.1000    0.0000

Iter   TrainDeviance   ValidDeviance   StepSize   Improve
     1        2.3026            -nan     0.1000    0.4642
     2        2.0272            -nan     0.1000    0.2856
     3        1.8588            -nan     0.1000    0.2148
     4        1.7242            -nan     0.1000    0.1743
     5        1.6149            -nan     0.1000    0.1535
     6        1.5164            -nan     0.1000    0.1274
     7        1.4384            -nan     0.1000    0.1307
     8        1.3599            -nan     0.1000    0.1130
     9        1.2939            -nan     0.1000    0.0801
    10        1.2378            -nan     0.1000    0.0800
    20        0.8381            -nan     0.1000    0.0278
    40        0.4993            -nan     0.1000    0.0155
    60        0.3365            -nan     0.1000    0.0025
    80        0.2411            -nan     0.1000    0.0018
   100        0.1760            -nan     0.1000    0.0006
   120        0.1328            -nan     0.1000   -0.0001
   140        0.1028            -nan     0.1000    0.0004
   150        0.0921            -nan     0.1000    0.0002

Iter   TrainDeviance   ValidDeviance   StepSize   Improve
     1        2.3026            -nan     0.1000    0.7414
     2        1.8372            -nan     0.1000    0.4001
     3        1.5948            -nan     0.1000    0.2867
     4        1.4206            -nan     0.1000    0.2063
     5        1.2887            -nan     0.1000    0.1709
     6        1.1832            -nan     0.1000    0.1562
     7        1.0881            -nan     0.1000    0.1301
     8        1.0047            -nan     0.1000    0.1042
     9        0.9365            -nan     0.1000    0.1016
    10        0.8746            -nan     0.1000    0.0843
    20        0.4994            -nan     0.1000    0.0244
    40        0.2312            -nan     0.1000    0.0031
    60        0.1321            -nan     0.1000    0.0025
    80        0.0817            -nan     0.1000    0.0013
   100        0.0531            -nan     0.1000    0.0005
   120        0.0351            -nan     0.1000    0.0004
   140        0.0235            -nan     0.1000    0.0003
   150        0.0193            -nan     0.1000    0.0001

Iter   TrainDeviance   ValidDeviance   StepSize   Improve
     1        2.3026            -nan     0.1000    0.9075
     2        1.7455            -nan     0.1000    0.4074
     3        1.4893            -nan     0.1000    0.3009
     4        1.3044            -nan     0.1000    0.2612
     5        1.1445            -nan     0.1000    0.1815
     6        1.0324            -nan     0.1000    0.1593
     7        0.9302            -nan     0.1000    0.1149
     8        0.8575            -nan     0.1000    0.1057
     9        0.7841            -nan     0.1000    0.0882
    10        0.7248            -nan     0.1000    0.0832
    20        0.3686            -nan     0.1000    0.0214
    40        0.1431            -nan     0.1000    0.0059
    60        0.0680            -nan     0.1000    0.0022
    80        0.0355            -nan     0.1000    0.0004
   100        0.0198            -nan     0.1000    0.0005
   120        0.0114            -nan     0.1000    0.0002
   140        0.0065            -nan     0.1000    0.0000
   150        0.0050            -nan     0.1000    0.0001

Iter   TrainDeviance   ValidDeviance   StepSize   Improve
     1        2.3026            -nan     0.1000    0.4625
     2        2.0308            -nan     0.1000    0.2790
     3        1.8588            -nan     0.1000    0.2097
     4        1.7257            -nan     0.1000    0.1741
     5        1.6149            -nan     0.1000    0.1568
     6        1.5201            -nan     0.1000    0.1363
     7        1.4328            -nan     0.1000    0.1082
     8        1.3640            -nan     0.1000    0.1223
     9        1.2910            -nan     0.1000    0.0950
    10        1.2323            -nan     0.1000    0.0880
    20        0.8290            -nan     0.1000    0.0363
    40        0.4907            -nan     0.1000    0.0100
    60        0.3361            -nan     0.1000    0.0038
    80        0.2455            -nan     0.1000    0.0011
   100        0.1887            -nan     0.1000    0.0024
   120        0.1428            -nan     0.1000    0.0010
   140        0.1103            -nan     0.1000    0.0003
   150        0.0963            -nan     0.1000   -0.0000

Iter   TrainDeviance   ValidDeviance   StepSize   Improve
     1        2.3026            -nan     0.1000    0.7143
     2        1.8571            -nan     0.1000    0.4200
     3        1.6090            -nan     0.1000    0.3022
     4        1.4244            -nan     0.1000    0.2177
     5        1.2952            -nan     0.1000    0.1843
     6        1.1851            -nan     0.1000    0.1478
     7        1.0957            -nan     0.1000    0.1256
     8        1.0179            -nan     0.1000    0.1143
     9        0.9443            -nan     0.1000    0.0927
    10        0.8812            -nan     0.1000    0.0970
    20        0.5019            -nan     0.1000    0.0219
    40        0.2424            -nan     0.1000    0.0070
    60        0.1359            -nan     0.1000    0.0029
    80        0.0829            -nan     0.1000    0.0015
   100        0.0515            -nan     0.1000    0.0006
   120        0.0338            -nan     0.1000    0.0001
   140        0.0220            -nan     0.1000    0.0001
   150        0.0180            -nan     0.1000    0.0001

Iter   TrainDeviance   ValidDeviance   StepSize   Improve
     1        2.3026            -nan     0.1000    0.7881
     2        1.8054            -nan     0.1000    0.4843
     3        1.5123            -nan     0.1000    0.3145
     4        1.3207            -nan     0.1000    0.2449
     5        1.1734            -nan     0.1000    0.1899
     6        1.0559            -nan     0.1000    0.1577
     7        0.9554            -nan     0.1000    0.1355
     8        0.8721            -nan     0.1000    0.1255
     9        0.7918            -nan     0.1000    0.0961
    10        0.7270            -nan     0.1000    0.0758
    20        0.3640            -nan     0.1000    0.0156
    40        0.1460            -nan     0.1000    0.0062
    60        0.0693            -nan     0.1000    0.0008
    80        0.0360            -nan     0.1000    0.0008
   100        0.0207            -nan     0.1000    0.0005
   120        0.0116            -nan     0.1000    0.0003
   140        0.0067            -nan     0.1000    0.0000
   150        0.0052            -nan     0.1000    0.0001

Iter   TrainDeviance   ValidDeviance   StepSize   Improve
     1        2.3026            -nan     0.1000    0.4590
     2        2.0226            -nan     0.1000    0.2637
     3        1.8627            -nan     0.1000    0.2229
     4        1.7250            -nan     0.1000    0.1712
     5        1.6190            -nan     0.1000    0.1445
     6        1.5294            -nan     0.1000    0.1325
     7        1.4500            -nan     0.1000    0.1125
     8        1.3806            -nan     0.1000    0.0989
     9        1.3148            -nan     0.1000    0.0895
    10        1.2581            -nan     0.1000    0.0793
    20        0.8635            -nan     0.1000    0.0357
    40        0.5012            -nan     0.1000    0.0137
    60        0.3355            -nan     0.1000    0.0065
    80        0.2432            -nan     0.1000    0.0014
   100        0.1820            -nan     0.1000   -0.0001
   120        0.1377            -nan     0.1000   -0.0007
   140        0.1072            -nan     0.1000   -0.0001
   150        0.0956            -nan     0.1000   -0.0002

Iter   TrainDeviance   ValidDeviance   StepSize   Improve
     1        2.3026            -nan     0.1000    0.7201
     2        1.8593            -nan     0.1000    0.4073
     3        1.6114            -nan     0.1000    0.2824
     4        1.4390            -nan     0.1000    0.2217
     5        1.3038            -nan     0.1000    0.1731
     6        1.1959            -nan     0.1000    0.1691
     7        1.0946            -nan     0.1000    0.1177
     8        1.0183            -nan     0.1000    0.0952
     9        0.9531            -nan     0.1000    0.0922
    10        0.8921            -nan     0.1000    0.0880
    20        0.5080            -nan     0.1000    0.0296
    40        0.2445            -nan     0.1000    0.0071
    60        0.1376            -nan     0.1000    0.0034
    80        0.0834            -nan     0.1000    0.0014
   100        0.0524            -nan     0.1000    0.0005
   120        0.0345            -nan     0.1000    0.0005
   140        0.0232            -nan     0.1000    0.0001
   150        0.0192            -nan     0.1000    0.0001

Iter   TrainDeviance   ValidDeviance   StepSize   Improve
     1        2.3026            -nan     0.1000    0.8448
     2        1.7803            -nan     0.1000    0.4224
     3        1.5221            -nan     0.1000    0.3047
     4        1.3392            -nan     0.1000    0.2286
     5        1.1974            -nan     0.1000    0.1922
     6        1.0813            -nan     0.1000    0.1655
     7        0.9729            -nan     0.1000    0.1328
     8        0.8910            -nan     0.1000    0.1212
     9        0.8123            -nan     0.1000    0.0925
    10        0.7471            -nan     0.1000    0.0916
    20        0.3868            -nan     0.1000    0.0230
    40        0.1513            -nan     0.1000    0.0038
    60        0.0704            -nan     0.1000    0.0012
    80        0.0364            -nan     0.1000    0.0007
   100        0.0207            -nan     0.1000    0.0000
   120        0.0115            -nan     0.1000    0.0001
   140        0.0067            -nan     0.1000    0.0001
   150        0.0051            -nan     0.1000    0.0001

Iter   TrainDeviance   ValidDeviance   StepSize   Improve
     1        2.3026            -nan     0.1000    0.4703
     2        2.0274            -nan     0.1000    0.3143
     3        1.8426            -nan     0.1000    0.2147
     4        1.7149            -nan     0.1000    0.1745
     5        1.6037            -nan     0.1000    0.1413
     6        1.5164            -nan     0.1000    0.1211
     7        1.4418            -nan     0.1000    0.1229
     8        1.3669            -nan     0.1000    0.1004
     9        1.3019            -nan     0.1000    0.0938
    10        1.2415            -nan     0.1000    0.0934
    20        0.8489            -nan     0.1000    0.0427
    40        0.4938            -nan     0.1000    0.0096
    60        0.3335            -nan     0.1000    0.0048
    80        0.2441            -nan     0.1000    0.0026
   100        0.1780            -nan     0.1000    0.0011
   120        0.1341            -nan     0.1000    0.0002
   140        0.1047            -nan     0.1000   -0.0003
   150        0.0937            -nan     0.1000    0.0004

Iter   TrainDeviance   ValidDeviance   StepSize   Improve
     1        2.3026            -nan     0.1000    0.6947
     2        1.8751            -nan     0.1000    0.4245
     3        1.6228            -nan     0.1000    0.3222
     4        1.4309            -nan     0.1000    0.2360
     5        1.2906            -nan     0.1000    0.1853
     6        1.1783            -nan     0.1000    0.1523
     7        1.0819            -nan     0.1000    0.1231
     8        1.0032            -nan     0.1000    0.1226
     9        0.9237            -nan     0.1000    0.1016
    10        0.8583            -nan     0.1000    0.0836
    20        0.4853            -nan     0.1000    0.0248
    40        0.2281            -nan     0.1000    0.0052
    60        0.1284            -nan     0.1000    0.0024
    80        0.0796            -nan     0.1000    0.0009
   100        0.0505            -nan     0.1000    0.0004
   120        0.0332            -nan     0.1000    0.0003
   140        0.0222            -nan     0.1000    0.0001
   150        0.0187            -nan     0.1000    0.0003

Iter   TrainDeviance   ValidDeviance   StepSize   Improve
     1        2.3026            -nan     0.1000    0.8678
     2        1.7618            -nan     0.1000    0.3937
     3        1.5140            -nan     0.1000    0.3095
     4        1.3221            -nan     0.1000    0.2547
     5        1.1674            -nan     0.1000    0.1684
     6        1.0604            -nan     0.1000    0.1543
     7        0.9622            -nan     0.1000    0.1366
     8        0.8723            -nan     0.1000    0.1008
     9        0.8044            -nan     0.1000    0.0989
    10        0.7385            -nan     0.1000    0.0888
    20        0.3656            -nan     0.1000    0.0282
    40        0.1405            -nan     0.1000    0.0045
    60        0.0695            -nan     0.1000    0.0016
    80        0.0373            -nan     0.1000    0.0006
   100        0.0208            -nan     0.1000    0.0004
   120        0.0123            -nan     0.1000    0.0001
   140        0.0071            -nan     0.1000    0.0000
   150        0.0055            -nan     0.1000    0.0001

Iter   TrainDeviance   ValidDeviance   StepSize   Improve
     1        2.3026            -nan     0.1000    0.4745
     2        2.0251            -nan     0.1000    0.3064
     3        1.8436            -nan     0.1000    0.2274
     4        1.7092            -nan     0.1000    0.1699
     5        1.6047            -nan     0.1000    0.1169
     6        1.5283            -nan     0.1000    0.1262
     7        1.4444            -nan     0.1000    0.1241
     8        1.3687            -nan     0.1000    0.1131
     9        1.2979            -nan     0.1000    0.0905
    10        1.2411            -nan     0.1000    0.0912
    20        0.8396            -nan     0.1000    0.0373
    40        0.4836            -nan     0.1000    0.0151
    60        0.3262            -nan     0.1000    0.0040
    80        0.2315            -nan     0.1000    0.0022
   100        0.1730            -nan     0.1000    0.0012
   120        0.1321            -nan     0.1000    0.0002
   140        0.1042            -nan     0.1000   -0.0001
   150        0.0936            -nan     0.1000    0.0005

Iter   TrainDeviance   ValidDeviance   StepSize   Improve
     1        2.3026            -nan     0.1000    0.7613
     2        1.8363            -nan     0.1000    0.3927
     3        1.5981            -nan     0.1000    0.3384
     4        1.3981            -nan     0.1000    0.2255
     5        1.2649            -nan     0.1000    0.1829
     6        1.1501            -nan     0.1000    0.1380
     7        1.0641            -nan     0.1000    0.1398
     8        0.9790            -nan     0.1000    0.1104
     9        0.9070            -nan     0.1000    0.0919
    10        0.8490            -nan     0.1000    0.0878
    20        0.4705            -nan     0.1000    0.0322
    40        0.2253            -nan     0.1000    0.0108
    60        0.1268            -nan     0.1000    0.0019
    80        0.0774            -nan     0.1000    0.0006
   100        0.0497            -nan     0.1000   -0.0002
   120        0.0334            -nan     0.1000    0.0004
   140        0.0227            -nan     0.1000    0.0002
   150        0.0185            -nan     0.1000    0.0000

Iter   TrainDeviance   ValidDeviance   StepSize   Improve
     1        2.3026            -nan     0.1000    0.8433
     2        1.7717            -nan     0.1000    0.4574
     3        1.5013            -nan     0.1000    0.2978
     4        1.3177            -nan     0.1000    0.2321
     5        1.1723            -nan     0.1000    0.1908
     6        1.0530            -nan     0.1000    0.1633
     7        0.9466            -nan     0.1000    0.1461
     8        0.8532            -nan     0.1000    0.1135
     9        0.7769            -nan     0.1000    0.1056
    10        0.7100            -nan     0.1000    0.0910
    20        0.3525            -nan     0.1000    0.0217
    40        0.1377            -nan     0.1000    0.0026
    60        0.0651            -nan     0.1000    0.0010
    80        0.0351            -nan     0.1000    0.0005
   100        0.0195            -nan     0.1000    0.0002
   120        0.0110            -nan     0.1000   -0.0001
   140        0.0063            -nan     0.1000    0.0001
   150        0.0048            -nan     0.1000    0.0000

Iter   TrainDeviance   ValidDeviance   StepSize   Improve
     1        2.3026            -nan     0.1000    0.4183
     2        2.0359            -nan     0.1000    0.2947
     3        1.8568            -nan     0.1000    0.2292
     4        1.7229            -nan     0.1000    0.1687
     5        1.6176            -nan     0.1000    0.1396
     6        1.5274            -nan     0.1000    0.1268
     7        1.4498            -nan     0.1000    0.1129
     8        1.3785            -nan     0.1000    0.0850
     9        1.3244            -nan     0.1000    0.0973
    10        1.2649            -nan     0.1000    0.0884
    20        0.8663            -nan     0.1000    0.0363
    40        0.4971            -nan     0.1000    0.0092
    60        0.3295            -nan     0.1000    0.0065
    80        0.2381            -nan     0.1000    0.0012
   100        0.1810            -nan     0.1000    0.0028
   120        0.1399            -nan     0.1000    0.0013
   140        0.1086            -nan     0.1000    0.0001
   150        0.0963            -nan     0.1000    0.0001

Iter   TrainDeviance   ValidDeviance   StepSize   Improve
     1        2.3026            -nan     0.1000    0.7029
     2        1.8739            -nan     0.1000    0.3823
     3        1.6462            -nan     0.1000    0.3177
     4        1.4608            -nan     0.1000    0.2218
     5        1.3272            -nan     0.1000    0.1893
     6        1.2113            -nan     0.1000    0.1567
     7        1.1156            -nan     0.1000    0.1414
     8        1.0305            -nan     0.1000    0.0992
     9        0.9666            -nan     0.1000    0.1079
    10        0.8967            -nan     0.1000    0.0808
    20        0.5007            -nan     0.1000    0.0262
    40        0.2394            -nan     0.1000    0.0044
    60        0.1382            -nan     0.1000    0.0038
    80        0.0853            -nan     0.1000    0.0010
   100        0.0538            -nan     0.1000    0.0009
   120        0.0359            -nan     0.1000    0.0003
   140        0.0240            -nan     0.1000    0.0001
   150        0.0198            -nan     0.1000    0.0002

Iter   TrainDeviance   ValidDeviance   StepSize   Improve
     1        2.3026            -nan     0.1000    0.8308
     2        1.7914            -nan     0.1000    0.4176
     3        1.5351            -nan     0.1000    0.2776
     4        1.3644            -nan     0.1000    0.2168
     5        1.2268            -nan     0.1000    0.2036
     6        1.1017            -nan     0.1000    0.1768
     7        0.9898            -nan     0.1000    0.1318
     8        0.9055            -nan     0.1000    0.1123
     9        0.8315            -nan     0.1000    0.1007
    10        0.7612            -nan     0.1000    0.0973
    20        0.3828            -nan     0.1000    0.0330
    40        0.1515            -nan     0.1000    0.0030
    60        0.0725            -nan     0.1000    0.0018
    80        0.0381            -nan     0.1000    0.0003
   100        0.0215            -nan     0.1000    0.0003
   120        0.0123            -nan     0.1000    0.0003
   140        0.0070            -nan     0.1000    0.0001
   150        0.0052            -nan     0.1000    0.0001

Iter   TrainDeviance   ValidDeviance   StepSize   Improve
     1        2.3026            -nan     0.1000    0.4924
     2        2.0105            -nan     0.1000    0.2981
     3        1.8290            -nan     0.1000    0.2318
     4        1.6907            -nan     0.1000    0.1917
     5        1.5793            -nan     0.1000    0.1605
     6        1.4798            -nan     0.1000    0.1313
     7        1.3965            -nan     0.1000    0.1146
     8        1.3250            -nan     0.1000    0.1007
     9        1.2573            -nan     0.1000    0.0904
    10        1.1970            -nan     0.1000    0.0735
    20        0.8263            -nan     0.1000    0.0440
    40        0.4790            -nan     0.1000    0.0108
    60        0.3228            -nan     0.1000    0.0042
    80        0.2283            -nan     0.1000    0.0012
   100        0.1664            -nan     0.1000    0.0026
   120        0.1250            -nan     0.1000    0.0010
   140        0.0959            -nan     0.1000   -0.0004
   150        0.0855            -nan     0.1000    0.0001

Iter   TrainDeviance   ValidDeviance   StepSize   Improve
     1        2.3026            -nan     0.1000    0.7887
     2        1.8204            -nan     0.1000    0.4477
     3        1.5534            -nan     0.1000    0.2684
     4        1.3874            -nan     0.1000    0.2261
     5        1.2522            -nan     0.1000    0.1679
     6        1.1462            -nan     0.1000    0.1565
     7        1.0516            -nan     0.1000    0.1211
     8        0.9751            -nan     0.1000    0.1215
     9        0.8993            -nan     0.1000    0.0980
    10        0.8342            -nan     0.1000    0.0840
    20        0.4854            -nan     0.1000    0.0282
    40        0.2227            -nan     0.1000    0.0040
    60        0.1257            -nan     0.1000    0.0027
    80        0.0775            -nan     0.1000    0.0009
   100        0.0500            -nan     0.1000    0.0011
   120        0.0326            -nan     0.1000    0.0002
   140        0.0219            -nan     0.1000    0.0001
   150        0.0178            -nan     0.1000    0.0001

Iter   TrainDeviance   ValidDeviance   StepSize   Improve
     1        2.3026            -nan     0.1000    0.9116
     2        1.7520            -nan     0.1000    0.4511
     3        1.4808            -nan     0.1000    0.3319
     4        1.2800            -nan     0.1000    0.2347
     5        1.1363            -nan     0.1000    0.1784
     6        1.0244            -nan     0.1000    0.1706
     7        0.9217            -nan     0.1000    0.1373
     8        0.8333            -nan     0.1000    0.1181
     9        0.7567            -nan     0.1000    0.0934
    10        0.6938            -nan     0.1000    0.0749
    20        0.3472            -nan     0.1000    0.0251
    40        0.1375            -nan     0.1000    0.0031
    60        0.0660            -nan     0.1000    0.0007
    80        0.0345            -nan     0.1000    0.0003
   100        0.0185            -nan     0.1000    0.0003
   120        0.0104            -nan     0.1000    0.0002
   140        0.0061            -nan     0.1000    0.0000
   150        0.0047            -nan     0.1000   -0.0000

Iter   TrainDeviance   ValidDeviance   StepSize   Improve
     1        2.3026            -nan     0.1000    0.4649
     2        2.0323            -nan     0.1000    0.3040
     3        1.8574            -nan     0.1000    0.1915
     4        1.7322            -nan     0.1000    0.1769
     5        1.6236            -nan     0.1000    0.1511
     6        1.5330            -nan     0.1000    0.1157
     7        1.4622            -nan     0.1000    0.1146
     8        1.3905            -nan     0.1000    0.1009
     9        1.3230            -nan     0.1000    0.0731
    10        1.2729            -nan     0.1000    0.0987
    20        0.8742            -nan     0.1000    0.0319
    40        0.5229            -nan     0.1000    0.0199
    60        0.3483            -nan     0.1000    0.0090
    80        0.2474            -nan     0.1000    0.0013
   100        0.1876            -nan     0.1000    0.0013
   120        0.1463            -nan     0.1000    0.0001
   140        0.1166            -nan     0.1000   -0.0002
   150        0.1054            -nan     0.1000    0.0005

Iter   TrainDeviance   ValidDeviance   StepSize   Improve
     1        2.3026            -nan     0.1000    0.7075
     2        1.8673            -nan     0.1000    0.4026
     3        1.6222            -nan     0.1000    0.2815
     4        1.4526            -nan     0.1000    0.2338
     5        1.3108            -nan     0.1000    0.1909
     6        1.1967            -nan     0.1000    0.1592
     7        1.0982            -nan     0.1000    0.1167
     8        1.0195            -nan     0.1000    0.0988
     9        0.9549            -nan     0.1000    0.0924
    10        0.8930            -nan     0.1000    0.0909
    20        0.5172            -nan     0.1000    0.0275
    40        0.2500            -nan     0.1000    0.0086
    60        0.1429            -nan     0.1000    0.0017
    80        0.0895            -nan     0.1000    0.0022
   100        0.0576            -nan     0.1000    0.0007
   120        0.0387            -nan     0.1000    0.0003
   140        0.0262            -nan     0.1000    0.0001
   150        0.0218            -nan     0.1000    0.0001

Iter   TrainDeviance   ValidDeviance   StepSize   Improve
     1        2.3026            -nan     0.1000    0.7913
     2        1.8201            -nan     0.1000    0.4473
     3        1.5526            -nan     0.1000    0.2989
     4        1.3615            -nan     0.1000    0.2472
     5        1.2103            -nan     0.1000    0.1745
     6        1.0974            -nan     0.1000    0.1508
     7        1.0024            -nan     0.1000    0.1369
     8        0.9116            -nan     0.1000    0.1218
     9        0.8334            -nan     0.1000    0.1085
    10        0.7622            -nan     0.1000    0.0868
    20        0.3919            -nan     0.1000    0.0237
    40        0.1565            -nan     0.1000    0.0047
    60        0.0760            -nan     0.1000    0.0011
    80        0.0403            -nan     0.1000    0.0010
   100        0.0221            -nan     0.1000    0.0002
   120        0.0127            -nan     0.1000    0.0002
   140        0.0073            -nan     0.1000    0.0001
   150        0.0057            -nan     0.1000    0.0001

Iter   TrainDeviance   ValidDeviance   StepSize   Improve
     1        2.3026            -nan     0.1000    0.5028
     2        2.0245            -nan     0.1000    0.3078
     3        1.8509            -nan     0.1000    0.2281
     4        1.7172            -nan     0.1000    0.1784
     5        1.6056            -nan     0.1000    0.1495
     6        1.5168            -nan     0.1000    0.1308
     7        1.4333            -nan     0.1000    0.1137
     8        1.3630            -nan     0.1000    0.1101
     9        1.2919            -nan     0.1000    0.0881
    10        1.2328            -nan     0.1000    0.0831
    20        0.8359            -nan     0.1000    0.0354
    40        0.4837            -nan     0.1000    0.0128
    60        0.3226            -nan     0.1000    0.0047
    80        0.2294            -nan     0.1000    0.0026
   100        0.1727            -nan     0.1000    0.0001
   120        0.1308            -nan     0.1000   -0.0003
   140        0.1012            -nan     0.1000    0.0005
   150        0.0894            -nan     0.1000   -0.0004

Iter   TrainDeviance   ValidDeviance   StepSize   Improve
     1        2.3026            -nan     0.1000    0.7068
     2        1.8582            -nan     0.1000    0.4130
     3        1.6114            -nan     0.1000    0.3211
     4        1.4220            -nan     0.1000    0.2148
     5        1.2871            -nan     0.1000    0.1724
     6        1.1817            -nan     0.1000    0.1494
     7        1.0908            -nan     0.1000    0.1253
     8        1.0113            -nan     0.1000    0.1218
     9        0.9380            -nan     0.1000    0.1188
    10        0.8598            -nan     0.1000    0.0817
    20        0.4857            -nan     0.1000    0.0210
    40        0.2355            -nan     0.1000    0.0052
    60        0.1355            -nan     0.1000    0.0038
    80        0.0813            -nan     0.1000   -0.0003
   100        0.0517            -nan     0.1000    0.0002
   120        0.0336            -nan     0.1000    0.0002
   140        0.0224            -nan     0.1000    0.0001
   150        0.0184            -nan     0.1000    0.0003

Iter   TrainDeviance   ValidDeviance   StepSize   Improve
     1        2.3026            -nan     0.1000    0.8748
     2        1.7720            -nan     0.1000    0.4201
     3        1.5135            -nan     0.1000    0.3056
     4        1.3233            -nan     0.1000    0.2334
     5        1.1818            -nan     0.1000    0.2000
     6        1.0588            -nan     0.1000    0.1622
     7        0.9583            -nan     0.1000    0.1411
     8        0.8695            -nan     0.1000    0.1269
     9        0.7865            -nan     0.1000    0.1020
    10        0.7191            -nan     0.1000    0.0964
    20        0.3598            -nan     0.1000    0.0249
    40        0.1411            -nan     0.1000    0.0029
    60        0.0672            -nan     0.1000    0.0017
    80        0.0354            -nan     0.1000    0.0006
   100        0.0190            -nan     0.1000    0.0003
   120        0.0110            -nan     0.1000    0.0002
   140        0.0063            -nan     0.1000    0.0001
   150        0.0048            -nan     0.1000    0.0001

Iter   TrainDeviance   ValidDeviance   StepSize   Improve
     1        2.3026            -nan     0.1000    0.4768
     2        2.0182            -nan     0.1000    0.3021
     3        1.8443            -nan     0.1000    0.2316
     4        1.7072            -nan     0.1000    0.1905
     5        1.5903            -nan     0.1000    0.1392
     6        1.5049            -nan     0.1000    0.1299
     7        1.4224            -nan     0.1000    0.1050
     8        1.3566            -nan     0.1000    0.1002
     9        1.2920            -nan     0.1000    0.0910
    10        1.2350            -nan     0.1000    0.0899
    20        0.8371            -nan     0.1000    0.0384
    40        0.4820            -nan     0.1000    0.0109
    60        0.3272            -nan     0.1000    0.0070
    80        0.2394            -nan     0.1000    0.0027
   100        0.1774            -nan     0.1000    0.0006
   120        0.1366            -nan     0.1000   -0.0003
   140        0.1089            -nan     0.1000    0.0007
   150        0.0974            -nan     0.1000    0.0002

Iter   TrainDeviance   ValidDeviance   StepSize   Improve
     1        2.3026            -nan     0.1000    0.7820
     2        1.8297            -nan     0.1000    0.3761
     3        1.6027            -nan     0.1000    0.2838
     4        1.4280            -nan     0.1000    0.2354
     5        1.2876            -nan     0.1000    0.1844
     6        1.1766            -nan     0.1000    0.1527
     7        1.0779            -nan     0.1000    0.1263
     8        0.9976            -nan     0.1000    0.1109
     9        0.9243            -nan     0.1000    0.0954
    10        0.8621            -nan     0.1000    0.0870
    20        0.5039            -nan     0.1000    0.0324
    40        0.2337            -nan     0.1000    0.0065
    60        0.1315            -nan     0.1000    0.0024
    80        0.0806            -nan     0.1000    0.0014
   100        0.0505            -nan     0.1000   -0.0003
   120        0.0332            -nan     0.1000    0.0003
   140        0.0225            -nan     0.1000    0.0003
   150        0.0185            -nan     0.1000    0.0002

Iter   TrainDeviance   ValidDeviance   StepSize   Improve
     1        2.3026            -nan     0.1000    0.8743
     2        1.7630            -nan     0.1000    0.4255
     3        1.5103            -nan     0.1000    0.3006
     4        1.3249            -nan     0.1000    0.2414
     5        1.1799            -nan     0.1000    0.1849
     6        1.0601            -nan     0.1000    0.1569
     7        0.9612            -nan     0.1000    0.1222
     8        0.8806            -nan     0.1000    0.1189
     9        0.8025            -nan     0.1000    0.0988
    10        0.7375            -nan     0.1000    0.0857
    20        0.3734            -nan     0.1000    0.0233
    40        0.1435            -nan     0.1000    0.0042
    60        0.0722            -nan     0.1000    0.0015
    80        0.0384            -nan     0.1000    0.0004
   100        0.0206            -nan     0.1000    0.0004
   120        0.0121            -nan     0.1000    0.0002
   140        0.0069            -nan     0.1000    0.0001
   150        0.0052            -nan     0.1000    0.0001

Iter   TrainDeviance   ValidDeviance   StepSize   Improve
     1        2.3026            -nan     0.1000    0.4789
     2        2.0215            -nan     0.1000    0.2863
     3        1.8458            -nan     0.1000    0.2302
     4        1.7128            -nan     0.1000    0.1596
     5        1.6116            -nan     0.1000    0.1472
     6        1.5195            -nan     0.1000    0.1312
     7        1.4380            -nan     0.1000    0.1108
     8        1.3683            -nan     0.1000    0.0927
     9        1.3093            -nan     0.1000    0.0818
    10        1.2529            -nan     0.1000    0.0803
    20        0.8546            -nan     0.1000    0.0360
    40        0.4895            -nan     0.1000    0.0089
    60        0.3291            -nan     0.1000    0.0040
    80        0.2334            -nan     0.1000    0.0028
   100        0.1746            -nan     0.1000    0.0001
   120        0.1344            -nan     0.1000    0.0012
   140        0.1040            -nan     0.1000    0.0010
   150        0.0927            -nan     0.1000    0.0005

Iter   TrainDeviance   ValidDeviance   StepSize   Improve
     1        2.3026            -nan     0.1000    0.7401
     2        1.8454            -nan     0.1000    0.3826
     3        1.6213            -nan     0.1000    0.2735
     4        1.4562            -nan     0.1000    0.2264
     5        1.3222            -nan     0.1000    0.1905
     6        1.2059            -nan     0.1000    0.1387
     7        1.1178            -nan     0.1000    0.1382
     8        1.0330            -nan     0.1000    0.1147
     9        0.9569            -nan     0.1000    0.1119
    10        0.8835            -nan     0.1000    0.1025
    20        0.4973            -nan     0.1000    0.0288
    40        0.2372            -nan     0.1000    0.0058
    60        0.1334            -nan     0.1000    0.0024
    80        0.0825            -nan     0.1000    0.0018
   100        0.0530            -nan     0.1000    0.0001
   120        0.0343            -nan     0.1000    0.0001
   140        0.0236            -nan     0.1000   -0.0001
   150        0.0195            -nan     0.1000    0.0000

Iter   TrainDeviance   ValidDeviance   StepSize   Improve
     1        2.3026            -nan     0.1000    0.8121
     2        1.7903            -nan     0.1000    0.4575
     3        1.5127            -nan     0.1000    0.3094
     4        1.3229            -nan     0.1000    0.2277
     5        1.1820            -nan     0.1000    0.1889
     6        1.0654            -nan     0.1000    0.1643
     7        0.9612            -nan     0.1000    0.1457
     8        0.8708            -nan     0.1000    0.1283
     9        0.7891            -nan     0.1000    0.0976
    10        0.7250            -nan     0.1000    0.0873
    20        0.3604            -nan     0.1000    0.0202
    40        0.1467            -nan     0.1000    0.0054
    60        0.0702            -nan     0.1000    0.0017
    80        0.0373            -nan     0.1000    0.0006
   100        0.0212            -nan     0.1000    0.0003
   120        0.0121            -nan     0.1000    0.0001
   140        0.0070            -nan     0.1000    0.0001
   150        0.0053            -nan     0.1000    0.0000

Iter   TrainDeviance   ValidDeviance   StepSize   Improve
     1        2.3026            -nan     0.1000    0.4647
     2        2.0207            -nan     0.1000    0.2974
     3        1.8483            -nan     0.1000    0.2197
     4        1.7146            -nan     0.1000    0.1951
     5        1.6000            -nan     0.1000    0.1328
     6        1.5180            -nan     0.1000    0.1363
     7        1.4348            -nan     0.1000    0.1147
     8        1.3608            -nan     0.1000    0.0975
     9        1.2978            -nan     0.1000    0.0863
    10        1.2399            -nan     0.1000    0.1069
    20        0.8412            -nan     0.1000    0.0400
    40        0.4852            -nan     0.1000    0.0104
    60        0.3292            -nan     0.1000    0.0064
    80        0.2398            -nan     0.1000    0.0012
   100        0.1805            -nan     0.1000    0.0005
   120        0.1384            -nan     0.1000   -0.0008
   140        0.1082            -nan     0.1000   -0.0001
   150        0.0976            -nan     0.1000   -0.0000

Iter   TrainDeviance   ValidDeviance   StepSize   Improve
     1        2.3026            -nan     0.1000    0.7235
     2        1.8531            -nan     0.1000    0.4257
     3        1.5972            -nan     0.1000    0.3014
     4        1.4238            -nan     0.1000    0.2277
     5        1.2801            -nan     0.1000    0.2169
     6        1.1535            -nan     0.1000    0.1494
     7        1.0608            -nan     0.1000    0.1241
     8        0.9809            -nan     0.1000    0.1242
     9        0.9037            -nan     0.1000    0.0956
    10        0.8394            -nan     0.1000    0.0841
    20        0.4757            -nan     0.1000    0.0253
    40        0.2309            -nan     0.1000    0.0064
    60        0.1317            -nan     0.1000    0.0019
    80        0.0819            -nan     0.1000    0.0002
   100        0.0526            -nan     0.1000    0.0003
   120        0.0354            -nan     0.1000    0.0002
   140        0.0243            -nan     0.1000    0.0001
   150        0.0206            -nan     0.1000    0.0001

Iter   TrainDeviance   ValidDeviance   StepSize   Improve
     1        2.3026            -nan     0.1000    0.8640
     2        1.7681            -nan     0.1000    0.4442
     3        1.4986            -nan     0.1000    0.3271
     4        1.2972            -nan     0.1000    0.2278
     5        1.1555            -nan     0.1000    0.1964
     6        1.0343            -nan     0.1000    0.1554
     7        0.9315            -nan     0.1000    0.1411
     8        0.8420            -nan     0.1000    0.1175
     9        0.7657            -nan     0.1000    0.0950
    10        0.7041            -nan     0.1000    0.0886
    20        0.3528            -nan     0.1000    0.0179
    40        0.1430            -nan     0.1000    0.0033
    60        0.0699            -nan     0.1000    0.0016
    80        0.0374            -nan     0.1000    0.0004
   100        0.0205            -nan     0.1000    0.0003
   120        0.0121            -nan     0.1000    0.0001
   140        0.0070            -nan     0.1000    0.0001
   150        0.0053            -nan     0.1000    0.0000

Iter   TrainDeviance   ValidDeviance   StepSize   Improve
     1        2.3026            -nan     0.1000    0.4641
     2        2.0353            -nan     0.1000    0.2685
     3        1.8740            -nan     0.1000    0.2314
     4        1.7377            -nan     0.1000    0.1600
     5        1.6392            -nan     0.1000    0.1577
     6        1.5466            -nan     0.1000    0.1144
     7        1.4732            -nan     0.1000    0.1006
     8        1.4065            -nan     0.1000    0.1111
     9        1.3353            -nan     0.1000    0.0868
    10        1.2791            -nan     0.1000    0.0915
    20        0.8719            -nan     0.1000    0.0332
    40        0.5002            -nan     0.1000    0.0105
    60        0.3335            -nan     0.1000    0.0095
    80        0.2397            -nan     0.1000    0.0015
   100        0.1796            -nan     0.1000    0.0000
   120        0.1359            -nan     0.1000    0.0011
   140        0.1047            -nan     0.1000    0.0005
   150        0.0932            -nan     0.1000   -0.0001

Iter   TrainDeviance   ValidDeviance   StepSize   Improve
     1        2.3026            -nan     0.1000    0.7035
     2        1.8638            -nan     0.1000    0.4446
     3        1.6051            -nan     0.1000    0.2664
     4        1.4442            -nan     0.1000    0.2078
     5        1.3208            -nan     0.1000    0.1925
     6        1.2001            -nan     0.1000    0.1404
     7        1.1074            -nan     0.1000    0.1264
     8        1.0223            -nan     0.1000    0.1143
     9        0.9487            -nan     0.1000    0.1068
    10        0.8814            -nan     0.1000    0.0968
    20        0.4928            -nan     0.1000    0.0313
    40        0.2319            -nan     0.1000    0.0054
    60        0.1301            -nan     0.1000    0.0027
    80        0.0801            -nan     0.1000    0.0003
   100        0.0515            -nan     0.1000    0.0004
   120        0.0341            -nan     0.1000    0.0006
   140        0.0230            -nan     0.1000    0.0004
   150        0.0186            -nan     0.1000    0.0000

Iter   TrainDeviance   ValidDeviance   StepSize   Improve
     1        2.3026            -nan     0.1000    0.8711
     2        1.7560            -nan     0.1000    0.4441
     3        1.4890            -nan     0.1000    0.2833
     4        1.3147            -nan     0.1000    0.2295
     5        1.1741            -nan     0.1000    0.2030
     6        1.0498            -nan     0.1000    0.1577
     7        0.9513            -nan     0.1000    0.1284
     8        0.8726            -nan     0.1000    0.1308
     9        0.7924            -nan     0.1000    0.1112
    10        0.7224            -nan     0.1000    0.0706
    20        0.3660            -nan     0.1000    0.0229
    40        0.1437            -nan     0.1000    0.0043
    60        0.0705            -nan     0.1000    0.0005
    80        0.0372            -nan     0.1000    0.0000
   100        0.0212            -nan     0.1000    0.0002
   120        0.0122            -nan     0.1000    0.0002
   140        0.0071            -nan     0.1000    0.0001
   150        0.0054            -nan     0.1000    0.0000

Iter   TrainDeviance   ValidDeviance   StepSize   Improve
     1        2.3026            -nan     0.1000    0.4541
     2        2.0072            -nan     0.1000    0.2759
     3        1.8448            -nan     0.1000    0.2264
     4        1.7068            -nan     0.1000    0.1713
     5        1.6074            -nan     0.1000    0.1441
     6        1.5206            -nan     0.1000    0.1199
     7        1.4438            -nan     0.1000    0.1029
     8        1.3753            -nan     0.1000    0.0914
     9        1.3137            -nan     0.1000    0.1089
    10        1.2439            -nan     0.1000    0.0845
    20        0.8397            -nan     0.1000    0.0362
    40        0.4906            -nan     0.1000    0.0112
    60        0.3327            -nan     0.1000    0.0022
    80        0.2433            -nan     0.1000    0.0033
   100        0.1858            -nan     0.1000    0.0003
   120        0.1416            -nan     0.1000    0.0007
   140        0.1091            -nan     0.1000    0.0004
   150        0.0967            -nan     0.1000    0.0000

Iter   TrainDeviance   ValidDeviance   StepSize   Improve
     1        2.3026            -nan     0.1000    0.7229
     2        1.8607            -nan     0.1000    0.3874
     3        1.6227            -nan     0.1000    0.2666
     4        1.4556            -nan     0.1000    0.2341
     5        1.3155            -nan     0.1000    0.1617
     6        1.2160            -nan     0.1000    0.1593
     7        1.1136            -nan     0.1000    0.1539
     8        1.0191            -nan     0.1000    0.1243
     9        0.9417            -nan     0.1000    0.0949
    10        0.8779            -nan     0.1000    0.0982
    20        0.4859            -nan     0.1000    0.0240
    40        0.2392            -nan     0.1000    0.0069
    60        0.1401            -nan     0.1000    0.0025
    80        0.0864            -nan     0.1000    0.0016
   100        0.0545            -nan     0.1000    0.0013
   120        0.0349            -nan     0.1000    0.0002
   140        0.0238            -nan     0.1000    0.0001
   150        0.0194            -nan     0.1000   -0.0001

Iter   TrainDeviance   ValidDeviance   StepSize   Improve
     1        2.3026            -nan     0.1000    0.8677
     2        1.7555            -nan     0.1000    0.4277
     3        1.4859            -nan     0.1000    0.2998
     4        1.3004            -nan     0.1000    0.2408
     5        1.1560            -nan     0.1000    0.1949
     6        1.0361            -nan     0.1000    0.1492
     7        0.9393            -nan     0.1000    0.1395
     8        0.8513            -nan     0.1000    0.1092
     9        0.7777            -nan     0.1000    0.0981
    10        0.7134            -nan     0.1000    0.0798
    20        0.3684            -nan     0.1000    0.0243
    40        0.1484            -nan     0.1000    0.0043
    60        0.0717            -nan     0.1000    0.0022
    80        0.0379            -nan     0.1000    0.0008
   100        0.0209            -nan     0.1000    0.0003
   120        0.0117            -nan     0.1000    0.0001
   140        0.0067            -nan     0.1000    0.0001
   150        0.0051            -nan     0.1000    0.0000

Iter   TrainDeviance   ValidDeviance   StepSize   Improve
     1        2.3026            -nan     0.1000    0.4580
     2        2.0375            -nan     0.1000    0.3092
     3        1.8598            -nan     0.1000    0.2202
     4        1.7290            -nan     0.1000    0.1969
     5        1.6085            -nan     0.1000    0.1319
     6        1.5222            -nan     0.1000    0.1374
     7        1.4377            -nan     0.1000    0.1062
     8        1.3698            -nan     0.1000    0.0865
     9        1.3111            -nan     0.1000    0.0984
    10        1.2489            -nan     0.1000    0.0897
    20        0.8434            -nan     0.1000    0.0337
    40        0.4757            -nan     0.1000    0.0097
    60        0.3144            -nan     0.1000    0.0052
    80        0.2235            -nan     0.1000    0.0023
   100        0.1707            -nan     0.1000    0.0004
   120        0.1324            -nan     0.1000    0.0007
   140        0.1019            -nan     0.1000   -0.0006
   150        0.0908            -nan     0.1000   -0.0002

Iter   TrainDeviance   ValidDeviance   StepSize   Improve
     1        2.3026            -nan     0.1000    0.7341
     2        1.8385            -nan     0.1000    0.4105
     3        1.5887            -nan     0.1000    0.2453
     4        1.4380            -nan     0.1000    0.2556
     5        1.2826            -nan     0.1000    0.1976
     6        1.1626            -nan     0.1000    0.1462
     7        1.0724            -nan     0.1000    0.1384
     8        0.9844            -nan     0.1000    0.1110
     9        0.9148            -nan     0.1000    0.0940
    10        0.8543            -nan     0.1000    0.0793
    20        0.4882            -nan     0.1000    0.0328
    40        0.2249            -nan     0.1000    0.0053
    60        0.1297            -nan     0.1000    0.0022
    80        0.0796            -nan     0.1000    0.0008
   100        0.0508            -nan     0.1000    0.0006
   120        0.0337            -nan     0.1000    0.0006
   140        0.0228            -nan     0.1000    0.0004
   150        0.0188            -nan     0.1000    0.0001

Iter   TrainDeviance   ValidDeviance   StepSize   Improve
     1        2.3026            -nan     0.1000    0.8378
     2        1.7758            -nan     0.1000    0.4386
     3        1.5087            -nan     0.1000    0.3294
     4        1.3036            -nan     0.1000    0.2396
     5        1.1566            -nan     0.1000    0.1895
     6        1.0398            -nan     0.1000    0.1595
     7        0.9366            -nan     0.1000    0.1469
     8        0.8463            -nan     0.1000    0.1149
     9        0.7706            -nan     0.1000    0.1052
    10        0.7031            -nan     0.1000    0.0977
    20        0.3439            -nan     0.1000    0.0164
    40        0.1410            -nan     0.1000    0.0044
    60        0.0660            -nan     0.1000    0.0006
    80        0.0350            -nan     0.1000    0.0000
   100        0.0193            -nan     0.1000    0.0002
   120        0.0108            -nan     0.1000    0.0002
   140        0.0061            -nan     0.1000    0.0000
   150        0.0047            -nan     0.1000    0.0001

Iter   TrainDeviance   ValidDeviance   StepSize   Improve
     1        2.3026            -nan     0.1000    0.4732
     2        2.0254            -nan     0.1000    0.2621
     3        1.8638            -nan     0.1000    0.2090
     4        1.7357            -nan     0.1000    0.1910
     5        1.6228            -nan     0.1000    0.1487
     6        1.5289            -nan     0.1000    0.1317
     7        1.4474            -nan     0.1000    0.1226
     8        1.3708            -nan     0.1000    0.1067
     9        1.3050            -nan     0.1000    0.0982
    10        1.2422            -nan     0.1000    0.0878
    20        0.8426            -nan     0.1000    0.0352
    40        0.4828            -nan     0.1000    0.0180
    60        0.3225            -nan     0.1000    0.0044
    80        0.2323            -nan     0.1000    0.0018
   100        0.1725            -nan     0.1000    0.0014
   120        0.1317            -nan     0.1000   -0.0001
   140        0.1026            -nan     0.1000   -0.0000
   150        0.0903            -nan     0.1000   -0.0001

Iter   TrainDeviance   ValidDeviance   StepSize   Improve
     1        2.3026            -nan     0.1000    0.7178
     2        1.8498            -nan     0.1000    0.3716
     3        1.6239            -nan     0.1000    0.3099
     4        1.4374            -nan     0.1000    0.2125
     5        1.3076            -nan     0.1000    0.1982
     6        1.1882            -nan     0.1000    0.1662
     7        1.0868            -nan     0.1000    0.1242
     8        1.0065            -nan     0.1000    0.1247
     9        0.9275            -nan     0.1000    0.0932
    10        0.8653            -nan     0.1000    0.0829
    20        0.4861            -nan     0.1000    0.0226
    40        0.2342            -nan     0.1000    0.0059
    60        0.1339            -nan     0.1000    0.0030
    80        0.0800            -nan     0.1000    0.0004
   100        0.0508            -nan     0.1000    0.0002
   120        0.0335            -nan     0.1000    0.0001
   140        0.0219            -nan     0.1000    0.0000
   150        0.0180            -nan     0.1000    0.0001

Iter   TrainDeviance   ValidDeviance   StepSize   Improve
     1        2.3026            -nan     0.1000    0.8007
     2        1.7868            -nan     0.1000    0.4816
     3        1.4887            -nan     0.1000    0.2885
     4        1.3094            -nan     0.1000    0.2362
     5        1.1581            -nan     0.1000    0.1816
     6        1.0426            -nan     0.1000    0.1748
     7        0.9328            -nan     0.1000    0.1448
     8        0.8414            -nan     0.1000    0.1182
     9        0.7651            -nan     0.1000    0.0985
    10        0.7010            -nan     0.1000    0.0842
    20        0.3519            -nan     0.1000    0.0205
    40        0.1372            -nan     0.1000    0.0027
    60        0.0665            -nan     0.1000    0.0019
    80        0.0345            -nan     0.1000    0.0006
   100        0.0192            -nan     0.1000    0.0002
   120        0.0107            -nan     0.1000    0.0001
   140        0.0062            -nan     0.1000    0.0001
   150        0.0047            -nan     0.1000    0.0001

Iter   TrainDeviance   ValidDeviance   StepSize   Improve
     1        2.3026            -nan     0.1000    0.4441
     2        2.0360            -nan     0.1000    0.2804
     3        1.8709            -nan     0.1000    0.2392
     4        1.7289            -nan     0.1000    0.1678
     5        1.6275            -nan     0.1000    0.1449
     6        1.5377            -nan     0.1000    0.1113
     7        1.4651            -nan     0.1000    0.1189
     8        1.3905            -nan     0.1000    0.1063
     9        1.3193            -nan     0.1000    0.0986
    10        1.2583            -nan     0.1000    0.0788
    20        0.8460            -nan     0.1000    0.0324
    40        0.4920            -nan     0.1000    0.0122
    60        0.3281            -nan     0.1000    0.0062
    80        0.2363            -nan     0.1000    0.0006
   100        0.1782            -nan     0.1000    0.0003
   120        0.1352            -nan     0.1000    0.0001
   140        0.1062            -nan     0.1000   -0.0003
   150        0.0937            -nan     0.1000    0.0004

Iter   TrainDeviance   ValidDeviance   StepSize   Improve
     1        2.3026            -nan     0.1000    0.6991
     2        1.8680            -nan     0.1000    0.3536
     3        1.6453            -nan     0.1000    0.2761
     4        1.4763            -nan     0.1000    0.2372
     5        1.3301            -nan     0.1000    0.1902
     6        1.2109            -nan     0.1000    0.1720
     7        1.1081            -nan     0.1000    0.1183
     8        1.0296            -nan     0.1000    0.1105
     9        0.9543            -nan     0.1000    0.1147
    10        0.8805            -nan     0.1000    0.0941
    20        0.4967            -nan     0.1000    0.0232
    40        0.2376            -nan     0.1000    0.0062
    60        0.1335            -nan     0.1000    0.0021
    80        0.0814            -nan     0.1000    0.0007
   100        0.0502            -nan     0.1000    0.0006
   120        0.0326            -nan     0.1000    0.0005
   140        0.0215            -nan     0.1000    0.0002
   150        0.0173            -nan     0.1000    0.0000

Iter   TrainDeviance   ValidDeviance   StepSize   Improve
     1        2.3026            -nan     0.1000    0.8260
     2        1.7872            -nan     0.1000    0.4571
     3        1.5021            -nan     0.1000    0.3154
     4        1.3117            -nan     0.1000    0.2182
     5        1.1746            -nan     0.1000    0.1993
     6        1.0510            -nan     0.1000    0.1730
     7        0.9427            -nan     0.1000    0.1301
     8        0.8584            -nan     0.1000    0.1173
     9        0.7821            -nan     0.1000    0.1136
    10        0.7115            -nan     0.1000    0.0787
    20        0.3643            -nan     0.1000    0.0230
    40        0.1401            -nan     0.1000    0.0053
    60        0.0677            -nan     0.1000    0.0016
    80        0.0345            -nan     0.1000    0.0006
   100        0.0190            -nan     0.1000    0.0004
   120        0.0106            -nan     0.1000    0.0001
   140        0.0061            -nan     0.1000    0.0001
   150        0.0046            -nan     0.1000    0.0001

Iter   TrainDeviance   ValidDeviance   StepSize   Improve
     1        2.3026            -nan     0.1000    0.4933
     2        2.0128            -nan     0.1000    0.3122
     3        1.8271            -nan     0.1000    0.2109
     4        1.7055            -nan     0.1000    0.1794
     5        1.5977            -nan     0.1000    0.1316
     6        1.5133            -nan     0.1000    0.1242
     7        1.4339            -nan     0.1000    0.1081
     8        1.3639            -nan     0.1000    0.0932
     9        1.3051            -nan     0.1000    0.0988
    10        1.2419            -nan     0.1000    0.0641
    20        0.8473            -nan     0.1000    0.0372
    40        0.4851            -nan     0.1000    0.0117
    60        0.3259            -nan     0.1000    0.0053
    80        0.2342            -nan     0.1000    0.0002
   100        0.1722            -nan     0.1000    0.0017
   120        0.1310            -nan     0.1000    0.0009
   140        0.1019            -nan     0.1000    0.0005
   150        0.0906            -nan     0.1000    0.0003

Iter   TrainDeviance   ValidDeviance   StepSize   Improve
     1        2.3026            -nan     0.1000    0.7327
     2        1.8409            -nan     0.1000    0.4079
     3        1.5942            -nan     0.1000    0.2832
     4        1.4261            -nan     0.1000    0.1908
     5        1.3086            -nan     0.1000    0.1751
     6        1.1990            -nan     0.1000    0.1491
     7        1.1031            -nan     0.1000    0.1294
     8        1.0200            -nan     0.1000    0.1380
     9        0.9298            -nan     0.1000    0.1046
    10        0.8652            -nan     0.1000    0.0875
    20        0.4818            -nan     0.1000    0.0292
    40        0.2313            -nan     0.1000    0.0065
    60        0.1289            -nan     0.1000    0.0015
    80        0.0787            -nan     0.1000    0.0007
   100        0.0495            -nan     0.1000    0.0011
   120        0.0330            -nan     0.1000    0.0002
   140        0.0220            -nan     0.1000   -0.0000
   150        0.0184            -nan     0.1000    0.0002

Iter   TrainDeviance   ValidDeviance   StepSize   Improve
     1        2.3026            -nan     0.1000    0.8783
     2        1.7599            -nan     0.1000    0.4528
     3        1.4922            -nan     0.1000    0.2973
     4        1.3123            -nan     0.1000    0.2249
     5        1.1751            -nan     0.1000    0.1863
     6        1.0595            -nan     0.1000    0.1435
     7        0.9654            -nan     0.1000    0.1414
     8        0.8759            -nan     0.1000    0.1090
     9        0.8014            -nan     0.1000    0.0949
    10        0.7352            -nan     0.1000    0.0896
    20        0.3676            -nan     0.1000    0.0211
    40        0.1448            -nan     0.1000    0.0036
    60        0.0687            -nan     0.1000    0.0011
    80        0.0355            -nan     0.1000    0.0002
   100        0.0198            -nan     0.1000    0.0002
   120        0.0113            -nan     0.1000    0.0003
   140        0.0064            -nan     0.1000    0.0001
   150        0.0049            -nan     0.1000    0.0000

Iter   TrainDeviance   ValidDeviance   StepSize   Improve
     1        2.3026            -nan     0.1000    0.4857
     2        2.0245            -nan     0.1000    0.2878
     3        1.8453            -nan     0.1000    0.2455
     4        1.7003            -nan     0.1000    0.1998
     5        1.5830            -nan     0.1000    0.1555
     6        1.4900            -nan     0.1000    0.0979
     7        1.4257            -nan     0.1000    0.1209
     8        1.3481            -nan     0.1000    0.0911
     9        1.2891            -nan     0.1000    0.0978
    10        1.2240            -nan     0.1000    0.0781
    20        0.8315            -nan     0.1000    0.0381
    40        0.4838            -nan     0.1000    0.0147
    60        0.3161            -nan     0.1000    0.0044
    80        0.2283            -nan     0.1000    0.0006
   100        0.1725            -nan     0.1000    0.0010
   120        0.1325            -nan     0.1000    0.0008
   140        0.1015            -nan     0.1000    0.0003
   150        0.0909            -nan     0.1000    0.0005

Iter   TrainDeviance   ValidDeviance   StepSize   Improve
     1        2.3026            -nan     0.1000    0.7705
     2        1.8248            -nan     0.1000    0.4177
     3        1.5790            -nan     0.1000    0.2897
     4        1.4053            -nan     0.1000    0.2331
     5        1.2678            -nan     0.1000    0.1789
     6        1.1579            -nan     0.1000    0.1573
     7        1.0593            -nan     0.1000    0.1330
     8        0.9751            -nan     0.1000    0.1201
     9        0.8996            -nan     0.1000    0.0903
    10        0.8417            -nan     0.1000    0.0824
    20        0.4797            -nan     0.1000    0.0311
    40        0.2240            -nan     0.1000    0.0024
    60        0.1304            -nan     0.1000    0.0008
    80        0.0784            -nan     0.1000    0.0009
   100        0.0495            -nan     0.1000    0.0001
   120        0.0324            -nan     0.1000   -0.0000
   140        0.0217            -nan     0.1000   -0.0000
   150        0.0181            -nan     0.1000    0.0001

Iter   TrainDeviance   ValidDeviance   StepSize   Improve
     1        2.3026            -nan     0.1000    0.8803
     2        1.7621            -nan     0.1000    0.4871
     3        1.4735            -nan     0.1000    0.2730
     4        1.3001            -nan     0.1000    0.1976
     5        1.1733            -nan     0.1000    0.1998
     6        1.0468            -nan     0.1000    0.1401
     7        0.9570            -nan     0.1000    0.1275
     8        0.8738            -nan     0.1000    0.1281
     9        0.7929            -nan     0.1000    0.1012
    10        0.7261            -nan     0.1000    0.0981
    20        0.3572            -nan     0.1000    0.0204
    40        0.1419            -nan     0.1000    0.0032
    60        0.0699            -nan     0.1000    0.0009
    80        0.0368            -nan     0.1000    0.0000
   100        0.0207            -nan     0.1000    0.0002
   120        0.0117            -nan     0.1000    0.0001
   140        0.0068            -nan     0.1000    0.0001
   150        0.0053            -nan     0.1000    0.0000

Iter   TrainDeviance   ValidDeviance   StepSize   Improve
     1        2.3026            -nan     0.1000    0.4734
     2        2.0327            -nan     0.1000    0.2769
     3        1.8625            -nan     0.1000    0.2007
     4        1.7399            -nan     0.1000    0.1730
     5        1.6361            -nan     0.1000    0.1309
     6        1.5547            -nan     0.1000    0.1348
     7        1.4718            -nan     0.1000    0.1228
     8        1.3960            -nan     0.1000    0.0983
     9        1.3303            -nan     0.1000    0.0933
    10        1.2701            -nan     0.1000    0.0774
    20        0.8739            -nan     0.1000    0.0479
    40        0.5112            -nan     0.1000    0.0104
    60        0.3429            -nan     0.1000    0.0053
    80        0.2465            -nan     0.1000    0.0041
   100        0.1866            -nan     0.1000    0.0006
   120        0.1437            -nan     0.1000    0.0012
   140        0.1115            -nan     0.1000   -0.0009
   150        0.0998            -nan     0.1000    0.0007

Iter   TrainDeviance   ValidDeviance   StepSize   Improve
     1        2.3026            -nan     0.1000    0.6983
     2        1.8780            -nan     0.1000    0.3869
     3        1.6450            -nan     0.1000    0.2654
     4        1.4797            -nan     0.1000    0.2228
     5        1.3444            -nan     0.1000    0.1698
     6        1.2384            -nan     0.1000    0.1698
     7        1.1351            -nan     0.1000    0.1478
     8        1.0456            -nan     0.1000    0.1045
     9        0.9750            -nan     0.1000    0.1056
    10        0.9075            -nan     0.1000    0.0944
    20        0.5185            -nan     0.1000    0.0276
    40        0.2436            -nan     0.1000    0.0061
    60        0.1420            -nan     0.1000    0.0027
    80        0.0878            -nan     0.1000    0.0001
   100        0.0576            -nan     0.1000    0.0004
   120        0.0384            -nan     0.1000   -0.0001
   140        0.0266            -nan     0.1000    0.0001
   150        0.0223            -nan     0.1000    0.0002

Iter   TrainDeviance   ValidDeviance   StepSize   Improve
     1        2.3026            -nan     0.1000    0.8296
     2        1.7999            -nan     0.1000    0.4130
     3        1.5438            -nan     0.1000    0.3070
     4        1.3596            -nan     0.1000    0.2663
     5        1.1990            -nan     0.1000    0.2024
     6        1.0740            -nan     0.1000    0.1524
     7        0.9754            -nan     0.1000    0.1353
     8        0.8862            -nan     0.1000    0.1152
     9        0.8109            -nan     0.1000    0.0963
    10        0.7452            -nan     0.1000    0.0819
    20        0.3735            -nan     0.1000    0.0233
    40        0.1522            -nan     0.1000    0.0048
    60        0.0772            -nan     0.1000    0.0008
    80        0.0420            -nan     0.1000    0.0009
   100        0.0232            -nan     0.1000    0.0000
   120        0.0135            -nan     0.1000    0.0001
   140        0.0079            -nan     0.1000    0.0001
   150        0.0061            -nan     0.1000    0.0001

Iter   TrainDeviance   ValidDeviance   StepSize   Improve
     1        2.3026            -nan     0.1000    0.4363
     2        2.0288            -nan     0.1000    0.3092
     3        1.8443            -nan     0.1000    0.2307
     4        1.7068            -nan     0.1000    0.1711
     5        1.5984            -nan     0.1000    0.1501
     6        1.5082            -nan     0.1000    0.1193
     7        1.4302            -nan     0.1000    0.1051
     8        1.3623            -nan     0.1000    0.0959
     9        1.2993            -nan     0.1000    0.0975
    10        1.2388            -nan     0.1000    0.0809
    20        0.8443            -nan     0.1000    0.0417
    40        0.4976            -nan     0.1000    0.0111
    60        0.3394            -nan     0.1000    0.0036
    80        0.2429            -nan     0.1000    0.0032
   100        0.1821            -nan     0.1000    0.0002
   120        0.1385            -nan     0.1000    0.0007
   140        0.1086            -nan     0.1000    0.0004
   150        0.0975            -nan     0.1000   -0.0001

Iter   TrainDeviance   ValidDeviance   StepSize   Improve
     1        2.3026            -nan     0.1000    0.7124
     2        1.8578            -nan     0.1000    0.3775
     3        1.6328            -nan     0.1000    0.2842
     4        1.4611            -nan     0.1000    0.2205
     5        1.3278            -nan     0.1000    0.1926
     6        1.2114            -nan     0.1000    0.1529
     7        1.1160            -nan     0.1000    0.1302
     8        1.0321            -nan     0.1000    0.1160
     9        0.9592            -nan     0.1000    0.0969
    10        0.8964            -nan     0.1000    0.0880
    20        0.5077            -nan     0.1000    0.0354
    40        0.2442            -nan     0.1000    0.0054
    60        0.1384            -nan     0.1000    0.0034
    80        0.0839            -nan     0.1000    0.0001
   100        0.0535            -nan     0.1000    0.0001
   120        0.0368            -nan     0.1000   -0.0000
   140        0.0253            -nan     0.1000    0.0001
   150        0.0215            -nan     0.1000    0.0001

Iter   TrainDeviance   ValidDeviance   StepSize   Improve
     1        2.3026            -nan     0.1000    0.8167
     2        1.7853            -nan     0.1000    0.4734
     3        1.4926            -nan     0.1000    0.3039
     4        1.3027            -nan     0.1000    0.2225
     5        1.1640            -nan     0.1000    0.1786
     6        1.0462            -nan     0.1000    0.1493
     7        0.9522            -nan     0.1000    0.1248
     8        0.8713            -nan     0.1000    0.1179
     9        0.7965            -nan     0.1000    0.0941
    10        0.7318            -nan     0.1000    0.0905
    20        0.3809            -nan     0.1000    0.0236
    40        0.1513            -nan     0.1000    0.0022
    60        0.0749            -nan     0.1000    0.0018
    80        0.0393            -nan     0.1000    0.0008
   100        0.0219            -nan     0.1000    0.0003
   120        0.0124            -nan     0.1000    0.0002
   140        0.0073            -nan     0.1000   -0.0000
   150        0.0057            -nan     0.1000    0.0000

Iter   TrainDeviance   ValidDeviance   StepSize   Improve
     1        2.3026            -nan     0.1000    0.4752
     2        2.0093            -nan     0.1000    0.2714
     3        1.8455            -nan     0.1000    0.1987
     4        1.7288            -nan     0.1000    0.1823
     5        1.6207            -nan     0.1000    0.1470
     6        1.5296            -nan     0.1000    0.1529
     7        1.4383            -nan     0.1000    0.1063
     8        1.3709            -nan     0.1000    0.1006
     9        1.3073            -nan     0.1000    0.0880
    10        1.2485            -nan     0.1000    0.0957
    20        0.8442            -nan     0.1000    0.0384
    40        0.4847            -nan     0.1000    0.0151
    60        0.3257            -nan     0.1000    0.0045
    80        0.2297            -nan     0.1000    0.0016
   100        0.1739            -nan     0.1000   -0.0006
   120        0.1355            -nan     0.1000   -0.0001
   140        0.1077            -nan     0.1000   -0.0008
   150        0.0955            -nan     0.1000   -0.0005

Iter   TrainDeviance   ValidDeviance   StepSize   Improve
     1        2.3026            -nan     0.1000    0.7298
     2        1.8509            -nan     0.1000    0.3946
     3        1.6030            -nan     0.1000    0.2630
     4        1.4458            -nan     0.1000    0.2419
     5        1.3001            -nan     0.1000    0.1867
     6        1.1845            -nan     0.1000    0.1530
     7        1.0917            -nan     0.1000    0.1357
     8        1.0056            -nan     0.1000    0.1152
     9        0.9314            -nan     0.1000    0.1037
    10        0.8634            -nan     0.1000    0.0829
    20        0.4833            -nan     0.1000    0.0317
    40        0.2272            -nan     0.1000    0.0036
    60        0.1336            -nan     0.1000    0.0023
    80        0.0820            -nan     0.1000    0.0008
   100        0.0543            -nan     0.1000    0.0006
   120        0.0356            -nan     0.1000    0.0002
   140        0.0242            -nan     0.1000    0.0001
   150        0.0200            -nan     0.1000   -0.0001

Iter   TrainDeviance   ValidDeviance   StepSize   Improve
     1        2.3026            -nan     0.1000    0.8354
     2        1.7695            -nan     0.1000    0.4272
     3        1.5132            -nan     0.1000    0.2934
     4        1.3308            -nan     0.1000    0.2515
     5        1.1750            -nan     0.1000    0.2050
     6        1.0488            -nan     0.1000    0.1700
     7        0.9412            -nan     0.1000    0.1361
     8        0.8553            -nan     0.1000    0.1150
     9        0.7818            -nan     0.1000    0.0860
    10        0.7216            -nan     0.1000    0.0735
    20        0.3599            -nan     0.1000    0.0245
    40        0.1422            -nan     0.1000    0.0031
    60        0.0678            -nan     0.1000    0.0009
    80        0.0372            -nan     0.1000    0.0005
   100        0.0212            -nan     0.1000   -0.0001
   120        0.0128            -nan     0.1000   -0.0001
   140        0.0075            -nan     0.1000    0.0000
   150        0.0060            -nan     0.1000    0.0000

Iter   TrainDeviance   ValidDeviance   StepSize   Improve
     1        2.3026            -nan     0.1000    0.5009
     2        1.9986            -nan     0.1000    0.2737
     3        1.8356            -nan     0.1000    0.2090
     4        1.7057            -nan     0.1000    0.1515
     5        1.6044            -nan     0.1000    0.1222
     6        1.5308            -nan     0.1000    0.1401
     7        1.4441            -nan     0.1000    0.1155
     8        1.3743            -nan     0.1000    0.1056
     9        1.3058            -nan     0.1000    0.1076
    10        1.2416            -nan     0.1000    0.0816
    20        0.8384            -nan     0.1000    0.0370
    40        0.4877            -nan     0.1000    0.0110
    60        0.3278            -nan     0.1000    0.0055
    80        0.2400            -nan     0.1000    0.0003
   100        0.1801            -nan     0.1000    0.0019
   120        0.1405            -nan     0.1000    0.0020
   140        0.1103            -nan     0.1000    0.0000
   150        0.0974            -nan     0.1000   -0.0005

Iter   TrainDeviance   ValidDeviance   StepSize   Improve
     1        2.3026            -nan     0.1000    0.7505
     2        1.8427            -nan     0.1000    0.4207
     3        1.5924            -nan     0.1000    0.2764
     4        1.4214            -nan     0.1000    0.2278
     5        1.2777            -nan     0.1000    0.1593
     6        1.1792            -nan     0.1000    0.1466
     7        1.0858            -nan     0.1000    0.1240
     8        1.0044            -nan     0.1000    0.1072
     9        0.9371            -nan     0.1000    0.1036
    10        0.8727            -nan     0.1000    0.0909
    20        0.4980            -nan     0.1000    0.0268
    40        0.2377            -nan     0.1000    0.0108
    60        0.1363            -nan     0.1000    0.0017
    80        0.0831            -nan     0.1000    0.0007
   100        0.0533            -nan     0.1000    0.0007
   120        0.0350            -nan     0.1000   -0.0000
   140        0.0232            -nan     0.1000    0.0003
   150        0.0193            -nan     0.1000    0.0000

Iter   TrainDeviance   ValidDeviance   StepSize   Improve
     1        2.3026            -nan     0.1000    0.8823
     2        1.7634            -nan     0.1000    0.3849
     3        1.5245            -nan     0.1000    0.3447
     4        1.3109            -nan     0.1000    0.2563
     5        1.1529            -nan     0.1000    0.1754
     6        1.0406            -nan     0.1000    0.1553
     7        0.9423            -nan     0.1000    0.1200
     8        0.8627            -nan     0.1000    0.1263
     9        0.7819            -nan     0.1000    0.0958
    10        0.7186            -nan     0.1000    0.0782
    20        0.3721            -nan     0.1000    0.0207
    40        0.1460            -nan     0.1000    0.0028
    60        0.0718            -nan     0.1000    0.0006
    80        0.0395            -nan     0.1000    0.0008
   100        0.0217            -nan     0.1000    0.0003
   120        0.0124            -nan     0.1000    0.0002
   140        0.0071            -nan     0.1000    0.0001
   150        0.0055            -nan     0.1000    0.0000

Iter   TrainDeviance   ValidDeviance   StepSize   Improve
     1        2.3026            -nan     0.1000    0.7883
     2        1.7813            -nan     0.1000    0.3799
     3        1.5401            -nan     0.1000    0.2950
     4        1.3622            -nan     0.1000    0.2156
     5        1.2232            -nan     0.1000    0.1854
     6        1.1065            -nan     0.1000    0.1631
     7        1.0059            -nan     0.1000    0.1251
     8        0.9223            -nan     0.1000    0.1009
     9        0.8536            -nan     0.1000    0.1025
    10        0.7854            -nan     0.1000    0.0945
    20        0.4182            -nan     0.1000    0.0264
    40        0.1833            -nan     0.1000    0.0054
    60        0.0968            -nan     0.1000    0.0000
    80        0.0558            -nan     0.1000    0.0004
   100        0.0342            -nan     0.1000    0.0005
   120        0.0212            -nan     0.1000    0.0002
   140        0.0136            -nan     0.1000    0.0001
   150        0.0110            -nan     0.1000   -0.0001

TRAINING SUCCESSFUL
The most important attribute: att1 (for technique: gbm)
________________
Dataset: mfeat-karhunen 
Technique: gcvEarth 
Probability table:

  1   2   3   4   5   6   7   8   9  10 
0.1 0.1 0.1 0.1 0.1 0.1 0.1 0.1 0.1 0.1 
BEGIN TRAINING
TRAINING SUCCESSFUL
The most important attribute: att1 (for technique: gcvEarth)
________________
Dataset: mfeat-karhunen 
Technique: JRip 
Probability table:

  1   2   3   4   5   6   7   8   9  10 
0.1 0.1 0.1 0.1 0.1 0.1 0.1 0.1 0.1 0.1 
BEGIN TRAINING
TRAINING SUCCESSFUL
The most important attribute: att1 (for technique: JRip)
________________
Dataset: mfeat-karhunen 
Technique: lvq 
Probability table:

  1   2   3   4   5   6   7   8   9  10 
0.1 0.1 0.1 0.1 0.1 0.1 0.1 0.1 0.1 0.1 
BEGIN TRAINING
TRAINING SUCCESSFUL
The most important attribute: att4 (for technique: lvq)
________________
Dataset: mfeat-karhunen 
Technique: mlpML 
Probability table:

  1   2   3   4   5   6   7   8   9  10 
0.1 0.1 0.1 0.1 0.1 0.1 0.1 0.1 0.1 0.1 
BEGIN TRAINING
TRAINING SUCCESSFUL
The most important attribute: att1 (for technique: mlpML)
________________
Dataset: mfeat-karhunen 
Technique: multinom 
Probability table:

  1   2   3   4   5   6   7   8   9  10 
0.1 0.1 0.1 0.1 0.1 0.1 0.1 0.1 0.1 0.1 
BEGIN TRAINING
# weights:  660 (585 variable)
initial  value 4605.170186 
iter  10 value 347.048003
iter  20 value 38.296549
iter  30 value 12.905335
iter  40 value 5.435763
iter  50 value 2.929970
iter  60 value 1.686217
iter  70 value 1.055934
iter  80 value 0.734839
iter  90 value 0.506999
iter 100 value 0.322551
final  value 0.322551 
stopped after 100 iterations
TRAINING SUCCESSFUL
The most important attribute: att1 (for technique: multinom)
________________
Dataset: mfeat-karhunen 
Technique: naive_bayes 
Probability table:

  1   2   3   4   5   6   7   8   9  10 
0.1 0.1 0.1 0.1 0.1 0.1 0.1 0.1 0.1 0.1 
BEGIN TRAINING
TRAINING SUCCESSFUL
The most important attribute: att1 (for technique: naive_bayes)
________________
Dataset: mfeat-karhunen 
Technique: PART 
Probability table:

  1   2   3   4   5   6   7   8   9  10 
0.1 0.1 0.1 0.1 0.1 0.1 0.1 0.1 0.1 0.1 
BEGIN TRAINING
TRAINING SUCCESSFUL
The most important attribute: att1 (for technique: PART)
________________
Dataset: mfeat-karhunen 
Technique: rbfDDA 
Probability table:

  1   2   3   4   5   6   7   8   9  10 
0.1 0.1 0.1 0.1 0.1 0.1 0.1 0.1 0.1 0.1 
BEGIN TRAINING
TRAINING SUCCESSFUL
The most important attribute: att7 (for technique: rbfDDA)
________________
Dataset: mfeat-karhunen 
Technique: rda 
Probability table:

  1   2   3   4   5   6   7   8   9  10 
0.1 0.1 0.1 0.1 0.1 0.1 0.1 0.1 0.1 0.1 
BEGIN TRAINING
TRAINING SUCCESSFUL
The most important attribute: att2 (for technique: rda)
________________
Dataset: mfeat-karhunen 
Technique: rf 
Probability table:

  1   2   3   4   5   6   7   8   9  10 
0.1 0.1 0.1 0.1 0.1 0.1 0.1 0.1 0.1 0.1 
BEGIN TRAINING
TRAINING SUCCESSFUL
The most important attribute: att1 (for technique: rf)
________________
Dataset: mfeat-karhunen 
Technique: rpart 
Probability table:

  1   2   3   4   5   6   7   8   9  10 
0.1 0.1 0.1 0.1 0.1 0.1 0.1 0.1 0.1 0.1 
BEGIN TRAINING
TRAINING SUCCESSFUL
The most important attribute: att3 (for technique: rpart)
________________
Dataset: mfeat-karhunen 
Technique: simpls 
Probability table:

  1   2   3   4   5   6   7   8   9  10 
0.1 0.1 0.1 0.1 0.1 0.1 0.1 0.1 0.1 0.1 
BEGIN TRAINING
TRAINING SUCCESSFUL
The most important attribute: att1 (for technique: simpls)
________________
Dataset: mfeat-karhunen 
Technique: svmLinear 
Probability table:

  1   2   3   4   5   6   7   8   9  10 
0.1 0.1 0.1 0.1 0.1 0.1 0.1 0.1 0.1 0.1 
BEGIN TRAINING
TRAINING SUCCESSFUL
The most important attribute: att4 (for technique: svmLinear)
________________
Dataset: mfeat-karhunen 
Technique: svmRadial 
Probability table:

  1   2   3   4   5   6   7   8   9  10 
0.1 0.1 0.1 0.1 0.1 0.1 0.1 0.1 0.1 0.1 
BEGIN TRAINING
TRAINING SUCCESSFUL
The most important attribute: att4 (for technique: svmRadial)
________________
Dataset: mfeat-karhunen 
Technique: rfRules 
Probability table:

  1   2   3   4   5   6   7   8   9  10 
0.1 0.1 0.1 0.1 0.1 0.1 0.1 0.1 0.1 0.1 
BEGIN TRAINING
Registered S3 method overwritten by 'RRF':
  method      from        
  plot.margin randomForest
2000 rules (length<=2) were extracted from the first 500 trees.
3990 rules (length<=3) were extracted from the first 500 trees.
7862 rules (length<=4) were extracted from the first 500 trees.
2000 rules (length<=2) were extracted from the first 500 trees.
4000 rules (length<=3) were extracted from the first 500 trees.
7892 rules (length<=4) were extracted from the first 500 trees.
2000 rules (length<=2) were extracted from the first 500 trees.
3998 rules (length<=3) were extracted from the first 500 trees.
7881 rules (length<=4) were extracted from the first 500 trees.
2000 rules (length<=2) were extracted from the first 500 trees.
3985 rules (length<=3) were extracted from the first 500 trees.
7873 rules (length<=4) were extracted from the first 500 trees.
2000 rules (length<=2) were extracted from the first 500 trees.
4000 rules (length<=3) were extracted from the first 500 trees.
7904 rules (length<=4) were extracted from the first 500 trees.
2000 rules (length<=2) were extracted from the first 500 trees.
4000 rules (length<=3) were extracted from the first 500 trees.
7897 rules (length<=4) were extracted from the first 500 trees.
2000 rules (length<=2) were extracted from the first 500 trees.
4000 rules (length<=3) were extracted from the first 500 trees.
7899 rules (length<=4) were extracted from the first 500 trees.
2000 rules (length<=2) were extracted from the first 500 trees.
3985 rules (length<=3) were extracted from the first 500 trees.
7759 rules (length<=4) were extracted from the first 500 trees.
2000 rules (length<=2) were extracted from the first 500 trees.
3992 rules (length<=3) were extracted from the first 500 trees.
7759 rules (length<=4) were extracted from the first 500 trees.
2000 rules (length<=2) were extracted from the first 500 trees.
4000 rules (length<=3) were extracted from the first 500 trees.
7857 rules (length<=4) were extracted from the first 500 trees.
2000 rules (length<=2) were extracted from the first 500 trees.
3999 rules (length<=3) were extracted from the first 500 trees.
7947 rules (length<=4) were extracted from the first 500 trees.
2000 rules (length<=2) were extracted from the first 500 trees.
4000 rules (length<=3) were extracted from the first 500 trees.
7952 rules (length<=4) were extracted from the first 500 trees.
2000 rules (length<=2) were extracted from the first 500 trees.
3981 rules (length<=3) were extracted from the first 500 trees.
7675 rules (length<=4) were extracted from the first 500 trees.
2000 rules (length<=2) were extracted from the first 500 trees.
3999 rules (length<=3) were extracted from the first 500 trees.
7802 rules (length<=4) were extracted from the first 500 trees.
2000 rules (length<=2) were extracted from the first 500 trees.
3998 rules (length<=3) were extracted from the first 500 trees.
7882 rules (length<=4) were extracted from the first 500 trees.
2000 rules (length<=2) were extracted from the first 500 trees.
3997 rules (length<=3) were extracted from the first 500 trees.
7882 rules (length<=4) were extracted from the first 500 trees.
2000 rules (length<=2) were extracted from the first 500 trees.
3989 rules (length<=3) were extracted from the first 500 trees.
7840 rules (length<=4) were extracted from the first 500 trees.
2000 rules (length<=2) were extracted from the first 500 trees.
3998 rules (length<=3) were extracted from the first 500 trees.
7881 rules (length<=4) were extracted from the first 500 trees.
2000 rules (length<=2) were extracted from the first 500 trees.
4000 rules (length<=3) were extracted from the first 500 trees.
7828 rules (length<=4) were extracted from the first 500 trees.
2000 rules (length<=2) were extracted from the first 500 trees.
4000 rules (length<=3) were extracted from the first 500 trees.
7844 rules (length<=4) were extracted from the first 500 trees.
2000 rules (length<=2) were extracted from the first 500 trees.
3995 rules (length<=3) were extracted from the first 500 trees.
7866 rules (length<=4) were extracted from the first 500 trees.
2000 rules (length<=2) were extracted from the first 500 trees.
3998 rules (length<=3) were extracted from the first 500 trees.
7838 rules (length<=4) were extracted from the first 500 trees.
2000 rules (length<=2) were extracted from the first 500 trees.
3997 rules (length<=3) were extracted from the first 500 trees.
7725 rules (length<=4) were extracted from the first 500 trees.
2000 rules (length<=2) were extracted from the first 500 trees.
3992 rules (length<=3) were extracted from the first 500 trees.
7727 rules (length<=4) were extracted from the first 500 trees.
2000 rules (length<=2) were extracted from the first 500 trees.
4000 rules (length<=3) were extracted from the first 500 trees.
7876 rules (length<=4) were extracted from the first 500 trees.
3999 rules (length<=3) were extracted from the first 500 trees.
TRAINING SUCCESSFUL
The most important attribute: att1 (for technique: rfRules)
________________
Dataset: mfeat-karhunen 
Technique: knn 
Probability table:

  1   2   3   4   5   6   7   8   9  10 
0.1 0.1 0.1 0.1 0.1 0.1 0.1 0.1 0.1 0.1 
BEGIN TRAINING
TRAINING SUCCESSFUL
The most important attribute: att5 (for technique: knn)
________________
Dataset: mfeat-karhunen 
Technique: bayesglm 
Probability table:

  1   2   3   4   5   6   7   8   9  10 
0.1 0.1 0.1 0.1 0.1 0.1 0.1 0.1 0.1 0.1 
BEGIN TRAINING
TRAINING SUCCESSFUL
The most important attribute: att1 (for technique: bayesglm)
________________
Most important attribute obtained with all techniques
----------------
There were 50 or more warnings (use warnings() to see the first 50)
****************
RESULTS RECORDED
****************
