Current working directory: /home/chris/github/kappa-threshold 
parameters.csv exists: TRUE 
parameters.csv absolute path: /home/chris/github/kappa-threshold/data/files/parameters.csv 
Dataset: mfeat-zernike 
Technique: C5.0 
Probability table:

  P   N 
0.1 0.9 
BEGIN TRAINING
TRAINING SUCCESSFUL
The most important attribute: att19 (for technique: C5.0)
________________
Dataset: mfeat-zernike 
Technique: ctree 
Probability table:

  P   N 
0.1 0.9 
BEGIN TRAINING
TRAINING SUCCESSFUL
The most important attribute: att19 (for technique: ctree)
________________
Dataset: mfeat-zernike 
Technique: fda 
Probability table:

  P   N 
0.1 0.9 
BEGIN TRAINING
TRAINING SUCCESSFUL
The most important attribute: att19 (for technique: fda)
________________
Dataset: mfeat-zernike 
Technique: gbm 
Probability table:

  P   N 
0.1 0.9 
BEGIN TRAINING
Iter   TrainDeviance   ValidDeviance   StepSize   Improve
     1        0.5202            -nan     0.1000    0.0797
     2        0.4443            -nan     0.1000    0.0390
     3        0.3930            -nan     0.1000    0.0253
     4        0.3532            -nan     0.1000    0.0204
     5        0.3209            -nan     0.1000    0.0157
     6        0.2914            -nan     0.1000    0.0133
     7        0.2697            -nan     0.1000    0.0104
     8        0.2531            -nan     0.1000    0.0079
     9        0.2380            -nan     0.1000    0.0065
    10        0.2230            -nan     0.1000    0.0072
    20        0.1366            -nan     0.1000    0.0023
    40        0.0746            -nan     0.1000    0.0003
    60        0.0515            -nan     0.1000    0.0007
    80        0.0409            -nan     0.1000    0.0000
   100        0.0319            -nan     0.1000    0.0004
   120        0.0264            -nan     0.1000    0.0002
   140        0.0225            -nan     0.1000   -0.0000
   150        0.0199            -nan     0.1000   -0.0000

Iter   TrainDeviance   ValidDeviance   StepSize   Improve
     1        0.5105            -nan     0.1000    0.0785
     2        0.4381            -nan     0.1000    0.0358
     3        0.3868            -nan     0.1000    0.0259
     4        0.3423            -nan     0.1000    0.0231
     5        0.3078            -nan     0.1000    0.0156
     6        0.2809            -nan     0.1000    0.0135
     7        0.2547            -nan     0.1000    0.0122
     8        0.2365            -nan     0.1000    0.0082
     9        0.2159            -nan     0.1000    0.0101
    10        0.1990            -nan     0.1000    0.0077
    20        0.0966            -nan     0.1000    0.0024
    40        0.0465            -nan     0.1000    0.0001
    60        0.0231            -nan     0.1000    0.0005
    80        0.0122            -nan     0.1000    0.0000
   100        0.0085            -nan     0.1000    0.0000
   120        0.0058            -nan     0.1000    0.0000
   140        0.0041            -nan     0.1000    0.0000
   150        0.0037            -nan     0.1000   -0.0000

Iter   TrainDeviance   ValidDeviance   StepSize   Improve
     1        0.5001            -nan     0.1000    0.0803
     2        0.4252            -nan     0.1000    0.0347
     3        0.3675            -nan     0.1000    0.0262
     4        0.3256            -nan     0.1000    0.0206
     5        0.2911            -nan     0.1000    0.0159
     6        0.2640            -nan     0.1000    0.0128
     7        0.2401            -nan     0.1000    0.0105
     8        0.2175            -nan     0.1000    0.0110
     9        0.1973            -nan     0.1000    0.0097
    10        0.1794            -nan     0.1000    0.0079
    20        0.0836            -nan     0.1000    0.0026
    40        0.0285            -nan     0.1000    0.0004
    60        0.0115            -nan     0.1000   -0.0000
    80        0.0060            -nan     0.1000    0.0000
   100        0.0040            -nan     0.1000    0.0000
   120        0.0027            -nan     0.1000    0.0000
   140        0.0018            -nan     0.1000   -0.0000
   150        0.0014            -nan     0.1000    0.0000

Iter   TrainDeviance   ValidDeviance   StepSize   Improve
     1        0.5633            -nan     0.1000    0.0682
     2        0.4877            -nan     0.1000    0.0379
     3        0.4354            -nan     0.1000    0.0251
     4        0.3952            -nan     0.1000    0.0208
     5        0.3654            -nan     0.1000    0.0139
     6        0.3382            -nan     0.1000    0.0131
     7        0.3177            -nan     0.1000    0.0102
     8        0.3012            -nan     0.1000    0.0079
     9        0.2867            -nan     0.1000    0.0058
    10        0.2699            -nan     0.1000    0.0080
    20        0.1711            -nan     0.1000    0.0038
    40        0.0980            -nan     0.1000    0.0007
    60        0.0687            -nan     0.1000    0.0001
    80        0.0537            -nan     0.1000   -0.0000
   100        0.0462            -nan     0.1000   -0.0001
   120        0.0387            -nan     0.1000   -0.0001
   140        0.0334            -nan     0.1000   -0.0000
   150        0.0310            -nan     0.1000   -0.0001

Iter   TrainDeviance   ValidDeviance   StepSize   Improve
     1        0.5521            -nan     0.1000    0.0795
     2        0.4739            -nan     0.1000    0.0378
     3        0.4160            -nan     0.1000    0.0296
     4        0.3726            -nan     0.1000    0.0207
     5        0.3380            -nan     0.1000    0.0179
     6        0.3093            -nan     0.1000    0.0123
     7        0.2791            -nan     0.1000    0.0150
     8        0.2580            -nan     0.1000    0.0103
     9        0.2396            -nan     0.1000    0.0087
    10        0.2172            -nan     0.1000    0.0089
    20        0.1144            -nan     0.1000    0.0024
    40        0.0474            -nan     0.1000    0.0006
    60        0.0290            -nan     0.1000    0.0001
    80        0.0193            -nan     0.1000    0.0002
   100        0.0136            -nan     0.1000   -0.0000
   120        0.0099            -nan     0.1000    0.0000
   140        0.0076            -nan     0.1000    0.0000
   150        0.0067            -nan     0.1000    0.0000

Iter   TrainDeviance   ValidDeviance   StepSize   Improve
     1        0.5437            -nan     0.1000    0.0877
     2        0.4642            -nan     0.1000    0.0420
     3        0.4049            -nan     0.1000    0.0295
     4        0.3589            -nan     0.1000    0.0245
     5        0.3216            -nan     0.1000    0.0190
     6        0.2890            -nan     0.1000    0.0162
     7        0.2615            -nan     0.1000    0.0134
     8        0.2382            -nan     0.1000    0.0112
     9        0.2171            -nan     0.1000    0.0096
    10        0.1989            -nan     0.1000    0.0080
    20        0.0972            -nan     0.1000    0.0023
    40        0.0353            -nan     0.1000    0.0010
    60        0.0177            -nan     0.1000    0.0002
    80        0.0103            -nan     0.1000   -0.0000
   100        0.0069            -nan     0.1000    0.0001
   120        0.0048            -nan     0.1000    0.0000
   140        0.0034            -nan     0.1000   -0.0000
   150        0.0029            -nan     0.1000    0.0000

Iter   TrainDeviance   ValidDeviance   StepSize   Improve
     1        0.5159            -nan     0.1000    0.0723
     2        0.4488            -nan     0.1000    0.0332
     3        0.4004            -nan     0.1000    0.0236
     4        0.3657            -nan     0.1000    0.0182
     5        0.3369            -nan     0.1000    0.0150
     6        0.3131            -nan     0.1000    0.0126
     7        0.2944            -nan     0.1000    0.0082
     8        0.2746            -nan     0.1000    0.0093
     9        0.2578            -nan     0.1000    0.0073
    10        0.2454            -nan     0.1000    0.0059
    20        0.1642            -nan     0.1000    0.0031
    40        0.0997            -nan     0.1000    0.0000
    60        0.0726            -nan     0.1000    0.0006
    80        0.0596            -nan     0.1000    0.0001
   100        0.0512            -nan     0.1000   -0.0002
   120        0.0431            -nan     0.1000    0.0004
   140        0.0383            -nan     0.1000   -0.0001
   150        0.0355            -nan     0.1000   -0.0000

Iter   TrainDeviance   ValidDeviance   StepSize   Improve
     1        0.5092            -nan     0.1000    0.0689
     2        0.4435            -nan     0.1000    0.0358
     3        0.3900            -nan     0.1000    0.0276
     4        0.3540            -nan     0.1000    0.0171
     5        0.3226            -nan     0.1000    0.0157
     6        0.2930            -nan     0.1000    0.0138
     7        0.2704            -nan     0.1000    0.0113
     8        0.2510            -nan     0.1000    0.0097
     9        0.2341            -nan     0.1000    0.0083
    10        0.2195            -nan     0.1000    0.0068
    20        0.1232            -nan     0.1000    0.0023
    40        0.0547            -nan     0.1000   -0.0000
    60        0.0291            -nan     0.1000    0.0001
    80        0.0205            -nan     0.1000    0.0000
   100        0.0153            -nan     0.1000    0.0000
   120        0.0124            -nan     0.1000   -0.0000
   140        0.0096            -nan     0.1000   -0.0000
   150        0.0083            -nan     0.1000    0.0000

Iter   TrainDeviance   ValidDeviance   StepSize   Improve
     1        0.5052            -nan     0.1000    0.0739
     2        0.4319            -nan     0.1000    0.0369
     3        0.3822            -nan     0.1000    0.0240
     4        0.3433            -nan     0.1000    0.0177
     5        0.3094            -nan     0.1000    0.0158
     6        0.2820            -nan     0.1000    0.0130
     7        0.2583            -nan     0.1000    0.0115
     8        0.2360            -nan     0.1000    0.0100
     9        0.2175            -nan     0.1000    0.0087
    10        0.2009            -nan     0.1000    0.0077
    20        0.1045            -nan     0.1000    0.0025
    40        0.0406            -nan     0.1000    0.0005
    60        0.0208            -nan     0.1000   -0.0001
    80        0.0120            -nan     0.1000   -0.0000
   100        0.0077            -nan     0.1000    0.0000
   120        0.0057            -nan     0.1000    0.0000
   140        0.0042            -nan     0.1000    0.0000
   150        0.0034            -nan     0.1000    0.0000

Iter   TrainDeviance   ValidDeviance   StepSize   Improve
     1        0.5168            -nan     0.1000    0.0694
     2        0.4539            -nan     0.1000    0.0316
     3        0.4107            -nan     0.1000    0.0217
     4        0.3778            -nan     0.1000    0.0160
     5        0.3505            -nan     0.1000    0.0126
     6        0.3258            -nan     0.1000    0.0125
     7        0.3050            -nan     0.1000    0.0097
     8        0.2891            -nan     0.1000    0.0080
     9        0.2722            -nan     0.1000    0.0082
    10        0.2560            -nan     0.1000    0.0068
    20        0.1632            -nan     0.1000    0.0017
    40        0.0924            -nan     0.1000    0.0002
    60        0.0643            -nan     0.1000   -0.0000
    80        0.0445            -nan     0.1000    0.0000
   100        0.0339            -nan     0.1000    0.0001
   120        0.0268            -nan     0.1000    0.0000
   140        0.0210            -nan     0.1000   -0.0001
   150        0.0193            -nan     0.1000   -0.0000

Iter   TrainDeviance   ValidDeviance   StepSize   Improve
     1        0.5089            -nan     0.1000    0.0748
     2        0.4401            -nan     0.1000    0.0335
     3        0.3921            -nan     0.1000    0.0211
     4        0.3489            -nan     0.1000    0.0212
     5        0.3182            -nan     0.1000    0.0146
     6        0.2920            -nan     0.1000    0.0116
     7        0.2662            -nan     0.1000    0.0121
     8        0.2422            -nan     0.1000    0.0113
     9        0.2219            -nan     0.1000    0.0101
    10        0.2047            -nan     0.1000    0.0083
    20        0.1112            -nan     0.1000    0.0026
    40        0.0453            -nan     0.1000    0.0004
    60        0.0237            -nan     0.1000    0.0001
    80        0.0151            -nan     0.1000    0.0000
   100        0.0102            -nan     0.1000    0.0000
   120        0.0073            -nan     0.1000   -0.0000
   140        0.0056            -nan     0.1000   -0.0000
   150        0.0045            -nan     0.1000    0.0000

Iter   TrainDeviance   ValidDeviance   StepSize   Improve
     1        0.5036            -nan     0.1000    0.0818
     2        0.4319            -nan     0.1000    0.0347
     3        0.3772            -nan     0.1000    0.0270
     4        0.3390            -nan     0.1000    0.0196
     5        0.3045            -nan     0.1000    0.0150
     6        0.2745            -nan     0.1000    0.0144
     7        0.2517            -nan     0.1000    0.0105
     8        0.2328            -nan     0.1000    0.0086
     9        0.2144            -nan     0.1000    0.0090
    10        0.1996            -nan     0.1000    0.0059
    20        0.0950            -nan     0.1000    0.0036
    40        0.0301            -nan     0.1000    0.0008
    60        0.0140            -nan     0.1000    0.0001
    80        0.0077            -nan     0.1000    0.0001
   100        0.0048            -nan     0.1000   -0.0000
   120        0.0031            -nan     0.1000   -0.0000
   140        0.0021            -nan     0.1000    0.0000
   150        0.0017            -nan     0.1000   -0.0000

Iter   TrainDeviance   ValidDeviance   StepSize   Improve
     1        0.5150            -nan     0.1000    0.0771
     2        0.4442            -nan     0.1000    0.0334
     3        0.3952            -nan     0.1000    0.0234
     4        0.3589            -nan     0.1000    0.0185
     5        0.3275            -nan     0.1000    0.0139
     6        0.3059            -nan     0.1000    0.0102
     7        0.2862            -nan     0.1000    0.0097
     8        0.2692            -nan     0.1000    0.0078
     9        0.2538            -nan     0.1000    0.0071
    10        0.2417            -nan     0.1000    0.0051
    20        0.1597            -nan     0.1000    0.0023
    40        0.0975            -nan     0.1000    0.0019
    60        0.0692            -nan     0.1000    0.0000
    80        0.0534            -nan     0.1000    0.0001
   100        0.0452            -nan     0.1000    0.0000
   120        0.0377            -nan     0.1000    0.0000
   140        0.0335            -nan     0.1000   -0.0002
   150        0.0309            -nan     0.1000    0.0000

Iter   TrainDeviance   ValidDeviance   StepSize   Improve
     1        0.5047            -nan     0.1000    0.0767
     2        0.4340            -nan     0.1000    0.0369
     3        0.3830            -nan     0.1000    0.0255
     4        0.3427            -nan     0.1000    0.0176
     5        0.3119            -nan     0.1000    0.0134
     6        0.2838            -nan     0.1000    0.0144
     7        0.2612            -nan     0.1000    0.0118
     8        0.2430            -nan     0.1000    0.0083
     9        0.2259            -nan     0.1000    0.0079
    10        0.2115            -nan     0.1000    0.0062
    20        0.1184            -nan     0.1000    0.0032
    40        0.0559            -nan     0.1000    0.0007
    60        0.0349            -nan     0.1000    0.0003
    80        0.0218            -nan     0.1000    0.0001
   100        0.0140            -nan     0.1000   -0.0000
   120        0.0095            -nan     0.1000    0.0000
   140        0.0071            -nan     0.1000    0.0000
   150        0.0061            -nan     0.1000    0.0000

Iter   TrainDeviance   ValidDeviance   StepSize   Improve
     1        0.5015            -nan     0.1000    0.0708
     2        0.4285            -nan     0.1000    0.0371
     3        0.3775            -nan     0.1000    0.0242
     4        0.3386            -nan     0.1000    0.0186
     5        0.3063            -nan     0.1000    0.0161
     6        0.2781            -nan     0.1000    0.0139
     7        0.2548            -nan     0.1000    0.0118
     8        0.2325            -nan     0.1000    0.0097
     9        0.2118            -nan     0.1000    0.0102
    10        0.1962            -nan     0.1000    0.0072
    20        0.0994            -nan     0.1000    0.0018
    40        0.0439            -nan     0.1000    0.0002
    60        0.0221            -nan     0.1000    0.0001
    80        0.0095            -nan     0.1000    0.0001
   100        0.0060            -nan     0.1000    0.0000
   120        0.0040            -nan     0.1000   -0.0000
   140        0.0028            -nan     0.1000    0.0000
   150        0.0023            -nan     0.1000   -0.0000

Iter   TrainDeviance   ValidDeviance   StepSize   Improve
     1        0.4747            -nan     0.1000    0.0697
     2        0.4135            -nan     0.1000    0.0297
     3        0.3687            -nan     0.1000    0.0225
     4        0.3355            -nan     0.1000    0.0161
     5        0.3088            -nan     0.1000    0.0134
     6        0.2864            -nan     0.1000    0.0108
     7        0.2644            -nan     0.1000    0.0103
     8        0.2465            -nan     0.1000    0.0081
     9        0.2335            -nan     0.1000    0.0062
    10        0.2215            -nan     0.1000    0.0056
    20        0.1459            -nan     0.1000    0.0010
    40        0.0799            -nan     0.1000    0.0007
    60        0.0562            -nan     0.1000    0.0011
    80        0.0446            -nan     0.1000    0.0001
   100        0.0390            -nan     0.1000   -0.0000
   120        0.0333            -nan     0.1000   -0.0001
   140        0.0294            -nan     0.1000    0.0000
   150        0.0275            -nan     0.1000   -0.0000

Iter   TrainDeviance   ValidDeviance   StepSize   Improve
     1        0.4731            -nan     0.1000    0.0789
     2        0.4055            -nan     0.1000    0.0323
     3        0.3624            -nan     0.1000    0.0197
     4        0.3262            -nan     0.1000    0.0174
     5        0.2971            -nan     0.1000    0.0145
     6        0.2733            -nan     0.1000    0.0122
     7        0.2509            -nan     0.1000    0.0097
     8        0.2322            -nan     0.1000    0.0088
     9        0.2148            -nan     0.1000    0.0085
    10        0.2022            -nan     0.1000    0.0060
    20        0.1080            -nan     0.1000    0.0016
    40        0.0510            -nan     0.1000    0.0003
    60        0.0307            -nan     0.1000   -0.0000
    80        0.0225            -nan     0.1000   -0.0000
   100        0.0167            -nan     0.1000    0.0000
   120        0.0117            -nan     0.1000   -0.0001
   140        0.0096            -nan     0.1000   -0.0000
   150        0.0082            -nan     0.1000   -0.0000

Iter   TrainDeviance   ValidDeviance   StepSize   Improve
     1        0.4680            -nan     0.1000    0.0756
     2        0.4030            -nan     0.1000    0.0340
     3        0.3507            -nan     0.1000    0.0261
     4        0.3143            -nan     0.1000    0.0172
     5        0.2782            -nan     0.1000    0.0159
     6        0.2544            -nan     0.1000    0.0109
     7        0.2322            -nan     0.1000    0.0105
     8        0.2128            -nan     0.1000    0.0089
     9        0.1974            -nan     0.1000    0.0077
    10        0.1825            -nan     0.1000    0.0065
    20        0.0896            -nan     0.1000    0.0026
    40        0.0360            -nan     0.1000    0.0005
    60        0.0221            -nan     0.1000    0.0000
    80        0.0127            -nan     0.1000   -0.0000
   100        0.0082            -nan     0.1000    0.0000
   120        0.0061            -nan     0.1000   -0.0000
   140        0.0043            -nan     0.1000    0.0000
   150        0.0036            -nan     0.1000   -0.0000

Iter   TrainDeviance   ValidDeviance   StepSize   Improve
     1        0.5175            -nan     0.1000    0.0730
     2        0.4464            -nan     0.1000    0.0313
     3        0.3943            -nan     0.1000    0.0244
     4        0.3541            -nan     0.1000    0.0219
     5        0.3227            -nan     0.1000    0.0148
     6        0.2970            -nan     0.1000    0.0126
     7        0.2757            -nan     0.1000    0.0110
     8        0.2579            -nan     0.1000    0.0083
     9        0.2414            -nan     0.1000    0.0079
    10        0.2277            -nan     0.1000    0.0069
    20        0.1443            -nan     0.1000    0.0026
    40        0.0841            -nan     0.1000   -0.0001
    60        0.0559            -nan     0.1000    0.0003
    80        0.0444            -nan     0.1000    0.0000
   100        0.0347            -nan     0.1000    0.0004
   120        0.0304            -nan     0.1000    0.0000
   140        0.0264            -nan     0.1000   -0.0001
   150        0.0248            -nan     0.1000   -0.0001

Iter   TrainDeviance   ValidDeviance   StepSize   Improve
     1        0.5086            -nan     0.1000    0.0824
     2        0.4355            -nan     0.1000    0.0345
     3        0.3861            -nan     0.1000    0.0239
     4        0.3470            -nan     0.1000    0.0203
     5        0.3131            -nan     0.1000    0.0168
     6        0.2873            -nan     0.1000    0.0124
     7        0.2634            -nan     0.1000    0.0116
     8        0.2434            -nan     0.1000    0.0092
     9        0.2264            -nan     0.1000    0.0083
    10        0.2066            -nan     0.1000    0.0099
    20        0.1082            -nan     0.1000    0.0020
    40        0.0466            -nan     0.1000   -0.0001
    60        0.0259            -nan     0.1000    0.0001
    80        0.0171            -nan     0.1000   -0.0000
   100        0.0120            -nan     0.1000   -0.0000
   120        0.0084            -nan     0.1000    0.0000
   140        0.0066            -nan     0.1000   -0.0000
   150        0.0058            -nan     0.1000   -0.0000

Iter   TrainDeviance   ValidDeviance   StepSize   Improve
     1        0.5044            -nan     0.1000    0.0815
     2        0.4296            -nan     0.1000    0.0352
     3        0.3741            -nan     0.1000    0.0256
     4        0.3344            -nan     0.1000    0.0196
     5        0.2962            -nan     0.1000    0.0185
     6        0.2686            -nan     0.1000    0.0129
     7        0.2438            -nan     0.1000    0.0117
     8        0.2229            -nan     0.1000    0.0097
     9        0.2052            -nan     0.1000    0.0076
    10        0.1899            -nan     0.1000    0.0065
    20        0.0925            -nan     0.1000    0.0027
    40        0.0343            -nan     0.1000    0.0003
    60        0.0165            -nan     0.1000    0.0002
    80        0.0091            -nan     0.1000    0.0000
   100        0.0059            -nan     0.1000    0.0000
   120        0.0040            -nan     0.1000    0.0000
   140        0.0029            -nan     0.1000   -0.0000
   150        0.0025            -nan     0.1000    0.0000

Iter   TrainDeviance   ValidDeviance   StepSize   Improve
     1        0.4981            -nan     0.1000    0.0751
     2        0.4324            -nan     0.1000    0.0339
     3        0.3910            -nan     0.1000    0.0198
     4        0.3544            -nan     0.1000    0.0189
     5        0.3242            -nan     0.1000    0.0131
     6        0.3009            -nan     0.1000    0.0117
     7        0.2805            -nan     0.1000    0.0083
     8        0.2644            -nan     0.1000    0.0079
     9        0.2510            -nan     0.1000    0.0065
    10        0.2373            -nan     0.1000    0.0062
    20        0.1516            -nan     0.1000    0.0023
    40        0.0887            -nan     0.1000    0.0011
    60        0.0623            -nan     0.1000   -0.0000
    80        0.0507            -nan     0.1000   -0.0001
   100        0.0446            -nan     0.1000   -0.0001
   120        0.0378            -nan     0.1000    0.0001
   140        0.0328            -nan     0.1000   -0.0001
   150        0.0297            -nan     0.1000   -0.0000

Iter   TrainDeviance   ValidDeviance   StepSize   Improve
     1        0.4959            -nan     0.1000    0.0829
     2        0.4295            -nan     0.1000    0.0320
     3        0.3813            -nan     0.1000    0.0222
     4        0.3437            -nan     0.1000    0.0171
     5        0.3134            -nan     0.1000    0.0143
     6        0.2871            -nan     0.1000    0.0128
     7        0.2646            -nan     0.1000    0.0104
     8        0.2443            -nan     0.1000    0.0102
     9        0.2267            -nan     0.1000    0.0083
    10        0.2110            -nan     0.1000    0.0075
    20        0.1163            -nan     0.1000    0.0029
    40        0.0552            -nan     0.1000    0.0009
    60        0.0245            -nan     0.1000    0.0000
    80        0.0165            -nan     0.1000   -0.0000
   100        0.0120            -nan     0.1000   -0.0000
   120        0.0086            -nan     0.1000   -0.0000
   140        0.0065            -nan     0.1000   -0.0000
   150        0.0059            -nan     0.1000   -0.0001

Iter   TrainDeviance   ValidDeviance   StepSize   Improve
     1        0.4862            -nan     0.1000    0.0767
     2        0.4183            -nan     0.1000    0.0329
     3        0.3646            -nan     0.1000    0.0241
     4        0.3263            -nan     0.1000    0.0193
     5        0.2948            -nan     0.1000    0.0159
     6        0.2693            -nan     0.1000    0.0130
     7        0.2474            -nan     0.1000    0.0104
     8        0.2277            -nan     0.1000    0.0090
     9        0.2055            -nan     0.1000    0.0098
    10        0.1911            -nan     0.1000    0.0069
    20        0.0973            -nan     0.1000    0.0029
    40        0.0352            -nan     0.1000    0.0002
    60        0.0165            -nan     0.1000    0.0002
    80        0.0095            -nan     0.1000   -0.0000
   100        0.0063            -nan     0.1000    0.0001
   120        0.0042            -nan     0.1000    0.0000
   140        0.0030            -nan     0.1000    0.0000
   150        0.0025            -nan     0.1000    0.0000

Iter   TrainDeviance   ValidDeviance   StepSize   Improve
     1        0.4916            -nan     0.1000    0.0806
     2        0.4226            -nan     0.1000    0.0339
     3        0.3749            -nan     0.1000    0.0238
     4        0.3356            -nan     0.1000    0.0197
     5        0.3035            -nan     0.1000    0.0135
     6        0.2786            -nan     0.1000    0.0129
     7        0.2584            -nan     0.1000    0.0096
     8        0.2390            -nan     0.1000    0.0091
     9        0.2237            -nan     0.1000    0.0072
    10        0.2095            -nan     0.1000    0.0060
    20        0.1291            -nan     0.1000    0.0037
    40        0.0694            -nan     0.1000    0.0010
    60        0.0468            -nan     0.1000    0.0001
    80        0.0343            -nan     0.1000   -0.0001
   100        0.0264            -nan     0.1000   -0.0001
   120        0.0229            -nan     0.1000   -0.0001
   140        0.0167            -nan     0.1000    0.0000
   150        0.0158            -nan     0.1000    0.0000

Iter   TrainDeviance   ValidDeviance   StepSize   Improve
     1        0.4859            -nan     0.1000    0.0880
     2        0.4102            -nan     0.1000    0.0399
     3        0.3597            -nan     0.1000    0.0244
     4        0.3197            -nan     0.1000    0.0187
     5        0.2876            -nan     0.1000    0.0144
     6        0.2601            -nan     0.1000    0.0126
     7        0.2377            -nan     0.1000    0.0102
     8        0.2175            -nan     0.1000    0.0098
     9        0.1991            -nan     0.1000    0.0086
    10        0.1840            -nan     0.1000    0.0067
    20        0.0939            -nan     0.1000    0.0022
    40        0.0390            -nan     0.1000    0.0007
    60        0.0217            -nan     0.1000    0.0000
    80        0.0141            -nan     0.1000   -0.0000
   100        0.0093            -nan     0.1000   -0.0000
   120        0.0068            -nan     0.1000    0.0001
   140        0.0050            -nan     0.1000   -0.0000
   150        0.0045            -nan     0.1000   -0.0000

Iter   TrainDeviance   ValidDeviance   StepSize   Improve
     1        0.4768            -nan     0.1000    0.0824
     2        0.4042            -nan     0.1000    0.0357
     3        0.3509            -nan     0.1000    0.0247
     4        0.3096            -nan     0.1000    0.0217
     5        0.2779            -nan     0.1000    0.0158
     6        0.2495            -nan     0.1000    0.0140
     7        0.2259            -nan     0.1000    0.0107
     8        0.2046            -nan     0.1000    0.0096
     9        0.1880            -nan     0.1000    0.0077
    10        0.1727            -nan     0.1000    0.0070
    20        0.0834            -nan     0.1000    0.0019
    40        0.0266            -nan     0.1000    0.0006
    60        0.0126            -nan     0.1000    0.0000
    80        0.0081            -nan     0.1000   -0.0000
   100        0.0052            -nan     0.1000    0.0000
   120        0.0036            -nan     0.1000   -0.0000
   140        0.0025            -nan     0.1000    0.0000
   150        0.0021            -nan     0.1000    0.0000

Iter   TrainDeviance   ValidDeviance   StepSize   Improve
     1        0.5269            -nan     0.1000    0.0750
     2        0.4557            -nan     0.1000    0.0342
     3        0.4011            -nan     0.1000    0.0270
     4        0.3612            -nan     0.1000    0.0194
     5        0.3297            -nan     0.1000    0.0157
     6        0.3062            -nan     0.1000    0.0120
     7        0.2814            -nan     0.1000    0.0115
     8        0.2640            -nan     0.1000    0.0086
     9        0.2475            -nan     0.1000    0.0081
    10        0.2299            -nan     0.1000    0.0088
    20        0.1431            -nan     0.1000    0.0022
    40        0.0814            -nan     0.1000   -0.0001
    60        0.0601            -nan     0.1000   -0.0000
    80        0.0489            -nan     0.1000   -0.0001
   100        0.0416            -nan     0.1000    0.0000
   120        0.0360            -nan     0.1000    0.0000
   140        0.0322            -nan     0.1000   -0.0002
   150        0.0307            -nan     0.1000   -0.0001

Iter   TrainDeviance   ValidDeviance   StepSize   Improve
     1        0.5167            -nan     0.1000    0.0775
     2        0.4420            -nan     0.1000    0.0392
     3        0.3878            -nan     0.1000    0.0234
     4        0.3455            -nan     0.1000    0.0209
     5        0.3123            -nan     0.1000    0.0153
     6        0.2840            -nan     0.1000    0.0141
     7        0.2603            -nan     0.1000    0.0117
     8        0.2396            -nan     0.1000    0.0098
     9        0.2214            -nan     0.1000    0.0082
    10        0.2057            -nan     0.1000    0.0072
    20        0.1088            -nan     0.1000    0.0021
    40        0.0494            -nan     0.1000    0.0006
    60        0.0296            -nan     0.1000   -0.0001
    80        0.0195            -nan     0.1000   -0.0001
   100        0.0143            -nan     0.1000    0.0000
   120        0.0093            -nan     0.1000    0.0000
   140        0.0072            -nan     0.1000   -0.0000
   150        0.0063            -nan     0.1000   -0.0000

Iter   TrainDeviance   ValidDeviance   StepSize   Improve
     1        0.5176            -nan     0.1000    0.0717
     2        0.4398            -nan     0.1000    0.0384
     3        0.3834            -nan     0.1000    0.0276
     4        0.3411            -nan     0.1000    0.0216
     5        0.3076            -nan     0.1000    0.0150
     6        0.2802            -nan     0.1000    0.0135
     7        0.2572            -nan     0.1000    0.0111
     8        0.2355            -nan     0.1000    0.0100
     9        0.2181            -nan     0.1000    0.0085
    10        0.1990            -nan     0.1000    0.0094
    20        0.0986            -nan     0.1000    0.0016
    40        0.0393            -nan     0.1000    0.0004
    60        0.0183            -nan     0.1000    0.0000
    80        0.0102            -nan     0.1000    0.0000
   100        0.0064            -nan     0.1000   -0.0001
   120        0.0044            -nan     0.1000   -0.0000
   140        0.0031            -nan     0.1000   -0.0000
   150        0.0027            -nan     0.1000    0.0000

Iter   TrainDeviance   ValidDeviance   StepSize   Improve
     1        0.5257            -nan     0.1000    0.0810
     2        0.4545            -nan     0.1000    0.0352
     3        0.3996            -nan     0.1000    0.0274
     4        0.3597            -nan     0.1000    0.0179
     5        0.3273            -nan     0.1000    0.0168
     6        0.3028            -nan     0.1000    0.0115
     7        0.2805            -nan     0.1000    0.0118
     8        0.2608            -nan     0.1000    0.0091
     9        0.2446            -nan     0.1000    0.0084
    10        0.2317            -nan     0.1000    0.0070
    20        0.1480            -nan     0.1000    0.0017
    40        0.0837            -nan     0.1000    0.0004
    60        0.0583            -nan     0.1000    0.0005
    80        0.0473            -nan     0.1000    0.0000
   100        0.0381            -nan     0.1000    0.0001
   120        0.0335            -nan     0.1000   -0.0000
   140        0.0288            -nan     0.1000   -0.0000
   150        0.0267            -nan     0.1000    0.0000

Iter   TrainDeviance   ValidDeviance   StepSize   Improve
     1        0.5147            -nan     0.1000    0.0806
     2        0.4408            -nan     0.1000    0.0394
     3        0.3879            -nan     0.1000    0.0254
     4        0.3470            -nan     0.1000    0.0197
     5        0.3112            -nan     0.1000    0.0170
     6        0.2816            -nan     0.1000    0.0146
     7        0.2559            -nan     0.1000    0.0112
     8        0.2348            -nan     0.1000    0.0102
     9        0.2156            -nan     0.1000    0.0097
    10        0.1984            -nan     0.1000    0.0075
    20        0.1028            -nan     0.1000    0.0028
    40        0.0451            -nan     0.1000    0.0006
    60        0.0260            -nan     0.1000    0.0003
    80        0.0196            -nan     0.1000    0.0000
   100        0.0134            -nan     0.1000    0.0001
   120        0.0102            -nan     0.1000   -0.0000
   140        0.0074            -nan     0.1000   -0.0000
   150        0.0066            -nan     0.1000   -0.0000

Iter   TrainDeviance   ValidDeviance   StepSize   Improve
     1        0.5083            -nan     0.1000    0.0766
     2        0.4292            -nan     0.1000    0.0390
     3        0.3758            -nan     0.1000    0.0266
     4        0.3326            -nan     0.1000    0.0191
     5        0.2995            -nan     0.1000    0.0162
     6        0.2699            -nan     0.1000    0.0140
     7        0.2440            -nan     0.1000    0.0111
     8        0.2218            -nan     0.1000    0.0104
     9        0.2023            -nan     0.1000    0.0090
    10        0.1866            -nan     0.1000    0.0077
    20        0.0915            -nan     0.1000    0.0029
    40        0.0313            -nan     0.1000    0.0004
    60        0.0156            -nan     0.1000    0.0001
    80        0.0090            -nan     0.1000    0.0000
   100        0.0058            -nan     0.1000   -0.0000
   120        0.0039            -nan     0.1000   -0.0000
   140        0.0027            -nan     0.1000    0.0000
   150        0.0023            -nan     0.1000   -0.0000

Iter   TrainDeviance   ValidDeviance   StepSize   Improve
     1        0.4925            -nan     0.1000    0.0761
     2        0.4246            -nan     0.1000    0.0304
     3        0.3791            -nan     0.1000    0.0231
     4        0.3429            -nan     0.1000    0.0182
     5        0.3100            -nan     0.1000    0.0158
     6        0.2864            -nan     0.1000    0.0123
     7        0.2662            -nan     0.1000    0.0106
     8        0.2497            -nan     0.1000    0.0078
     9        0.2342            -nan     0.1000    0.0077
    10        0.2207            -nan     0.1000    0.0063
    20        0.1454            -nan     0.1000    0.0017
    40        0.0915            -nan     0.1000    0.0004
    60        0.0719            -nan     0.1000   -0.0001
    80        0.0607            -nan     0.1000   -0.0000
   100        0.0515            -nan     0.1000   -0.0002
   120        0.0448            -nan     0.1000    0.0000
   140        0.0408            -nan     0.1000   -0.0002
   150        0.0381            -nan     0.1000   -0.0004

Iter   TrainDeviance   ValidDeviance   StepSize   Improve
     1        0.4884            -nan     0.1000    0.0810
     2        0.4169            -nan     0.1000    0.0350
     3        0.3682            -nan     0.1000    0.0237
     4        0.3289            -nan     0.1000    0.0185
     5        0.2987            -nan     0.1000    0.0151
     6        0.2727            -nan     0.1000    0.0133
     7        0.2507            -nan     0.1000    0.0107
     8        0.2325            -nan     0.1000    0.0091
     9        0.2152            -nan     0.1000    0.0083
    10        0.2005            -nan     0.1000    0.0066
    20        0.1130            -nan     0.1000    0.0027
    40        0.0524            -nan     0.1000    0.0002
    60        0.0310            -nan     0.1000    0.0002
    80        0.0220            -nan     0.1000   -0.0001
   100        0.0167            -nan     0.1000   -0.0000
   120        0.0105            -nan     0.1000   -0.0000
   140        0.0079            -nan     0.1000   -0.0000
   150        0.0069            -nan     0.1000   -0.0000

Iter   TrainDeviance   ValidDeviance   StepSize   Improve
     1        0.4863            -nan     0.1000    0.0829
     2        0.4164            -nan     0.1000    0.0330
     3        0.3660            -nan     0.1000    0.0241
     4        0.3272            -nan     0.1000    0.0188
     5        0.2926            -nan     0.1000    0.0165
     6        0.2667            -nan     0.1000    0.0125
     7        0.2452            -nan     0.1000    0.0105
     8        0.2249            -nan     0.1000    0.0094
     9        0.2088            -nan     0.1000    0.0071
    10        0.1925            -nan     0.1000    0.0074
    20        0.1022            -nan     0.1000    0.0023
    40        0.0413            -nan     0.1000    0.0001
    60        0.0225            -nan     0.1000    0.0003
    80        0.0115            -nan     0.1000    0.0001
   100        0.0073            -nan     0.1000    0.0000
   120        0.0049            -nan     0.1000   -0.0000
   140        0.0035            -nan     0.1000   -0.0000
   150        0.0029            -nan     0.1000    0.0000

Iter   TrainDeviance   ValidDeviance   StepSize   Improve
     1        0.4954            -nan     0.1000    0.0827
     2        0.4328            -nan     0.1000    0.0331
     3        0.3878            -nan     0.1000    0.0221
     4        0.3528            -nan     0.1000    0.0161
     5        0.3252            -nan     0.1000    0.0134
     6        0.3033            -nan     0.1000    0.0114
     7        0.2828            -nan     0.1000    0.0097
     8        0.2636            -nan     0.1000    0.0092
     9        0.2445            -nan     0.1000    0.0091
    10        0.2330            -nan     0.1000    0.0050
    20        0.1456            -nan     0.1000    0.0031
    40        0.0842            -nan     0.1000    0.0007
    60        0.0572            -nan     0.1000    0.0001
    80        0.0458            -nan     0.1000    0.0000
   100        0.0366            -nan     0.1000    0.0003
   120        0.0300            -nan     0.1000   -0.0002
   140        0.0259            -nan     0.1000    0.0000
   150        0.0241            -nan     0.1000   -0.0000

Iter   TrainDeviance   ValidDeviance   StepSize   Improve
     1        0.4857            -nan     0.1000    0.0769
     2        0.4179            -nan     0.1000    0.0316
     3        0.3700            -nan     0.1000    0.0242
     4        0.3326            -nan     0.1000    0.0181
     5        0.3019            -nan     0.1000    0.0143
     6        0.2766            -nan     0.1000    0.0115
     7        0.2530            -nan     0.1000    0.0115
     8        0.2329            -nan     0.1000    0.0098
     9        0.2141            -nan     0.1000    0.0079
    10        0.1960            -nan     0.1000    0.0087
    20        0.1009            -nan     0.1000    0.0034
    40        0.0448            -nan     0.1000    0.0001
    60        0.0221            -nan     0.1000   -0.0002
    80        0.0144            -nan     0.1000    0.0000
   100        0.0100            -nan     0.1000   -0.0000
   120        0.0078            -nan     0.1000   -0.0000
   140        0.0057            -nan     0.1000   -0.0000
   150        0.0049            -nan     0.1000   -0.0000

Iter   TrainDeviance   ValidDeviance   StepSize   Improve
     1        0.4855            -nan     0.1000    0.0787
     2        0.4140            -nan     0.1000    0.0323
     3        0.3621            -nan     0.1000    0.0252
     4        0.3255            -nan     0.1000    0.0199
     5        0.2944            -nan     0.1000    0.0161
     6        0.2661            -nan     0.1000    0.0133
     7        0.2440            -nan     0.1000    0.0103
     8        0.2200            -nan     0.1000    0.0119
     9        0.2021            -nan     0.1000    0.0086
    10        0.1863            -nan     0.1000    0.0080
    20        0.0928            -nan     0.1000    0.0023
    40        0.0326            -nan     0.1000    0.0006
    60        0.0144            -nan     0.1000    0.0000
    80        0.0088            -nan     0.1000   -0.0000
   100        0.0056            -nan     0.1000   -0.0000
   120        0.0039            -nan     0.1000    0.0000
   140        0.0026            -nan     0.1000   -0.0000
   150        0.0023            -nan     0.1000    0.0000

Iter   TrainDeviance   ValidDeviance   StepSize   Improve
     1        0.4779            -nan     0.1000    0.0701
     2        0.4167            -nan     0.1000    0.0286
     3        0.3733            -nan     0.1000    0.0221
     4        0.3400            -nan     0.1000    0.0166
     5        0.3165            -nan     0.1000    0.0116
     6        0.2937            -nan     0.1000    0.0103
     7        0.2746            -nan     0.1000    0.0090
     8        0.2592            -nan     0.1000    0.0076
     9        0.2466            -nan     0.1000    0.0057
    10        0.2339            -nan     0.1000    0.0058
    20        0.1628            -nan     0.1000    0.0034
    40        0.1075            -nan     0.1000    0.0003
    60        0.0836            -nan     0.1000    0.0001
    80        0.0697            -nan     0.1000    0.0002
   100        0.0583            -nan     0.1000   -0.0000
   120        0.0505            -nan     0.1000   -0.0001
   140        0.0442            -nan     0.1000   -0.0002
   150        0.0413            -nan     0.1000   -0.0002

Iter   TrainDeviance   ValidDeviance   StepSize   Improve
     1        0.4555            -nan     0.1000    0.0694
     2        0.3916            -nan     0.1000    0.0321
     3        0.3457            -nan     0.1000    0.0216
     4        0.3118            -nan     0.1000    0.0151
     5        0.2844            -nan     0.1000    0.0143
     6        0.2626            -nan     0.1000    0.0114
     7        0.2445            -nan     0.1000    0.0094
     8        0.2241            -nan     0.1000    0.0095
     9        0.2106            -nan     0.1000    0.0064
    10        0.1966            -nan     0.1000    0.0065
    20        0.1169            -nan     0.1000    0.0027
    40        0.0576            -nan     0.1000    0.0006
    60        0.0337            -nan     0.1000    0.0000
    80        0.0229            -nan     0.1000   -0.0000
   100        0.0140            -nan     0.1000    0.0000
   120        0.0108            -nan     0.1000   -0.0001
   140        0.0083            -nan     0.1000    0.0000
   150        0.0074            -nan     0.1000   -0.0000

Iter   TrainDeviance   ValidDeviance   StepSize   Improve
     1        0.4526            -nan     0.1000    0.0906
     2        0.3863            -nan     0.1000    0.0328
     3        0.3391            -nan     0.1000    0.0232
     4        0.3043            -nan     0.1000    0.0186
     5        0.2730            -nan     0.1000    0.0156
     6        0.2512            -nan     0.1000    0.0107
     7        0.2303            -nan     0.1000    0.0104
     8        0.2115            -nan     0.1000    0.0093
     9        0.1943            -nan     0.1000    0.0083
    10        0.1803            -nan     0.1000    0.0068
    20        0.0971            -nan     0.1000    0.0023
    40        0.0391            -nan     0.1000   -0.0000
    60        0.0195            -nan     0.1000    0.0001
    80        0.0122            -nan     0.1000    0.0001
   100        0.0080            -nan     0.1000    0.0000
   120        0.0057            -nan     0.1000   -0.0001
   140        0.0042            -nan     0.1000   -0.0000
   150        0.0037            -nan     0.1000   -0.0000

Iter   TrainDeviance   ValidDeviance   StepSize   Improve
     1        0.4706            -nan     0.1000    0.0683
     2        0.4103            -nan     0.1000    0.0296
     3        0.3631            -nan     0.1000    0.0244
     4        0.3263            -nan     0.1000    0.0176
     5        0.2978            -nan     0.1000    0.0142
     6        0.2731            -nan     0.1000    0.0107
     7        0.2518            -nan     0.1000    0.0093
     8        0.2339            -nan     0.1000    0.0077
     9        0.2190            -nan     0.1000    0.0067
    10        0.2071            -nan     0.1000    0.0058
    20        0.1366            -nan     0.1000    0.0016
    40        0.0779            -nan     0.1000    0.0006
    60        0.0558            -nan     0.1000    0.0002
    80        0.0406            -nan     0.1000    0.0003
   100        0.0361            -nan     0.1000    0.0001
   120        0.0312            -nan     0.1000   -0.0001
   140        0.0278            -nan     0.1000   -0.0001
   150        0.0266            -nan     0.1000   -0.0001

Iter   TrainDeviance   ValidDeviance   StepSize   Improve
     1        0.4615            -nan     0.1000    0.0733
     2        0.3969            -nan     0.1000    0.0302
     3        0.3542            -nan     0.1000    0.0210
     4        0.3173            -nan     0.1000    0.0192
     5        0.2855            -nan     0.1000    0.0145
     6        0.2590            -nan     0.1000    0.0129
     7        0.2367            -nan     0.1000    0.0119
     8        0.2183            -nan     0.1000    0.0082
     9        0.2024            -nan     0.1000    0.0080
    10        0.1880            -nan     0.1000    0.0070
    20        0.0943            -nan     0.1000    0.0022
    40        0.0438            -nan     0.1000    0.0003
    60        0.0254            -nan     0.1000    0.0001
    80        0.0182            -nan     0.1000   -0.0001
   100        0.0118            -nan     0.1000   -0.0000
   120        0.0089            -nan     0.1000   -0.0000
   140        0.0067            -nan     0.1000   -0.0000
   150        0.0061            -nan     0.1000   -0.0000

Iter   TrainDeviance   ValidDeviance   StepSize   Improve
     1        0.4605            -nan     0.1000    0.0789
     2        0.3946            -nan     0.1000    0.0317
     3        0.3466            -nan     0.1000    0.0236
     4        0.3100            -nan     0.1000    0.0185
     5        0.2804            -nan     0.1000    0.0131
     6        0.2528            -nan     0.1000    0.0138
     7        0.2271            -nan     0.1000    0.0118
     8        0.2069            -nan     0.1000    0.0098
     9        0.1889            -nan     0.1000    0.0091
    10        0.1735            -nan     0.1000    0.0072
    20        0.0881            -nan     0.1000    0.0022
    40        0.0364            -nan     0.1000    0.0001
    60        0.0158            -nan     0.1000    0.0001
    80        0.0087            -nan     0.1000    0.0001
   100        0.0060            -nan     0.1000   -0.0001
   120        0.0040            -nan     0.1000   -0.0000
   140        0.0029            -nan     0.1000   -0.0000
   150        0.0025            -nan     0.1000   -0.0000

Iter   TrainDeviance   ValidDeviance   StepSize   Improve
     1        0.4962            -nan     0.1000    0.0858
     2        0.4305            -nan     0.1000    0.0304
     3        0.3830            -nan     0.1000    0.0256
     4        0.3460            -nan     0.1000    0.0177
     5        0.3151            -nan     0.1000    0.0151
     6        0.2902            -nan     0.1000    0.0115
     7        0.2694            -nan     0.1000    0.0100
     8        0.2528            -nan     0.1000    0.0077
     9        0.2370            -nan     0.1000    0.0085
    10        0.2227            -nan     0.1000    0.0073
    20        0.1370            -nan     0.1000    0.0027
    40        0.0769            -nan     0.1000    0.0005
    60        0.0477            -nan     0.1000    0.0001
    80        0.0333            -nan     0.1000   -0.0002
   100        0.0264            -nan     0.1000    0.0000
   120        0.0210            -nan     0.1000   -0.0000
   140        0.0173            -nan     0.1000   -0.0000
   150        0.0162            -nan     0.1000   -0.0000

Iter   TrainDeviance   ValidDeviance   StepSize   Improve
     1        0.4890            -nan     0.1000    0.0756
     2        0.4174            -nan     0.1000    0.0323
     3        0.3650            -nan     0.1000    0.0235
     4        0.3267            -nan     0.1000    0.0184
     5        0.2937            -nan     0.1000    0.0168
     6        0.2671            -nan     0.1000    0.0121
     7        0.2449            -nan     0.1000    0.0111
     8        0.2233            -nan     0.1000    0.0107
     9        0.2066            -nan     0.1000    0.0074
    10        0.1878            -nan     0.1000    0.0094
    20        0.0919            -nan     0.1000    0.0029
    40        0.0376            -nan     0.1000    0.0002
    60        0.0210            -nan     0.1000    0.0001
    80        0.0115            -nan     0.1000   -0.0000
   100        0.0082            -nan     0.1000    0.0000
   120        0.0062            -nan     0.1000    0.0000
   140        0.0047            -nan     0.1000    0.0000
   150        0.0040            -nan     0.1000   -0.0000

Iter   TrainDeviance   ValidDeviance   StepSize   Improve
     1        0.4862            -nan     0.1000    0.0743
     2        0.4159            -nan     0.1000    0.0344
     3        0.3620            -nan     0.1000    0.0248
     4        0.3205            -nan     0.1000    0.0198
     5        0.2831            -nan     0.1000    0.0190
     6        0.2562            -nan     0.1000    0.0110
     7        0.2328            -nan     0.1000    0.0119
     8        0.2101            -nan     0.1000    0.0108
     9        0.1937            -nan     0.1000    0.0074
    10        0.1780            -nan     0.1000    0.0074
    20        0.0800            -nan     0.1000    0.0036
    40        0.0284            -nan     0.1000    0.0003
    60        0.0128            -nan     0.1000    0.0001
    80        0.0068            -nan     0.1000   -0.0000
   100        0.0042            -nan     0.1000    0.0000
   120        0.0028            -nan     0.1000   -0.0000
   140        0.0018            -nan     0.1000   -0.0000
   150        0.0016            -nan     0.1000   -0.0000

Iter   TrainDeviance   ValidDeviance   StepSize   Improve
     1        0.5591            -nan     0.1000    0.0791
     2        0.4884            -nan     0.1000    0.0339
     3        0.4379            -nan     0.1000    0.0248
     4        0.3985            -nan     0.1000    0.0181
     5        0.3700            -nan     0.1000    0.0132
     6        0.3381            -nan     0.1000    0.0157
     7        0.3186            -nan     0.1000    0.0096
     8        0.2991            -nan     0.1000    0.0089
     9        0.2795            -nan     0.1000    0.0093
    10        0.2651            -nan     0.1000    0.0061
    20        0.1599            -nan     0.1000    0.0027
    40        0.0938            -nan     0.1000    0.0002
    60        0.0636            -nan     0.1000   -0.0002
    80        0.0481            -nan     0.1000    0.0002
   100        0.0372            -nan     0.1000   -0.0000
   120        0.0308            -nan     0.1000   -0.0002
   140        0.0262            -nan     0.1000   -0.0001
   150        0.0247            -nan     0.1000   -0.0001

Iter   TrainDeviance   ValidDeviance   StepSize   Improve
     1        0.5499            -nan     0.1000    0.0750
     2        0.4723            -nan     0.1000    0.0366
     3        0.4180            -nan     0.1000    0.0248
     4        0.3761            -nan     0.1000    0.0213
     5        0.3386            -nan     0.1000    0.0173
     6        0.3112            -nan     0.1000    0.0133
     7        0.2857            -nan     0.1000    0.0115
     8        0.2629            -nan     0.1000    0.0113
     9        0.2405            -nan     0.1000    0.0112
    10        0.2191            -nan     0.1000    0.0106
    20        0.1037            -nan     0.1000    0.0025
    40        0.0421            -nan     0.1000    0.0006
    60        0.0237            -nan     0.1000   -0.0001
    80        0.0147            -nan     0.1000   -0.0000
   100        0.0099            -nan     0.1000    0.0000
   120        0.0078            -nan     0.1000    0.0000
   140        0.0060            -nan     0.1000    0.0000
   150        0.0054            -nan     0.1000    0.0000

Iter   TrainDeviance   ValidDeviance   StepSize   Improve
     1        0.5469            -nan     0.1000    0.0760
     2        0.4668            -nan     0.1000    0.0366
     3        0.4085            -nan     0.1000    0.0298
     4        0.3633            -nan     0.1000    0.0207
     5        0.3267            -nan     0.1000    0.0168
     6        0.2939            -nan     0.1000    0.0157
     7        0.2674            -nan     0.1000    0.0128
     8        0.2452            -nan     0.1000    0.0099
     9        0.2252            -nan     0.1000    0.0097
    10        0.2079            -nan     0.1000    0.0084
    20        0.0985            -nan     0.1000    0.0029
    40        0.0370            -nan     0.1000    0.0002
    60        0.0159            -nan     0.1000   -0.0001
    80        0.0094            -nan     0.1000   -0.0000
   100        0.0058            -nan     0.1000    0.0001
   120        0.0042            -nan     0.1000   -0.0000
   140        0.0030            -nan     0.1000   -0.0000
   150        0.0025            -nan     0.1000   -0.0000

Iter   TrainDeviance   ValidDeviance   StepSize   Improve
     1        0.5518            -nan     0.1000    0.0695
     2        0.4729            -nan     0.1000    0.0399
     3        0.4175            -nan     0.1000    0.0267
     4        0.3758            -nan     0.1000    0.0205
     5        0.3415            -nan     0.1000    0.0162
     6        0.3145            -nan     0.1000    0.0122
     7        0.2902            -nan     0.1000    0.0119
     8        0.2711            -nan     0.1000    0.0093
     9        0.2537            -nan     0.1000    0.0086
    10        0.2401            -nan     0.1000    0.0062
    20        0.1565            -nan     0.1000    0.0027
    40        0.0836            -nan     0.1000   -0.0000
    60        0.0617            -nan     0.1000    0.0000
    80        0.0468            -nan     0.1000    0.0002
   100        0.0384            -nan     0.1000   -0.0001
   120        0.0319            -nan     0.1000   -0.0000
   140        0.0279            -nan     0.1000   -0.0002
   150        0.0263            -nan     0.1000    0.0000

Iter   TrainDeviance   ValidDeviance   StepSize   Improve
     1        0.5393            -nan     0.1000    0.0813
     2        0.4585            -nan     0.1000    0.0390
     3        0.4035            -nan     0.1000    0.0250
     4        0.3616            -nan     0.1000    0.0207
     5        0.3272            -nan     0.1000    0.0171
     6        0.2984            -nan     0.1000    0.0127
     7        0.2739            -nan     0.1000    0.0123
     8        0.2525            -nan     0.1000    0.0100
     9        0.2330            -nan     0.1000    0.0074
    10        0.2141            -nan     0.1000    0.0087
    20        0.1039            -nan     0.1000    0.0034
    40        0.0456            -nan     0.1000   -0.0000
    60        0.0247            -nan     0.1000   -0.0001
    80        0.0158            -nan     0.1000    0.0001
   100        0.0115            -nan     0.1000   -0.0000
   120        0.0087            -nan     0.1000    0.0000
   140        0.0065            -nan     0.1000    0.0001
   150        0.0055            -nan     0.1000   -0.0000

Iter   TrainDeviance   ValidDeviance   StepSize   Improve
     1        0.5363            -nan     0.1000    0.0825
     2        0.4617            -nan     0.1000    0.0353
     3        0.4039            -nan     0.1000    0.0279
     4        0.3585            -nan     0.1000    0.0223
     5        0.3226            -nan     0.1000    0.0179
     6        0.2914            -nan     0.1000    0.0142
     7        0.2655            -nan     0.1000    0.0118
     8        0.2428            -nan     0.1000    0.0106
     9        0.2240            -nan     0.1000    0.0086
    10        0.2058            -nan     0.1000    0.0093
    20        0.0984            -nan     0.1000    0.0031
    40        0.0326            -nan     0.1000    0.0003
    60        0.0169            -nan     0.1000   -0.0000
    80        0.0098            -nan     0.1000   -0.0000
   100        0.0066            -nan     0.1000   -0.0000
   120        0.0042            -nan     0.1000   -0.0000
   140        0.0029            -nan     0.1000    0.0000
   150        0.0024            -nan     0.1000    0.0000

Iter   TrainDeviance   ValidDeviance   StepSize   Improve
     1        0.4375            -nan     0.1000    0.0824
     2        0.3761            -nan     0.1000    0.0317
     3        0.3311            -nan     0.1000    0.0218
     4        0.2969            -nan     0.1000    0.0160
     5        0.2685            -nan     0.1000    0.0136
     6        0.2425            -nan     0.1000    0.0124
     7        0.2259            -nan     0.1000    0.0074
     8        0.2077            -nan     0.1000    0.0086
     9        0.1928            -nan     0.1000    0.0070
    10        0.1806            -nan     0.1000    0.0060
    20        0.1140            -nan     0.1000    0.0013
    40        0.0615            -nan     0.1000    0.0009
    60        0.0426            -nan     0.1000   -0.0001
    80        0.0331            -nan     0.1000    0.0000
   100        0.0268            -nan     0.1000   -0.0000
   120        0.0224            -nan     0.1000   -0.0000
   140        0.0183            -nan     0.1000   -0.0001
   150        0.0161            -nan     0.1000   -0.0000

Iter   TrainDeviance   ValidDeviance   StepSize   Improve
     1        0.4365            -nan     0.1000    0.0857
     2        0.3678            -nan     0.1000    0.0349
     3        0.3201            -nan     0.1000    0.0232
     4        0.2844            -nan     0.1000    0.0179
     5        0.2555            -nan     0.1000    0.0131
     6        0.2318            -nan     0.1000    0.0114
     7        0.2123            -nan     0.1000    0.0097
     8        0.1965            -nan     0.1000    0.0083
     9        0.1812            -nan     0.1000    0.0073
    10        0.1697            -nan     0.1000    0.0053
    20        0.0886            -nan     0.1000    0.0025
    40        0.0373            -nan     0.1000    0.0000
    60        0.0189            -nan     0.1000    0.0001
    80        0.0121            -nan     0.1000   -0.0000
   100        0.0084            -nan     0.1000    0.0000
   120        0.0064            -nan     0.1000   -0.0000
   140        0.0048            -nan     0.1000   -0.0000
   150        0.0041            -nan     0.1000    0.0000

Iter   TrainDeviance   ValidDeviance   StepSize   Improve
     1        0.4347            -nan     0.1000    0.0776
     2        0.3670            -nan     0.1000    0.0326
     3        0.3194            -nan     0.1000    0.0233
     4        0.2830            -nan     0.1000    0.0176
     5        0.2553            -nan     0.1000    0.0131
     6        0.2315            -nan     0.1000    0.0111
     7        0.2111            -nan     0.1000    0.0091
     8        0.1937            -nan     0.1000    0.0081
     9        0.1788            -nan     0.1000    0.0067
    10        0.1647            -nan     0.1000    0.0068
    20        0.0784            -nan     0.1000    0.0025
    40        0.0257            -nan     0.1000    0.0001
    60        0.0119            -nan     0.1000    0.0002
    80        0.0067            -nan     0.1000    0.0001
   100        0.0040            -nan     0.1000   -0.0000
   120        0.0025            -nan     0.1000    0.0000
   140        0.0016            -nan     0.1000   -0.0000
   150        0.0013            -nan     0.1000    0.0000

Iter   TrainDeviance   ValidDeviance   StepSize   Improve
     1        0.4785            -nan     0.1000    0.0831
     2        0.4247            -nan     0.1000    0.0253
     3        0.3797            -nan     0.1000    0.0217
     4        0.3442            -nan     0.1000    0.0171
     5        0.3154            -nan     0.1000    0.0139
     6        0.2914            -nan     0.1000    0.0119
     7        0.2710            -nan     0.1000    0.0094
     8        0.2548            -nan     0.1000    0.0075
     9        0.2435            -nan     0.1000    0.0053
    10        0.2290            -nan     0.1000    0.0073
    20        0.1464            -nan     0.1000    0.0035
    40        0.0804            -nan     0.1000    0.0002
    60        0.0564            -nan     0.1000    0.0000
    80        0.0444            -nan     0.1000    0.0000
   100        0.0367            -nan     0.1000    0.0000
   120        0.0313            -nan     0.1000    0.0001
   140        0.0270            -nan     0.1000   -0.0000
   150        0.0254            -nan     0.1000   -0.0000

Iter   TrainDeviance   ValidDeviance   StepSize   Improve
     1        0.4631            -nan     0.1000    0.0784
     2        0.3980            -nan     0.1000    0.0325
     3        0.3562            -nan     0.1000    0.0191
     4        0.3202            -nan     0.1000    0.0187
     5        0.2907            -nan     0.1000    0.0142
     6        0.2690            -nan     0.1000    0.0111
     7        0.2493            -nan     0.1000    0.0088
     8        0.2303            -nan     0.1000    0.0091
     9        0.2153            -nan     0.1000    0.0069
    10        0.1993            -nan     0.1000    0.0070
    20        0.1019            -nan     0.1000    0.0020
    40        0.0431            -nan     0.1000    0.0002
    60        0.0266            -nan     0.1000    0.0000
    80        0.0168            -nan     0.1000   -0.0000
   100        0.0111            -nan     0.1000    0.0000
   120        0.0074            -nan     0.1000    0.0000
   140        0.0057            -nan     0.1000    0.0000
   150        0.0048            -nan     0.1000   -0.0000

Iter   TrainDeviance   ValidDeviance   StepSize   Improve
     1        0.4692            -nan     0.1000    0.0718
     2        0.3991            -nan     0.1000    0.0338
     3        0.3518            -nan     0.1000    0.0241
     4        0.3117            -nan     0.1000    0.0189
     5        0.2807            -nan     0.1000    0.0140
     6        0.2565            -nan     0.1000    0.0116
     7        0.2322            -nan     0.1000    0.0109
     8        0.2137            -nan     0.1000    0.0088
     9        0.1960            -nan     0.1000    0.0076
    10        0.1841            -nan     0.1000    0.0057
    20        0.0909            -nan     0.1000    0.0028
    40        0.0342            -nan     0.1000    0.0003
    60        0.0174            -nan     0.1000    0.0003
    80        0.0087            -nan     0.1000    0.0000
   100        0.0055            -nan     0.1000    0.0000
   120        0.0037            -nan     0.1000   -0.0000
   140        0.0024            -nan     0.1000   -0.0000
   150        0.0020            -nan     0.1000   -0.0000

Iter   TrainDeviance   ValidDeviance   StepSize   Improve
     1        0.5518            -nan     0.1000    0.0801
     2        0.4761            -nan     0.1000    0.0383
     3        0.4227            -nan     0.1000    0.0271
     4        0.3824            -nan     0.1000    0.0204
     5        0.3495            -nan     0.1000    0.0164
     6        0.3240            -nan     0.1000    0.0122
     7        0.3010            -nan     0.1000    0.0108
     8        0.2820            -nan     0.1000    0.0098
     9        0.2649            -nan     0.1000    0.0082
    10        0.2499            -nan     0.1000    0.0072
    20        0.1610            -nan     0.1000    0.0029
    40        0.0967            -nan     0.1000    0.0008
    60        0.0675            -nan     0.1000    0.0002
    80        0.0535            -nan     0.1000    0.0001
   100        0.0442            -nan     0.1000   -0.0000
   120        0.0394            -nan     0.1000   -0.0000
   140        0.0336            -nan     0.1000    0.0000
   150        0.0304            -nan     0.1000   -0.0003

Iter   TrainDeviance   ValidDeviance   StepSize   Improve
     1        0.5466            -nan     0.1000    0.0878
     2        0.4698            -nan     0.1000    0.0367
     3        0.4119            -nan     0.1000    0.0260
     4        0.3673            -nan     0.1000    0.0218
     5        0.3301            -nan     0.1000    0.0183
     6        0.3011            -nan     0.1000    0.0137
     7        0.2765            -nan     0.1000    0.0122
     8        0.2555            -nan     0.1000    0.0102
     9        0.2383            -nan     0.1000    0.0082
    10        0.2197            -nan     0.1000    0.0084
    20        0.1147            -nan     0.1000    0.0034
    40        0.0558            -nan     0.1000    0.0009
    60        0.0337            -nan     0.1000    0.0000
    80        0.0224            -nan     0.1000   -0.0001
   100        0.0156            -nan     0.1000   -0.0000
   120        0.0106            -nan     0.1000   -0.0001
   140        0.0079            -nan     0.1000   -0.0000
   150        0.0066            -nan     0.1000   -0.0001

Iter   TrainDeviance   ValidDeviance   StepSize   Improve
     1        0.5443            -nan     0.1000    0.0929
     2        0.4639            -nan     0.1000    0.0433
     3        0.4064            -nan     0.1000    0.0302
     4        0.3580            -nan     0.1000    0.0223
     5        0.3218            -nan     0.1000    0.0182
     6        0.2920            -nan     0.1000    0.0146
     7        0.2658            -nan     0.1000    0.0124
     8        0.2437            -nan     0.1000    0.0108
     9        0.2237            -nan     0.1000    0.0091
    10        0.2054            -nan     0.1000    0.0084
    20        0.1031            -nan     0.1000    0.0022
    40        0.0399            -nan     0.1000    0.0005
    60        0.0192            -nan     0.1000    0.0000
    80        0.0108            -nan     0.1000   -0.0000
   100        0.0068            -nan     0.1000   -0.0000
   120        0.0044            -nan     0.1000    0.0000
   140        0.0030            -nan     0.1000    0.0000
   150        0.0026            -nan     0.1000    0.0000

Iter   TrainDeviance   ValidDeviance   StepSize   Improve
     1        0.5398            -nan     0.1000    0.0710
     2        0.4632            -nan     0.1000    0.0348
     3        0.4137            -nan     0.1000    0.0246
     4        0.3742            -nan     0.1000    0.0183
     5        0.3427            -nan     0.1000    0.0149
     6        0.3194            -nan     0.1000    0.0108
     7        0.2977            -nan     0.1000    0.0105
     8        0.2788            -nan     0.1000    0.0090
     9        0.2642            -nan     0.1000    0.0060
    10        0.2494            -nan     0.1000    0.0066
    20        0.1669            -nan     0.1000    0.0034
    40        0.1013            -nan     0.1000    0.0005
    60        0.0780            -nan     0.1000    0.0007
    80        0.0662            -nan     0.1000    0.0001
   100        0.0552            -nan     0.1000   -0.0001
   120        0.0474            -nan     0.1000   -0.0000
   140        0.0428            -nan     0.1000   -0.0001
   150        0.0405            -nan     0.1000    0.0000

Iter   TrainDeviance   ValidDeviance   StepSize   Improve
     1        0.5170            -nan     0.1000    0.0758
     2        0.4455            -nan     0.1000    0.0344
     3        0.3963            -nan     0.1000    0.0235
     4        0.3522            -nan     0.1000    0.0214
     5        0.3200            -nan     0.1000    0.0158
     6        0.2938            -nan     0.1000    0.0127
     7        0.2697            -nan     0.1000    0.0108
     8        0.2507            -nan     0.1000    0.0096
     9        0.2306            -nan     0.1000    0.0093
    10        0.2144            -nan     0.1000    0.0079
    20        0.1234            -nan     0.1000    0.0033
    40        0.0561            -nan     0.1000    0.0016
    60        0.0332            -nan     0.1000   -0.0000
    80        0.0223            -nan     0.1000   -0.0000
   100        0.0159            -nan     0.1000   -0.0000
   120        0.0127            -nan     0.1000   -0.0001
   140        0.0098            -nan     0.1000   -0.0000
   150        0.0087            -nan     0.1000    0.0000

Iter   TrainDeviance   ValidDeviance   StepSize   Improve
     1        0.5223            -nan     0.1000    0.0813
     2        0.4452            -nan     0.1000    0.0368
     3        0.3876            -nan     0.1000    0.0291
     4        0.3469            -nan     0.1000    0.0195
     5        0.3140            -nan     0.1000    0.0157
     6        0.2838            -nan     0.1000    0.0137
     7        0.2576            -nan     0.1000    0.0125
     8        0.2357            -nan     0.1000    0.0096
     9        0.2168            -nan     0.1000    0.0097
    10        0.2001            -nan     0.1000    0.0076
    20        0.1056            -nan     0.1000    0.0023
    40        0.0474            -nan     0.1000    0.0002
    60        0.0219            -nan     0.1000    0.0002
    80        0.0137            -nan     0.1000    0.0000
   100        0.0088            -nan     0.1000    0.0000
   120        0.0058            -nan     0.1000    0.0000
   140        0.0043            -nan     0.1000    0.0000
   150        0.0036            -nan     0.1000    0.0000

Iter   TrainDeviance   ValidDeviance   StepSize   Improve
     1        0.4425            -nan     0.1000    0.0672
     2        0.3845            -nan     0.1000    0.0278
     3        0.3434            -nan     0.1000    0.0203
     4        0.3137            -nan     0.1000    0.0154
     5        0.2899            -nan     0.1000    0.0130
     6        0.2678            -nan     0.1000    0.0101
     7        0.2498            -nan     0.1000    0.0084
     8        0.2350            -nan     0.1000    0.0075
     9        0.2217            -nan     0.1000    0.0061
    10        0.2103            -nan     0.1000    0.0059
    20        0.1358            -nan     0.1000    0.0024
    40        0.0788            -nan     0.1000    0.0003
    60        0.0605            -nan     0.1000    0.0002
    80        0.0492            -nan     0.1000    0.0002
   100        0.0396            -nan     0.1000   -0.0000
   120        0.0314            -nan     0.1000   -0.0000
   140        0.0265            -nan     0.1000    0.0001
   150        0.0242            -nan     0.1000   -0.0000

Iter   TrainDeviance   ValidDeviance   StepSize   Improve
     1        0.4317            -nan     0.1000    0.0790
     2        0.3743            -nan     0.1000    0.0261
     3        0.3298            -nan     0.1000    0.0211
     4        0.2948            -nan     0.1000    0.0176
     5        0.2694            -nan     0.1000    0.0128
     6        0.2487            -nan     0.1000    0.0101
     7        0.2283            -nan     0.1000    0.0100
     8        0.2106            -nan     0.1000    0.0085
     9        0.1961            -nan     0.1000    0.0071
    10        0.1819            -nan     0.1000    0.0071
    20        0.1013            -nan     0.1000    0.0026
    40        0.0433            -nan     0.1000    0.0003
    60        0.0217            -nan     0.1000    0.0004
    80        0.0136            -nan     0.1000   -0.0000
   100        0.0093            -nan     0.1000    0.0000
   120        0.0066            -nan     0.1000   -0.0000
   140        0.0049            -nan     0.1000    0.0000
   150        0.0044            -nan     0.1000    0.0000

Iter   TrainDeviance   ValidDeviance   StepSize   Improve
     1        0.4247            -nan     0.1000    0.0946
     2        0.3616            -nan     0.1000    0.0278
     3        0.3178            -nan     0.1000    0.0200
     4        0.2813            -nan     0.1000    0.0167
     5        0.2549            -nan     0.1000    0.0131
     6        0.2316            -nan     0.1000    0.0115
     7        0.2116            -nan     0.1000    0.0099
     8        0.1939            -nan     0.1000    0.0086
     9        0.1785            -nan     0.1000    0.0070
    10        0.1647            -nan     0.1000    0.0061
    20        0.0868            -nan     0.1000    0.0019
    40        0.0314            -nan     0.1000    0.0009
    60        0.0159            -nan     0.1000    0.0001
    80        0.0084            -nan     0.1000    0.0000
   100        0.0050            -nan     0.1000   -0.0000
   120        0.0036            -nan     0.1000    0.0000
   140        0.0025            -nan     0.1000   -0.0000
   150        0.0021            -nan     0.1000   -0.0000

Iter   TrainDeviance   ValidDeviance   StepSize   Improve
     1        0.4886            -nan     0.1000    0.0717
     2        0.4256            -nan     0.1000    0.0306
     3        0.3804            -nan     0.1000    0.0236
     4        0.3495            -nan     0.1000    0.0157
     5        0.3209            -nan     0.1000    0.0142
     6        0.2972            -nan     0.1000    0.0126
     7        0.2774            -nan     0.1000    0.0090
     8        0.2615            -nan     0.1000    0.0075
     9        0.2468            -nan     0.1000    0.0077
    10        0.2344            -nan     0.1000    0.0066
    20        0.1582            -nan     0.1000    0.0041
    40        0.0932            -nan     0.1000    0.0002
    60        0.0655            -nan     0.1000   -0.0001
    80        0.0510            -nan     0.1000    0.0001
   100        0.0425            -nan     0.1000   -0.0001
   120        0.0355            -nan     0.1000    0.0001
   140        0.0291            -nan     0.1000    0.0002
   150        0.0276            -nan     0.1000    0.0000

Iter   TrainDeviance   ValidDeviance   StepSize   Improve
     1        0.4725            -nan     0.1000    0.0675
     2        0.4050            -nan     0.1000    0.0322
     3        0.3585            -nan     0.1000    0.0222
     4        0.3223            -nan     0.1000    0.0166
     5        0.2928            -nan     0.1000    0.0139
     6        0.2642            -nan     0.1000    0.0135
     7        0.2407            -nan     0.1000    0.0110
     8        0.2222            -nan     0.1000    0.0081
     9        0.2054            -nan     0.1000    0.0072
    10        0.1900            -nan     0.1000    0.0066
    20        0.1082            -nan     0.1000    0.0027
    40        0.0513            -nan     0.1000    0.0001
    60        0.0276            -nan     0.1000    0.0001
    80        0.0186            -nan     0.1000    0.0000
   100        0.0127            -nan     0.1000   -0.0000
   120        0.0097            -nan     0.1000   -0.0000
   140        0.0076            -nan     0.1000    0.0000
   150        0.0063            -nan     0.1000   -0.0000

Iter   TrainDeviance   ValidDeviance   StepSize   Improve
     1        0.4678            -nan     0.1000    0.0830
     2        0.3995            -nan     0.1000    0.0321
     3        0.3515            -nan     0.1000    0.0244
     4        0.3149            -nan     0.1000    0.0197
     5        0.2838            -nan     0.1000    0.0153
     6        0.2570            -nan     0.1000    0.0132
     7        0.2346            -nan     0.1000    0.0111
     8        0.2157            -nan     0.1000    0.0090
     9        0.1968            -nan     0.1000    0.0093
    10        0.1832            -nan     0.1000    0.0064
    20        0.0896            -nan     0.1000    0.0021
    40        0.0361            -nan     0.1000    0.0002
    60        0.0202            -nan     0.1000   -0.0000
    80        0.0108            -nan     0.1000    0.0000
   100        0.0070            -nan     0.1000   -0.0000
   120        0.0052            -nan     0.1000   -0.0000
   140        0.0037            -nan     0.1000    0.0000
   150        0.0032            -nan     0.1000    0.0000

Iter   TrainDeviance   ValidDeviance   StepSize   Improve
     1        0.5186            -nan     0.1000    0.0752
     2        0.4516            -nan     0.1000    0.0329
     3        0.4002            -nan     0.1000    0.0235
     4        0.3647            -nan     0.1000    0.0185
     5        0.3374            -nan     0.1000    0.0118
     6        0.3096            -nan     0.1000    0.0129
     7        0.2840            -nan     0.1000    0.0123
     8        0.2671            -nan     0.1000    0.0080
     9        0.2500            -nan     0.1000    0.0084
    10        0.2359            -nan     0.1000    0.0072
    20        0.1460            -nan     0.1000    0.0019
    40        0.0831            -nan     0.1000    0.0005
    60        0.0612            -nan     0.1000    0.0002
    80        0.0490            -nan     0.1000   -0.0003
   100        0.0398            -nan     0.1000   -0.0000
   120        0.0348            -nan     0.1000   -0.0001
   140        0.0309            -nan     0.1000    0.0001
   150        0.0291            -nan     0.1000   -0.0000

Iter   TrainDeviance   ValidDeviance   StepSize   Improve
     1        0.5051            -nan     0.1000    0.0727
     2        0.4348            -nan     0.1000    0.0354
     3        0.3814            -nan     0.1000    0.0262
     4        0.3418            -nan     0.1000    0.0200
     5        0.3091            -nan     0.1000    0.0165
     6        0.2807            -nan     0.1000    0.0128
     7        0.2573            -nan     0.1000    0.0119
     8        0.2328            -nan     0.1000    0.0119
     9        0.2156            -nan     0.1000    0.0083
    10        0.1991            -nan     0.1000    0.0073
    20        0.0996            -nan     0.1000    0.0020
    40        0.0472            -nan     0.1000    0.0001
    60        0.0277            -nan     0.1000    0.0002
    80        0.0175            -nan     0.1000   -0.0000
   100        0.0130            -nan     0.1000   -0.0001
   120        0.0097            -nan     0.1000    0.0000
   140        0.0079            -nan     0.1000    0.0000
   150        0.0071            -nan     0.1000   -0.0000

Iter   TrainDeviance   ValidDeviance   StepSize   Improve
     1        0.5067            -nan     0.1000    0.0732
     2        0.4305            -nan     0.1000    0.0357
     3        0.3784            -nan     0.1000    0.0273
     4        0.3366            -nan     0.1000    0.0191
     5        0.3007            -nan     0.1000    0.0155
     6        0.2719            -nan     0.1000    0.0142
     7        0.2468            -nan     0.1000    0.0123
     8        0.2244            -nan     0.1000    0.0111
     9        0.2017            -nan     0.1000    0.0115
    10        0.1859            -nan     0.1000    0.0076
    20        0.0902            -nan     0.1000    0.0022
    40        0.0345            -nan     0.1000    0.0006
    60        0.0173            -nan     0.1000   -0.0001
    80        0.0096            -nan     0.1000   -0.0000
   100        0.0066            -nan     0.1000   -0.0000
   120        0.0043            -nan     0.1000   -0.0000
   140        0.0028            -nan     0.1000   -0.0000
   150        0.0024            -nan     0.1000   -0.0000

Iter   TrainDeviance   ValidDeviance   StepSize   Improve
     1        0.4873            -nan     0.1000    0.0778
     2        0.4178            -nan     0.1000    0.0335
     3        0.3687            -nan     0.1000    0.0243
     4        0.3293            -nan     0.1000    0.0192
     5        0.2970            -nan     0.1000    0.0158
     6        0.2691            -nan     0.1000    0.0120
     7        0.2467            -nan     0.1000    0.0113
     8        0.2287            -nan     0.1000    0.0083
     9        0.2078            -nan     0.1000    0.0081
    10        0.1930            -nan     0.1000    0.0072
    20        0.1025            -nan     0.1000    0.0025
    40        0.0446            -nan     0.1000   -0.0000
    60        0.0248            -nan     0.1000    0.0000
    80        0.0154            -nan     0.1000    0.0001
   100        0.0102            -nan     0.1000   -0.0000

TRAINING SUCCESSFUL
The most important attribute: att19 (for technique: gbm)
________________
Dataset: mfeat-zernike 
Technique: gcvEarth 
Probability table:

  P   N 
0.1 0.9 
BEGIN TRAINING
TRAINING SUCCESSFUL
The most important attribute: att19 (for technique: gcvEarth)
________________
Dataset: mfeat-zernike 
Technique: JRip 
Probability table:

  P   N 
0.1 0.9 
BEGIN TRAINING
TRAINING SUCCESSFUL
The most important attribute: att19 (for technique: JRip)
________________
Dataset: mfeat-zernike 
Technique: lvq 
Probability table:

  P   N 
0.1 0.9 
BEGIN TRAINING
TRAINING SUCCESSFUL
The most important attribute: att19 (for technique: lvq)
________________
Dataset: mfeat-zernike 
Technique: mlpML 
Probability table:

  P   N 
0.1 0.9 
BEGIN TRAINING
TRAINING SUCCESSFUL
The most important attribute: att19 (for technique: mlpML)
________________
Dataset: mfeat-zernike 
Technique: multinom 
Probability table:

  P   N 
0.1 0.9 
BEGIN TRAINING
# weights:  49 (48 variable)
initial  value 1386.294361 
iter  10 value 261.366664
iter  20 value 140.336751
iter  30 value 59.780909
iter  40 value 15.712334
iter  50 value 6.049486
iter  60 value 0.094133
iter  70 value 0.000597
final  value 0.000074 
converged
TRAINING SUCCESSFUL
The most important attribute: att4 (for technique: multinom)
________________
Dataset: mfeat-zernike 
Technique: naive_bayes 
Probability table:

  P   N 
0.1 0.9 
BEGIN TRAINING
TRAINING SUCCESSFUL
The most important attribute: att19 (for technique: naive_bayes)
________________
Dataset: mfeat-zernike 
Technique: PART 
Probability table:

  P   N 
0.1 0.9 
BEGIN TRAINING
TRAINING SUCCESSFUL
The most important attribute: att19 (for technique: PART)
________________
Dataset: mfeat-zernike 
Technique: rbfDDA 
Probability table:

  P   N 
0.1 0.9 
BEGIN TRAINING
TRAINING SUCCESSFUL
The most important attribute: att19 (for technique: rbfDDA)
________________
Dataset: mfeat-zernike 
Technique: rda 
Probability table:

  P   N 
0.1 0.9 
BEGIN TRAINING
TRAINING SUCCESSFUL
The most important attribute: att46 (for technique: rda)
________________
Dataset: mfeat-zernike 
Technique: rf 
Probability table:

  P   N 
0.1 0.9 
BEGIN TRAINING
TRAINING SUCCESSFUL
The most important attribute: att19 (for technique: rf)
________________
Dataset: mfeat-zernike 
Technique: rpart 
Probability table:

  P   N 
0.1 0.9 
BEGIN TRAINING
TRAINING SUCCESSFUL
The most important attribute: att19 (for technique: rpart)
________________
Dataset: mfeat-zernike 
Technique: simpls 
Probability table:

  P   N 
0.1 0.9 
BEGIN TRAINING
TRAINING SUCCESSFUL
The most important attribute: att19 (for technique: simpls)
________________
Dataset: mfeat-zernike 
Technique: svmLinear 
Probability table:

  P   N 
0.1 0.9 
BEGIN TRAINING
TRAINING SUCCESSFUL
The most important attribute: att19 (for technique: svmLinear)
________________
Dataset: mfeat-zernike 
Technique: svmRadial 
Probability table:

  P   N 
0.1 0.9 
BEGIN TRAINING
TRAINING SUCCESSFUL
The most important attribute: att19 (for technique: svmRadial)
________________
Dataset: mfeat-zernike 
Technique: rfRules 
Probability table:

  P   N 
0.1 0.9 
BEGIN TRAINING
Registered S3 method overwritten by 'RRF':
  method      from        
  plot.margin randomForest
1999 rules (length<=2) were extracted from the first 500 trees.
3613 rules (length<=3) were extracted from the first 500 trees.
5149 rules (length<=4) were extracted from the first 500 trees.
1999 rules (length<=2) were extracted from the first 500 trees.
3514 rules (length<=3) were extracted from the first 500 trees.
4640 rules (length<=4) were extracted from the first 500 trees.
2000 rules (length<=2) were extracted from the first 500 trees.
3630 rules (length<=3) were extracted from the first 500 trees.
4645 rules (length<=4) were extracted from the first 500 trees.
1998 rules (length<=2) were extracted from the first 500 trees.
3414 rules (length<=3) were extracted from the first 500 trees.
4296 rules (length<=4) were extracted from the first 500 trees.
1997 rules (length<=2) were extracted from the first 500 trees.
3324 rules (length<=3) were extracted from the first 500 trees.
4173 rules (length<=4) were extracted from the first 500 trees.
1999 rules (length<=2) were extracted from the first 500 trees.
3554 rules (length<=3) were extracted from the first 500 trees.
4620 rules (length<=4) were extracted from the first 500 trees.
1999 rules (length<=2) were extracted from the first 500 trees.
3328 rules (length<=3) were extracted from the first 500 trees.
4036 rules (length<=4) were extracted from the first 500 trees.
1997 rules (length<=2) were extracted from the first 500 trees.
3446 rules (length<=3) were extracted from the first 500 trees.
4193 rules (length<=4) were extracted from the first 500 trees.
2000 rules (length<=2) were extracted from the first 500 trees.
3538 rules (length<=3) were extracted from the first 500 trees.
4671 rules (length<=4) were extracted from the first 500 trees.
2000 rules (length<=2) were extracted from the first 500 trees.
3461 rules (length<=3) were extracted from the first 500 trees.
4876 rules (length<=4) were extracted from the first 500 trees.
2000 rules (length<=2) were extracted from the first 500 trees.
3311 rules (length<=3) were extracted from the first 500 trees.
4285 rules (length<=4) were extracted from the first 500 trees.
1997 rules (length<=2) were extracted from the first 500 trees.
3418 rules (length<=3) were extracted from the first 500 trees.
3987 rules (length<=4) were extracted from the first 500 trees.
1999 rules (length<=2) were extracted from the first 500 trees.
3542 rules (length<=3) were extracted from the first 500 trees.
4971 rules (length<=4) were extracted from the first 500 trees.
2000 rules (length<=2) were extracted from the first 500 trees.
3381 rules (length<=3) were extracted from the first 500 trees.
4430 rules (length<=4) were extracted from the first 500 trees.
1998 rules (length<=2) were extracted from the first 500 trees.
3498 rules (length<=3) were extracted from the first 500 trees.
4165 rules (length<=4) were extracted from the first 500 trees.
2000 rules (length<=2) were extracted from the first 500 trees.
3529 rules (length<=3) were extracted from the first 500 trees.
4983 rules (length<=4) were extracted from the first 500 trees.
1998 rules (length<=2) were extracted from the first 500 trees.
3386 rules (length<=3) were extracted from the first 500 trees.
4286 rules (length<=4) were extracted from the first 500 trees.
1999 rules (length<=2) were extracted from the first 500 trees.
3556 rules (length<=3) were extracted from the first 500 trees.
4906 rules (length<=4) were extracted from the first 500 trees.
1994 rules (length<=2) were extracted from the first 500 trees.
3150 rules (length<=3) were extracted from the first 500 trees.
3696 rules (length<=4) were extracted from the first 500 trees.
1998 rules (length<=2) were extracted from the first 500 trees.
3653 rules (length<=3) were extracted from the first 500 trees.
5030 rules (length<=4) were extracted from the first 500 trees.
1999 rules (length<=2) were extracted from the first 500 trees.
3371 rules (length<=3) were extracted from the first 500 trees.
3992 rules (length<=4) were extracted from the first 500 trees.
1997 rules (length<=2) were extracted from the first 500 trees.
3497 rules (length<=3) were extracted from the first 500 trees.
4642 rules (length<=4) were extracted from the first 500 trees.
1997 rules (length<=2) were extracted from the first 500 trees.
3334 rules (length<=3) were extracted from the first 500 trees.
4212 rules (length<=4) were extracted from the first 500 trees.
1999 rules (length<=2) were extracted from the first 500 trees.
3536 rules (length<=3) were extracted from the first 500 trees.
4253 rules (length<=4) were extracted from the first 500 trees.
1998 rules (length<=2) were extracted from the first 500 trees.
3552 rules (length<=3) were extracted from the first 500 trees.
4983 rules (length<=4) were extracted from the first 500 trees.
2000 rules (length<=2) were extracted from the first 500 trees.
TRAINING SUCCESSFUL
The most important attribute: att29 (for technique: rfRules)
________________
Dataset: mfeat-zernike 
Technique: knn 
Probability table:

  P   N 
0.1 0.9 
BEGIN TRAINING
TRAINING SUCCESSFUL
The most important attribute: att19 (for technique: knn)
________________
Dataset: mfeat-zernike 
Technique: bayesglm 
Probability table:

  P   N 
0.1 0.9 
BEGIN TRAINING
TRAINING SUCCESSFUL
The most important attribute: att29 (for technique: bayesglm)
________________
Most important attribute obtained with all techniques
----------------
There were 50 or more warnings (use warnings() to see the first 50)
****************
RESULTS RECORDED
****************
