Current working directory: /home/chris/github/kappa-threshold 
parameters.csv exists: TRUE 
parameters.csv absolute path: /home/chris/github/kappa-threshold/data/files/parameters.csv 
Dataset: mfeat-factors 
Technique: C5.0 
Probability table:

  1   2   3   4   5   6   7   8   9  10 
0.1 0.1 0.1 0.1 0.1 0.1 0.1 0.1 0.1 0.1 
BEGIN TRAINING
TRAINING SUCCESSFUL
The most important attribute: att8 (for technique: C5.0)
________________
Dataset: mfeat-factors 
Technique: ctree 
Probability table:

  1   2   3   4   5   6   7   8   9  10 
0.1 0.1 0.1 0.1 0.1 0.1 0.1 0.1 0.1 0.1 
BEGIN TRAINING
TRAINING SUCCESSFUL
The most important attribute: att181 (for technique: ctree)
________________
Dataset: mfeat-factors 
Technique: fda 
Probability table:

  1   2   3   4   5   6   7   8   9  10 
0.1 0.1 0.1 0.1 0.1 0.1 0.1 0.1 0.1 0.1 
BEGIN TRAINING
TRAINING SUCCESSFUL
The most important attribute: att181 (for technique: fda)
________________
Dataset: mfeat-factors 
Technique: gbm 
Probability table:

  1   2   3   4   5   6   7   8   9  10 
0.1 0.1 0.1 0.1 0.1 0.1 0.1 0.1 0.1 0.1 
BEGIN TRAINING
Iter   TrainDeviance   ValidDeviance   StepSize   Improve
     1        2.3026            -nan     0.1000    0.8249
     2        1.7953            -nan     0.1000    0.4726
     3        1.5232            -nan     0.1000    0.3023
     4        1.3436            -nan     0.1000    0.2343
     5        1.2049            -nan     0.1000    0.1869
     6        1.0908            -nan     0.1000    0.1556
     7        0.9996            -nan     0.1000    0.1354
     8        0.9175            -nan     0.1000    0.1074
     9        0.8528            -nan     0.1000    0.1048
    10        0.7899            -nan     0.1000    0.0862
    20        0.4397            -nan     0.1000    0.0279
    40        0.2188            -nan     0.1000    0.0081
    60        0.1316            -nan     0.1000    0.0008
    80        0.0891            -nan     0.1000    0.0001
   100        0.0624            -nan     0.1000   -0.0004
   120        0.0468            -nan     0.1000   -0.0002
   140        0.0350            -nan     0.1000   -0.0002
   150        0.0306            -nan     0.1000   -0.0001

Iter   TrainDeviance   ValidDeviance   StepSize   Improve
     1        2.3026            -nan     0.1000    1.0444
     2        1.6760            -nan     0.1000    0.4987
     3        1.3774            -nan     0.1000    0.3680
     4        1.1571            -nan     0.1000    0.2646
     5        1.0006            -nan     0.1000    0.2128
     6        0.8778            -nan     0.1000    0.1594
     7        0.7792            -nan     0.1000    0.1390
     8        0.6917            -nan     0.1000    0.1279
     9        0.6149            -nan     0.1000    0.0968
    10        0.5558            -nan     0.1000    0.0808
    20        0.2411            -nan     0.1000    0.0095
    40        0.0930            -nan     0.1000    0.0036
    60        0.0449            -nan     0.1000    0.0015
    80        0.0248            -nan     0.1000    0.0002
   100        0.0145            -nan     0.1000    0.0001
   120        0.0085            -nan     0.1000    0.0000
   140        0.0052            -nan     0.1000    0.0000
   150        0.0041            -nan     0.1000    0.0000

Iter   TrainDeviance   ValidDeviance   StepSize   Improve
     1        2.3026            -nan     0.1000    1.1506
     2        1.6047            -nan     0.1000    0.5308
     3        1.2923            -nan     0.1000    0.3686
     4        1.0757            -nan     0.1000    0.2711
     5        0.9142            -nan     0.1000    0.1984
     6        0.7950            -nan     0.1000    0.1792
     7        0.6892            -nan     0.1000    0.1435
     8        0.6002            -nan     0.1000    0.1162
     9        0.5283            -nan     0.1000    0.0916
    10        0.4708            -nan     0.1000    0.0785
    20        0.1813            -nan     0.1000    0.0151
    40        0.0511            -nan     0.1000    0.0019
    60        0.0201            -nan     0.1000    0.0005
    80        0.0087            -nan     0.1000    0.0003
   100        0.0041            -nan     0.1000    0.0000
   120        0.0020            -nan     0.1000    0.0000
   140        0.0010            -nan     0.1000    0.0000
   150        0.0007            -nan     0.1000    0.0000

Iter   TrainDeviance   ValidDeviance   StepSize   Improve
     1        2.3026            -nan     0.1000    0.8812
     2        1.7780            -nan     0.1000    0.4327
     3        1.5196            -nan     0.1000    0.3165
     4        1.3348            -nan     0.1000    0.2366
     5        1.1950            -nan     0.1000    0.2015
     6        1.0790            -nan     0.1000    0.1507
     7        0.9894            -nan     0.1000    0.1404
     8        0.9058            -nan     0.1000    0.1196
     9        0.8333            -nan     0.1000    0.1014
    10        0.7710            -nan     0.1000    0.0850
    20        0.4288            -nan     0.1000    0.0231
    40        0.2024            -nan     0.1000    0.0041
    60        0.1208            -nan     0.1000    0.0007
    80        0.0801            -nan     0.1000   -0.0004
   100        0.0574            -nan     0.1000    0.0004
   120        0.0415            -nan     0.1000   -0.0005
   140        0.0307            -nan     0.1000   -0.0001
   150        0.0260            -nan     0.1000   -0.0002

Iter   TrainDeviance   ValidDeviance   StepSize   Improve
     1        2.3026            -nan     0.1000    1.0412
     2        1.6666            -nan     0.1000    0.5154
     3        1.3636            -nan     0.1000    0.3681
     4        1.1470            -nan     0.1000    0.2551
     5        0.9956            -nan     0.1000    0.2034
     6        0.8736            -nan     0.1000    0.1690
     7        0.7675            -nan     0.1000    0.1364
     8        0.6835            -nan     0.1000    0.1214
     9        0.6117            -nan     0.1000    0.1026
    10        0.5483            -nan     0.1000    0.0875
    20        0.2367            -nan     0.1000    0.0179
    40        0.0845            -nan     0.1000    0.0023
    60        0.0419            -nan     0.1000    0.0003
    80        0.0229            -nan     0.1000    0.0002
   100        0.0127            -nan     0.1000    0.0001
   120        0.0074            -nan     0.1000    0.0002
   140        0.0043            -nan     0.1000   -0.0000
   150        0.0034            -nan     0.1000    0.0001

Iter   TrainDeviance   ValidDeviance   StepSize   Improve
     1        2.3026            -nan     0.1000    1.1332
     2        1.6068            -nan     0.1000    0.5534
     3        1.2826            -nan     0.1000    0.3668
     4        1.0672            -nan     0.1000    0.2693
     5        0.9083            -nan     0.1000    0.2272
     6        0.7728            -nan     0.1000    0.1685
     7        0.6695            -nan     0.1000    0.1232
     8        0.5927            -nan     0.1000    0.1052
     9        0.5258            -nan     0.1000    0.0941
    10        0.4651            -nan     0.1000    0.0843
    20        0.1702            -nan     0.1000    0.0183
    40        0.0465            -nan     0.1000    0.0016
    60        0.0178            -nan     0.1000    0.0002
    80        0.0080            -nan     0.1000    0.0001
   100        0.0036            -nan     0.1000    0.0000
   120        0.0017            -nan     0.1000    0.0000
   140        0.0008            -nan     0.1000   -0.0000
   150        0.0006            -nan     0.1000    0.0000

Iter   TrainDeviance   ValidDeviance   StepSize   Improve
     1        2.3026            -nan     0.1000    0.8353
     2        1.7996            -nan     0.1000    0.4544
     3        1.5375            -nan     0.1000    0.3251
     4        1.3472            -nan     0.1000    0.2368
     5        1.2083            -nan     0.1000    0.1857
     6        1.0996            -nan     0.1000    0.1470
     7        1.0106            -nan     0.1000    0.1400
     8        0.9260            -nan     0.1000    0.1311
     9        0.8485            -nan     0.1000    0.1018
    10        0.7868            -nan     0.1000    0.0958
    20        0.4379            -nan     0.1000    0.0376
    40        0.2052            -nan     0.1000    0.0065
    60        0.1229            -nan     0.1000   -0.0001
    80        0.0830            -nan     0.1000    0.0007
   100        0.0594            -nan     0.1000    0.0005
   120        0.0418            -nan     0.1000    0.0000
   140        0.0305            -nan     0.1000   -0.0000
   150        0.0267            -nan     0.1000    0.0002

Iter   TrainDeviance   ValidDeviance   StepSize   Improve
     1        2.3026            -nan     0.1000    1.0498
     2        1.6644            -nan     0.1000    0.5303
     3        1.3567            -nan     0.1000    0.3337
     4        1.1553            -nan     0.1000    0.2560
     5        1.0029            -nan     0.1000    0.1907
     6        0.8891            -nan     0.1000    0.1634
     7        0.7906            -nan     0.1000    0.1390
     8        0.7060            -nan     0.1000    0.1277
     9        0.6284            -nan     0.1000    0.0954
    10        0.5687            -nan     0.1000    0.0850
    20        0.2478            -nan     0.1000    0.0220
    40        0.0868            -nan     0.1000    0.0015
    60        0.0420            -nan     0.1000    0.0005
    80        0.0223            -nan     0.1000    0.0004
   100        0.0127            -nan     0.1000    0.0001
   120        0.0075            -nan     0.1000   -0.0000
   140        0.0045            -nan     0.1000    0.0000
   150        0.0035            -nan     0.1000    0.0001

Iter   TrainDeviance   ValidDeviance   StepSize   Improve
     1        2.3026            -nan     0.1000    1.1827
     2        1.5877            -nan     0.1000    0.5371
     3        1.2703            -nan     0.1000    0.3423
     4        1.0651            -nan     0.1000    0.2539
     5        0.9107            -nan     0.1000    0.2086
     6        0.7838            -nan     0.1000    0.1679
     7        0.6813            -nan     0.1000    0.1351
     8        0.5991            -nan     0.1000    0.1138
     9        0.5298            -nan     0.1000    0.0967
    10        0.4714            -nan     0.1000    0.0766
    20        0.1723            -nan     0.1000    0.0178
    40        0.0464            -nan     0.1000    0.0010
    60        0.0176            -nan     0.1000    0.0004
    80        0.0078            -nan     0.1000    0.0000
   100        0.0037            -nan     0.1000    0.0001
   120        0.0018            -nan     0.1000    0.0001
   140        0.0009            -nan     0.1000    0.0000
   150        0.0006            -nan     0.1000    0.0000

Iter   TrainDeviance   ValidDeviance   StepSize   Improve
     1        2.3026            -nan     0.1000    0.8656
     2        1.7955            -nan     0.1000    0.4564
     3        1.5264            -nan     0.1000    0.3015
     4        1.3497            -nan     0.1000    0.2380
     5        1.2133            -nan     0.1000    0.1782
     6        1.1088            -nan     0.1000    0.1570
     7        1.0113            -nan     0.1000    0.1430
     8        0.9251            -nan     0.1000    0.1105
     9        0.8593            -nan     0.1000    0.0960
    10        0.8015            -nan     0.1000    0.0875
    20        0.4573            -nan     0.1000    0.0274
    40        0.2395            -nan     0.1000    0.0049
    60        0.1469            -nan     0.1000    0.0009
    80        0.1029            -nan     0.1000    0.0004
   100        0.0732            -nan     0.1000    0.0005
   120        0.0534            -nan     0.1000   -0.0001
   140        0.0419            -nan     0.1000    0.0002
   150        0.0367            -nan     0.1000    0.0001

Iter   TrainDeviance   ValidDeviance   StepSize   Improve
     1        2.3026            -nan     0.1000    1.0669
     2        1.6516            -nan     0.1000    0.5045
     3        1.3600            -nan     0.1000    0.3342
     4        1.1611            -nan     0.1000    0.2490
     5        1.0084            -nan     0.1000    0.2000
     6        0.8882            -nan     0.1000    0.1622
     7        0.7892            -nan     0.1000    0.1453
     8        0.7005            -nan     0.1000    0.1203
     9        0.6293            -nan     0.1000    0.0990
    10        0.5694            -nan     0.1000    0.0825
    20        0.2571            -nan     0.1000    0.0105
    40        0.1025            -nan     0.1000    0.0032
    60        0.0525            -nan     0.1000    0.0011
    80        0.0297            -nan     0.1000    0.0003
   100        0.0175            -nan     0.1000    0.0001
   120        0.0106            -nan     0.1000   -0.0000
   140        0.0067            -nan     0.1000    0.0001
   150        0.0054            -nan     0.1000   -0.0000

Iter   TrainDeviance   ValidDeviance   StepSize   Improve
     1        2.3026            -nan     0.1000    1.1713
     2        1.5971            -nan     0.1000    0.5325
     3        1.2758            -nan     0.1000    0.3607
     4        1.0623            -nan     0.1000    0.2651
     5        0.9037            -nan     0.1000    0.2085
     6        0.7793            -nan     0.1000    0.1647
     7        0.6794            -nan     0.1000    0.1348
     8        0.5942            -nan     0.1000    0.1066
     9        0.5273            -nan     0.1000    0.0907
    10        0.4711            -nan     0.1000    0.0821
    20        0.1836            -nan     0.1000    0.0162
    40        0.0524            -nan     0.1000    0.0008
    60        0.0219            -nan     0.1000    0.0003
    80        0.0103            -nan     0.1000    0.0002
   100        0.0052            -nan     0.1000    0.0001
   120        0.0028            -nan     0.1000    0.0000
   140        0.0015            -nan     0.1000    0.0000
   150        0.0011            -nan     0.1000   -0.0000

Iter   TrainDeviance   ValidDeviance   StepSize   Improve
     1        2.3026            -nan     0.1000    0.8482
     2        1.8015            -nan     0.1000    0.4414
     3        1.5483            -nan     0.1000    0.3281
     4        1.3594            -nan     0.1000    0.2184
     5        1.2272            -nan     0.1000    0.1866
     6        1.1142            -nan     0.1000    0.1682
     7        1.0150            -nan     0.1000    0.1291
     8        0.9405            -nan     0.1000    0.1035
     9        0.8776            -nan     0.1000    0.1006
    10        0.8181            -nan     0.1000    0.0794
    20        0.4689            -nan     0.1000    0.0241
    40        0.2324            -nan     0.1000    0.0046
    60        0.1386            -nan     0.1000    0.0031
    80        0.0909            -nan     0.1000    0.0000
   100        0.0644            -nan     0.1000    0.0011
   120        0.0462            -nan     0.1000   -0.0004
   140        0.0344            -nan     0.1000    0.0002
   150        0.0296            -nan     0.1000    0.0003

Iter   TrainDeviance   ValidDeviance   StepSize   Improve
     1        2.3026            -nan     0.1000    1.0197
     2        1.6838            -nan     0.1000    0.4824
     3        1.3980            -nan     0.1000    0.3426
     4        1.1977            -nan     0.1000    0.2615
     5        1.0434            -nan     0.1000    0.2127
     6        0.9176            -nan     0.1000    0.1708
     7        0.8125            -nan     0.1000    0.1363
     8        0.7265            -nan     0.1000    0.1133
     9        0.6535            -nan     0.1000    0.1050
    10        0.5881            -nan     0.1000    0.0857
    20        0.2615            -nan     0.1000    0.0197
    40        0.0963            -nan     0.1000    0.0027
    60        0.0458            -nan     0.1000    0.0011
    80        0.0246            -nan     0.1000    0.0003
   100        0.0142            -nan     0.1000    0.0002
   120        0.0083            -nan     0.1000    0.0001
   140        0.0051            -nan     0.1000    0.0001
   150        0.0040            -nan     0.1000   -0.0000

Iter   TrainDeviance   ValidDeviance   StepSize   Improve
     1        2.3026            -nan     0.1000    1.1706
     2        1.5875            -nan     0.1000    0.5201
     3        1.2810            -nan     0.1000    0.3398
     4        1.0761            -nan     0.1000    0.2638
     5        0.9196            -nan     0.1000    0.2140
     6        0.7923            -nan     0.1000    0.1730
     7        0.6870            -nan     0.1000    0.1311
     8        0.6071            -nan     0.1000    0.1065
     9        0.5399            -nan     0.1000    0.0942
    10        0.4800            -nan     0.1000    0.0849
    20        0.1827            -nan     0.1000    0.0161
    40        0.0496            -nan     0.1000    0.0023
    60        0.0191            -nan     0.1000    0.0004
    80        0.0082            -nan     0.1000    0.0002
   100        0.0038            -nan     0.1000    0.0000
   120        0.0018            -nan     0.1000    0.0000
   140        0.0009            -nan     0.1000    0.0000
   150        0.0006            -nan     0.1000    0.0000

Iter   TrainDeviance   ValidDeviance   StepSize   Improve
     1        2.3026            -nan     0.1000    0.8349
     2        1.7964            -nan     0.1000    0.4645
     3        1.5217            -nan     0.1000    0.3151
     4        1.3417            -nan     0.1000    0.2290
     5        1.2016            -nan     0.1000    0.2018
     6        1.0826            -nan     0.1000    0.1429
     7        0.9932            -nan     0.1000    0.1483
     8        0.9094            -nan     0.1000    0.1179
     9        0.8382            -nan     0.1000    0.1017
    10        0.7749            -nan     0.1000    0.0802
    20        0.4343            -nan     0.1000    0.0338
    40        0.2121            -nan     0.1000    0.0066
    60        0.1269            -nan     0.1000    0.0016
    80        0.0851            -nan     0.1000    0.0005
   100        0.0588            -nan     0.1000    0.0003
   120        0.0427            -nan     0.1000    0.0002
   140        0.0312            -nan     0.1000    0.0001
   150        0.0270            -nan     0.1000   -0.0001

Iter   TrainDeviance   ValidDeviance   StepSize   Improve
     1        2.3026            -nan     0.1000    1.0201
     2        1.6890            -nan     0.1000    0.5468
     3        1.3679            -nan     0.1000    0.3446
     4        1.1584            -nan     0.1000    0.2642
     5        1.0014            -nan     0.1000    0.2080
     6        0.8776            -nan     0.1000    0.1803
     7        0.7698            -nan     0.1000    0.1369
     8        0.6859            -nan     0.1000    0.1136
     9        0.6152            -nan     0.1000    0.0967
    10        0.5552            -nan     0.1000    0.0909
    20        0.2400            -nan     0.1000    0.0183
    40        0.0888            -nan     0.1000    0.0026
    60        0.0416            -nan     0.1000   -0.0001
    80        0.0219            -nan     0.1000    0.0004
   100        0.0125            -nan     0.1000    0.0002
   120        0.0077            -nan     0.1000    0.0001
   140        0.0045            -nan     0.1000    0.0000
   150        0.0036            -nan     0.1000    0.0000

Iter   TrainDeviance   ValidDeviance   StepSize   Improve
     1        2.3026            -nan     0.1000    1.1690
     2        1.5989            -nan     0.1000    0.5319
     3        1.2827            -nan     0.1000    0.3453
     4        1.0743            -nan     0.1000    0.2623
     5        0.9183            -nan     0.1000    0.2181
     6        0.7865            -nan     0.1000    0.1735
     7        0.6822            -nan     0.1000    0.1354
     8        0.5974            -nan     0.1000    0.1093
     9        0.5291            -nan     0.1000    0.1009
    10        0.4663            -nan     0.1000    0.0808
    20        0.1743            -nan     0.1000    0.0192
    40        0.0487            -nan     0.1000    0.0016
    60        0.0188            -nan     0.1000    0.0004
    80        0.0082            -nan     0.1000    0.0000
   100        0.0038            -nan     0.1000    0.0000
   120        0.0019            -nan     0.1000    0.0000
   140        0.0009            -nan     0.1000    0.0000
   150        0.0006            -nan     0.1000    0.0000

Iter   TrainDeviance   ValidDeviance   StepSize   Improve
     1        2.3026            -nan     0.1000    0.8997
     2        1.7755            -nan     0.1000    0.4675
     3        1.5063            -nan     0.1000    0.3131
     4        1.3217            -nan     0.1000    0.2370
     5        1.1819            -nan     0.1000    0.1913
     6        1.0700            -nan     0.1000    0.1536
     7        0.9743            -nan     0.1000    0.1244
     8        0.8983            -nan     0.1000    0.1158
     9        0.8284            -nan     0.1000    0.1018
    10        0.7662            -nan     0.1000    0.0837
    20        0.4219            -nan     0.1000    0.0335
    40        0.1997            -nan     0.1000    0.0047
    60        0.1174            -nan     0.1000    0.0009
    80        0.0762            -nan     0.1000    0.0011
   100        0.0532            -nan     0.1000   -0.0001
   120        0.0373            -nan     0.1000   -0.0001
   140        0.0272            -nan     0.1000   -0.0001
   150        0.0233            -nan     0.1000   -0.0001

Iter   TrainDeviance   ValidDeviance   StepSize   Improve
     1        2.3026            -nan     0.1000    1.0926
     2        1.6382            -nan     0.1000    0.5039
     3        1.3365            -nan     0.1000    0.3409
     4        1.1377            -nan     0.1000    0.2646
     5        0.9810            -nan     0.1000    0.2155
     6        0.8532            -nan     0.1000    0.1678
     7        0.7537            -nan     0.1000    0.1336
     8        0.6712            -nan     0.1000    0.1158
     9        0.5989            -nan     0.1000    0.0954
    10        0.5404            -nan     0.1000    0.0790
    20        0.2269            -nan     0.1000    0.0168
    40        0.0807            -nan     0.1000    0.0027
    60        0.0381            -nan     0.1000    0.0011
    80        0.0205            -nan     0.1000    0.0005
   100        0.0114            -nan     0.1000   -0.0001
   120        0.0067            -nan     0.1000    0.0000
   140        0.0040            -nan     0.1000   -0.0000
   150        0.0031            -nan     0.1000   -0.0000

Iter   TrainDeviance   ValidDeviance   StepSize   Improve
     1        2.3026            -nan     0.1000    1.1476
     2        1.5943            -nan     0.1000    0.5447
     3        1.2657            -nan     0.1000    0.3498
     4        1.0591            -nan     0.1000    0.2695
     5        0.8964            -nan     0.1000    0.2081
     6        0.7684            -nan     0.1000    0.1686
     7        0.6665            -nan     0.1000    0.1434
     8        0.5785            -nan     0.1000    0.1026
     9        0.5115            -nan     0.1000    0.1000
    10        0.4489            -nan     0.1000    0.0769
    20        0.1673            -nan     0.1000    0.0187
    40        0.0440            -nan     0.1000    0.0009
    60        0.0168            -nan     0.1000    0.0003
    80        0.0074            -nan     0.1000   -0.0000
   100        0.0037            -nan     0.1000    0.0001
   120        0.0017            -nan     0.1000   -0.0000
   140        0.0009            -nan     0.1000    0.0000
   150        0.0006            -nan     0.1000    0.0000

Iter   TrainDeviance   ValidDeviance   StepSize   Improve
     1        2.3026            -nan     0.1000    0.8332
     2        1.8076            -nan     0.1000    0.4489
     3        1.5482            -nan     0.1000    0.3001
     4        1.3692            -nan     0.1000    0.2249
     5        1.2384            -nan     0.1000    0.2080
     6        1.1163            -nan     0.1000    0.1430
     7        1.0292            -nan     0.1000    0.1395
     8        0.9441            -nan     0.1000    0.1246
     9        0.8698            -nan     0.1000    0.1039
    10        0.8063            -nan     0.1000    0.0853
    20        0.4458            -nan     0.1000    0.0334
    40        0.2121            -nan     0.1000    0.0065
    60        0.1291            -nan     0.1000    0.0015
    80        0.0850            -nan     0.1000    0.0008
   100        0.0603            -nan     0.1000    0.0004
   120        0.0429            -nan     0.1000    0.0003
   140        0.0311            -nan     0.1000   -0.0000
   150        0.0269            -nan     0.1000    0.0001

Iter   TrainDeviance   ValidDeviance   StepSize   Improve
     1        2.3026            -nan     0.1000    1.0876
     2        1.6604            -nan     0.1000    0.4956
     3        1.3711            -nan     0.1000    0.3091
     4        1.1874            -nan     0.1000    0.2632
     5        1.0305            -nan     0.1000    0.2056
     6        0.9062            -nan     0.1000    0.1693
     7        0.8059            -nan     0.1000    0.1411
     8        0.7207            -nan     0.1000    0.1202
     9        0.6476            -nan     0.1000    0.1056
    10        0.5825            -nan     0.1000    0.0876
    20        0.2582            -nan     0.1000    0.0180
    40        0.0938            -nan     0.1000    0.0033
    60        0.0461            -nan     0.1000    0.0010
    80        0.0252            -nan     0.1000    0.0001
   100        0.0144            -nan     0.1000    0.0002
   120        0.0082            -nan     0.1000    0.0001
   140        0.0049            -nan     0.1000    0.0000
   150        0.0038            -nan     0.1000    0.0001

Iter   TrainDeviance   ValidDeviance   StepSize   Improve
     1        2.3026            -nan     0.1000    1.1498
     2        1.6106            -nan     0.1000    0.5521
     3        1.2846            -nan     0.1000    0.3472
     4        1.0791            -nan     0.1000    0.2595
     5        0.9199            -nan     0.1000    0.2074
     6        0.7941            -nan     0.1000    0.1746
     7        0.6878            -nan     0.1000    0.1409
     8        0.6024            -nan     0.1000    0.1139
     9        0.5328            -nan     0.1000    0.0898
    10        0.4735            -nan     0.1000    0.0815
    20        0.1825            -nan     0.1000    0.0183
    40        0.0511            -nan     0.1000    0.0013
    60        0.0209            -nan     0.1000    0.0004
    80        0.0090            -nan     0.1000    0.0001
   100        0.0042            -nan     0.1000    0.0001
   120        0.0020            -nan     0.1000    0.0000
   140        0.0010            -nan     0.1000    0.0000
   150        0.0007            -nan     0.1000   -0.0000

Iter   TrainDeviance   ValidDeviance   StepSize   Improve
     1        2.3026            -nan     0.1000    0.8368
     2        1.8060            -nan     0.1000    0.4396
     3        1.5527            -nan     0.1000    0.3230
     4        1.3628            -nan     0.1000    0.2304
     5        1.2288            -nan     0.1000    0.1863
     6        1.1162            -nan     0.1000    0.1612
     7        1.0206            -nan     0.1000    0.1417
     8        0.9375            -nan     0.1000    0.1138
     9        0.8655            -nan     0.1000    0.1153
    10        0.7971            -nan     0.1000    0.0950
    20        0.4410            -nan     0.1000    0.0289
    40        0.2186            -nan     0.1000    0.0046
    60        0.1320            -nan     0.1000    0.0011
    80        0.0904            -nan     0.1000    0.0004
   100        0.0637            -nan     0.1000    0.0005
   120        0.0468            -nan     0.1000    0.0001
   140        0.0348            -nan     0.1000   -0.0001
   150        0.0304            -nan     0.1000    0.0002

Iter   TrainDeviance   ValidDeviance   StepSize   Improve
     1        2.3026            -nan     0.1000    1.0254
     2        1.6763            -nan     0.1000    0.5407
     3        1.3604            -nan     0.1000    0.3412
     4        1.1587            -nan     0.1000    0.2510
     5        1.0074            -nan     0.1000    0.2251
     6        0.8742            -nan     0.1000    0.1791
     7        0.7698            -nan     0.1000    0.1394
     8        0.6871            -nan     0.1000    0.1203
     9        0.6153            -nan     0.1000    0.1024
    10        0.5530            -nan     0.1000    0.0823
    20        0.2437            -nan     0.1000    0.0185
    40        0.0917            -nan     0.1000    0.0038
    60        0.0458            -nan     0.1000   -0.0000
    80        0.0243            -nan     0.1000   -0.0000
   100        0.0144            -nan     0.1000    0.0003
   120        0.0086            -nan     0.1000    0.0000
   140        0.0052            -nan     0.1000   -0.0000
   150        0.0041            -nan     0.1000    0.0000

Iter   TrainDeviance   ValidDeviance   StepSize   Improve
     1        2.3026            -nan     0.1000    1.1612
     2        1.5984            -nan     0.1000    0.5325
     3        1.2885            -nan     0.1000    0.3680
     4        1.0685            -nan     0.1000    0.2599
     5        0.9140            -nan     0.1000    0.2110
     6        0.7873            -nan     0.1000    0.1701
     7        0.6857            -nan     0.1000    0.1462
     8        0.5962            -nan     0.1000    0.1192
     9        0.5240            -nan     0.1000    0.0992
    10        0.4615            -nan     0.1000    0.0764
    20        0.1719            -nan     0.1000    0.0167
    40        0.0491            -nan     0.1000    0.0007
    60        0.0194            -nan     0.1000    0.0005
    80        0.0089            -nan     0.1000    0.0002
   100        0.0043            -nan     0.1000    0.0000
   120        0.0021            -nan     0.1000   -0.0000
   140        0.0011            -nan     0.1000    0.0000
   150        0.0009            -nan     0.1000   -0.0000

Iter   TrainDeviance   ValidDeviance   StepSize   Improve
     1        2.3026            -nan     0.1000    0.8828
     2        1.7947            -nan     0.1000    0.4221
     3        1.5499            -nan     0.1000    0.3120
     4        1.3689            -nan     0.1000    0.2430
     5        1.2263            -nan     0.1000    0.1947
     6        1.1114            -nan     0.1000    0.1653
     7        1.0141            -nan     0.1000    0.1236
     8        0.9399            -nan     0.1000    0.1152
     9        0.8718            -nan     0.1000    0.1026
    10        0.8087            -nan     0.1000    0.0823
    20        0.4509            -nan     0.1000    0.0259
    40        0.2285            -nan     0.1000    0.0016
    60        0.1426            -nan     0.1000   -0.0031
    80        0.0978            -nan     0.1000    0.0009
   100        0.0686            -nan     0.1000    0.0006
   120        0.0512            -nan     0.1000   -0.0001
   140        0.0381            -nan     0.1000   -0.0004
   150        0.0338            -nan     0.1000   -0.0001

Iter   TrainDeviance   ValidDeviance   StepSize   Improve
     1        2.3026            -nan     0.1000    1.0781
     2        1.6537            -nan     0.1000    0.4885
     3        1.3673            -nan     0.1000    0.3378
     4        1.1659            -nan     0.1000    0.2409
     5        1.0216            -nan     0.1000    0.2074
     6        0.8972            -nan     0.1000    0.1688
     7        0.7950            -nan     0.1000    0.1287
     8        0.7148            -nan     0.1000    0.1059
     9        0.6487            -nan     0.1000    0.0944
    10        0.5842            -nan     0.1000    0.0846
    20        0.2593            -nan     0.1000    0.0185
    40        0.1002            -nan     0.1000    0.0035
    60        0.0491            -nan     0.1000    0.0007
    80        0.0266            -nan     0.1000    0.0003
   100        0.0154            -nan     0.1000    0.0001
   120        0.0093            -nan     0.1000   -0.0000
   140        0.0058            -nan     0.1000    0.0001
   150        0.0045            -nan     0.1000    0.0000

Iter   TrainDeviance   ValidDeviance   StepSize   Improve
     1        2.3026            -nan     0.1000    1.1857
     2        1.5864            -nan     0.1000    0.5154
     3        1.2866            -nan     0.1000    0.3474
     4        1.0798            -nan     0.1000    0.2715
     5        0.9173            -nan     0.1000    0.1992
     6        0.7970            -nan     0.1000    0.1643
     7        0.6969            -nan     0.1000    0.1404
     8        0.6095            -nan     0.1000    0.1168
     9        0.5370            -nan     0.1000    0.0972
    10        0.4761            -nan     0.1000    0.0808
    20        0.1874            -nan     0.1000    0.0175
    40        0.0510            -nan     0.1000    0.0018
    60        0.0195            -nan     0.1000    0.0002
    80        0.0089            -nan     0.1000   -0.0001
   100        0.0042            -nan     0.1000    0.0001
   120        0.0021            -nan     0.1000    0.0000
   140        0.0010            -nan     0.1000    0.0000
   150        0.0007            -nan     0.1000    0.0000

Iter   TrainDeviance   ValidDeviance   StepSize   Improve
     1        2.3026            -nan     0.1000    0.8802
     2        1.7747            -nan     0.1000    0.4362
     3        1.5224            -nan     0.1000    0.3286
     4        1.3378            -nan     0.1000    0.2286
     5        1.2070            -nan     0.1000    0.1782
     6        1.1007            -nan     0.1000    0.1579
     7        1.0064            -nan     0.1000    0.1392
     8        0.9216            -nan     0.1000    0.1127
     9        0.8508            -nan     0.1000    0.0999
    10        0.7909            -nan     0.1000    0.1002
    20        0.4285            -nan     0.1000    0.0231
    40        0.2168            -nan     0.1000    0.0083
    60        0.1351            -nan     0.1000    0.0027
    80        0.0907            -nan     0.1000    0.0010
   100        0.0662            -nan     0.1000   -0.0002
   120        0.0476            -nan     0.1000    0.0007
   140        0.0353            -nan     0.1000   -0.0000
   150        0.0303            -nan     0.1000   -0.0004

Iter   TrainDeviance   ValidDeviance   StepSize   Improve
     1        2.3026            -nan     0.1000    1.0704
     2        1.6539            -nan     0.1000    0.5088
     3        1.3591            -nan     0.1000    0.3443
     4        1.1555            -nan     0.1000    0.2534
     5        1.0033            -nan     0.1000    0.1995
     6        0.8836            -nan     0.1000    0.1603
     7        0.7875            -nan     0.1000    0.1564
     8        0.6960            -nan     0.1000    0.1157
     9        0.6236            -nan     0.1000    0.1060
    10        0.5595            -nan     0.1000    0.0772
    20        0.2486            -nan     0.1000    0.0188
    40        0.0932            -nan     0.1000    0.0012
    60        0.0458            -nan     0.1000    0.0004
    80        0.0259            -nan     0.1000    0.0001
   100        0.0151            -nan     0.1000   -0.0000
   120        0.0091            -nan     0.1000    0.0001
   140        0.0056            -nan     0.1000    0.0001
   150        0.0045            -nan     0.1000    0.0000

Iter   TrainDeviance   ValidDeviance   StepSize   Improve
     1        2.3026            -nan     0.1000    1.1444
     2        1.6072            -nan     0.1000    0.5304
     3        1.2889            -nan     0.1000    0.3624
     4        1.0688            -nan     0.1000    0.2590
     5        0.9106            -nan     0.1000    0.2032
     6        0.7824            -nan     0.1000    0.1664
     7        0.6812            -nan     0.1000    0.1401
     8        0.5956            -nan     0.1000    0.1118
     9        0.5247            -nan     0.1000    0.0920
    10        0.4672            -nan     0.1000    0.0835
    20        0.1811            -nan     0.1000    0.0173
    40        0.0525            -nan     0.1000    0.0012
    60        0.0217            -nan     0.1000    0.0005
    80        0.0100            -nan     0.1000    0.0000
   100        0.0048            -nan     0.1000    0.0001
   120        0.0023            -nan     0.1000    0.0000
   140        0.0012            -nan     0.1000   -0.0000
   150        0.0009            -nan     0.1000    0.0000

Iter   TrainDeviance   ValidDeviance   StepSize   Improve
     1        2.3026            -nan     0.1000    0.8819
     2        1.7814            -nan     0.1000    0.4381
     3        1.5282            -nan     0.1000    0.2692
     4        1.3645            -nan     0.1000    0.2279
     5        1.2261            -nan     0.1000    0.1986
     6        1.1090            -nan     0.1000    0.1487
     7        1.0179            -nan     0.1000    0.1345
     8        0.9370            -nan     0.1000    0.1148
     9        0.8652            -nan     0.1000    0.0960
    10        0.8081            -nan     0.1000    0.0847
    20        0.4485            -nan     0.1000    0.0334
    40        0.2165            -nan     0.1000    0.0079
    60        0.1339            -nan     0.1000    0.0004
    80        0.0924            -nan     0.1000   -0.0005
   100        0.0652            -nan     0.1000    0.0003
   120        0.0479            -nan     0.1000   -0.0002
   140        0.0358            -nan     0.1000    0.0001
   150        0.0305            -nan     0.1000    0.0002

Iter   TrainDeviance   ValidDeviance   StepSize   Improve
     1        2.3026            -nan     0.1000    1.0917
     2        1.6451            -nan     0.1000    0.4887
     3        1.3542            -nan     0.1000    0.3659
     4        1.1376            -nan     0.1000    0.2339
     5        0.9949            -nan     0.1000    0.2040
     6        0.8718            -nan     0.1000    0.1570
     7        0.7742            -nan     0.1000    0.1337
     8        0.6927            -nan     0.1000    0.1182
     9        0.6192            -nan     0.1000    0.0990
    10        0.5612            -nan     0.1000    0.0813
    20        0.2483            -nan     0.1000    0.0195
    40        0.0920            -nan     0.1000    0.0037
    60        0.0464            -nan     0.1000    0.0002
    80        0.0255            -nan     0.1000    0.0002
   100        0.0148            -nan     0.1000   -0.0001
   120        0.0087            -nan     0.1000   -0.0000
   140        0.0053            -nan     0.1000    0.0000
   150        0.0042            -nan     0.1000    0.0000

Iter   TrainDeviance   ValidDeviance   StepSize   Improve
     1        2.3026            -nan     0.1000    1.1746
     2        1.5950            -nan     0.1000    0.5314
     3        1.2782            -nan     0.1000    0.3549
     4        1.0656            -nan     0.1000    0.2682
     5        0.9082            -nan     0.1000    0.1971
     6        0.7855            -nan     0.1000    0.1601
     7        0.6883            -nan     0.1000    0.1437
     8        0.6015            -nan     0.1000    0.1134
     9        0.5301            -nan     0.1000    0.0978
    10        0.4678            -nan     0.1000    0.0725
    20        0.1798            -nan     0.1000    0.0177
    40        0.0510            -nan     0.1000    0.0012
    60        0.0210            -nan     0.1000    0.0006
    80        0.0096            -nan     0.1000    0.0001
   100        0.0045            -nan     0.1000    0.0000
   120        0.0021            -nan     0.1000    0.0000
   140        0.0011            -nan     0.1000    0.0000
   150        0.0008            -nan     0.1000    0.0000

Iter   TrainDeviance   ValidDeviance   StepSize   Improve
     1        2.3026            -nan     0.1000    0.8498
     2        1.8001            -nan     0.1000    0.4583
     3        1.5313            -nan     0.1000    0.3242
     4        1.3423            -nan     0.1000    0.2375
     5        1.2062            -nan     0.1000    0.1844
     6        1.0991            -nan     0.1000    0.1533
     7        1.0052            -nan     0.1000    0.1583
     8        0.9150            -nan     0.1000    0.1015
     9        0.8530            -nan     0.1000    0.1044
    10        0.7893            -nan     0.1000    0.0898
    20        0.4417            -nan     0.1000    0.0254
    40        0.2152            -nan     0.1000    0.0051
    60        0.1323            -nan     0.1000   -0.0005
    80        0.0907            -nan     0.1000    0.0002
   100        0.0658            -nan     0.1000    0.0004
   120        0.0482            -nan     0.1000    0.0001
   140        0.0351            -nan     0.1000   -0.0004
   150        0.0307            -nan     0.1000   -0.0002

Iter   TrainDeviance   ValidDeviance   StepSize   Improve
     1        2.3026            -nan     0.1000    1.0854
     2        1.6513            -nan     0.1000    0.4895
     3        1.3611            -nan     0.1000    0.3427
     4        1.1591            -nan     0.1000    0.2506
     5        1.0113            -nan     0.1000    0.2226
     6        0.8794            -nan     0.1000    0.1823
     7        0.7718            -nan     0.1000    0.1405
     8        0.6870            -nan     0.1000    0.1232
     9        0.6122            -nan     0.1000    0.1035
    10        0.5493            -nan     0.1000    0.0825
    20        0.2481            -nan     0.1000    0.0177
    40        0.0920            -nan     0.1000    0.0034
    60        0.0441            -nan     0.1000    0.0004
    80        0.0239            -nan     0.1000    0.0004
   100        0.0138            -nan     0.1000   -0.0000
   120        0.0082            -nan     0.1000   -0.0000
   140        0.0051            -nan     0.1000    0.0001
   150        0.0041            -nan     0.1000    0.0000

Iter   TrainDeviance   ValidDeviance   StepSize   Improve
     1        2.3026            -nan     0.1000    1.1719
     2        1.5931            -nan     0.1000    0.5541
     3        1.2647            -nan     0.1000    0.3616
     4        1.0531            -nan     0.1000    0.2720
     5        0.8908            -nan     0.1000    0.2014
     6        0.7670            -nan     0.1000    0.1583
     7        0.6705            -nan     0.1000    0.1365
     8        0.5864            -nan     0.1000    0.1055
     9        0.5183            -nan     0.1000    0.0920
    10        0.4596            -nan     0.1000    0.0773
    20        0.1743            -nan     0.1000    0.0160
    40        0.0506            -nan     0.1000    0.0018
    60        0.0204            -nan     0.1000    0.0004
    80        0.0089            -nan     0.1000    0.0001
   100        0.0041            -nan     0.1000    0.0001
   120        0.0020            -nan     0.1000    0.0000
   140        0.0010            -nan     0.1000    0.0000
   150        0.0007            -nan     0.1000    0.0000

Iter   TrainDeviance   ValidDeviance   StepSize   Improve
     1        2.3026            -nan     0.1000    0.8518
     2        1.7881            -nan     0.1000    0.4598
     3        1.5218            -nan     0.1000    0.2923
     4        1.3534            -nan     0.1000    0.2504
     5        1.2072            -nan     0.1000    0.1876
     6        1.0990            -nan     0.1000    0.1534
     7        1.0058            -nan     0.1000    0.1348
     8        0.9244            -nan     0.1000    0.1149
     9        0.8548            -nan     0.1000    0.0931
    10        0.7971            -nan     0.1000    0.0987
    20        0.4402            -nan     0.1000    0.0336
    40        0.2142            -nan     0.1000    0.0055
    60        0.1325            -nan     0.1000    0.0016
    80        0.0898            -nan     0.1000    0.0009
   100        0.0649            -nan     0.1000    0.0004
   120        0.0464            -nan     0.1000   -0.0001
   140        0.0344            -nan     0.1000   -0.0001
   150        0.0300            -nan     0.1000    0.0000

Iter   TrainDeviance   ValidDeviance   StepSize   Improve
     1        2.3026            -nan     0.1000    1.0465
     2        1.6625            -nan     0.1000    0.5248
     3        1.3494            -nan     0.1000    0.3503
     4        1.1431            -nan     0.1000    0.2532
     5        0.9929            -nan     0.1000    0.1801
     6        0.8837            -nan     0.1000    0.1609
     7        0.7855            -nan     0.1000    0.1330
     8        0.7064            -nan     0.1000    0.1160
     9        0.6357            -nan     0.1000    0.1030
    10        0.5715            -nan     0.1000    0.0817
    20        0.2508            -nan     0.1000    0.0255
    40        0.0889            -nan     0.1000    0.0011
    60        0.0443            -nan     0.1000    0.0008
    80        0.0246            -nan     0.1000    0.0002
   100        0.0145            -nan     0.1000    0.0003
   120        0.0085            -nan     0.1000    0.0000
   140        0.0052            -nan     0.1000    0.0000
   150        0.0040            -nan     0.1000    0.0000

Iter   TrainDeviance   ValidDeviance   StepSize   Improve
     1        2.3026            -nan     0.1000    1.1506
     2        1.5993            -nan     0.1000    0.5177
     3        1.2842            -nan     0.1000    0.3862
     4        1.0581            -nan     0.1000    0.2707
     5        0.8962            -nan     0.1000    0.2141
     6        0.7678            -nan     0.1000    0.1653
     7        0.6681            -nan     0.1000    0.1362
     8        0.5835            -nan     0.1000    0.1108
     9        0.5153            -nan     0.1000    0.0934
    10        0.4550            -nan     0.1000    0.0711
    20        0.1765            -nan     0.1000    0.0145
    40        0.0477            -nan     0.1000    0.0017
    60        0.0194            -nan     0.1000    0.0004
    80        0.0085            -nan     0.1000    0.0001
   100        0.0042            -nan     0.1000    0.0001
   120        0.0020            -nan     0.1000    0.0000
   140        0.0009            -nan     0.1000    0.0000
   150        0.0007            -nan     0.1000   -0.0000

Iter   TrainDeviance   ValidDeviance   StepSize   Improve
     1        2.3026            -nan     0.1000    0.8619
     2        1.8035            -nan     0.1000    0.4111
     3        1.5583            -nan     0.1000    0.3027
     4        1.3829            -nan     0.1000    0.2508
     5        1.2356            -nan     0.1000    0.1971
     6        1.1205            -nan     0.1000    0.1484
     7        1.0312            -nan     0.1000    0.1468
     8        0.9445            -nan     0.1000    0.1196
     9        0.8729            -nan     0.1000    0.1052
    10        0.8091            -nan     0.1000    0.0971
    20        0.4514            -nan     0.1000    0.0233
    40        0.2156            -nan     0.1000    0.0054
    60        0.1309            -nan     0.1000    0.0021
    80        0.0879            -nan     0.1000    0.0007
   100        0.0614            -nan     0.1000   -0.0002
   120        0.0439            -nan     0.1000   -0.0001
   140        0.0319            -nan     0.1000   -0.0001
   150        0.0271            -nan     0.1000   -0.0001

Iter   TrainDeviance   ValidDeviance   StepSize   Improve
     1        2.3026            -nan     0.1000    1.0349
     2        1.6791            -nan     0.1000    0.4813
     3        1.3942            -nan     0.1000    0.3575
     4        1.1831            -nan     0.1000    0.2730
     5        1.0196            -nan     0.1000    0.2172
     6        0.8908            -nan     0.1000    0.1656
     7        0.7913            -nan     0.1000    0.1465
     8        0.7050            -nan     0.1000    0.1270
     9        0.6297            -nan     0.1000    0.0977
    10        0.5696            -nan     0.1000    0.0796
    20        0.2388            -nan     0.1000    0.0207
    40        0.0883            -nan     0.1000    0.0033
    60        0.0420            -nan     0.1000    0.0016
    80        0.0223            -nan     0.1000    0.0002
   100        0.0129            -nan     0.1000    0.0001
   120        0.0073            -nan     0.1000   -0.0000
   140        0.0046            -nan     0.1000    0.0001
   150        0.0036            -nan     0.1000    0.0000

Iter   TrainDeviance   ValidDeviance   StepSize   Improve
     1        2.3026            -nan     0.1000    1.1380
     2        1.6174            -nan     0.1000    0.5110
     3        1.3095            -nan     0.1000    0.3571
     4        1.0973            -nan     0.1000    0.2794
     5        0.9273            -nan     0.1000    0.2226
     6        0.7949            -nan     0.1000    0.1730
     7        0.6900            -nan     0.1000    0.1385
     8        0.6073            -nan     0.1000    0.1243
     9        0.5339            -nan     0.1000    0.0958
    10        0.4735            -nan     0.1000    0.0746
    20        0.1743            -nan     0.1000    0.0203
    40        0.0480            -nan     0.1000    0.0012
    60        0.0185            -nan     0.1000    0.0004
    80        0.0083            -nan     0.1000    0.0000
   100        0.0039            -nan     0.1000    0.0001
   120        0.0019            -nan     0.1000    0.0001
   140        0.0009            -nan     0.1000    0.0000
   150        0.0006            -nan     0.1000    0.0000

Iter   TrainDeviance   ValidDeviance   StepSize   Improve
     1        2.3026            -nan     0.1000    0.8859
     2        1.7771            -nan     0.1000    0.4456
     3        1.5159            -nan     0.1000    0.2957
     4        1.3414            -nan     0.1000    0.2509
     5        1.1976            -nan     0.1000    0.1926
     6        1.0816            -nan     0.1000    0.1678
     7        0.9826            -nan     0.1000    0.1368
     8        0.9005            -nan     0.1000    0.1075
     9        0.8334            -nan     0.1000    0.0957
    10        0.7742            -nan     0.1000    0.0772
    20        0.4272            -nan     0.1000    0.0300
    40        0.1995            -nan     0.1000    0.0061
    60        0.1221            -nan     0.1000    0.0020
    80        0.0797            -nan     0.1000    0.0004
   100        0.0556            -nan     0.1000    0.0001
   120        0.0404            -nan     0.1000    0.0003
   140        0.0297            -nan     0.1000   -0.0002
   150        0.0255            -nan     0.1000    0.0000

Iter   TrainDeviance   ValidDeviance   StepSize   Improve
     1        2.3026            -nan     0.1000    1.0603
     2        1.6555            -nan     0.1000    0.4991
     3        1.3673            -nan     0.1000    0.3528
     4        1.1556            -nan     0.1000    0.2511
     5        1.0060            -nan     0.1000    0.1964
     6        0.8837            -nan     0.1000    0.1614
     7        0.7827            -nan     0.1000    0.1387
     8        0.6984            -nan     0.1000    0.1195
     9        0.6282            -nan     0.1000    0.0984
    10        0.5659            -nan     0.1000    0.0888
    20        0.2406            -nan     0.1000    0.0174
    40        0.0856            -nan     0.1000    0.0027
    60        0.0409            -nan     0.1000    0.0005
    80        0.0225            -nan     0.1000    0.0002
   100        0.0130            -nan     0.1000    0.0003
   120        0.0075            -nan     0.1000    0.0001
   140        0.0045            -nan     0.1000    0.0000
   150        0.0036            -nan     0.1000    0.0001

Iter   TrainDeviance   ValidDeviance   StepSize   Improve
     1        2.3026            -nan     0.1000    1.1518
     2        1.5976            -nan     0.1000    0.5070
     3        1.2900            -nan     0.1000    0.3486
     4        1.0787            -nan     0.1000    0.2756
     5        0.9143            -nan     0.1000    0.2021
     6        0.7903            -nan     0.1000    0.1711
     7        0.6877            -nan     0.1000    0.1386
     8        0.6044            -nan     0.1000    0.1201
     9        0.5289            -nan     0.1000    0.1040
    10        0.4657            -nan     0.1000    0.0836
    20        0.1699            -nan     0.1000    0.0171
    40        0.0461            -nan     0.1000    0.0016
    60        0.0180            -nan     0.1000    0.0003
    80        0.0085            -nan     0.1000    0.0001
   100        0.0039            -nan     0.1000    0.0000
   120        0.0019            -nan     0.1000    0.0001
   140        0.0010            -nan     0.1000    0.0000
   150        0.0007            -nan     0.1000    0.0000

Iter   TrainDeviance   ValidDeviance   StepSize   Improve
     1        2.3026            -nan     0.1000    0.9139
     2        1.7813            -nan     0.1000    0.4388
     3        1.5239            -nan     0.1000    0.3277
     4        1.3388            -nan     0.1000    0.2349
     5        1.2027            -nan     0.1000    0.1730
     6        1.0992            -nan     0.1000    0.1605
     7        1.0035            -nan     0.1000    0.1340
     8        0.9212            -nan     0.1000    0.1058
     9        0.8568            -nan     0.1000    0.0988
    10        0.7956            -nan     0.1000    0.0830
    20        0.4374            -nan     0.1000    0.0260
    40        0.2067            -nan     0.1000    0.0073
    60        0.1280            -nan     0.1000    0.0012
    80        0.0852            -nan     0.1000    0.0007
   100        0.0605            -nan     0.1000   -0.0001
   120        0.0432            -nan     0.1000    0.0004
   140        0.0317            -nan     0.1000   -0.0001
   150        0.0278            -nan     0.1000    0.0003

Iter   TrainDeviance   ValidDeviance   StepSize   Improve
     1        2.3026            -nan     0.1000    1.0969
     2        1.6464            -nan     0.1000    0.5001
     3        1.3573            -nan     0.1000    0.3482
     4        1.1518            -nan     0.1000    0.2660
     5        0.9970            -nan     0.1000    0.2065
     6        0.8688            -nan     0.1000    0.1737
     7        0.7633            -nan     0.1000    0.1292
     8        0.6824            -nan     0.1000    0.1189
     9        0.6121            -nan     0.1000    0.0987
    10        0.5521            -nan     0.1000    0.0808
    20        0.2357            -nan     0.1000    0.0211
    40        0.0864            -nan     0.1000    0.0015
    60        0.0431            -nan     0.1000    0.0002
    80        0.0232            -nan     0.1000    0.0004
   100        0.0131            -nan     0.1000    0.0001
   120        0.0078            -nan     0.1000    0.0002
   140        0.0048            -nan     0.1000    0.0000
   150        0.0038            -nan     0.1000    0.0000

Iter   TrainDeviance   ValidDeviance   StepSize   Improve
     1        2.3026            -nan     0.1000    1.1967
     2        1.5802            -nan     0.1000    0.5237
     3        1.2685            -nan     0.1000    0.3392
     4        1.0658            -nan     0.1000    0.2578
     5        0.9080            -nan     0.1000    0.2171
     6        0.7793            -nan     0.1000    0.1554
     7        0.6853            -nan     0.1000    0.1374
     8        0.6015            -nan     0.1000    0.1177
     9        0.5279            -nan     0.1000    0.1021
    10        0.4635            -nan     0.1000    0.0838
    20        0.1705            -nan     0.1000    0.0177
    40        0.0481            -nan     0.1000    0.0014
    60        0.0193            -nan     0.1000    0.0008
    80        0.0082            -nan     0.1000    0.0001
   100        0.0037            -nan     0.1000    0.0000
   120        0.0019            -nan     0.1000    0.0000
   140        0.0010            -nan     0.1000    0.0000
   150        0.0007            -nan     0.1000    0.0000

Iter   TrainDeviance   ValidDeviance   StepSize   Improve
     1        2.3026            -nan     0.1000    0.8828
     2        1.7817            -nan     0.1000    0.4781
     3        1.5127            -nan     0.1000    0.2855
     4        1.3407            -nan     0.1000    0.2451
     5        1.1991            -nan     0.1000    0.1986
     6        1.0823            -nan     0.1000    0.1524
     7        0.9893            -nan     0.1000    0.1319
     8        0.9120            -nan     0.1000    0.1208
     9        0.8410            -nan     0.1000    0.1003
    10        0.7801            -nan     0.1000    0.0919
    20        0.4380            -nan     0.1000    0.0249
    40        0.2126            -nan     0.1000    0.0057
    60        0.1310            -nan     0.1000    0.0008
    80        0.0895            -nan     0.1000    0.0002
   100        0.0620            -nan     0.1000    0.0004
   120        0.0431            -nan     0.1000    0.0001
   140        0.0326            -nan     0.1000   -0.0002
   150        0.0281            -nan     0.1000   -0.0002

Iter   TrainDeviance   ValidDeviance   StepSize   Improve
     1        2.3026            -nan     0.1000    1.0730
     2        1.6549            -nan     0.1000    0.5171
     3        1.3577            -nan     0.1000    0.3450
     4        1.1542            -nan     0.1000    0.2616
     5        0.9951            -nan     0.1000    0.2147
     6        0.8685            -nan     0.1000    0.1620
     7        0.7689            -nan     0.1000    0.1379
     8        0.6826            -nan     0.1000    0.1181
     9        0.6094            -nan     0.1000    0.0929
    10        0.5506            -nan     0.1000    0.0784
    20        0.2413            -nan     0.1000    0.0216
    40        0.0867            -nan     0.1000    0.0031
    60        0.0427            -nan     0.1000    0.0005
    80        0.0224            -nan     0.1000    0.0002
   100        0.0127            -nan     0.1000    0.0002
   120        0.0074            -nan     0.1000   -0.0000
   140        0.0045            -nan     0.1000    0.0000
   150        0.0034            -nan     0.1000    0.0000

Iter   TrainDeviance   ValidDeviance   StepSize   Improve
     1        2.3026            -nan     0.1000    1.1578
     2        1.6007            -nan     0.1000    0.5395
     3        1.2751            -nan     0.1000    0.3597
     4        1.0601            -nan     0.1000    0.2668
     5        0.9021            -nan     0.1000    0.2174
     6        0.7743            -nan     0.1000    0.1652
     7        0.6730            -nan     0.1000    0.1317
     8        0.5904            -nan     0.1000    0.1026
     9        0.5255            -nan     0.1000    0.0918
    10        0.4658            -nan     0.1000    0.0798
    20        0.1738            -nan     0.1000    0.0173
    40        0.0477            -nan     0.1000    0.0012
    60        0.0195            -nan     0.1000    0.0007
    80        0.0084            -nan     0.1000    0.0002
   100        0.0040            -nan     0.1000    0.0001
   120        0.0018            -nan     0.1000    0.0000
   140        0.0009            -nan     0.1000    0.0000
   150        0.0006            -nan     0.1000    0.0000

Iter   TrainDeviance   ValidDeviance   StepSize   Improve
     1        2.3026            -nan     0.1000    0.8694
     2        1.7924            -nan     0.1000    0.4105
     3        1.5469            -nan     0.1000    0.2986
     4        1.3750            -nan     0.1000    0.2415
     5        1.2303            -nan     0.1000    0.1774
     6        1.1227            -nan     0.1000    0.1647
     7        1.0239            -nan     0.1000    0.1301
     8        0.9483            -nan     0.1000    0.1250
     9        0.8745            -nan     0.1000    0.1110
    10        0.8101            -nan     0.1000    0.0914
    20        0.4585            -nan     0.1000    0.0300
    40        0.2315            -nan     0.1000    0.0086
    60        0.1402            -nan     0.1000    0.0023
    80        0.0941            -nan     0.1000   -0.0001
   100        0.0659            -nan     0.1000   -0.0000
   120        0.0482            -nan     0.1000    0.0001
   140        0.0354            -nan     0.1000   -0.0003
   150        0.0307            -nan     0.1000    0.0001

Iter   TrainDeviance   ValidDeviance   StepSize   Improve
     1        2.3026            -nan     0.1000    1.0302
     2        1.6926            -nan     0.1000    0.5110
     3        1.3922            -nan     0.1000    0.3708
     4        1.1743            -nan     0.1000    0.2579
     5        1.0191            -nan     0.1000    0.2007
     6        0.9008            -nan     0.1000    0.1618
     7        0.8036            -nan     0.1000    0.1331
     8        0.7198            -nan     0.1000    0.1174
     9        0.6464            -nan     0.1000    0.1071
    10        0.5799            -nan     0.1000    0.0886
    20        0.2524            -nan     0.1000    0.0204
    40        0.0938            -nan     0.1000    0.0016
    60        0.0459            -nan     0.1000    0.0010
    80        0.0252            -nan     0.1000    0.0002
   100        0.0150            -nan     0.1000    0.0001
   120        0.0090            -nan     0.1000    0.0001
   140        0.0055            -nan     0.1000    0.0000
   150        0.0044            -nan     0.1000   -0.0000

Iter   TrainDeviance   ValidDeviance   StepSize   Improve
     1        2.3026            -nan     0.1000    1.1014
     2        1.6196            -nan     0.1000    0.5254
     3        1.3044            -nan     0.1000    0.3673
     4        1.0880            -nan     0.1000    0.2557
     5        0.9336            -nan     0.1000    0.1988
     6        0.8109            -nan     0.1000    0.1707
     7        0.7074            -nan     0.1000    0.1446
     8        0.6165            -nan     0.1000    0.1195
     9        0.5442            -nan     0.1000    0.0914
    10        0.4862            -nan     0.1000    0.0760
    20        0.1866            -nan     0.1000    0.0154
    40        0.0516            -nan     0.1000    0.0022
    60        0.0209            -nan     0.1000    0.0007
    80        0.0092            -nan     0.1000    0.0001
   100        0.0043            -nan     0.1000    0.0001
   120        0.0021            -nan     0.1000    0.0000
   140        0.0010            -nan     0.1000    0.0000
   150        0.0007            -nan     0.1000    0.0000

Iter   TrainDeviance   ValidDeviance   StepSize   Improve
     1        2.3026            -nan     0.1000    0.8473
     2        1.8020            -nan     0.1000    0.4447
     3        1.5380            -nan     0.1000    0.3139
     4        1.3576            -nan     0.1000    0.2389
     5        1.2166            -nan     0.1000    0.1913
     6        1.1037            -nan     0.1000    0.1669
     7        1.0049            -nan     0.1000    0.1332
     8        0.9267            -nan     0.1000    0.1203
     9        0.8546            -nan     0.1000    0.1022
    10        0.7931            -nan     0.1000    0.0861
    20        0.4472            -nan     0.1000    0.0294
    40        0.2115            -nan     0.1000    0.0056
    60        0.1313            -nan     0.1000    0.0020
    80        0.0876            -nan     0.1000    0.0007
   100        0.0601            -nan     0.1000    0.0002
   120        0.0432            -nan     0.1000    0.0002
   140        0.0318            -nan     0.1000   -0.0003
   150        0.0279            -nan     0.1000    0.0001

Iter   TrainDeviance   ValidDeviance   StepSize   Improve
     1        2.3026            -nan     0.1000    1.0885
     2        1.6556            -nan     0.1000    0.4854
     3        1.3667            -nan     0.1000    0.3336
     4        1.1690            -nan     0.1000    0.2714
     5        1.0070            -nan     0.1000    0.2138
     6        0.8818            -nan     0.1000    0.1692
     7        0.7808            -nan     0.1000    0.1378
     8        0.6971            -nan     0.1000    0.1167
     9        0.6266            -nan     0.1000    0.0923
    10        0.5682            -nan     0.1000    0.0773
    20        0.2519            -nan     0.1000    0.0217
    40        0.0932            -nan     0.1000    0.0023
    60        0.0447            -nan     0.1000    0.0018
    80        0.0235            -nan     0.1000    0.0001
   100        0.0133            -nan     0.1000    0.0001
   120        0.0079            -nan     0.1000    0.0000
   140        0.0049            -nan     0.1000    0.0000
   150        0.0039            -nan     0.1000   -0.0000

Iter   TrainDeviance   ValidDeviance   StepSize   Improve
     1        2.3026            -nan     0.1000    1.1239
     2        1.5947            -nan     0.1000    0.5176
     3        1.2817            -nan     0.1000    0.3766
     4        1.0597            -nan     0.1000    0.2575
     5        0.9044            -nan     0.1000    0.2063
     6        0.7782            -nan     0.1000    0.1712
     7        0.6730            -nan     0.1000    0.1383
     8        0.5879            -nan     0.1000    0.1165
     9        0.5167            -nan     0.1000    0.0954
    10        0.4566            -nan     0.1000    0.0750
    20        0.1720            -nan     0.1000    0.0154
    40        0.0477            -nan     0.1000    0.0008
    60        0.0205            -nan     0.1000    0.0007
    80        0.0093            -nan     0.1000    0.0002
   100        0.0045            -nan     0.1000    0.0001
   120        0.0023            -nan     0.1000    0.0000
   140        0.0012            -nan     0.1000   -0.0000
   150        0.0008            -nan     0.1000    0.0000

Iter   TrainDeviance   ValidDeviance   StepSize   Improve
     1        2.3026            -nan     0.1000    0.8582
     2        1.7875            -nan     0.1000    0.4324
     3        1.5331            -nan     0.1000    0.3254
     4        1.3416            -nan     0.1000    0.2490
     5        1.1954            -nan     0.1000    0.1927
     6        1.0805            -nan     0.1000    0.1601
     7        0.9855            -nan     0.1000    0.1402
     8        0.9010            -nan     0.1000    0.1156
     9        0.8324            -nan     0.1000    0.1006
    10        0.7698            -nan     0.1000    0.0841
    20        0.4212            -nan     0.1000    0.0279
    40        0.2070            -nan     0.1000    0.0057
    60        0.1298            -nan     0.1000    0.0013
    80        0.0869            -nan     0.1000   -0.0005
   100        0.0618            -nan     0.1000    0.0003
   120        0.0456            -nan     0.1000    0.0001
   140        0.0344            -nan     0.1000   -0.0001
   150        0.0295            -nan     0.1000   -0.0002

Iter   TrainDeviance   ValidDeviance   StepSize   Improve
     1        2.3026            -nan     0.1000    1.0888
     2        1.6460            -nan     0.1000    0.5320
     3        1.3450            -nan     0.1000    0.3327
     4        1.1491            -nan     0.1000    0.2624
     5        0.9891            -nan     0.1000    0.2117
     6        0.8662            -nan     0.1000    0.1686
     7        0.7656            -nan     0.1000    0.1459
     8        0.6773            -nan     0.1000    0.1088
     9        0.6104            -nan     0.1000    0.0946
    10        0.5518            -nan     0.1000    0.0854
    20        0.2397            -nan     0.1000    0.0237
    40        0.0858            -nan     0.1000    0.0023
    60        0.0429            -nan     0.1000    0.0008
    80        0.0238            -nan     0.1000    0.0001
   100        0.0141            -nan     0.1000    0.0003
   120        0.0080            -nan     0.1000   -0.0000
   140        0.0048            -nan     0.1000    0.0000
   150        0.0038            -nan     0.1000    0.0000

Iter   TrainDeviance   ValidDeviance   StepSize   Improve
     1        2.3026            -nan     0.1000    1.1502
     2        1.6036            -nan     0.1000    0.5323
     3        1.2874            -nan     0.1000    0.3741
     4        1.0663            -nan     0.1000    0.2613
     5        0.9091            -nan     0.1000    0.2056
     6        0.7853            -nan     0.1000    0.1667
     7        0.6841            -nan     0.1000    0.1410
     8        0.5955            -nan     0.1000    0.1083
     9        0.5274            -nan     0.1000    0.0881
    10        0.4709            -nan     0.1000    0.0787
    20        0.1785            -nan     0.1000    0.0165
    40        0.0509            -nan     0.1000    0.0022
    60        0.0198            -nan     0.1000    0.0004
    80        0.0088            -nan     0.1000    0.0002
   100        0.0044            -nan     0.1000    0.0001
   120        0.0022            -nan     0.1000    0.0001
   140        0.0011            -nan     0.1000    0.0000
   150        0.0007            -nan     0.1000    0.0000

Iter   TrainDeviance   ValidDeviance   StepSize   Improve
     1        2.3026            -nan     0.1000    0.9043
     2        1.7737            -nan     0.1000    0.4619
     3        1.5093            -nan     0.1000    0.2920
     4        1.3408            -nan     0.1000    0.2447
     5        1.1974            -nan     0.1000    0.1832
     6        1.0911            -nan     0.1000    0.1473
     7        0.9998            -nan     0.1000    0.1313
     8        0.9218            -nan     0.1000    0.1072
     9        0.8558            -nan     0.1000    0.0938
    10        0.7983            -nan     0.1000    0.0994
    20        0.4445            -nan     0.1000    0.0224
    40        0.2241            -nan     0.1000    0.0074
    60        0.1384            -nan     0.1000    0.0029
    80        0.0925            -nan     0.1000    0.0007
   100        0.0664            -nan     0.1000    0.0003
   120        0.0474            -nan     0.1000    0.0003
   140        0.0350            -nan     0.1000   -0.0004
   150        0.0298            -nan     0.1000   -0.0001

Iter   TrainDeviance   ValidDeviance   StepSize   Improve
     1        2.3026            -nan     0.1000    1.0963
     2        1.6601            -nan     0.1000    0.4939
     3        1.3657            -nan     0.1000    0.3477
     4        1.1642            -nan     0.1000    0.2680
     5        1.0071            -nan     0.1000    0.2004
     6        0.8898            -nan     0.1000    0.1690
     7        0.7868            -nan     0.1000    0.1442
     8        0.7011            -nan     0.1000    0.1122
     9        0.6317            -nan     0.1000    0.1012
    10        0.5693            -nan     0.1000    0.0866
    20        0.2491            -nan     0.1000    0.0216
    40        0.0935            -nan     0.1000    0.0015
    60        0.0470            -nan     0.1000   -0.0000
    80        0.0252            -nan     0.1000    0.0001
   100        0.0142            -nan     0.1000   -0.0000
   120        0.0085            -nan     0.1000    0.0001
   140        0.0052            -nan     0.1000    0.0001
   150        0.0041            -nan     0.1000    0.0000

Iter   TrainDeviance   ValidDeviance   StepSize   Improve
     1        2.3026            -nan     0.1000    1.2030
     2        1.5809            -nan     0.1000    0.5326
     3        1.2689            -nan     0.1000    0.3562
     4        1.0602            -nan     0.1000    0.2581
     5        0.9023            -nan     0.1000    0.1987
     6        0.7801            -nan     0.1000    0.1682
     7        0.6764            -nan     0.1000    0.1442
     8        0.5864            -nan     0.1000    0.1118
     9        0.5155            -nan     0.1000    0.0927
    10        0.4560            -nan     0.1000    0.0769
    20        0.1720            -nan     0.1000    0.0168
    40        0.0491            -nan     0.1000    0.0012
    60        0.0200            -nan     0.1000    0.0004
    80        0.0090            -nan     0.1000    0.0000
   100        0.0044            -nan     0.1000    0.0001
   120        0.0022            -nan     0.1000    0.0000
   140        0.0011            -nan     0.1000    0.0000
   150        0.0008            -nan     0.1000    0.0000

Iter   TrainDeviance   ValidDeviance   StepSize   Improve
     1        2.3026            -nan     0.1000    0.8149
     2        1.8220            -nan     0.1000    0.4317
     3        1.5682            -nan     0.1000    0.3168
     4        1.3787            -nan     0.1000    0.2214
     5        1.2487            -nan     0.1000    0.1947
     6        1.1335            -nan     0.1000    0.1473
     7        1.0442            -nan     0.1000    0.1332
     8        0.9627            -nan     0.1000    0.1239
     9        0.8907            -nan     0.1000    0.0939
    10        0.8339            -nan     0.1000    0.0860
    20        0.4790            -nan     0.1000    0.0326
    40        0.2397            -nan     0.1000    0.0076
    60        0.1494            -nan     0.1000    0.0013
    80        0.0997            -nan     0.1000    0.0006
   100        0.0714            -nan     0.1000    0.0002
   120        0.0525            -nan     0.1000    0.0004
   140        0.0391            -nan     0.1000    0.0001
   150        0.0339            -nan     0.1000    0.0001

Iter   TrainDeviance   ValidDeviance   StepSize   Improve
     1        2.3026            -nan     0.1000    1.0020
     2        1.7022            -nan     0.1000    0.5131
     3        1.4067            -nan     0.1000    0.3709
     4        1.1882            -nan     0.1000    0.2570
     5        1.0370            -nan     0.1000    0.2003
     6        0.9143            -nan     0.1000    0.1639
     7        0.8154            -nan     0.1000    0.1474
     8        0.7273            -nan     0.1000    0.1178
     9        0.6558            -nan     0.1000    0.0987
    10        0.5923            -nan     0.1000    0.0817
    20        0.2677            -nan     0.1000    0.0174
    40        0.1005            -nan     0.1000    0.0025
    60        0.0524            -nan     0.1000    0.0006
    80        0.0293            -nan     0.1000   -0.0000
   100        0.0166            -nan     0.1000    0.0002
   120        0.0102            -nan     0.1000    0.0001
   140        0.0061            -nan     0.1000    0.0000
   150        0.0049            -nan     0.1000    0.0001

Iter   TrainDeviance   ValidDeviance   StepSize   Improve
     1        2.3026            -nan     0.1000    1.1049
     2        1.6182            -nan     0.1000    0.5307
     3        1.3016            -nan     0.1000    0.3467
     4        1.0959            -nan     0.1000    0.2633
     5        0.9377            -nan     0.1000    0.1918
     6        0.8191            -nan     0.1000    0.1738
     7        0.7143            -nan     0.1000    0.1396
     8        0.6284            -nan     0.1000    0.1111
     9        0.5588            -nan     0.1000    0.0897
    10        0.4997            -nan     0.1000    0.0795
    20        0.1932            -nan     0.1000    0.0182
    40        0.0557            -nan     0.1000    0.0018
    60        0.0237            -nan     0.1000    0.0008
    80        0.0109            -nan     0.1000    0.0002
   100        0.0052            -nan     0.1000    0.0001
   120        0.0026            -nan     0.1000    0.0000
   140        0.0013            -nan     0.1000    0.0000
   150        0.0009            -nan     0.1000    0.0000

Iter   TrainDeviance   ValidDeviance   StepSize   Improve
     1        2.3026            -nan     0.1000    0.9001
     2        1.7810            -nan     0.1000    0.4673
     3        1.5159            -nan     0.1000    0.3024
     4        1.3356            -nan     0.1000    0.2524
     5        1.1893            -nan     0.1000    0.1872
     6        1.0790            -nan     0.1000    0.1640
     7        0.9821            -nan     0.1000    0.1212
     8        0.9088            -nan     0.1000    0.1200
     9        0.8382            -nan     0.1000    0.1013
    10        0.7748            -nan     0.1000    0.0900
    20        0.4272            -nan     0.1000    0.0245
    40        0.2115            -nan     0.1000    0.0052
    60        0.1327            -nan     0.1000    0.0019
    80        0.0912            -nan     0.1000    0.0000
   100        0.0662            -nan     0.1000    0.0002
   120        0.0496            -nan     0.1000   -0.0002
   140        0.0372            -nan     0.1000   -0.0001
   150        0.0330            -nan     0.1000   -0.0006

Iter   TrainDeviance   ValidDeviance   StepSize   Improve
     1        2.3026            -nan     0.1000    1.0467
     2        1.6630            -nan     0.1000    0.4969
     3        1.3670            -nan     0.1000    0.3528
     4        1.1622            -nan     0.1000    0.2634
     5        1.0018            -nan     0.1000    0.2131
     6        0.8749            -nan     0.1000    0.1688
     7        0.7755            -nan     0.1000    0.1485
     8        0.6858            -nan     0.1000    0.1189
     9        0.6147            -nan     0.1000    0.1067
    10        0.5479            -nan     0.1000    0.0890
    20        0.2502            -nan     0.1000    0.0206
    40        0.0989            -nan     0.1000    0.0017
    60        0.0503            -nan     0.1000    0.0006
    80        0.0279            -nan     0.1000    0.0001
   100        0.0170            -nan     0.1000    0.0001
   120        0.0104            -nan     0.1000    0.0001
   140        0.0064            -nan     0.1000    0.0001
   150        0.0051            -nan     0.1000    0.0000

Iter   TrainDeviance   ValidDeviance   StepSize   Improve
     1        2.3026            -nan     0.1000    1.1663
     2        1.5897            -nan     0.1000    0.5115
     3        1.2850            -nan     0.1000    0.3537
     4        1.0727            -nan     0.1000    0.2613
     5        0.9156            -nan     0.1000    0.2151
     6        0.7861            -nan     0.1000    0.1667
     7        0.6840            -nan     0.1000    0.1381
     8        0.6015            -nan     0.1000    0.1166
     9        0.5302            -nan     0.1000    0.0958
    10        0.4703            -nan     0.1000    0.0706
    20        0.1831            -nan     0.1000    0.0166
    40        0.0531            -nan     0.1000    0.0008
    60        0.0227            -nan     0.1000    0.0001
    80        0.0108            -nan     0.1000   -0.0001
   100        0.0055            -nan     0.1000    0.0001
   120        0.0029            -nan     0.1000    0.0000
   140        0.0015            -nan     0.1000    0.0000
   150        0.0011            -nan     0.1000    0.0000

Iter   TrainDeviance   ValidDeviance   StepSize   Improve
     1        2.3026            -nan     0.1000    0.8542
     2        1.7932            -nan     0.1000    0.4493
     3        1.5287            -nan     0.1000    0.3154
     4        1.3452            -nan     0.1000    0.2423
     5        1.2019            -nan     0.1000    0.1993
     6        1.0852            -nan     0.1000    0.1499
     7        0.9911            -nan     0.1000    0.1409
     8        0.9086            -nan     0.1000    0.1102
     9        0.8426            -nan     0.1000    0.0961
    10        0.7841            -nan     0.1000    0.0933
    20        0.4376            -nan     0.1000    0.0311
    40        0.2129            -nan     0.1000    0.0031
    60        0.1295            -nan     0.1000    0.0020
    80        0.0839            -nan     0.1000    0.0005
   100        0.0581            -nan     0.1000   -0.0000
   120        0.0425            -nan     0.1000    0.0001
   140        0.0307            -nan     0.1000   -0.0000
   150        0.0266            -nan     0.1000    0.0000

Iter   TrainDeviance   ValidDeviance   StepSize   Improve
     1        2.3026            -nan     0.1000    1.0670
     2        1.6607            -nan     0.1000    0.5009
     3        1.3657            -nan     0.1000    0.3514
     4        1.1632            -nan     0.1000    0.2578
     5        1.0098            -nan     0.1000    0.2178
     6        0.8809            -nan     0.1000    0.1689
     7        0.7808            -nan     0.1000    0.1363
     8        0.6992            -nan     0.1000    0.1145
     9        0.6288            -nan     0.1000    0.1029
    10        0.5668            -nan     0.1000    0.0850
    20        0.2409            -nan     0.1000    0.0216
    40        0.0886            -nan     0.1000    0.0022
    60        0.0433            -nan     0.1000    0.0008
    80        0.0224            -nan     0.1000    0.0007
   100        0.0129            -nan     0.1000    0.0001
   120        0.0074            -nan     0.1000    0.0001
   140        0.0043            -nan     0.1000    0.0001
   150        0.0033            -nan     0.1000    0.0000

Iter   TrainDeviance   ValidDeviance   StepSize   Improve
     1        2.3026            -nan     0.1000    1.1298
     2        1.6148            -nan     0.1000    0.5473
     3        1.2874            -nan     0.1000    0.3639
     4        1.0698            -nan     0.1000    0.2846
     5        0.9012            -nan     0.1000    0.2252
     6        0.7714            -nan     0.1000    0.1669
     7        0.6689            -nan     0.1000    0.1352
     8        0.5858            -nan     0.1000    0.1168
     9        0.5157            -nan     0.1000    0.0940
    10        0.4586            -nan     0.1000    0.0817
    20        0.1654            -nan     0.1000    0.0170
    40        0.0444            -nan     0.1000    0.0020
    60        0.0163            -nan     0.1000    0.0005
    80        0.0072            -nan     0.1000    0.0001
   100        0.0034            -nan     0.1000    0.0001
   120        0.0015            -nan     0.1000    0.0000
   140        0.0008            -nan     0.1000    0.0000
   150        0.0005            -nan     0.1000    0.0000

Iter   TrainDeviance   ValidDeviance   StepSize   Improve
     1        2.3026            -nan     0.1000    1.1203
     2        1.5996            -nan     0.1000    0.5157
     3        1.2943            -nan     0.1000    0.3415
     4        1.0920            -nan     0.1000    0.2488
     5        0.9400            -nan     0.1000    0.2003
     6        0.8174            -nan     0.1000    0.1581
     7        0.7186            -nan     0.1000    0.1344
     8        0.6349            -nan     0.1000    0.1109
     9        0.5646            -nan     0.1000    0.0994
    10        0.5019            -nan     0.1000    0.0792
    20        0.2100            -nan     0.1000    0.0141
    40        0.0720            -nan     0.1000    0.0003
    60        0.0332            -nan     0.1000    0.0001
    80        0.0174            -nan     0.1000   -0.0002
   100        0.0094            -nan     0.1000    0.0001
   120        0.0052            -nan     0.1000    0.0000
   140        0.0030            -nan     0.1000   -0.0000
   150        0.0023            -nan     0.1000    0.0000

TRAINING SUCCESSFUL
The most important attribute: att37 (for technique: gbm)
________________
Dataset: mfeat-factors 
Technique: gcvEarth 
Probability table:

  1   2   3   4   5   6   7   8   9  10 
0.1 0.1 0.1 0.1 0.1 0.1 0.1 0.1 0.1 0.1 
BEGIN TRAINING
TRAINING SUCCESSFUL
Error in getGlobalsAndPackages(expr, envir = envir, globals = globals) : 
  The total size of the 2 globals exported is 675.10 MiB. This exceeds the maximum allowed size 500.00 MiB per by R option "future.globals.maxSize". This limit is set to protect against transfering too large objects to parallel workers by mistake, which may not be intended and could be costly. See help("future.globals.maxSize", package = "future") for further explainations and how to adjust or remove this threshold There are two globals: FUN (337.56 MiB of class function) and MoreArgs (337.54 MiB of class list)
Calls: lapply ... getGlobalsAndPackagesXApply -> getGlobalsAndPackages
In addition: There were 50 or more warnings (use warnings() to see the first 50)
Execution halted
