Current working directory: /home/chris/github/kappa-threshold 
parameters.csv exists: TRUE 
parameters.csv absolute path: /home/chris/github/kappa-threshold/data/files/parameters.csv 
Dataset: ozone-level-8hr 
Technique: C5.0 
Probability table:

         1          2 
0.93685872 0.06314128 
BEGIN TRAINING
TRAINING SUCCESSFUL
The most important attribute: V41 (for technique: C5.0)
________________
Dataset: ozone-level-8hr 
Technique: ctree 
Probability table:

         1          2 
0.93685872 0.06314128 
BEGIN TRAINING
TRAINING SUCCESSFUL
The most important attribute: V42 (for technique: ctree)
________________
Dataset: ozone-level-8hr 
Technique: fda 
Probability table:

         1          2 
0.93685872 0.06314128 
BEGIN TRAINING
TRAINING SUCCESSFUL
The most important attribute: V33 (for technique: fda)
________________
Dataset: ozone-level-8hr 
Technique: gbm 
Probability table:

         1          2 
0.93685872 0.06314128 
BEGIN TRAINING
Iter   TrainDeviance   ValidDeviance   StepSize   Improve
     1        0.4414            -nan     0.1000    0.0090
     2        0.4294            -nan     0.1000    0.0054
     3        0.4190            -nan     0.1000    0.0046
     4        0.4092            -nan     0.1000    0.0044
     5        0.4036            -nan     0.1000    0.0006
     6        0.3965            -nan     0.1000    0.0029
     7        0.3921            -nan     0.1000    0.0009
     8        0.3863            -nan     0.1000    0.0028
     9        0.3838            -nan     0.1000    0.0006
    10        0.3821            -nan     0.1000    0.0003
    20        0.3450            -nan     0.1000    0.0005
    40        0.3105            -nan     0.1000   -0.0002
    60        0.2880            -nan     0.1000   -0.0000
    80        0.2692            -nan     0.1000   -0.0003
   100        0.2577            -nan     0.1000   -0.0001
   120        0.2473            -nan     0.1000   -0.0002
   140        0.2335            -nan     0.1000    0.0001
   150        0.2302            -nan     0.1000   -0.0001

Iter   TrainDeviance   ValidDeviance   StepSize   Improve
     1        0.4394            -nan     0.1000    0.0079
     2        0.4147            -nan     0.1000    0.0112
     3        0.4050            -nan     0.1000    0.0041
     4        0.3889            -nan     0.1000    0.0050
     5        0.3738            -nan     0.1000    0.0045
     6        0.3690            -nan     0.1000    0.0015
     7        0.3617            -nan     0.1000    0.0033
     8        0.3553            -nan     0.1000    0.0022
     9        0.3480            -nan     0.1000    0.0022
    10        0.3376            -nan     0.1000    0.0035
    20        0.2830            -nan     0.1000    0.0006
    40        0.2440            -nan     0.1000   -0.0000
    60        0.2160            -nan     0.1000   -0.0002
    80        0.1868            -nan     0.1000    0.0002
   100        0.1653            -nan     0.1000   -0.0000
   120        0.1508            -nan     0.1000   -0.0003
   140        0.1344            -nan     0.1000    0.0006
   150        0.1279            -nan     0.1000    0.0001

Iter   TrainDeviance   ValidDeviance   StepSize   Improve
     1        0.4304            -nan     0.1000    0.0146
     2        0.4098            -nan     0.1000    0.0089
     3        0.3882            -nan     0.1000    0.0077
     4        0.3789            -nan     0.1000    0.0025
     5        0.3639            -nan     0.1000    0.0060
     6        0.3518            -nan     0.1000    0.0048
     7        0.3432            -nan     0.1000    0.0026
     8        0.3352            -nan     0.1000    0.0028
     9        0.3265            -nan     0.1000    0.0022
    10        0.3178            -nan     0.1000    0.0015
    20        0.2603            -nan     0.1000    0.0005
    40        0.2015            -nan     0.1000    0.0013
    60        0.1657            -nan     0.1000    0.0000
    80        0.1384            -nan     0.1000    0.0002
   100        0.1173            -nan     0.1000   -0.0001
   120        0.0995            -nan     0.1000    0.0000
   140        0.0881            -nan     0.1000    0.0000
   150        0.0842            -nan     0.1000   -0.0000

Iter   TrainDeviance   ValidDeviance   StepSize   Improve
     1        0.4798            -nan     0.1000    0.0066
     2        0.4698            -nan     0.1000    0.0028
     3        0.4613            -nan     0.1000    0.0029
     4        0.4505            -nan     0.1000    0.0047
     5        0.4425            -nan     0.1000    0.0026
     6        0.4346            -nan     0.1000    0.0038
     7        0.4270            -nan     0.1000    0.0032
     8        0.4246            -nan     0.1000    0.0004
     9        0.4173            -nan     0.1000    0.0033
    10        0.4108            -nan     0.1000    0.0024
    20        0.3709            -nan     0.1000    0.0005
    40        0.3321            -nan     0.1000   -0.0000
    60        0.3131            -nan     0.1000   -0.0001
    80        0.2923            -nan     0.1000   -0.0002
   100        0.2812            -nan     0.1000   -0.0002
   120        0.2668            -nan     0.1000   -0.0001
   140        0.2559            -nan     0.1000   -0.0003
   150        0.2511            -nan     0.1000   -0.0002

Iter   TrainDeviance   ValidDeviance   StepSize   Improve
     1        0.4674            -nan     0.1000    0.0106
     2        0.4450            -nan     0.1000    0.0108
     3        0.4291            -nan     0.1000    0.0067
     4        0.4120            -nan     0.1000    0.0063
     5        0.4001            -nan     0.1000    0.0041
     6        0.3941            -nan     0.1000    0.0021
     7        0.3882            -nan     0.1000    0.0015
     8        0.3788            -nan     0.1000    0.0034
     9        0.3701            -nan     0.1000    0.0028
    10        0.3559            -nan     0.1000    0.0047
    20        0.3130            -nan     0.1000    0.0004
    40        0.2689            -nan     0.1000    0.0004
    60        0.2364            -nan     0.1000   -0.0000
    80        0.2129            -nan     0.1000   -0.0001
   100        0.1927            -nan     0.1000    0.0002
   120        0.1786            -nan     0.1000   -0.0001
   140        0.1662            -nan     0.1000   -0.0001
   150        0.1585            -nan     0.1000   -0.0001

Iter   TrainDeviance   ValidDeviance   StepSize   Improve
     1        0.4519            -nan     0.1000    0.0147
     2        0.4271            -nan     0.1000    0.0090
     3        0.4129            -nan     0.1000    0.0044
     4        0.3956            -nan     0.1000    0.0070
     5        0.3735            -nan     0.1000    0.0065
     6        0.3634            -nan     0.1000    0.0037
     7        0.3562            -nan     0.1000    0.0027
     8        0.3505            -nan     0.1000    0.0015
     9        0.3454            -nan     0.1000    0.0005
    10        0.3343            -nan     0.1000    0.0038
    20        0.2764            -nan     0.1000    0.0010
    40        0.2217            -nan     0.1000    0.0008
    60        0.1884            -nan     0.1000    0.0002
    80        0.1619            -nan     0.1000    0.0001
   100        0.1400            -nan     0.1000   -0.0002
   120        0.1232            -nan     0.1000   -0.0000
   140        0.1093            -nan     0.1000   -0.0000
   150        0.1032            -nan     0.1000    0.0002

Iter   TrainDeviance   ValidDeviance   StepSize   Improve
     1        0.4735            -nan     0.1000    0.0081
     2        0.4628            -nan     0.1000    0.0028
     3        0.4522            -nan     0.1000    0.0050
     4        0.4411            -nan     0.1000    0.0054
     5        0.4383            -nan     0.1000    0.0006
     6        0.4279            -nan     0.1000    0.0034
     7        0.4165            -nan     0.1000    0.0035
     8        0.4103            -nan     0.1000    0.0029
     9        0.4052            -nan     0.1000    0.0020
    10        0.3985            -nan     0.1000    0.0028
    20        0.3651            -nan     0.1000    0.0013
    40        0.3277            -nan     0.1000   -0.0001
    60        0.3053            -nan     0.1000    0.0001
    80        0.2865            -nan     0.1000    0.0001
   100        0.2740            -nan     0.1000   -0.0001
   120        0.2600            -nan     0.1000   -0.0002
   140        0.2469            -nan     0.1000   -0.0001
   150        0.2428            -nan     0.1000    0.0000

Iter   TrainDeviance   ValidDeviance   StepSize   Improve
     1        0.4539            -nan     0.1000    0.0141
     2        0.4401            -nan     0.1000    0.0057
     3        0.4221            -nan     0.1000    0.0062
     4        0.4108            -nan     0.1000    0.0038
     5        0.3969            -nan     0.1000    0.0054
     6        0.3912            -nan     0.1000    0.0010
     7        0.3774            -nan     0.1000    0.0055
     8        0.3696            -nan     0.1000    0.0026
     9        0.3608            -nan     0.1000    0.0030
    10        0.3539            -nan     0.1000    0.0022
    20        0.3028            -nan     0.1000    0.0009
    40        0.2624            -nan     0.1000   -0.0001
    60        0.2336            -nan     0.1000    0.0000
    80        0.2107            -nan     0.1000   -0.0004
   100        0.1924            -nan     0.1000   -0.0000
   120        0.1751            -nan     0.1000   -0.0001
   140        0.1623            -nan     0.1000   -0.0002
   150        0.1567            -nan     0.1000    0.0000

Iter   TrainDeviance   ValidDeviance   StepSize   Improve
     1        0.4609            -nan     0.1000    0.0103
     2        0.4414            -nan     0.1000    0.0062
     3        0.4061            -nan     0.1000    0.0139
     4        0.3917            -nan     0.1000    0.0045
     5        0.3806            -nan     0.1000    0.0044
     6        0.3648            -nan     0.1000    0.0063
     7        0.3565            -nan     0.1000    0.0018
     8        0.3457            -nan     0.1000    0.0036
     9        0.3389            -nan     0.1000    0.0015
    10        0.3341            -nan     0.1000    0.0011
    20        0.2769            -nan     0.1000    0.0009
    40        0.2180            -nan     0.1000   -0.0003
    60        0.1846            -nan     0.1000   -0.0003
    80        0.1579            -nan     0.1000   -0.0001
   100        0.1373            -nan     0.1000   -0.0001
   120        0.1201            -nan     0.1000   -0.0003
   140        0.1078            -nan     0.1000   -0.0003
   150        0.1018            -nan     0.1000   -0.0001

Iter   TrainDeviance   ValidDeviance   StepSize   Improve
     1        0.4881            -nan     0.1000    0.0042
     2        0.4755            -nan     0.1000    0.0057
     3        0.4614            -nan     0.1000    0.0073
     4        0.4517            -nan     0.1000    0.0045
     5        0.4430            -nan     0.1000    0.0032
     6        0.4329            -nan     0.1000    0.0038
     7        0.4254            -nan     0.1000    0.0032
     8        0.4187            -nan     0.1000    0.0020
     9        0.4143            -nan     0.1000    0.0013
    10        0.4060            -nan     0.1000    0.0029
    20        0.3716            -nan     0.1000   -0.0001
    40        0.3373            -nan     0.1000    0.0002
    60        0.3095            -nan     0.1000    0.0000
    80        0.2840            -nan     0.1000    0.0004
   100        0.2636            -nan     0.1000    0.0001
   120        0.2494            -nan     0.1000   -0.0002
   140        0.2406            -nan     0.1000   -0.0004
   150        0.2351            -nan     0.1000   -0.0001

Iter   TrainDeviance   ValidDeviance   StepSize   Improve
     1        0.4723            -nan     0.1000    0.0110
     2        0.4522            -nan     0.1000    0.0049
     3        0.4355            -nan     0.1000    0.0075
     4        0.4190            -nan     0.1000    0.0070
     5        0.4063            -nan     0.1000    0.0048
     6        0.3975            -nan     0.1000    0.0026
     7        0.3890            -nan     0.1000    0.0033
     8        0.3842            -nan     0.1000    0.0014
     9        0.3794            -nan     0.1000    0.0016
    10        0.3758            -nan     0.1000    0.0008
    20        0.3118            -nan     0.1000    0.0008
    40        0.2558            -nan     0.1000    0.0005
    60        0.2196            -nan     0.1000    0.0005
    80        0.1960            -nan     0.1000    0.0002
   100        0.1762            -nan     0.1000    0.0002
   120        0.1615            -nan     0.1000   -0.0003
   140        0.1491            -nan     0.1000   -0.0002
   150        0.1423            -nan     0.1000   -0.0003

Iter   TrainDeviance   ValidDeviance   StepSize   Improve
     1        0.4613            -nan     0.1000    0.0160
     2        0.4329            -nan     0.1000    0.0117
     3        0.4140            -nan     0.1000    0.0073
     4        0.3942            -nan     0.1000    0.0090
     5        0.3819            -nan     0.1000    0.0058
     6        0.3715            -nan     0.1000    0.0049
     7        0.3607            -nan     0.1000    0.0036
     8        0.3544            -nan     0.1000    0.0019
     9        0.3481            -nan     0.1000    0.0023
    10        0.3395            -nan     0.1000    0.0034
    20        0.2824            -nan     0.1000    0.0009
    40        0.2081            -nan     0.1000    0.0011
    60        0.1705            -nan     0.1000    0.0002
    80        0.1469            -nan     0.1000    0.0000
   100        0.1285            -nan     0.1000    0.0000
   120        0.1109            -nan     0.1000   -0.0003
   140        0.0956            -nan     0.1000   -0.0004
   150        0.0903            -nan     0.1000   -0.0001

Iter   TrainDeviance   ValidDeviance   StepSize   Improve
     1        0.4686            -nan     0.1000    0.0062
     2        0.4573            -nan     0.1000    0.0028
     3        0.4472            -nan     0.1000    0.0046
     4        0.4406            -nan     0.1000    0.0023
     5        0.4321            -nan     0.1000    0.0025
     6        0.4259            -nan     0.1000    0.0032
     7        0.4234            -nan     0.1000    0.0007
     8        0.4160            -nan     0.1000    0.0027
     9        0.4095            -nan     0.1000    0.0027
    10        0.4024            -nan     0.1000    0.0024
    20        0.3714            -nan     0.1000    0.0009
    40        0.3312            -nan     0.1000   -0.0002
    60        0.3092            -nan     0.1000   -0.0002
    80        0.2895            -nan     0.1000   -0.0002
   100        0.2746            -nan     0.1000    0.0001
   120        0.2620            -nan     0.1000   -0.0001
   140        0.2511            -nan     0.1000   -0.0005
   150        0.2457            -nan     0.1000   -0.0001

Iter   TrainDeviance   ValidDeviance   StepSize   Improve
     1        0.4572            -nan     0.1000    0.0134
     2        0.4457            -nan     0.1000    0.0052
     3        0.4284            -nan     0.1000    0.0074
     4        0.4128            -nan     0.1000    0.0065
     5        0.4070            -nan     0.1000    0.0024
     6        0.3969            -nan     0.1000    0.0027
     7        0.3874            -nan     0.1000    0.0040
     8        0.3820            -nan     0.1000    0.0013
     9        0.3753            -nan     0.1000    0.0023
    10        0.3694            -nan     0.1000    0.0028
    20        0.3184            -nan     0.1000    0.0005
    40        0.2637            -nan     0.1000    0.0011
    60        0.2276            -nan     0.1000    0.0007
    80        0.1978            -nan     0.1000   -0.0001
   100        0.1780            -nan     0.1000    0.0002
   120        0.1627            -nan     0.1000   -0.0003
   140        0.1524            -nan     0.1000    0.0001
   150        0.1473            -nan     0.1000   -0.0003

Iter   TrainDeviance   ValidDeviance   StepSize   Improve
     1        0.4538            -nan     0.1000    0.0095
     2        0.4329            -nan     0.1000    0.0073
     3        0.4134            -nan     0.1000    0.0072
     4        0.3965            -nan     0.1000    0.0046
     5        0.3904            -nan     0.1000    0.0015
     6        0.3784            -nan     0.1000    0.0026
     7        0.3700            -nan     0.1000    0.0028
     8        0.3636            -nan     0.1000    0.0021
     9        0.3561            -nan     0.1000    0.0034
    10        0.3486            -nan     0.1000    0.0012
    20        0.2867            -nan     0.1000    0.0001
    40        0.2192            -nan     0.1000    0.0009
    60        0.1797            -nan     0.1000    0.0000
    80        0.1574            -nan     0.1000    0.0001
   100        0.1387            -nan     0.1000    0.0001
   120        0.1202            -nan     0.1000   -0.0003
   140        0.1057            -nan     0.1000   -0.0000
   150        0.0987            -nan     0.1000    0.0000

Iter   TrainDeviance   ValidDeviance   StepSize   Improve
     1        0.4374            -nan     0.1000    0.0045
     2        0.4295            -nan     0.1000    0.0028
     3        0.4201            -nan     0.1000    0.0031
     4        0.4129            -nan     0.1000    0.0016
     5        0.4083            -nan     0.1000    0.0014
     6        0.4004            -nan     0.1000    0.0030
     7        0.3976            -nan     0.1000    0.0007
     8        0.3924            -nan     0.1000    0.0021
     9        0.3872            -nan     0.1000    0.0017
    10        0.3836            -nan     0.1000    0.0002
    20        0.3537            -nan     0.1000    0.0015
    40        0.3169            -nan     0.1000    0.0005
    60        0.2940            -nan     0.1000   -0.0002
    80        0.2783            -nan     0.1000   -0.0000
   100        0.2626            -nan     0.1000    0.0004
   120        0.2457            -nan     0.1000   -0.0003
   140        0.2365            -nan     0.1000    0.0003
   150        0.2326            -nan     0.1000   -0.0002

Iter   TrainDeviance   ValidDeviance   StepSize   Improve
     1        0.4268            -nan     0.1000    0.0080
     2        0.4114            -nan     0.1000    0.0051
     3        0.3954            -nan     0.1000    0.0057
     4        0.3877            -nan     0.1000    0.0024
     5        0.3782            -nan     0.1000    0.0027
     6        0.3681            -nan     0.1000    0.0030
     7        0.3606            -nan     0.1000    0.0024
     8        0.3521            -nan     0.1000    0.0024
     9        0.3465            -nan     0.1000    0.0013
    10        0.3413            -nan     0.1000    0.0016
    20        0.2997            -nan     0.1000    0.0009
    40        0.2429            -nan     0.1000   -0.0002
    60        0.2141            -nan     0.1000    0.0001
    80        0.1928            -nan     0.1000    0.0001
   100        0.1744            -nan     0.1000   -0.0002
   120        0.1611            -nan     0.1000    0.0001
   140        0.1472            -nan     0.1000   -0.0003
   150        0.1416            -nan     0.1000    0.0003

Iter   TrainDeviance   ValidDeviance   StepSize   Improve
     1        0.4085            -nan     0.1000    0.0145
     2        0.3953            -nan     0.1000    0.0051
     3        0.3805            -nan     0.1000    0.0060
     4        0.3683            -nan     0.1000    0.0041
     5        0.3502            -nan     0.1000    0.0056
     6        0.3381            -nan     0.1000    0.0045
     7        0.3290            -nan     0.1000    0.0017
     8        0.3202            -nan     0.1000    0.0022
     9        0.3124            -nan     0.1000    0.0013
    10        0.3046            -nan     0.1000    0.0016
    20        0.2546            -nan     0.1000    0.0005
    40        0.2009            -nan     0.1000    0.0004
    60        0.1680            -nan     0.1000    0.0000
    80        0.1425            -nan     0.1000    0.0001
   100        0.1244            -nan     0.1000   -0.0001
   120        0.1089            -nan     0.1000    0.0000
   140        0.0952            -nan     0.1000   -0.0001
   150        0.0879            -nan     0.1000    0.0000

Iter   TrainDeviance   ValidDeviance   StepSize   Improve
     1        0.4880            -nan     0.1000    0.0088
     2        0.4728            -nan     0.1000    0.0061
     3        0.4628            -nan     0.1000    0.0042
     4        0.4587            -nan     0.1000    0.0012
     5        0.4548            -nan     0.1000    0.0012
     6        0.4487            -nan     0.1000    0.0018
     7        0.4382            -nan     0.1000    0.0044
     8        0.4290            -nan     0.1000    0.0035
     9        0.4204            -nan     0.1000    0.0036
    10        0.4139            -nan     0.1000    0.0023
    20        0.3721            -nan     0.1000    0.0002
    40        0.3302            -nan     0.1000    0.0012
    60        0.2987            -nan     0.1000    0.0004
    80        0.2747            -nan     0.1000    0.0001
   100        0.2594            -nan     0.1000    0.0001
   120        0.2471            -nan     0.1000   -0.0001
   140        0.2364            -nan     0.1000   -0.0001
   150        0.2307            -nan     0.1000   -0.0003

Iter   TrainDeviance   ValidDeviance   StepSize   Improve
     1        0.4813            -nan     0.1000    0.0067
     2        0.4530            -nan     0.1000    0.0111
     3        0.4386            -nan     0.1000    0.0058
     4        0.4192            -nan     0.1000    0.0059
     5        0.4023            -nan     0.1000    0.0065
     6        0.3957            -nan     0.1000    0.0027
     7        0.3823            -nan     0.1000    0.0064
     8        0.3746            -nan     0.1000    0.0013
     9        0.3679            -nan     0.1000    0.0019
    10        0.3596            -nan     0.1000    0.0046
    20        0.3032            -nan     0.1000    0.0004
    40        0.2471            -nan     0.1000    0.0008
    60        0.2176            -nan     0.1000    0.0001
    80        0.1934            -nan     0.1000   -0.0002
   100        0.1758            -nan     0.1000    0.0001
   120        0.1614            -nan     0.1000   -0.0002
   140        0.1508            -nan     0.1000   -0.0002
   150        0.1452            -nan     0.1000   -0.0000

Iter   TrainDeviance   ValidDeviance   StepSize   Improve
     1        0.4731            -nan     0.1000    0.0131
     2        0.4507            -nan     0.1000    0.0054
     3        0.4229            -nan     0.1000    0.0111
     4        0.4040            -nan     0.1000    0.0089
     5        0.3947            -nan     0.1000    0.0036
     6        0.3816            -nan     0.1000    0.0054
     7        0.3663            -nan     0.1000    0.0064
     8        0.3599            -nan     0.1000    0.0020
     9        0.3526            -nan     0.1000    0.0033
    10        0.3405            -nan     0.1000    0.0047
    20        0.2721            -nan     0.1000    0.0018
    40        0.2123            -nan     0.1000    0.0006
    60        0.1747            -nan     0.1000    0.0002
    80        0.1493            -nan     0.1000    0.0004
   100        0.1311            -nan     0.1000   -0.0003
   120        0.1170            -nan     0.1000   -0.0004
   140        0.1064            -nan     0.1000   -0.0000
   150        0.0991            -nan     0.1000   -0.0001

Iter   TrainDeviance   ValidDeviance   StepSize   Improve
     1        0.4678            -nan     0.1000    0.0075
     2        0.4558            -nan     0.1000    0.0055
     3        0.4444            -nan     0.1000    0.0036
     4        0.4386            -nan     0.1000    0.0020
     5        0.4301            -nan     0.1000    0.0034
     6        0.4243            -nan     0.1000    0.0014
     7        0.4176            -nan     0.1000    0.0011
     8        0.4137            -nan     0.1000    0.0009
     9        0.4090            -nan     0.1000    0.0015
    10        0.4014            -nan     0.1000    0.0026
    20        0.3656            -nan     0.1000    0.0009
    40        0.3250            -nan     0.1000    0.0002
    60        0.2952            -nan     0.1000    0.0005
    80        0.2761            -nan     0.1000    0.0004
   100        0.2592            -nan     0.1000    0.0001
   120        0.2456            -nan     0.1000   -0.0001
   140        0.2361            -nan     0.1000   -0.0003
   150        0.2291            -nan     0.1000   -0.0002

Iter   TrainDeviance   ValidDeviance   StepSize   Improve
     1        0.4555            -nan     0.1000    0.0115
     2        0.4389            -nan     0.1000    0.0069
     3        0.4198            -nan     0.1000    0.0075
     4        0.4034            -nan     0.1000    0.0061
     5        0.3929            -nan     0.1000    0.0047
     6        0.3822            -nan     0.1000    0.0050
     7        0.3704            -nan     0.1000    0.0056
     8        0.3667            -nan     0.1000    0.0006
     9        0.3580            -nan     0.1000    0.0028
    10        0.3487            -nan     0.1000    0.0042
    20        0.3022            -nan     0.1000    0.0005
    40        0.2475            -nan     0.1000    0.0009
    60        0.2190            -nan     0.1000   -0.0002
    80        0.1947            -nan     0.1000    0.0001
   100        0.1794            -nan     0.1000   -0.0002
   120        0.1621            -nan     0.1000   -0.0001
   140        0.1452            -nan     0.1000   -0.0001
   150        0.1420            -nan     0.1000   -0.0002

Iter   TrainDeviance   ValidDeviance   StepSize   Improve
     1        0.4429            -nan     0.1000    0.0150
     2        0.4190            -nan     0.1000    0.0104
     3        0.4025            -nan     0.1000    0.0075
     4        0.3882            -nan     0.1000    0.0059
     5        0.3705            -nan     0.1000    0.0039
     6        0.3549            -nan     0.1000    0.0055
     7        0.3448            -nan     0.1000    0.0031
     8        0.3374            -nan     0.1000    0.0025
     9        0.3289            -nan     0.1000    0.0028
    10        0.3213            -nan     0.1000    0.0023
    20        0.2610            -nan     0.1000    0.0007
    40        0.2041            -nan     0.1000    0.0010
    60        0.1659            -nan     0.1000    0.0003
    80        0.1412            -nan     0.1000    0.0001
   100        0.1222            -nan     0.1000   -0.0001
   120        0.1097            -nan     0.1000    0.0001
   140        0.0965            -nan     0.1000   -0.0000
   150        0.0900            -nan     0.1000   -0.0002

Iter   TrainDeviance   ValidDeviance   StepSize   Improve
     1        0.4928            -nan     0.1000    0.0042
     2        0.4833            -nan     0.1000    0.0043
     3        0.4763            -nan     0.1000    0.0031
     4        0.4666            -nan     0.1000    0.0041
     5        0.4589            -nan     0.1000    0.0029
     6        0.4501            -nan     0.1000    0.0041
     7        0.4418            -nan     0.1000    0.0035
     8        0.4371            -nan     0.1000    0.0014
     9        0.4311            -nan     0.1000    0.0026
    10        0.4244            -nan     0.1000    0.0029
    20        0.3851            -nan     0.1000    0.0006
    40        0.3462            -nan     0.1000    0.0000
    60        0.3253            -nan     0.1000   -0.0003
    80        0.3024            -nan     0.1000   -0.0001
   100        0.2881            -nan     0.1000    0.0000
   120        0.2733            -nan     0.1000    0.0000
   140        0.2632            -nan     0.1000   -0.0002
   150        0.2572            -nan     0.1000    0.0000

Iter   TrainDeviance   ValidDeviance   StepSize   Improve
     1        0.4864            -nan     0.1000    0.0066
     2        0.4706            -nan     0.1000    0.0067
     3        0.4520            -nan     0.1000    0.0080
     4        0.4385            -nan     0.1000    0.0068
     5        0.4257            -nan     0.1000    0.0037
     6        0.4165            -nan     0.1000    0.0035
     7        0.4077            -nan     0.1000    0.0034
     8        0.3948            -nan     0.1000    0.0061
     9        0.3898            -nan     0.1000    0.0013
    10        0.3856            -nan     0.1000    0.0011
    20        0.3378            -nan     0.1000    0.0001
    40        0.2835            -nan     0.1000   -0.0001
    60        0.2482            -nan     0.1000    0.0003
    80        0.2220            -nan     0.1000    0.0000
   100        0.1976            -nan     0.1000   -0.0001
   120        0.1775            -nan     0.1000    0.0001
   140        0.1634            -nan     0.1000   -0.0002
   150        0.1547            -nan     0.1000   -0.0002

Iter   TrainDeviance   ValidDeviance   StepSize   Improve
     1        0.4699            -nan     0.1000    0.0159
     2        0.4432            -nan     0.1000    0.0112
     3        0.4319            -nan     0.1000    0.0020
     4        0.4211            -nan     0.1000    0.0028
     5        0.4053            -nan     0.1000    0.0059
     6        0.3952            -nan     0.1000    0.0031
     7        0.3813            -nan     0.1000    0.0038
     8        0.3716            -nan     0.1000    0.0036
     9        0.3640            -nan     0.1000    0.0015
    10        0.3535            -nan     0.1000    0.0028
    20        0.2897            -nan     0.1000    0.0014
    40        0.2313            -nan     0.1000    0.0001
    60        0.1977            -nan     0.1000   -0.0000
    80        0.1667            -nan     0.1000    0.0002
   100        0.1462            -nan     0.1000    0.0002
   120        0.1299            -nan     0.1000   -0.0000
   140        0.1130            -nan     0.1000   -0.0000
   150        0.1065            -nan     0.1000   -0.0001

Iter   TrainDeviance   ValidDeviance   StepSize   Improve
     1        0.4936            -nan     0.1000    0.0024
     2        0.4830            -nan     0.1000    0.0039
     3        0.4727            -nan     0.1000    0.0037
     4        0.4644            -nan     0.1000    0.0040
     5        0.4585            -nan     0.1000    0.0021
     6        0.4535            -nan     0.1000    0.0011
     7        0.4448            -nan     0.1000    0.0035
     8        0.4386            -nan     0.1000    0.0021
     9        0.4316            -nan     0.1000    0.0026
    10        0.4261            -nan     0.1000    0.0019
    20        0.3854            -nan     0.1000    0.0006
    40        0.3427            -nan     0.1000    0.0004
    60        0.3153            -nan     0.1000   -0.0004
    80        0.2934            -nan     0.1000    0.0005
   100        0.2769            -nan     0.1000    0.0001
   120        0.2636            -nan     0.1000    0.0001
   140        0.2523            -nan     0.1000   -0.0000
   150        0.2486            -nan     0.1000   -0.0001

Iter   TrainDeviance   ValidDeviance   StepSize   Improve
     1        0.4809            -nan     0.1000    0.0086
     2        0.4666            -nan     0.1000    0.0049
     3        0.4499            -nan     0.1000    0.0054
     4        0.4357            -nan     0.1000    0.0054
     5        0.4276            -nan     0.1000    0.0025
     6        0.4180            -nan     0.1000    0.0037
     7        0.4072            -nan     0.1000    0.0034
     8        0.3959            -nan     0.1000    0.0040
     9        0.3870            -nan     0.1000    0.0039
    10        0.3795            -nan     0.1000    0.0023
    20        0.3303            -nan     0.1000    0.0015
    40        0.2708            -nan     0.1000   -0.0000
    60        0.2354            -nan     0.1000    0.0001
    80        0.2120            -nan     0.1000    0.0001
   100        0.1926            -nan     0.1000    0.0000
   120        0.1744            -nan     0.1000   -0.0002
   140        0.1617            -nan     0.1000   -0.0000
   150        0.1558            -nan     0.1000   -0.0001

Iter   TrainDeviance   ValidDeviance   StepSize   Improve
     1        0.4716            -nan     0.1000    0.0150
     2        0.4451            -nan     0.1000    0.0120
     3        0.4284            -nan     0.1000    0.0068
     4        0.4174            -nan     0.1000    0.0036
     5        0.4086            -nan     0.1000    0.0014
     6        0.4003            -nan     0.1000    0.0031
     7        0.3902            -nan     0.1000    0.0027
     8        0.3825            -nan     0.1000    0.0022
     9        0.3745            -nan     0.1000    0.0018
    10        0.3699            -nan     0.1000    0.0007
    20        0.2954            -nan     0.1000    0.0013
    40        0.2215            -nan     0.1000    0.0007
    60        0.1895            -nan     0.1000    0.0000
    80        0.1620            -nan     0.1000   -0.0001
   100        0.1367            -nan     0.1000   -0.0002
   120        0.1219            -nan     0.1000   -0.0001
   140        0.1074            -nan     0.1000    0.0000
   150        0.1011            -nan     0.1000    0.0003

Iter   TrainDeviance   ValidDeviance   StepSize   Improve
     1        0.4254            -nan     0.1000    0.0061
     2        0.4176            -nan     0.1000    0.0024
     3        0.4075            -nan     0.1000    0.0030
     4        0.4008            -nan     0.1000    0.0028
     5        0.3909            -nan     0.1000    0.0033
     6        0.3881            -nan     0.1000    0.0013
     7        0.3827            -nan     0.1000    0.0023
     8        0.3781            -nan     0.1000    0.0001
     9        0.3735            -nan     0.1000    0.0022
    10        0.3679            -nan     0.1000    0.0020
    20        0.3388            -nan     0.1000   -0.0004
    40        0.3081            -nan     0.1000   -0.0004
    60        0.2794            -nan     0.1000    0.0003
    80        0.2616            -nan     0.1000    0.0003
   100        0.2489            -nan     0.1000    0.0003
   120        0.2376            -nan     0.1000   -0.0001
   140        0.2248            -nan     0.1000   -0.0001
   150        0.2224            -nan     0.1000    0.0000

Iter   TrainDeviance   ValidDeviance   StepSize   Improve
     1        0.4094            -nan     0.1000    0.0107
     2        0.3903            -nan     0.1000    0.0077
     3        0.3772            -nan     0.1000    0.0040
     4        0.3661            -nan     0.1000    0.0031
     5        0.3612            -nan     0.1000    0.0013
     6        0.3528            -nan     0.1000    0.0020
     7        0.3455            -nan     0.1000    0.0025
     8        0.3414            -nan     0.1000    0.0009
     9        0.3357            -nan     0.1000    0.0022
    10        0.3318            -nan     0.1000    0.0002
    20        0.2960            -nan     0.1000    0.0004
    40        0.2537            -nan     0.1000   -0.0002
    60        0.2205            -nan     0.1000   -0.0001
    80        0.1982            -nan     0.1000    0.0001
   100        0.1796            -nan     0.1000   -0.0001
   120        0.1600            -nan     0.1000    0.0000
   140        0.1439            -nan     0.1000    0.0000
   150        0.1403            -nan     0.1000   -0.0001

Iter   TrainDeviance   ValidDeviance   StepSize   Improve
     1        0.4038            -nan     0.1000    0.0128
     2        0.3844            -nan     0.1000    0.0055
     3        0.3696            -nan     0.1000    0.0054
     4        0.3522            -nan     0.1000    0.0065
     5        0.3405            -nan     0.1000    0.0030
     6        0.3337            -nan     0.1000    0.0014
     7        0.3249            -nan     0.1000    0.0019
     8        0.3164            -nan     0.1000    0.0031
     9        0.3083            -nan     0.1000    0.0025
    10        0.3021            -nan     0.1000    0.0017
    20        0.2490            -nan     0.1000    0.0025
    40        0.2021            -nan     0.1000    0.0000
    60        0.1694            -nan     0.1000   -0.0001
    80        0.1470            -nan     0.1000   -0.0000
   100        0.1250            -nan     0.1000   -0.0001
   120        0.1074            -nan     0.1000   -0.0000
   140        0.0933            -nan     0.1000    0.0001
   150        0.0862            -nan     0.1000   -0.0001

Iter   TrainDeviance   ValidDeviance   StepSize   Improve
     1        0.4696            -nan     0.1000    0.0046
     2        0.4597            -nan     0.1000    0.0044
     3        0.4514            -nan     0.1000    0.0027
     4        0.4442            -nan     0.1000    0.0019
     5        0.4350            -nan     0.1000    0.0037
     6        0.4285            -nan     0.1000    0.0022
     7        0.4228            -nan     0.1000    0.0016
     8        0.4168            -nan     0.1000    0.0023
     9        0.4135            -nan     0.1000    0.0002
    10        0.4069            -nan     0.1000    0.0030
    20        0.3664            -nan     0.1000    0.0016
    40        0.3232            -nan     0.1000    0.0002
    60        0.2971            -nan     0.1000   -0.0001
    80        0.2787            -nan     0.1000    0.0001
   100        0.2644            -nan     0.1000    0.0003
   120        0.2513            -nan     0.1000   -0.0003
   140        0.2415            -nan     0.1000    0.0001
   150        0.2381            -nan     0.1000    0.0005

Iter   TrainDeviance   ValidDeviance   StepSize   Improve
     1        0.4599            -nan     0.1000    0.0074
     2        0.4389            -nan     0.1000    0.0064
     3        0.4250            -nan     0.1000    0.0078
     4        0.4138            -nan     0.1000    0.0034
     5        0.4072            -nan     0.1000    0.0023
     6        0.3985            -nan     0.1000    0.0018
     7        0.3840            -nan     0.1000    0.0059
     8        0.3768            -nan     0.1000    0.0025
     9        0.3697            -nan     0.1000    0.0017
    10        0.3616            -nan     0.1000    0.0030
    20        0.3131            -nan     0.1000    0.0010
    40        0.2536            -nan     0.1000    0.0005
    60        0.2254            -nan     0.1000    0.0004
    80        0.2009            -nan     0.1000    0.0003
   100        0.1819            -nan     0.1000    0.0000
   120        0.1684            -nan     0.1000   -0.0000
   140        0.1558            -nan     0.1000   -0.0001
   150        0.1502            -nan     0.1000    0.0000

Iter   TrainDeviance   ValidDeviance   StepSize   Improve
     1        0.4480            -nan     0.1000    0.0092
     2        0.4318            -nan     0.1000    0.0069
     3        0.4092            -nan     0.1000    0.0071
     4        0.3915            -nan     0.1000    0.0054
     5        0.3769            -nan     0.1000    0.0046
     6        0.3671            -nan     0.1000    0.0038
     7        0.3595            -nan     0.1000    0.0026
     8        0.3449            -nan     0.1000    0.0054
     9        0.3327            -nan     0.1000    0.0038
    10        0.3258            -nan     0.1000    0.0020
    20        0.2720            -nan     0.1000    0.0014
    40        0.2166            -nan     0.1000    0.0003
    60        0.1819            -nan     0.1000    0.0000
    80        0.1579            -nan     0.1000    0.0002
   100        0.1425            -nan     0.1000   -0.0002
   120        0.1277            -nan     0.1000   -0.0002
   140        0.1127            -nan     0.1000   -0.0002
   150        0.1074            -nan     0.1000   -0.0003

Iter   TrainDeviance   ValidDeviance   StepSize   Improve
     1        0.4654            -nan     0.1000    0.0045
     2        0.4526            -nan     0.1000    0.0051
     3        0.4424            -nan     0.1000    0.0045
     4        0.4351            -nan     0.1000    0.0024
     5        0.4276            -nan     0.1000    0.0016
     6        0.4225            -nan     0.1000    0.0016
     7        0.4182            -nan     0.1000    0.0010
     8        0.4150            -nan     0.1000    0.0006
     9        0.4081            -nan     0.1000    0.0033
    10        0.4026            -nan     0.1000    0.0024
    20        0.3675            -nan     0.1000    0.0002
    40        0.3334            -nan     0.1000   -0.0002
    60        0.3109            -nan     0.1000    0.0000
    80        0.2919            -nan     0.1000   -0.0000
   100        0.2751            -nan     0.1000    0.0005
   120        0.2638            -nan     0.1000   -0.0002
   140        0.2539            -nan     0.1000   -0.0003
   150        0.2502            -nan     0.1000   -0.0000

Iter   TrainDeviance   ValidDeviance   StepSize   Improve
     1        0.4516            -nan     0.1000    0.0100
     2        0.4299            -nan     0.1000    0.0071
     3        0.4180            -nan     0.1000    0.0052
     4        0.3980            -nan     0.1000    0.0066
     5        0.3857            -nan     0.1000    0.0054
     6        0.3773            -nan     0.1000    0.0027
     7        0.3717            -nan     0.1000    0.0013
     8        0.3651            -nan     0.1000    0.0020
     9        0.3608            -nan     0.1000    0.0014
    10        0.3534            -nan     0.1000    0.0024
    20        0.3148            -nan     0.1000    0.0003
    40        0.2649            -nan     0.1000    0.0002
    60        0.2281            -nan     0.1000   -0.0002
    80        0.2024            -nan     0.1000    0.0001
   100        0.1839            -nan     0.1000   -0.0002
   120        0.1666            -nan     0.1000    0.0001
   140        0.1497            -nan     0.1000   -0.0001
   150        0.1436            -nan     0.1000   -0.0004

Iter   TrainDeviance   ValidDeviance   StepSize   Improve
     1        0.4383            -nan     0.1000    0.0155
     2        0.4235            -nan     0.1000    0.0053
     3        0.4024            -nan     0.1000    0.0076
     4        0.3798            -nan     0.1000    0.0071
     5        0.3704            -nan     0.1000    0.0034
     6        0.3615            -nan     0.1000    0.0031
     7        0.3512            -nan     0.1000    0.0039
     8        0.3443            -nan     0.1000    0.0019
     9        0.3341            -nan     0.1000    0.0032
    10        0.3279            -nan     0.1000    0.0022
    20        0.2785            -nan     0.1000    0.0006
    40        0.2231            -nan     0.1000    0.0004
    60        0.1861            -nan     0.1000    0.0008
    80        0.1593            -nan     0.1000    0.0002
   100        0.1372            -nan     0.1000   -0.0001
   120        0.1208            -nan     0.1000   -0.0002
   140        0.1085            -nan     0.1000   -0.0000
   150        0.1035            -nan     0.1000   -0.0001

Iter   TrainDeviance   ValidDeviance   StepSize   Improve
     1        0.4520            -nan     0.1000    0.0062
     2        0.4390            -nan     0.1000    0.0055
     3        0.4326            -nan     0.1000    0.0010
     4        0.4277            -nan     0.1000    0.0009
     5        0.4185            -nan     0.1000    0.0045
     6        0.4135            -nan     0.1000    0.0014
     7        0.4052            -nan     0.1000    0.0029
     8        0.3991            -nan     0.1000    0.0024
     9        0.3940            -nan     0.1000    0.0018
    10        0.3873            -nan     0.1000    0.0018
    20        0.3586            -nan     0.1000    0.0006
    40        0.3182            -nan     0.1000    0.0007
    60        0.2905            -nan     0.1000    0.0004
    80        0.2709            -nan     0.1000    0.0004
   100        0.2543            -nan     0.1000   -0.0001
   120        0.2405            -nan     0.1000    0.0002
   140        0.2272            -nan     0.1000   -0.0003
   150        0.2222            -nan     0.1000   -0.0000

Iter   TrainDeviance   ValidDeviance   StepSize   Improve
     1        0.4441            -nan     0.1000    0.0118
     2        0.4270            -nan     0.1000    0.0058
     3        0.4152            -nan     0.1000    0.0032
     4        0.3970            -nan     0.1000    0.0063
     5        0.3805            -nan     0.1000    0.0074
     6        0.3755            -nan     0.1000    0.0014
     7        0.3653            -nan     0.1000    0.0030
     8        0.3594            -nan     0.1000    0.0026
     9        0.3549            -nan     0.1000    0.0020
    10        0.3429            -nan     0.1000    0.0050
    20        0.2986            -nan     0.1000    0.0009
    40        0.2494            -nan     0.1000    0.0008
    60        0.2192            -nan     0.1000    0.0002
    80        0.1927            -nan     0.1000    0.0004
   100        0.1753            -nan     0.1000   -0.0004
   120        0.1587            -nan     0.1000   -0.0002
   140        0.1442            -nan     0.1000   -0.0001
   150        0.1397            -nan     0.1000   -0.0001

Iter   TrainDeviance   ValidDeviance   StepSize   Improve
     1        0.4382            -nan     0.1000    0.0128
     2        0.4218            -nan     0.1000    0.0058
     3        0.4091            -nan     0.1000    0.0047
     4        0.3822            -nan     0.1000    0.0079
     5        0.3689            -nan     0.1000    0.0041
     6        0.3566            -nan     0.1000    0.0029
     7        0.3478            -nan     0.1000    0.0027
     8        0.3367            -nan     0.1000    0.0040
     9        0.3283            -nan     0.1000    0.0031
    10        0.3203            -nan     0.1000    0.0018
    20        0.2713            -nan     0.1000    0.0011
    40        0.2122            -nan     0.1000    0.0006
    60        0.1714            -nan     0.1000    0.0001
    80        0.1469            -nan     0.1000   -0.0000
   100        0.1298            -nan     0.1000   -0.0002
   120        0.1123            -nan     0.1000   -0.0001
   140        0.0982            -nan     0.1000    0.0001
   150        0.0936            -nan     0.1000   -0.0001

Iter   TrainDeviance   ValidDeviance   StepSize   Improve
     1        0.4727            -nan     0.1000    0.0059
     2        0.4621            -nan     0.1000    0.0053
     3        0.4546            -nan     0.1000    0.0032
     4        0.4444            -nan     0.1000    0.0048
     5        0.4341            -nan     0.1000    0.0028
     6        0.4246            -nan     0.1000    0.0039
     7        0.4168            -nan     0.1000    0.0033
     8        0.4113            -nan     0.1000    0.0014
     9        0.4052            -nan     0.1000    0.0017
    10        0.3993            -nan     0.1000    0.0028
    20        0.3645            -nan     0.1000    0.0003
    40        0.3255            -nan     0.1000    0.0000
    60        0.3049            -nan     0.1000    0.0003
    80        0.2831            -nan     0.1000    0.0006
   100        0.2626            -nan     0.1000   -0.0004
   120        0.2493            -nan     0.1000   -0.0000
   140        0.2374            -nan     0.1000    0.0001
   150        0.2323            -nan     0.1000    0.0000

Iter   TrainDeviance   ValidDeviance   StepSize   Improve
     1        0.4580            -nan     0.1000    0.0090
     2        0.4371            -nan     0.1000    0.0084
     3        0.4241            -nan     0.1000    0.0065
     4        0.4149            -nan     0.1000    0.0023
     5        0.4014            -nan     0.1000    0.0045
     6        0.3938            -nan     0.1000    0.0026
     7        0.3850            -nan     0.1000    0.0029
     8        0.3768            -nan     0.1000    0.0026
     9        0.3695            -nan     0.1000    0.0012
    10        0.3600            -nan     0.1000    0.0041
    20        0.3085            -nan     0.1000    0.0019
    40        0.2603            -nan     0.1000    0.0000
    60        0.2256            -nan     0.1000    0.0005
    80        0.1990            -nan     0.1000    0.0005
   100        0.1796            -nan     0.1000    0.0000
   120        0.1650            -nan     0.1000   -0.0002
   140        0.1535            -nan     0.1000   -0.0001
   150        0.1480            -nan     0.1000   -0.0000

Iter   TrainDeviance   ValidDeviance   StepSize   Improve
     1        0.4539            -nan     0.1000    0.0140
     2        0.4274            -nan     0.1000    0.0145
     3        0.4078            -nan     0.1000    0.0085
     4        0.3953            -nan     0.1000    0.0038
     5        0.3765            -nan     0.1000    0.0069
     6        0.3647            -nan     0.1000    0.0037
     7        0.3558            -nan     0.1000    0.0034
     8        0.3489            -nan     0.1000    0.0017
     9        0.3422            -nan     0.1000    0.0015
    10        0.3318            -nan     0.1000    0.0041
    20        0.2749            -nan     0.1000    0.0008
    40        0.2136            -nan     0.1000    0.0008
    60        0.1823            -nan     0.1000   -0.0002
    80        0.1550            -nan     0.1000   -0.0001
   100        0.1339            -nan     0.1000    0.0002
   120        0.1173            -nan     0.1000   -0.0002
   140        0.1010            -nan     0.1000   -0.0001
   150        0.0954            -nan     0.1000   -0.0003

Iter   TrainDeviance   ValidDeviance   StepSize   Improve
     1        0.4260            -nan     0.1000    0.0067
     2        0.4147            -nan     0.1000    0.0052
     3        0.4044            -nan     0.1000    0.0030
     4        0.3965            -nan     0.1000    0.0036
     5        0.3899            -nan     0.1000    0.0008
     6        0.3836            -nan     0.1000    0.0026
     7        0.3769            -nan     0.1000    0.0019
     8        0.3727            -nan     0.1000    0.0007
     9        0.3703            -nan     0.1000    0.0003
    10        0.3643            -nan     0.1000    0.0026
    20        0.3170            -nan     0.1000    0.0004
    40        0.2759            -nan     0.1000    0.0003
    60        0.2530            -nan     0.1000    0.0001
    80        0.2381            -nan     0.1000    0.0005
   100        0.2232            -nan     0.1000    0.0000
   120        0.2128            -nan     0.1000   -0.0001
   140        0.2065            -nan     0.1000   -0.0003
   150        0.2015            -nan     0.1000    0.0000

Iter   TrainDeviance   ValidDeviance   StepSize   Improve
     1        0.4136            -nan     0.1000    0.0081
     2        0.3892            -nan     0.1000    0.0091
     3        0.3757            -nan     0.1000    0.0022
     4        0.3593            -nan     0.1000    0.0052
     5        0.3493            -nan     0.1000    0.0030
     6        0.3419            -nan     0.1000    0.0024
     7        0.3340            -nan     0.1000    0.0022
     8        0.3266            -nan     0.1000    0.0031
     9        0.3153            -nan     0.1000    0.0051
    10        0.3092            -nan     0.1000    0.0020
    20        0.2639            -nan     0.1000    0.0002
    40        0.2120            -nan     0.1000    0.0004
    60        0.1819            -nan     0.1000   -0.0003
    80        0.1613            -nan     0.1000   -0.0001
   100        0.1445            -nan     0.1000   -0.0001
   120        0.1317            -nan     0.1000   -0.0000
   140        0.1182            -nan     0.1000    0.0000
   150        0.1131            -nan     0.1000   -0.0003

Iter   TrainDeviance   ValidDeviance   StepSize   Improve
     1        0.3954            -nan     0.1000    0.0181
     2        0.3792            -nan     0.1000    0.0048
     3        0.3658            -nan     0.1000    0.0049
     4        0.3485            -nan     0.1000    0.0049
     5        0.3375            -nan     0.1000    0.0031
     6        0.3296            -nan     0.1000    0.0024
     7        0.3218            -nan     0.1000    0.0019
     8        0.3137            -nan     0.1000    0.0040
     9        0.2992            -nan     0.1000    0.0055
    10        0.2903            -nan     0.1000    0.0032
    20        0.2390            -nan     0.1000    0.0009
    40        0.1833            -nan     0.1000    0.0002
    60        0.1481            -nan     0.1000    0.0001
    80        0.1241            -nan     0.1000   -0.0001
   100        0.1057            -nan     0.1000    0.0001
   120        0.0910            -nan     0.1000   -0.0001
   140        0.0802            -nan     0.1000   -0.0001
   150        0.0752            -nan     0.1000   -0.0001

Iter   TrainDeviance   ValidDeviance   StepSize   Improve
     1        0.4652            -nan     0.1000    0.0067
     2        0.4567            -nan     0.1000    0.0034
     3        0.4446            -nan     0.1000    0.0047
     4        0.4393            -nan     0.1000    0.0016
     5        0.4325            -nan     0.1000    0.0027
     6        0.4232            -nan     0.1000    0.0033
     7        0.4169            -nan     0.1000    0.0017
     8        0.4106            -nan     0.1000    0.0025
     9        0.4084            -nan     0.1000    0.0005
    10        0.4047            -nan     0.1000    0.0007
    20        0.3631            -nan     0.1000    0.0001
    40        0.3287            -nan     0.1000   -0.0004
    60        0.3016            -nan     0.1000    0.0006
    80        0.2834            -nan     0.1000   -0.0002
   100        0.2686            -nan     0.1000    0.0006
   120        0.2527            -nan     0.1000   -0.0002
   140        0.2428            -nan     0.1000   -0.0002
   150        0.2375            -nan     0.1000    0.0003

Iter   TrainDeviance   ValidDeviance   StepSize   Improve
     1        0.4521            -nan     0.1000    0.0106
     2        0.4374            -nan     0.1000    0.0052
     3        0.4256            -nan     0.1000    0.0043
     4        0.4162            -nan     0.1000    0.0023
     5        0.4047            -nan     0.1000    0.0049
     6        0.3959            -nan     0.1000    0.0032
     7        0.3851            -nan     0.1000    0.0033
     8        0.3776            -nan     0.1000    0.0026
     9        0.3697            -nan     0.1000    0.0025
    10        0.3611            -nan     0.1000    0.0015
    20        0.3155            -nan     0.1000    0.0006
    40        0.2623            -nan     0.1000    0.0005
    60        0.2265            -nan     0.1000    0.0000
    80        0.1959            -nan     0.1000   -0.0001
   100        0.1780            -nan     0.1000   -0.0001
   120        0.1574            -nan     0.1000   -0.0004
   140        0.1453            -nan     0.1000    0.0002
   150        0.1401            -nan     0.1000   -0.0001

Iter   TrainDeviance   ValidDeviance   StepSize   Improve
     1        0.4478            -nan     0.1000    0.0139
     2        0.4258            -nan     0.1000    0.0076
     3        0.4011            -nan     0.1000    0.0083
     4        0.3831            -nan     0.1000    0.0058
     5        0.3690            -nan     0.1000    0.0052
     6        0.3577            -nan     0.1000    0.0036
     7        0.3505            -nan     0.1000    0.0024
     8        0.3342            -nan     0.1000    0.0069
     9        0.3272            -nan     0.1000    0.0010
    10        0.3185            -nan     0.1000    0.0025
    20        0.2665            -nan     0.1000    0.0023
    40        0.1968            -nan     0.1000    0.0002
    60        0.1618            -nan     0.1000    0.0002
    80        0.1376            -nan     0.1000    0.0000
   100        0.1193            -nan     0.1000    0.0001
   120        0.1025            -nan     0.1000    0.0000
   140        0.0876            -nan     0.1000   -0.0000
   150        0.0815            -nan     0.1000   -0.0002

Iter   TrainDeviance   ValidDeviance   StepSize   Improve
     1        0.5022            -nan     0.1000    0.0071
     2        0.4888            -nan     0.1000    0.0056
     3        0.4742            -nan     0.1000    0.0059
     4        0.4652            -nan     0.1000    0.0027
     5        0.4578            -nan     0.1000    0.0033
     6        0.4529            -nan     0.1000    0.0014
     7        0.4449            -nan     0.1000    0.0031
     8        0.4367            -nan     0.1000    0.0031
     9        0.4316            -nan     0.1000    0.0020
    10        0.4290            -nan     0.1000    0.0003
    20        0.3827            -nan     0.1000   -0.0000
    40        0.3369            -nan     0.1000    0.0007
    60        0.3068            -nan     0.1000   -0.0004
    80        0.2877            -nan     0.1000    0.0000
   100        0.2758            -nan     0.1000    0.0002
   120        0.2590            -nan     0.1000   -0.0001
   140        0.2479            -nan     0.1000   -0.0000
   150        0.2426            -nan     0.1000   -0.0002

Iter   TrainDeviance   ValidDeviance   StepSize   Improve
     1        0.4856            -nan     0.1000    0.0145
     2        0.4623            -nan     0.1000    0.0083
     3        0.4501            -nan     0.1000    0.0047
     4        0.4364            -nan     0.1000    0.0045
     5        0.4215            -nan     0.1000    0.0055
     6        0.4105            -nan     0.1000    0.0044
     7        0.3997            -nan     0.1000    0.0041
     8        0.3921            -nan     0.1000    0.0036
     9        0.3796            -nan     0.1000    0.0052
    10        0.3738            -nan     0.1000    0.0018
    20        0.3207            -nan     0.1000    0.0011
    40        0.2623            -nan     0.1000    0.0010
    60        0.2298            -nan     0.1000    0.0003
    80        0.2086            -nan     0.1000    0.0000
   100        0.1863            -nan     0.1000    0.0001
   120        0.1717            -nan     0.1000   -0.0003
   140        0.1606            -nan     0.1000   -0.0000
   150        0.1547            -nan     0.1000    0.0004

Iter   TrainDeviance   ValidDeviance   StepSize   Improve
     1        0.4744            -nan     0.1000    0.0188
     2        0.4555            -nan     0.1000    0.0092
     3        0.4340            -nan     0.1000    0.0076
     4        0.4228            -nan     0.1000    0.0040
     5        0.4062            -nan     0.1000    0.0065
     6        0.3923            -nan     0.1000    0.0044
     7        0.3769            -nan     0.1000    0.0045
     8        0.3660            -nan     0.1000    0.0032
     9        0.3481            -nan     0.1000    0.0085
    10        0.3406            -nan     0.1000    0.0027
    20        0.2834            -nan     0.1000    0.0007
    40        0.2132            -nan     0.1000    0.0002
    60        0.1712            -nan     0.1000    0.0001
    80        0.1483            -nan     0.1000   -0.0000
   100        0.1264            -nan     0.1000   -0.0002
   120        0.1128            -nan     0.1000   -0.0001
   140        0.0990            -nan     0.1000    0.0001
   150        0.0949            -nan     0.1000   -0.0000

Iter   TrainDeviance   ValidDeviance   StepSize   Improve
     1        0.4619            -nan     0.1000    0.0027
     2        0.4463            -nan     0.1000    0.0051
     3        0.4345            -nan     0.1000    0.0042
     4        0.4253            -nan     0.1000    0.0045
     5        0.4168            -nan     0.1000    0.0036
     6        0.4103            -nan     0.1000    0.0020
     7        0.4045            -nan     0.1000    0.0021
     8        0.3986            -nan     0.1000    0.0020
     9        0.3954            -nan     0.1000    0.0006
    10        0.3926            -nan     0.1000    0.0009
    20        0.3412            -nan     0.1000    0.0014
    40        0.3022            -nan     0.1000    0.0001
    60        0.2803            -nan     0.1000    0.0005
    80        0.2638            -nan     0.1000    0.0001
   100        0.2515            -nan     0.1000   -0.0002
   120        0.2377            -nan     0.1000   -0.0000
   140        0.2287            -nan     0.1000   -0.0002
   150        0.2258            -nan     0.1000    0.0000

Iter   TrainDeviance   ValidDeviance   StepSize   Improve
     1        0.4410            -nan     0.1000    0.0130
     2        0.4212            -nan     0.1000    0.0071
     3        0.4034            -nan     0.1000    0.0068
     4        0.3877            -nan     0.1000    0.0047
     5        0.3783            -nan     0.1000    0.0039
     6        0.3635            -nan     0.1000    0.0066
     7        0.3557            -nan     0.1000    0.0035
     8        0.3495            -nan     0.1000    0.0022
     9        0.3398            -nan     0.1000    0.0028
    10        0.3291            -nan     0.1000    0.0030
    20        0.2872            -nan     0.1000    0.0008
    40        0.2373            -nan     0.1000    0.0007
    60        0.2085            -nan     0.1000    0.0004
    80        0.1837            -nan     0.1000   -0.0001
   100        0.1663            -nan     0.1000   -0.0003
   120        0.1534            -nan     0.1000   -0.0002
   140        0.1391            -nan     0.1000   -0.0003
   150        0.1346            -nan     0.1000   -0.0003

Iter   TrainDeviance   ValidDeviance   StepSize   Improve
     1        0.4355            -nan     0.1000    0.0157
     2        0.4200            -nan     0.1000    0.0057
     3        0.3917            -nan     0.1000    0.0112
     4        0.3828            -nan     0.1000    0.0029
     5        0.3689            -nan     0.1000    0.0049
     6        0.3559            -nan     0.1000    0.0053
     7        0.3428            -nan     0.1000    0.0039
     8        0.3321            -nan     0.1000    0.0046
     9        0.3260            -nan     0.1000    0.0022
    10        0.3172            -nan     0.1000    0.0028
    20        0.2533            -nan     0.1000    0.0014
    40        0.1976            -nan     0.1000   -0.0000
    60        0.1681            -nan     0.1000    0.0001
    80        0.1380            -nan     0.1000   -0.0002
   100        0.1187            -nan     0.1000   -0.0001
   120        0.1045            -nan     0.1000   -0.0000
   140        0.0944            -nan     0.1000   -0.0002
   150        0.0883            -nan     0.1000   -0.0002

Iter   TrainDeviance   ValidDeviance   StepSize   Improve
     1        0.4702            -nan     0.1000    0.0086
     2        0.4586            -nan     0.1000    0.0058
     3        0.4525            -nan     0.1000    0.0029
     4        0.4456            -nan     0.1000    0.0027
     5        0.4376            -nan     0.1000    0.0034
     6        0.4289            -nan     0.1000    0.0040
     7        0.4216            -nan     0.1000    0.0025
     8        0.4163            -nan     0.1000    0.0020
     9        0.4095            -nan     0.1000    0.0027
    10        0.4051            -nan     0.1000    0.0013
    20        0.3726            -nan     0.1000    0.0012
    40        0.3312            -nan     0.1000    0.0007
    60        0.3038            -nan     0.1000    0.0004
    80        0.2813            -nan     0.1000    0.0002
   100        0.2637            -nan     0.1000    0.0000
   120        0.2515            -nan     0.1000    0.0001
   140        0.2381            -nan     0.1000    0.0001
   150        0.2346            -nan     0.1000   -0.0003

Iter   TrainDeviance   ValidDeviance   StepSize   Improve
     1        0.4605            -nan     0.1000    0.0114
     2        0.4413            -nan     0.1000    0.0067
     3        0.4245            -nan     0.1000    0.0072
     4        0.4112            -nan     0.1000    0.0046
     5        0.4000            -nan     0.1000    0.0045
     6        0.3870            -nan     0.1000    0.0060
     7        0.3750            -nan     0.1000    0.0048
     8        0.3681            -nan     0.1000    0.0023
     9        0.3584            -nan     0.1000    0.0034
    10        0.3533            -nan     0.1000    0.0017
    20        0.2970            -nan     0.1000    0.0005
    40        0.2430            -nan     0.1000    0.0002
    60        0.2071            -nan     0.1000    0.0001
    80        0.1859            -nan     0.1000    0.0002
   100        0.1674            -nan     0.1000   -0.0001
   120        0.1533            -nan     0.1000   -0.0001
   140        0.1376            -nan     0.1000   -0.0001
   150        0.1296            -nan     0.1000   -0.0001

Iter   TrainDeviance   ValidDeviance   StepSize   Improve
     1        0.4556            -nan     0.1000    0.0132
     2        0.4279            -nan     0.1000    0.0105
     3        0.4133            -nan     0.1000    0.0052
     4        0.3971            -nan     0.1000    0.0054
     5        0.3769            -nan     0.1000    0.0079
     6        0.3608            -nan     0.1000    0.0059
     7        0.3486            -nan     0.1000    0.0034
     8        0.3357            -nan     0.1000    0.0055
     9        0.3281            -nan     0.1000    0.0027
    10        0.3205            -nan     0.1000    0.0028
    20        0.2679            -nan     0.1000    0.0012
    40        0.2078            -nan     0.1000    0.0005
    60        0.1705            -nan     0.1000    0.0003
    80        0.1448            -nan     0.1000    0.0003
   100        0.1261            -nan     0.1000    0.0001
   120        0.1087            -nan     0.1000   -0.0000
   140        0.0948            -nan     0.1000    0.0000
   150        0.0882            -nan     0.1000    0.0001

Iter   TrainDeviance   ValidDeviance   StepSize   Improve
     1        0.4677            -nan     0.1000    0.0076
     2        0.4544            -nan     0.1000    0.0063
     3        0.4440            -nan     0.1000    0.0046
     4        0.4338            -nan     0.1000    0.0036
     5        0.4229            -nan     0.1000    0.0036
     6        0.4163            -nan     0.1000    0.0022
     7        0.4098            -nan     0.1000    0.0020
     8        0.4031            -nan     0.1000    0.0026
     9        0.3982            -nan     0.1000    0.0014
    10        0.3927            -nan     0.1000    0.0022
    20        0.3627            -nan     0.1000    0.0001
    40        0.3242            -nan     0.1000    0.0003
    60        0.3006            -nan     0.1000   -0.0003
    80        0.2854            -nan     0.1000   -0.0000
   100        0.2723            -nan     0.1000    0.0000
   120        0.2607            -nan     0.1000   -0.0001
   140        0.2524            -nan     0.1000   -0.0003
   150        0.2482            -nan     0.1000   -0.0002

Iter   TrainDeviance   ValidDeviance   StepSize   Improve
     1        0.4523            -nan     0.1000    0.0150
     2        0.4278            -nan     0.1000    0.0104
     3        0.4132            -nan     0.1000    0.0062
     4        0.4053            -nan     0.1000    0.0008
     5        0.3921            -nan     0.1000    0.0040
     6        0.3836            -nan     0.1000    0.0038
     7        0.3768            -nan     0.1000    0.0026
     8        0.3684            -nan     0.1000    0.0031
     9        0.3601            -nan     0.1000    0.0008
    10        0.3539            -nan     0.1000    0.0015
    20        0.3121            -nan     0.1000    0.0006
    40        0.2627            -nan     0.1000   -0.0003
    60        0.2324            -nan     0.1000   -0.0003
    80        0.2083            -nan     0.1000    0.0000
   100        0.1905            -nan     0.1000    0.0000
   120        0.1718            -nan     0.1000    0.0001
   140        0.1590            -nan     0.1000    0.0000
   150        0.1537            -nan     0.1000    0.0001

Iter   TrainDeviance   ValidDeviance   StepSize   Improve
     1        0.4440            -nan     0.1000    0.0183
     2        0.4208            -nan     0.1000    0.0077
     3        0.4010            -nan     0.1000    0.0072
     4        0.3887            -nan     0.1000    0.0048
     5        0.3735            -nan     0.1000    0.0062
     6        0.3638            -nan     0.1000    0.0027
     7        0.3562            -nan     0.1000    0.0024
     8        0.3478            -nan     0.1000    0.0034
     9        0.3401            -nan     0.1000    0.0024
    10        0.3339            -nan     0.1000    0.0021
    20        0.2723            -nan     0.1000    0.0018
    40        0.2238            -nan     0.1000   -0.0002
    60        0.1897            -nan     0.1000    0.0000
    80        0.1630            -nan     0.1000    0.0001
   100        0.1441            -nan     0.1000   -0.0001
   120        0.1283            -nan     0.1000   -0.0001
   140        0.1130            -nan     0.1000   -0.0001
   150        0.1046            -nan     0.1000   -0.0001

Iter   TrainDeviance   ValidDeviance   StepSize   Improve
     1        0.4257            -nan     0.1000    0.0068
     2        0.4150            -nan     0.1000    0.0041
     3        0.4060            -nan     0.1000    0.0028
     4        0.3973            -nan     0.1000    0.0034
     5        0.3874            -nan     0.1000    0.0045
     6        0.3791            -nan     0.1000    0.0027
     7        0.3719            -nan     0.1000    0.0031
     8        0.3682            -nan     0.1000    0.0017
     9        0.3611            -nan     0.1000    0.0014
    10        0.3562            -nan     0.1000    0.0019
    20        0.3255            -nan     0.1000    0.0001
    40        0.2848            -nan     0.1000    0.0004
    60        0.2629            -nan     0.1000    0.0005
    80        0.2433            -nan     0.1000   -0.0001
   100        0.2315            -nan     0.1000   -0.0000
   120        0.2227            -nan     0.1000   -0.0003
   140        0.2129            -nan     0.1000   -0.0003
   150        0.2081            -nan     0.1000   -0.0002

Iter   TrainDeviance   ValidDeviance   StepSize   Improve
     1        0.4047            -nan     0.1000    0.0159
     2        0.3943            -nan     0.1000    0.0017
     3        0.3777            -nan     0.1000    0.0075
     4        0.3695            -nan     0.1000    0.0025
     5        0.3589            -nan     0.1000    0.0041
     6        0.3459            -nan     0.1000    0.0045
     7        0.3341            -nan     0.1000    0.0049
     8        0.3272            -nan     0.1000    0.0022
     9        0.3147            -nan     0.1000    0.0057
    10        0.3083            -nan     0.1000    0.0024
    20        0.2725            -nan     0.1000    0.0012
    40        0.2160            -nan     0.1000    0.0001
    60        0.1868            -nan     0.1000   -0.0000
    80        0.1629            -nan     0.1000   -0.0000
   100        0.1457            -nan     0.1000    0.0001
   120        0.1308            -nan     0.1000    0.0000
   140        0.1164            -nan     0.1000    0.0000
   150        0.1108            -nan     0.1000    0.0000

Iter   TrainDeviance   ValidDeviance   StepSize   Improve
     1        0.3911            -nan     0.1000    0.0181
     2        0.3679            -nan     0.1000    0.0080
     3        0.3557            -nan     0.1000    0.0046
     4        0.3418            -nan     0.1000    0.0042
     5        0.3275            -nan     0.1000    0.0036
     6        0.3202            -nan     0.1000    0.0026
     7        0.3119            -nan     0.1000    0.0035
     8        0.3052            -nan     0.1000    0.0028
     9        0.2969            -nan     0.1000    0.0021
    10        0.2909            -nan     0.1000    0.0010
    20        0.2404            -nan     0.1000    0.0011
    40        0.1838            -nan     0.1000    0.0005
    60        0.1494            -nan     0.1000    0.0001
    80        0.1270            -nan     0.1000    0.0001
   100        0.1111            -nan     0.1000    0.0000
   120        0.0940            -nan     0.1000   -0.0001
   140        0.0822            -nan     0.1000    0.0000
   150        0.0770            -nan     0.1000   -0.0000

Iter   TrainDeviance   ValidDeviance   StepSize   Improve
     1        0.4492            -nan     0.1000    0.0080
     2        0.4341            -nan     0.1000    0.0062
     3        0.4225            -nan     0.1000    0.0048
     4        0.4093            -nan     0.1000    0.0055
     5        0.4042            -nan     0.1000    0.0020
     6        0.3951            -nan     0.1000    0.0037
     7        0.3920            -nan     0.1000    0.0008
     8        0.3848            -nan     0.1000    0.0032
     9        0.3782            -nan     0.1000    0.0028
    10        0.3740            -nan     0.1000    0.0018
    20        0.3389            -nan     0.1000    0.0007
    40        0.2987            -nan     0.1000    0.0005
    60        0.2779            -nan     0.1000    0.0002
    80        0.2634            -nan     0.1000   -0.0001
   100        0.2490            -nan     0.1000    0.0001
   120        0.2395            -nan     0.1000   -0.0004
   140        0.2298            -nan     0.1000   -0.0002
   150        0.2268            -nan     0.1000   -0.0003

Iter   TrainDeviance   ValidDeviance   StepSize   Improve
     1        0.4437            -nan     0.1000    0.0077
     2        0.4271            -nan     0.1000    0.0059
     3        0.4042            -nan     0.1000    0.0073
     4        0.3872            -nan     0.1000    0.0078
     5        0.3809            -nan     0.1000    0.0024
     6        0.3675            -nan     0.1000    0.0056
     7        0.3603            -nan     0.1000    0.0021
     8        0.3481            -nan     0.1000    0.0050
     9        0.3400            -nan     0.1000    0.0019
    10        0.3331            -nan     0.1000    0.0027
    20        0.2852            -nan     0.1000    0.0004
    40        0.2395            -nan     0.1000    0.0003
    60        0.2124            -nan     0.1000    0.0000
    80        0.1947            -nan     0.1000   -0.0000
   100        0.1737            -nan     0.1000   -0.0002
   120        0.1568            -nan     0.1000   -0.0002
   140        0.1436            -nan     0.1000   -0.0002
   150        0.1379            -nan     0.1000    0.0001

Iter   TrainDeviance   ValidDeviance   StepSize   Improve
     1        0.4285            -nan     0.1000    0.0167
     2        0.4064            -nan     0.1000    0.0087
     3        0.3894            -nan     0.1000    0.0052
     4        0.3781            -nan     0.1000    0.0032
     5        0.3596            -nan     0.1000    0.0043
     6        0.3402            -nan     0.1000    0.0064
     7        0.3331            -nan     0.1000    0.0020
     8        0.3279            -nan     0.1000    0.0012
     9        0.3151            -nan     0.1000    0.0043
    10        0.3078            -nan     0.1000    0.0026
    20        0.2557            -nan     0.1000    0.0013
    40        0.2053            -nan     0.1000    0.0008
    60        0.1736            -nan     0.1000   -0.0003
    80        0.1402            -nan     0.1000    0.0002
   100        0.1206            -nan     0.1000   -0.0000
   120        0.1059            -nan     0.1000    0.0001
   140        0.0945            -nan     0.1000   -0.0002
   150        0.0887            -nan     0.1000   -0.0001

Iter   TrainDeviance   ValidDeviance   StepSize   Improve
     1        0.4337            -nan     0.1000    0.0058
     2        0.4224            -nan     0.1000    0.0040
     3        0.4153            -nan     0.1000    0.0031
     4        0.4076            -nan     0.1000    0.0031
     5        0.4022            -nan     0.1000    0.0023
     6        0.3963            -nan     0.1000    0.0024
     7        0.3930            -nan     0.1000    0.0011
     8        0.3867            -nan     0.1000    0.0026
     9        0.3806            -nan     0.1000    0.0028
    10        0.3749            -nan     0.1000    0.0021
    20        0.3442            -nan     0.1000    0.0009
    40        0.3046            -nan     0.1000    0.0006
    60        0.2809            -nan     0.1000    0.0001
    80        0.2644            -nan     0.1000   -0.0001
   100        0.2520            -nan     0.1000   -0.0001
   120        0.2399            -nan     0.1000   -0.0002
   140        0.2283            -nan     0.1000   -0.0003
   150        0.2250            -nan     0.1000    0.0002

Iter   TrainDeviance   ValidDeviance   StepSize   Improve
     1        0.4218            -nan     0.1000    0.0113
     2        0.3991            -nan     0.1000    0.0080
     3        0.3887            -nan     0.1000    0.0010
     4        0.3747            -nan     0.1000    0.0043
     5        0.3635            -nan     0.1000    0.0041
     6        0.3547            -nan     0.1000    0.0029
     7        0.3514            -nan     0.1000    0.0002
     8        0.3433            -nan     0.1000    0.0036
     9        0.3392            -nan     0.1000    0.0012
    10        0.3295            -nan     0.1000    0.0043
    20        0.2923            -nan     0.1000   -0.0000
    40        0.2403            -nan     0.1000   -0.0002
    60        0.2110            -nan     0.1000    0.0001
    80        0.1911            -nan     0.1000   -0.0001
   100        0.1766            -nan     0.1000   -0.0001
   120        0.1615            -nan     0.1000    0.0001
   140        0.1469            -nan     0.1000    0.0002
   150        0.1405            -nan     0.1000   -0.0003

Iter   TrainDeviance   ValidDeviance   StepSize   Improve
     1        0.4159            -nan     0.1000    0.0092
     2        0.3900            -nan     0.1000    0.0046
     3        0.3739            -nan     0.1000    0.0048
     4        0.3632            -nan     0.1000    0.0037
     5        0.3543            -nan     0.1000    0.0036
     6        0.3429            -nan     0.1000    0.0043
     7        0.3363            -nan     0.1000    0.0021
     8        0.3265            -nan     0.1000    0.0026
     9        0.3192            -nan     0.1000    0.0028
    10        0.3124            -nan     0.1000    0.0020
    20        0.2497            -nan     0.1000    0.0003
    40        0.1964            -nan     0.1000   -0.0005
    60        0.1651            -nan     0.1000   -0.0001
    80        0.1468            -nan     0.1000   -0.0006
   100        0.1298            -nan     0.1000   -0.0003
   120        0.1148            -nan     0.1000   -0.0001
   140        0.1048            -nan     0.1000   -0.0002
   150        0.0967            -nan     0.1000   -0.0002

Iter   TrainDeviance   ValidDeviance   StepSize   Improve
     1        0.4715            -nan     0.1000    0.0088
     2        0.4556            -nan     0.1000    0.0067
     3        0.4449            -nan     0.1000    0.0052
     4        0.4299            -nan     0.1000    0.0053
     5        0.4213            -nan     0.1000    0.0033
     6        0.4139            -nan     0.1000    0.0030
     7        0.4095            -nan     0.1000    0.0009
     8        0.4045            -nan     0.1000    0.0017
     9        0.3973            -nan     0.1000    0.0036
    10        0.3907            -nan     0.1000    0.0023
    20        0.3526            -nan     0.1000    0.0002
    40        0.3104            -nan     0.1000    0.0003
    60        0.2861            -nan     0.1000    0.0004
    80        0.2683            -nan     0.1000    0.0001
   100        0.2548            -nan     0.1000    0.0001
   120        0.2423            -nan     0.1000   -0.0002
   140        0.2326            -nan     0.1000    0.0001
   150        0.2287            -nan     0.1000   -0.0002

Iter   TrainDeviance   ValidDeviance   StepSize   Improve
     1        0.4515            -nan     0.1000    0.0193
     2        0.4352            -nan     0.1000    0.0045
     3        0.4207            -nan     0.1000    0.0053
     4        0.4056            -nan     0.1000    0.0062
     5        0.3925            -nan     0.1000    0.0062
     6        0.3831            -nan     0.1000    0.0044
     7        0.3743            -nan     0.1000    0.0020
     8        0.3667            -nan     0.1000    0.0027
     9        0.3549            -nan     0.1000    0.0053
    10        0.3472            -nan     0.1000    0.0027
    20        0.2997            -nan     0.1000    0.0001
    40        0.2442            -nan     0.1000    0.0003
    60        0.2179            -nan     0.1000    0.0001
    80        0.1905            -nan     0.1000    0.0006
   100        0.1727            -nan     0.1000    0.0000
   120        0.1581            -nan     0.1000   -0.0000
   140        0.1444            -nan     0.1000   -0.0001
   150        0.1383            -nan     0.1000   -0.0003

Iter   TrainDeviance   ValidDeviance   StepSize   Improve
     1        0.4481            -nan     0.1000    0.0195
     2        0.4161            -nan     0.1000    0.0153
     3        0.3960            -nan     0.1000    0.0074
     4        0.3801            -nan     0.1000    0.0050
     5        0.3634            -nan     0.1000    0.0072
     6        0.3543            -nan     0.1000    0.0031
     7        0.3413            -nan     0.1000    0.0044
     8        0.3341            -nan     0.1000    0.0026
     9        0.3296            -nan     0.1000    0.0014
    10        0.3182            -nan     0.1000    0.0045
    20        0.2609            -nan     0.1000    0.0016
    40        0.2036            -nan     0.1000    0.0004
    60        0.1663            -nan     0.1000    0.0001
    80        0.1401            -nan     0.1000   -0.0001
   100        0.1197            -nan     0.1000    0.0002
   120        0.1057            -nan     0.1000    0.0000
   140        0.0931            -nan     0.1000   -0.0000
   150        0.0878            -nan     0.1000   -0.0000

Iter   TrainDeviance   ValidDeviance   StepSize   Improve
     1        0.4578            -nan     0.1000    0.0066
     2        0.4470            -nan     0.1000    0.0040
     3        0.4391            -nan     0.1000    0.0025
     4        0.4313            -nan     0.1000    0.0031
     5        0.4225            -nan     0.1000    0.0034
     6        0.4201            -nan     0.1000    0.0004
     7        0.4156            -nan     0.1000    0.0003
     8        0.4115            -nan     0.1000    0.0014
     9        0.4057            -nan     0.1000    0.0022
    10        0.4017            -nan     0.1000    0.0012
    20        0.3646            -nan     0.1000    0.0014
    40        0.3319            -nan     0.1000   -0.0002
    60        0.3100            -nan     0.1000   -0.0003
    80        0.2946            -nan     0.1000   -0.0001
   100        0.2840            -nan     0.1000   -0.0002
   120        0.2731            -nan     0.1000   -0.0002
   140        0.2622            -nan     0.1000   -0.0002
   150        0.2576            -nan     0.1000   -0.0003

TRAINING SUCCESSFUL
The most important attribute: V42 (for technique: gbm)
________________
Dataset: ozone-level-8hr 
Technique: gcvEarth 
Probability table:

         1          2 
0.93685872 0.06314128 
BEGIN TRAINING
TRAINING SUCCESSFUL
The most important attribute: V33 (for technique: gcvEarth)
________________
Dataset: ozone-level-8hr 
Technique: JRip 
Probability table:

         1          2 
0.93685872 0.06314128 
BEGIN TRAINING
TRAINING SUCCESSFUL
The most important attribute: V42 (for technique: JRip)
________________
Dataset: ozone-level-8hr 
Technique: lvq 
Probability table:

         1          2 
0.93685872 0.06314128 
BEGIN TRAINING
TRAINING SUCCESSFUL
The most important attribute: V65 (for technique: lvq)
________________
Dataset: ozone-level-8hr 
Technique: mlpML 
Probability table:

         1          2 
0.93685872 0.06314128 
BEGIN TRAINING
TRAINING SUCCESSFUL
The most important attribute: V56 (for technique: mlpML)
________________
Dataset: ozone-level-8hr 
Technique: multinom 
Probability table:

         1          2 
0.93685872 0.06314128 
BEGIN TRAINING
# weights:  74 (73 variable)
initial  value 1756.434956 
iter  10 value 576.710460
iter  20 value 439.774645
iter  30 value 359.963744
iter  40 value 327.933259
iter  50 value 322.739203
iter  60 value 320.995584
iter  70 value 320.868020
final  value 320.867693 
converged
TRAINING SUCCESSFUL
The most important attribute: V31 (for technique: multinom)
________________
Dataset: ozone-level-8hr 
Technique: naive_bayes 
Probability table:

         1          2 
0.93685872 0.06314128 
BEGIN TRAINING
TRAINING SUCCESSFUL
The most important attribute: V72 (for technique: naive_bayes)
________________
Dataset: ozone-level-8hr 
Technique: PART 
Probability table:

         1          2 
0.93685872 0.06314128 
BEGIN TRAINING
TRAINING SUCCESSFUL
The most important attribute: V21 (for technique: PART)
________________
Dataset: ozone-level-8hr 
Technique: rbfDDA 
Probability table:

         1          2 
0.93685872 0.06314128 
BEGIN TRAINING
TRAINING SUCCESSFUL
The most important attribute: V1 (for technique: rbfDDA)
________________
Dataset: ozone-level-8hr 
Technique: rda 
Probability table:

         1          2 
0.93685872 0.06314128 
BEGIN TRAINING
TRAINING SUCCESSFUL
The most important attribute: V18 (for technique: rda)
________________
Dataset: ozone-level-8hr 
Technique: rf 
Probability table:

         1          2 
0.93685872 0.06314128 
BEGIN TRAINING
TRAINING SUCCESSFUL
The most important attribute: V42 (for technique: rf)
________________
Dataset: ozone-level-8hr 
Technique: rpart 
Probability table:

         1          2 
0.93685872 0.06314128 
BEGIN TRAINING
TRAINING SUCCESSFUL
The most important attribute: V1 (for technique: rpart)
________________
Dataset: ozone-level-8hr 
Technique: simpls 
Probability table:

         1          2 
0.93685872 0.06314128 
BEGIN TRAINING
TRAINING SUCCESSFUL
The most important attribute: V1 (for technique: simpls)
________________
Dataset: ozone-level-8hr 
Technique: svmLinear 
Probability table:

         1          2 
0.93685872 0.06314128 
BEGIN TRAINING
TRAINING SUCCESSFUL
The most important attribute: V57 (for technique: svmLinear)
________________
Dataset: ozone-level-8hr 
Technique: svmRadial 
Probability table:

         1          2 
0.93685872 0.06314128 
BEGIN TRAINING
TRAINING SUCCESSFUL
The most important attribute: V42 (for technique: svmRadial)
________________
Dataset: ozone-level-8hr 
Technique: rfRules 
Probability table:

         1          2 
0.93685872 0.06314128 
BEGIN TRAINING
Registered S3 method overwritten by 'RRF':
  method      from        
  plot.margin randomForest
1991 rules (length<=2) were extracted from the first 500 trees.
3930 rules (length<=3) were extracted from the first 500 trees.
7213 rules (length<=4) were extracted from the first 500 trees.
1987 rules (length<=2) were extracted from the first 500 trees.
3945 rules (length<=3) were extracted from the first 500 trees.
6941 rules (length<=4) were extracted from the first 500 trees.
1983 rules (length<=2) were extracted from the first 500 trees.
3825 rules (length<=3) were extracted from the first 500 trees.
6831 rules (length<=4) were extracted from the first 500 trees.
1955 rules (length<=2) were extracted from the first 500 trees.
3816 rules (length<=3) were extracted from the first 500 trees.
6773 rules (length<=4) were extracted from the first 500 trees.
1984 rules (length<=2) were extracted from the first 500 trees.
3358 rules (length<=3) were extracted from the first 500 trees.
5677 rules (length<=4) were extracted from the first 500 trees.
1998 rules (length<=2) were extracted from the first 500 trees.
3917 rules (length<=3) were extracted from the first 500 trees.
7190 rules (length<=4) were extracted from the first 500 trees.
1998 rules (length<=2) were extracted from the first 500 trees.
3876 rules (length<=3) were extracted from the first 500 trees.
6448 rules (length<=4) were extracted from the first 500 trees.
1980 rules (length<=2) were extracted from the first 500 trees.
3804 rules (length<=3) were extracted from the first 500 trees.
6696 rules (length<=4) were extracted from the first 500 trees.
1990 rules (length<=2) were extracted from the first 500 trees.
3932 rules (length<=3) were extracted from the first 500 trees.
7017 rules (length<=4) were extracted from the first 500 trees.
1997 rules (length<=2) were extracted from the first 500 trees.
3914 rules (length<=3) were extracted from the first 500 trees.
6791 rules (length<=4) were extracted from the first 500 trees.
1991 rules (length<=2) were extracted from the first 500 trees.
3862 rules (length<=3) were extracted from the first 500 trees.
7151 rules (length<=4) were extracted from the first 500 trees.
1982 rules (length<=2) were extracted from the first 500 trees.
3739 rules (length<=3) were extracted from the first 500 trees.
6308 rules (length<=4) were extracted from the first 500 trees.
1970 rules (length<=2) were extracted from the first 500 trees.
3675 rules (length<=3) were extracted from the first 500 trees.
6258 rules (length<=4) were extracted from the first 500 trees.
1994 rules (length<=2) were extracted from the first 500 trees.
3912 rules (length<=3) were extracted from the first 500 trees.
7063 rules (length<=4) were extracted from the first 500 trees.
1992 rules (length<=2) were extracted from the first 500 trees.
3902 rules (length<=3) were extracted from the first 500 trees.
6680 rules (length<=4) were extracted from the first 500 trees.
1973 rules (length<=2) were extracted from the first 500 trees.
3751 rules (length<=3) were extracted from the first 500 trees.
6475 rules (length<=4) were extracted from the first 500 trees.
1961 rules (length<=2) were extracted from the first 500 trees.
3839 rules (length<=3) were extracted from the first 500 trees.
6731 rules (length<=4) were extracted from the first 500 trees.
1988 rules (length<=2) were extracted from the first 500 trees.
3942 rules (length<=3) were extracted from the first 500 trees.
7193 rules (length<=4) were extracted from the first 500 trees.
1963 rules (length<=2) were extracted from the first 500 trees.
3782 rules (length<=3) were extracted from the first 500 trees.
6592 rules (length<=4) were extracted from the first 500 trees.
1995 rules (length<=2) were extracted from the first 500 trees.
3832 rules (length<=3) were extracted from the first 500 trees.
6585 rules (length<=4) were extracted from the first 500 trees.
1998 rules (length<=2) were extracted from the first 500 trees.
3964 rules (length<=3) were extracted from the first 500 trees.
7060 rules (length<=4) were extracted from the first 500 trees.
1939 rules (length<=2) were extracted from the first 500 trees.
3460 rules (length<=3) were extracted from the first 500 trees.
5949 rules (length<=4) were extracted from the first 500 trees.
1984 rules (length<=2) were extracted from the first 500 trees.
3928 rules (length<=3) were extracted from the first 500 trees.
6846 rules (length<=4) were extracted from the first 500 trees.
1985 rules (length<=2) were extracted from the first 500 trees.
3927 rules (length<=3) were extracted from the first 500 trees.
7173 rules (length<=4) were extracted from the first 500 trees.
1966 rules (length<=2) were extracted from the first 500 trees.
3526 rules (length<=3) were extracted from the first 500 trees.
5834 rules (length<=4) were extracted from the first 500 trees.
7098 rules (length<=4) were extracted from the first 500 trees.
TRAINING SUCCESSFUL
The most important attribute: V10 (for technique: rfRules)
________________
Dataset: ozone-level-8hr 
Technique: knn 
Probability table:

         1          2 
0.93685872 0.06314128 
BEGIN TRAINING
TRAINING SUCCESSFUL
The most important attribute: V11 (for technique: knn)
________________
Dataset: ozone-level-8hr 
Technique: bayesglm 
Probability table:

         1          2 
0.93685872 0.06314128 
BEGIN TRAINING
TRAINING SUCCESSFUL
The most important attribute: V31 (for technique: bayesglm)
________________
Most important attribute obtained with all techniques
----------------
There were 50 or more warnings (use warnings() to see the first 50)
****************
RESULTS RECORDED
****************
