Current working directory: /home/chris/github/kappa-threshold 
parameters.csv exists: TRUE 
parameters.csv absolute path: /home/chris/github/kappa-threshold/data/files/parameters.csv 
Dataset: qsar-biodeg 
Technique: C5.0 
Probability table:

        1         2 
0.6625592 0.3374408 
BEGIN TRAINING
TRAINING SUCCESSFUL
The most important attribute: V3 (for technique: C5.0)
________________
Dataset: qsar-biodeg 
Technique: ctree 
Probability table:

        1         2 
0.6625592 0.3374408 
BEGIN TRAINING
TRAINING SUCCESSFUL
The most important attribute: V1 (for technique: ctree)
________________
Dataset: qsar-biodeg 
Technique: fda 
Probability table:

        1         2 
0.6625592 0.3374408 
BEGIN TRAINING
TRAINING SUCCESSFUL
The most important attribute: V38 (for technique: fda)
________________
Dataset: qsar-biodeg 
Technique: gbm 
Probability table:

        1         2 
0.6625592 0.3374408 
BEGIN TRAINING
Iter   TrainDeviance   ValidDeviance   StepSize   Improve
     1        1.2294            -nan     0.1000    0.0214
     2        1.1903            -nan     0.1000    0.0177
     3        1.1545            -nan     0.1000    0.0181
     4        1.1253            -nan     0.1000    0.0133
     5        1.0969            -nan     0.1000    0.0142
     6        1.0697            -nan     0.1000    0.0121
     7        1.0489            -nan     0.1000    0.0100
     8        1.0277            -nan     0.1000    0.0095
     9        1.0114            -nan     0.1000    0.0067
    10        0.9966            -nan     0.1000    0.0064
    20        0.8766            -nan     0.1000    0.0044
    40        0.7467            -nan     0.1000    0.0009
    60        0.6726            -nan     0.1000   -0.0003
    80        0.6178            -nan     0.1000    0.0007
   100        0.5786            -nan     0.1000   -0.0002
   120        0.5482            -nan     0.1000   -0.0002
   140        0.5240            -nan     0.1000   -0.0004
   150        0.5135            -nan     0.1000   -0.0002

Iter   TrainDeviance   ValidDeviance   StepSize   Improve
     1        1.2171            -nan     0.1000    0.0264
     2        1.1586            -nan     0.1000    0.0271
     3        1.1086            -nan     0.1000    0.0231
     4        1.0704            -nan     0.1000    0.0182
     5        1.0361            -nan     0.1000    0.0173
     6        1.0023            -nan     0.1000    0.0147
     7        0.9727            -nan     0.1000    0.0129
     8        0.9474            -nan     0.1000    0.0110
     9        0.9246            -nan     0.1000    0.0073
    10        0.9041            -nan     0.1000    0.0095
    20        0.7488            -nan     0.1000    0.0056
    40        0.5907            -nan     0.1000    0.0007
    60        0.5062            -nan     0.1000    0.0005
    80        0.4544            -nan     0.1000    0.0002
   100        0.4141            -nan     0.1000   -0.0000
   120        0.3799            -nan     0.1000   -0.0001
   140        0.3524            -nan     0.1000   -0.0002
   150        0.3395            -nan     0.1000    0.0000

Iter   TrainDeviance   ValidDeviance   StepSize   Improve
     1        1.1992            -nan     0.1000    0.0351
     2        1.1400            -nan     0.1000    0.0265
     3        1.0825            -nan     0.1000    0.0262
     4        1.0302            -nan     0.1000    0.0249
     5        0.9918            -nan     0.1000    0.0156
     6        0.9538            -nan     0.1000    0.0150
     7        0.9163            -nan     0.1000    0.0144
     8        0.8831            -nan     0.1000    0.0146
     9        0.8550            -nan     0.1000    0.0137
    10        0.8319            -nan     0.1000    0.0100
    20        0.6616            -nan     0.1000    0.0045
    40        0.5158            -nan     0.1000   -0.0002
    60        0.4288            -nan     0.1000    0.0005
    80        0.3756            -nan     0.1000    0.0001
   100        0.3317            -nan     0.1000    0.0001
   120        0.2999            -nan     0.1000   -0.0006
   140        0.2703            -nan     0.1000   -0.0002
   150        0.2584            -nan     0.1000   -0.0009

Iter   TrainDeviance   ValidDeviance   StepSize   Improve
     1        1.2648            -nan     0.1000    0.0248
     2        1.2243            -nan     0.1000    0.0210
     3        1.1816            -nan     0.1000    0.0182
     4        1.1512            -nan     0.1000    0.0133
     5        1.1225            -nan     0.1000    0.0134
     6        1.0957            -nan     0.1000    0.0118
     7        1.0757            -nan     0.1000    0.0095
     8        1.0595            -nan     0.1000    0.0079
     9        1.0414            -nan     0.1000    0.0066
    10        1.0278            -nan     0.1000    0.0043
    20        0.9139            -nan     0.1000    0.0026
    40        0.7878            -nan     0.1000    0.0012
    60        0.7159            -nan     0.1000    0.0013
    80        0.6614            -nan     0.1000    0.0003
   100        0.6224            -nan     0.1000   -0.0003
   120        0.5906            -nan     0.1000   -0.0000
   140        0.5673            -nan     0.1000   -0.0005
   150        0.5545            -nan     0.1000   -0.0001

Iter   TrainDeviance   ValidDeviance   StepSize   Improve
     1        1.2576            -nan     0.1000    0.0303
     2        1.2071            -nan     0.1000    0.0233
     3        1.1595            -nan     0.1000    0.0218
     4        1.1191            -nan     0.1000    0.0205
     5        1.0802            -nan     0.1000    0.0177
     6        1.0526            -nan     0.1000    0.0123
     7        1.0245            -nan     0.1000    0.0131
     8        0.9981            -nan     0.1000    0.0111
     9        0.9753            -nan     0.1000    0.0101
    10        0.9528            -nan     0.1000    0.0100
    20        0.7947            -nan     0.1000    0.0043
    40        0.6450            -nan     0.1000    0.0017
    60        0.5637            -nan     0.1000    0.0016
    80        0.5053            -nan     0.1000    0.0003
   100        0.4607            -nan     0.1000    0.0003
   120        0.4222            -nan     0.1000   -0.0003
   140        0.3962            -nan     0.1000   -0.0011
   150        0.3829            -nan     0.1000   -0.0002

Iter   TrainDeviance   ValidDeviance   StepSize   Improve
     1        1.2456            -nan     0.1000    0.0333
     2        1.1900            -nan     0.1000    0.0250
     3        1.1319            -nan     0.1000    0.0284
     4        1.0846            -nan     0.1000    0.0213
     5        1.0392            -nan     0.1000    0.0205
     6        1.0048            -nan     0.1000    0.0145
     7        0.9715            -nan     0.1000    0.0159
     8        0.9401            -nan     0.1000    0.0138
     9        0.9072            -nan     0.1000    0.0155
    10        0.8855            -nan     0.1000    0.0087
    20        0.7165            -nan     0.1000    0.0043
    40        0.5603            -nan     0.1000    0.0011
    60        0.4707            -nan     0.1000    0.0008
    80        0.4148            -nan     0.1000    0.0008
   100        0.3731            -nan     0.1000    0.0005
   120        0.3285            -nan     0.1000   -0.0002
   140        0.3004            -nan     0.1000    0.0000
   150        0.2879            -nan     0.1000   -0.0007

Iter   TrainDeviance   ValidDeviance   StepSize   Improve
     1        1.2648            -nan     0.1000    0.0184
     2        1.2322            -nan     0.1000    0.0160
     3        1.2043            -nan     0.1000    0.0134
     4        1.1773            -nan     0.1000    0.0113
     5        1.1592            -nan     0.1000    0.0075
     6        1.1383            -nan     0.1000    0.0086
     7        1.1235            -nan     0.1000    0.0049
     8        1.1059            -nan     0.1000    0.0085
     9        1.0894            -nan     0.1000    0.0071
    10        1.0744            -nan     0.1000    0.0074
    20        0.9629            -nan     0.1000    0.0031
    40        0.8275            -nan     0.1000    0.0024
    60        0.7498            -nan     0.1000    0.0010
    80        0.6940            -nan     0.1000   -0.0002
   100        0.6555            -nan     0.1000    0.0002
   120        0.6264            -nan     0.1000   -0.0001
   140        0.5994            -nan     0.1000   -0.0001
   150        0.5878            -nan     0.1000    0.0000

Iter   TrainDeviance   ValidDeviance   StepSize   Improve
     1        1.2548            -nan     0.1000    0.0234
     2        1.2123            -nan     0.1000    0.0193
     3        1.1777            -nan     0.1000    0.0167
     4        1.1385            -nan     0.1000    0.0188
     5        1.1053            -nan     0.1000    0.0150
     6        1.0790            -nan     0.1000    0.0119
     7        1.0502            -nan     0.1000    0.0128
     8        1.0262            -nan     0.1000    0.0114
     9        1.0070            -nan     0.1000    0.0076
    10        0.9889            -nan     0.1000    0.0063
    20        0.8353            -nan     0.1000    0.0026
    40        0.6818            -nan     0.1000    0.0021
    60        0.6033            -nan     0.1000    0.0016
    80        0.5467            -nan     0.1000   -0.0004
   100        0.5048            -nan     0.1000    0.0003
   120        0.4693            -nan     0.1000    0.0006
   140        0.4375            -nan     0.1000   -0.0002
   150        0.4233            -nan     0.1000   -0.0004

Iter   TrainDeviance   ValidDeviance   StepSize   Improve
     1        1.2467            -nan     0.1000    0.0280
     2        1.1971            -nan     0.1000    0.0222
     3        1.1479            -nan     0.1000    0.0249
     4        1.1147            -nan     0.1000    0.0149
     5        1.0752            -nan     0.1000    0.0171
     6        1.0403            -nan     0.1000    0.0139
     7        1.0109            -nan     0.1000    0.0132
     8        0.9778            -nan     0.1000    0.0140
     9        0.9542            -nan     0.1000    0.0093
    10        0.9319            -nan     0.1000    0.0098
    20        0.7584            -nan     0.1000    0.0070
    40        0.5988            -nan     0.1000    0.0017
    60        0.5111            -nan     0.1000   -0.0013
    80        0.4475            -nan     0.1000    0.0002
   100        0.4006            -nan     0.1000   -0.0004
   120        0.3598            -nan     0.1000   -0.0000
   140        0.3276            -nan     0.1000   -0.0000
   150        0.3113            -nan     0.1000   -0.0009

Iter   TrainDeviance   ValidDeviance   StepSize   Improve
     1        1.2183            -nan     0.1000    0.0277
     2        1.1757            -nan     0.1000    0.0212
     3        1.1392            -nan     0.1000    0.0181
     4        1.1069            -nan     0.1000    0.0154
     5        1.0779            -nan     0.1000    0.0120
     6        1.0514            -nan     0.1000    0.0126
     7        1.0277            -nan     0.1000    0.0098
     8        1.0080            -nan     0.1000    0.0084
     9        0.9904            -nan     0.1000    0.0068
    10        0.9723            -nan     0.1000    0.0090
    20        0.8533            -nan     0.1000    0.0032
    40        0.7217            -nan     0.1000    0.0013
    60        0.6447            -nan     0.1000    0.0006
    80        0.5963            -nan     0.1000    0.0009
   100        0.5636            -nan     0.1000   -0.0003
   120        0.5371            -nan     0.1000   -0.0014
   140        0.5146            -nan     0.1000   -0.0001
   150        0.5050            -nan     0.1000   -0.0001

Iter   TrainDeviance   ValidDeviance   StepSize   Improve
     1        1.2100            -nan     0.1000    0.0342
     2        1.1516            -nan     0.1000    0.0258
     3        1.0985            -nan     0.1000    0.0265
     4        1.0586            -nan     0.1000    0.0186
     5        1.0239            -nan     0.1000    0.0160
     6        0.9871            -nan     0.1000    0.0148
     7        0.9570            -nan     0.1000    0.0128
     8        0.9312            -nan     0.1000    0.0119
     9        0.9049            -nan     0.1000    0.0116
    10        0.8847            -nan     0.1000    0.0093
    20        0.7214            -nan     0.1000    0.0031
    40        0.5838            -nan     0.1000    0.0017
    60        0.5187            -nan     0.1000    0.0005
    80        0.4683            -nan     0.1000    0.0004
   100        0.4280            -nan     0.1000   -0.0003
   120        0.3999            -nan     0.1000   -0.0003
   140        0.3716            -nan     0.1000    0.0000
   150        0.3598            -nan     0.1000   -0.0003

Iter   TrainDeviance   ValidDeviance   StepSize   Improve
     1        1.2004            -nan     0.1000    0.0383
     2        1.1308            -nan     0.1000    0.0331
     3        1.0707            -nan     0.1000    0.0254
     4        1.0213            -nan     0.1000    0.0207
     5        0.9728            -nan     0.1000    0.0203
     6        0.9332            -nan     0.1000    0.0169
     7        0.8984            -nan     0.1000    0.0183
     8        0.8655            -nan     0.1000    0.0147
     9        0.8397            -nan     0.1000    0.0104
    10        0.8109            -nan     0.1000    0.0128
    20        0.6477            -nan     0.1000    0.0015
    40        0.5049            -nan     0.1000    0.0008
    60        0.4360            -nan     0.1000   -0.0002
    80        0.3752            -nan     0.1000   -0.0006
   100        0.3345            -nan     0.1000   -0.0006
   120        0.2967            -nan     0.1000   -0.0005
   140        0.2711            -nan     0.1000   -0.0007
   150        0.2605            -nan     0.1000   -0.0005

Iter   TrainDeviance   ValidDeviance   StepSize   Improve
     1        1.2254            -nan     0.1000    0.0203
     2        1.1905            -nan     0.1000    0.0171
     3        1.1594            -nan     0.1000    0.0130
     4        1.1325            -nan     0.1000    0.0111
     5        1.1061            -nan     0.1000    0.0127
     6        1.0877            -nan     0.1000    0.0090
     7        1.0671            -nan     0.1000    0.0092
     8        1.0501            -nan     0.1000    0.0069
     9        1.0340            -nan     0.1000    0.0055
    10        1.0188            -nan     0.1000    0.0072
    20        0.9108            -nan     0.1000    0.0028
    40        0.7840            -nan     0.1000    0.0018
    60        0.7069            -nan     0.1000    0.0012
    80        0.6543            -nan     0.1000    0.0004
   100        0.6126            -nan     0.1000   -0.0009
   120        0.5820            -nan     0.1000   -0.0001
   140        0.5525            -nan     0.1000   -0.0004
   150        0.5415            -nan     0.1000    0.0000

Iter   TrainDeviance   ValidDeviance   StepSize   Improve
     1        1.2183            -nan     0.1000    0.0244
     2        1.1672            -nan     0.1000    0.0204
     3        1.1270            -nan     0.1000    0.0171
     4        1.0892            -nan     0.1000    0.0173
     5        1.0532            -nan     0.1000    0.0149
     6        1.0215            -nan     0.1000    0.0142
     7        0.9939            -nan     0.1000    0.0117
     8        0.9685            -nan     0.1000    0.0111
     9        0.9398            -nan     0.1000    0.0131
    10        0.9164            -nan     0.1000    0.0109
    20        0.7663            -nan     0.1000    0.0038
    40        0.6244            -nan     0.1000    0.0025
    60        0.5474            -nan     0.1000    0.0002
    80        0.4880            -nan     0.1000    0.0002
   100        0.4453            -nan     0.1000   -0.0001
   120        0.4100            -nan     0.1000   -0.0002
   140        0.3791            -nan     0.1000   -0.0003
   150        0.3664            -nan     0.1000    0.0000

Iter   TrainDeviance   ValidDeviance   StepSize   Improve
     1        1.2064            -nan     0.1000    0.0292
     2        1.1466            -nan     0.1000    0.0284
     3        1.1010            -nan     0.1000    0.0204
     4        1.0600            -nan     0.1000    0.0188
     5        1.0141            -nan     0.1000    0.0207
     6        0.9772            -nan     0.1000    0.0183
     7        0.9471            -nan     0.1000    0.0131
     8        0.9184            -nan     0.1000    0.0130
     9        0.8875            -nan     0.1000    0.0159
    10        0.8613            -nan     0.1000    0.0112
    20        0.6975            -nan     0.1000    0.0038
    40        0.5424            -nan     0.1000    0.0015
    60        0.4563            -nan     0.1000    0.0015
    80        0.3965            -nan     0.1000   -0.0001
   100        0.3500            -nan     0.1000   -0.0008
   120        0.3149            -nan     0.1000    0.0003
   140        0.2853            -nan     0.1000   -0.0001
   150        0.2705            -nan     0.1000   -0.0003

Iter   TrainDeviance   ValidDeviance   StepSize   Improve
     1        1.2258            -nan     0.1000    0.0277
     2        1.1780            -nan     0.1000    0.0229
     3        1.1369            -nan     0.1000    0.0194
     4        1.1030            -nan     0.1000    0.0156
     5        1.0746            -nan     0.1000    0.0121
     6        1.0510            -nan     0.1000    0.0104
     7        1.0328            -nan     0.1000    0.0095
     8        1.0148            -nan     0.1000    0.0076
     9        0.9991            -nan     0.1000    0.0072
    10        0.9856            -nan     0.1000    0.0061
    20        0.8875            -nan     0.1000    0.0016
    40        0.7692            -nan     0.1000    0.0010
    60        0.7023            -nan     0.1000   -0.0002
    80        0.6572            -nan     0.1000    0.0002
   100        0.6235            -nan     0.1000   -0.0003
   120        0.5961            -nan     0.1000    0.0000
   140        0.5690            -nan     0.1000   -0.0002
   150        0.5577            -nan     0.1000   -0.0003

Iter   TrainDeviance   ValidDeviance   StepSize   Improve
     1        1.2032            -nan     0.1000    0.0337
     2        1.1486            -nan     0.1000    0.0253
     3        1.0998            -nan     0.1000    0.0241
     4        1.0590            -nan     0.1000    0.0197
     5        1.0213            -nan     0.1000    0.0177
     6        0.9907            -nan     0.1000    0.0136
     7        0.9607            -nan     0.1000    0.0122
     8        0.9401            -nan     0.1000    0.0089
     9        0.9189            -nan     0.1000    0.0090
    10        0.8999            -nan     0.1000    0.0071
    20        0.7612            -nan     0.1000    0.0046
    40        0.6327            -nan     0.1000    0.0001
    60        0.5604            -nan     0.1000   -0.0004
    80        0.5076            -nan     0.1000    0.0009
   100        0.4658            -nan     0.1000    0.0002
   120        0.4279            -nan     0.1000   -0.0010
   140        0.3972            -nan     0.1000   -0.0001
   150        0.3868            -nan     0.1000   -0.0001

Iter   TrainDeviance   ValidDeviance   StepSize   Improve
     1        1.1915            -nan     0.1000    0.0421
     2        1.1296            -nan     0.1000    0.0303
     3        1.0771            -nan     0.1000    0.0268
     4        1.0267            -nan     0.1000    0.0232
     5        0.9811            -nan     0.1000    0.0210
     6        0.9428            -nan     0.1000    0.0161
     7        0.9168            -nan     0.1000    0.0111
     8        0.8913            -nan     0.1000    0.0103
     9        0.8652            -nan     0.1000    0.0108
    10        0.8456            -nan     0.1000    0.0082
    20        0.6960            -nan     0.1000    0.0024
    40        0.5667            -nan     0.1000   -0.0008
    60        0.4787            -nan     0.1000    0.0006
    80        0.4156            -nan     0.1000   -0.0007
   100        0.3647            -nan     0.1000    0.0002
   120        0.3261            -nan     0.1000   -0.0003
   140        0.2940            -nan     0.1000   -0.0003
   150        0.2791            -nan     0.1000   -0.0006

Iter   TrainDeviance   ValidDeviance   StepSize   Improve
     1        1.2373            -nan     0.1000    0.0233
     2        1.1977            -nan     0.1000    0.0193
     3        1.1706            -nan     0.1000    0.0133
     4        1.1372            -nan     0.1000    0.0143
     5        1.1127            -nan     0.1000    0.0110
     6        1.0918            -nan     0.1000    0.0099
     7        1.0720            -nan     0.1000    0.0096
     8        1.0526            -nan     0.1000    0.0075
     9        1.0359            -nan     0.1000    0.0058
    10        1.0221            -nan     0.1000    0.0060
    20        0.9017            -nan     0.1000    0.0034
    40        0.7716            -nan     0.1000    0.0010
    60        0.6963            -nan     0.1000   -0.0001
    80        0.6431            -nan     0.1000    0.0002
   100        0.6076            -nan     0.1000    0.0001
   120        0.5795            -nan     0.1000   -0.0003
   140        0.5585            -nan     0.1000   -0.0003
   150        0.5472            -nan     0.1000   -0.0002

Iter   TrainDeviance   ValidDeviance   StepSize   Improve
     1        1.2250            -nan     0.1000    0.0298
     2        1.1721            -nan     0.1000    0.0259
     3        1.1296            -nan     0.1000    0.0206
     4        1.0909            -nan     0.1000    0.0167
     5        1.0556            -nan     0.1000    0.0156
     6        1.0281            -nan     0.1000    0.0117
     7        0.9962            -nan     0.1000    0.0136
     8        0.9672            -nan     0.1000    0.0125
     9        0.9417            -nan     0.1000    0.0113
    10        0.9167            -nan     0.1000    0.0092
    20        0.7671            -nan     0.1000    0.0041
    40        0.6183            -nan     0.1000    0.0017
    60        0.5495            -nan     0.1000   -0.0007
    80        0.4925            -nan     0.1000   -0.0000
   100        0.4442            -nan     0.1000   -0.0004
   120        0.4051            -nan     0.1000    0.0005
   140        0.3757            -nan     0.1000   -0.0000
   150        0.3628            -nan     0.1000   -0.0001

Iter   TrainDeviance   ValidDeviance   StepSize   Improve
     1        1.2169            -nan     0.1000    0.0327
     2        1.1572            -nan     0.1000    0.0285
     3        1.1078            -nan     0.1000    0.0249
     4        1.0634            -nan     0.1000    0.0182
     5        1.0190            -nan     0.1000    0.0215
     6        0.9805            -nan     0.1000    0.0167
     7        0.9409            -nan     0.1000    0.0190
     8        0.9115            -nan     0.1000    0.0131
     9        0.8934            -nan     0.1000    0.0077
    10        0.8646            -nan     0.1000    0.0133
    20        0.6875            -nan     0.1000    0.0059
    40        0.5400            -nan     0.1000    0.0013
    60        0.4527            -nan     0.1000   -0.0005
    80        0.3921            -nan     0.1000   -0.0002
   100        0.3448            -nan     0.1000   -0.0008
   120        0.3097            -nan     0.1000   -0.0007
   140        0.2789            -nan     0.1000   -0.0003
   150        0.2671            -nan     0.1000   -0.0007

Iter   TrainDeviance   ValidDeviance   StepSize   Improve
     1        1.2561            -nan     0.1000    0.0178
     2        1.2218            -nan     0.1000    0.0162
     3        1.1934            -nan     0.1000    0.0125
     4        1.1707            -nan     0.1000    0.0094
     5        1.1536            -nan     0.1000    0.0060
     6        1.1348            -nan     0.1000    0.0075
     7        1.1131            -nan     0.1000    0.0105
     8        1.0962            -nan     0.1000    0.0082
     9        1.0803            -nan     0.1000    0.0066
    10        1.0673            -nan     0.1000    0.0057
    20        0.9526            -nan     0.1000    0.0044
    40        0.8111            -nan     0.1000    0.0007
    60        0.7311            -nan     0.1000    0.0004
    80        0.6750            -nan     0.1000   -0.0002
   100        0.6345            -nan     0.1000   -0.0003
   120        0.6026            -nan     0.1000   -0.0005
   140        0.5747            -nan     0.1000    0.0004
   150        0.5635            -nan     0.1000    0.0001

Iter   TrainDeviance   ValidDeviance   StepSize   Improve
     1        1.2463            -nan     0.1000    0.0267
     2        1.1973            -nan     0.1000    0.0216
     3        1.1601            -nan     0.1000    0.0169
     4        1.1223            -nan     0.1000    0.0169
     5        1.0948            -nan     0.1000    0.0107
     6        1.0668            -nan     0.1000    0.0112
     7        1.0349            -nan     0.1000    0.0155
     8        1.0055            -nan     0.1000    0.0138
     9        0.9834            -nan     0.1000    0.0106
    10        0.9637            -nan     0.1000    0.0086
    20        0.8061            -nan     0.1000    0.0028
    40        0.6418            -nan     0.1000    0.0014
    60        0.5579            -nan     0.1000    0.0005
    80        0.5064            -nan     0.1000    0.0003
   100        0.4633            -nan     0.1000    0.0000
   120        0.4201            -nan     0.1000   -0.0001
   140        0.3895            -nan     0.1000   -0.0000
   150        0.3742            -nan     0.1000    0.0002

Iter   TrainDeviance   ValidDeviance   StepSize   Improve
     1        1.2295            -nan     0.1000    0.0333
     2        1.1756            -nan     0.1000    0.0246
     3        1.1280            -nan     0.1000    0.0218
     4        1.0750            -nan     0.1000    0.0228
     5        1.0354            -nan     0.1000    0.0181
     6        0.9921            -nan     0.1000    0.0205
     7        0.9609            -nan     0.1000    0.0141
     8        0.9313            -nan     0.1000    0.0114
     9        0.9011            -nan     0.1000    0.0134
    10        0.8785            -nan     0.1000    0.0082
    20        0.7119            -nan     0.1000    0.0043
    40        0.5413            -nan     0.1000    0.0008
    60        0.4509            -nan     0.1000   -0.0012
    80        0.3910            -nan     0.1000    0.0002
   100        0.3412            -nan     0.1000   -0.0009
   120        0.3064            -nan     0.1000   -0.0005
   140        0.2748            -nan     0.1000    0.0001
   150        0.2623            -nan     0.1000    0.0002

Iter   TrainDeviance   ValidDeviance   StepSize   Improve
     1        1.1987            -nan     0.1000    0.0296
     2        1.1515            -nan     0.1000    0.0243
     3        1.1139            -nan     0.1000    0.0192
     4        1.0801            -nan     0.1000    0.0165
     5        1.0522            -nan     0.1000    0.0128
     6        1.0305            -nan     0.1000    0.0093
     7        1.0120            -nan     0.1000    0.0073
     8        0.9870            -nan     0.1000    0.0103
     9        0.9634            -nan     0.1000    0.0109
    10        0.9444            -nan     0.1000    0.0086
    20        0.8187            -nan     0.1000    0.0035
    40        0.6843            -nan     0.1000    0.0015
    60        0.6128            -nan     0.1000    0.0020
    80        0.5612            -nan     0.1000    0.0011
   100        0.5265            -nan     0.1000    0.0004
   120        0.4994            -nan     0.1000   -0.0007
   140        0.4732            -nan     0.1000    0.0003
   150        0.4630            -nan     0.1000    0.0001

Iter   TrainDeviance   ValidDeviance   StepSize   Improve
     1        1.1740            -nan     0.1000    0.0369
     2        1.1121            -nan     0.1000    0.0302
     3        1.0605            -nan     0.1000    0.0228
     4        1.0160            -nan     0.1000    0.0196
     5        0.9749            -nan     0.1000    0.0176
     6        0.9464            -nan     0.1000    0.0146
     7        0.9121            -nan     0.1000    0.0174
     8        0.8816            -nan     0.1000    0.0143
     9        0.8604            -nan     0.1000    0.0090
    10        0.8430            -nan     0.1000    0.0067
    20        0.6789            -nan     0.1000    0.0042
    40        0.5486            -nan     0.1000    0.0007
    60        0.4757            -nan     0.1000   -0.0001
    80        0.4226            -nan     0.1000   -0.0002
   100        0.3858            -nan     0.1000   -0.0002
   120        0.3588            -nan     0.1000   -0.0000
   140        0.3298            -nan     0.1000   -0.0005
   150        0.3149            -nan     0.1000   -0.0006

Iter   TrainDeviance   ValidDeviance   StepSize   Improve
     1        1.1623            -nan     0.1000    0.0441
     2        1.0989            -nan     0.1000    0.0281
     3        1.0451            -nan     0.1000    0.0254
     4        0.9955            -nan     0.1000    0.0214
     5        0.9472            -nan     0.1000    0.0229
     6        0.9005            -nan     0.1000    0.0221
     7        0.8706            -nan     0.1000    0.0121
     8        0.8312            -nan     0.1000    0.0160
     9        0.8039            -nan     0.1000    0.0115
    10        0.7825            -nan     0.1000    0.0079
    20        0.6054            -nan     0.1000    0.0025
    40        0.4640            -nan     0.1000    0.0012
    60        0.3943            -nan     0.1000    0.0005
    80        0.3443            -nan     0.1000    0.0000
   100        0.3051            -nan     0.1000   -0.0003
   120        0.2688            -nan     0.1000   -0.0002
   140        0.2419            -nan     0.1000   -0.0004
   150        0.2286            -nan     0.1000   -0.0011

Iter   TrainDeviance   ValidDeviance   StepSize   Improve
     1        1.2422            -nan     0.1000    0.0242
     2        1.1972            -nan     0.1000    0.0211
     3        1.1567            -nan     0.1000    0.0165
     4        1.1262            -nan     0.1000    0.0146
     5        1.1016            -nan     0.1000    0.0124
     6        1.0822            -nan     0.1000    0.0099
     7        1.0616            -nan     0.1000    0.0078
     8        1.0457            -nan     0.1000    0.0070
     9        1.0266            -nan     0.1000    0.0091
    10        1.0094            -nan     0.1000    0.0080
    20        0.8856            -nan     0.1000    0.0025
    40        0.7575            -nan     0.1000    0.0022
    60        0.6796            -nan     0.1000    0.0002
    80        0.6293            -nan     0.1000   -0.0001
   100        0.5901            -nan     0.1000   -0.0001
   120        0.5585            -nan     0.1000    0.0003
   140        0.5348            -nan     0.1000   -0.0004
   150        0.5224            -nan     0.1000    0.0005

Iter   TrainDeviance   ValidDeviance   StepSize   Improve
     1        1.2291            -nan     0.1000    0.0310
     2        1.1733            -nan     0.1000    0.0251
     3        1.1260            -nan     0.1000    0.0214
     4        1.0909            -nan     0.1000    0.0171
     5        1.0458            -nan     0.1000    0.0207
     6        1.0109            -nan     0.1000    0.0153
     7        0.9840            -nan     0.1000    0.0122
     8        0.9581            -nan     0.1000    0.0113
     9        0.9293            -nan     0.1000    0.0123
    10        0.9017            -nan     0.1000    0.0111
    20        0.7404            -nan     0.1000    0.0048
    40        0.5877            -nan     0.1000    0.0024
    60        0.5188            -nan     0.1000    0.0003
    80        0.4736            -nan     0.1000   -0.0002
   100        0.4258            -nan     0.1000    0.0004
   120        0.3909            -nan     0.1000   -0.0001
   140        0.3571            -nan     0.1000   -0.0002
   150        0.3429            -nan     0.1000   -0.0002

Iter   TrainDeviance   ValidDeviance   StepSize   Improve
     1        1.2093            -nan     0.1000    0.0390
     2        1.1437            -nan     0.1000    0.0318
     3        1.0924            -nan     0.1000    0.0248
     4        1.0431            -nan     0.1000    0.0241
     5        0.9982            -nan     0.1000    0.0186
     6        0.9581            -nan     0.1000    0.0144
     7        0.9255            -nan     0.1000    0.0143
     8        0.8960            -nan     0.1000    0.0133
     9        0.8628            -nan     0.1000    0.0163
    10        0.8378            -nan     0.1000    0.0112
    20        0.6659            -nan     0.1000    0.0054
    40        0.5147            -nan     0.1000    0.0022
    60        0.4370            -nan     0.1000   -0.0008
    80        0.3749            -nan     0.1000    0.0009
   100        0.3281            -nan     0.1000    0.0002
   120        0.2909            -nan     0.1000   -0.0007
   140        0.2621            -nan     0.1000   -0.0002
   150        0.2476            -nan     0.1000   -0.0002

Iter   TrainDeviance   ValidDeviance   StepSize   Improve
     1        1.2445            -nan     0.1000    0.0213
     2        1.2108            -nan     0.1000    0.0151
     3        1.1806            -nan     0.1000    0.0125
     4        1.1542            -nan     0.1000    0.0129
     5        1.1301            -nan     0.1000    0.0100
     6        1.1102            -nan     0.1000    0.0083
     7        1.0924            -nan     0.1000    0.0084
     8        1.0765            -nan     0.1000    0.0070
     9        1.0608            -nan     0.1000    0.0050
    10        1.0464            -nan     0.1000    0.0070
    20        0.9397            -nan     0.1000    0.0023
    40        0.8065            -nan     0.1000    0.0013
    60        0.7344            -nan     0.1000    0.0008
    80        0.6881            -nan     0.1000   -0.0004
   100        0.6509            -nan     0.1000    0.0007
   120        0.6194            -nan     0.1000   -0.0011
   140        0.5955            -nan     0.1000    0.0003
   150        0.5839            -nan     0.1000   -0.0006

Iter   TrainDeviance   ValidDeviance   StepSize   Improve
     1        1.2346            -nan     0.1000    0.0266
     2        1.1876            -nan     0.1000    0.0202
     3        1.1424            -nan     0.1000    0.0207
     4        1.1083            -nan     0.1000    0.0155
     5        1.0772            -nan     0.1000    0.0144
     6        1.0425            -nan     0.1000    0.0153
     7        1.0147            -nan     0.1000    0.0122
     8        0.9908            -nan     0.1000    0.0099
     9        0.9648            -nan     0.1000    0.0100
    10        0.9464            -nan     0.1000    0.0075
    20        0.8052            -nan     0.1000    0.0029
    40        0.6680            -nan     0.1000    0.0015
    60        0.5977            -nan     0.1000   -0.0002
    80        0.5419            -nan     0.1000    0.0001
   100        0.4938            -nan     0.1000   -0.0000
   120        0.4581            -nan     0.1000    0.0001
   140        0.4211            -nan     0.1000   -0.0004
   150        0.4091            -nan     0.1000   -0.0005

Iter   TrainDeviance   ValidDeviance   StepSize   Improve
     1        1.2200            -nan     0.1000    0.0313
     2        1.1667            -nan     0.1000    0.0210
     3        1.1228            -nan     0.1000    0.0216
     4        1.0804            -nan     0.1000    0.0203
     5        1.0447            -nan     0.1000    0.0132
     6        1.0089            -nan     0.1000    0.0139
     7        0.9747            -nan     0.1000    0.0143
     8        0.9354            -nan     0.1000    0.0187
     9        0.9056            -nan     0.1000    0.0136
    10        0.8885            -nan     0.1000    0.0065
    20        0.7166            -nan     0.1000    0.0041
    40        0.5656            -nan     0.1000    0.0011
    60        0.4967            -nan     0.1000   -0.0004
    80        0.4297            -nan     0.1000    0.0003
   100        0.3878            -nan     0.1000   -0.0005
   120        0.3559            -nan     0.1000   -0.0008
   140        0.3249            -nan     0.1000   -0.0011
   150        0.3118            -nan     0.1000   -0.0001

Iter   TrainDeviance   ValidDeviance   StepSize   Improve
     1        1.2139            -nan     0.1000    0.0229
     2        1.1759            -nan     0.1000    0.0198
     3        1.1459            -nan     0.1000    0.0164
     4        1.1187            -nan     0.1000    0.0125
     5        1.0950            -nan     0.1000    0.0098
     6        1.0737            -nan     0.1000    0.0097
     7        1.0556            -nan     0.1000    0.0088
     8        1.0396            -nan     0.1000    0.0060
     9        1.0243            -nan     0.1000    0.0066
    10        1.0083            -nan     0.1000    0.0057
    20        0.9046            -nan     0.1000    0.0021
    40        0.7801            -nan     0.1000    0.0021
    60        0.7082            -nan     0.1000    0.0019
    80        0.6652            -nan     0.1000    0.0002
   100        0.6326            -nan     0.1000    0.0001
   120        0.6001            -nan     0.1000   -0.0000
   140        0.5746            -nan     0.1000    0.0001
   150        0.5634            -nan     0.1000   -0.0002

Iter   TrainDeviance   ValidDeviance   StepSize   Improve
     1        1.2058            -nan     0.1000    0.0248
     2        1.1556            -nan     0.1000    0.0244
     3        1.1154            -nan     0.1000    0.0180
     4        1.0785            -nan     0.1000    0.0173
     5        1.0476            -nan     0.1000    0.0146
     6        1.0210            -nan     0.1000    0.0112
     7        0.9917            -nan     0.1000    0.0122
     8        0.9659            -nan     0.1000    0.0111
     9        0.9436            -nan     0.1000    0.0094
    10        0.9246            -nan     0.1000    0.0087
    20        0.7936            -nan     0.1000    0.0046
    40        0.6528            -nan     0.1000    0.0022
    60        0.5746            -nan     0.1000    0.0001
    80        0.5191            -nan     0.1000   -0.0004
   100        0.4754            -nan     0.1000    0.0004
   120        0.4392            -nan     0.1000    0.0001
   140        0.4080            -nan     0.1000   -0.0005
   150        0.3958            -nan     0.1000   -0.0007

Iter   TrainDeviance   ValidDeviance   StepSize   Improve
     1        1.1885            -nan     0.1000    0.0330
     2        1.1380            -nan     0.1000    0.0216
     3        1.0949            -nan     0.1000    0.0199
     4        1.0541            -nan     0.1000    0.0199
     5        1.0205            -nan     0.1000    0.0144
     6        0.9897            -nan     0.1000    0.0144
     7        0.9593            -nan     0.1000    0.0135
     8        0.9239            -nan     0.1000    0.0161
     9        0.8950            -nan     0.1000    0.0128
    10        0.8747            -nan     0.1000    0.0071
    20        0.7123            -nan     0.1000    0.0038
    40        0.5598            -nan     0.1000    0.0007
    60        0.4861            -nan     0.1000   -0.0002
    80        0.4219            -nan     0.1000    0.0001
   100        0.3700            -nan     0.1000   -0.0002
   120        0.3299            -nan     0.1000   -0.0014
   140        0.2971            -nan     0.1000   -0.0003
   150        0.2816            -nan     0.1000   -0.0001

Iter   TrainDeviance   ValidDeviance   StepSize   Improve
     1        1.2422            -nan     0.1000    0.0249
     2        1.2012            -nan     0.1000    0.0206
     3        1.1681            -nan     0.1000    0.0173
     4        1.1384            -nan     0.1000    0.0143
     5        1.1124            -nan     0.1000    0.0119
     6        1.0911            -nan     0.1000    0.0095
     7        1.0716            -nan     0.1000    0.0089
     8        1.0494            -nan     0.1000    0.0100
     9        1.0316            -nan     0.1000    0.0080
    10        1.0162            -nan     0.1000    0.0063
    20        0.8956            -nan     0.1000    0.0048
    40        0.7682            -nan     0.1000    0.0022
    60        0.6924            -nan     0.1000    0.0010
    80        0.6420            -nan     0.1000    0.0009
   100        0.6009            -nan     0.1000   -0.0000
   120        0.5693            -nan     0.1000   -0.0004
   140        0.5436            -nan     0.1000   -0.0003
   150        0.5326            -nan     0.1000   -0.0001

Iter   TrainDeviance   ValidDeviance   StepSize   Improve
     1        1.2250            -nan     0.1000    0.0294
     2        1.1797            -nan     0.1000    0.0220
     3        1.1298            -nan     0.1000    0.0244
     4        1.0981            -nan     0.1000    0.0138
     5        1.0578            -nan     0.1000    0.0185
     6        1.0265            -nan     0.1000    0.0146
     7        0.9924            -nan     0.1000    0.0145
     8        0.9645            -nan     0.1000    0.0121
     9        0.9395            -nan     0.1000    0.0107
    10        0.9150            -nan     0.1000    0.0110
    20        0.7592            -nan     0.1000    0.0037
    40        0.6226            -nan     0.1000    0.0007
    60        0.5480            -nan     0.1000   -0.0021
    80        0.4962            -nan     0.1000   -0.0001
   100        0.4550            -nan     0.1000    0.0003
   120        0.4163            -nan     0.1000    0.0009
   140        0.3843            -nan     0.1000   -0.0004
   150        0.3729            -nan     0.1000   -0.0008

Iter   TrainDeviance   ValidDeviance   StepSize   Improve
     1        1.2165            -nan     0.1000    0.0337
     2        1.1589            -nan     0.1000    0.0256
     3        1.1141            -nan     0.1000    0.0196
     4        1.0619            -nan     0.1000    0.0243
     5        1.0169            -nan     0.1000    0.0205
     6        0.9750            -nan     0.1000    0.0182
     7        0.9437            -nan     0.1000    0.0138
     8        0.9084            -nan     0.1000    0.0174
     9        0.8781            -nan     0.1000    0.0130
    10        0.8508            -nan     0.1000    0.0113
    20        0.6871            -nan     0.1000    0.0030
    40        0.5401            -nan     0.1000    0.0002
    60        0.4642            -nan     0.1000    0.0007
    80        0.4026            -nan     0.1000   -0.0004
   100        0.3584            -nan     0.1000   -0.0011
   120        0.3185            -nan     0.1000   -0.0001
   140        0.2879            -nan     0.1000   -0.0002
   150        0.2725            -nan     0.1000   -0.0002

Iter   TrainDeviance   ValidDeviance   StepSize   Improve
     1        1.2098            -nan     0.1000    0.0242
     2        1.1718            -nan     0.1000    0.0186
     3        1.1399            -nan     0.1000    0.0149
     4        1.1143            -nan     0.1000    0.0124
     5        1.0928            -nan     0.1000    0.0108
     6        1.0747            -nan     0.1000    0.0087
     7        1.0542            -nan     0.1000    0.0088
     8        1.0435            -nan     0.1000    0.0041
     9        1.0293            -nan     0.1000    0.0044
    10        1.0149            -nan     0.1000    0.0055
    20        0.9210            -nan     0.1000    0.0030
    40        0.8111            -nan     0.1000   -0.0000
    60        0.7410            -nan     0.1000    0.0004
    80        0.6939            -nan     0.1000    0.0009
   100        0.6578            -nan     0.1000    0.0003
   120        0.6315            -nan     0.1000    0.0007
   140        0.6049            -nan     0.1000   -0.0007
   150        0.5922            -nan     0.1000   -0.0002

Iter   TrainDeviance   ValidDeviance   StepSize   Improve
     1        1.1971            -nan     0.1000    0.0278
     2        1.1532            -nan     0.1000    0.0198
     3        1.1132            -nan     0.1000    0.0189
     4        1.0788            -nan     0.1000    0.0168
     5        1.0458            -nan     0.1000    0.0154
     6        1.0201            -nan     0.1000    0.0106
     7        0.9953            -nan     0.1000    0.0097
     8        0.9691            -nan     0.1000    0.0112
     9        0.9452            -nan     0.1000    0.0089
    10        0.9301            -nan     0.1000    0.0050
    20        0.8088            -nan     0.1000    0.0023
    40        0.6737            -nan     0.1000   -0.0000
    60        0.5987            -nan     0.1000    0.0012
    80        0.5482            -nan     0.1000   -0.0003
   100        0.5060            -nan     0.1000    0.0003
   120        0.4688            -nan     0.1000    0.0001
   140        0.4410            -nan     0.1000   -0.0005
   150        0.4260            -nan     0.1000    0.0002

Iter   TrainDeviance   ValidDeviance   StepSize   Improve
     1        1.1876            -nan     0.1000    0.0333
     2        1.1287            -nan     0.1000    0.0288
     3        1.0791            -nan     0.1000    0.0191
     4        1.0375            -nan     0.1000    0.0192
     5        1.0030            -nan     0.1000    0.0153
     6        0.9759            -nan     0.1000    0.0135
     7        0.9494            -nan     0.1000    0.0112
     8        0.9198            -nan     0.1000    0.0096
     9        0.8972            -nan     0.1000    0.0077
    10        0.8787            -nan     0.1000    0.0068
    20        0.7389            -nan     0.1000    0.0045
    40        0.5860            -nan     0.1000    0.0011
    60        0.5114            -nan     0.1000    0.0003
    80        0.4575            -nan     0.1000   -0.0005
   100        0.4062            -nan     0.1000   -0.0004
   120        0.3694            -nan     0.1000   -0.0007
   140        0.3369            -nan     0.1000   -0.0010
   150        0.3216            -nan     0.1000   -0.0005

Iter   TrainDeviance   ValidDeviance   StepSize   Improve
     1        1.2188            -nan     0.1000    0.0207
     2        1.1759            -nan     0.1000    0.0183
     3        1.1435            -nan     0.1000    0.0145
     4        1.1172            -nan     0.1000    0.0125
     5        1.0984            -nan     0.1000    0.0077
     6        1.0765            -nan     0.1000    0.0088
     7        1.0571            -nan     0.1000    0.0094
     8        1.0431            -nan     0.1000    0.0074
     9        1.0265            -nan     0.1000    0.0068
    10        1.0110            -nan     0.1000    0.0056
    20        0.8992            -nan     0.1000    0.0048
    40        0.7651            -nan     0.1000    0.0008
    60        0.6823            -nan     0.1000    0.0012
    80        0.6311            -nan     0.1000   -0.0001
   100        0.5951            -nan     0.1000    0.0002
   120        0.5650            -nan     0.1000    0.0000
   140        0.5429            -nan     0.1000   -0.0001
   150        0.5287            -nan     0.1000    0.0001

Iter   TrainDeviance   ValidDeviance   StepSize   Improve
     1        1.1991            -nan     0.1000    0.0298
     2        1.1489            -nan     0.1000    0.0223
     3        1.1025            -nan     0.1000    0.0222
     4        1.0652            -nan     0.1000    0.0167
     5        1.0325            -nan     0.1000    0.0135
     6        1.0035            -nan     0.1000    0.0131
     7        0.9778            -nan     0.1000    0.0121
     8        0.9515            -nan     0.1000    0.0106
     9        0.9274            -nan     0.1000    0.0116
    10        0.9042            -nan     0.1000    0.0113
    20        0.7455            -nan     0.1000    0.0043
    40        0.6022            -nan     0.1000    0.0014
    60        0.5346            -nan     0.1000    0.0008
    80        0.4853            -nan     0.1000   -0.0003
   100        0.4402            -nan     0.1000   -0.0005
   120        0.4042            -nan     0.1000   -0.0006
   140        0.3717            -nan     0.1000    0.0003
   150        0.3618            -nan     0.1000   -0.0006

Iter   TrainDeviance   ValidDeviance   StepSize   Improve
     1        1.1915            -nan     0.1000    0.0341
     2        1.1301            -nan     0.1000    0.0275
     3        1.0760            -nan     0.1000    0.0272
     4        1.0271            -nan     0.1000    0.0212
     5        0.9864            -nan     0.1000    0.0197
     6        0.9476            -nan     0.1000    0.0166
     7        0.9121            -nan     0.1000    0.0156
     8        0.8817            -nan     0.1000    0.0135
     9        0.8522            -nan     0.1000    0.0133
    10        0.8314            -nan     0.1000    0.0083
    20        0.6643            -nan     0.1000    0.0048
    40        0.5247            -nan     0.1000   -0.0002
    60        0.4502            -nan     0.1000   -0.0007
    80        0.3973            -nan     0.1000   -0.0007
   100        0.3526            -nan     0.1000   -0.0003
   120        0.3157            -nan     0.1000   -0.0011
   140        0.2828            -nan     0.1000   -0.0001
   150        0.2699            -nan     0.1000   -0.0003

Iter   TrainDeviance   ValidDeviance   StepSize   Improve
     1        1.2445            -nan     0.1000    0.0185
     2        1.2004            -nan     0.1000    0.0186
     3        1.1682            -nan     0.1000    0.0137
     4        1.1396            -nan     0.1000    0.0136
     5        1.1194            -nan     0.1000    0.0095
     6        1.1006            -nan     0.1000    0.0072
     7        1.0791            -nan     0.1000    0.0089
     8        1.0594            -nan     0.1000    0.0085
     9        1.0422            -nan     0.1000    0.0083
    10        1.0260            -nan     0.1000    0.0064
    20        0.9122            -nan     0.1000    0.0040
    40        0.7902            -nan     0.1000    0.0009
    60        0.7164            -nan     0.1000    0.0011
    80        0.6720            -nan     0.1000    0.0002
   100        0.6303            -nan     0.1000   -0.0003
   120        0.5974            -nan     0.1000    0.0007
   140        0.5696            -nan     0.1000    0.0004
   150        0.5564            -nan     0.1000    0.0001

Iter   TrainDeviance   ValidDeviance   StepSize   Improve
     1        1.2303            -nan     0.1000    0.0223
     2        1.1797            -nan     0.1000    0.0239
     3        1.1389            -nan     0.1000    0.0184
     4        1.1021            -nan     0.1000    0.0171
     5        1.0710            -nan     0.1000    0.0127
     6        1.0432            -nan     0.1000    0.0101
     7        1.0128            -nan     0.1000    0.0144
     8        0.9821            -nan     0.1000    0.0122
     9        0.9626            -nan     0.1000    0.0074
    10        0.9456            -nan     0.1000    0.0069
    20        0.7873            -nan     0.1000    0.0042
    40        0.6394            -nan     0.1000    0.0012
    60        0.5657            -nan     0.1000    0.0002
    80        0.5099            -nan     0.1000   -0.0006
   100        0.4624            -nan     0.1000   -0.0002
   120        0.4254            -nan     0.1000   -0.0001
   140        0.3952            -nan     0.1000    0.0001
   150        0.3810            -nan     0.1000   -0.0006

Iter   TrainDeviance   ValidDeviance   StepSize   Improve
     1        1.2257            -nan     0.1000    0.0278
     2        1.1664            -nan     0.1000    0.0288
     3        1.1126            -nan     0.1000    0.0238
     4        1.0728            -nan     0.1000    0.0183
     5        1.0330            -nan     0.1000    0.0185
     6        0.9975            -nan     0.1000    0.0159
     7        0.9612            -nan     0.1000    0.0176
     8        0.9268            -nan     0.1000    0.0156
     9        0.9038            -nan     0.1000    0.0103
    10        0.8750            -nan     0.1000    0.0131
    20        0.7069            -nan     0.1000    0.0053
    40        0.5565            -nan     0.1000    0.0010
    60        0.4701            -nan     0.1000   -0.0006
    80        0.4092            -nan     0.1000   -0.0004
   100        0.3616            -nan     0.1000   -0.0002
   120        0.3242            -nan     0.1000   -0.0008
   140        0.2931            -nan     0.1000   -0.0006
   150        0.2811            -nan     0.1000   -0.0010

Iter   TrainDeviance   ValidDeviance   StepSize   Improve
     1        1.2284            -nan     0.1000    0.0225
     2        1.1855            -nan     0.1000    0.0200
     3        1.1574            -nan     0.1000    0.0137
     4        1.1326            -nan     0.1000    0.0115
     5        1.1077            -nan     0.1000    0.0123
     6        1.0852            -nan     0.1000    0.0104
     7        1.0650            -nan     0.1000    0.0095
     8        1.0473            -nan     0.1000    0.0071
     9        1.0260            -nan     0.1000    0.0098
    10        1.0089            -nan     0.1000    0.0077
    20        0.8859            -nan     0.1000    0.0031
    40        0.7495            -nan     0.1000    0.0013
    60        0.6757            -nan     0.1000    0.0007
    80        0.6198            -nan     0.1000    0.0007
   100        0.5817            -nan     0.1000    0.0002
   120        0.5542            -nan     0.1000   -0.0004
   140        0.5272            -nan     0.1000    0.0001
   150        0.5185            -nan     0.1000   -0.0002

Iter   TrainDeviance   ValidDeviance   StepSize   Improve
     1        1.2147            -nan     0.1000    0.0258
     2        1.1622            -nan     0.1000    0.0235
     3        1.1161            -nan     0.1000    0.0188
     4        1.0733            -nan     0.1000    0.0196
     5        1.0401            -nan     0.1000    0.0141
     6        1.0070            -nan     0.1000    0.0153
     7        0.9718            -nan     0.1000    0.0149
     8        0.9467            -nan     0.1000    0.0113
     9        0.9226            -nan     0.1000    0.0109
    10        0.9009            -nan     0.1000    0.0073
    20        0.7396            -nan     0.1000    0.0052
    40        0.5948            -nan     0.1000    0.0003
    60        0.5176            -nan     0.1000    0.0008
    80        0.4713            -nan     0.1000    0.0004
   100        0.4260            -nan     0.1000   -0.0008
   120        0.3927            -nan     0.1000    0.0001
   140        0.3660            -nan     0.1000   -0.0005
   150        0.3563            -nan     0.1000   -0.0009

Iter   TrainDeviance   ValidDeviance   StepSize   Improve
     1        1.2055            -nan     0.1000    0.0292
     2        1.1444            -nan     0.1000    0.0307
     3        1.0956            -nan     0.1000    0.0232
     4        1.0373            -nan     0.1000    0.0280
     5        1.0005            -nan     0.1000    0.0158
     6        0.9536            -nan     0.1000    0.0177
     7        0.9273            -nan     0.1000    0.0094
     8        0.8969            -nan     0.1000    0.0133
     9        0.8708            -nan     0.1000    0.0112
    10        0.8439            -nan     0.1000    0.0109
    20        0.6607            -nan     0.1000    0.0038
    40        0.5159            -nan     0.1000    0.0012
    60        0.4472            -nan     0.1000   -0.0004
    80        0.3883            -nan     0.1000   -0.0006
   100        0.3436            -nan     0.1000    0.0002
   120        0.3064            -nan     0.1000   -0.0003
   140        0.2782            -nan     0.1000   -0.0006
   150        0.2659            -nan     0.1000   -0.0010

Iter   TrainDeviance   ValidDeviance   StepSize   Improve
     1        1.2400            -nan     0.1000    0.0224
     2        1.1997            -nan     0.1000    0.0196
     3        1.1627            -nan     0.1000    0.0178
     4        1.1320            -nan     0.1000    0.0148
     5        1.1024            -nan     0.1000    0.0122
     6        1.0779            -nan     0.1000    0.0116
     7        1.0571            -nan     0.1000    0.0086
     8        1.0316            -nan     0.1000    0.0119
     9        1.0152            -nan     0.1000    0.0076
    10        0.9971            -nan     0.1000    0.0058
    20        0.8634            -nan     0.1000    0.0050
    40        0.7285            -nan     0.1000    0.0011
    60        0.6541            -nan     0.1000    0.0008
    80        0.6012            -nan     0.1000    0.0010
   100        0.5705            -nan     0.1000    0.0002
   120        0.5405            -nan     0.1000    0.0000
   140        0.5181            -nan     0.1000    0.0003
   150        0.5073            -nan     0.1000   -0.0003

Iter   TrainDeviance   ValidDeviance   StepSize   Improve
     1        1.2299            -nan     0.1000    0.0283
     2        1.1805            -nan     0.1000    0.0255
     3        1.1346            -nan     0.1000    0.0204
     4        1.0893            -nan     0.1000    0.0212
     5        1.0422            -nan     0.1000    0.0201
     6        1.0096            -nan     0.1000    0.0150
     7        0.9827            -nan     0.1000    0.0114
     8        0.9563            -nan     0.1000    0.0131
     9        0.9251            -nan     0.1000    0.0153
    10        0.9018            -nan     0.1000    0.0093
    20        0.7280            -nan     0.1000    0.0050
    40        0.5803            -nan     0.1000    0.0014
    60        0.5060            -nan     0.1000    0.0000
    80        0.4576            -nan     0.1000   -0.0002
   100        0.4207            -nan     0.1000    0.0001
   120        0.3890            -nan     0.1000    0.0001
   140        0.3625            -nan     0.1000   -0.0006
   150        0.3519            -nan     0.1000    0.0000

Iter   TrainDeviance   ValidDeviance   StepSize   Improve
     1        1.2229            -nan     0.1000    0.0338
     2        1.1549            -nan     0.1000    0.0297
     3        1.0933            -nan     0.1000    0.0281
     4        1.0498            -nan     0.1000    0.0221
     5        0.9958            -nan     0.1000    0.0243
     6        0.9631            -nan     0.1000    0.0139
     7        0.9200            -nan     0.1000    0.0184
     8        0.8915            -nan     0.1000    0.0111
     9        0.8669            -nan     0.1000    0.0099
    10        0.8427            -nan     0.1000    0.0095
    20        0.6507            -nan     0.1000    0.0048
    40        0.4989            -nan     0.1000    0.0019
    60        0.4232            -nan     0.1000    0.0005
    80        0.3643            -nan     0.1000    0.0000
   100        0.3215            -nan     0.1000   -0.0003
   120        0.2910            -nan     0.1000   -0.0010
   140        0.2577            -nan     0.1000   -0.0001
   150        0.2459            -nan     0.1000   -0.0003

Iter   TrainDeviance   ValidDeviance   StepSize   Improve
     1        1.2401            -nan     0.1000    0.0214
     2        1.2058            -nan     0.1000    0.0164
     3        1.1744            -nan     0.1000    0.0152
     4        1.1474            -nan     0.1000    0.0121
     5        1.1232            -nan     0.1000    0.0104
     6        1.1034            -nan     0.1000    0.0096
     7        1.0824            -nan     0.1000    0.0090
     8        1.0636            -nan     0.1000    0.0071
     9        1.0484            -nan     0.1000    0.0065
    10        1.0358            -nan     0.1000    0.0053
    20        0.9237            -nan     0.1000    0.0024
    40        0.8034            -nan     0.1000    0.0009
    60        0.7261            -nan     0.1000    0.0017
    80        0.6790            -nan     0.1000    0.0002
   100        0.6366            -nan     0.1000    0.0001
   120        0.6040            -nan     0.1000   -0.0001
   140        0.5765            -nan     0.1000   -0.0001
   150        0.5636            -nan     0.1000   -0.0000

Iter   TrainDeviance   ValidDeviance   StepSize   Improve
     1        1.2228            -nan     0.1000    0.0300
     2        1.1739            -nan     0.1000    0.0233
     3        1.1359            -nan     0.1000    0.0173
     4        1.0986            -nan     0.1000    0.0163
     5        1.0662            -nan     0.1000    0.0155
     6        1.0362            -nan     0.1000    0.0146
     7        1.0155            -nan     0.1000    0.0074
     8        0.9911            -nan     0.1000    0.0121
     9        0.9661            -nan     0.1000    0.0108
    10        0.9469            -nan     0.1000    0.0076
    20        0.7916            -nan     0.1000    0.0035
    40        0.6496            -nan     0.1000    0.0001
    60        0.5760            -nan     0.1000    0.0003
    80        0.5155            -nan     0.1000    0.0003
   100        0.4757            -nan     0.1000   -0.0000
   120        0.4387            -nan     0.1000   -0.0006
   140        0.4066            -nan     0.1000    0.0001
   150        0.3919            -nan     0.1000    0.0000

Iter   TrainDeviance   ValidDeviance   StepSize   Improve
     1        1.2137            -nan     0.1000    0.0345
     2        1.1590            -nan     0.1000    0.0249
     3        1.1072            -nan     0.1000    0.0231
     4        1.0662            -nan     0.1000    0.0169
     5        1.0297            -nan     0.1000    0.0175
     6        0.9984            -nan     0.1000    0.0129
     7        0.9700            -nan     0.1000    0.0114
     8        0.9388            -nan     0.1000    0.0152
     9        0.9180            -nan     0.1000    0.0068
    10        0.8912            -nan     0.1000    0.0112
    20        0.7203            -nan     0.1000    0.0041
    40        0.5671            -nan     0.1000   -0.0001
    60        0.4832            -nan     0.1000    0.0007
    80        0.4248            -nan     0.1000   -0.0004
   100        0.3769            -nan     0.1000   -0.0008
   120        0.3363            -nan     0.1000   -0.0006
   140        0.3014            -nan     0.1000   -0.0002
   150        0.2868            -nan     0.1000   -0.0002

Iter   TrainDeviance   ValidDeviance   StepSize   Improve
     1        1.2292            -nan     0.1000    0.0257
     2        1.1852            -nan     0.1000    0.0207
     3        1.1471            -nan     0.1000    0.0156
     4        1.1193            -nan     0.1000    0.0141
     5        1.0941            -nan     0.1000    0.0112
     6        1.0753            -nan     0.1000    0.0067
     7        1.0539            -nan     0.1000    0.0085
     8        1.0342            -nan     0.1000    0.0085
     9        1.0198            -nan     0.1000    0.0061
    10        1.0029            -nan     0.1000    0.0077
    20        0.8764            -nan     0.1000    0.0042
    40        0.7433            -nan     0.1000    0.0024
    60        0.6697            -nan     0.1000    0.0008
    80        0.6267            -nan     0.1000    0.0005
   100        0.5882            -nan     0.1000    0.0003
   120        0.5573            -nan     0.1000   -0.0003
   140        0.5317            -nan     0.1000    0.0001
   150        0.5230            -nan     0.1000   -0.0002

Iter   TrainDeviance   ValidDeviance   StepSize   Improve
     1        1.2187            -nan     0.1000    0.0300
     2        1.1603            -nan     0.1000    0.0282
     3        1.1159            -nan     0.1000    0.0210
     4        1.0778            -nan     0.1000    0.0170
     5        1.0438            -nan     0.1000    0.0160
     6        1.0124            -nan     0.1000    0.0128
     7        0.9836            -nan     0.1000    0.0134
     8        0.9547            -nan     0.1000    0.0123
     9        0.9317            -nan     0.1000    0.0090
    10        0.9052            -nan     0.1000    0.0126
    20        0.7519            -nan     0.1000    0.0024
    40        0.6019            -nan     0.1000    0.0013
    60        0.5337            -nan     0.1000   -0.0006
    80        0.4789            -nan     0.1000   -0.0001
   100        0.4406            -nan     0.1000   -0.0001
   120        0.4155            -nan     0.1000   -0.0009
   140        0.3867            -nan     0.1000    0.0004
   150        0.3745            -nan     0.1000    0.0001

Iter   TrainDeviance   ValidDeviance   StepSize   Improve
     1        1.2094            -nan     0.1000    0.0369
     2        1.1473            -nan     0.1000    0.0296
     3        1.0921            -nan     0.1000    0.0232
     4        1.0500            -nan     0.1000    0.0205
     5        1.0148            -nan     0.1000    0.0158
     6        0.9819            -nan     0.1000    0.0148
     7        0.9409            -nan     0.1000    0.0181
     8        0.9136            -nan     0.1000    0.0102
     9        0.8824            -nan     0.1000    0.0132
    10        0.8507            -nan     0.1000    0.0137
    20        0.6853            -nan     0.1000    0.0059
    40        0.5386            -nan     0.1000    0.0007
    60        0.4621            -nan     0.1000    0.0008
    80        0.4039            -nan     0.1000    0.0006
   100        0.3545            -nan     0.1000   -0.0000
   120        0.3178            -nan     0.1000   -0.0002
   140        0.2881            -nan     0.1000   -0.0008
   150        0.2725            -nan     0.1000   -0.0001

Iter   TrainDeviance   ValidDeviance   StepSize   Improve
     1        1.2394            -nan     0.1000    0.0201
     2        1.2009            -nan     0.1000    0.0174
     3        1.1690            -nan     0.1000    0.0151
     4        1.1431            -nan     0.1000    0.0112
     5        1.1180            -nan     0.1000    0.0112
     6        1.0989            -nan     0.1000    0.0090
     7        1.0787            -nan     0.1000    0.0106
     8        1.0603            -nan     0.1000    0.0087
     9        1.0461            -nan     0.1000    0.0047
    10        1.0298            -nan     0.1000    0.0068
    20        0.9222            -nan     0.1000    0.0044
    40        0.7910            -nan     0.1000    0.0022
    60        0.7179            -nan     0.1000    0.0008
    80        0.6732            -nan     0.1000   -0.0001
   100        0.6340            -nan     0.1000    0.0005
   120        0.6056            -nan     0.1000   -0.0010
   140        0.5780            -nan     0.1000    0.0003
   150        0.5660            -nan     0.1000   -0.0002

Iter   TrainDeviance   ValidDeviance   StepSize   Improve
     1        1.2268            -nan     0.1000    0.0255
     2        1.1762            -nan     0.1000    0.0241
     3        1.1357            -nan     0.1000    0.0201
     4        1.0946            -nan     0.1000    0.0187
     5        1.0669            -nan     0.1000    0.0120
     6        1.0433            -nan     0.1000    0.0095
     7        1.0115            -nan     0.1000    0.0147
     8        0.9879            -nan     0.1000    0.0096
     9        0.9614            -nan     0.1000    0.0118
    10        0.9358            -nan     0.1000    0.0109
    20        0.7938            -nan     0.1000    0.0045
    40        0.6498            -nan     0.1000    0.0014
    60        0.5752            -nan     0.1000   -0.0001
    80        0.5190            -nan     0.1000    0.0006
   100        0.4768            -nan     0.1000   -0.0010
   120        0.4455            -nan     0.1000   -0.0008
   140        0.4123            -nan     0.1000   -0.0004
   150        0.4010            -nan     0.1000   -0.0013

Iter   TrainDeviance   ValidDeviance   StepSize   Improve
     1        1.2208            -nan     0.1000    0.0271
     2        1.1502            -nan     0.1000    0.0338
     3        1.1056            -nan     0.1000    0.0212
     4        1.0507            -nan     0.1000    0.0234
     5        1.0174            -nan     0.1000    0.0135
     6        0.9835            -nan     0.1000    0.0155
     7        0.9509            -nan     0.1000    0.0158
     8        0.9243            -nan     0.1000    0.0100
     9        0.9016            -nan     0.1000    0.0085
    10        0.8733            -nan     0.1000    0.0111
    20        0.7208            -nan     0.1000    0.0035
    40        0.5729            -nan     0.1000    0.0012
    60        0.4869            -nan     0.1000    0.0009
    80        0.4242            -nan     0.1000   -0.0005
   100        0.3790            -nan     0.1000   -0.0001
   120        0.3436            -nan     0.1000   -0.0005
   140        0.3080            -nan     0.1000   -0.0010
   150        0.2923            -nan     0.1000    0.0001

Iter   TrainDeviance   ValidDeviance   StepSize   Improve
     1        1.2462            -nan     0.1000    0.0216
     2        1.2098            -nan     0.1000    0.0183
     3        1.1736            -nan     0.1000    0.0157
     4        1.1477            -nan     0.1000    0.0136
     5        1.1263            -nan     0.1000    0.0108
     6        1.1074            -nan     0.1000    0.0091
     7        1.0866            -nan     0.1000    0.0096
     8        1.0725            -nan     0.1000    0.0045
     9        1.0546            -nan     0.1000    0.0076
    10        1.0416            -nan     0.1000    0.0049
    20        0.9312            -nan     0.1000    0.0031
    40        0.7984            -nan     0.1000    0.0020
    60        0.7237            -nan     0.1000    0.0013
    80        0.6673            -nan     0.1000    0.0013
   100        0.6253            -nan     0.1000    0.0002
   120        0.5921            -nan     0.1000   -0.0002
   140        0.5623            -nan     0.1000   -0.0002
   150        0.5485            -nan     0.1000    0.0002

Iter   TrainDeviance   ValidDeviance   StepSize   Improve
     1        1.2327            -nan     0.1000    0.0255
     2        1.1812            -nan     0.1000    0.0226
     3        1.1327            -nan     0.1000    0.0230
     4        1.0927            -nan     0.1000    0.0193
     5        1.0644            -nan     0.1000    0.0140
     6        1.0358            -nan     0.1000    0.0121
     7        1.0125            -nan     0.1000    0.0104
     8        0.9805            -nan     0.1000    0.0140
     9        0.9565            -nan     0.1000    0.0084
    10        0.9346            -nan     0.1000    0.0086
    20        0.7864            -nan     0.1000    0.0039
    40        0.6408            -nan     0.1000    0.0022
    60        0.5680            -nan     0.1000    0.0004
    80        0.5105            -nan     0.1000    0.0009
   100        0.4664            -nan     0.1000    0.0008
   120        0.4300            -nan     0.1000    0.0005
   140        0.3979            -nan     0.1000   -0.0002
   150        0.3837            -nan     0.1000   -0.0007

Iter   TrainDeviance   ValidDeviance   StepSize   Improve
     1        1.2250            -nan     0.1000    0.0315
     2        1.1625            -nan     0.1000    0.0316
     3        1.1087            -nan     0.1000    0.0251
     4        1.0690            -nan     0.1000    0.0160
     5        1.0261            -nan     0.1000    0.0174
     6        0.9914            -nan     0.1000    0.0148
     7        0.9591            -nan     0.1000    0.0132
     8        0.9293            -nan     0.1000    0.0131
     9        0.9014            -nan     0.1000    0.0116
    10        0.8791            -nan     0.1000    0.0094
    20        0.7065            -nan     0.1000    0.0043
    40        0.5621            -nan     0.1000    0.0007
    60        0.4784            -nan     0.1000    0.0004
    80        0.4204            -nan     0.1000    0.0002
   100        0.3705            -nan     0.1000   -0.0000
   120        0.3319            -nan     0.1000    0.0001
   140        0.2972            -nan     0.1000    0.0000
   150        0.2812            -nan     0.1000   -0.0000

Iter   TrainDeviance   ValidDeviance   StepSize   Improve
     1        1.1785            -nan     0.1000    0.0216
     2        1.1472            -nan     0.1000    0.0173
     3        1.1162            -nan     0.1000    0.0113
     4        1.0929            -nan     0.1000    0.0122
     5        1.0705            -nan     0.1000    0.0095
     6        1.0497            -nan     0.1000    0.0112
     7        1.0312            -nan     0.1000    0.0095
     8        1.0152            -nan     0.1000    0.0058
     9        1.0034            -nan     0.1000    0.0047
    10        0.9923            -nan     0.1000    0.0042
    20        0.8886            -nan     0.1000    0.0021
    40        0.7772            -nan     0.1000    0.0008
    60        0.7115            -nan     0.1000    0.0002
    80        0.6611            -nan     0.1000    0.0004
   100        0.6284            -nan     0.1000    0.0003
   120        0.5972            -nan     0.1000    0.0003
   140        0.5732            -nan     0.1000   -0.0005
   150        0.5650            -nan     0.1000   -0.0002

Iter   TrainDeviance   ValidDeviance   StepSize   Improve
     1        1.1699            -nan     0.1000    0.0248
     2        1.1321            -nan     0.1000    0.0149
     3        1.0932            -nan     0.1000    0.0175
     4        1.0590            -nan     0.1000    0.0155
     5        1.0260            -nan     0.1000    0.0165
     6        1.0001            -nan     0.1000    0.0125
     7        0.9762            -nan     0.1000    0.0110
     8        0.9506            -nan     0.1000    0.0104
     9        0.9317            -nan     0.1000    0.0090
    10        0.9093            -nan     0.1000    0.0098
    20        0.7714            -nan     0.1000    0.0055
    40        0.6362            -nan     0.1000    0.0022
    60        0.5651            -nan     0.1000    0.0000
    80        0.5097            -nan     0.1000    0.0007
   100        0.4718            -nan     0.1000   -0.0002
   120        0.4324            -nan     0.1000   -0.0004
   140        0.3967            -nan     0.1000    0.0002
   150        0.3824            -nan     0.1000   -0.0002

Iter   TrainDeviance   ValidDeviance   StepSize   Improve
     1        1.1646            -nan     0.1000    0.0269
     2        1.1148            -nan     0.1000    0.0245
     3        1.0608            -nan     0.1000    0.0222
     4        1.0236            -nan     0.1000    0.0165
     5        0.9878            -nan     0.1000    0.0167
     6        0.9615            -nan     0.1000    0.0096
     7        0.9291            -nan     0.1000    0.0136
     8        0.9048            -nan     0.1000    0.0103
     9        0.8737            -nan     0.1000    0.0145
    10        0.8497            -nan     0.1000    0.0113
    20        0.6939            -nan     0.1000    0.0062
    40        0.5577            -nan     0.1000    0.0005
    60        0.4748            -nan     0.1000    0.0006
    80        0.4175            -nan     0.1000    0.0003
   100        0.3624            -nan     0.1000    0.0001
   120        0.3236            -nan     0.1000   -0.0003
   140        0.2953            -nan     0.1000   -0.0003
   150        0.2815            -nan     0.1000   -0.0003

Iter   TrainDeviance   ValidDeviance   StepSize   Improve
     1        1.1931            -nan     0.1000    0.0202
     2        1.1586            -nan     0.1000    0.0172
     3        1.1295            -nan     0.1000    0.0150
     4        1.1044            -nan     0.1000    0.0116
     5        1.0814            -nan     0.1000    0.0119
     6        1.0618            -nan     0.1000    0.0076
     7        1.0454            -nan     0.1000    0.0079
     8        1.0290            -nan     0.1000    0.0070
     9        1.0121            -nan     0.1000    0.0081
    10        0.9977            -nan     0.1000    0.0066
    20        0.8908            -nan     0.1000    0.0052
    40        0.7764            -nan     0.1000    0.0006
    60        0.7034            -nan     0.1000    0.0008
    80        0.6481            -nan     0.1000    0.0002
   100        0.6096            -nan     0.1000   -0.0005
   120        0.5784            -nan     0.1000   -0.0004
   140        0.5516            -nan     0.1000   -0.0002
   150        0.5390            -nan     0.1000   -0.0000

Iter   TrainDeviance   ValidDeviance   StepSize   Improve
     1        1.1823            -nan     0.1000    0.0253
     2        1.1323            -nan     0.1000    0.0211
     3        1.0852            -nan     0.1000    0.0209
     4        1.0501            -nan     0.1000    0.0158
     5        1.0170            -nan     0.1000    0.0151
     6        0.9869            -nan     0.1000    0.0116
     7        0.9657            -nan     0.1000    0.0087
     8        0.9406            -nan     0.1000    0.0110
     9        0.9231            -nan     0.1000    0.0072
    10        0.9048            -nan     0.1000    0.0073
    20        0.7664            -nan     0.1000    0.0023
    40        0.6285            -nan     0.1000    0.0013
    60        0.5518            -nan     0.1000    0.0010
    80        0.4888            -nan     0.1000   -0.0008
   100        0.4475            -nan     0.1000   -0.0005
   120        0.4122            -nan     0.1000   -0.0016
   140        0.3791            -nan     0.1000   -0.0002
   150        0.3677            -nan     0.1000   -0.0000

Iter   TrainDeviance   ValidDeviance   StepSize   Improve
     1        1.1806            -nan     0.1000    0.0274
     2        1.1236            -nan     0.1000    0.0272
     3        1.0707            -nan     0.1000    0.0224
     4        1.0289            -nan     0.1000    0.0169
     5        0.9819            -nan     0.1000    0.0188
     6        0.9493            -nan     0.1000    0.0142
     7        0.9197            -nan     0.1000    0.0129
     8        0.8928            -nan     0.1000    0.0117
     9        0.8652            -nan     0.1000    0.0123
    10        0.8363            -nan     0.1000    0.0131
    20        0.6766            -nan     0.1000    0.0044
    40        0.5335            -nan     0.1000    0.0015
    60        0.4531            -nan     0.1000    0.0001
    80        0.3907            -nan     0.1000    0.0005
   100        0.3472            -nan     0.1000   -0.0000
   120        0.3048            -nan     0.1000    0.0000
   140        0.2759            -nan     0.1000   -0.0006
   150        0.2626            -nan     0.1000   -0.0001

Iter   TrainDeviance   ValidDeviance   StepSize   Improve
     1        1.2289            -nan     0.1000    0.0253
     2        1.1830            -nan     0.1000    0.0195
     3        1.1478            -nan     0.1000    0.0180
     4        1.1165            -nan     0.1000    0.0137
     5        1.0909            -nan     0.1000    0.0122
     6        1.0704            -nan     0.1000    0.0082
     7        1.0498            -nan     0.1000    0.0094
     8        1.0312            -nan     0.1000    0.0079
     9        1.0159            -nan     0.1000    0.0064
    10        1.0005            -nan     0.1000    0.0065
    20        0.8918            -nan     0.1000    0.0038
    40        0.7706            -nan     0.1000    0.0008
    60        0.6958            -nan     0.1000    0.0007
    80        0.6475            -nan     0.1000    0.0015
   100        0.6112            -nan     0.1000    0.0002
   120        0.5779            -nan     0.1000    0.0001
   140        0.5526            -nan     0.1000    0.0001
   150        0.5415            -nan     0.1000   -0.0000

Iter   TrainDeviance   ValidDeviance   StepSize   Improve
     1        1.2131            -nan     0.1000    0.0300
     2        1.1603            -nan     0.1000    0.0238
     3        1.1162            -nan     0.1000    0.0200
     4        1.0784            -nan     0.1000    0.0161
     5        1.0409            -nan     0.1000    0.0194
     6        1.0082            -nan     0.1000    0.0158
     7        0.9820            -nan     0.1000    0.0102
     8        0.9597            -nan     0.1000    0.0105
     9        0.9396            -nan     0.1000    0.0071
    10        0.9189            -nan     0.1000    0.0081
    20        0.7722            -nan     0.1000    0.0042
    40        0.6304            -nan     0.1000    0.0010
    60        0.5537            -nan     0.1000   -0.0001
    80        0.4987            -nan     0.1000    0.0006
   100        0.4545            -nan     0.1000   -0.0001
   120        0.4182            -nan     0.1000   -0.0001
   140        0.3891            -nan     0.1000   -0.0006
   150        0.3747            -nan     0.1000    0.0007

Iter   TrainDeviance   ValidDeviance   StepSize   Improve
     1        1.2122            -nan     0.1000    0.0312
     2        1.1487            -nan     0.1000    0.0297
     3        1.0924            -nan     0.1000    0.0266
     4        1.0490            -nan     0.1000    0.0212
     5        1.0130            -nan     0.1000    0.0169
     6        0.9716            -nan     0.1000    0.0202
     7        0.9400            -nan     0.1000    0.0131
     8        0.9117            -nan     0.1000    0.0125
     9        0.8866            -nan     0.1000    0.0095
    10        0.8582            -nan     0.1000    0.0109
    20        0.6947            -nan     0.1000    0.0048
    40        0.5447            -nan     0.1000   -0.0013
    60        0.4616            -nan     0.1000    0.0004
    80        0.3987            -nan     0.1000    0.0006
   100        0.3546            -nan     0.1000    0.0006
   120        0.3165            -nan     0.1000   -0.0006
   140        0.2846            -nan     0.1000   -0.0003
   150        0.2712            -nan     0.1000    0.0002

Iter   TrainDeviance   ValidDeviance   StepSize   Improve
     1        1.2143            -nan     0.1000    0.0307
     2        1.1635            -nan     0.1000    0.0241
     3        1.1141            -nan     0.1000    0.0231
     4        1.0728            -nan     0.1000    0.0172
     5        1.0346            -nan     0.1000    0.0148
     6        0.9986            -nan     0.1000    0.0162
     7        0.9660            -nan     0.1000    0.0146
     8        0.9361            -nan     0.1000    0.0141
     9        0.9175            -nan     0.1000    0.0068
    10        0.8916            -nan     0.1000    0.0115
    20        0.7391            -nan     0.1000    0.0042
    40        0.5995            -nan     0.1000    0.0005
    60        0.5319            -nan     0.1000    0.0001
    80        0.4850            -nan     0.1000    0.0003
   100        0.4447            -nan     0.1000   -0.0009
   120        0.4095            -nan     0.1000   -0.0002
   140        0.3828            -nan     0.1000   -0.0001
   150        0.3699            -nan     0.1000   -0.0010

TRAINING SUCCESSFUL
The most important attribute: V36 (for technique: gbm)
________________
Dataset: qsar-biodeg 
Technique: gcvEarth 
Probability table:

        1         2 
0.6625592 0.3374408 
BEGIN TRAINING
TRAINING SUCCESSFUL
The most important attribute: V38 (for technique: gcvEarth)
________________
Dataset: qsar-biodeg 
Technique: JRip 
Probability table:

        1         2 
0.6625592 0.3374408 
BEGIN TRAINING
TRAINING SUCCESSFUL
The most important attribute: V36 (for technique: JRip)
________________
Dataset: qsar-biodeg 
Technique: lvq 
Probability table:

        1         2 
0.6625592 0.3374408 
BEGIN TRAINING
TRAINING SUCCESSFUL
The most important attribute: V25 (for technique: lvq)
________________
Dataset: qsar-biodeg 
Technique: mlpML 
Probability table:

        1         2 
0.6625592 0.3374408 
BEGIN TRAINING
TRAINING SUCCESSFUL
The most important attribute: V13 (for technique: mlpML)
________________
Dataset: qsar-biodeg 
Technique: multinom 
Probability table:

        1         2 
0.6625592 0.3374408 
BEGIN TRAINING
# weights:  43 (42 variable)
initial  value 731.270275 
iter  10 value 369.002381
iter  20 value 305.817903
iter  30 value 300.129800
iter  40 value 297.826693
iter  50 value 297.245256
iter  60 value 297.207895
iter  70 value 297.207165
iter  70 value 297.207163
iter  70 value 297.207163
final  value 297.207163 
converged
TRAINING SUCCESSFUL
The most important attribute: V7 (for technique: multinom)
________________
Dataset: qsar-biodeg 
Technique: naive_bayes 
Probability table:

        1         2 
0.6625592 0.3374408 
BEGIN TRAINING
TRAINING SUCCESSFUL
The most important attribute: V20 (for technique: naive_bayes)
________________
Dataset: qsar-biodeg 
Technique: PART 
Probability table:

        1         2 
0.6625592 0.3374408 
BEGIN TRAINING
TRAINING SUCCESSFUL
The most important attribute: V38 (for technique: PART)
________________
Dataset: qsar-biodeg 
Technique: rbfDDA 
Probability table:

        1         2 
0.6625592 0.3374408 
BEGIN TRAINING
TRAINING SUCCESSFUL
The most important attribute: V13 (for technique: rbfDDA)
________________
Dataset: qsar-biodeg 
Technique: rda 
Probability table:

        1         2 
0.6625592 0.3374408 
BEGIN TRAINING
TRAINING SUCCESSFUL
The most important attribute: V39 (for technique: rda)
________________
Dataset: qsar-biodeg 
Technique: rf 
Probability table:

        1         2 
0.6625592 0.3374408 
BEGIN TRAINING
TRAINING SUCCESSFUL
The most important attribute: V36 (for technique: rf)
________________
Dataset: qsar-biodeg 
Technique: rpart 
Probability table:

        1         2 
0.6625592 0.3374408 
BEGIN TRAINING
TRAINING SUCCESSFUL
The most important attribute: V36 (for technique: rpart)
________________
Dataset: qsar-biodeg 
Technique: simpls 
Probability table:

        1         2 
0.6625592 0.3374408 
BEGIN TRAINING
TRAINING SUCCESSFUL
The most important attribute: V14 (for technique: simpls)
________________
Dataset: qsar-biodeg 
Technique: svmLinear 
Probability table:

        1         2 
0.6625592 0.3374408 
BEGIN TRAINING
TRAINING SUCCESSFUL
The most important attribute: V13 (for technique: svmLinear)
________________
Dataset: qsar-biodeg 
Technique: svmRadial 
Probability table:

        1         2 
0.6625592 0.3374408 
BEGIN TRAINING
TRAINING SUCCESSFUL
The most important attribute: V8 (for technique: svmRadial)
________________
Dataset: qsar-biodeg 
Technique: rfRules 
Probability table:

        1         2 
0.6625592 0.3374408 
BEGIN TRAINING
Registered S3 method overwritten by 'RRF':
  method      from        
  plot.margin randomForest
1981 rules (length<=2) were extracted from the first 500 trees.
3975 rules (length<=3) were extracted from the first 500 trees.
7144 rules (length<=4) were extracted from the first 500 trees.
1992 rules (length<=2) were extracted from the first 500 trees.
3987 rules (length<=3) were extracted from the first 500 trees.
7445 rules (length<=4) were extracted from the first 500 trees.
1980 rules (length<=2) were extracted from the first 500 trees.
3985 rules (length<=3) were extracted from the first 500 trees.
7387 rules (length<=4) were extracted from the first 500 trees.
1982 rules (length<=2) were extracted from the first 500 trees.
3982 rules (length<=3) were extracted from the first 500 trees.
7292 rules (length<=4) were extracted from the first 500 trees.
1985 rules (length<=2) were extracted from the first 500 trees.
3994 rules (length<=3) were extracted from the first 500 trees.
7399 rules (length<=4) were extracted from the first 500 trees.
1984 rules (length<=2) were extracted from the first 500 trees.
3942 rules (length<=3) were extracted from the first 500 trees.
6811 rules (length<=4) were extracted from the first 500 trees.
1979 rules (length<=2) were extracted from the first 500 trees.
3986 rules (length<=3) were extracted from the first 500 trees.
7388 rules (length<=4) were extracted from the first 500 trees.
1971 rules (length<=2) were extracted from the first 500 trees.
3990 rules (length<=3) were extracted from the first 500 trees.
7073 rules (length<=4) were extracted from the first 500 trees.
1984 rules (length<=2) were extracted from the first 500 trees.
3968 rules (length<=3) were extracted from the first 500 trees.
7123 rules (length<=4) were extracted from the first 500 trees.
1987 rules (length<=2) were extracted from the first 500 trees.
3963 rules (length<=3) were extracted from the first 500 trees.
7122 rules (length<=4) were extracted from the first 500 trees.
1990 rules (length<=2) were extracted from the first 500 trees.
3990 rules (length<=3) were extracted from the first 500 trees.
7428 rules (length<=4) were extracted from the first 500 trees.
1971 rules (length<=2) were extracted from the first 500 trees.
3987 rules (length<=3) were extracted from the first 500 trees.
7020 rules (length<=4) were extracted from the first 500 trees.
1967 rules (length<=2) were extracted from the first 500 trees.
3958 rules (length<=3) were extracted from the first 500 trees.
6999 rules (length<=4) were extracted from the first 500 trees.
1984 rules (length<=2) were extracted from the first 500 trees.
3973 rules (length<=3) were extracted from the first 500 trees.
7038 rules (length<=4) were extracted from the first 500 trees.
1990 rules (length<=2) were extracted from the first 500 trees.
3987 rules (length<=3) were extracted from the first 500 trees.
7408 rules (length<=4) were extracted from the first 500 trees.
1984 rules (length<=2) were extracted from the first 500 trees.
3972 rules (length<=3) were extracted from the first 500 trees.
6887 rules (length<=4) were extracted from the first 500 trees.
1993 rules (length<=2) were extracted from the first 500 trees.
3989 rules (length<=3) were extracted from the first 500 trees.
7537 rules (length<=4) were extracted from the first 500 trees.
1977 rules (length<=2) were extracted from the first 500 trees.
3979 rules (length<=3) were extracted from the first 500 trees.
7366 rules (length<=4) were extracted from the first 500 trees.
1989 rules (length<=2) were extracted from the first 500 trees.
3988 rules (length<=3) were extracted from the first 500 trees.
7367 rules (length<=4) were extracted from the first 500 trees.
1986 rules (length<=2) were extracted from the first 500 trees.
3969 rules (length<=3) were extracted from the first 500 trees.
7016 rules (length<=4) were extracted from the first 500 trees.
1986 rules (length<=2) were extracted from the first 500 trees.
3974 rules (length<=3) were extracted from the first 500 trees.
7115 rules (length<=4) were extracted from the first 500 trees.
1981 rules (length<=2) were extracted from the first 500 trees.
3988 rules (length<=3) were extracted from the first 500 trees.
7368 rules (length<=4) were extracted from the first 500 trees.
1983 rules (length<=2) were extracted from the first 500 trees.
3934 rules (length<=3) were extracted from the first 500 trees.
7019 rules (length<=4) were extracted from the first 500 trees.
1978 rules (length<=2) were extracted from the first 500 trees.
3975 rules (length<=3) were extracted from the first 500 trees.
7018 rules (length<=4) were extracted from the first 500 trees.
1981 rules (length<=2) were extracted from the first 500 trees.
3960 rules (length<=3) were extracted from the first 500 trees.
6999 rules (length<=4) were extracted from the first 500 trees.
7407 rules (length<=4) were extracted from the first 500 trees.
TRAINING SUCCESSFUL
The most important attribute: V36 (for technique: rfRules)
________________
Dataset: qsar-biodeg 
Technique: knn 
Probability table:

        1         2 
0.6625592 0.3374408 
BEGIN TRAINING
TRAINING SUCCESSFUL
The most important attribute: V20 (for technique: knn)
________________
Dataset: qsar-biodeg 
Technique: bayesglm 
Probability table:

        1         2 
0.6625592 0.3374408 
BEGIN TRAINING
TRAINING SUCCESSFUL
The most important attribute: V7 (for technique: bayesglm)
________________
Most important attribute obtained with all techniques
----------------
There were 50 or more warnings (use warnings() to see the first 50)
****************
RESULTS RECORDED
****************
