Current working directory: /home/chris/github/kappa-threshold 
parameters.csv exists: TRUE 
parameters.csv absolute path: /home/chris/github/kappa-threshold/data/files/parameters.csv 
Dataset: tic-tac-toe 
Technique: C5.0 
Probability table:

 negative  positive 
0.3465553 0.6534447 
BEGIN TRAINING
TRAINING SUCCESSFUL
The most important attribute: middle_middle_square (for technique: C5.0)
________________
Dataset: tic-tac-toe 
Technique: ctree 
Probability table:

 negative  positive 
0.3465553 0.6534447 
BEGIN TRAINING
TRAINING SUCCESSFUL
The most important attribute: middle_middle_square (for technique: ctree)
________________
Dataset: tic-tac-toe 
Technique: fda 
Probability table:

 negative  positive 
0.3465553 0.6534447 
BEGIN TRAINING
TRAINING SUCCESSFUL
The most important attribute: middle_middle_square (for technique: fda)
________________
Dataset: tic-tac-toe 
Technique: gbm 
Probability table:

 negative  positive 
0.3465553 0.6534447 
BEGIN TRAINING
Iter   TrainDeviance   ValidDeviance   StepSize   Improve
     1        1.2212            -nan     0.1000    0.0125
     2        1.2029            -nan     0.1000    0.0100
     3        1.1860            -nan     0.1000    0.0082
     4        1.1726            -nan     0.1000    0.0065
     5        1.1627            -nan     0.1000    0.0053
     6        1.1536            -nan     0.1000    0.0043
     7        1.1460            -nan     0.1000    0.0034
     8        1.1397            -nan     0.1000    0.0020
     9        1.1345            -nan     0.1000    0.0024
    10        1.1282            -nan     0.1000    0.0030
    20        1.0776            -nan     0.1000    0.0015
    40        1.0174            -nan     0.1000    0.0005
    60        0.9797            -nan     0.1000   -0.0001
    80        0.9531            -nan     0.1000    0.0001
   100        0.9314            -nan     0.1000   -0.0003
   120        0.9121            -nan     0.1000   -0.0000
   140        0.8934            -nan     0.1000   -0.0003
   150        0.8848            -nan     0.1000   -0.0003

Iter   TrainDeviance   ValidDeviance   StepSize   Improve
     1        1.2188            -nan     0.1000    0.0141
     2        1.1935            -nan     0.1000    0.0117
     3        1.1737            -nan     0.1000    0.0089
     4        1.1597            -nan     0.1000    0.0047
     5        1.1419            -nan     0.1000    0.0055
     6        1.1291            -nan     0.1000    0.0041
     7        1.1162            -nan     0.1000    0.0059
     8        1.1070            -nan     0.1000    0.0033
     9        1.0963            -nan     0.1000    0.0043
    10        1.0892            -nan     0.1000    0.0022
    20        1.0239            -nan     0.1000    0.0018
    40        0.9435            -nan     0.1000    0.0010
    60        0.8876            -nan     0.1000    0.0002
    80        0.8377            -nan     0.1000    0.0012
   100        0.7933            -nan     0.1000   -0.0003
   120        0.7542            -nan     0.1000   -0.0001
   140        0.7198            -nan     0.1000    0.0002
   150        0.7051            -nan     0.1000   -0.0006

Iter   TrainDeviance   ValidDeviance   StepSize   Improve
     1        1.2064            -nan     0.1000    0.0193
     2        1.1775            -nan     0.1000    0.0137
     3        1.1457            -nan     0.1000    0.0160
     4        1.1246            -nan     0.1000    0.0094
     5        1.1032            -nan     0.1000    0.0081
     6        1.0826            -nan     0.1000    0.0097
     7        1.0621            -nan     0.1000    0.0099
     8        1.0416            -nan     0.1000    0.0091
     9        1.0303            -nan     0.1000    0.0024
    10        1.0060            -nan     0.1000    0.0120
    20        0.8791            -nan     0.1000    0.0029
    40        0.7109            -nan     0.1000    0.0041
    60        0.5789            -nan     0.1000    0.0023
    80        0.4929            -nan     0.1000    0.0017
   100        0.4266            -nan     0.1000    0.0010
   120        0.3708            -nan     0.1000    0.0012
   140        0.3250            -nan     0.1000    0.0003
   150        0.3059            -nan     0.1000    0.0001

Iter   TrainDeviance   ValidDeviance   StepSize   Improve
     1        1.2562            -nan     0.1000    0.0143
     2        1.2329            -nan     0.1000    0.0118
     3        1.2147            -nan     0.1000    0.0093
     4        1.1989            -nan     0.1000    0.0076
     5        1.1879            -nan     0.1000    0.0062
     6        1.1764            -nan     0.1000    0.0051
     7        1.1669            -nan     0.1000    0.0039
     8        1.1585            -nan     0.1000    0.0040
     9        1.1502            -nan     0.1000    0.0031
    10        1.1442            -nan     0.1000    0.0032
    20        1.0878            -nan     0.1000    0.0016
    40        1.0194            -nan     0.1000    0.0015
    60        0.9774            -nan     0.1000    0.0000
    80        0.9511            -nan     0.1000   -0.0001
   100        0.9308            -nan     0.1000   -0.0005
   120        0.9088            -nan     0.1000   -0.0001
   140        0.8903            -nan     0.1000   -0.0000
   150        0.8817            -nan     0.1000   -0.0001

Iter   TrainDeviance   ValidDeviance   StepSize   Improve
     1        1.2487            -nan     0.1000    0.0179
     2        1.2222            -nan     0.1000    0.0129
     3        1.2006            -nan     0.1000    0.0110
     4        1.1793            -nan     0.1000    0.0103
     5        1.1626            -nan     0.1000    0.0076
     6        1.1469            -nan     0.1000    0.0069
     7        1.1322            -nan     0.1000    0.0057
     8        1.1195            -nan     0.1000    0.0058
     9        1.1072            -nan     0.1000    0.0037
    10        1.0964            -nan     0.1000    0.0047
    20        1.0125            -nan     0.1000    0.0036
    40        0.9212            -nan     0.1000    0.0016
    60        0.8577            -nan     0.1000    0.0009
    80        0.8033            -nan     0.1000    0.0002
   100        0.7556            -nan     0.1000   -0.0011
   120        0.7147            -nan     0.1000   -0.0001
   140        0.6762            -nan     0.1000   -0.0003
   150        0.6588            -nan     0.1000    0.0005

Iter   TrainDeviance   ValidDeviance   StepSize   Improve
     1        1.2361            -nan     0.1000    0.0207
     2        1.1979            -nan     0.1000    0.0182
     3        1.1666            -nan     0.1000    0.0152
     4        1.1430            -nan     0.1000    0.0088
     5        1.1168            -nan     0.1000    0.0111
     6        1.0926            -nan     0.1000    0.0114
     7        1.0705            -nan     0.1000    0.0104
     8        1.0519            -nan     0.1000    0.0092
     9        1.0334            -nan     0.1000    0.0067
    10        1.0186            -nan     0.1000    0.0051
    20        0.8908            -nan     0.1000    0.0042
    40        0.7136            -nan     0.1000    0.0011
    60        0.5867            -nan     0.1000    0.0044
    80        0.4863            -nan     0.1000    0.0020
   100        0.4162            -nan     0.1000    0.0014
   120        0.3619            -nan     0.1000    0.0008
   140        0.3122            -nan     0.1000    0.0005
   150        0.2912            -nan     0.1000    0.0006

Iter   TrainDeviance   ValidDeviance   StepSize   Improve
     1        1.2863            -nan     0.1000    0.0074
     2        1.2726            -nan     0.1000    0.0053
     3        1.2595            -nan     0.1000    0.0058
     4        1.2505            -nan     0.1000    0.0045
     5        1.2433            -nan     0.1000    0.0030
     6        1.2343            -nan     0.1000    0.0036
     7        1.2225            -nan     0.1000    0.0047
     8        1.2166            -nan     0.1000    0.0013
     9        1.2081            -nan     0.1000    0.0037
    10        1.1995            -nan     0.1000    0.0025
    20        1.1393            -nan     0.1000    0.0025
    40        1.0618            -nan     0.1000    0.0012
    60        1.0161            -nan     0.1000    0.0007
    80        0.9845            -nan     0.1000   -0.0002
   100        0.9593            -nan     0.1000   -0.0001
   120        0.9377            -nan     0.1000   -0.0001
   140        0.9167            -nan     0.1000    0.0004
   150        0.9066            -nan     0.1000    0.0002

Iter   TrainDeviance   ValidDeviance   StepSize   Improve
     1        1.2743            -nan     0.1000    0.0133
     2        1.2499            -nan     0.1000    0.0112
     3        1.2307            -nan     0.1000    0.0080
     4        1.2183            -nan     0.1000    0.0062
     5        1.2050            -nan     0.1000    0.0059
     6        1.1888            -nan     0.1000    0.0074
     7        1.1748            -nan     0.1000    0.0064
     8        1.1652            -nan     0.1000    0.0029
     9        1.1559            -nan     0.1000    0.0036
    10        1.1439            -nan     0.1000    0.0010
    20        1.0619            -nan     0.1000    0.0015
    40        0.9613            -nan     0.1000    0.0010
    60        0.8979            -nan     0.1000   -0.0002
    80        0.8420            -nan     0.1000    0.0002
   100        0.7994            -nan     0.1000   -0.0002
   120        0.7571            -nan     0.1000    0.0001
   140        0.7156            -nan     0.1000   -0.0002
   150        0.6982            -nan     0.1000   -0.0001

Iter   TrainDeviance   ValidDeviance   StepSize   Improve
     1        1.2630            -nan     0.1000    0.0182
     2        1.2336            -nan     0.1000    0.0127
     3        1.2025            -nan     0.1000    0.0166
     4        1.1733            -nan     0.1000    0.0133
     5        1.1468            -nan     0.1000    0.0113
     6        1.1266            -nan     0.1000    0.0079
     7        1.1111            -nan     0.1000    0.0058
     8        1.0957            -nan     0.1000    0.0058
     9        1.0718            -nan     0.1000    0.0117
    10        1.0593            -nan     0.1000    0.0049
    20        0.9363            -nan     0.1000    0.0013
    40        0.7645            -nan     0.1000    0.0049
    60        0.6291            -nan     0.1000    0.0006
    80        0.5300            -nan     0.1000    0.0017
   100        0.4654            -nan     0.1000    0.0001
   120        0.4077            -nan     0.1000    0.0011
   140        0.3628            -nan     0.1000    0.0004
   150        0.3410            -nan     0.1000   -0.0004

Iter   TrainDeviance   ValidDeviance   StepSize   Improve
     1        1.2708            -nan     0.1000    0.0120
     2        1.2503            -nan     0.1000    0.0094
     3        1.2317            -nan     0.1000    0.0077
     4        1.2166            -nan     0.1000    0.0057
     5        1.2054            -nan     0.1000    0.0054
     6        1.1972            -nan     0.1000    0.0032
     7        1.1870            -nan     0.1000    0.0040
     8        1.1768            -nan     0.1000    0.0031
     9        1.1698            -nan     0.1000    0.0027
    10        1.1625            -nan     0.1000    0.0028
    20        1.1172            -nan     0.1000    0.0012
    40        1.0565            -nan     0.1000    0.0008
    60        1.0161            -nan     0.1000   -0.0005
    80        0.9895            -nan     0.1000   -0.0003
   100        0.9681            -nan     0.1000   -0.0009
   120        0.9456            -nan     0.1000   -0.0007
   140        0.9237            -nan     0.1000    0.0003
   150        0.9164            -nan     0.1000   -0.0001

Iter   TrainDeviance   ValidDeviance   StepSize   Improve
     1        1.2663            -nan     0.1000    0.0134
     2        1.2376            -nan     0.1000    0.0139
     3        1.2147            -nan     0.1000    0.0100
     4        1.1973            -nan     0.1000    0.0087
     5        1.1783            -nan     0.1000    0.0092
     6        1.1636            -nan     0.1000    0.0071
     7        1.1513            -nan     0.1000    0.0057
     8        1.1397            -nan     0.1000    0.0055
     9        1.1285            -nan     0.1000    0.0051
    10        1.1209            -nan     0.1000    0.0028
    20        1.0486            -nan     0.1000    0.0020
    40        0.9651            -nan     0.1000    0.0015
    60        0.8985            -nan     0.1000    0.0001
    80        0.8456            -nan     0.1000   -0.0001
   100        0.8009            -nan     0.1000    0.0004
   120        0.7591            -nan     0.1000    0.0002
   140        0.7243            -nan     0.1000    0.0004
   150        0.7070            -nan     0.1000    0.0001

Iter   TrainDeviance   ValidDeviance   StepSize   Improve
     1        1.2567            -nan     0.1000    0.0190
     2        1.2157            -nan     0.1000    0.0184
     3        1.1741            -nan     0.1000    0.0197
     4        1.1489            -nan     0.1000    0.0126
     5        1.1260            -nan     0.1000    0.0106
     6        1.1042            -nan     0.1000    0.0101
     7        1.0869            -nan     0.1000    0.0075
     8        1.0690            -nan     0.1000    0.0084
     9        1.0503            -nan     0.1000    0.0070
    10        1.0300            -nan     0.1000    0.0103
    20        0.8994            -nan     0.1000    0.0027
    40        0.7157            -nan     0.1000    0.0011
    60        0.6012            -nan     0.1000    0.0023
    80        0.5135            -nan     0.1000    0.0014
   100        0.4441            -nan     0.1000    0.0010
   120        0.3861            -nan     0.1000    0.0001
   140        0.3407            -nan     0.1000    0.0010
   150        0.3207            -nan     0.1000    0.0005

Iter   TrainDeviance   ValidDeviance   StepSize   Improve
     1        1.2521            -nan     0.1000    0.0135
     2        1.2305            -nan     0.1000    0.0109
     3        1.2124            -nan     0.1000    0.0087
     4        1.2001            -nan     0.1000    0.0057
     5        1.1858            -nan     0.1000    0.0054
     6        1.1758            -nan     0.1000    0.0031
     7        1.1686            -nan     0.1000    0.0022
     8        1.1595            -nan     0.1000    0.0037
     9        1.1527            -nan     0.1000    0.0035
    10        1.1458            -nan     0.1000    0.0029
    20        1.0915            -nan     0.1000    0.0019
    40        1.0242            -nan     0.1000    0.0001
    60        0.9842            -nan     0.1000    0.0004
    80        0.9572            -nan     0.1000    0.0002
   100        0.9347            -nan     0.1000   -0.0002
   120        0.9140            -nan     0.1000   -0.0001
   140        0.8956            -nan     0.1000   -0.0004
   150        0.8867            -nan     0.1000    0.0001

Iter   TrainDeviance   ValidDeviance   StepSize   Improve
     1        1.2522            -nan     0.1000    0.0166
     2        1.2248            -nan     0.1000    0.0141
     3        1.1979            -nan     0.1000    0.0114
     4        1.1807            -nan     0.1000    0.0084
     5        1.1644            -nan     0.1000    0.0077
     6        1.1522            -nan     0.1000    0.0054
     7        1.1391            -nan     0.1000    0.0057
     8        1.1288            -nan     0.1000    0.0037
     9        1.1197            -nan     0.1000    0.0027
    10        1.1070            -nan     0.1000    0.0060
    20        1.0358            -nan     0.1000    0.0017
    40        0.9476            -nan     0.1000    0.0008
    60        0.8845            -nan     0.1000   -0.0006
    80        0.8280            -nan     0.1000    0.0003
   100        0.7846            -nan     0.1000    0.0003
   120        0.7443            -nan     0.1000   -0.0002
   140        0.7083            -nan     0.1000    0.0004
   150        0.6900            -nan     0.1000    0.0007

Iter   TrainDeviance   ValidDeviance   StepSize   Improve
     1        1.2387            -nan     0.1000    0.0180
     2        1.2047            -nan     0.1000    0.0167
     3        1.1780            -nan     0.1000    0.0137
     4        1.1549            -nan     0.1000    0.0104
     5        1.1324            -nan     0.1000    0.0095
     6        1.1031            -nan     0.1000    0.0134
     7        1.0792            -nan     0.1000    0.0116
     8        1.0607            -nan     0.1000    0.0065
     9        1.0460            -nan     0.1000    0.0046
    10        1.0226            -nan     0.1000    0.0117
    20        0.8901            -nan     0.1000    0.0052
    40        0.7011            -nan     0.1000    0.0038
    60        0.5744            -nan     0.1000    0.0005
    80        0.4833            -nan     0.1000    0.0014
   100        0.4195            -nan     0.1000    0.0009
   120        0.3686            -nan     0.1000    0.0012
   140        0.3258            -nan     0.1000   -0.0003
   150        0.3061            -nan     0.1000    0.0007

Iter   TrainDeviance   ValidDeviance   StepSize   Improve
     1        1.3047            -nan     0.1000    0.0082
     2        1.2874            -nan     0.1000    0.0083
     3        1.2716            -nan     0.1000    0.0066
     4        1.2591            -nan     0.1000    0.0051
     5        1.2512            -nan     0.1000    0.0039
     6        1.2439            -nan     0.1000    0.0033
     7        1.2366            -nan     0.1000    0.0035
     8        1.2317            -nan     0.1000    0.0017
     9        1.2256            -nan     0.1000    0.0028
    10        1.2160            -nan     0.1000    0.0023
    20        1.1640            -nan     0.1000    0.0012
    40        1.0952            -nan     0.1000    0.0015
    60        1.0551            -nan     0.1000    0.0001
    80        1.0266            -nan     0.1000   -0.0002
   100        1.0035            -nan     0.1000    0.0002
   120        0.9846            -nan     0.1000   -0.0004
   140        0.9663            -nan     0.1000   -0.0004
   150        0.9556            -nan     0.1000   -0.0004

Iter   TrainDeviance   ValidDeviance   StepSize   Improve
     1        1.2965            -nan     0.1000    0.0105
     2        1.2728            -nan     0.1000    0.0115
     3        1.2550            -nan     0.1000    0.0079
     4        1.2376            -nan     0.1000    0.0078
     5        1.2224            -nan     0.1000    0.0063
     6        1.2103            -nan     0.1000    0.0064
     7        1.2019            -nan     0.1000    0.0025
     8        1.1915            -nan     0.1000    0.0039
     9        1.1827            -nan     0.1000    0.0031
    10        1.1737            -nan     0.1000    0.0041
    20        1.0953            -nan     0.1000    0.0041
    40        0.9986            -nan     0.1000    0.0006
    60        0.9361            -nan     0.1000    0.0004
    80        0.8827            -nan     0.1000    0.0000
   100        0.8389            -nan     0.1000   -0.0002
   120        0.7973            -nan     0.1000    0.0006
   140        0.7587            -nan     0.1000    0.0001
   150        0.7407            -nan     0.1000    0.0000

Iter   TrainDeviance   ValidDeviance   StepSize   Improve
     1        1.2846            -nan     0.1000    0.0162
     2        1.2488            -nan     0.1000    0.0184
     3        1.2242            -nan     0.1000    0.0132
     4        1.1952            -nan     0.1000    0.0125
     5        1.1702            -nan     0.1000    0.0111
     6        1.1377            -nan     0.1000    0.0158
     7        1.1160            -nan     0.1000    0.0099
     8        1.0974            -nan     0.1000    0.0082
     9        1.0810            -nan     0.1000    0.0081
    10        1.0576            -nan     0.1000    0.0119
    20        0.9299            -nan     0.1000    0.0048
    40        0.7472            -nan     0.1000    0.0033
    60        0.6339            -nan     0.1000    0.0001
    80        0.5413            -nan     0.1000    0.0012
   100        0.4710            -nan     0.1000    0.0017
   120        0.4108            -nan     0.1000    0.0011
   140        0.3667            -nan     0.1000    0.0007
   150        0.3445            -nan     0.1000    0.0000

Iter   TrainDeviance   ValidDeviance   StepSize   Improve
     1        1.2621            -nan     0.1000    0.0062
     2        1.2500            -nan     0.1000    0.0056
     3        1.2408            -nan     0.1000    0.0045
     4        1.2314            -nan     0.1000    0.0039
     5        1.2245            -nan     0.1000    0.0030
     6        1.2184            -nan     0.1000    0.0023
     7        1.2112            -nan     0.1000    0.0032
     8        1.2052            -nan     0.1000    0.0012
     9        1.1993            -nan     0.1000    0.0026
    10        1.1934            -nan     0.1000    0.0025
    20        1.1442            -nan     0.1000    0.0020
    40        1.0789            -nan     0.1000   -0.0006
    60        1.0355            -nan     0.1000    0.0006
    80        1.0058            -nan     0.1000   -0.0001
   100        0.9818            -nan     0.1000    0.0000
   120        0.9614            -nan     0.1000   -0.0000
   140        0.9395            -nan     0.1000   -0.0000
   150        0.9286            -nan     0.1000    0.0000

Iter   TrainDeviance   ValidDeviance   StepSize   Improve
     1        1.2561            -nan     0.1000    0.0078
     2        1.2381            -nan     0.1000    0.0080
     3        1.2252            -nan     0.1000    0.0041
     4        1.2108            -nan     0.1000    0.0055
     5        1.1974            -nan     0.1000    0.0053
     6        1.1854            -nan     0.1000    0.0051
     7        1.1762            -nan     0.1000    0.0027
     8        1.1665            -nan     0.1000    0.0031
     9        1.1560            -nan     0.1000    0.0028
    10        1.1481            -nan     0.1000    0.0022
    20        1.0737            -nan     0.1000    0.0013
    40        0.9795            -nan     0.1000    0.0016
    60        0.9116            -nan     0.1000    0.0010
    80        0.8528            -nan     0.1000    0.0005
   100        0.8041            -nan     0.1000    0.0003
   120        0.7598            -nan     0.1000    0.0004
   140        0.7174            -nan     0.1000    0.0005
   150        0.7014            -nan     0.1000   -0.0001

Iter   TrainDeviance   ValidDeviance   StepSize   Improve
     1        1.2495            -nan     0.1000    0.0103
     2        1.2232            -nan     0.1000    0.0140
     3        1.1967            -nan     0.1000    0.0117
     4        1.1699            -nan     0.1000    0.0123
     5        1.1400            -nan     0.1000    0.0146
     6        1.1203            -nan     0.1000    0.0095
     7        1.1089            -nan     0.1000    0.0033
     8        1.0909            -nan     0.1000    0.0074
     9        1.0690            -nan     0.1000    0.0093
    10        1.0519            -nan     0.1000    0.0087
    20        0.9256            -nan     0.1000    0.0042
    40        0.7245            -nan     0.1000    0.0034
    60        0.5962            -nan     0.1000    0.0029
    80        0.5082            -nan     0.1000    0.0004
   100        0.4344            -nan     0.1000    0.0016
   120        0.3824            -nan     0.1000    0.0009
   140        0.3356            -nan     0.1000    0.0002
   150        0.3165            -nan     0.1000    0.0009

Iter   TrainDeviance   ValidDeviance   StepSize   Improve
     1        1.2328            -nan     0.1000    0.0114
     2        1.2146            -nan     0.1000    0.0090
     3        1.1967            -nan     0.1000    0.0067
     4        1.1844            -nan     0.1000    0.0055
     5        1.1758            -nan     0.1000    0.0046
     6        1.1676            -nan     0.1000    0.0043
     7        1.1604            -nan     0.1000    0.0028
     8        1.1530            -nan     0.1000    0.0028
     9        1.1467            -nan     0.1000    0.0020
    10        1.1420            -nan     0.1000    0.0015
    20        1.0924            -nan     0.1000    0.0017
    40        1.0326            -nan     0.1000    0.0009
    60        0.9936            -nan     0.1000    0.0002
    80        0.9657            -nan     0.1000    0.0002
   100        0.9431            -nan     0.1000    0.0006
   120        0.9217            -nan     0.1000   -0.0003
   140        0.9013            -nan     0.1000   -0.0007
   150        0.8915            -nan     0.1000    0.0001

Iter   TrainDeviance   ValidDeviance   StepSize   Improve
     1        1.2329            -nan     0.1000    0.0100
     2        1.2108            -nan     0.1000    0.0117
     3        1.1878            -nan     0.1000    0.0088
     4        1.1700            -nan     0.1000    0.0078
     5        1.1524            -nan     0.1000    0.0062
     6        1.1385            -nan     0.1000    0.0063
     7        1.1266            -nan     0.1000    0.0050
     8        1.1158            -nan     0.1000    0.0045
     9        1.1054            -nan     0.1000    0.0044
    10        1.0967            -nan     0.1000    0.0036
    20        1.0278            -nan     0.1000    0.0030
    40        0.9445            -nan     0.1000    0.0008
    60        0.8874            -nan     0.1000    0.0001
    80        0.8339            -nan     0.1000    0.0003
   100        0.7913            -nan     0.1000    0.0008
   120        0.7554            -nan     0.1000    0.0004
   140        0.7172            -nan     0.1000    0.0002
   150        0.7008            -nan     0.1000   -0.0001

Iter   TrainDeviance   ValidDeviance   StepSize   Improve
     1        1.2192            -nan     0.1000    0.0176
     2        1.1876            -nan     0.1000    0.0154
     3        1.1595            -nan     0.1000    0.0135
     4        1.1347            -nan     0.1000    0.0102
     5        1.1115            -nan     0.1000    0.0107
     6        1.0890            -nan     0.1000    0.0093
     7        1.0624            -nan     0.1000    0.0112
     8        1.0493            -nan     0.1000    0.0050
     9        1.0293            -nan     0.1000    0.0096
    10        1.0135            -nan     0.1000    0.0058
    20        0.8896            -nan     0.1000    0.0029
    40        0.7173            -nan     0.1000    0.0018
    60        0.5971            -nan     0.1000    0.0008
    80        0.5043            -nan     0.1000    0.0001
   100        0.4410            -nan     0.1000    0.0002
   120        0.3823            -nan     0.1000    0.0014
   140        0.3391            -nan     0.1000   -0.0001
   150        0.3206            -nan     0.1000    0.0011

Iter   TrainDeviance   ValidDeviance   StepSize   Improve
     1        1.2720            -nan     0.1000    0.0105
     2        1.2534            -nan     0.1000    0.0085
     3        1.2411            -nan     0.1000    0.0067
     4        1.2301            -nan     0.1000    0.0056
     5        1.2187            -nan     0.1000    0.0051
     6        1.2100            -nan     0.1000    0.0042
     7        1.2029            -nan     0.1000    0.0022
     8        1.1961            -nan     0.1000    0.0033
     9        1.1906            -nan     0.1000    0.0020
    10        1.1853            -nan     0.1000    0.0019
    20        1.1391            -nan     0.1000    0.0005
    40        1.0784            -nan     0.1000    0.0008
    60        1.0434            -nan     0.1000   -0.0003
    80        1.0185            -nan     0.1000    0.0002
   100        0.9977            -nan     0.1000    0.0000
   120        0.9794            -nan     0.1000   -0.0002
   140        0.9596            -nan     0.1000   -0.0000
   150        0.9502            -nan     0.1000   -0.0002

Iter   TrainDeviance   ValidDeviance   StepSize   Improve
     1        1.2670            -nan     0.1000    0.0113
     2        1.2420            -nan     0.1000    0.0104
     3        1.2241            -nan     0.1000    0.0085
     4        1.2117            -nan     0.1000    0.0020
     5        1.1962            -nan     0.1000    0.0056
     6        1.1824            -nan     0.1000    0.0061
     7        1.1682            -nan     0.1000    0.0056
     8        1.1574            -nan     0.1000    0.0041
     9        1.1472            -nan     0.1000    0.0036
    10        1.1369            -nan     0.1000    0.0040
    20        1.0680            -nan     0.1000    0.0018
    40        0.9792            -nan     0.1000    0.0014
    60        0.9166            -nan     0.1000    0.0002
    80        0.8614            -nan     0.1000    0.0001
   100        0.8164            -nan     0.1000    0.0005
   120        0.7731            -nan     0.1000    0.0005
   140        0.7344            -nan     0.1000    0.0004
   150        0.7154            -nan     0.1000    0.0000

Iter   TrainDeviance   ValidDeviance   StepSize   Improve
     1        1.2572            -nan     0.1000    0.0172
     2        1.2225            -nan     0.1000    0.0151
     3        1.1907            -nan     0.1000    0.0149
     4        1.1641            -nan     0.1000    0.0136
     5        1.1406            -nan     0.1000    0.0096
     6        1.1101            -nan     0.1000    0.0159
     7        1.0904            -nan     0.1000    0.0092
     8        1.0756            -nan     0.1000    0.0069
     9        1.0571            -nan     0.1000    0.0079
    10        1.0415            -nan     0.1000    0.0060
    20        0.9063            -nan     0.1000    0.0048
    40        0.7451            -nan     0.1000    0.0019
    60        0.6235            -nan     0.1000    0.0021
    80        0.5306            -nan     0.1000    0.0016
   100        0.4645            -nan     0.1000    0.0002
   120        0.4093            -nan     0.1000    0.0006
   140        0.3617            -nan     0.1000    0.0001
   150        0.3416            -nan     0.1000    0.0007

Iter   TrainDeviance   ValidDeviance   StepSize   Improve
     1        1.2789            -nan     0.1000    0.0106
     2        1.2625            -nan     0.1000    0.0089
     3        1.2471            -nan     0.1000    0.0070
     4        1.2363            -nan     0.1000    0.0058
     5        1.2275            -nan     0.1000    0.0024
     6        1.2181            -nan     0.1000    0.0048
     7        1.2103            -nan     0.1000    0.0038
     8        1.2015            -nan     0.1000    0.0024
     9        1.1968            -nan     0.1000    0.0017
    10        1.1901            -nan     0.1000    0.0016
    20        1.1446            -nan     0.1000    0.0010
    40        1.0865            -nan     0.1000    0.0006
    60        1.0488            -nan     0.1000    0.0005
    80        1.0213            -nan     0.1000    0.0003
   100        0.9977            -nan     0.1000   -0.0000
   120        0.9768            -nan     0.1000   -0.0000
   140        0.9594            -nan     0.1000    0.0002
   150        0.9499            -nan     0.1000    0.0000

Iter   TrainDeviance   ValidDeviance   StepSize   Improve
     1        1.2728            -nan     0.1000    0.0124
     2        1.2494            -nan     0.1000    0.0103
     3        1.2298            -nan     0.1000    0.0086
     4        1.2119            -nan     0.1000    0.0069
     5        1.2014            -nan     0.1000    0.0032
     6        1.1903            -nan     0.1000    0.0045
     7        1.1813            -nan     0.1000    0.0029
     8        1.1741            -nan     0.1000    0.0026
     9        1.1662            -nan     0.1000    0.0032
    10        1.1564            -nan     0.1000    0.0031
    20        1.0841            -nan     0.1000   -0.0004
    40        0.9906            -nan     0.1000   -0.0007
    60        0.9204            -nan     0.1000    0.0007
    80        0.8643            -nan     0.1000    0.0008
   100        0.8152            -nan     0.1000   -0.0011
   120        0.7708            -nan     0.1000    0.0002
   140        0.7319            -nan     0.1000    0.0000
   150        0.7120            -nan     0.1000    0.0001

Iter   TrainDeviance   ValidDeviance   StepSize   Improve
     1        1.2614            -nan     0.1000    0.0174
     2        1.2297            -nan     0.1000    0.0146
     3        1.1994            -nan     0.1000    0.0141
     4        1.1733            -nan     0.1000    0.0120
     5        1.1540            -nan     0.1000    0.0077
     6        1.1246            -nan     0.1000    0.0140
     7        1.1021            -nan     0.1000    0.0106
     8        1.0819            -nan     0.1000    0.0081
     9        1.0581            -nan     0.1000    0.0119
    10        1.0436            -nan     0.1000    0.0049
    20        0.9146            -nan     0.1000    0.0038
    40        0.7471            -nan     0.1000    0.0018
    60        0.6221            -nan     0.1000    0.0016
    80        0.5228            -nan     0.1000    0.0012
   100        0.4529            -nan     0.1000    0.0006
   120        0.3967            -nan     0.1000    0.0013
   140        0.3498            -nan     0.1000    0.0003
   150        0.3298            -nan     0.1000    0.0001

Iter   TrainDeviance   ValidDeviance   StepSize   Improve
     1        1.2964            -nan     0.1000    0.0086
     2        1.2824            -nan     0.1000    0.0066
     3        1.2724            -nan     0.1000    0.0052
     4        1.2608            -nan     0.1000    0.0041
     5        1.2542            -nan     0.1000    0.0023
     6        1.2444            -nan     0.1000    0.0043
     7        1.2381            -nan     0.1000    0.0030
     8        1.2323            -nan     0.1000    0.0016
     9        1.2266            -nan     0.1000    0.0018
    10        1.2224            -nan     0.1000    0.0013
    20        1.1740            -nan     0.1000    0.0010
    40        1.1101            -nan     0.1000    0.0005
    60        1.0729            -nan     0.1000    0.0002
    80        1.0465            -nan     0.1000   -0.0001
   100        1.0249            -nan     0.1000   -0.0003
   120        1.0057            -nan     0.1000    0.0000
   140        0.9867            -nan     0.1000   -0.0001
   150        0.9786            -nan     0.1000   -0.0000

Iter   TrainDeviance   ValidDeviance   StepSize   Improve
     1        1.2900            -nan     0.1000    0.0108
     2        1.2705            -nan     0.1000    0.0079
     3        1.2522            -nan     0.1000    0.0077
     4        1.2374            -nan     0.1000    0.0067
     5        1.2250            -nan     0.1000    0.0044
     6        1.2144            -nan     0.1000    0.0036
     7        1.2040            -nan     0.1000    0.0025
     8        1.1958            -nan     0.1000    0.0032
     9        1.1874            -nan     0.1000    0.0029
    10        1.1774            -nan     0.1000    0.0043
    20        1.1074            -nan     0.1000    0.0024
    40        1.0232            -nan     0.1000    0.0001
    60        0.9556            -nan     0.1000    0.0007
    80        0.8979            -nan     0.1000    0.0006
   100        0.8495            -nan     0.1000    0.0000
   120        0.8069            -nan     0.1000    0.0004
   140        0.7639            -nan     0.1000    0.0003
   150        0.7439            -nan     0.1000    0.0008

Iter   TrainDeviance   ValidDeviance   StepSize   Improve
     1        1.2789            -nan     0.1000    0.0170
     2        1.2557            -nan     0.1000    0.0066
     3        1.2298            -nan     0.1000    0.0100
     4        1.1980            -nan     0.1000    0.0153
     5        1.1738            -nan     0.1000    0.0095
     6        1.1465            -nan     0.1000    0.0137
     7        1.1230            -nan     0.1000    0.0108
     8        1.1042            -nan     0.1000    0.0075
     9        1.0845            -nan     0.1000    0.0093
    10        1.0699            -nan     0.1000    0.0059
    20        0.9398            -nan     0.1000    0.0052
    40        0.7580            -nan     0.1000    0.0040
    60        0.6386            -nan     0.1000    0.0034
    80        0.5453            -nan     0.1000    0.0010
   100        0.4692            -nan     0.1000    0.0011
   120        0.4086            -nan     0.1000    0.0012
   140        0.3662            -nan     0.1000   -0.0002
   150        0.3439            -nan     0.1000    0.0010

Iter   TrainDeviance   ValidDeviance   StepSize   Improve
     1        1.2974            -nan     0.1000    0.0115
     2        1.2761            -nan     0.1000    0.0085
     3        1.2607            -nan     0.1000    0.0065
     4        1.2454            -nan     0.1000    0.0032
     5        1.2350            -nan     0.1000    0.0050
     6        1.2264            -nan     0.1000    0.0036
     7        1.2188            -nan     0.1000    0.0037
     8        1.2111            -nan     0.1000    0.0025
     9        1.2047            -nan     0.1000    0.0030
    10        1.1998            -nan     0.1000    0.0018
    20        1.1425            -nan     0.1000    0.0007
    40        1.0699            -nan     0.1000    0.0006
    60        1.0281            -nan     0.1000   -0.0005
    80        1.0000            -nan     0.1000    0.0002
   100        0.9787            -nan     0.1000    0.0001
   120        0.9560            -nan     0.1000   -0.0002
   140        0.9356            -nan     0.1000   -0.0004
   150        0.9268            -nan     0.1000    0.0001

Iter   TrainDeviance   ValidDeviance   StepSize   Improve
     1        1.2939            -nan     0.1000    0.0144
     2        1.2762            -nan     0.1000    0.0101
     3        1.2570            -nan     0.1000    0.0100
     4        1.2381            -nan     0.1000    0.0086
     5        1.2220            -nan     0.1000    0.0071
     6        1.2096            -nan     0.1000    0.0045
     7        1.1977            -nan     0.1000    0.0061
     8        1.1826            -nan     0.1000    0.0057
     9        1.1720            -nan     0.1000    0.0041
    10        1.1626            -nan     0.1000    0.0030
    20        1.0825            -nan     0.1000    0.0028
    40        0.9824            -nan     0.1000    0.0011
    60        0.9195            -nan     0.1000   -0.0005
    80        0.8670            -nan     0.1000    0.0002
   100        0.8209            -nan     0.1000   -0.0000
   120        0.7795            -nan     0.1000   -0.0000
   140        0.7448            -nan     0.1000   -0.0001
   150        0.7251            -nan     0.1000    0.0000

Iter   TrainDeviance   ValidDeviance   StepSize   Improve
     1        1.2853            -nan     0.1000    0.0164
     2        1.2547            -nan     0.1000    0.0136
     3        1.2197            -nan     0.1000    0.0168
     4        1.1911            -nan     0.1000    0.0133
     5        1.1650            -nan     0.1000    0.0136
     6        1.1479            -nan     0.1000    0.0066
     7        1.1272            -nan     0.1000    0.0110
     8        1.1082            -nan     0.1000    0.0083
     9        1.0950            -nan     0.1000    0.0034
    10        1.0819            -nan     0.1000    0.0040
    20        0.9543            -nan     0.1000    0.0007
    40        0.7795            -nan     0.1000    0.0017
    60        0.6507            -nan     0.1000    0.0038
    80        0.5462            -nan     0.1000    0.0015
   100        0.4777            -nan     0.1000    0.0013
   120        0.4210            -nan     0.1000   -0.0003
   140        0.3723            -nan     0.1000    0.0003
   150        0.3510            -nan     0.1000    0.0009

Iter   TrainDeviance   ValidDeviance   StepSize   Improve
     1        1.2637            -nan     0.1000    0.0084
     2        1.2501            -nan     0.1000    0.0068
     3        1.2393            -nan     0.1000    0.0056
     4        1.2277            -nan     0.1000    0.0038
     5        1.2211            -nan     0.1000    0.0031
     6        1.2162            -nan     0.1000    0.0020
     7        1.2079            -nan     0.1000    0.0039
     8        1.2001            -nan     0.1000    0.0027
     9        1.1935            -nan     0.1000    0.0019
    10        1.1886            -nan     0.1000    0.0014
    20        1.1357            -nan     0.1000    0.0014
    40        1.0701            -nan     0.1000    0.0001
    60        1.0280            -nan     0.1000    0.0008
    80        1.0024            -nan     0.1000    0.0001
   100        0.9790            -nan     0.1000    0.0000
   120        0.9594            -nan     0.1000   -0.0004
   140        0.9397            -nan     0.1000   -0.0005
   150        0.9298            -nan     0.1000   -0.0001

Iter   TrainDeviance   ValidDeviance   StepSize   Improve
     1        1.2601            -nan     0.1000    0.0124
     2        1.2416            -nan     0.1000    0.0071
     3        1.2238            -nan     0.1000    0.0078
     4        1.2103            -nan     0.1000    0.0064
     5        1.1980            -nan     0.1000    0.0037
     6        1.1839            -nan     0.1000    0.0061
     7        1.1717            -nan     0.1000    0.0052
     8        1.1589            -nan     0.1000    0.0049
     9        1.1495            -nan     0.1000    0.0037
    10        1.1421            -nan     0.1000    0.0013
    20        1.0708            -nan     0.1000    0.0016
    40        0.9734            -nan     0.1000    0.0012
    60        0.9094            -nan     0.1000    0.0013
    80        0.8539            -nan     0.1000    0.0007
   100        0.8084            -nan     0.1000    0.0006
   120        0.7649            -nan     0.1000    0.0002
   140        0.7272            -nan     0.1000    0.0007
   150        0.7093            -nan     0.1000   -0.0002

Iter   TrainDeviance   ValidDeviance   StepSize   Improve
     1        1.2520            -nan     0.1000    0.0162
     2        1.2271            -nan     0.1000    0.0109
     3        1.1846            -nan     0.1000    0.0219
     4        1.1633            -nan     0.1000    0.0103
     5        1.1391            -nan     0.1000    0.0106
     6        1.1236            -nan     0.1000    0.0066
     7        1.1040            -nan     0.1000    0.0115
     8        1.0868            -nan     0.1000    0.0075
     9        1.0710            -nan     0.1000    0.0068
    10        1.0592            -nan     0.1000    0.0043
    20        0.9203            -nan     0.1000    0.0036
    40        0.7509            -nan     0.1000   -0.0003
    60        0.6216            -nan     0.1000    0.0034
    80        0.5321            -nan     0.1000    0.0013
   100        0.4645            -nan     0.1000    0.0004
   120        0.4079            -nan     0.1000    0.0016
   140        0.3596            -nan     0.1000    0.0013
   150        0.3348            -nan     0.1000    0.0014

Iter   TrainDeviance   ValidDeviance   StepSize   Improve
     1        1.2430            -nan     0.1000    0.0099
     2        1.2272            -nan     0.1000    0.0078
     3        1.2128            -nan     0.1000    0.0065
     4        1.1998            -nan     0.1000    0.0050
     5        1.1938            -nan     0.1000    0.0020
     6        1.1876            -nan     0.1000    0.0019
     7        1.1796            -nan     0.1000    0.0042
     8        1.1722            -nan     0.1000    0.0033
     9        1.1656            -nan     0.1000    0.0028
    10        1.1599            -nan     0.1000    0.0023
    20        1.1070            -nan     0.1000    0.0012
    40        1.0401            -nan     0.1000    0.0005
    60        0.9981            -nan     0.1000   -0.0002
    80        0.9733            -nan     0.1000   -0.0002
   100        0.9514            -nan     0.1000    0.0003
   120        0.9307            -nan     0.1000   -0.0003
   140        0.9110            -nan     0.1000   -0.0008
   150        0.9022            -nan     0.1000    0.0001

Iter   TrainDeviance   ValidDeviance   StepSize   Improve
     1        1.2431            -nan     0.1000    0.0111
     2        1.2205            -nan     0.1000    0.0103
     3        1.1988            -nan     0.1000    0.0098
     4        1.1825            -nan     0.1000    0.0071
     5        1.1648            -nan     0.1000    0.0074
     6        1.1523            -nan     0.1000    0.0040
     7        1.1430            -nan     0.1000    0.0039
     8        1.1299            -nan     0.1000    0.0028
     9        1.1205            -nan     0.1000    0.0029
    10        1.1128            -nan     0.1000    0.0025
    20        1.0369            -nan     0.1000    0.0021
    40        0.9484            -nan     0.1000   -0.0012
    60        0.8897            -nan     0.1000   -0.0002
    80        0.8397            -nan     0.1000    0.0004
   100        0.7977            -nan     0.1000   -0.0003
   120        0.7543            -nan     0.1000    0.0001
   140        0.7145            -nan     0.1000   -0.0001
   150        0.6960            -nan     0.1000   -0.0001

Iter   TrainDeviance   ValidDeviance   StepSize   Improve
     1        1.2277            -nan     0.1000    0.0187
     2        1.1898            -nan     0.1000    0.0158
     3        1.1617            -nan     0.1000    0.0136
     4        1.1411            -nan     0.1000    0.0095
     5        1.1241            -nan     0.1000    0.0072
     6        1.1017            -nan     0.1000    0.0109
     7        1.0842            -nan     0.1000    0.0069
     8        1.0563            -nan     0.1000    0.0120
     9        1.0333            -nan     0.1000    0.0094
    10        1.0130            -nan     0.1000    0.0096
    20        0.8744            -nan     0.1000    0.0041
    40        0.7064            -nan     0.1000    0.0006
    60        0.5893            -nan     0.1000    0.0010
    80        0.5040            -nan     0.1000    0.0006
   100        0.4373            -nan     0.1000    0.0003
   120        0.3805            -nan     0.1000    0.0010
   140        0.3398            -nan     0.1000   -0.0000
   150        0.3237            -nan     0.1000   -0.0000

Iter   TrainDeviance   ValidDeviance   StepSize   Improve
     1        1.2499            -nan     0.1000    0.0102
     2        1.2341            -nan     0.1000    0.0083
     3        1.2184            -nan     0.1000    0.0067
     4        1.2100            -nan     0.1000    0.0025
     5        1.1993            -nan     0.1000    0.0050
     6        1.1906            -nan     0.1000    0.0042
     7        1.1842            -nan     0.1000    0.0031
     8        1.1776            -nan     0.1000    0.0031
     9        1.1711            -nan     0.1000    0.0028
    10        1.1649            -nan     0.1000    0.0028
    20        1.1199            -nan     0.1000    0.0012
    40        1.0564            -nan     0.1000    0.0009
    60        1.0166            -nan     0.1000   -0.0002
    80        0.9867            -nan     0.1000    0.0001
   100        0.9610            -nan     0.1000    0.0000
   120        0.9392            -nan     0.1000   -0.0005
   140        0.9187            -nan     0.1000   -0.0002
   150        0.9088            -nan     0.1000    0.0001

Iter   TrainDeviance   ValidDeviance   StepSize   Improve
     1        1.2431            -nan     0.1000    0.0136
     2        1.2169            -nan     0.1000    0.0109
     3        1.2004            -nan     0.1000    0.0074
     4        1.1842            -nan     0.1000    0.0073
     5        1.1725            -nan     0.1000    0.0052
     6        1.1606            -nan     0.1000    0.0047
     7        1.1491            -nan     0.1000    0.0052
     8        1.1383            -nan     0.1000    0.0022
     9        1.1312            -nan     0.1000    0.0024
    10        1.1209            -nan     0.1000    0.0044
    20        1.0464            -nan     0.1000    0.0014
    40        0.9587            -nan     0.1000   -0.0005
    60        0.8977            -nan     0.1000   -0.0004
    80        0.8460            -nan     0.1000    0.0007
   100        0.8050            -nan     0.1000    0.0000
   120        0.7613            -nan     0.1000    0.0002
   140        0.7227            -nan     0.1000   -0.0005
   150        0.7044            -nan     0.1000    0.0001

Iter   TrainDeviance   ValidDeviance   StepSize   Improve
     1        1.2350            -nan     0.1000    0.0178
     2        1.2032            -nan     0.1000    0.0151
     3        1.1750            -nan     0.1000    0.0128
     4        1.1530            -nan     0.1000    0.0116
     5        1.1341            -nan     0.1000    0.0090
     6        1.1137            -nan     0.1000    0.0109
     7        1.0909            -nan     0.1000    0.0089
     8        1.0720            -nan     0.1000    0.0085
     9        1.0546            -nan     0.1000    0.0078
    10        1.0399            -nan     0.1000    0.0048
    20        0.9229            -nan     0.1000    0.0045
    40        0.7338            -nan     0.1000    0.0021
    60        0.6203            -nan     0.1000    0.0023
    80        0.5355            -nan     0.1000    0.0020
   100        0.4668            -nan     0.1000   -0.0003
   120        0.4095            -nan     0.1000    0.0010
   140        0.3635            -nan     0.1000    0.0000
   150        0.3426            -nan     0.1000    0.0008

Iter   TrainDeviance   ValidDeviance   StepSize   Improve
     1        1.2419            -nan     0.1000    0.0148
     2        1.2176            -nan     0.1000    0.0121
     3        1.1959            -nan     0.1000    0.0089
     4        1.1824            -nan     0.1000    0.0077
     5        1.1679            -nan     0.1000    0.0055
     6        1.1598            -nan     0.1000    0.0046
     7        1.1532            -nan     0.1000    0.0032
     8        1.1457            -nan     0.1000    0.0042
     9        1.1379            -nan     0.1000    0.0035
    10        1.1310            -nan     0.1000    0.0021
    20        1.0827            -nan     0.1000    0.0009
    40        1.0255            -nan     0.1000    0.0005
    60        0.9936            -nan     0.1000    0.0001
    80        0.9685            -nan     0.1000    0.0002
   100        0.9485            -nan     0.1000   -0.0004
   120        0.9283            -nan     0.1000    0.0003
   140        0.9075            -nan     0.1000    0.0000
   150        0.8982            -nan     0.1000   -0.0002

Iter   TrainDeviance   ValidDeviance   StepSize   Improve
     1        1.2319            -nan     0.1000    0.0161
     2        1.2048            -nan     0.1000    0.0139
     3        1.1833            -nan     0.1000    0.0101
     4        1.1641            -nan     0.1000    0.0089
     5        1.1483            -nan     0.1000    0.0085
     6        1.1321            -nan     0.1000    0.0063
     7        1.1219            -nan     0.1000    0.0039
     8        1.1121            -nan     0.1000    0.0037
     9        1.1018            -nan     0.1000    0.0051
    10        1.0919            -nan     0.1000    0.0034
    20        1.0306            -nan     0.1000    0.0013
    40        0.9533            -nan     0.1000    0.0005
    60        0.8890            -nan     0.1000    0.0001
    80        0.8354            -nan     0.1000   -0.0001
   100        0.7903            -nan     0.1000   -0.0004
   120        0.7511            -nan     0.1000    0.0004
   140        0.7115            -nan     0.1000    0.0000
   150        0.6952            -nan     0.1000   -0.0000

Iter   TrainDeviance   ValidDeviance   StepSize   Improve
     1        1.2228            -nan     0.1000    0.0187
     2        1.1864            -nan     0.1000    0.0162
     3        1.1606            -nan     0.1000    0.0131
     4        1.1333            -nan     0.1000    0.0149
     5        1.1099            -nan     0.1000    0.0110
     6        1.0920            -nan     0.1000    0.0061
     7        1.0751            -nan     0.1000    0.0069
     8        1.0543            -nan     0.1000    0.0099
     9        1.0422            -nan     0.1000    0.0054
    10        1.0260            -nan     0.1000    0.0072
    20        0.9084            -nan     0.1000    0.0007
    40        0.7307            -nan     0.1000    0.0042
    60        0.5973            -nan     0.1000    0.0011
    80        0.5084            -nan     0.1000    0.0021
   100        0.4354            -nan     0.1000    0.0013
   120        0.3821            -nan     0.1000    0.0008
   140        0.3396            -nan     0.1000    0.0011
   150        0.3231            -nan     0.1000    0.0010

Iter   TrainDeviance   ValidDeviance   StepSize   Improve
     1        1.2672            -nan     0.1000    0.0116
     2        1.2465            -nan     0.1000    0.0089
     3        1.2334            -nan     0.1000    0.0072
     4        1.2190            -nan     0.1000    0.0053
     5        1.2080            -nan     0.1000    0.0046
     6        1.1982            -nan     0.1000    0.0031
     7        1.1932            -nan     0.1000    0.0024
     8        1.1828            -nan     0.1000    0.0029
     9        1.1761            -nan     0.1000    0.0026
    10        1.1716            -nan     0.1000    0.0014
    20        1.1196            -nan     0.1000    0.0008
    40        1.0584            -nan     0.1000   -0.0003
    60        1.0193            -nan     0.1000    0.0006
    80        0.9933            -nan     0.1000   -0.0002
   100        0.9711            -nan     0.1000   -0.0005
   120        0.9509            -nan     0.1000   -0.0004
   140        0.9306            -nan     0.1000   -0.0006
   150        0.9209            -nan     0.1000    0.0003

Iter   TrainDeviance   ValidDeviance   StepSize   Improve
     1        1.2648            -nan     0.1000    0.0119
     2        1.2386            -nan     0.1000    0.0121
     3        1.2180            -nan     0.1000    0.0089
     4        1.2027            -nan     0.1000    0.0078
     5        1.1873            -nan     0.1000    0.0074
     6        1.1718            -nan     0.1000    0.0057
     7        1.1608            -nan     0.1000    0.0049
     8        1.1525            -nan     0.1000    0.0032
     9        1.1432            -nan     0.1000    0.0036
    10        1.1355            -nan     0.1000    0.0025
    20        1.0611            -nan     0.1000    0.0016
    40        0.9713            -nan     0.1000    0.0004
    60        0.9166            -nan     0.1000    0.0000
    80        0.8618            -nan     0.1000    0.0005
   100        0.8126            -nan     0.1000    0.0004
   120        0.7740            -nan     0.1000   -0.0003
   140        0.7372            -nan     0.1000   -0.0001
   150        0.7187            -nan     0.1000    0.0001

Iter   TrainDeviance   ValidDeviance   StepSize   Improve
     1        1.2493            -nan     0.1000    0.0193
     2        1.2170            -nan     0.1000    0.0163
     3        1.1899            -nan     0.1000    0.0126
     4        1.1664            -nan     0.1000    0.0111
     5        1.1430            -nan     0.1000    0.0090
     6        1.1216            -nan     0.1000    0.0096
     7        1.1019            -nan     0.1000    0.0093
     8        1.0824            -nan     0.1000    0.0089
     9        1.0654            -nan     0.1000    0.0063
    10        1.0482            -nan     0.1000    0.0083
    20        0.9087            -nan     0.1000    0.0017
    40        0.7497            -nan     0.1000    0.0025
    60        0.6302            -nan     0.1000    0.0019
    80        0.5312            -nan     0.1000    0.0020
   100        0.4530            -nan     0.1000    0.0012
   120        0.3953            -nan     0.1000    0.0007
   140        0.3479            -nan     0.1000    0.0012
   150        0.3290            -nan     0.1000   -0.0001

Iter   TrainDeviance   ValidDeviance   StepSize   Improve
     1        1.2414            -nan     0.1000    0.0162
     2        1.2121            -nan     0.1000    0.0136
     3        1.1927            -nan     0.1000    0.0107
     4        1.1759            -nan     0.1000    0.0082
     5        1.1629            -nan     0.1000    0.0070
     6        1.1516            -nan     0.1000    0.0055
     7        1.1402            -nan     0.1000    0.0046
     8        1.1368            -nan     0.1000    0.0002
     9        1.1295            -nan     0.1000    0.0031
    10        1.1213            -nan     0.1000    0.0034
    20        1.0655            -nan     0.1000    0.0028
    40        0.9986            -nan     0.1000    0.0004
    60        0.9562            -nan     0.1000    0.0003
    80        0.9309            -nan     0.1000    0.0002
   100        0.9081            -nan     0.1000    0.0003
   120        0.8910            -nan     0.1000    0.0001
   140        0.8732            -nan     0.1000   -0.0001
   150        0.8638            -nan     0.1000   -0.0004

Iter   TrainDeviance   ValidDeviance   StepSize   Improve
     1        1.2309            -nan     0.1000    0.0191
     2        1.1978            -nan     0.1000    0.0154
     3        1.1717            -nan     0.1000    0.0103
     4        1.1475            -nan     0.1000    0.0102
     5        1.1324            -nan     0.1000    0.0075
     6        1.1179            -nan     0.1000    0.0066
     7        1.1070            -nan     0.1000    0.0038
     8        1.0962            -nan     0.1000    0.0053
     9        1.0860            -nan     0.1000    0.0044
    10        1.0750            -nan     0.1000    0.0049
    20        1.0012            -nan     0.1000    0.0032
    40        0.9094            -nan     0.1000   -0.0003
    60        0.8429            -nan     0.1000    0.0005
    80        0.7920            -nan     0.1000   -0.0002
   100        0.7494            -nan     0.1000   -0.0003
   120        0.7129            -nan     0.1000   -0.0008
   140        0.6746            -nan     0.1000    0.0004
   150        0.6591            -nan     0.1000    0.0004

Iter   TrainDeviance   ValidDeviance   StepSize   Improve
     1        1.2254            -nan     0.1000    0.0239
     2        1.1879            -nan     0.1000    0.0183
     3        1.1569            -nan     0.1000    0.0156
     4        1.1290            -nan     0.1000    0.0124
     5        1.1009            -nan     0.1000    0.0131
     6        1.0770            -nan     0.1000    0.0105
     7        1.0580            -nan     0.1000    0.0090
     8        1.0378            -nan     0.1000    0.0094
     9        1.0200            -nan     0.1000    0.0080
    10        1.0049            -nan     0.1000    0.0070
    20        0.8732            -nan     0.1000    0.0008
    40        0.6969            -nan     0.1000    0.0022
    60        0.5804            -nan     0.1000    0.0016
    80        0.4985            -nan     0.1000    0.0007
   100        0.4278            -nan     0.1000    0.0014
   120        0.3718            -nan     0.1000    0.0001
   140        0.3286            -nan     0.1000   -0.0005
   150        0.3088            -nan     0.1000    0.0007

Iter   TrainDeviance   ValidDeviance   StepSize   Improve
     1        1.2731            -nan     0.1000    0.0081
     2        1.2614            -nan     0.1000    0.0067
     3        1.2500            -nan     0.1000    0.0052
     4        1.2425            -nan     0.1000    0.0033
     5        1.2332            -nan     0.1000    0.0043
     6        1.2254            -nan     0.1000    0.0031
     7        1.2194            -nan     0.1000    0.0028
     8        1.2126            -nan     0.1000   -0.0000
     9        1.2058            -nan     0.1000    0.0019
    10        1.2007            -nan     0.1000    0.0009
    20        1.1576            -nan     0.1000    0.0009
    40        1.0974            -nan     0.1000    0.0010
    60        1.0616            -nan     0.1000   -0.0000
    80        1.0352            -nan     0.1000   -0.0009
   100        1.0123            -nan     0.1000   -0.0001
   120        0.9916            -nan     0.1000    0.0002
   140        0.9704            -nan     0.1000   -0.0001
   150        0.9617            -nan     0.1000   -0.0006

Iter   TrainDeviance   ValidDeviance   StepSize   Improve
     1        1.2733            -nan     0.1000    0.0096
     2        1.2529            -nan     0.1000    0.0079
     3        1.2356            -nan     0.1000    0.0081
     4        1.2214            -nan     0.1000    0.0064
     5        1.2088            -nan     0.1000    0.0062
     6        1.1981            -nan     0.1000    0.0044
     7        1.1914            -nan     0.1000    0.0014
     8        1.1831            -nan     0.1000    0.0038
     9        1.1746            -nan     0.1000    0.0033
    10        1.1644            -nan     0.1000    0.0036
    20        1.0942            -nan     0.1000    0.0021
    40        1.0045            -nan     0.1000   -0.0003
    60        0.9429            -nan     0.1000    0.0009
    80        0.8866            -nan     0.1000    0.0005
   100        0.8353            -nan     0.1000    0.0001
   120        0.7906            -nan     0.1000   -0.0001
   140        0.7507            -nan     0.1000    0.0003
   150        0.7336            -nan     0.1000    0.0006

Iter   TrainDeviance   ValidDeviance   StepSize   Improve
     1        1.2552            -nan     0.1000    0.0157
     2        1.2234            -nan     0.1000    0.0150
     3        1.1969            -nan     0.1000    0.0127
     4        1.1784            -nan     0.1000    0.0061
     5        1.1574            -nan     0.1000    0.0084
     6        1.1363            -nan     0.1000    0.0109
     7        1.1153            -nan     0.1000    0.0106
     8        1.0952            -nan     0.1000    0.0073
     9        1.0818            -nan     0.1000    0.0054
    10        1.0633            -nan     0.1000    0.0074
    20        0.9351            -nan     0.1000    0.0078
    40        0.7575            -nan     0.1000    0.0031
    60        0.6182            -nan     0.1000    0.0036
    80        0.5116            -nan     0.1000    0.0016
   100        0.4361            -nan     0.1000    0.0021
   120        0.3794            -nan     0.1000    0.0008
   140        0.3337            -nan     0.1000    0.0002
   150        0.3153            -nan     0.1000   -0.0000

Iter   TrainDeviance   ValidDeviance   StepSize   Improve
     1        1.2384            -nan     0.1000    0.0092
     2        1.2233            -nan     0.1000    0.0073
     3        1.2124            -nan     0.1000    0.0059
     4        1.2008            -nan     0.1000    0.0047
     5        1.1917            -nan     0.1000    0.0041
     6        1.1871            -nan     0.1000    0.0017
     7        1.1815            -nan     0.1000    0.0023
     8        1.1727            -nan     0.1000    0.0027
     9        1.1666            -nan     0.1000    0.0022
    10        1.1609            -nan     0.1000    0.0022
    20        1.1164            -nan     0.1000    0.0014
    40        1.0540            -nan     0.1000    0.0010
    60        1.0130            -nan     0.1000   -0.0000
    80        0.9834            -nan     0.1000    0.0001
   100        0.9613            -nan     0.1000    0.0002
   120        0.9414            -nan     0.1000   -0.0006
   140        0.9220            -nan     0.1000   -0.0003
   150        0.9129            -nan     0.1000   -0.0003

Iter   TrainDeviance   ValidDeviance   StepSize   Improve
     1        1.2376            -nan     0.1000    0.0111
     2        1.2187            -nan     0.1000    0.0094
     3        1.2013            -nan     0.1000    0.0085
     4        1.1870            -nan     0.1000    0.0036
     5        1.1739            -nan     0.1000    0.0045
     6        1.1606            -nan     0.1000    0.0050
     7        1.1487            -nan     0.1000    0.0053
     8        1.1377            -nan     0.1000    0.0042
     9        1.1312            -nan     0.1000    0.0014
    10        1.1211            -nan     0.1000    0.0028
    20        1.0523            -nan     0.1000    0.0017
    40        0.9617            -nan     0.1000    0.0010
    60        0.8959            -nan     0.1000   -0.0004
    80        0.8417            -nan     0.1000   -0.0005
   100        0.7943            -nan     0.1000    0.0006
   120        0.7515            -nan     0.1000   -0.0004
   140        0.7158            -nan     0.1000   -0.0002
   150        0.6996            -nan     0.1000   -0.0000

Iter   TrainDeviance   ValidDeviance   StepSize   Improve
     1        1.2303            -nan     0.1000    0.0167
     2        1.1877            -nan     0.1000    0.0220
     3        1.1636            -nan     0.1000    0.0117
     4        1.1387            -nan     0.1000    0.0105
     5        1.1210            -nan     0.1000    0.0080
     6        1.1037            -nan     0.1000    0.0079
     7        1.0817            -nan     0.1000    0.0086
     8        1.0662            -nan     0.1000    0.0064
     9        1.0485            -nan     0.1000    0.0069
    10        1.0302            -nan     0.1000    0.0085
    20        0.8822            -nan     0.1000    0.0056
    40        0.7164            -nan     0.1000    0.0027
    60        0.5966            -nan     0.1000    0.0018
    80        0.5179            -nan     0.1000    0.0009
   100        0.4406            -nan     0.1000    0.0030
   120        0.3774            -nan     0.1000    0.0011
   140        0.3310            -nan     0.1000    0.0005
   150        0.3127            -nan     0.1000    0.0012

Iter   TrainDeviance   ValidDeviance   StepSize   Improve
     1        1.2760            -nan     0.1000    0.0078
     2        1.2616            -nan     0.1000    0.0060
     3        1.2489            -nan     0.1000    0.0064
     4        1.2384            -nan     0.1000    0.0049
     5        1.2298            -nan     0.1000    0.0039
     6        1.2222            -nan     0.1000    0.0036
     7        1.2140            -nan     0.1000    0.0023
     8        1.2082            -nan     0.1000    0.0017
     9        1.2019            -nan     0.1000    0.0019
    10        1.1937            -nan     0.1000    0.0033
    20        1.1447            -nan     0.1000    0.0008
    40        1.0772            -nan     0.1000    0.0009
    60        1.0399            -nan     0.1000   -0.0005
    80        1.0121            -nan     0.1000   -0.0003
   100        0.9894            -nan     0.1000    0.0004
   120        0.9659            -nan     0.1000   -0.0002
   140        0.9461            -nan     0.1000   -0.0002
   150        0.9357            -nan     0.1000   -0.0001

Iter   TrainDeviance   ValidDeviance   StepSize   Improve
     1        1.2685            -nan     0.1000    0.0115
     2        1.2475            -nan     0.1000    0.0101
     3        1.2309            -nan     0.1000    0.0073
     4        1.2168            -nan     0.1000    0.0070
     5        1.2035            -nan     0.1000    0.0051
     6        1.1916            -nan     0.1000    0.0037
     7        1.1822            -nan     0.1000    0.0046
     8        1.1712            -nan     0.1000    0.0044
     9        1.1624            -nan     0.1000    0.0026
    10        1.1545            -nan     0.1000    0.0027
    20        1.0879            -nan     0.1000    0.0025
    40        0.9958            -nan     0.1000    0.0014
    60        0.9297            -nan     0.1000    0.0004
    80        0.8766            -nan     0.1000    0.0015
   100        0.8244            -nan     0.1000    0.0002
   120        0.7797            -nan     0.1000    0.0002
   140        0.7417            -nan     0.1000    0.0003
   150        0.7229            -nan     0.1000    0.0003

Iter   TrainDeviance   ValidDeviance   StepSize   Improve
     1        1.2607            -nan     0.1000    0.0143
     2        1.2222            -nan     0.1000    0.0178
     3        1.1914            -nan     0.1000    0.0146
     4        1.1661            -nan     0.1000    0.0121
     5        1.1393            -nan     0.1000    0.0125
     6        1.1253            -nan     0.1000    0.0067
     7        1.1063            -nan     0.1000    0.0089
     8        1.0859            -nan     0.1000    0.0102
     9        1.0605            -nan     0.1000    0.0118
    10        1.0453            -nan     0.1000    0.0069
    20        0.9153            -nan     0.1000    0.0058
    40        0.7456            -nan     0.1000    0.0031
    60        0.6370            -nan     0.1000    0.0012
    80        0.5381            -nan     0.1000    0.0003
   100        0.4673            -nan     0.1000    0.0010
   120        0.4073            -nan     0.1000    0.0009
   140        0.3562            -nan     0.1000   -0.0001
   150        0.3386            -nan     0.1000    0.0005

Iter   TrainDeviance   ValidDeviance   StepSize   Improve
     1        1.2620            -nan     0.1000    0.0099
     2        1.2471            -nan     0.1000    0.0077
     3        1.2335            -nan     0.1000    0.0063
     4        1.2256            -nan     0.1000    0.0046
     5        1.2167            -nan     0.1000    0.0034
     6        1.2100            -nan     0.1000    0.0034
     7        1.2026            -nan     0.1000    0.0038
     8        1.1957            -nan     0.1000    0.0032
     9        1.1895            -nan     0.1000    0.0021
    10        1.1834            -nan     0.1000    0.0023
    20        1.1320            -nan     0.1000    0.0015
    40        1.0677            -nan     0.1000    0.0009
    60        1.0293            -nan     0.1000   -0.0003
    80        1.0016            -nan     0.1000    0.0002
   100        0.9804            -nan     0.1000   -0.0001
   120        0.9598            -nan     0.1000   -0.0001
   140        0.9400            -nan     0.1000   -0.0003
   150        0.9316            -nan     0.1000    0.0001

Iter   TrainDeviance   ValidDeviance   StepSize   Improve
     1        1.2530            -nan     0.1000    0.0123
     2        1.2316            -nan     0.1000    0.0111
     3        1.2131            -nan     0.1000    0.0084
     4        1.1979            -nan     0.1000    0.0069
     5        1.1823            -nan     0.1000    0.0059
     6        1.1736            -nan     0.1000    0.0029
     7        1.1618            -nan     0.1000    0.0047
     8        1.1508            -nan     0.1000    0.0039
     9        1.1436            -nan     0.1000    0.0030
    10        1.1341            -nan     0.1000    0.0037
    20        1.0609            -nan     0.1000    0.0015
    40        0.9827            -nan     0.1000    0.0008
    60        0.9151            -nan     0.1000    0.0008
    80        0.8663            -nan     0.1000   -0.0005
   100        0.8195            -nan     0.1000   -0.0001
   120        0.7785            -nan     0.1000    0.0002
   140        0.7363            -nan     0.1000   -0.0006
   150        0.7173            -nan     0.1000    0.0004

Iter   TrainDeviance   ValidDeviance   StepSize   Improve
     1        1.2459            -nan     0.1000    0.0165
     2        1.2196            -nan     0.1000    0.0121
     3        1.1904            -nan     0.1000    0.0143
     4        1.1635            -nan     0.1000    0.0083
     5        1.1407            -nan     0.1000    0.0111
     6        1.1167            -nan     0.1000    0.0102
     7        1.0993            -nan     0.1000    0.0063
     8        1.0849            -nan     0.1000    0.0055
     9        1.0708            -nan     0.1000    0.0044
    10        1.0532            -nan     0.1000    0.0090
    20        0.9151            -nan     0.1000    0.0067
    40        0.7402            -nan     0.1000    0.0011
    60        0.6079            -nan     0.1000    0.0011
    80        0.5085            -nan     0.1000    0.0015
   100        0.4335            -nan     0.1000    0.0019
   120        0.3732            -nan     0.1000   -0.0001
   140        0.3314            -nan     0.1000    0.0003
   150        0.3104            -nan     0.1000    0.0009

Iter   TrainDeviance   ValidDeviance   StepSize   Improve
     1        1.2871            -nan     0.1000    0.0083
     2        1.2749            -nan     0.1000    0.0068
     3        1.2605            -nan     0.1000    0.0051
     4        1.2507            -nan     0.1000    0.0037
     5        1.2443            -nan     0.1000    0.0012
     6        1.2355            -nan     0.1000    0.0027
     7        1.2297            -nan     0.1000    0.0028
     8        1.2232            -nan     0.1000    0.0024
     9        1.2185            -nan     0.1000    0.0019
    10        1.2136            -nan     0.1000    0.0016
    20        1.1708            -nan     0.1000    0.0015
    40        1.1105            -nan     0.1000    0.0006
    60        1.0758            -nan     0.1000    0.0001
    80        1.0508            -nan     0.1000   -0.0001
   100        1.0288            -nan     0.1000   -0.0001
   120        1.0087            -nan     0.1000   -0.0000
   140        0.9880            -nan     0.1000    0.0000
   150        0.9786            -nan     0.1000   -0.0007

Iter   TrainDeviance   ValidDeviance   StepSize   Improve
     1        1.2798            -nan     0.1000    0.0103
     2        1.2599            -nan     0.1000    0.0082
     3        1.2484            -nan     0.1000    0.0047
     4        1.2368            -nan     0.1000    0.0054
     5        1.2255            -nan     0.1000    0.0050
     6        1.2164            -nan     0.1000    0.0042
     7        1.2030            -nan     0.1000    0.0045
     8        1.1928            -nan     0.1000    0.0044
     9        1.1839            -nan     0.1000    0.0033
    10        1.1758            -nan     0.1000    0.0020
    20        1.1140            -nan     0.1000    0.0010
    40        1.0228            -nan     0.1000    0.0009
    60        0.9649            -nan     0.1000    0.0009
    80        0.9160            -nan     0.1000    0.0007
   100        0.8693            -nan     0.1000    0.0003
   120        0.8270            -nan     0.1000   -0.0002
   140        0.7870            -nan     0.1000   -0.0005
   150        0.7667            -nan     0.1000   -0.0001

Iter   TrainDeviance   ValidDeviance   StepSize   Improve
     1        1.2678            -nan     0.1000    0.0176
     2        1.2386            -nan     0.1000    0.0132
     3        1.2207            -nan     0.1000    0.0078
     4        1.2037            -nan     0.1000    0.0055
     5        1.1866            -nan     0.1000    0.0041
     6        1.1645            -nan     0.1000    0.0108
     7        1.1413            -nan     0.1000    0.0132
     8        1.1217            -nan     0.1000    0.0087
     9        1.1070            -nan     0.1000    0.0048
    10        1.0937            -nan     0.1000    0.0054
    20        0.9625            -nan     0.1000    0.0064
    40        0.7798            -nan     0.1000    0.0027
    60        0.6566            -nan     0.1000    0.0024
    80        0.5709            -nan     0.1000    0.0009
   100        0.5024            -nan     0.1000    0.0002
   120        0.4409            -nan     0.1000   -0.0002
   140        0.3913            -nan     0.1000    0.0003
   150        0.3714            -nan     0.1000    0.0011

Iter   TrainDeviance   ValidDeviance   StepSize   Improve
     1        1.2817            -nan     0.1000    0.0124
     2        1.2625            -nan     0.1000    0.0095
     3        1.2457            -nan     0.1000    0.0081
     4        1.2332            -nan     0.1000    0.0063
     5        1.2228            -nan     0.1000    0.0042
     6        1.2149            -nan     0.1000    0.0042
     7        1.2074            -nan     0.1000    0.0026
     8        1.2007            -nan     0.1000    0.0030
     9        1.1944            -nan     0.1000    0.0031
    10        1.1875            -nan     0.1000    0.0023
    20        1.1401            -nan     0.1000    0.0014
    40        1.0780            -nan     0.1000   -0.0000
    60        1.0412            -nan     0.1000   -0.0002
    80        1.0146            -nan     0.1000   -0.0001
   100        0.9939            -nan     0.1000   -0.0005
   120        0.9749            -nan     0.1000    0.0002
   140        0.9558            -nan     0.1000    0.0002
   150        0.9471            -nan     0.1000   -0.0000

Iter   TrainDeviance   ValidDeviance   StepSize   Improve
     1        1.2799            -nan     0.1000    0.0142
     2        1.2543            -nan     0.1000    0.0124
     3        1.2319            -nan     0.1000    0.0082
     4        1.2106            -nan     0.1000    0.0083
     5        1.1960            -nan     0.1000    0.0060
     6        1.1844            -nan     0.1000    0.0049
     7        1.1727            -nan     0.1000    0.0030
     8        1.1592            -nan     0.1000    0.0050
     9        1.1496            -nan     0.1000    0.0044
    10        1.1391            -nan     0.1000    0.0046
    20        1.0715            -nan     0.1000    0.0018
    40        0.9903            -nan     0.1000    0.0006
    60        0.9315            -nan     0.1000    0.0008
    80        0.8797            -nan     0.1000    0.0001
   100        0.8312            -nan     0.1000    0.0005
   120        0.7902            -nan     0.1000   -0.0000
   140        0.7504            -nan     0.1000   -0.0010
   150        0.7337            -nan     0.1000    0.0001

Iter   TrainDeviance   ValidDeviance   StepSize   Improve
     1        1.2706            -nan     0.1000    0.0157
     2        1.2333            -nan     0.1000    0.0168
     3        1.2061            -nan     0.1000    0.0122
     4        1.1787            -nan     0.1000    0.0119
     5        1.1539            -nan     0.1000    0.0124
     6        1.1344            -nan     0.1000    0.0085
     7        1.1165            -nan     0.1000    0.0076
     8        1.1013            -nan     0.1000    0.0057
     9        1.0807            -nan     0.1000    0.0104
    10        1.0643            -nan     0.1000    0.0054
    20        0.9158            -nan     0.1000    0.0056
    40        0.7539            -nan     0.1000    0.0027
    60        0.6365            -nan     0.1000    0.0003
    80        0.5493            -nan     0.1000    0.0010
   100        0.4816            -nan     0.1000    0.0019
   120        0.4223            -nan     0.1000    0.0007
   140        0.3701            -nan     0.1000    0.0014
   150        0.3523            -nan     0.1000    0.0006

Iter   TrainDeviance   ValidDeviance   StepSize   Improve
     1        1.3086            -nan     0.1000    0.0087
     2        1.2963            -nan     0.1000    0.0068
     3        1.2848            -nan     0.1000    0.0059
     4        1.2755            -nan     0.1000    0.0046
     5        1.2705            -nan     0.1000    0.0010
     6        1.2627            -nan     0.1000    0.0038
     7        1.2538            -nan     0.1000    0.0036
     8        1.2465            -nan     0.1000    0.0023
     9        1.2380            -nan     0.1000    0.0036
    10        1.2336            -nan     0.1000    0.0021
    20        1.1862            -nan     0.1000    0.0015
    40        1.1271            -nan     0.1000    0.0004
    60        1.0894            -nan     0.1000    0.0004
    80        1.0630            -nan     0.1000    0.0003
   100        1.0392            -nan     0.1000   -0.0000
   120        1.0188            -nan     0.1000    0.0001
   140        0.9999            -nan     0.1000   -0.0003
   150        0.9901            -nan     0.1000   -0.0004

Iter   TrainDeviance   ValidDeviance   StepSize   Improve
     1        1.3030            -nan     0.1000    0.0098
     2        1.2830            -nan     0.1000    0.0109
     3        1.2653            -nan     0.1000    0.0073
     4        1.2505            -nan     0.1000    0.0077
     5        1.2359            -nan     0.1000    0.0064
     6        1.2274            -nan     0.1000    0.0024
     7        1.2165            -nan     0.1000    0.0050
     8        1.2060            -nan     0.1000    0.0042
     9        1.1980            -nan     0.1000    0.0039
    10        1.1896            -nan     0.1000    0.0033
    20        1.1207            -nan     0.1000    0.0014
    40        1.0339            -nan     0.1000    0.0000
    60        0.9699            -nan     0.1000    0.0007
    80        0.9148            -nan     0.1000    0.0009
   100        0.8647            -nan     0.1000   -0.0002
   120        0.8193            -nan     0.1000    0.0007
   140        0.7780            -nan     0.1000    0.0002
   150        0.7554            -nan     0.1000    0.0002

Iter   TrainDeviance   ValidDeviance   StepSize   Improve
     1        1.2872            -nan     0.1000    0.0197
     2        1.2566            -nan     0.1000    0.0148
     3        1.2268            -nan     0.1000    0.0147
     4        1.2011            -nan     0.1000    0.0137
     5        1.1791            -nan     0.1000    0.0086
     6        1.1591            -nan     0.1000    0.0098
     7        1.1377            -nan     0.1000    0.0083
     8        1.1202            -nan     0.1000    0.0084
     9        1.1038            -nan     0.1000    0.0066
    10        1.0946            -nan     0.1000    0.0036
    20        0.9635            -nan     0.1000    0.0055
    40        0.7816            -nan     0.1000    0.0028
    60        0.6558            -nan     0.1000    0.0016
    80        0.5527            -nan     0.1000    0.0026
   100        0.4741            -nan     0.1000    0.0016
   120        0.4126            -nan     0.1000    0.0014
   140        0.3612            -nan     0.1000    0.0007
   150        0.3406            -nan     0.1000   -0.0002

Iter   TrainDeviance   ValidDeviance   StepSize   Improve
     1        1.2551            -nan     0.1000    0.0154
     2        1.2226            -nan     0.1000    0.0160
     3        1.1927            -nan     0.1000    0.0150
     4        1.1698            -nan     0.1000    0.0107
     5        1.1449            -nan     0.1000    0.0108
     6        1.1223            -nan     0.1000    0.0107
     7        1.0980            -nan     0.1000    0.0096
     8        1.0721            -nan     0.1000    0.0105
     9        1.0525            -nan     0.1000    0.0087
    10        1.0354            -nan     0.1000    0.0074
    20        0.9030            -nan     0.1000    0.0065
    40        0.7296            -nan     0.1000    0.0024
    60        0.6182            -nan     0.1000    0.0007
    80        0.5263            -nan     0.1000    0.0018
   100        0.4660            -nan     0.1000    0.0009
   120        0.4106            -nan     0.1000    0.0014
   140        0.3641            -nan     0.1000    0.0001
   150        0.3467            -nan     0.1000   -0.0004

TRAINING SUCCESSFUL
The most important attribute: middle_middle_square (for technique: gbm)
________________
Dataset: tic-tac-toe 
Technique: gcvEarth 
Probability table:

 negative  positive 
0.3465553 0.6534447 
BEGIN TRAINING
TRAINING SUCCESSFUL
The most important attribute: middle_middle_square (for technique: gcvEarth)
________________
Dataset: tic-tac-toe 
Technique: JRip 
Probability table:

 negative  positive 
0.3465553 0.6534447 
BEGIN TRAINING
TRAINING SUCCESSFUL
The most important attribute: middle_middle_square (for technique: JRip)
________________
Dataset: tic-tac-toe 
Technique: lvq 
Probability table:

 negative  positive 
0.3465553 0.6534447 
BEGIN TRAINING
TRAINING SUCCESSFUL
The most important attribute: middle_middle_square (for technique: lvq)
________________
Dataset: tic-tac-toe 
Technique: mlpML 
Probability table:

 negative  positive 
0.3465553 0.6534447 
BEGIN TRAINING
TRAINING SUCCESSFUL
The most important attribute: middle_middle_square (for technique: mlpML)
________________
Dataset: tic-tac-toe 
Technique: multinom 
Probability table:

 negative  positive 
0.3465553 0.6534447 
BEGIN TRAINING
# weights:  20 (19 variable)
initial  value 664.034999 
iter  10 value 44.520570
iter  20 value 38.683254
iter  30 value 38.430397
final  value 38.428155 
converged
TRAINING SUCCESSFUL
The most important attribute: middle_middle_square (for technique: multinom)
________________
Dataset: tic-tac-toe 
Technique: naive_bayes 
Probability table:

 negative  positive 
0.3465553 0.6534447 
BEGIN TRAINING
TRAINING SUCCESSFUL
The most important attribute: middle_middle_square (for technique: naive_bayes)
________________
Dataset: tic-tac-toe 
Technique: PART 
Probability table:

 negative  positive 
0.3465553 0.6534447 
BEGIN TRAINING
TRAINING SUCCESSFUL
The most important attribute: middle_middle_square (for technique: PART)
________________
Dataset: tic-tac-toe 
Technique: rbfDDA 
Probability table:

 negative  positive 
0.3465553 0.6534447 
BEGIN TRAINING
TRAINING SUCCESSFUL
The most important attribute: middle_middle_square (for technique: rbfDDA)
________________
Dataset: tic-tac-toe 
Technique: rda 
Probability table:

 negative  positive 
0.3465553 0.6534447 
BEGIN TRAINING
TRAINING SUCCESSFUL
The most important attribute: middle_middle_square (for technique: rda)
________________
Dataset: tic-tac-toe 
Technique: rf 
Probability table:

 negative  positive 
0.3465553 0.6534447 
BEGIN TRAINING
TRAINING SUCCESSFUL
The most important attribute: middle_middle_square (for technique: rf)
________________
Dataset: tic-tac-toe 
Technique: rpart 
Probability table:

 negative  positive 
0.3465553 0.6534447 
BEGIN TRAINING
TRAINING SUCCESSFUL
The most important attribute: middle_middle_square (for technique: rpart)
________________
Dataset: tic-tac-toe 
Technique: simpls 
Probability table:

 negative  positive 
0.3465553 0.6534447 
BEGIN TRAINING
TRAINING SUCCESSFUL
The most important attribute: middle_middle_square (for technique: simpls)
________________
Dataset: tic-tac-toe 
Technique: svmLinear 
Probability table:

 negative  positive 
0.3465553 0.6534447 
BEGIN TRAINING
TRAINING SUCCESSFUL
The most important attribute: middle_middle_square (for technique: svmLinear)
________________
Dataset: tic-tac-toe 
Technique: svmRadial 
Probability table:

 negative  positive 
0.3465553 0.6534447 
BEGIN TRAINING
TRAINING SUCCESSFUL
The most important attribute: middle_middle_square (for technique: svmRadial)
________________
Dataset: tic-tac-toe 
Technique: rfRules 
Probability table:

 negative  positive 
0.3465553 0.6534447 
BEGIN TRAINING
Registered S3 method overwritten by 'RRF':
  method      from        
  plot.margin randomForest
1996 rules (length<=2) were extracted from the first 500 trees.
4000 rules (length<=3) were extracted from the first 500 trees.
7045 rules (length<=4) were extracted from the first 500 trees.
1999 rules (length<=2) were extracted from the first 500 trees.
4000 rules (length<=3) were extracted from the first 500 trees.
7006 rules (length<=4) were extracted from the first 500 trees.
1997 rules (length<=2) were extracted from the first 500 trees.
4000 rules (length<=3) were extracted from the first 500 trees.
7022 rules (length<=4) were extracted from the first 500 trees.
1999 rules (length<=2) were extracted from the first 500 trees.
4000 rules (length<=3) were extracted from the first 500 trees.
7040 rules (length<=4) were extracted from the first 500 trees.
1996 rules (length<=2) were extracted from the first 500 trees.
4000 rules (length<=3) were extracted from the first 500 trees.
7024 rules (length<=4) were extracted from the first 500 trees.
1997 rules (length<=2) were extracted from the first 500 trees.
4000 rules (length<=3) were extracted from the first 500 trees.
7002 rules (length<=4) were extracted from the first 500 trees.
1998 rules (length<=2) were extracted from the first 500 trees.
4000 rules (length<=3) were extracted from the first 500 trees.
7015 rules (length<=4) were extracted from the first 500 trees.
1999 rules (length<=2) were extracted from the first 500 trees.
4000 rules (length<=3) were extracted from the first 500 trees.
7025 rules (length<=4) were extracted from the first 500 trees.
1996 rules (length<=2) were extracted from the first 500 trees.
4000 rules (length<=3) were extracted from the first 500 trees.
7006 rules (length<=4) were extracted from the first 500 trees.
1999 rules (length<=2) were extracted from the first 500 trees.
4000 rules (length<=3) were extracted from the first 500 trees.
7029 rules (length<=4) were extracted from the first 500 trees.
1999 rules (length<=2) were extracted from the first 500 trees.
4000 rules (length<=3) were extracted from the first 500 trees.
7025 rules (length<=4) were extracted from the first 500 trees.
1999 rules (length<=2) were extracted from the first 500 trees.
4000 rules (length<=3) were extracted from the first 500 trees.
7010 rules (length<=4) were extracted from the first 500 trees.
1994 rules (length<=2) were extracted from the first 500 trees.
4000 rules (length<=3) were extracted from the first 500 trees.
7030 rules (length<=4) were extracted from the first 500 trees.
1999 rules (length<=2) were extracted from the first 500 trees.
4000 rules (length<=3) were extracted from the first 500 trees.
7038 rules (length<=4) were extracted from the first 500 trees.
1996 rules (length<=2) were extracted from the first 500 trees.
4000 rules (length<=3) were extracted from the first 500 trees.
7028 rules (length<=4) were extracted from the first 500 trees.
1995 rules (length<=2) were extracted from the first 500 trees.
4000 rules (length<=3) were extracted from the first 500 trees.
7014 rules (length<=4) were extracted from the first 500 trees.
1997 rules (length<=2) were extracted from the first 500 trees.
4000 rules (length<=3) were extracted from the first 500 trees.
7012 rules (length<=4) were extracted from the first 500 trees.
1995 rules (length<=2) were extracted from the first 500 trees.
4000 rules (length<=3) were extracted from the first 500 trees.
7060 rules (length<=4) were extracted from the first 500 trees.
1997 rules (length<=2) were extracted from the first 500 trees.
4000 rules (length<=3) were extracted from the first 500 trees.
7023 rules (length<=4) were extracted from the first 500 trees.
1996 rules (length<=2) were extracted from the first 500 trees.
4000 rules (length<=3) were extracted from the first 500 trees.
7019 rules (length<=4) were extracted from the first 500 trees.
1996 rules (length<=2) were extracted from the first 500 trees.
4000 rules (length<=3) were extracted from the first 500 trees.
7021 rules (length<=4) were extracted from the first 500 trees.
1997 rules (length<=2) were extracted from the first 500 trees.
4000 rules (length<=3) were extracted from the first 500 trees.
7052 rules (length<=4) were extracted from the first 500 trees.
1999 rules (length<=2) were extracted from the first 500 trees.
4000 rules (length<=3) were extracted from the first 500 trees.
7022 rules (length<=4) were extracted from the first 500 trees.
1998 rules (length<=2) were extracted from the first 500 trees.
4000 rules (length<=3) were extracted from the first 500 trees.
7012 rules (length<=4) were extracted from the first 500 trees.
1994 rules (length<=2) were extracted from the first 500 trees.
4000 rules (length<=3) were extracted from the first 500 trees.
7005 rules (length<=4) were extracted from the first 500 trees.
7008 rules (length<=4) were extracted from the first 500 trees.
TRAINING SUCCESSFUL
The most important attribute: middle_middle_square (for technique: rfRules)
________________
Dataset: tic-tac-toe 
Technique: knn 
Probability table:

 negative  positive 
0.3465553 0.6534447 
BEGIN TRAINING
TRAINING SUCCESSFUL
The most important attribute: middle_middle_square (for technique: knn)
________________
Dataset: tic-tac-toe 
Technique: bayesglm 
Probability table:

 negative  positive 
0.3465553 0.6534447 
BEGIN TRAINING
TRAINING SUCCESSFUL
The most important attribute: middle_middle_square (for technique: bayesglm)
________________
Most important attribute obtained with all techniques
----------------
There were 50 or more warnings (use warnings() to see the first 50)
****************
RESULTS RECORDED
****************
