Current working directory: /home/chris/github/kappa-threshold 
parameters.csv exists: TRUE 
parameters.csv absolute path: /home/chris/github/kappa-threshold/data/files/parameters.csv 
Dataset: wdbc 
Technique: C5.0 
Probability table:

        1         2 
0.6274165 0.3725835 
BEGIN TRAINING
TRAINING SUCCESSFUL
The most important attribute: V28 (for technique: C5.0)
________________
Dataset: wdbc 
Technique: ctree 
Probability table:

        1         2 
0.6274165 0.3725835 
BEGIN TRAINING
TRAINING SUCCESSFUL
The most important attribute: V28 (for technique: ctree)
________________
Dataset: wdbc 
Technique: fda 
Probability table:

        1         2 
0.6274165 0.3725835 
BEGIN TRAINING
TRAINING SUCCESSFUL
The most important attribute: V24 (for technique: fda)
________________
Dataset: wdbc 
Technique: gbm 
Probability table:

        1         2 
0.6274165 0.3725835 
BEGIN TRAINING
Iter   TrainDeviance   ValidDeviance   StepSize   Improve
     1        1.1984            -nan     0.1000    0.0639
     2        1.0873            -nan     0.1000    0.0559
     3        0.9938            -nan     0.1000    0.0430
     4        0.9081            -nan     0.1000    0.0401
     5        0.8367            -nan     0.1000    0.0333
     6        0.7780            -nan     0.1000    0.0264
     7        0.7241            -nan     0.1000    0.0250
     8        0.6799            -nan     0.1000    0.0204
     9        0.6365            -nan     0.1000    0.0208
    10        0.5968            -nan     0.1000    0.0196
    20        0.3687            -nan     0.1000    0.0043
    40        0.2032            -nan     0.1000    0.0016
    60        0.1469            -nan     0.1000    0.0009
    80        0.1106            -nan     0.1000   -0.0004
   100        0.0895            -nan     0.1000   -0.0001
   120        0.0762            -nan     0.1000   -0.0005
   140        0.0652            -nan     0.1000   -0.0006
   150        0.0597            -nan     0.1000   -0.0003

Iter   TrainDeviance   ValidDeviance   StepSize   Improve
     1        1.1947            -nan     0.1000    0.0644
     2        1.0687            -nan     0.1000    0.0607
     3        0.9651            -nan     0.1000    0.0462
     4        0.8659            -nan     0.1000    0.0476
     5        0.7918            -nan     0.1000    0.0337
     6        0.7262            -nan     0.1000    0.0312
     7        0.6647            -nan     0.1000    0.0309
     8        0.6122            -nan     0.1000    0.0244
     9        0.5649            -nan     0.1000    0.0219
    10        0.5206            -nan     0.1000    0.0211
    20        0.2783            -nan     0.1000    0.0061
    40        0.1301            -nan     0.1000    0.0007
    60        0.0808            -nan     0.1000    0.0002
    80        0.0547            -nan     0.1000    0.0003
   100        0.0389            -nan     0.1000   -0.0000
   120        0.0287            -nan     0.1000   -0.0001
   140        0.0220            -nan     0.1000    0.0001
   150        0.0187            -nan     0.1000   -0.0001

Iter   TrainDeviance   ValidDeviance   StepSize   Improve
     1        1.1726            -nan     0.1000    0.0804
     2        1.0448            -nan     0.1000    0.0626
     3        0.9385            -nan     0.1000    0.0533
     4        0.8449            -nan     0.1000    0.0440
     5        0.7630            -nan     0.1000    0.0397
     6        0.6936            -nan     0.1000    0.0322
     7        0.6343            -nan     0.1000    0.0285
     8        0.5807            -nan     0.1000    0.0254
     9        0.5361            -nan     0.1000    0.0185
    10        0.4927            -nan     0.1000    0.0191
    20        0.2494            -nan     0.1000    0.0056
    40        0.0981            -nan     0.1000    0.0013
    60        0.0552            -nan     0.1000    0.0009
    80        0.0344            -nan     0.1000   -0.0001
   100        0.0241            -nan     0.1000   -0.0001
   120        0.0158            -nan     0.1000    0.0000
   140        0.0112            -nan     0.1000   -0.0000
   150        0.0090            -nan     0.1000    0.0001

Iter   TrainDeviance   ValidDeviance   StepSize   Improve
     1        1.1489            -nan     0.1000    0.0718
     2        1.0278            -nan     0.1000    0.0572
     3        0.9301            -nan     0.1000    0.0482
     4        0.8462            -nan     0.1000    0.0405
     5        0.7655            -nan     0.1000    0.0357
     6        0.7009            -nan     0.1000    0.0332
     7        0.6443            -nan     0.1000    0.0264
     8        0.5942            -nan     0.1000    0.0244
     9        0.5511            -nan     0.1000    0.0212
    10        0.5112            -nan     0.1000    0.0182
    20        0.2834            -nan     0.1000    0.0055
    40        0.1427            -nan     0.1000    0.0015
    60        0.0900            -nan     0.1000    0.0003
    80        0.0623            -nan     0.1000    0.0004
   100        0.0435            -nan     0.1000    0.0002
   120        0.0310            -nan     0.1000   -0.0001
   140        0.0231            -nan     0.1000    0.0000
   150        0.0201            -nan     0.1000    0.0001

Iter   TrainDeviance   ValidDeviance   StepSize   Improve
     1        1.1197            -nan     0.1000    0.0806
     2        0.9853            -nan     0.1000    0.0643
     3        0.8818            -nan     0.1000    0.0505
     4        0.7895            -nan     0.1000    0.0459
     5        0.7135            -nan     0.1000    0.0368
     6        0.6426            -nan     0.1000    0.0332
     7        0.5799            -nan     0.1000    0.0305
     8        0.5282            -nan     0.1000    0.0251
     9        0.4814            -nan     0.1000    0.0226
    10        0.4418            -nan     0.1000    0.0197
    20        0.2130            -nan     0.1000    0.0050
    40        0.0859            -nan     0.1000    0.0014
    60        0.0448            -nan     0.1000   -0.0001
    80        0.0292            -nan     0.1000   -0.0002
   100        0.0186            -nan     0.1000    0.0000
   120        0.0118            -nan     0.1000    0.0000
   140        0.0081            -nan     0.1000    0.0000
   150        0.0069            -nan     0.1000   -0.0000

Iter   TrainDeviance   ValidDeviance   StepSize   Improve
     1        1.1243            -nan     0.1000    0.0851
     2        0.9896            -nan     0.1000    0.0617
     3        0.8794            -nan     0.1000    0.0532
     4        0.7832            -nan     0.1000    0.0465
     5        0.7007            -nan     0.1000    0.0410
     6        0.6296            -nan     0.1000    0.0346
     7        0.5708            -nan     0.1000    0.0275
     8        0.5174            -nan     0.1000    0.0263
     9        0.4738            -nan     0.1000    0.0194
    10        0.4321            -nan     0.1000    0.0201
    20        0.2021            -nan     0.1000    0.0064
    40        0.0659            -nan     0.1000    0.0002
    60        0.0299            -nan     0.1000   -0.0000
    80        0.0161            -nan     0.1000    0.0000
   100        0.0104            -nan     0.1000    0.0000
   120        0.0067            -nan     0.1000   -0.0000
   140        0.0048            -nan     0.1000   -0.0000
   150        0.0040            -nan     0.1000   -0.0000

Iter   TrainDeviance   ValidDeviance   StepSize   Improve
     1        1.1887            -nan     0.1000    0.0654
     2        1.0731            -nan     0.1000    0.0559
     3        0.9717            -nan     0.1000    0.0496
     4        0.8915            -nan     0.1000    0.0380
     5        0.8149            -nan     0.1000    0.0363
     6        0.7487            -nan     0.1000    0.0302
     7        0.6920            -nan     0.1000    0.0278
     8        0.6428            -nan     0.1000    0.0242
     9        0.6009            -nan     0.1000    0.0190
    10        0.5618            -nan     0.1000    0.0187
    20        0.3313            -nan     0.1000    0.0068
    40        0.1826            -nan     0.1000    0.0019
    60        0.1271            -nan     0.1000    0.0003
    80        0.0986            -nan     0.1000    0.0000
   100        0.0821            -nan     0.1000    0.0004
   120        0.0636            -nan     0.1000   -0.0001
   140        0.0529            -nan     0.1000    0.0001
   150        0.0482            -nan     0.1000   -0.0000

Iter   TrainDeviance   ValidDeviance   StepSize   Improve
     1        1.1650            -nan     0.1000    0.0788
     2        1.0325            -nan     0.1000    0.0657
     3        0.9239            -nan     0.1000    0.0531
     4        0.8331            -nan     0.1000    0.0421
     5        0.7557            -nan     0.1000    0.0371
     6        0.6853            -nan     0.1000    0.0326
     7        0.6273            -nan     0.1000    0.0270
     8        0.5721            -nan     0.1000    0.0261
     9        0.5284            -nan     0.1000    0.0214
    10        0.4832            -nan     0.1000    0.0194
    20        0.2503            -nan     0.1000    0.0051
    40        0.1111            -nan     0.1000    0.0005
    60        0.0680            -nan     0.1000    0.0002
    80        0.0457            -nan     0.1000   -0.0002
   100        0.0313            -nan     0.1000   -0.0000
   120        0.0224            -nan     0.1000   -0.0002
   140        0.0170            -nan     0.1000   -0.0001
   150        0.0141            -nan     0.1000    0.0001

Iter   TrainDeviance   ValidDeviance   StepSize   Improve
     1        1.1576            -nan     0.1000    0.0831
     2        1.0262            -nan     0.1000    0.0616
     3        0.9075            -nan     0.1000    0.0573
     4        0.8109            -nan     0.1000    0.0426
     5        0.7339            -nan     0.1000    0.0364
     6        0.6654            -nan     0.1000    0.0322
     7        0.6063            -nan     0.1000    0.0288
     8        0.5482            -nan     0.1000    0.0281
     9        0.5028            -nan     0.1000    0.0215
    10        0.4608            -nan     0.1000    0.0203
    20        0.2282            -nan     0.1000    0.0051
    40        0.0856            -nan     0.1000    0.0011
    60        0.0429            -nan     0.1000    0.0001
    80        0.0254            -nan     0.1000    0.0000
   100        0.0160            -nan     0.1000   -0.0000
   120        0.0107            -nan     0.1000   -0.0000
   140        0.0070            -nan     0.1000   -0.0001
   150        0.0057            -nan     0.1000   -0.0001

Iter   TrainDeviance   ValidDeviance   StepSize   Improve
     1        1.1961            -nan     0.1000    0.0685
     2        1.0832            -nan     0.1000    0.0558
     3        0.9863            -nan     0.1000    0.0496
     4        0.9033            -nan     0.1000    0.0410
     5        0.8348            -nan     0.1000    0.0327
     6        0.7743            -nan     0.1000    0.0298
     7        0.7203            -nan     0.1000    0.0253
     8        0.6707            -nan     0.1000    0.0234
     9        0.6273            -nan     0.1000    0.0197
    10        0.5861            -nan     0.1000    0.0197
    20        0.3535            -nan     0.1000    0.0071
    40        0.1965            -nan     0.1000    0.0016
    60        0.1373            -nan     0.1000    0.0000
    80        0.1078            -nan     0.1000   -0.0004
   100        0.0840            -nan     0.1000   -0.0010
   120        0.0684            -nan     0.1000   -0.0002
   140        0.0557            -nan     0.1000   -0.0005
   150        0.0504            -nan     0.1000   -0.0001

Iter   TrainDeviance   ValidDeviance   StepSize   Improve
     1        1.1782            -nan     0.1000    0.0723
     2        1.0518            -nan     0.1000    0.0630
     3        0.9449            -nan     0.1000    0.0486
     4        0.8464            -nan     0.1000    0.0467
     5        0.7660            -nan     0.1000    0.0380
     6        0.7034            -nan     0.1000    0.0299
     7        0.6462            -nan     0.1000    0.0250
     8        0.5944            -nan     0.1000    0.0247
     9        0.5496            -nan     0.1000    0.0223
    10        0.5085            -nan     0.1000    0.0189
    20        0.2731            -nan     0.1000    0.0073
    40        0.1271            -nan     0.1000    0.0011
    60        0.0747            -nan     0.1000   -0.0005
    80        0.0498            -nan     0.1000   -0.0005
   100        0.0345            -nan     0.1000    0.0002
   120        0.0239            -nan     0.1000    0.0000
   140        0.0174            -nan     0.1000   -0.0000
   150        0.0155            -nan     0.1000   -0.0002

Iter   TrainDeviance   ValidDeviance   StepSize   Improve
     1        1.1784            -nan     0.1000    0.0749
     2        1.0518            -nan     0.1000    0.0604
     3        0.9430            -nan     0.1000    0.0506
     4        0.8494            -nan     0.1000    0.0447
     5        0.7666            -nan     0.1000    0.0396
     6        0.6921            -nan     0.1000    0.0358
     7        0.6323            -nan     0.1000    0.0283
     8        0.5795            -nan     0.1000    0.0242
     9        0.5369            -nan     0.1000    0.0191
    10        0.4968            -nan     0.1000    0.0174
    20        0.2586            -nan     0.1000    0.0038
    40        0.1026            -nan     0.1000    0.0007
    60        0.0517            -nan     0.1000    0.0003
    80        0.0318            -nan     0.1000   -0.0001
   100        0.0201            -nan     0.1000   -0.0002
   120        0.0137            -nan     0.1000   -0.0002
   140        0.0098            -nan     0.1000   -0.0001
   150        0.0080            -nan     0.1000    0.0000

Iter   TrainDeviance   ValidDeviance   StepSize   Improve
     1        1.2120            -nan     0.1000    0.0684
     2        1.1062            -nan     0.1000    0.0521
     3        1.0082            -nan     0.1000    0.0458
     4        0.9281            -nan     0.1000    0.0373
     5        0.8628            -nan     0.1000    0.0305
     6        0.8007            -nan     0.1000    0.0303
     7        0.7448            -nan     0.1000    0.0273
     8        0.6957            -nan     0.1000    0.0230
     9        0.6572            -nan     0.1000    0.0175
    10        0.6185            -nan     0.1000    0.0192
    20        0.3784            -nan     0.1000    0.0067
    40        0.2253            -nan     0.1000    0.0020
    60        0.1588            -nan     0.1000    0.0008
    80        0.1231            -nan     0.1000   -0.0001
   100        0.0991            -nan     0.1000   -0.0004
   120        0.0809            -nan     0.1000    0.0001
   140        0.0677            -nan     0.1000   -0.0001
   150        0.0639            -nan     0.1000   -0.0004

Iter   TrainDeviance   ValidDeviance   StepSize   Improve
     1        1.1945            -nan     0.1000    0.0729
     2        1.0715            -nan     0.1000    0.0625
     3        0.9599            -nan     0.1000    0.0562
     4        0.8640            -nan     0.1000    0.0464
     5        0.7835            -nan     0.1000    0.0387
     6        0.7166            -nan     0.1000    0.0315
     7        0.6572            -nan     0.1000    0.0251
     8        0.6019            -nan     0.1000    0.0270
     9        0.5567            -nan     0.1000    0.0216
    10        0.5166            -nan     0.1000    0.0190
    20        0.2781            -nan     0.1000    0.0048
    40        0.1315            -nan     0.1000    0.0012
    60        0.0881            -nan     0.1000   -0.0001
    80        0.0602            -nan     0.1000   -0.0002
   100        0.0425            -nan     0.1000    0.0002
   120        0.0316            -nan     0.1000   -0.0003
   140        0.0242            -nan     0.1000   -0.0000
   150        0.0214            -nan     0.1000   -0.0003

Iter   TrainDeviance   ValidDeviance   StepSize   Improve
     1        1.1858            -nan     0.1000    0.0740
     2        1.0565            -nan     0.1000    0.0647
     3        0.9490            -nan     0.1000    0.0525
     4        0.8522            -nan     0.1000    0.0479
     5        0.7709            -nan     0.1000    0.0414
     6        0.7053            -nan     0.1000    0.0304
     7        0.6476            -nan     0.1000    0.0278
     8        0.5938            -nan     0.1000    0.0257
     9        0.5429            -nan     0.1000    0.0231
    10        0.4992            -nan     0.1000    0.0205
    20        0.2507            -nan     0.1000    0.0057
    40        0.0984            -nan     0.1000    0.0008
    60        0.0516            -nan     0.1000   -0.0000
    80        0.0307            -nan     0.1000    0.0001
   100        0.0194            -nan     0.1000   -0.0001
   120        0.0133            -nan     0.1000   -0.0001
   140        0.0092            -nan     0.1000   -0.0000
   150        0.0080            -nan     0.1000   -0.0001

Iter   TrainDeviance   ValidDeviance   StepSize   Improve
     1        1.1804            -nan     0.1000    0.0669
     2        1.0661            -nan     0.1000    0.0564
     3        0.9700            -nan     0.1000    0.0463
     4        0.8869            -nan     0.1000    0.0383
     5        0.8115            -nan     0.1000    0.0363
     6        0.7494            -nan     0.1000    0.0299
     7        0.6904            -nan     0.1000    0.0275
     8        0.6413            -nan     0.1000    0.0229
     9        0.5987            -nan     0.1000    0.0188
    10        0.5605            -nan     0.1000    0.0169
    20        0.3364            -nan     0.1000    0.0053
    40        0.1945            -nan     0.1000    0.0006
    60        0.1458            -nan     0.1000   -0.0016
    80        0.1148            -nan     0.1000    0.0002
   100        0.0978            -nan     0.1000   -0.0000
   120        0.0832            -nan     0.1000   -0.0002
   140        0.0689            -nan     0.1000   -0.0001
   150        0.0644            -nan     0.1000   -0.0003

Iter   TrainDeviance   ValidDeviance   StepSize   Improve
     1        1.1612            -nan     0.1000    0.0819
     2        1.0277            -nan     0.1000    0.0626
     3        0.9265            -nan     0.1000    0.0476
     4        0.8396            -nan     0.1000    0.0418
     5        0.7640            -nan     0.1000    0.0368
     6        0.6994            -nan     0.1000    0.0316
     7        0.6392            -nan     0.1000    0.0279
     8        0.5898            -nan     0.1000    0.0236
     9        0.5441            -nan     0.1000    0.0211
    10        0.5003            -nan     0.1000    0.0199
    20        0.2662            -nan     0.1000    0.0069
    40        0.1334            -nan     0.1000    0.0018
    60        0.0884            -nan     0.1000   -0.0006
    80        0.0624            -nan     0.1000   -0.0001
   100        0.0443            -nan     0.1000    0.0001
   120        0.0332            -nan     0.1000    0.0000
   140        0.0246            -nan     0.1000   -0.0001
   150        0.0212            -nan     0.1000   -0.0001

Iter   TrainDeviance   ValidDeviance   StepSize   Improve
     1        1.1530            -nan     0.1000    0.0746
     2        1.0244            -nan     0.1000    0.0601
     3        0.9152            -nan     0.1000    0.0533
     4        0.8221            -nan     0.1000    0.0442
     5        0.7521            -nan     0.1000    0.0334
     6        0.6828            -nan     0.1000    0.0330
     7        0.6220            -nan     0.1000    0.0286
     8        0.5708            -nan     0.1000    0.0231
     9        0.5241            -nan     0.1000    0.0223
    10        0.4844            -nan     0.1000    0.0176
    20        0.2477            -nan     0.1000    0.0066
    40        0.1073            -nan     0.1000    0.0001
    60        0.0601            -nan     0.1000    0.0003
    80        0.0367            -nan     0.1000    0.0002
   100        0.0240            -nan     0.1000   -0.0003
   120        0.0157            -nan     0.1000    0.0000
   140        0.0113            -nan     0.1000   -0.0001
   150        0.0093            -nan     0.1000   -0.0001

Iter   TrainDeviance   ValidDeviance   StepSize   Improve
     1        1.2037            -nan     0.1000    0.0642
     2        1.0927            -nan     0.1000    0.0535
     3        0.9946            -nan     0.1000    0.0468
     4        0.9109            -nan     0.1000    0.0391
     5        0.8402            -nan     0.1000    0.0342
     6        0.7772            -nan     0.1000    0.0299
     7        0.7221            -nan     0.1000    0.0256
     8        0.6735            -nan     0.1000    0.0216
     9        0.6329            -nan     0.1000    0.0182
    10        0.5944            -nan     0.1000    0.0176
    20        0.3653            -nan     0.1000    0.0066
    40        0.2079            -nan     0.1000    0.0008
    60        0.1477            -nan     0.1000    0.0003
    80        0.1130            -nan     0.1000   -0.0004
   100        0.0859            -nan     0.1000    0.0000
   120        0.0723            -nan     0.1000    0.0002
   140        0.0595            -nan     0.1000   -0.0000
   150        0.0538            -nan     0.1000   -0.0001

Iter   TrainDeviance   ValidDeviance   StepSize   Improve
     1        1.1826            -nan     0.1000    0.0726
     2        1.0612            -nan     0.1000    0.0566
     3        0.9491            -nan     0.1000    0.0559
     4        0.8565            -nan     0.1000    0.0426
     5        0.7786            -nan     0.1000    0.0359
     6        0.7120            -nan     0.1000    0.0315
     7        0.6549            -nan     0.1000    0.0253
     8        0.6073            -nan     0.1000    0.0221
     9        0.5580            -nan     0.1000    0.0236
    10        0.5142            -nan     0.1000    0.0211
    20        0.2780            -nan     0.1000    0.0044
    40        0.1331            -nan     0.1000   -0.0006
    60        0.0824            -nan     0.1000    0.0004
    80        0.0557            -nan     0.1000    0.0001
   100        0.0390            -nan     0.1000    0.0001
   120        0.0279            -nan     0.1000    0.0001
   140        0.0214            -nan     0.1000   -0.0001
   150        0.0186            -nan     0.1000   -0.0001

Iter   TrainDeviance   ValidDeviance   StepSize   Improve
     1        1.1801            -nan     0.1000    0.0705
     2        1.0454            -nan     0.1000    0.0668
     3        0.9369            -nan     0.1000    0.0531
     4        0.8497            -nan     0.1000    0.0402
     5        0.7669            -nan     0.1000    0.0393
     6        0.6965            -nan     0.1000    0.0321
     7        0.6373            -nan     0.1000    0.0278
     8        0.5806            -nan     0.1000    0.0264
     9        0.5331            -nan     0.1000    0.0232
    10        0.4907            -nan     0.1000    0.0187
    20        0.2532            -nan     0.1000    0.0053
    40        0.0992            -nan     0.1000    0.0012
    60        0.0538            -nan     0.1000    0.0001
    80        0.0347            -nan     0.1000   -0.0003
   100        0.0223            -nan     0.1000   -0.0002
   120        0.0146            -nan     0.1000   -0.0000
   140        0.0100            -nan     0.1000   -0.0000
   150        0.0084            -nan     0.1000   -0.0000

Iter   TrainDeviance   ValidDeviance   StepSize   Improve
     1        1.1868            -nan     0.1000    0.0696
     2        1.0760            -nan     0.1000    0.0530
     3        0.9790            -nan     0.1000    0.0460
     4        0.8901            -nan     0.1000    0.0437
     5        0.8140            -nan     0.1000    0.0355
     6        0.7542            -nan     0.1000    0.0270
     7        0.6921            -nan     0.1000    0.0284
     8        0.6440            -nan     0.1000    0.0233
     9        0.5981            -nan     0.1000    0.0214
    10        0.5621            -nan     0.1000    0.0163
    20        0.3271            -nan     0.1000    0.0069
    40        0.1824            -nan     0.1000    0.0013
    60        0.1163            -nan     0.1000    0.0004
    80        0.0873            -nan     0.1000    0.0004
   100        0.0683            -nan     0.1000   -0.0002
   120        0.0543            -nan     0.1000    0.0001
   140        0.0448            -nan     0.1000   -0.0002
   150        0.0401            -nan     0.1000   -0.0000

Iter   TrainDeviance   ValidDeviance   StepSize   Improve
     1        1.1686            -nan     0.1000    0.0708
     2        1.0327            -nan     0.1000    0.0687
     3        0.9311            -nan     0.1000    0.0502
     4        0.8332            -nan     0.1000    0.0467
     5        0.7567            -nan     0.1000    0.0388
     6        0.6893            -nan     0.1000    0.0316
     7        0.6270            -nan     0.1000    0.0300
     8        0.5767            -nan     0.1000    0.0240
     9        0.5297            -nan     0.1000    0.0227
    10        0.4876            -nan     0.1000    0.0186
    20        0.2555            -nan     0.1000    0.0075
    40        0.1149            -nan     0.1000    0.0007
    60        0.0655            -nan     0.1000    0.0003
    80        0.0416            -nan     0.1000    0.0004
   100        0.0293            -nan     0.1000    0.0000
   120        0.0212            -nan     0.1000   -0.0001
   140        0.0154            -nan     0.1000    0.0000
   150        0.0129            -nan     0.1000   -0.0000

Iter   TrainDeviance   ValidDeviance   StepSize   Improve
     1        1.1593            -nan     0.1000    0.0811
     2        1.0204            -nan     0.1000    0.0694
     3        0.9090            -nan     0.1000    0.0555
     4        0.8088            -nan     0.1000    0.0503
     5        0.7338            -nan     0.1000    0.0336
     6        0.6662            -nan     0.1000    0.0322
     7        0.6053            -nan     0.1000    0.0292
     8        0.5538            -nan     0.1000    0.0245
     9        0.5064            -nan     0.1000    0.0222
    10        0.4633            -nan     0.1000    0.0185
    20        0.2255            -nan     0.1000    0.0037
    40        0.0921            -nan     0.1000   -0.0000
    60        0.0452            -nan     0.1000    0.0003
    80        0.0274            -nan     0.1000   -0.0001
   100        0.0174            -nan     0.1000    0.0000
   120        0.0101            -nan     0.1000   -0.0000
   140        0.0064            -nan     0.1000   -0.0000
   150        0.0052            -nan     0.1000   -0.0000

Iter   TrainDeviance   ValidDeviance   StepSize   Improve
     1        1.1485            -nan     0.1000    0.0675
     2        1.0408            -nan     0.1000    0.0567
     3        0.9520            -nan     0.1000    0.0416
     4        0.8748            -nan     0.1000    0.0321
     5        0.8139            -nan     0.1000    0.0260
     6        0.7479            -nan     0.1000    0.0306
     7        0.6907            -nan     0.1000    0.0280
     8        0.6413            -nan     0.1000    0.0234
     9        0.5998            -nan     0.1000    0.0196
    10        0.5607            -nan     0.1000    0.0180
    20        0.3435            -nan     0.1000    0.0074
    40        0.1828            -nan     0.1000    0.0018
    60        0.1241            -nan     0.1000    0.0009
    80        0.0905            -nan     0.1000    0.0002
   100        0.0725            -nan     0.1000    0.0001
   120        0.0566            -nan     0.1000    0.0001
   140        0.0468            -nan     0.1000    0.0001
   150        0.0409            -nan     0.1000    0.0002

Iter   TrainDeviance   ValidDeviance   StepSize   Improve
     1        1.1331            -nan     0.1000    0.0697
     2        1.0124            -nan     0.1000    0.0599
     3        0.9039            -nan     0.1000    0.0537
     4        0.8112            -nan     0.1000    0.0425
     5        0.7369            -nan     0.1000    0.0345
     6        0.6701            -nan     0.1000    0.0314
     7        0.6130            -nan     0.1000    0.0270
     8        0.5638            -nan     0.1000    0.0224
     9        0.5172            -nan     0.1000    0.0202
    10        0.4782            -nan     0.1000    0.0172
    20        0.2491            -nan     0.1000    0.0062
    40        0.1048            -nan     0.1000    0.0014
    60        0.0636            -nan     0.1000    0.0004
    80        0.0399            -nan     0.1000    0.0000
   100        0.0268            -nan     0.1000   -0.0000
   120        0.0185            -nan     0.1000   -0.0000
   140        0.0131            -nan     0.1000   -0.0001
   150        0.0110            -nan     0.1000    0.0000

Iter   TrainDeviance   ValidDeviance   StepSize   Improve
     1        1.1237            -nan     0.1000    0.0785
     2        0.9897            -nan     0.1000    0.0644
     3        0.8805            -nan     0.1000    0.0531
     4        0.7857            -nan     0.1000    0.0449
     5        0.7082            -nan     0.1000    0.0383
     6        0.6452            -nan     0.1000    0.0295
     7        0.5873            -nan     0.1000    0.0265
     8        0.5366            -nan     0.1000    0.0235
     9        0.4912            -nan     0.1000    0.0218
    10        0.4494            -nan     0.1000    0.0203
    20        0.2204            -nan     0.1000    0.0061
    40        0.0824            -nan     0.1000    0.0019
    60        0.0380            -nan     0.1000    0.0000
    80        0.0207            -nan     0.1000    0.0001
   100        0.0127            -nan     0.1000    0.0000
   120        0.0081            -nan     0.1000   -0.0000
   140        0.0054            -nan     0.1000    0.0000
   150        0.0042            -nan     0.1000    0.0000

Iter   TrainDeviance   ValidDeviance   StepSize   Improve
     1        1.2069            -nan     0.1000    0.0687
     2        1.0923            -nan     0.1000    0.0528
     3        0.9972            -nan     0.1000    0.0454
     4        0.9150            -nan     0.1000    0.0385
     5        0.8366            -nan     0.1000    0.0365
     6        0.7740            -nan     0.1000    0.0320
     7        0.7177            -nan     0.1000    0.0273
     8        0.6656            -nan     0.1000    0.0247
     9        0.6236            -nan     0.1000    0.0186
    10        0.5803            -nan     0.1000    0.0200
    20        0.3447            -nan     0.1000    0.0057
    40        0.1844            -nan     0.1000    0.0007
    60        0.1241            -nan     0.1000    0.0010
    80        0.0898            -nan     0.1000    0.0002
   100        0.0698            -nan     0.1000    0.0000
   120        0.0554            -nan     0.1000    0.0002
   140        0.0446            -nan     0.1000    0.0000
   150        0.0400            -nan     0.1000    0.0001

Iter   TrainDeviance   ValidDeviance   StepSize   Improve
     1        1.1909            -nan     0.1000    0.0806
     2        1.0694            -nan     0.1000    0.0593
     3        0.9667            -nan     0.1000    0.0518
     4        0.8731            -nan     0.1000    0.0431
     5        0.7916            -nan     0.1000    0.0391
     6        0.7242            -nan     0.1000    0.0326
     7        0.6637            -nan     0.1000    0.0293
     8        0.6075            -nan     0.1000    0.0254
     9        0.5618            -nan     0.1000    0.0189
    10        0.5196            -nan     0.1000    0.0195
    20        0.2664            -nan     0.1000    0.0054
    40        0.1090            -nan     0.1000    0.0013
    60        0.0626            -nan     0.1000    0.0002
    80        0.0370            -nan     0.1000    0.0001
   100        0.0243            -nan     0.1000    0.0000
   120        0.0167            -nan     0.1000   -0.0000
   140        0.0113            -nan     0.1000   -0.0000
   150        0.0094            -nan     0.1000   -0.0000

Iter   TrainDeviance   ValidDeviance   StepSize   Improve
     1        1.1847            -nan     0.1000    0.0798
     2        1.0514            -nan     0.1000    0.0635
     3        0.9416            -nan     0.1000    0.0526
     4        0.8510            -nan     0.1000    0.0412
     5        0.7743            -nan     0.1000    0.0366
     6        0.7045            -nan     0.1000    0.0330
     7        0.6422            -nan     0.1000    0.0299
     8        0.5886            -nan     0.1000    0.0251
     9        0.5408            -nan     0.1000    0.0226
    10        0.4958            -nan     0.1000    0.0205
    20        0.2407            -nan     0.1000    0.0077
    40        0.0841            -nan     0.1000    0.0021
    60        0.0390            -nan     0.1000    0.0000
    80        0.0226            -nan     0.1000    0.0001
   100        0.0129            -nan     0.1000    0.0000
   120        0.0075            -nan     0.1000    0.0000
   140        0.0047            -nan     0.1000   -0.0000
   150        0.0039            -nan     0.1000   -0.0000

Iter   TrainDeviance   ValidDeviance   StepSize   Improve
     1        1.1908            -nan     0.1000    0.0684
     2        1.0770            -nan     0.1000    0.0569
     3        0.9847            -nan     0.1000    0.0455
     4        0.9027            -nan     0.1000    0.0371
     5        0.8369            -nan     0.1000    0.0328
     6        0.7759            -nan     0.1000    0.0297
     7        0.7254            -nan     0.1000    0.0241
     8        0.6810            -nan     0.1000    0.0220
     9        0.6407            -nan     0.1000    0.0187
    10        0.6015            -nan     0.1000    0.0174
    20        0.3859            -nan     0.1000    0.0057
    40        0.2292            -nan     0.1000    0.0011
    60        0.1678            -nan     0.1000   -0.0000
    80        0.1288            -nan     0.1000    0.0002
   100        0.1059            -nan     0.1000    0.0001
   120        0.0839            -nan     0.1000   -0.0000
   140        0.0673            -nan     0.1000    0.0001
   150        0.0617            -nan     0.1000   -0.0001

Iter   TrainDeviance   ValidDeviance   StepSize   Improve
     1        1.1781            -nan     0.1000    0.0781
     2        1.0542            -nan     0.1000    0.0598
     3        0.9495            -nan     0.1000    0.0506
     4        0.8625            -nan     0.1000    0.0429
     5        0.7892            -nan     0.1000    0.0361
     6        0.7222            -nan     0.1000    0.0301
     7        0.6656            -nan     0.1000    0.0258
     8        0.6150            -nan     0.1000    0.0235
     9        0.5678            -nan     0.1000    0.0199
    10        0.5306            -nan     0.1000    0.0175
    20        0.3045            -nan     0.1000    0.0049
    40        0.1507            -nan     0.1000    0.0021
    60        0.0945            -nan     0.1000    0.0002
    80        0.0656            -nan     0.1000   -0.0002
   100        0.0469            -nan     0.1000   -0.0000
   120        0.0344            -nan     0.1000    0.0001
   140        0.0265            -nan     0.1000    0.0002
   150        0.0227            -nan     0.1000   -0.0000

Iter   TrainDeviance   ValidDeviance   StepSize   Improve
     1        1.1742            -nan     0.1000    0.0739
     2        1.0482            -nan     0.1000    0.0611
     3        0.9448            -nan     0.1000    0.0485
     4        0.8542            -nan     0.1000    0.0443
     5        0.7741            -nan     0.1000    0.0396
     6        0.7059            -nan     0.1000    0.0318
     7        0.6483            -nan     0.1000    0.0274
     8        0.5967            -nan     0.1000    0.0239
     9        0.5470            -nan     0.1000    0.0221
    10        0.5064            -nan     0.1000    0.0182
    20        0.2653            -nan     0.1000    0.0068
    40        0.1149            -nan     0.1000    0.0002
    60        0.0650            -nan     0.1000   -0.0001
    80        0.0383            -nan     0.1000    0.0004
   100        0.0242            -nan     0.1000    0.0002
   120        0.0156            -nan     0.1000    0.0001
   140        0.0108            -nan     0.1000    0.0000
   150        0.0087            -nan     0.1000    0.0000

Iter   TrainDeviance   ValidDeviance   StepSize   Improve
     1        1.2065            -nan     0.1000    0.0680
     2        1.0932            -nan     0.1000    0.0548
     3        0.9983            -nan     0.1000    0.0471
     4        0.9111            -nan     0.1000    0.0420
     5        0.8340            -nan     0.1000    0.0358
     6        0.7722            -nan     0.1000    0.0295
     7        0.7147            -nan     0.1000    0.0249
     8        0.6666            -nan     0.1000    0.0229
     9        0.6243            -nan     0.1000    0.0201
    10        0.5861            -nan     0.1000    0.0170
    20        0.3541            -nan     0.1000    0.0061
    40        0.2177            -nan     0.1000    0.0006
    60        0.1595            -nan     0.1000    0.0004
    80        0.1248            -nan     0.1000    0.0007
   100        0.1013            -nan     0.1000   -0.0051
   120        0.0833            -nan     0.1000   -0.0002
   140        0.0661            -nan     0.1000    0.0001
   150        0.0605            -nan     0.1000   -0.0006

Iter   TrainDeviance   ValidDeviance   StepSize   Improve
     1        1.1992            -nan     0.1000    0.0733
     2        1.0714            -nan     0.1000    0.0622
     3        0.9659            -nan     0.1000    0.0488
     4        0.8669            -nan     0.1000    0.0470
     5        0.7900            -nan     0.1000    0.0373
     6        0.7231            -nan     0.1000    0.0332
     7        0.6615            -nan     0.1000    0.0288
     8        0.6121            -nan     0.1000    0.0224
     9        0.5721            -nan     0.1000    0.0171
    10        0.5318            -nan     0.1000    0.0173
    20        0.2971            -nan     0.1000    0.0054
    40        0.1406            -nan     0.1000    0.0008
    60        0.0890            -nan     0.1000   -0.0001
    80        0.0618            -nan     0.1000   -0.0001
   100        0.0451            -nan     0.1000   -0.0000
   120        0.0322            -nan     0.1000   -0.0001
   140        0.0240            -nan     0.1000    0.0001
   150        0.0209            -nan     0.1000   -0.0001

Iter   TrainDeviance   ValidDeviance   StepSize   Improve
     1        1.1779            -nan     0.1000    0.0778
     2        1.0427            -nan     0.1000    0.0665
     3        0.9321            -nan     0.1000    0.0527
     4        0.8397            -nan     0.1000    0.0455
     5        0.7615            -nan     0.1000    0.0386
     6        0.6920            -nan     0.1000    0.0319
     7        0.6346            -nan     0.1000    0.0268
     8        0.5834            -nan     0.1000    0.0232
     9        0.5390            -nan     0.1000    0.0199
    10        0.4980            -nan     0.1000    0.0186
    20        0.2547            -nan     0.1000    0.0065
    40        0.1019            -nan     0.1000    0.0004
    60        0.0556            -nan     0.1000    0.0001
    80        0.0330            -nan     0.1000    0.0003
   100        0.0204            -nan     0.1000    0.0001
   120        0.0138            -nan     0.1000   -0.0001
   140        0.0095            -nan     0.1000   -0.0000
   150        0.0078            -nan     0.1000   -0.0000

Iter   TrainDeviance   ValidDeviance   StepSize   Improve
     1        1.1578            -nan     0.1000    0.0683
     2        1.0519            -nan     0.1000    0.0454
     3        0.9590            -nan     0.1000    0.0451
     4        0.8747            -nan     0.1000    0.0420
     5        0.8040            -nan     0.1000    0.0339
     6        0.7472            -nan     0.1000    0.0242
     7        0.6953            -nan     0.1000    0.0251
     8        0.6487            -nan     0.1000    0.0231
     9        0.6070            -nan     0.1000    0.0198
    10        0.5738            -nan     0.1000    0.0156
    20        0.3589            -nan     0.1000    0.0057
    40        0.2096            -nan     0.1000    0.0016
    60        0.1505            -nan     0.1000    0.0001
    80        0.1195            -nan     0.1000    0.0001
   100        0.0940            -nan     0.1000   -0.0002
   120        0.0765            -nan     0.1000   -0.0002
   140        0.0633            -nan     0.1000   -0.0000
   150        0.0562            -nan     0.1000   -0.0005

Iter   TrainDeviance   ValidDeviance   StepSize   Improve
     1        1.1421            -nan     0.1000    0.0731
     2        1.0231            -nan     0.1000    0.0607
     3        0.9158            -nan     0.1000    0.0488
     4        0.8278            -nan     0.1000    0.0439
     5        0.7514            -nan     0.1000    0.0360
     6        0.6858            -nan     0.1000    0.0300
     7        0.6296            -nan     0.1000    0.0262
     8        0.5789            -nan     0.1000    0.0221
     9        0.5371            -nan     0.1000    0.0190
    10        0.4986            -nan     0.1000    0.0183
    20        0.2801            -nan     0.1000    0.0063
    40        0.1437            -nan     0.1000    0.0009
    60        0.0896            -nan     0.1000    0.0000
    80        0.0628            -nan     0.1000   -0.0001
   100        0.0418            -nan     0.1000    0.0002
   120        0.0305            -nan     0.1000   -0.0000
   140        0.0218            -nan     0.1000   -0.0001
   150        0.0190            -nan     0.1000    0.0000

Iter   TrainDeviance   ValidDeviance   StepSize   Improve
     1        1.1382            -nan     0.1000    0.0768
     2        1.0112            -nan     0.1000    0.0622
     3        0.9068            -nan     0.1000    0.0493
     4        0.8182            -nan     0.1000    0.0446
     5        0.7430            -nan     0.1000    0.0350
     6        0.6760            -nan     0.1000    0.0329
     7        0.6190            -nan     0.1000    0.0263
     8        0.5685            -nan     0.1000    0.0237
     9        0.5224            -nan     0.1000    0.0214
    10        0.4794            -nan     0.1000    0.0199
    20        0.2439            -nan     0.1000    0.0056
    40        0.1043            -nan     0.1000    0.0013
    60        0.0540            -nan     0.1000    0.0004
    80        0.0337            -nan     0.1000   -0.0000
   100        0.0208            -nan     0.1000    0.0000
   120        0.0140            -nan     0.1000   -0.0001
   140        0.0095            -nan     0.1000    0.0001
   150        0.0079            -nan     0.1000   -0.0000

Iter   TrainDeviance   ValidDeviance   StepSize   Improve
     1        1.1994            -nan     0.1000    0.0698
     2        1.0805            -nan     0.1000    0.0582
     3        0.9828            -nan     0.1000    0.0480
     4        0.8988            -nan     0.1000    0.0379
     5        0.8254            -nan     0.1000    0.0349
     6        0.7585            -nan     0.1000    0.0315
     7        0.7041            -nan     0.1000    0.0264
     8        0.6579            -nan     0.1000    0.0225
     9        0.6149            -nan     0.1000    0.0187
    10        0.5723            -nan     0.1000    0.0189
    20        0.3551            -nan     0.1000    0.0045
    40        0.2107            -nan     0.1000    0.0001
    60        0.1562            -nan     0.1000    0.0001
    80        0.1209            -nan     0.1000   -0.0001
   100        0.1000            -nan     0.1000    0.0003
   120        0.0821            -nan     0.1000    0.0001
   140        0.0683            -nan     0.1000   -0.0005
   150        0.0633            -nan     0.1000    0.0001

Iter   TrainDeviance   ValidDeviance   StepSize   Improve
     1        1.1744            -nan     0.1000    0.0779
     2        1.0620            -nan     0.1000    0.0535
     3        0.9467            -nan     0.1000    0.0553
     4        0.8621            -nan     0.1000    0.0391
     5        0.7842            -nan     0.1000    0.0348
     6        0.7166            -nan     0.1000    0.0336
     7        0.6570            -nan     0.1000    0.0261
     8        0.6063            -nan     0.1000    0.0232
     9        0.5601            -nan     0.1000    0.0208
    10        0.5175            -nan     0.1000    0.0185
    20        0.2925            -nan     0.1000    0.0044
    40        0.1444            -nan     0.1000    0.0003
    60        0.0936            -nan     0.1000    0.0006
    80        0.0641            -nan     0.1000    0.0003
   100        0.0463            -nan     0.1000   -0.0000
   120        0.0361            -nan     0.1000   -0.0000
   140        0.0275            -nan     0.1000    0.0000
   150        0.0238            -nan     0.1000    0.0000

Iter   TrainDeviance   ValidDeviance   StepSize   Improve
     1        1.1667            -nan     0.1000    0.0819
     2        1.0345            -nan     0.1000    0.0608
     3        0.9300            -nan     0.1000    0.0498
     4        0.8425            -nan     0.1000    0.0409
     5        0.7640            -nan     0.1000    0.0382
     6        0.6989            -nan     0.1000    0.0302
     7        0.6381            -nan     0.1000    0.0295
     8        0.5854            -nan     0.1000    0.0259
     9        0.5380            -nan     0.1000    0.0217
    10        0.4989            -nan     0.1000    0.0174
    20        0.2653            -nan     0.1000    0.0056
    40        0.1127            -nan     0.1000    0.0005
    60        0.0626            -nan     0.1000    0.0001
    80        0.0374            -nan     0.1000   -0.0002
   100        0.0239            -nan     0.1000    0.0000
   120        0.0155            -nan     0.1000    0.0000
   140        0.0108            -nan     0.1000   -0.0000
   150        0.0091            -nan     0.1000    0.0000

Iter   TrainDeviance   ValidDeviance   StepSize   Improve
     1        1.1838            -nan     0.1000    0.0634
     2        1.0728            -nan     0.1000    0.0522
     3        0.9828            -nan     0.1000    0.0414
     4        0.9081            -nan     0.1000    0.0363
     5        0.8462            -nan     0.1000    0.0290
     6        0.7874            -nan     0.1000    0.0284
     7        0.7347            -nan     0.1000    0.0244
     8        0.6931            -nan     0.1000    0.0194
     9        0.6512            -nan     0.1000    0.0203
    10        0.6116            -nan     0.1000    0.0184
    20        0.3929            -nan     0.1000    0.0053
    40        0.2158            -nan     0.1000    0.0016
    60        0.1506            -nan     0.1000    0.0011
    80        0.1141            -nan     0.1000   -0.0005
   100        0.0903            -nan     0.1000    0.0000
   120        0.0721            -nan     0.1000   -0.0005
   140        0.0577            -nan     0.1000    0.0000
   150        0.0514            -nan     0.1000   -0.0001

Iter   TrainDeviance   ValidDeviance   StepSize   Improve
     1        1.1747            -nan     0.1000    0.0699
     2        1.0588            -nan     0.1000    0.0524
     3        0.9574            -nan     0.1000    0.0507
     4        0.8677            -nan     0.1000    0.0422
     5        0.7913            -nan     0.1000    0.0345
     6        0.7266            -nan     0.1000    0.0261
     7        0.6679            -nan     0.1000    0.0283
     8        0.6202            -nan     0.1000    0.0240
     9        0.5779            -nan     0.1000    0.0206
    10        0.5392            -nan     0.1000    0.0187
    20        0.2951            -nan     0.1000    0.0064
    40        0.1300            -nan     0.1000    0.0016
    60        0.0817            -nan     0.1000    0.0001
    80        0.0535            -nan     0.1000    0.0005
   100        0.0365            -nan     0.1000    0.0000
   120        0.0264            -nan     0.1000    0.0001
   140        0.0192            -nan     0.1000   -0.0000
   150        0.0168            -nan     0.1000   -0.0000

Iter   TrainDeviance   ValidDeviance   StepSize   Improve
     1        1.1742            -nan     0.1000    0.0695
     2        1.0457            -nan     0.1000    0.0604
     3        0.9392            -nan     0.1000    0.0491
     4        0.8456            -nan     0.1000    0.0463
     5        0.7674            -nan     0.1000    0.0378
     6        0.7014            -nan     0.1000    0.0333
     7        0.6441            -nan     0.1000    0.0268
     8        0.5903            -nan     0.1000    0.0258
     9        0.5437            -nan     0.1000    0.0201
    10        0.5011            -nan     0.1000    0.0185
    20        0.2566            -nan     0.1000    0.0059
    40        0.1010            -nan     0.1000    0.0008
    60        0.0522            -nan     0.1000    0.0005
    80        0.0326            -nan     0.1000   -0.0004
   100        0.0208            -nan     0.1000    0.0002
   120        0.0132            -nan     0.1000    0.0001
   140        0.0081            -nan     0.1000    0.0000
   150        0.0067            -nan     0.1000   -0.0000

Iter   TrainDeviance   ValidDeviance   StepSize   Improve
     1        1.1836            -nan     0.1000    0.0732
     2        1.0654            -nan     0.1000    0.0557
     3        0.9624            -nan     0.1000    0.0489
     4        0.8782            -nan     0.1000    0.0392
     5        0.8097            -nan     0.1000    0.0321
     6        0.7477            -nan     0.1000    0.0265
     7        0.6959            -nan     0.1000    0.0233
     8        0.6457            -nan     0.1000    0.0252
     9        0.6024            -nan     0.1000    0.0206
    10        0.5649            -nan     0.1000    0.0190
    20        0.3490            -nan     0.1000    0.0061
    40        0.2114            -nan     0.1000    0.0015
    60        0.1565            -nan     0.1000   -0.0004
    80        0.1235            -nan     0.1000   -0.0002
   100        0.0990            -nan     0.1000   -0.0000
   120        0.0801            -nan     0.1000   -0.0000
   140        0.0676            -nan     0.1000   -0.0003
   150        0.0611            -nan     0.1000    0.0002

Iter   TrainDeviance   ValidDeviance   StepSize   Improve
     1        1.1718            -nan     0.1000    0.0764
     2        1.0394            -nan     0.1000    0.0641
     3        0.9248            -nan     0.1000    0.0546
     4        0.8370            -nan     0.1000    0.0439
     5        0.7604            -nan     0.1000    0.0348
     6        0.6904            -nan     0.1000    0.0340
     7        0.6368            -nan     0.1000    0.0253
     8        0.5859            -nan     0.1000    0.0242
     9        0.5435            -nan     0.1000    0.0215
    10        0.5044            -nan     0.1000    0.0182
    20        0.2797            -nan     0.1000    0.0057
    40        0.1450            -nan     0.1000    0.0012
    60        0.0921            -nan     0.1000   -0.0004
    80        0.0590            -nan     0.1000   -0.0001
   100        0.0405            -nan     0.1000    0.0001
   120        0.0287            -nan     0.1000    0.0001
   140        0.0215            -nan     0.1000   -0.0001
   150        0.0187            -nan     0.1000   -0.0000

Iter   TrainDeviance   ValidDeviance   StepSize   Improve
     1        1.1664            -nan     0.1000    0.0796
     2        1.0361            -nan     0.1000    0.0621
     3        0.9304            -nan     0.1000    0.0515
     4        0.8354            -nan     0.1000    0.0475
     5        0.7569            -nan     0.1000    0.0371
     6        0.6880            -nan     0.1000    0.0340
     7        0.6285            -nan     0.1000    0.0275
     8        0.5767            -nan     0.1000    0.0245
     9        0.5318            -nan     0.1000    0.0214
    10        0.4937            -nan     0.1000    0.0175
    20        0.2615            -nan     0.1000    0.0050
    40        0.1173            -nan     0.1000   -0.0009
    60        0.0614            -nan     0.1000    0.0002
    80        0.0378            -nan     0.1000    0.0001
   100        0.0236            -nan     0.1000    0.0002
   120        0.0150            -nan     0.1000   -0.0000
   140        0.0102            -nan     0.1000   -0.0000
   150        0.0082            -nan     0.1000   -0.0000

Iter   TrainDeviance   ValidDeviance   StepSize   Improve
     1        1.1730            -nan     0.1000    0.0698
     2        1.0575            -nan     0.1000    0.0590
     3        0.9645            -nan     0.1000    0.0458
     4        0.8839            -nan     0.1000    0.0394
     5        0.8166            -nan     0.1000    0.0338
     6        0.7539            -nan     0.1000    0.0309
     7        0.7007            -nan     0.1000    0.0235
     8        0.6532            -nan     0.1000    0.0228
     9        0.6126            -nan     0.1000    0.0197
    10        0.5755            -nan     0.1000    0.0173
    20        0.3613            -nan     0.1000    0.0059
    40        0.2128            -nan     0.1000    0.0011
    60        0.1566            -nan     0.1000    0.0000
    80        0.1182            -nan     0.1000   -0.0003
   100        0.0915            -nan     0.1000   -0.0003
   120        0.0756            -nan     0.1000    0.0003
   140        0.0610            -nan     0.1000   -0.0002
   150        0.0549            -nan     0.1000   -0.0002

Iter   TrainDeviance   ValidDeviance   StepSize   Improve
     1        1.1665            -nan     0.1000    0.0736
     2        1.0412            -nan     0.1000    0.0586
     3        0.9427            -nan     0.1000    0.0451
     4        0.8547            -nan     0.1000    0.0406
     5        0.7827            -nan     0.1000    0.0361
     6        0.7152            -nan     0.1000    0.0323
     7        0.6627            -nan     0.1000    0.0230
     8        0.6157            -nan     0.1000    0.0218
     9        0.5700            -nan     0.1000    0.0227
    10        0.5327            -nan     0.1000    0.0163
    20        0.2904            -nan     0.1000    0.0059
    40        0.1455            -nan     0.1000    0.0014
    60        0.0856            -nan     0.1000   -0.0007
    80        0.0582            -nan     0.1000    0.0002
   100        0.0399            -nan     0.1000    0.0000
   120        0.0290            -nan     0.1000    0.0001
   140        0.0207            -nan     0.1000    0.0000
   150        0.0181            -nan     0.1000   -0.0000

Iter   TrainDeviance   ValidDeviance   StepSize   Improve
     1        1.1592            -nan     0.1000    0.0746
     2        1.0319            -nan     0.1000    0.0625
     3        0.9276            -nan     0.1000    0.0509
     4        0.8441            -nan     0.1000    0.0407
     5        0.7715            -nan     0.1000    0.0313
     6        0.7038            -nan     0.1000    0.0321
     7        0.6405            -nan     0.1000    0.0296
     8        0.5845            -nan     0.1000    0.0247
     9        0.5403            -nan     0.1000    0.0206
    10        0.5018            -nan     0.1000    0.0180
    20        0.2617            -nan     0.1000    0.0068
    40        0.1058            -nan     0.1000    0.0012
    60        0.0544            -nan     0.1000    0.0003
    80        0.0340            -nan     0.1000    0.0001
   100        0.0212            -nan     0.1000   -0.0001
   120        0.0131            -nan     0.1000    0.0000
   140        0.0094            -nan     0.1000    0.0000
   150        0.0078            -nan     0.1000    0.0000

Iter   TrainDeviance   ValidDeviance   StepSize   Improve
     1        1.1685            -nan     0.1000    0.0729
     2        1.0513            -nan     0.1000    0.0553
     3        0.9580            -nan     0.1000    0.0429
     4        0.8744            -nan     0.1000    0.0391
     5        0.8072            -nan     0.1000    0.0323
     6        0.7446            -nan     0.1000    0.0315
     7        0.6934            -nan     0.1000    0.0255
     8        0.6435            -nan     0.1000    0.0239
     9        0.6021            -nan     0.1000    0.0187
    10        0.5632            -nan     0.1000    0.0167
    20        0.3397            -nan     0.1000    0.0050
    40        0.1972            -nan     0.1000    0.0015
    60        0.1358            -nan     0.1000    0.0008
    80        0.1035            -nan     0.1000   -0.0003
   100        0.0814            -nan     0.1000    0.0001
   120        0.0660            -nan     0.1000   -0.0004
   140        0.0551            -nan     0.1000   -0.0004
   150        0.0508            -nan     0.1000   -0.0002

Iter   TrainDeviance   ValidDeviance   StepSize   Improve
     1        1.1460            -nan     0.1000    0.0813
     2        1.0115            -nan     0.1000    0.0633
     3        0.9103            -nan     0.1000    0.0458
     4        0.8244            -nan     0.1000    0.0428
     5        0.7476            -nan     0.1000    0.0386
     6        0.6835            -nan     0.1000    0.0301
     7        0.6222            -nan     0.1000    0.0289
     8        0.5711            -nan     0.1000    0.0217
     9        0.5246            -nan     0.1000    0.0208
    10        0.4878            -nan     0.1000    0.0169
    20        0.2580            -nan     0.1000    0.0050
    40        0.1215            -nan     0.1000    0.0003
    60        0.0749            -nan     0.1000    0.0003
    80        0.0492            -nan     0.1000   -0.0003
   100        0.0344            -nan     0.1000   -0.0000
   120        0.0247            -nan     0.1000   -0.0001
   140        0.0185            -nan     0.1000   -0.0001
   150        0.0161            -nan     0.1000   -0.0001

Iter   TrainDeviance   ValidDeviance   StepSize   Improve
     1        1.1397            -nan     0.1000    0.0813
     2        1.0095            -nan     0.1000    0.0637
     3        0.8984            -nan     0.1000    0.0514
     4        0.8088            -nan     0.1000    0.0426
     5        0.7286            -nan     0.1000    0.0373
     6        0.6593            -nan     0.1000    0.0325
     7        0.5987            -nan     0.1000    0.0295
     8        0.5487            -nan     0.1000    0.0234
     9        0.4999            -nan     0.1000    0.0236
    10        0.4654            -nan     0.1000    0.0153
    20        0.2296            -nan     0.1000    0.0051
    40        0.0906            -nan     0.1000    0.0011
    60        0.0496            -nan     0.1000    0.0002
    80        0.0287            -nan     0.1000    0.0000
   100        0.0185            -nan     0.1000   -0.0000
   120        0.0122            -nan     0.1000    0.0001
   140        0.0079            -nan     0.1000   -0.0000
   150        0.0066            -nan     0.1000   -0.0000

Iter   TrainDeviance   ValidDeviance   StepSize   Improve
     1        1.1998            -nan     0.1000    0.0631
     2        1.0804            -nan     0.1000    0.0564
     3        0.9852            -nan     0.1000    0.0466
     4        0.9003            -nan     0.1000    0.0433
     5        0.8308            -nan     0.1000    0.0335
     6        0.7705            -nan     0.1000    0.0293
     7        0.7158            -nan     0.1000    0.0263
     8        0.6675            -nan     0.1000    0.0232
     9        0.6253            -nan     0.1000    0.0213
    10        0.5897            -nan     0.1000    0.0162
    20        0.3646            -nan     0.1000    0.0051
    40        0.2116            -nan     0.1000    0.0011
    60        0.1585            -nan     0.1000    0.0001
    80        0.1261            -nan     0.1000   -0.0002
   100        0.1008            -nan     0.1000    0.0001
   120        0.0815            -nan     0.1000    0.0002
   140        0.0672            -nan     0.1000   -0.0003
   150        0.0616            -nan     0.1000   -0.0004

Iter   TrainDeviance   ValidDeviance   StepSize   Improve
     1        1.1770            -nan     0.1000    0.0725
     2        1.0552            -nan     0.1000    0.0577
     3        0.9508            -nan     0.1000    0.0509
     4        0.8606            -nan     0.1000    0.0438
     5        0.7841            -nan     0.1000    0.0352
     6        0.7134            -nan     0.1000    0.0332
     7        0.6539            -nan     0.1000    0.0284
     8        0.6044            -nan     0.1000    0.0223
     9        0.5620            -nan     0.1000    0.0210
    10        0.5209            -nan     0.1000    0.0184
    20        0.2875            -nan     0.1000    0.0056
    40        0.1396            -nan     0.1000    0.0006
    60        0.0848            -nan     0.1000    0.0003
    80        0.0595            -nan     0.1000    0.0000
   100        0.0433            -nan     0.1000    0.0001
   120        0.0328            -nan     0.1000   -0.0002
   140        0.0249            -nan     0.1000   -0.0002
   150        0.0218            -nan     0.1000    0.0000

Iter   TrainDeviance   ValidDeviance   StepSize   Improve
     1        1.1805            -nan     0.1000    0.0726
     2        1.0398            -nan     0.1000    0.0665
     3        0.9376            -nan     0.1000    0.0496
     4        0.8442            -nan     0.1000    0.0447
     5        0.7645            -nan     0.1000    0.0385
     6        0.6978            -nan     0.1000    0.0314
     7        0.6399            -nan     0.1000    0.0284
     8        0.5877            -nan     0.1000    0.0231
     9        0.5412            -nan     0.1000    0.0208
    10        0.4998            -nan     0.1000    0.0175
    20        0.2602            -nan     0.1000    0.0048
    40        0.1112            -nan     0.1000    0.0007
    60        0.0614            -nan     0.1000   -0.0001
    80        0.0363            -nan     0.1000   -0.0000
   100        0.0241            -nan     0.1000    0.0000
   120        0.0162            -nan     0.1000   -0.0000
   140        0.0115            -nan     0.1000   -0.0000
   150        0.0095            -nan     0.1000   -0.0000

Iter   TrainDeviance   ValidDeviance   StepSize   Improve
     1        1.1871            -nan     0.1000    0.0657
     2        1.0791            -nan     0.1000    0.0524
     3        0.9803            -nan     0.1000    0.0466
     4        0.8998            -nan     0.1000    0.0368
     5        0.8284            -nan     0.1000    0.0351
     6        0.7701            -nan     0.1000    0.0292
     7        0.7157            -nan     0.1000    0.0258
     8        0.6669            -nan     0.1000    0.0235
     9        0.6258            -nan     0.1000    0.0181
    10        0.5880            -nan     0.1000    0.0183
    20        0.3699            -nan     0.1000    0.0056
    40        0.2174            -nan     0.1000    0.0020
    60        0.1613            -nan     0.1000   -0.0004
    80        0.1287            -nan     0.1000   -0.0000
   100        0.1060            -nan     0.1000    0.0001
   120        0.0897            -nan     0.1000   -0.0003
   140        0.0769            -nan     0.1000   -0.0003
   150        0.0694            -nan     0.1000   -0.0005

Iter   TrainDeviance   ValidDeviance   StepSize   Improve
     1        1.1741            -nan     0.1000    0.0728
     2        1.0517            -nan     0.1000    0.0606
     3        0.9458            -nan     0.1000    0.0526
     4        0.8560            -nan     0.1000    0.0436
     5        0.7817            -nan     0.1000    0.0362
     6        0.7137            -nan     0.1000    0.0321
     7        0.6562            -nan     0.1000    0.0266
     8        0.6049            -nan     0.1000    0.0239
     9        0.5618            -nan     0.1000    0.0197
    10        0.5215            -nan     0.1000    0.0190
    20        0.2902            -nan     0.1000    0.0063
    40        0.1407            -nan     0.1000    0.0004
    60        0.0905            -nan     0.1000   -0.0000
    80        0.0613            -nan     0.1000    0.0001
   100        0.0433            -nan     0.1000   -0.0002
   120        0.0314            -nan     0.1000    0.0001
   140        0.0241            -nan     0.1000   -0.0001
   150        0.0209            -nan     0.1000   -0.0000

Iter   TrainDeviance   ValidDeviance   StepSize   Improve
     1        1.1666            -nan     0.1000    0.0746
     2        1.0381            -nan     0.1000    0.0589
     3        0.9310            -nan     0.1000    0.0500
     4        0.8412            -nan     0.1000    0.0431
     5        0.7659            -nan     0.1000    0.0347
     6        0.7026            -nan     0.1000    0.0285
     7        0.6404            -nan     0.1000    0.0285
     8        0.5899            -nan     0.1000    0.0238
     9        0.5430            -nan     0.1000    0.0232
    10        0.5014            -nan     0.1000    0.0201
    20        0.2589            -nan     0.1000    0.0061
    40        0.1129            -nan     0.1000    0.0004
    60        0.0602            -nan     0.1000    0.0004
    80        0.0358            -nan     0.1000    0.0000
   100        0.0228            -nan     0.1000   -0.0002
   120        0.0149            -nan     0.1000   -0.0001
   140        0.0098            -nan     0.1000    0.0000
   150        0.0077            -nan     0.1000   -0.0000

Iter   TrainDeviance   ValidDeviance   StepSize   Improve
     1        1.1818            -nan     0.1000    0.0698
     2        1.0670            -nan     0.1000    0.0561
     3        0.9748            -nan     0.1000    0.0437
     4        0.8957            -nan     0.1000    0.0383
     5        0.8233            -nan     0.1000    0.0344
     6        0.7562            -nan     0.1000    0.0296
     7        0.7005            -nan     0.1000    0.0240
     8        0.6535            -nan     0.1000    0.0230
     9        0.6110            -nan     0.1000    0.0196
    10        0.5742            -nan     0.1000    0.0175
    20        0.3510            -nan     0.1000    0.0054
    40        0.2028            -nan     0.1000    0.0013
    60        0.1434            -nan     0.1000    0.0005
    80        0.1128            -nan     0.1000   -0.0001
   100        0.0928            -nan     0.1000    0.0002
   120        0.0791            -nan     0.1000   -0.0004
   140        0.0659            -nan     0.1000   -0.0000
   150        0.0605            -nan     0.1000   -0.0002

Iter   TrainDeviance   ValidDeviance   StepSize   Improve
     1        1.1722            -nan     0.1000    0.0778
     2        1.0464            -nan     0.1000    0.0585
     3        0.9435            -nan     0.1000    0.0516
     4        0.8529            -nan     0.1000    0.0398
     5        0.7768            -nan     0.1000    0.0367
     6        0.7114            -nan     0.1000    0.0317
     7        0.6576            -nan     0.1000    0.0247
     8        0.6090            -nan     0.1000    0.0213
     9        0.5646            -nan     0.1000    0.0202
    10        0.5258            -nan     0.1000    0.0181
    20        0.2833            -nan     0.1000    0.0050
    40        0.1465            -nan     0.1000    0.0012
    60        0.0964            -nan     0.1000    0.0000
    80        0.0662            -nan     0.1000   -0.0001
   100        0.0489            -nan     0.1000    0.0001
   120        0.0359            -nan     0.1000   -0.0001
   140        0.0267            -nan     0.1000    0.0000
   150        0.0233            -nan     0.1000    0.0001

Iter   TrainDeviance   ValidDeviance   StepSize   Improve
     1        1.1591            -nan     0.1000    0.0770
     2        1.0323            -nan     0.1000    0.0551
     3        0.9276            -nan     0.1000    0.0498
     4        0.8372            -nan     0.1000    0.0419
     5        0.7595            -nan     0.1000    0.0361
     6        0.6937            -nan     0.1000    0.0322
     7        0.6366            -nan     0.1000    0.0256
     8        0.5847            -nan     0.1000    0.0247
     9        0.5410            -nan     0.1000    0.0203
    10        0.5007            -nan     0.1000    0.0179
    20        0.2687            -nan     0.1000    0.0052
    40        0.1118            -nan     0.1000    0.0008
    60        0.0575            -nan     0.1000    0.0002
    80        0.0354            -nan     0.1000    0.0001
   100        0.0234            -nan     0.1000   -0.0000
   120        0.0154            -nan     0.1000   -0.0000
   140        0.0110            -nan     0.1000   -0.0001
   150        0.0091            -nan     0.1000   -0.0001

Iter   TrainDeviance   ValidDeviance   StepSize   Improve
     1        1.2029            -nan     0.1000    0.0680
     2        1.0844            -nan     0.1000    0.0588
     3        0.9897            -nan     0.1000    0.0482
     4        0.9037            -nan     0.1000    0.0406
     5        0.8273            -nan     0.1000    0.0358
     6        0.7615            -nan     0.1000    0.0307
     7        0.7045            -nan     0.1000    0.0258
     8        0.6549            -nan     0.1000    0.0227
     9        0.6101            -nan     0.1000    0.0203
    10        0.5718            -nan     0.1000    0.0189
    20        0.3453            -nan     0.1000    0.0058
    40        0.1893            -nan     0.1000    0.0008
    60        0.1291            -nan     0.1000    0.0009
    80        0.0981            -nan     0.1000    0.0002
   100        0.0745            -nan     0.1000    0.0003
   120        0.0608            -nan     0.1000   -0.0005
   140        0.0482            -nan     0.1000   -0.0001
   150        0.0442            -nan     0.1000   -0.0002

Iter   TrainDeviance   ValidDeviance   StepSize   Improve
     1        1.1876            -nan     0.1000    0.0765
     2        1.0634            -nan     0.1000    0.0611
     3        0.9477            -nan     0.1000    0.0543
     4        0.8537            -nan     0.1000    0.0450
     5        0.7747            -nan     0.1000    0.0385
     6        0.7068            -nan     0.1000    0.0312
     7        0.6467            -nan     0.1000    0.0277
     8        0.5928            -nan     0.1000    0.0256
     9        0.5486            -nan     0.1000    0.0179
    10        0.5059            -nan     0.1000    0.0188
    20        0.2602            -nan     0.1000    0.0071
    40        0.1142            -nan     0.1000    0.0007
    60        0.0706            -nan     0.1000    0.0003
    80        0.0465            -nan     0.1000    0.0000
   100        0.0334            -nan     0.1000    0.0001
   120        0.0239            -nan     0.1000    0.0000
   140        0.0183            -nan     0.1000   -0.0000
   150        0.0161            -nan     0.1000   -0.0000

Iter   TrainDeviance   ValidDeviance   StepSize   Improve
     1        1.1827            -nan     0.1000    0.0774
     2        1.0491            -nan     0.1000    0.0652
     3        0.9398            -nan     0.1000    0.0509
     4        0.8451            -nan     0.1000    0.0461
     5        0.7662            -nan     0.1000    0.0374
     6        0.6949            -nan     0.1000    0.0339
     7        0.6386            -nan     0.1000    0.0258
     8        0.5856            -nan     0.1000    0.0254
     9        0.5380            -nan     0.1000    0.0216
    10        0.4963            -nan     0.1000    0.0187
    20        0.2461            -nan     0.1000    0.0057
    40        0.0924            -nan     0.1000    0.0010
    60        0.0483            -nan     0.1000    0.0000
    80        0.0290            -nan     0.1000    0.0001
   100        0.0191            -nan     0.1000   -0.0000
   120        0.0126            -nan     0.1000   -0.0001
   140        0.0085            -nan     0.1000   -0.0000
   150        0.0070            -nan     0.1000    0.0000

Iter   TrainDeviance   ValidDeviance   StepSize   Improve
     1        1.1254            -nan     0.1000    0.0690
     2        1.0154            -nan     0.1000    0.0524
     3        0.9259            -nan     0.1000    0.0432
     4        0.8487            -nan     0.1000    0.0333
     5        0.7824            -nan     0.1000    0.0305
     6        0.7234            -nan     0.1000    0.0287
     7        0.6725            -nan     0.1000    0.0234
     8        0.6305            -nan     0.1000    0.0204
     9        0.5924            -nan     0.1000    0.0171
    10        0.5575            -nan     0.1000    0.0167
    20        0.3492            -nan     0.1000    0.0060
    40        0.2031            -nan     0.1000    0.0014
    60        0.1418            -nan     0.1000    0.0012
    80        0.1142            -nan     0.1000    0.0001
   100        0.0872            -nan     0.1000    0.0003
   120        0.0697            -nan     0.1000    0.0000
   140        0.0547            -nan     0.1000   -0.0001
   150        0.0483            -nan     0.1000   -0.0000

Iter   TrainDeviance   ValidDeviance   StepSize   Improve
     1        1.1044            -nan     0.1000    0.0719
     2        0.9877            -nan     0.1000    0.0548
     3        0.8900            -nan     0.1000    0.0466
     4        0.8036            -nan     0.1000    0.0422
     5        0.7361            -nan     0.1000    0.0310
     6        0.6741            -nan     0.1000    0.0280
     7        0.6177            -nan     0.1000    0.0264
     8        0.5744            -nan     0.1000    0.0192
     9        0.5337            -nan     0.1000    0.0187
    10        0.4955            -nan     0.1000    0.0185
    20        0.2766            -nan     0.1000    0.0056
    40        0.1282            -nan     0.1000    0.0013
    60        0.0749            -nan     0.1000   -0.0001
    80        0.0518            -nan     0.1000    0.0000
   100        0.0350            -nan     0.1000   -0.0001
   120        0.0248            -nan     0.1000    0.0002
   140        0.0174            -nan     0.1000    0.0000
   150        0.0152            -nan     0.1000    0.0000

Iter   TrainDeviance   ValidDeviance   StepSize   Improve
     1        1.1130            -nan     0.1000    0.0682
     2        0.9903            -nan     0.1000    0.0609
     3        0.8895            -nan     0.1000    0.0470
     4        0.7960            -nan     0.1000    0.0461
     5        0.7170            -nan     0.1000    0.0362
     6        0.6506            -nan     0.1000    0.0327
     7        0.5940            -nan     0.1000    0.0257
     8        0.5420            -nan     0.1000    0.0238
     9        0.4960            -nan     0.1000    0.0214
    10        0.4600            -nan     0.1000    0.0177
    20        0.2408            -nan     0.1000    0.0072
    40        0.0938            -nan     0.1000    0.0014
    60        0.0496            -nan     0.1000    0.0003
    80        0.0280            -nan     0.1000    0.0001
   100        0.0171            -nan     0.1000    0.0000
   120        0.0107            -nan     0.1000    0.0000
   140        0.0067            -nan     0.1000    0.0000
   150        0.0052            -nan     0.1000   -0.0000

Iter   TrainDeviance   ValidDeviance   StepSize   Improve
     1        1.1929            -nan     0.1000    0.0673
     2        1.0821            -nan     0.1000    0.0513
     3        0.9856            -nan     0.1000    0.0473
     4        0.9054            -nan     0.1000    0.0364
     5        0.8395            -nan     0.1000    0.0303
     6        0.7762            -nan     0.1000    0.0296
     7        0.7171            -nan     0.1000    0.0290
     8        0.6693            -nan     0.1000    0.0246
     9        0.6245            -nan     0.1000    0.0209
    10        0.5881            -nan     0.1000    0.0165
    20        0.3568            -nan     0.1000    0.0072
    40        0.2010            -nan     0.1000    0.0013
    60        0.1367            -nan     0.1000    0.0009
    80        0.1061            -nan     0.1000    0.0007
   100        0.0754            -nan     0.1000   -0.0001
   120        0.0585            -nan     0.1000   -0.0000
   140        0.0461            -nan     0.1000    0.0000
   150        0.0410            -nan     0.1000   -0.0000

Iter   TrainDeviance   ValidDeviance   StepSize   Improve
     1        1.1810            -nan     0.1000    0.0718
     2        1.0565            -nan     0.1000    0.0585
     3        0.9527            -nan     0.1000    0.0518
     4        0.8649            -nan     0.1000    0.0412
     5        0.7810            -nan     0.1000    0.0402
     6        0.7111            -nan     0.1000    0.0340
     7        0.6484            -nan     0.1000    0.0297
     8        0.5958            -nan     0.1000    0.0249
     9        0.5494            -nan     0.1000    0.0211
    10        0.5093            -nan     0.1000    0.0193
    20        0.2691            -nan     0.1000    0.0056
    40        0.1190            -nan     0.1000    0.0024
    60        0.0712            -nan     0.1000   -0.0000
    80        0.0444            -nan     0.1000    0.0001
   100        0.0312            -nan     0.1000    0.0001
   120        0.0218            -nan     0.1000    0.0001
   140        0.0160            -nan     0.1000    0.0001
   150        0.0137            -nan     0.1000    0.0001

Iter   TrainDeviance   ValidDeviance   StepSize   Improve
     1        1.1664            -nan     0.1000    0.0791
     2        1.0277            -nan     0.1000    0.0675
     3        0.9199            -nan     0.1000    0.0525
     4        0.8260            -nan     0.1000    0.0452
     5        0.7474            -nan     0.1000    0.0370
     6        0.6797            -nan     0.1000    0.0300
     7        0.6203            -nan     0.1000    0.0269
     8        0.5658            -nan     0.1000    0.0259
     9        0.5181            -nan     0.1000    0.0231
    10        0.4747            -nan     0.1000    0.0212
    20        0.2383            -nan     0.1000    0.0064
    40        0.0895            -nan     0.1000    0.0013
    60        0.0486            -nan     0.1000   -0.0001
    80        0.0275            -nan     0.1000   -0.0001
   100        0.0162            -nan     0.1000   -0.0000
   120        0.0102            -nan     0.1000    0.0001
   140        0.0068            -nan     0.1000   -0.0001
   150        0.0054            -nan     0.1000   -0.0000

Iter   TrainDeviance   ValidDeviance   StepSize   Improve
     1        1.2135            -nan     0.1000    0.0574
     2        1.0994            -nan     0.1000    0.0557
     3        1.0072            -nan     0.1000    0.0454
     4        0.9298            -nan     0.1000    0.0362
     5        0.8575            -nan     0.1000    0.0338
     6        0.7945            -nan     0.1000    0.0304
     7        0.7387            -nan     0.1000    0.0267
     8        0.6861            -nan     0.1000    0.0248
     9        0.6405            -nan     0.1000    0.0213
    10        0.6011            -nan     0.1000    0.0175
    20        0.3759            -nan     0.1000    0.0048
    40        0.2002            -nan     0.1000    0.0003
    60        0.1349            -nan     0.1000    0.0002
    80        0.0969            -nan     0.1000    0.0002
   100        0.0725            -nan     0.1000    0.0000
   120        0.0549            -nan     0.1000    0.0002
   140        0.0412            -nan     0.1000    0.0002
   150        0.0365            -nan     0.1000   -0.0001

Iter   TrainDeviance   ValidDeviance   StepSize   Improve
     1        1.1936            -nan     0.1000    0.0693
     2        1.0748            -nan     0.1000    0.0591
     3        0.9673            -nan     0.1000    0.0507
     4        0.8805            -nan     0.1000    0.0425
     5        0.8053            -nan     0.1000    0.0349
     6        0.7448            -nan     0.1000    0.0253
     7        0.6817            -nan     0.1000    0.0294
     8        0.6293            -nan     0.1000    0.0241
     9        0.5771            -nan     0.1000    0.0233
    10        0.5337            -nan     0.1000    0.0202
    20        0.2875            -nan     0.1000    0.0068
    40        0.1193            -nan     0.1000    0.0016
    60        0.0656            -nan     0.1000    0.0008
    80        0.0406            -nan     0.1000    0.0003
   100        0.0276            -nan     0.1000    0.0000
   120        0.0184            -nan     0.1000    0.0001
   140        0.0131            -nan     0.1000   -0.0001
   150        0.0107            -nan     0.1000   -0.0000

Iter   TrainDeviance   ValidDeviance   StepSize   Improve
     1        1.1801            -nan     0.1000    0.0742
     2        1.0522            -nan     0.1000    0.0629
     3        0.9409            -nan     0.1000    0.0533
     4        0.8513            -nan     0.1000    0.0437
     5        0.7699            -nan     0.1000    0.0395
     6        0.7037            -nan     0.1000    0.0308
     7        0.6464            -nan     0.1000    0.0246
     8        0.5914            -nan     0.1000    0.0270
     9        0.5449            -nan     0.1000    0.0216
    10        0.5043            -nan     0.1000    0.0191
    20        0.2403            -nan     0.1000    0.0066
    40        0.0873            -nan     0.1000    0.0014
    60        0.0406            -nan     0.1000    0.0004
    80        0.0230            -nan     0.1000    0.0003
   100        0.0141            -nan     0.1000    0.0001
   120        0.0086            -nan     0.1000    0.0001
   140        0.0050            -nan     0.1000    0.0001
   150        0.0039            -nan     0.1000    0.0000

Iter   TrainDeviance   ValidDeviance   StepSize   Improve
     1        1.1661            -nan     0.1000    0.0790
     2        1.0443            -nan     0.1000    0.0622
     3        0.9438            -nan     0.1000    0.0490
     4        0.8564            -nan     0.1000    0.0434
     5        0.7864            -nan     0.1000    0.0345
     6        0.7199            -nan     0.1000    0.0295
     7        0.6611            -nan     0.1000    0.0260
     8        0.6146            -nan     0.1000    0.0197
     9        0.5674            -nan     0.1000    0.0215
    10        0.5269            -nan     0.1000    0.0185
    20        0.3042            -nan     0.1000    0.0059
    40        0.1586            -nan     0.1000    0.0005
    60        0.1054            -nan     0.1000   -0.0002
    80        0.0768            -nan     0.1000   -0.0002
   100        0.0575            -nan     0.1000    0.0002
   120        0.0443            -nan     0.1000   -0.0002
   140        0.0343            -nan     0.1000    0.0000
   150        0.0304            -nan     0.1000   -0.0001

TRAINING SUCCESSFUL
The most important attribute: V22 (for technique: gbm)
________________
Dataset: wdbc 
Technique: gcvEarth 
Probability table:

        1         2 
0.6274165 0.3725835 
BEGIN TRAINING
TRAINING SUCCESSFUL
The most important attribute: V24 (for technique: gcvEarth)
________________
Dataset: wdbc 
Technique: JRip 
Probability table:

        1         2 
0.6274165 0.3725835 
BEGIN TRAINING
TRAINING SUCCESSFUL
The most important attribute: V23 (for technique: JRip)
________________
Dataset: wdbc 
Technique: lvq 
Probability table:

        1         2 
0.6274165 0.3725835 
BEGIN TRAINING
TRAINING SUCCESSFUL
The most important attribute: V22 (for technique: lvq)
________________
Dataset: wdbc 
Technique: mlpML 
Probability table:

        1         2 
0.6274165 0.3725835 
BEGIN TRAINING
TRAINING SUCCESSFUL
The most important attribute: V22 (for technique: mlpML)
________________
Dataset: wdbc 
Technique: multinom 
Probability table:

        1         2 
0.6274165 0.3725835 
BEGIN TRAINING
# weights:  32 (31 variable)
initial  value 394.400746 
iter  10 value 53.457191
iter  20 value 27.646283
iter  30 value 18.866236
iter  40 value 16.196943
iter  50 value 15.336033
iter  60 value 14.793582
iter  70 value 14.340637
iter  80 value 13.847773
iter  90 value 13.481332
iter 100 value 12.881769
final  value 12.881769 
stopped after 100 iterations
TRAINING SUCCESSFUL
The most important attribute: V4 (for technique: multinom)
________________
Dataset: wdbc 
Technique: naive_bayes 
Probability table:

        1         2 
0.6274165 0.3725835 
BEGIN TRAINING
TRAINING SUCCESSFUL
The most important attribute: V1 (for technique: naive_bayes)
________________
Dataset: wdbc 
Technique: PART 
Probability table:

        1         2 
0.6274165 0.3725835 
BEGIN TRAINING
TRAINING SUCCESSFUL
The most important attribute: V28 (for technique: PART)
________________
Dataset: wdbc 
Technique: rbfDDA 
Probability table:

        1         2 
0.6274165 0.3725835 
BEGIN TRAINING
TRAINING SUCCESSFUL
The most important attribute: V23 (for technique: rbfDDA)
________________
Dataset: wdbc 
Technique: rda 
Probability table:

        1         2 
0.6274165 0.3725835 
BEGIN TRAINING
TRAINING SUCCESSFUL
The most important attribute: V1 (for technique: rda)
________________
Dataset: wdbc 
Technique: rf 
Probability table:

        1         2 
0.6274165 0.3725835 
BEGIN TRAINING
TRAINING SUCCESSFUL
The most important attribute: V14 (for technique: rf)
________________
Dataset: wdbc 
Technique: rpart 
Probability table:

        1         2 
0.6274165 0.3725835 
BEGIN TRAINING
TRAINING SUCCESSFUL
The most important attribute: V21 (for technique: rpart)
________________
Dataset: wdbc 
Technique: simpls 
Probability table:

        1         2 
0.6274165 0.3725835 
BEGIN TRAINING
TRAINING SUCCESSFUL
The most important attribute: V21 (for technique: simpls)
________________
Dataset: wdbc 
Technique: svmLinear 
Probability table:

        1         2 
0.6274165 0.3725835 
BEGIN TRAINING
TRAINING SUCCESSFUL
The most important attribute: V22 (for technique: svmLinear)
________________
Dataset: wdbc 
Technique: svmRadial 
Probability table:

        1         2 
0.6274165 0.3725835 
BEGIN TRAINING
TRAINING SUCCESSFUL
The most important attribute: V22 (for technique: svmRadial)
________________
Dataset: wdbc 
Technique: rfRules 
Probability table:

        1         2 
0.6274165 0.3725835 
BEGIN TRAINING
Registered S3 method overwritten by 'RRF':
  method      from        
  plot.margin randomForest
1976 rules (length<=2) were extracted from the first 500 trees.
3232 rules (length<=3) were extracted from the first 500 trees.
4012 rules (length<=4) were extracted from the first 500 trees.
1997 rules (length<=2) were extracted from the first 500 trees.
3435 rules (length<=3) were extracted from the first 500 trees.
4621 rules (length<=4) were extracted from the first 500 trees.
1992 rules (length<=2) were extracted from the first 500 trees.
3553 rules (length<=3) were extracted from the first 500 trees.
4683 rules (length<=4) were extracted from the first 500 trees.
1996 rules (length<=2) were extracted from the first 500 trees.
3567 rules (length<=3) were extracted from the first 500 trees.
4525 rules (length<=4) were extracted from the first 500 trees.
1982 rules (length<=2) were extracted from the first 500 trees.
3532 rules (length<=3) were extracted from the first 500 trees.
5016 rules (length<=4) were extracted from the first 500 trees.
1997 rules (length<=2) were extracted from the first 500 trees.
3436 rules (length<=3) were extracted from the first 500 trees.
4686 rules (length<=4) were extracted from the first 500 trees.
2000 rules (length<=2) were extracted from the first 500 trees.
3595 rules (length<=3) were extracted from the first 500 trees.
4793 rules (length<=4) were extracted from the first 500 trees.
1969 rules (length<=2) were extracted from the first 500 trees.
3295 rules (length<=3) were extracted from the first 500 trees.
4030 rules (length<=4) were extracted from the first 500 trees.
1998 rules (length<=2) were extracted from the first 500 trees.
3712 rules (length<=3) were extracted from the first 500 trees.
5451 rules (length<=4) were extracted from the first 500 trees.
1993 rules (length<=2) were extracted from the first 500 trees.
3505 rules (length<=3) were extracted from the first 500 trees.
4607 rules (length<=4) were extracted from the first 500 trees.
1999 rules (length<=2) were extracted from the first 500 trees.
3422 rules (length<=3) were extracted from the first 500 trees.
4314 rules (length<=4) were extracted from the first 500 trees.
2000 rules (length<=2) were extracted from the first 500 trees.
3729 rules (length<=3) were extracted from the first 500 trees.
5280 rules (length<=4) were extracted from the first 500 trees.
1999 rules (length<=2) were extracted from the first 500 trees.
3650 rules (length<=3) were extracted from the first 500 trees.
4944 rules (length<=4) were extracted from the first 500 trees.
1997 rules (length<=2) were extracted from the first 500 trees.
3703 rules (length<=3) were extracted from the first 500 trees.
5045 rules (length<=4) were extracted from the first 500 trees.
1992 rules (length<=2) were extracted from the first 500 trees.
3571 rules (length<=3) were extracted from the first 500 trees.
4890 rules (length<=4) were extracted from the first 500 trees.
1998 rules (length<=2) were extracted from the first 500 trees.
3670 rules (length<=3) were extracted from the first 500 trees.
4900 rules (length<=4) were extracted from the first 500 trees.
1998 rules (length<=2) were extracted from the first 500 trees.
3729 rules (length<=3) were extracted from the first 500 trees.
5191 rules (length<=4) were extracted from the first 500 trees.
2000 rules (length<=2) were extracted from the first 500 trees.
3705 rules (length<=3) were extracted from the first 500 trees.
5275 rules (length<=4) were extracted from the first 500 trees.
1998 rules (length<=2) were extracted from the first 500 trees.
3553 rules (length<=3) were extracted from the first 500 trees.
4547 rules (length<=4) were extracted from the first 500 trees.
1999 rules (length<=2) were extracted from the first 500 trees.
3652 rules (length<=3) were extracted from the first 500 trees.
5066 rules (length<=4) were extracted from the first 500 trees.
1998 rules (length<=2) were extracted from the first 500 trees.
3747 rules (length<=3) were extracted from the first 500 trees.
5135 rules (length<=4) were extracted from the first 500 trees.
1997 rules (length<=2) were extracted from the first 500 trees.
3498 rules (length<=3) were extracted from the first 500 trees.
4423 rules (length<=4) were extracted from the first 500 trees.
1992 rules (length<=2) were extracted from the first 500 trees.
3391 rules (length<=3) were extracted from the first 500 trees.
4367 rules (length<=4) were extracted from the first 500 trees.
1999 rules (length<=2) were extracted from the first 500 trees.
3598 rules (length<=3) were extracted from the first 500 trees.
5059 rules (length<=4) were extracted from the first 500 trees.
1984 rules (length<=2) were extracted from the first 500 trees.
3499 rules (length<=3) were extracted from the first 500 trees.
4738 rules (length<=4) were extracted from the first 500 trees.
3756 rules (length<=3) were extracted from the first 500 trees.
TRAINING SUCCESSFUL
The most important attribute: V24 (for technique: rfRules)
________________
Dataset: wdbc 
Technique: knn 
Probability table:

        1         2 
0.6274165 0.3725835 
BEGIN TRAINING
TRAINING SUCCESSFUL
The most important attribute: V22 (for technique: knn)
________________
Dataset: wdbc 
Technique: bayesglm 
Probability table:

        1         2 
0.6274165 0.3725835 
BEGIN TRAINING
TRAINING SUCCESSFUL
The most important attribute: V24 (for technique: bayesglm)
________________
Most important attribute obtained with all techniques
----------------
There were 50 or more warnings (use warnings() to see the first 50)
****************
RESULTS RECORDED
****************
