Current working directory: /home/chris/github/kappa-threshold 
parameters.csv exists: TRUE 
parameters.csv absolute path: /home/chris/github/kappa-threshold/data/files/parameters.csv 
Dataset: wilt 
Technique: C5.0 
Probability table:

         1          2 
0.94606324 0.05393676 
BEGIN TRAINING
TRAINING SUCCESSFUL
The most important attribute: Mean_R (for technique: C5.0)
________________
Dataset: wilt 
Technique: ctree 
Probability table:

         1          2 
0.94606324 0.05393676 
BEGIN TRAINING
TRAINING SUCCESSFUL
The most important attribute: Mean_R (for technique: ctree)
________________
Dataset: wilt 
Technique: fda 
Probability table:

         1          2 
0.94606324 0.05393676 
BEGIN TRAINING
TRAINING SUCCESSFUL
The most important attribute: Mean_G (for technique: fda)
________________
Dataset: wilt 
Technique: gbm 
Probability table:

         1          2 
0.94606324 0.05393676 
BEGIN TRAINING
Iter   TrainDeviance   ValidDeviance   StepSize   Improve
     1        0.3918            -nan     0.1000    0.0027
     2        0.3862            -nan     0.1000    0.0027
     3        0.3819            -nan     0.1000    0.0017
     4        0.3761            -nan     0.1000    0.0029
     5        0.3710            -nan     0.1000    0.0022
     6        0.3660            -nan     0.1000    0.0024
     7        0.3612            -nan     0.1000    0.0019
     8        0.3570            -nan     0.1000    0.0023
     9        0.3520            -nan     0.1000    0.0024
    10        0.3471            -nan     0.1000    0.0023
    20        0.3063            -nan     0.1000    0.0018
    40        0.2471            -nan     0.1000    0.0010
    60        0.2091            -nan     0.1000    0.0005
    80        0.1819            -nan     0.1000   -0.0001
   100        0.1625            -nan     0.1000    0.0003
   120        0.1477            -nan     0.1000    0.0001
   140        0.1356            -nan     0.1000    0.0003
   150        0.1325            -nan     0.1000   -0.0001

Iter   TrainDeviance   ValidDeviance   StepSize   Improve
     1        0.3106            -nan     0.1000    0.0400
     2        0.3036            -nan     0.1000    0.0007
     3        0.2836            -nan     0.1000    0.0113
     4        0.2612            -nan     0.1000    0.0092
     5        0.2483            -nan     0.1000    0.0054
     6        0.2394            -nan     0.1000    0.0034
     7        0.2299            -nan     0.1000    0.0044
     8        0.2239            -nan     0.1000    0.0028
     9        0.2160            -nan     0.1000    0.0032
    10        0.2054            -nan     0.1000    0.0050
    20        0.1587            -nan     0.1000    0.0005
    40        0.1224            -nan     0.1000    0.0000
    60        0.1020            -nan     0.1000   -0.0000
    80        0.0860            -nan     0.1000    0.0001
   100        0.0762            -nan     0.1000    0.0003
   120        0.0658            -nan     0.1000    0.0000
   140        0.0603            -nan     0.1000   -0.0000
   150        0.0570            -nan     0.1000    0.0000

Iter   TrainDeviance   ValidDeviance   StepSize   Improve
     1        0.3084            -nan     0.1000    0.0428
     2        0.2867            -nan     0.1000    0.0110
     3        0.2643            -nan     0.1000    0.0102
     4        0.2517            -nan     0.1000    0.0052
     5        0.2333            -nan     0.1000    0.0074
     6        0.2190            -nan     0.1000    0.0052
     7        0.2079            -nan     0.1000    0.0054
     8        0.1991            -nan     0.1000    0.0040
     9        0.1940            -nan     0.1000    0.0021
    10        0.1905            -nan     0.1000    0.0005
    20        0.1406            -nan     0.1000    0.0015
    40        0.1006            -nan     0.1000    0.0011
    60        0.0764            -nan     0.1000    0.0003
    80        0.0605            -nan     0.1000    0.0001
   100        0.0512            -nan     0.1000    0.0004
   120        0.0458            -nan     0.1000   -0.0000
   140        0.0400            -nan     0.1000   -0.0000
   150        0.0357            -nan     0.1000   -0.0000

Iter   TrainDeviance   ValidDeviance   StepSize   Improve
     1        0.4031            -nan     0.1000    0.0031
     2        0.3978            -nan     0.1000    0.0024
     3        0.3927            -nan     0.1000    0.0027
     4        0.3883            -nan     0.1000    0.0023
     5        0.3827            -nan     0.1000    0.0025
     6        0.3777            -nan     0.1000    0.0021
     7        0.3727            -nan     0.1000    0.0025
     8        0.3688            -nan     0.1000    0.0019
     9        0.3645            -nan     0.1000    0.0021
    10        0.3603            -nan     0.1000    0.0018
    20        0.3216            -nan     0.1000    0.0009
    40        0.2586            -nan     0.1000    0.0009
    60        0.2229            -nan     0.1000    0.0006
    80        0.1957            -nan     0.1000    0.0005
   100        0.1796            -nan     0.1000    0.0001
   120        0.1648            -nan     0.1000    0.0002
   140        0.1527            -nan     0.1000   -0.0001
   150        0.1472            -nan     0.1000    0.0005

Iter   TrainDeviance   ValidDeviance   StepSize   Improve
     1        0.3214            -nan     0.1000    0.0420
     2        0.2980            -nan     0.1000    0.0095
     3        0.2840            -nan     0.1000    0.0070
     4        0.2672            -nan     0.1000    0.0044
     5        0.2573            -nan     0.1000    0.0046
     6        0.2481            -nan     0.1000    0.0041
     7        0.2430            -nan     0.1000    0.0019
     8        0.2339            -nan     0.1000    0.0047
     9        0.2294            -nan     0.1000    0.0017
    10        0.2270            -nan     0.1000    0.0012
    20        0.1890            -nan     0.1000    0.0007
    40        0.1356            -nan     0.1000    0.0002
    60        0.1117            -nan     0.1000   -0.0004
    80        0.0986            -nan     0.1000    0.0000
   100        0.0867            -nan     0.1000   -0.0000
   120        0.0776            -nan     0.1000   -0.0000
   140        0.0728            -nan     0.1000    0.0000
   150        0.0700            -nan     0.1000    0.0001

Iter   TrainDeviance   ValidDeviance   StepSize   Improve
     1        0.3138            -nan     0.1000    0.0443
     2        0.2897            -nan     0.1000    0.0104
     3        0.2790            -nan     0.1000    0.0050
     4        0.2632            -nan     0.1000    0.0074
     5        0.2529            -nan     0.1000    0.0049
     6        0.2401            -nan     0.1000    0.0053
     7        0.2292            -nan     0.1000    0.0041
     8        0.2193            -nan     0.1000    0.0042
     9        0.2138            -nan     0.1000    0.0024
    10        0.2061            -nan     0.1000    0.0029
    20        0.1559            -nan     0.1000    0.0007
    40        0.1134            -nan     0.1000    0.0000
    60        0.0905            -nan     0.1000   -0.0004
    80        0.0756            -nan     0.1000    0.0003
   100        0.0649            -nan     0.1000   -0.0001
   120        0.0561            -nan     0.1000    0.0002
   140        0.0508            -nan     0.1000   -0.0001
   150        0.0480            -nan     0.1000    0.0000

Iter   TrainDeviance   ValidDeviance   StepSize   Improve
     1        0.4246            -nan     0.1000    0.0019
     2        0.4187            -nan     0.1000    0.0030
     3        0.4136            -nan     0.1000    0.0026
     4        0.4079            -nan     0.1000    0.0024
     5        0.4031            -nan     0.1000    0.0026
     6        0.3983            -nan     0.1000    0.0022
     7        0.3936            -nan     0.1000    0.0021
     8        0.3889            -nan     0.1000    0.0019
     9        0.3840            -nan     0.1000    0.0027
    10        0.3791            -nan     0.1000    0.0025
    20        0.3343            -nan     0.1000    0.0019
    40        0.2739            -nan     0.1000    0.0010
    60        0.2341            -nan     0.1000    0.0004
    80        0.2048            -nan     0.1000    0.0009
   100        0.1844            -nan     0.1000    0.0004
   120        0.1670            -nan     0.1000    0.0002
   140        0.1524            -nan     0.1000    0.0006
   150        0.1480            -nan     0.1000    0.0003

Iter   TrainDeviance   ValidDeviance   StepSize   Improve
     1        0.3457            -nan     0.1000    0.0369
     2        0.3168            -nan     0.1000    0.0132
     3        0.3013            -nan     0.1000    0.0040
     4        0.2830            -nan     0.1000    0.0092
     5        0.2707            -nan     0.1000    0.0050
     6        0.2576            -nan     0.1000    0.0058
     7        0.2452            -nan     0.1000    0.0060
     8        0.2355            -nan     0.1000    0.0044
     9        0.2293            -nan     0.1000    0.0022
    10        0.2222            -nan     0.1000    0.0030
    20        0.1744            -nan     0.1000    0.0016
    40        0.1285            -nan     0.1000    0.0007
    60        0.1041            -nan     0.1000   -0.0000
    80        0.0863            -nan     0.1000    0.0000
   100        0.0763            -nan     0.1000    0.0001
   120        0.0663            -nan     0.1000    0.0001
   140        0.0612            -nan     0.1000    0.0000
   150        0.0591            -nan     0.1000    0.0002

Iter   TrainDeviance   ValidDeviance   StepSize   Improve
     1        0.3455            -nan     0.1000    0.0429
     2        0.3159            -nan     0.1000    0.0146
     3        0.2938            -nan     0.1000    0.0078
     4        0.2735            -nan     0.1000    0.0085
     5        0.2632            -nan     0.1000    0.0034
     6        0.2494            -nan     0.1000    0.0057
     7        0.2372            -nan     0.1000    0.0058
     8        0.2274            -nan     0.1000    0.0035
     9        0.2172            -nan     0.1000    0.0047
    10        0.2076            -nan     0.1000    0.0046
    20        0.1555            -nan     0.1000    0.0019
    40        0.1104            -nan     0.1000    0.0002
    60        0.0828            -nan     0.1000    0.0006
    80        0.0669            -nan     0.1000    0.0002
   100        0.0572            -nan     0.1000    0.0000
   120        0.0476            -nan     0.1000    0.0000
   140        0.0430            -nan     0.1000   -0.0000
   150        0.0405            -nan     0.1000    0.0000

Iter   TrainDeviance   ValidDeviance   StepSize   Improve
     1        0.4103            -nan     0.1000    0.0029
     2        0.4047            -nan     0.1000    0.0023
     3        0.3989            -nan     0.1000    0.0026
     4        0.3942            -nan     0.1000    0.0019
     5        0.3896            -nan     0.1000    0.0019
     6        0.3848            -nan     0.1000    0.0023
     7        0.3808            -nan     0.1000    0.0021
     8        0.3764            -nan     0.1000    0.0022
     9        0.3714            -nan     0.1000    0.0022
    10        0.3668            -nan     0.1000    0.0021
    20        0.3259            -nan     0.1000    0.0018
    40        0.2660            -nan     0.1000    0.0012
    60        0.2247            -nan     0.1000    0.0006
    80        0.1947            -nan     0.1000    0.0005
   100        0.1725            -nan     0.1000    0.0003
   120        0.1572            -nan     0.1000    0.0003
   140        0.1448            -nan     0.1000    0.0002
   150        0.1387            -nan     0.1000   -0.0000

Iter   TrainDeviance   ValidDeviance   StepSize   Improve
     1        0.3336            -nan     0.1000    0.0450
     2        0.3126            -nan     0.1000    0.0089
     3        0.2948            -nan     0.1000    0.0081
     4        0.2806            -nan     0.1000    0.0062
     5        0.2744            -nan     0.1000    0.0029
     6        0.2651            -nan     0.1000    0.0042
     7        0.2550            -nan     0.1000    0.0040
     8        0.2382            -nan     0.1000    0.0074
     9        0.2295            -nan     0.1000    0.0036
    10        0.2227            -nan     0.1000    0.0029
    20        0.1754            -nan     0.1000    0.0018
    40        0.1238            -nan     0.1000    0.0010
    60        0.1001            -nan     0.1000    0.0003
    80        0.0864            -nan     0.1000    0.0001
   100        0.0754            -nan     0.1000    0.0004
   120        0.0682            -nan     0.1000   -0.0001
   140        0.0614            -nan     0.1000   -0.0001
   150        0.0589            -nan     0.1000   -0.0000

Iter   TrainDeviance   ValidDeviance   StepSize   Improve
     1        0.3204            -nan     0.1000    0.0394
     2        0.3008            -nan     0.1000    0.0098
     3        0.2883            -nan     0.1000    0.0059
     4        0.2690            -nan     0.1000    0.0075
     5        0.2566            -nan     0.1000    0.0061
     6        0.2475            -nan     0.1000    0.0041
     7        0.2349            -nan     0.1000    0.0061
     8        0.2222            -nan     0.1000    0.0063
     9        0.2113            -nan     0.1000    0.0028
    10        0.2041            -nan     0.1000    0.0034
    20        0.1465            -nan     0.1000    0.0022
    40        0.0996            -nan     0.1000    0.0000
    60        0.0742            -nan     0.1000    0.0002
    80        0.0605            -nan     0.1000    0.0000
   100        0.0525            -nan     0.1000   -0.0000
   120        0.0449            -nan     0.1000    0.0001
   140        0.0386            -nan     0.1000    0.0000
   150        0.0364            -nan     0.1000   -0.0001

Iter   TrainDeviance   ValidDeviance   StepSize   Improve
     1        0.4245            -nan     0.1000    0.0032
     2        0.4198            -nan     0.1000    0.0022
     3        0.4150            -nan     0.1000    0.0024
     4        0.4103            -nan     0.1000    0.0020
     5        0.4048            -nan     0.1000    0.0028
     6        0.3997            -nan     0.1000    0.0025
     7        0.3944            -nan     0.1000    0.0022
     8        0.3898            -nan     0.1000    0.0023
     9        0.3850            -nan     0.1000    0.0019
    10        0.3810            -nan     0.1000    0.0019
    20        0.3403            -nan     0.1000    0.0018
    40        0.2760            -nan     0.1000    0.0013
    60        0.2318            -nan     0.1000    0.0007
    80        0.2045            -nan     0.1000    0.0004
   100        0.1847            -nan     0.1000    0.0004
   120        0.1694            -nan     0.1000    0.0005
   140        0.1558            -nan     0.1000    0.0003
   150        0.1505            -nan     0.1000   -0.0001

Iter   TrainDeviance   ValidDeviance   StepSize   Improve
     1        0.3624            -nan     0.1000    0.0334
     2        0.3261            -nan     0.1000    0.0186
     3        0.3161            -nan     0.1000    0.0017
     4        0.2921            -nan     0.1000    0.0112
     5        0.2764            -nan     0.1000    0.0074
     6        0.2638            -nan     0.1000    0.0059
     7        0.2533            -nan     0.1000    0.0047
     8        0.2414            -nan     0.1000    0.0044
     9        0.2333            -nan     0.1000    0.0035
    10        0.2257            -nan     0.1000    0.0031
    20        0.1769            -nan     0.1000    0.0016
    40        0.1270            -nan     0.1000    0.0011
    60        0.1015            -nan     0.1000    0.0003
    80        0.0875            -nan     0.1000    0.0001
   100        0.0763            -nan     0.1000    0.0001
   120        0.0691            -nan     0.1000   -0.0001
   140        0.0631            -nan     0.1000    0.0001
   150        0.0607            -nan     0.1000    0.0000

Iter   TrainDeviance   ValidDeviance   StepSize   Improve
     1        0.3446            -nan     0.1000    0.0366
     2        0.3172            -nan     0.1000    0.0129
     3        0.2978            -nan     0.1000    0.0084
     4        0.2826            -nan     0.1000    0.0070
     5        0.2616            -nan     0.1000    0.0097
     6        0.2487            -nan     0.1000    0.0058
     7        0.2387            -nan     0.1000    0.0042
     8        0.2287            -nan     0.1000    0.0043
     9        0.2182            -nan     0.1000    0.0044
    10        0.2119            -nan     0.1000    0.0026
    20        0.1534            -nan     0.1000    0.0025
    40        0.1012            -nan     0.1000    0.0011
    60        0.0769            -nan     0.1000    0.0004
    80        0.0654            -nan     0.1000   -0.0001
   100        0.0563            -nan     0.1000   -0.0000
   120        0.0501            -nan     0.1000   -0.0001
   140        0.0423            -nan     0.1000    0.0000
   150        0.0402            -nan     0.1000   -0.0001

Iter   TrainDeviance   ValidDeviance   StepSize   Improve
     1        0.4192            -nan     0.1000    0.0033
     2        0.4137            -nan     0.1000    0.0023
     3        0.4076            -nan     0.1000    0.0031
     4        0.4014            -nan     0.1000    0.0024
     5        0.3967            -nan     0.1000    0.0020
     6        0.3890            -nan     0.1000    0.0027
     7        0.3828            -nan     0.1000    0.0023
     8        0.3776            -nan     0.1000    0.0026
     9        0.3733            -nan     0.1000    0.0018
    10        0.3694            -nan     0.1000    0.0018
    20        0.3218            -nan     0.1000    0.0015
    40        0.2581            -nan     0.1000    0.0013
    60        0.2203            -nan     0.1000    0.0006
    80        0.1919            -nan     0.1000    0.0005
   100        0.1735            -nan     0.1000    0.0003
   120        0.1597            -nan     0.1000    0.0003
   140        0.1488            -nan     0.1000   -0.0001
   150        0.1460            -nan     0.1000   -0.0001

Iter   TrainDeviance   ValidDeviance   StepSize   Improve
     1        0.3336            -nan     0.1000    0.0479
     2        0.3138            -nan     0.1000    0.0097
     3        0.2963            -nan     0.1000    0.0073
     4        0.2824            -nan     0.1000    0.0066
     5        0.2675            -nan     0.1000    0.0075
     6        0.2583            -nan     0.1000    0.0039
     7        0.2473            -nan     0.1000    0.0038
     8        0.2397            -nan     0.1000    0.0037
     9        0.2298            -nan     0.1000    0.0048
    10        0.2242            -nan     0.1000    0.0020
    20        0.1784            -nan     0.1000    0.0001
    40        0.1340            -nan     0.1000   -0.0003
    60        0.1086            -nan     0.1000   -0.0002
    80        0.0973            -nan     0.1000    0.0001
   100        0.0840            -nan     0.1000   -0.0001
   120        0.0749            -nan     0.1000    0.0002
   140        0.0695            -nan     0.1000    0.0000
   150        0.0680            -nan     0.1000    0.0001

Iter   TrainDeviance   ValidDeviance   StepSize   Improve
     1        0.3358            -nan     0.1000    0.0427
     2        0.3037            -nan     0.1000    0.0135
     3        0.2871            -nan     0.1000    0.0078
     4        0.2710            -nan     0.1000    0.0083
     5        0.2550            -nan     0.1000    0.0069
     6        0.2437            -nan     0.1000    0.0048
     7        0.2329            -nan     0.1000    0.0037
     8        0.2217            -nan     0.1000    0.0056
     9        0.2121            -nan     0.1000    0.0038
    10        0.2059            -nan     0.1000    0.0025
    20        0.1588            -nan     0.1000    0.0022
    40        0.1162            -nan     0.1000    0.0002
    60        0.0873            -nan     0.1000   -0.0000
    80        0.0754            -nan     0.1000    0.0000
   100        0.0645            -nan     0.1000   -0.0000
   120        0.0568            -nan     0.1000    0.0000
   140        0.0510            -nan     0.1000    0.0001
   150        0.0483            -nan     0.1000    0.0001

Iter   TrainDeviance   ValidDeviance   StepSize   Improve
     1        0.4146            -nan     0.1000    0.0027
     2        0.4101            -nan     0.1000    0.0024
     3        0.4047            -nan     0.1000    0.0027
     4        0.3999            -nan     0.1000    0.0020
     5        0.3962            -nan     0.1000    0.0014
     6        0.3906            -nan     0.1000    0.0026
     7        0.3853            -nan     0.1000    0.0024
     8        0.3808            -nan     0.1000    0.0015
     9        0.3760            -nan     0.1000    0.0021
    10        0.3722            -nan     0.1000    0.0020
    20        0.3328            -nan     0.1000    0.0014
    40        0.2773            -nan     0.1000    0.0008
    60        0.2384            -nan     0.1000    0.0010
    80        0.2134            -nan     0.1000    0.0003
   100        0.1939            -nan     0.1000    0.0002
   120        0.1801            -nan     0.1000    0.0003
   140        0.1659            -nan     0.1000    0.0004
   150        0.1611            -nan     0.1000    0.0001

Iter   TrainDeviance   ValidDeviance   StepSize   Improve
     1        0.3399            -nan     0.1000    0.0393
     2        0.3294            -nan     0.1000    0.0036
     3        0.3088            -nan     0.1000    0.0085
     4        0.2920            -nan     0.1000    0.0078
     5        0.2809            -nan     0.1000    0.0044
     6        0.2688            -nan     0.1000    0.0058
     7        0.2634            -nan     0.1000    0.0027
     8        0.2555            -nan     0.1000    0.0036
     9        0.2421            -nan     0.1000    0.0041
    10        0.2378            -nan     0.1000    0.0020
    20        0.1875            -nan     0.1000    0.0008
    40        0.1338            -nan     0.1000    0.0004
    60        0.1104            -nan     0.1000    0.0002
    80        0.0939            -nan     0.1000    0.0001
   100        0.0843            -nan     0.1000   -0.0000
   120        0.0768            -nan     0.1000   -0.0001
   140        0.0702            -nan     0.1000    0.0001
   150        0.0668            -nan     0.1000    0.0001

Iter   TrainDeviance   ValidDeviance   StepSize   Improve
     1        0.3408            -nan     0.1000    0.0405
     2        0.3153            -nan     0.1000    0.0119
     3        0.2960            -nan     0.1000    0.0083
     4        0.2819            -nan     0.1000    0.0054
     5        0.2657            -nan     0.1000    0.0055
     6        0.2520            -nan     0.1000    0.0063
     7        0.2396            -nan     0.1000    0.0063
     8        0.2298            -nan     0.1000    0.0043
     9        0.2205            -nan     0.1000    0.0034
    10        0.2106            -nan     0.1000    0.0040
    20        0.1573            -nan     0.1000    0.0017
    40        0.1094            -nan     0.1000    0.0000
    60        0.0828            -nan     0.1000    0.0007
    80        0.0691            -nan     0.1000   -0.0001
   100        0.0577            -nan     0.1000    0.0001
   120        0.0511            -nan     0.1000   -0.0000
   140        0.0459            -nan     0.1000    0.0000
   150        0.0441            -nan     0.1000    0.0000

Iter   TrainDeviance   ValidDeviance   StepSize   Improve
     1        0.3910            -nan     0.1000    0.0025
     2        0.3854            -nan     0.1000    0.0019
     3        0.3806            -nan     0.1000    0.0021
     4        0.3753            -nan     0.1000    0.0023
     5        0.3700            -nan     0.1000    0.0024
     6        0.3647            -nan     0.1000    0.0023
     7        0.3597            -nan     0.1000    0.0017
     8        0.3551            -nan     0.1000    0.0018
     9        0.3510            -nan     0.1000    0.0021
    10        0.3466            -nan     0.1000    0.0020
    20        0.3057            -nan     0.1000    0.0014
    40        0.2472            -nan     0.1000    0.0011
    60        0.2065            -nan     0.1000    0.0010
    80        0.1797            -nan     0.1000    0.0004
   100        0.1606            -nan     0.1000    0.0001
   120        0.1440            -nan     0.1000   -0.0001
   140        0.1316            -nan     0.1000    0.0002
   150        0.1261            -nan     0.1000    0.0004

Iter   TrainDeviance   ValidDeviance   StepSize   Improve
     1        0.3095            -nan     0.1000    0.0400
     2        0.2934            -nan     0.1000    0.0065
     3        0.2666            -nan     0.1000    0.0117
     4        0.2565            -nan     0.1000    0.0045
     5        0.2471            -nan     0.1000    0.0044
     6        0.2425            -nan     0.1000    0.0015
     7        0.2308            -nan     0.1000    0.0053
     8        0.2250            -nan     0.1000    0.0027
     9        0.2158            -nan     0.1000    0.0041
    10        0.2073            -nan     0.1000    0.0032
    20        0.1612            -nan     0.1000    0.0007
    40        0.1144            -nan     0.1000    0.0004
    60        0.0908            -nan     0.1000    0.0002
    80        0.0746            -nan     0.1000    0.0002
   100        0.0650            -nan     0.1000   -0.0000
   120        0.0570            -nan     0.1000   -0.0000
   140        0.0498            -nan     0.1000   -0.0000
   150        0.0473            -nan     0.1000   -0.0000

Iter   TrainDeviance   ValidDeviance   StepSize   Improve
     1        0.3044            -nan     0.1000    0.0389
     2        0.2838            -nan     0.1000    0.0095
     3        0.2699            -nan     0.1000    0.0058
     4        0.2589            -nan     0.1000    0.0049
     5        0.2431            -nan     0.1000    0.0070
     6        0.2286            -nan     0.1000    0.0066
     7        0.2177            -nan     0.1000    0.0043
     8        0.2105            -nan     0.1000    0.0034
     9        0.2030            -nan     0.1000    0.0029
    10        0.1930            -nan     0.1000    0.0040
    20        0.1380            -nan     0.1000    0.0014
    40        0.0938            -nan     0.1000    0.0003
    60        0.0679            -nan     0.1000    0.0002
    80        0.0536            -nan     0.1000    0.0001
   100        0.0454            -nan     0.1000    0.0000
   120        0.0374            -nan     0.1000    0.0001
   140        0.0318            -nan     0.1000    0.0000
   150        0.0297            -nan     0.1000    0.0000

Iter   TrainDeviance   ValidDeviance   StepSize   Improve
     1        0.4242            -nan     0.1000    0.0027
     2        0.4179            -nan     0.1000    0.0032
     3        0.4129            -nan     0.1000    0.0026
     4        0.4060            -nan     0.1000    0.0029
     5        0.4012            -nan     0.1000    0.0024
     6        0.3961            -nan     0.1000    0.0025
     7        0.3918            -nan     0.1000    0.0020
     8        0.3865            -nan     0.1000    0.0026
     9        0.3820            -nan     0.1000    0.0024
    10        0.3771            -nan     0.1000    0.0024
    20        0.3305            -nan     0.1000    0.0018
    40        0.2656            -nan     0.1000    0.0012
    60        0.2250            -nan     0.1000    0.0008
    80        0.2002            -nan     0.1000    0.0005
   100        0.1799            -nan     0.1000    0.0001
   120        0.1623            -nan     0.1000    0.0003
   140        0.1500            -nan     0.1000    0.0002
   150        0.1447            -nan     0.1000    0.0000

Iter   TrainDeviance   ValidDeviance   StepSize   Improve
     1        0.3419            -nan     0.1000    0.0424
     2        0.3120            -nan     0.1000    0.0135
     3        0.2975            -nan     0.1000    0.0052
     4        0.2766            -nan     0.1000    0.0105
     5        0.2612            -nan     0.1000    0.0055
     6        0.2576            -nan     0.1000    0.0010
     7        0.2436            -nan     0.1000    0.0068
     8        0.2328            -nan     0.1000    0.0048
     9        0.2242            -nan     0.1000    0.0039
    10        0.2220            -nan     0.1000    0.0006
    20        0.1693            -nan     0.1000    0.0014
    40        0.1221            -nan     0.1000    0.0003
    60        0.0944            -nan     0.1000    0.0004
    80        0.0811            -nan     0.1000    0.0001
   100        0.0712            -nan     0.1000   -0.0000
   120        0.0625            -nan     0.1000    0.0001
   140        0.0572            -nan     0.1000    0.0002
   150        0.0550            -nan     0.1000    0.0000

Iter   TrainDeviance   ValidDeviance   StepSize   Improve
     1        0.3299            -nan     0.1000    0.0470
     2        0.3034            -nan     0.1000    0.0122
     3        0.2858            -nan     0.1000    0.0071
     4        0.2701            -nan     0.1000    0.0065
     5        0.2546            -nan     0.1000    0.0053
     6        0.2402            -nan     0.1000    0.0069
     7        0.2306            -nan     0.1000    0.0042
     8        0.2215            -nan     0.1000    0.0040
     9        0.2139            -nan     0.1000    0.0038
    10        0.2050            -nan     0.1000    0.0041
    20        0.1515            -nan     0.1000    0.0008
    40        0.1065            -nan     0.1000    0.0001
    60        0.0767            -nan     0.1000    0.0003
    80        0.0616            -nan     0.1000    0.0001
   100        0.0526            -nan     0.1000    0.0000
   120        0.0459            -nan     0.1000    0.0001
   140        0.0410            -nan     0.1000    0.0001
   150        0.0386            -nan     0.1000   -0.0001

Iter   TrainDeviance   ValidDeviance   StepSize   Improve
     1        0.3773            -nan     0.1000    0.0027
     2        0.3725            -nan     0.1000    0.0023
     3        0.3670            -nan     0.1000    0.0026
     4        0.3619            -nan     0.1000    0.0019
     5        0.3565            -nan     0.1000    0.0023
     6        0.3524            -nan     0.1000    0.0016
     7        0.3473            -nan     0.1000    0.0023
     8        0.3432            -nan     0.1000    0.0018
     9        0.3379            -nan     0.1000    0.0024
    10        0.3337            -nan     0.1000    0.0016
    20        0.2975            -nan     0.1000    0.0018
    40        0.2390            -nan     0.1000    0.0012
    60        0.2039            -nan     0.1000    0.0001
    80        0.1771            -nan     0.1000    0.0002
   100        0.1601            -nan     0.1000    0.0004
   120        0.1435            -nan     0.1000    0.0002
   140        0.1341            -nan     0.1000    0.0003
   150        0.1286            -nan     0.1000    0.0002

Iter   TrainDeviance   ValidDeviance   StepSize   Improve
     1        0.3028            -nan     0.1000    0.0322
     2        0.2833            -nan     0.1000    0.0080
     3        0.2666            -nan     0.1000    0.0077
     4        0.2537            -nan     0.1000    0.0057
     5        0.2420            -nan     0.1000    0.0052
     6        0.2247            -nan     0.1000    0.0071
     7        0.2208            -nan     0.1000    0.0013
     8        0.2135            -nan     0.1000    0.0028
     9        0.2109            -nan     0.1000    0.0007
    10        0.2022            -nan     0.1000    0.0037
    20        0.1609            -nan     0.1000    0.0021
    40        0.1201            -nan     0.1000   -0.0000
    60        0.0981            -nan     0.1000    0.0015
    80        0.0849            -nan     0.1000    0.0003
   100        0.0741            -nan     0.1000   -0.0001
   120        0.0666            -nan     0.1000   -0.0002
   140        0.0598            -nan     0.1000   -0.0000
   150        0.0572            -nan     0.1000   -0.0001

Iter   TrainDeviance   ValidDeviance   StepSize   Improve
     1        0.2938            -nan     0.1000    0.0420
     2        0.2738            -nan     0.1000    0.0100
     3        0.2556            -nan     0.1000    0.0086
     4        0.2412            -nan     0.1000    0.0066
     5        0.2279            -nan     0.1000    0.0057
     6        0.2180            -nan     0.1000    0.0048
     7        0.2083            -nan     0.1000    0.0042
     8        0.2010            -nan     0.1000    0.0024
     9        0.1929            -nan     0.1000    0.0034
    10        0.1820            -nan     0.1000    0.0053
    20        0.1308            -nan     0.1000    0.0016
    40        0.0895            -nan     0.1000    0.0006
    60        0.0701            -nan     0.1000   -0.0002
    80        0.0556            -nan     0.1000   -0.0001
   100        0.0474            -nan     0.1000   -0.0001
   120        0.0416            -nan     0.1000   -0.0000
   140        0.0365            -nan     0.1000    0.0001
   150        0.0345            -nan     0.1000    0.0000

Iter   TrainDeviance   ValidDeviance   StepSize   Improve
     1        0.4234            -nan     0.1000    0.0024
     2        0.4179            -nan     0.1000    0.0027
     3        0.4134            -nan     0.1000    0.0022
     4        0.4076            -nan     0.1000    0.0022
     5        0.4027            -nan     0.1000    0.0024
     6        0.3983            -nan     0.1000    0.0022
     7        0.3940            -nan     0.1000    0.0022
     8        0.3892            -nan     0.1000    0.0020
     9        0.3844            -nan     0.1000    0.0024
    10        0.3803            -nan     0.1000    0.0020
    20        0.3387            -nan     0.1000    0.0019
    40        0.2811            -nan     0.1000    0.0011
    60        0.2385            -nan     0.1000    0.0008
    80        0.2104            -nan     0.1000    0.0004
   100        0.1878            -nan     0.1000    0.0007
   120        0.1724            -nan     0.1000    0.0002
   140        0.1596            -nan     0.1000    0.0002
   150        0.1525            -nan     0.1000    0.0001

Iter   TrainDeviance   ValidDeviance   StepSize   Improve
     1        0.3439            -nan     0.1000    0.0383
     2        0.3218            -nan     0.1000    0.0107
     3        0.3048            -nan     0.1000    0.0084
     4        0.2927            -nan     0.1000    0.0056
     5        0.2801            -nan     0.1000    0.0057
     6        0.2690            -nan     0.1000    0.0048
     7        0.2467            -nan     0.1000    0.0082
     8        0.2353            -nan     0.1000    0.0052
     9        0.2299            -nan     0.1000    0.0020
    10        0.2219            -nan     0.1000    0.0032
    20        0.1787            -nan     0.1000    0.0008
    40        0.1315            -nan     0.1000    0.0010
    60        0.1075            -nan     0.1000   -0.0009
    80        0.0929            -nan     0.1000   -0.0000
   100        0.0798            -nan     0.1000    0.0000
   120        0.0702            -nan     0.1000   -0.0001
   140        0.0618            -nan     0.1000    0.0000
   150        0.0580            -nan     0.1000   -0.0000

Iter   TrainDeviance   ValidDeviance   StepSize   Improve
     1        0.3362            -nan     0.1000    0.0399
     2        0.3161            -nan     0.1000    0.0081
     3        0.2974            -nan     0.1000    0.0088
     4        0.2820            -nan     0.1000    0.0058
     5        0.2724            -nan     0.1000    0.0041
     6        0.2629            -nan     0.1000    0.0041
     7        0.2482            -nan     0.1000    0.0043
     8        0.2382            -nan     0.1000    0.0043
     9        0.2305            -nan     0.1000    0.0033
    10        0.2170            -nan     0.1000    0.0072
    20        0.1646            -nan     0.1000    0.0007
    40        0.1083            -nan     0.1000    0.0012
    60        0.0857            -nan     0.1000   -0.0000
    80        0.0683            -nan     0.1000    0.0004
   100        0.0553            -nan     0.1000    0.0001
   120        0.0477            -nan     0.1000   -0.0000
   140        0.0425            -nan     0.1000    0.0001
   150        0.0379            -nan     0.1000   -0.0000

Iter   TrainDeviance   ValidDeviance   StepSize   Improve
     1        0.4624            -nan     0.1000    0.0037
     2        0.4556            -nan     0.1000    0.0033
     3        0.4489            -nan     0.1000    0.0031
     4        0.4425            -nan     0.1000    0.0030
     5        0.4368            -nan     0.1000    0.0028
     6        0.4306            -nan     0.1000    0.0029
     7        0.4248            -nan     0.1000    0.0031
     8        0.4196            -nan     0.1000    0.0024
     9        0.4131            -nan     0.1000    0.0030
    10        0.4082            -nan     0.1000    0.0024
    20        0.3577            -nan     0.1000    0.0018
    40        0.2873            -nan     0.1000    0.0014
    60        0.2421            -nan     0.1000    0.0004
    80        0.2109            -nan     0.1000    0.0005
   100        0.1882            -nan     0.1000    0.0004
   120        0.1700            -nan     0.1000    0.0001
   140        0.1551            -nan     0.1000    0.0002
   150        0.1488            -nan     0.1000    0.0005

Iter   TrainDeviance   ValidDeviance   StepSize   Improve
     1        0.3880            -nan     0.1000    0.0393
     2        0.3527            -nan     0.1000    0.0139
     3        0.3308            -nan     0.1000    0.0096
     4        0.3148            -nan     0.1000    0.0063
     5        0.2983            -nan     0.1000    0.0080
     6        0.2919            -nan     0.1000    0.0029
     7        0.2862            -nan     0.1000    0.0024
     8        0.2736            -nan     0.1000    0.0058
     9        0.2643            -nan     0.1000    0.0046
    10        0.2555            -nan     0.1000    0.0042
    20        0.1896            -nan     0.1000    0.0012
    40        0.1358            -nan     0.1000    0.0003
    60        0.1053            -nan     0.1000    0.0000
    80        0.0890            -nan     0.1000    0.0000
   100        0.0770            -nan     0.1000   -0.0000
   120        0.0680            -nan     0.1000   -0.0000
   140        0.0611            -nan     0.1000   -0.0001
   150        0.0585            -nan     0.1000   -0.0000

Iter   TrainDeviance   ValidDeviance   StepSize   Improve
     1        0.3728            -nan     0.1000    0.0531
     2        0.3412            -nan     0.1000    0.0158
     3        0.3167            -nan     0.1000    0.0116
     4        0.3014            -nan     0.1000    0.0079
     5        0.2856            -nan     0.1000    0.0076
     6        0.2743            -nan     0.1000    0.0052
     7        0.2600            -nan     0.1000    0.0065
     8        0.2448            -nan     0.1000    0.0055
     9        0.2374            -nan     0.1000    0.0031
    10        0.2269            -nan     0.1000    0.0038
    20        0.1658            -nan     0.1000    0.0018
    40        0.1140            -nan     0.1000    0.0005
    60        0.0861            -nan     0.1000    0.0002
    80        0.0682            -nan     0.1000   -0.0001
   100        0.0564            -nan     0.1000    0.0003
   120        0.0486            -nan     0.1000   -0.0001
   140        0.0424            -nan     0.1000   -0.0000
   150        0.0393            -nan     0.1000    0.0000

Iter   TrainDeviance   ValidDeviance   StepSize   Improve
     1        0.4486            -nan     0.1000    0.0029
     2        0.4432            -nan     0.1000    0.0027
     3        0.4375            -nan     0.1000    0.0028
     4        0.4321            -nan     0.1000    0.0024
     5        0.4264            -nan     0.1000    0.0029
     6        0.4215            -nan     0.1000    0.0022
     7        0.4155            -nan     0.1000    0.0028
     8        0.4106            -nan     0.1000    0.0022
     9        0.4055            -nan     0.1000    0.0025
    10        0.4009            -nan     0.1000    0.0019
    20        0.3577            -nan     0.1000    0.0019
    40        0.2918            -nan     0.1000    0.0011
    60        0.2490            -nan     0.1000    0.0007
    80        0.2180            -nan     0.1000    0.0005
   100        0.1950            -nan     0.1000    0.0005
   120        0.1756            -nan     0.1000    0.0002
   140        0.1612            -nan     0.1000    0.0001
   150        0.1539            -nan     0.1000    0.0000

Iter   TrainDeviance   ValidDeviance   StepSize   Improve
     1        0.3670            -nan     0.1000    0.0432
     2        0.3445            -nan     0.1000    0.0088
     3        0.3226            -nan     0.1000    0.0098
     4        0.3086            -nan     0.1000    0.0045
     5        0.2925            -nan     0.1000    0.0075
     6        0.2858            -nan     0.1000    0.0019
     7        0.2731            -nan     0.1000    0.0064
     8        0.2625            -nan     0.1000    0.0054
     9        0.2539            -nan     0.1000    0.0041
    10        0.2433            -nan     0.1000    0.0044
    20        0.1925            -nan     0.1000    0.0008
    40        0.1347            -nan     0.1000    0.0002
    60        0.1079            -nan     0.1000    0.0001
    80        0.0892            -nan     0.1000    0.0002
   100        0.0756            -nan     0.1000    0.0003
   120        0.0673            -nan     0.1000   -0.0000
   140        0.0572            -nan     0.1000    0.0000
   150        0.0530            -nan     0.1000   -0.0000

Iter   TrainDeviance   ValidDeviance   StepSize   Improve
     1        0.3659            -nan     0.1000    0.0361
     2        0.3384            -nan     0.1000    0.0143
     3        0.3207            -nan     0.1000    0.0086
     4        0.3016            -nan     0.1000    0.0079
     5        0.2883            -nan     0.1000    0.0057
     6        0.2742            -nan     0.1000    0.0059
     7        0.2671            -nan     0.1000    0.0015
     8        0.2524            -nan     0.1000    0.0059
     9        0.2426            -nan     0.1000    0.0047
    10        0.2333            -nan     0.1000    0.0044
    20        0.1697            -nan     0.1000    0.0009
    40        0.1092            -nan     0.1000    0.0003
    60        0.0804            -nan     0.1000    0.0001
    80        0.0652            -nan     0.1000   -0.0002
   100        0.0541            -nan     0.1000   -0.0000
   120        0.0461            -nan     0.1000   -0.0001
   140        0.0397            -nan     0.1000   -0.0000
   150        0.0367            -nan     0.1000    0.0001

Iter   TrainDeviance   ValidDeviance   StepSize   Improve
     1        0.4374            -nan     0.1000    0.0028
     2        0.4304            -nan     0.1000    0.0035
     3        0.4237            -nan     0.1000    0.0022
     4        0.4174            -nan     0.1000    0.0034
     5        0.4132            -nan     0.1000    0.0018
     6        0.4064            -nan     0.1000    0.0032
     7        0.4014            -nan     0.1000    0.0022
     8        0.3955            -nan     0.1000    0.0027
     9        0.3905            -nan     0.1000    0.0024
    10        0.3854            -nan     0.1000    0.0024
    20        0.3400            -nan     0.1000    0.0017
    40        0.2722            -nan     0.1000    0.0010
    60        0.2350            -nan     0.1000    0.0008
    80        0.2065            -nan     0.1000    0.0003
   100        0.1851            -nan     0.1000    0.0004
   120        0.1696            -nan     0.1000    0.0002
   140        0.1553            -nan     0.1000    0.0003
   150        0.1509            -nan     0.1000   -0.0001

Iter   TrainDeviance   ValidDeviance   StepSize   Improve
     1        0.3486            -nan     0.1000    0.0449
     2        0.3228            -nan     0.1000    0.0128
     3        0.3042            -nan     0.1000    0.0090
     4        0.2884            -nan     0.1000    0.0063
     5        0.2761            -nan     0.1000    0.0057
     6        0.2652            -nan     0.1000    0.0050
     7        0.2578            -nan     0.1000    0.0034
     8        0.2473            -nan     0.1000    0.0049
     9        0.2436            -nan     0.1000    0.0010
    10        0.2338            -nan     0.1000    0.0049
    20        0.1805            -nan     0.1000    0.0021
    40        0.1309            -nan     0.1000    0.0001
    60        0.1070            -nan     0.1000    0.0000
    80        0.0921            -nan     0.1000    0.0006
   100        0.0808            -nan     0.1000    0.0001
   120        0.0726            -nan     0.1000    0.0002
   140        0.0646            -nan     0.1000    0.0002
   150        0.0627            -nan     0.1000    0.0000

Iter   TrainDeviance   ValidDeviance   StepSize   Improve
     1        0.3484            -nan     0.1000    0.0422
     2        0.3183            -nan     0.1000    0.0136
     3        0.2971            -nan     0.1000    0.0094
     4        0.2819            -nan     0.1000    0.0067
     5        0.2655            -nan     0.1000    0.0061
     6        0.2526            -nan     0.1000    0.0050
     7        0.2416            -nan     0.1000    0.0053
     8        0.2306            -nan     0.1000    0.0046
     9        0.2180            -nan     0.1000    0.0050
    10        0.2097            -nan     0.1000    0.0039
    20        0.1597            -nan     0.1000    0.0014
    40        0.1098            -nan     0.1000    0.0003
    60        0.0804            -nan     0.1000    0.0003
    80        0.0680            -nan     0.1000   -0.0000
   100        0.0605            -nan     0.1000    0.0001
   120        0.0533            -nan     0.1000    0.0001
   140        0.0479            -nan     0.1000   -0.0000
   150        0.0451            -nan     0.1000    0.0000

Iter   TrainDeviance   ValidDeviance   StepSize   Improve
     1        0.3986            -nan     0.1000    0.0024
     2        0.3924            -nan     0.1000    0.0027
     3        0.3879            -nan     0.1000    0.0024
     4        0.3824            -nan     0.1000    0.0025
     5        0.3782            -nan     0.1000    0.0020
     6        0.3726            -nan     0.1000    0.0027
     7        0.3687            -nan     0.1000    0.0019
     8        0.3635            -nan     0.1000    0.0023
     9        0.3591            -nan     0.1000    0.0017
    10        0.3545            -nan     0.1000    0.0023
    20        0.3155            -nan     0.1000    0.0016
    40        0.2577            -nan     0.1000    0.0016
    60        0.2229            -nan     0.1000    0.0000
    80        0.1967            -nan     0.1000    0.0006
   100        0.1778            -nan     0.1000    0.0004
   120        0.1605            -nan     0.1000    0.0001
   140        0.1490            -nan     0.1000    0.0002
   150        0.1437            -nan     0.1000    0.0002

Iter   TrainDeviance   ValidDeviance   StepSize   Improve
     1        0.3279            -nan     0.1000    0.0365
     2        0.3074            -nan     0.1000    0.0102
     3        0.2881            -nan     0.1000    0.0094
     4        0.2711            -nan     0.1000    0.0062
     5        0.2657            -nan     0.1000    0.0022
     6        0.2510            -nan     0.1000    0.0066
     7        0.2426            -nan     0.1000    0.0036
     8        0.2342            -nan     0.1000    0.0027
     9        0.2235            -nan     0.1000    0.0052
    10        0.2147            -nan     0.1000    0.0037
    20        0.1717            -nan     0.1000    0.0020
    40        0.1318            -nan     0.1000    0.0008
    60        0.1119            -nan     0.1000    0.0002
    80        0.0974            -nan     0.1000   -0.0004
   100        0.0882            -nan     0.1000   -0.0001
   120        0.0814            -nan     0.1000   -0.0000
   140        0.0755            -nan     0.1000    0.0000
   150        0.0726            -nan     0.1000    0.0000

Iter   TrainDeviance   ValidDeviance   StepSize   Improve
     1        0.3084            -nan     0.1000    0.0446
     2        0.2905            -nan     0.1000    0.0087
     3        0.2678            -nan     0.1000    0.0086
     4        0.2545            -nan     0.1000    0.0051
     5        0.2408            -nan     0.1000    0.0070
     6        0.2349            -nan     0.1000    0.0019
     7        0.2248            -nan     0.1000    0.0046
     8        0.2177            -nan     0.1000    0.0032
     9        0.2089            -nan     0.1000    0.0033
    10        0.2002            -nan     0.1000    0.0038
    20        0.1526            -nan     0.1000    0.0006
    40        0.1105            -nan     0.1000    0.0008
    60        0.0851            -nan     0.1000    0.0004
    80        0.0709            -nan     0.1000    0.0001
   100        0.0615            -nan     0.1000    0.0000
   120        0.0540            -nan     0.1000   -0.0000
   140        0.0490            -nan     0.1000   -0.0000
   150        0.0467            -nan     0.1000    0.0000

Iter   TrainDeviance   ValidDeviance   StepSize   Improve
     1        0.4386            -nan     0.1000    0.0036
     2        0.4331            -nan     0.1000    0.0026
     3        0.4274            -nan     0.1000    0.0029
     4        0.4213            -nan     0.1000    0.0026
     5        0.4150            -nan     0.1000    0.0030
     6        0.4101            -nan     0.1000    0.0022
     7        0.4047            -nan     0.1000    0.0027
     8        0.4000            -nan     0.1000    0.0022
     9        0.3942            -nan     0.1000    0.0022
    10        0.3886            -nan     0.1000    0.0022
    20        0.3428            -nan     0.1000    0.0019
    40        0.2801            -nan     0.1000    0.0014
    60        0.2362            -nan     0.1000    0.0007
    80        0.2083            -nan     0.1000    0.0003
   100        0.1878            -nan     0.1000   -0.0000
   120        0.1737            -nan     0.1000    0.0002
   140        0.1589            -nan     0.1000    0.0002
   150        0.1532            -nan     0.1000    0.0004

Iter   TrainDeviance   ValidDeviance   StepSize   Improve
     1        0.3558            -nan     0.1000    0.0441
     2        0.3280            -nan     0.1000    0.0125
     3        0.3096            -nan     0.1000    0.0081
     4        0.2943            -nan     0.1000    0.0070
     5        0.2818            -nan     0.1000    0.0056
     6        0.2728            -nan     0.1000    0.0035
     7        0.2636            -nan     0.1000    0.0045
     8        0.2541            -nan     0.1000    0.0046
     9        0.2451            -nan     0.1000    0.0038
    10        0.2347            -nan     0.1000    0.0048
    20        0.1919            -nan     0.1000    0.0009
    40        0.1367            -nan     0.1000    0.0001
    60        0.1074            -nan     0.1000    0.0000
    80        0.0926            -nan     0.1000   -0.0002
   100        0.0821            -nan     0.1000   -0.0002
   120        0.0725            -nan     0.1000    0.0000
   140        0.0670            -nan     0.1000   -0.0000
   150        0.0646            -nan     0.1000    0.0003

Iter   TrainDeviance   ValidDeviance   StepSize   Improve
     1        0.3539            -nan     0.1000    0.0465
     2        0.3291            -nan     0.1000    0.0114
     3        0.3056            -nan     0.1000    0.0106
     4        0.2882            -nan     0.1000    0.0092
     5        0.2730            -nan     0.1000    0.0066
     6        0.2637            -nan     0.1000    0.0039
     7        0.2539            -nan     0.1000    0.0041
     8        0.2361            -nan     0.1000    0.0082
     9        0.2257            -nan     0.1000    0.0044
    10        0.2135            -nan     0.1000    0.0053
    20        0.1611            -nan     0.1000    0.0025
    40        0.1053            -nan     0.1000    0.0011
    60        0.0824            -nan     0.1000    0.0004
    80        0.0680            -nan     0.1000    0.0003
   100        0.0571            -nan     0.1000    0.0001
   120        0.0504            -nan     0.1000   -0.0003
   140        0.0452            -nan     0.1000   -0.0000
   150        0.0437            -nan     0.1000    0.0000

Iter   TrainDeviance   ValidDeviance   StepSize   Improve
     1        0.4122            -nan     0.1000    0.0027
     2        0.4066            -nan     0.1000    0.0026
     3        0.4011            -nan     0.1000    0.0025
     4        0.3960            -nan     0.1000    0.0026
     5        0.3912            -nan     0.1000    0.0020
     6        0.3852            -nan     0.1000    0.0030
     7        0.3803            -nan     0.1000    0.0023
     8        0.3756            -nan     0.1000    0.0017
     9        0.3705            -nan     0.1000    0.0020
    10        0.3653            -nan     0.1000    0.0022
    20        0.3258            -nan     0.1000    0.0018
    40        0.2671            -nan     0.1000    0.0013
    60        0.2294            -nan     0.1000    0.0006
    80        0.2016            -nan     0.1000    0.0005
   100        0.1823            -nan     0.1000   -0.0001
   120        0.1666            -nan     0.1000    0.0002
   140        0.1529            -nan     0.1000    0.0003
   150        0.1475            -nan     0.1000    0.0001

Iter   TrainDeviance   ValidDeviance   StepSize   Improve
     1        0.3307            -nan     0.1000    0.0424
     2        0.3114            -nan     0.1000    0.0093
     3        0.3046            -nan     0.1000    0.0030
     4        0.2881            -nan     0.1000    0.0081
     5        0.2707            -nan     0.1000    0.0064
     6        0.2583            -nan     0.1000    0.0056
     7        0.2503            -nan     0.1000    0.0039
     8        0.2368            -nan     0.1000    0.0057
     9        0.2285            -nan     0.1000    0.0021
    10        0.2202            -nan     0.1000    0.0034
    20        0.1790            -nan     0.1000    0.0007
    40        0.1249            -nan     0.1000    0.0009
    60        0.0993            -nan     0.1000    0.0001
    80        0.0856            -nan     0.1000    0.0005
   100        0.0765            -nan     0.1000    0.0000
   120        0.0706            -nan     0.1000   -0.0000
   140        0.0657            -nan     0.1000    0.0000
   150        0.0635            -nan     0.1000    0.0001

Iter   TrainDeviance   ValidDeviance   StepSize   Improve
     1        0.3241            -nan     0.1000    0.0449
     2        0.2952            -nan     0.1000    0.0134
     3        0.2759            -nan     0.1000    0.0093
     4        0.2636            -nan     0.1000    0.0057
     5        0.2581            -nan     0.1000    0.0018
     6        0.2468            -nan     0.1000    0.0044
     7        0.2308            -nan     0.1000    0.0039
     8        0.2220            -nan     0.1000    0.0037
     9        0.2104            -nan     0.1000    0.0048
    10        0.2028            -nan     0.1000    0.0035
    20        0.1540            -nan     0.1000    0.0019
    40        0.1041            -nan     0.1000    0.0004
    60        0.0836            -nan     0.1000   -0.0001
    80        0.0685            -nan     0.1000   -0.0001
   100        0.0585            -nan     0.1000   -0.0000
   120        0.0517            -nan     0.1000   -0.0000
   140        0.0464            -nan     0.1000   -0.0001
   150        0.0440            -nan     0.1000    0.0000

Iter   TrainDeviance   ValidDeviance   StepSize   Improve
     1        0.4380            -nan     0.1000    0.0020
     2        0.4316            -nan     0.1000    0.0035
     3        0.4251            -nan     0.1000    0.0031
     4        0.4185            -nan     0.1000    0.0031
     5        0.4130            -nan     0.1000    0.0026
     6        0.4061            -nan     0.1000    0.0034
     7        0.4009            -nan     0.1000    0.0024
     8        0.3955            -nan     0.1000    0.0021
     9        0.3900            -nan     0.1000    0.0023
    10        0.3849            -nan     0.1000    0.0027
    20        0.3395            -nan     0.1000    0.0020
    40        0.2739            -nan     0.1000    0.0015
    60        0.2308            -nan     0.1000    0.0007
    80        0.2025            -nan     0.1000    0.0010
   100        0.1819            -nan     0.1000    0.0003
   120        0.1662            -nan     0.1000    0.0007
   140        0.1541            -nan     0.1000    0.0001
   150        0.1475            -nan     0.1000   -0.0000

Iter   TrainDeviance   ValidDeviance   StepSize   Improve
     1        0.3537            -nan     0.1000    0.0444
     2        0.3285            -nan     0.1000    0.0121
     3        0.3104            -nan     0.1000    0.0081
     4        0.2953            -nan     0.1000    0.0078
     5        0.2829            -nan     0.1000    0.0061
     6        0.2709            -nan     0.1000    0.0056
     7        0.2617            -nan     0.1000    0.0037
     8        0.2525            -nan     0.1000    0.0042
     9        0.2404            -nan     0.1000    0.0045
    10        0.2337            -nan     0.1000    0.0023
    20        0.1842            -nan     0.1000    0.0006
    40        0.1343            -nan     0.1000    0.0012
    60        0.1072            -nan     0.1000    0.0008
    80        0.0892            -nan     0.1000    0.0000
   100        0.0760            -nan     0.1000    0.0002
   120        0.0660            -nan     0.1000    0.0001
   140        0.0584            -nan     0.1000    0.0002
   150        0.0563            -nan     0.1000   -0.0000

Iter   TrainDeviance   ValidDeviance   StepSize   Improve
     1        0.3421            -nan     0.1000    0.0497
     2        0.3158            -nan     0.1000    0.0113
     3        0.2932            -nan     0.1000    0.0115
     4        0.2772            -nan     0.1000    0.0082
     5        0.2628            -nan     0.1000    0.0069
     6        0.2510            -nan     0.1000    0.0050
     7        0.2400            -nan     0.1000    0.0036
     8        0.2320            -nan     0.1000    0.0035
     9        0.2213            -nan     0.1000    0.0036
    10        0.2132            -nan     0.1000    0.0035
    20        0.1614            -nan     0.1000    0.0018
    40        0.1139            -nan     0.1000    0.0003
    60        0.0825            -nan     0.1000   -0.0000
    80        0.0673            -nan     0.1000   -0.0001
   100        0.0561            -nan     0.1000   -0.0001
   120        0.0475            -nan     0.1000   -0.0000
   140        0.0413            -nan     0.1000   -0.0001
   150        0.0395            -nan     0.1000   -0.0000

Iter   TrainDeviance   ValidDeviance   StepSize   Improve
     1        0.3979            -nan     0.1000    0.0021
     2        0.3927            -nan     0.1000    0.0023
     3        0.3889            -nan     0.1000    0.0017
     4        0.3858            -nan     0.1000    0.0002
     5        0.3833            -nan     0.1000    0.0005
     6        0.3781            -nan     0.1000    0.0027
     7        0.3725            -nan     0.1000    0.0016
     8        0.3687            -nan     0.1000    0.0020
     9        0.3650            -nan     0.1000    0.0020
    10        0.3606            -nan     0.1000    0.0022
    20        0.3233            -nan     0.1000    0.0017
    40        0.2675            -nan     0.1000   -0.0003
    60        0.2287            -nan     0.1000    0.0005
    80        0.2042            -nan     0.1000    0.0002
   100        0.1871            -nan     0.1000    0.0003
   120        0.1742            -nan     0.1000    0.0001
   140        0.1624            -nan     0.1000    0.0001
   150        0.1584            -nan     0.1000   -0.0001

Iter   TrainDeviance   ValidDeviance   StepSize   Improve
     1        0.3348            -nan     0.1000    0.0329
     2        0.3089            -nan     0.1000    0.0117
     3        0.3004            -nan     0.1000    0.0028
     4        0.2815            -nan     0.1000    0.0085
     5        0.2774            -nan     0.1000    0.0017
     6        0.2647            -nan     0.1000    0.0056
     7        0.2529            -nan     0.1000    0.0056
     8        0.2428            -nan     0.1000    0.0047
     9        0.2355            -nan     0.1000    0.0016
    10        0.2298            -nan     0.1000    0.0023
    20        0.1827            -nan     0.1000    0.0015
    40        0.1355            -nan     0.1000    0.0003
    60        0.1129            -nan     0.1000   -0.0001
    80        0.0994            -nan     0.1000    0.0001
   100        0.0878            -nan     0.1000    0.0000
   120        0.0800            -nan     0.1000   -0.0002
   140        0.0738            -nan     0.1000    0.0001
   150        0.0714            -nan     0.1000    0.0002

Iter   TrainDeviance   ValidDeviance   StepSize   Improve
     1        0.3182            -nan     0.1000    0.0407
     2        0.2941            -nan     0.1000    0.0108
     3        0.2791            -nan     0.1000    0.0061
     4        0.2665            -nan     0.1000    0.0054
     5        0.2572            -nan     0.1000    0.0050
     6        0.2455            -nan     0.1000    0.0052
     7        0.2369            -nan     0.1000    0.0042
     8        0.2215            -nan     0.1000    0.0042
     9        0.2125            -nan     0.1000    0.0041
    10        0.2049            -nan     0.1000    0.0036
    20        0.1577            -nan     0.1000    0.0014
    40        0.1111            -nan     0.1000    0.0002
    60        0.0909            -nan     0.1000    0.0001
    80        0.0765            -nan     0.1000    0.0006
   100        0.0632            -nan     0.1000    0.0001
   120        0.0558            -nan     0.1000    0.0001
   140        0.0476            -nan     0.1000    0.0002
   150        0.0448            -nan     0.1000    0.0000

Iter   TrainDeviance   ValidDeviance   StepSize   Improve
     1        0.4366            -nan     0.1000    0.0026
     2        0.4320            -nan     0.1000    0.0016
     3        0.4259            -nan     0.1000    0.0032
     4        0.4202            -nan     0.1000    0.0027
     5        0.4150            -nan     0.1000    0.0022
     6        0.4090            -nan     0.1000    0.0024
     7        0.4042            -nan     0.1000    0.0022
     8        0.3997            -nan     0.1000    0.0014
     9        0.3935            -nan     0.1000    0.0028
    10        0.3893            -nan     0.1000    0.0019
    20        0.3461            -nan     0.1000    0.0018
    40        0.2835            -nan     0.1000    0.0012
    60        0.2464            -nan     0.1000    0.0010
    80        0.2179            -nan     0.1000    0.0001
   100        0.1948            -nan     0.1000    0.0005
   120        0.1793            -nan     0.1000    0.0003
   140        0.1637            -nan     0.1000    0.0003
   150        0.1571            -nan     0.1000    0.0003

Iter   TrainDeviance   ValidDeviance   StepSize   Improve
     1        0.3577            -nan     0.1000    0.0426
     2        0.3346            -nan     0.1000    0.0105
     3        0.3147            -nan     0.1000    0.0091
     4        0.3022            -nan     0.1000    0.0062
     5        0.2869            -nan     0.1000    0.0059
     6        0.2756            -nan     0.1000    0.0046
     7        0.2675            -nan     0.1000    0.0033
     8        0.2629            -nan     0.1000    0.0019
     9        0.2533            -nan     0.1000    0.0048
    10        0.2472            -nan     0.1000    0.0026
    20        0.1988            -nan     0.1000    0.0015
    40        0.1378            -nan     0.1000    0.0011
    60        0.1107            -nan     0.1000    0.0004
    80        0.0973            -nan     0.1000    0.0000
   100        0.0850            -nan     0.1000   -0.0001
   120        0.0755            -nan     0.1000    0.0002
   140        0.0669            -nan     0.1000   -0.0001
   150        0.0645            -nan     0.1000   -0.0001

Iter   TrainDeviance   ValidDeviance   StepSize   Improve
     1        0.3517            -nan     0.1000    0.0387
     2        0.3239            -nan     0.1000    0.0136
     3        0.3075            -nan     0.1000    0.0080
     4        0.2919            -nan     0.1000    0.0059
     5        0.2749            -nan     0.1000    0.0081
     6        0.2638            -nan     0.1000    0.0049
     7        0.2548            -nan     0.1000    0.0044
     8        0.2475            -nan     0.1000    0.0034
     9        0.2364            -nan     0.1000    0.0046
    10        0.2242            -nan     0.1000    0.0057
    20        0.1681            -nan     0.1000    0.0004
    40        0.1158            -nan     0.1000    0.0004
    60        0.0896            -nan     0.1000    0.0005
    80        0.0741            -nan     0.1000    0.0002
   100        0.0630            -nan     0.1000   -0.0000
   120        0.0551            -nan     0.1000    0.0000
   140        0.0476            -nan     0.1000    0.0000
   150        0.0442            -nan     0.1000   -0.0000

Iter   TrainDeviance   ValidDeviance   StepSize   Improve
     1        0.3793            -nan     0.1000    0.0023
     2        0.3747            -nan     0.1000    0.0016
     3        0.3693            -nan     0.1000    0.0026
     4        0.3650            -nan     0.1000    0.0015
     5        0.3595            -nan     0.1000    0.0024
     6        0.3545            -nan     0.1000    0.0018
     7        0.3502            -nan     0.1000    0.0019
     8        0.3468            -nan     0.1000    0.0011
     9        0.3429            -nan     0.1000    0.0014
    10        0.3390            -nan     0.1000    0.0021
    20        0.3044            -nan     0.1000    0.0012
    40        0.2488            -nan     0.1000    0.0011
    60        0.2124            -nan     0.1000    0.0008
    80        0.1898            -nan     0.1000   -0.0001
   100        0.1767            -nan     0.1000    0.0003
   120        0.1625            -nan     0.1000    0.0004
   140        0.1496            -nan     0.1000    0.0002
   150        0.1441            -nan     0.1000    0.0001

Iter   TrainDeviance   ValidDeviance   StepSize   Improve
     1        0.3077            -nan     0.1000    0.0397
     2        0.2915            -nan     0.1000    0.0066
     3        0.2698            -nan     0.1000    0.0095
     4        0.2530            -nan     0.1000    0.0073
     5        0.2422            -nan     0.1000    0.0049
     6        0.2362            -nan     0.1000    0.0025
     7        0.2290            -nan     0.1000    0.0032
     8        0.2204            -nan     0.1000    0.0039
     9        0.2174            -nan     0.1000    0.0007
    10        0.2096            -nan     0.1000    0.0026
    20        0.1694            -nan     0.1000    0.0019
    40        0.1307            -nan     0.1000    0.0010
    60        0.1065            -nan     0.1000   -0.0001
    80        0.0910            -nan     0.1000    0.0003
   100        0.0828            -nan     0.1000   -0.0001
   120        0.0770            -nan     0.1000   -0.0000
   140        0.0717            -nan     0.1000   -0.0001
   150        0.0677            -nan     0.1000    0.0000

Iter   TrainDeviance   ValidDeviance   StepSize   Improve
     1        0.2984            -nan     0.1000    0.0440
     2        0.2784            -nan     0.1000    0.0088
     3        0.2592            -nan     0.1000    0.0086
     4        0.2440            -nan     0.1000    0.0058
     5        0.2308            -nan     0.1000    0.0051
     6        0.2254            -nan     0.1000    0.0026
     7        0.2176            -nan     0.1000    0.0036
     8        0.2081            -nan     0.1000    0.0038
     9        0.2043            -nan     0.1000    0.0018
    10        0.2018            -nan     0.1000    0.0009
    20        0.1523            -nan     0.1000    0.0016
    40        0.1068            -nan     0.1000    0.0007
    60        0.0852            -nan     0.1000    0.0003
    80        0.0716            -nan     0.1000    0.0003
   100        0.0620            -nan     0.1000   -0.0000
   120        0.0563            -nan     0.1000   -0.0000
   140        0.0499            -nan     0.1000    0.0001
   150        0.0481            -nan     0.1000   -0.0001

Iter   TrainDeviance   ValidDeviance   StepSize   Improve
     1        0.4150            -nan     0.1000    0.0032
     2        0.4096            -nan     0.1000    0.0024
     3        0.4037            -nan     0.1000    0.0028
     4        0.3996            -nan     0.1000    0.0020
     5        0.3941            -nan     0.1000    0.0025
     6        0.3895            -nan     0.1000    0.0022
     7        0.3836            -nan     0.1000    0.0028
     8        0.3789            -nan     0.1000    0.0023
     9        0.3746            -nan     0.1000    0.0018
    10        0.3685            -nan     0.1000    0.0029
    20        0.3253            -nan     0.1000    0.0019
    40        0.2639            -nan     0.1000    0.0013
    60        0.2258            -nan     0.1000   -0.0001
    80        0.1988            -nan     0.1000    0.0005
   100        0.1781            -nan     0.1000    0.0003
   120        0.1642            -nan     0.1000    0.0003
   140        0.1511            -nan     0.1000   -0.0001
   150        0.1459            -nan     0.1000    0.0002

Iter   TrainDeviance   ValidDeviance   StepSize   Improve
     1        0.3236            -nan     0.1000    0.0432
     2        0.3048            -nan     0.1000    0.0096
     3        0.2911            -nan     0.1000    0.0049
     4        0.2764            -nan     0.1000    0.0073
     5        0.2697            -nan     0.1000    0.0030
     6        0.2574            -nan     0.1000    0.0057
     7        0.2525            -nan     0.1000    0.0016
     8        0.2444            -nan     0.1000    0.0032
     9        0.2350            -nan     0.1000    0.0040
    10        0.2323            -nan     0.1000    0.0009
    20        0.1797            -nan     0.1000    0.0016
    40        0.1347            -nan     0.1000    0.0005
    60        0.1075            -nan     0.1000    0.0003
    80        0.0916            -nan     0.1000    0.0003
   100        0.0776            -nan     0.1000    0.0003
   120        0.0687            -nan     0.1000   -0.0000
   140        0.0629            -nan     0.1000    0.0000
   150        0.0607            -nan     0.1000   -0.0002

Iter   TrainDeviance   ValidDeviance   StepSize   Improve
     1        0.3256            -nan     0.1000    0.0491
     2        0.3030            -nan     0.1000    0.0120
     3        0.2853            -nan     0.1000    0.0085
     4        0.2686            -nan     0.1000    0.0075
     5        0.2575            -nan     0.1000    0.0054
     6        0.2439            -nan     0.1000    0.0054
     7        0.2348            -nan     0.1000    0.0039
     8        0.2276            -nan     0.1000    0.0033
     9        0.2139            -nan     0.1000    0.0059
    10        0.2055            -nan     0.1000    0.0034
    20        0.1482            -nan     0.1000    0.0020
    40        0.1023            -nan     0.1000    0.0007
    60        0.0784            -nan     0.1000    0.0004
    80        0.0644            -nan     0.1000    0.0003
   100        0.0556            -nan     0.1000    0.0001
   120        0.0476            -nan     0.1000   -0.0000
   140        0.0412            -nan     0.1000    0.0001
   150        0.0387            -nan     0.1000    0.0000

Iter   TrainDeviance   ValidDeviance   StepSize   Improve
     1        0.4626            -nan     0.1000    0.0030
     2        0.4557            -nan     0.1000    0.0033
     3        0.4498            -nan     0.1000    0.0024
     4        0.4431            -nan     0.1000    0.0033
     5        0.4381            -nan     0.1000    0.0023
     6        0.4321            -nan     0.1000    0.0031
     7        0.4285            -nan     0.1000    0.0008
     8        0.4235            -nan     0.1000    0.0024
     9        0.4180            -nan     0.1000    0.0028
    10        0.4128            -nan     0.1000    0.0022
    20        0.3671            -nan     0.1000    0.0013
    40        0.2972            -nan     0.1000    0.0013
    60        0.2559            -nan     0.1000    0.0005
    80        0.2251            -nan     0.1000    0.0006
   100        0.2023            -nan     0.1000    0.0003
   120        0.1851            -nan     0.1000   -0.0000
   140        0.1687            -nan     0.1000    0.0002
   150        0.1617            -nan     0.1000    0.0000

Iter   TrainDeviance   ValidDeviance   StepSize   Improve
     1        0.3837            -nan     0.1000    0.0394
     2        0.3523            -nan     0.1000    0.0163
     3        0.3321            -nan     0.1000    0.0092
     4        0.3150            -nan     0.1000    0.0063
     5        0.3019            -nan     0.1000    0.0057
     6        0.2899            -nan     0.1000    0.0052
     7        0.2776            -nan     0.1000    0.0055
     8        0.2670            -nan     0.1000    0.0044
     9        0.2613            -nan     0.1000    0.0020
    10        0.2518            -nan     0.1000    0.0030
    20        0.2000            -nan     0.1000    0.0024
    40        0.1402            -nan     0.1000    0.0015
    60        0.1139            -nan     0.1000    0.0001
    80        0.0912            -nan     0.1000    0.0004
   100        0.0801            -nan     0.1000    0.0000
   120        0.0690            -nan     0.1000   -0.0001
   140        0.0648            -nan     0.1000    0.0000
   150        0.0615            -nan     0.1000   -0.0001

Iter   TrainDeviance   ValidDeviance   StepSize   Improve
     1        0.3796            -nan     0.1000    0.0469
     2        0.3450            -nan     0.1000    0.0170
     3        0.3256            -nan     0.1000    0.0094
     4        0.3065            -nan     0.1000    0.0072
     5        0.2910            -nan     0.1000    0.0062
     6        0.2757            -nan     0.1000    0.0066
     7        0.2632            -nan     0.1000    0.0052
     8        0.2512            -nan     0.1000    0.0054
     9        0.2410            -nan     0.1000    0.0037
    10        0.2304            -nan     0.1000    0.0053
    20        0.1696            -nan     0.1000    0.0017
    40        0.1110            -nan     0.1000    0.0008
    60        0.0840            -nan     0.1000    0.0004
    80        0.0685            -nan     0.1000    0.0000
   100        0.0589            -nan     0.1000   -0.0003
   120        0.0482            -nan     0.1000    0.0001
   140        0.0421            -nan     0.1000    0.0000
   150        0.0400            -nan     0.1000   -0.0000

Iter   TrainDeviance   ValidDeviance   StepSize   Improve
     1        0.4083            -nan     0.1000    0.0026
     2        0.4031            -nan     0.1000    0.0023
     3        0.3977            -nan     0.1000    0.0029
     4        0.3925            -nan     0.1000    0.0026
     5        0.3873            -nan     0.1000    0.0026
     6        0.3819            -nan     0.1000    0.0017
     7        0.3759            -nan     0.1000    0.0028
     8        0.3714            -nan     0.1000    0.0017
     9        0.3659            -nan     0.1000    0.0024
    10        0.3619            -nan     0.1000    0.0017
    20        0.3209            -nan     0.1000    0.0018
    40        0.2586            -nan     0.1000    0.0010
    60        0.2197            -nan     0.1000    0.0009
    80        0.1950            -nan     0.1000    0.0005
   100        0.1773            -nan     0.1000    0.0005
   120        0.1648            -nan     0.1000   -0.0001
   140        0.1522            -nan     0.1000    0.0005
   150        0.1481            -nan     0.1000   -0.0001

Iter   TrainDeviance   ValidDeviance   StepSize   Improve
     1        0.4063            -nan     0.1000    0.0011
     2        0.3158            -nan     0.1000    0.0432
     3        0.2946            -nan     0.1000    0.0108
     4        0.2809            -nan     0.1000    0.0070
     5        0.2670            -nan     0.1000    0.0063
     6        0.2649            -nan     0.1000    0.0004
     7        0.2597            -nan     0.1000    0.0019
     8        0.2496            -nan     0.1000    0.0040
     9        0.2421            -nan     0.1000    0.0030
    10        0.2311            -nan     0.1000    0.0039
    20        0.1798            -nan     0.1000    0.0005
    40        0.1299            -nan     0.1000    0.0003
    60        0.1088            -nan     0.1000    0.0000
    80        0.0934            -nan     0.1000    0.0005
   100        0.0825            -nan     0.1000    0.0000
   120        0.0761            -nan     0.1000    0.0000
   140        0.0699            -nan     0.1000    0.0002
   150        0.0656            -nan     0.1000    0.0003

Iter   TrainDeviance   ValidDeviance   StepSize   Improve
     1        0.3355            -nan     0.1000    0.0356
     2        0.3002            -nan     0.1000    0.0161
     3        0.2825            -nan     0.1000    0.0082
     4        0.2660            -nan     0.1000    0.0075
     5        0.2563            -nan     0.1000    0.0039
     6        0.2511            -nan     0.1000    0.0015
     7        0.2406            -nan     0.1000    0.0048
     8        0.2256            -nan     0.1000    0.0067
     9        0.2210            -nan     0.1000    0.0013
    10        0.2082            -nan     0.1000    0.0065
    20        0.1597            -nan     0.1000    0.0011
    40        0.1062            -nan     0.1000    0.0004
    60        0.0806            -nan     0.1000    0.0001
    80        0.0670            -nan     0.1000   -0.0000
   100        0.0591            -nan     0.1000    0.0001
   120        0.0512            -nan     0.1000   -0.0001
   140        0.0452            -nan     0.1000   -0.0000
   150        0.0431            -nan     0.1000   -0.0001

Iter   TrainDeviance   ValidDeviance   StepSize   Improve
     1        0.4298            -nan     0.1000    0.0032
     2        0.4239            -nan     0.1000    0.0023
     3        0.4182            -nan     0.1000    0.0028
     4        0.4137            -nan     0.1000    0.0023
     5        0.4075            -nan     0.1000    0.0029
     6        0.4020            -nan     0.1000    0.0025
     7        0.3970            -nan     0.1000    0.0026
     8        0.3921            -nan     0.1000    0.0024
     9        0.3870            -nan     0.1000    0.0021
    10        0.3821            -nan     0.1000    0.0023
    20        0.3372            -nan     0.1000    0.0022
    40        0.2741            -nan     0.1000    0.0016
    60        0.2335            -nan     0.1000    0.0004
    80        0.2057            -nan     0.1000    0.0004
   100        0.1860            -nan     0.1000    0.0000
   120        0.1691            -nan     0.1000    0.0002
   140        0.1562            -nan     0.1000   -0.0000
   150        0.1495            -nan     0.1000    0.0001

Iter   TrainDeviance   ValidDeviance   StepSize   Improve
     1        0.3555            -nan     0.1000    0.0383
     2        0.3338            -nan     0.1000    0.0102
     3        0.3131            -nan     0.1000    0.0075
     4        0.2962            -nan     0.1000    0.0080
     5        0.2799            -nan     0.1000    0.0079
     6        0.2676            -nan     0.1000    0.0045
     7        0.2564            -nan     0.1000    0.0054
     8        0.2487            -nan     0.1000    0.0030
     9        0.2432            -nan     0.1000    0.0017
    10        0.2331            -nan     0.1000    0.0038
    20        0.1815            -nan     0.1000    0.0013
    40        0.1347            -nan     0.1000    0.0002
    60        0.1101            -nan     0.1000   -0.0001
    80        0.0950            -nan     0.1000    0.0000
   100        0.0833            -nan     0.1000   -0.0000
   120        0.0747            -nan     0.1000    0.0002
   140        0.0685            -nan     0.1000   -0.0001
   150        0.0647            -nan     0.1000    0.0003

Iter   TrainDeviance   ValidDeviance   StepSize   Improve
     1        0.3446            -nan     0.1000    0.0407
     2        0.3190            -nan     0.1000    0.0124
     3        0.2960            -nan     0.1000    0.0099
     4        0.2817            -nan     0.1000    0.0065
     5        0.2689            -nan     0.1000    0.0054
     6        0.2596            -nan     0.1000    0.0027
     7        0.2466            -nan     0.1000    0.0056
     8        0.2365            -nan     0.1000    0.0045
     9        0.2285            -nan     0.1000    0.0031
    10        0.2181            -nan     0.1000    0.0045
    20        0.1609            -nan     0.1000    0.0016
    40        0.1087            -nan     0.1000    0.0008
    60        0.0862            -nan     0.1000    0.0001
    80        0.0705            -nan     0.1000    0.0001
   100        0.0611            -nan     0.1000   -0.0000
   120        0.0551            -nan     0.1000   -0.0001
   140        0.0477            -nan     0.1000   -0.0001
   150        0.0447            -nan     0.1000   -0.0000

Iter   TrainDeviance   ValidDeviance   StepSize   Improve
     1        0.3278            -nan     0.1000    0.0394
     2        0.3029            -nan     0.1000    0.0113
     3        0.2905            -nan     0.1000    0.0056
     4        0.2749            -nan     0.1000    0.0073
     5        0.2597            -nan     0.1000    0.0069
     6        0.2496            -nan     0.1000    0.0048
     7        0.2390            -nan     0.1000    0.0045
     8        0.2303            -nan     0.1000    0.0042
     9        0.2200            -nan     0.1000    0.0035
    10        0.2156            -nan     0.1000    0.0010
    20        0.1613            -nan     0.1000    0.0014
    40        0.1128            -nan     0.1000    0.0007
    60        0.0888            -nan     0.1000    0.0002
    80        0.0771            -nan     0.1000   -0.0002
   100        0.0691            -nan     0.1000    0.0000
   120        0.0619            -nan     0.1000    0.0002
   140        0.0567            -nan     0.1000    0.0001
   150        0.0546            -nan     0.1000   -0.0001

TRAINING SUCCESSFUL
The most important attribute: Mean_R (for technique: gbm)
________________
Dataset: wilt 
Technique: gcvEarth 
Probability table:

         1          2 
0.94606324 0.05393676 
BEGIN TRAINING
TRAINING SUCCESSFUL
The most important attribute: Mean_R (for technique: gcvEarth)
________________
Dataset: wilt 
Technique: JRip 
Probability table:

         1          2 
0.94606324 0.05393676 
BEGIN TRAINING
TRAINING SUCCESSFUL
The most important attribute: Mean_R (for technique: JRip)
________________
Dataset: wilt 
Technique: lvq 
Probability table:

         1          2 
0.94606324 0.05393676 
BEGIN TRAINING
TRAINING SUCCESSFUL
The most important attribute: GLCM_Pan (for technique: lvq)
________________
Dataset: wilt 
Technique: mlpML 
Probability table:

         1          2 
0.94606324 0.05393676 
BEGIN TRAINING
TRAINING SUCCESSFUL
The most important attribute: Mean_R (for technique: mlpML)
________________
Dataset: wilt 
Technique: multinom 
Probability table:

         1          2 
0.94606324 0.05393676 
BEGIN TRAINING
# weights:  7 (6 variable)
initial  value 3354.139207 
iter  10 value 501.076674
iter  20 value 401.703707
final  value 401.579806 
converged
TRAINING SUCCESSFUL
The most important attribute: Mean_G (for technique: multinom)
________________
Dataset: wilt 
Technique: naive_bayes 
Probability table:

         1          2 
0.94606324 0.05393676 
BEGIN TRAINING
TRAINING SUCCESSFUL
The most important attribute: Mean_R (for technique: naive_bayes)
________________
Dataset: wilt 
Technique: PART 
Probability table:

         1          2 
0.94606324 0.05393676 
BEGIN TRAINING
TRAINING SUCCESSFUL
The most important attribute: Mean_R (for technique: PART)
________________
Dataset: wilt 
Technique: rbfDDA 
Probability table:

         1          2 
0.94606324 0.05393676 
BEGIN TRAINING
TRAINING SUCCESSFUL
The most important attribute: GLCM_Pan (for technique: rbfDDA)
________________
Dataset: wilt 
Technique: rda 
Probability table:

         1          2 
0.94606324 0.05393676 
BEGIN TRAINING
TRAINING SUCCESSFUL
The most important attribute: Mean_R (for technique: rda)
________________
Dataset: wilt 
Technique: rf 
Probability table:

         1          2 
0.94606324 0.05393676 
BEGIN TRAINING
TRAINING SUCCESSFUL
The most important attribute: Mean_R (for technique: rf)
________________
Dataset: wilt 
Technique: rpart 
Probability table:

         1          2 
0.94606324 0.05393676 
BEGIN TRAINING
TRAINING SUCCESSFUL
The most important attribute: Mean_R (for technique: rpart)
________________
Dataset: wilt 
Technique: simpls 
Probability table:

         1          2 
0.94606324 0.05393676 
BEGIN TRAINING
TRAINING SUCCESSFUL
The most important attribute: GLCM_Pan (for technique: simpls)
________________
Dataset: wilt 
Technique: svmLinear 
Probability table:

         1          2 
0.94606324 0.05393676 
BEGIN TRAINING
TRAINING SUCCESSFUL
The most important attribute: Mean_G (for technique: svmLinear)
________________
Dataset: wilt 
Technique: svmRadial 
Probability table:

         1          2 
0.94606324 0.05393676 
BEGIN TRAINING
TRAINING SUCCESSFUL
The most important attribute: Mean_R (for technique: svmRadial)
________________
Dataset: wilt 
Technique: rfRules 
Probability table:

         1          2 
0.94606324 0.05393676 
BEGIN TRAINING
Registered S3 method overwritten by 'RRF':
  method      from        
  plot.margin randomForest
1999 rules (length<=2) were extracted from the first 500 trees.
3917 rules (length<=3) were extracted from the first 500 trees.
7421 rules (length<=4) were extracted from the first 500 trees.
2000 rules (length<=2) were extracted from the first 500 trees.
3831 rules (length<=3) were extracted from the first 500 trees.
7186 rules (length<=4) were extracted from the first 500 trees.
2000 rules (length<=2) were extracted from the first 500 trees.
3830 rules (length<=3) were extracted from the first 500 trees.
6757 rules (length<=4) were extracted from the first 500 trees.
2000 rules (length<=2) were extracted from the first 500 trees.
3894 rules (length<=3) were extracted from the first 500 trees.
7599 rules (length<=4) were extracted from the first 500 trees.
1999 rules (length<=2) were extracted from the first 500 trees.
3877 rules (length<=3) were extracted from the first 500 trees.
7269 rules (length<=4) were extracted from the first 500 trees.
1996 rules (length<=2) were extracted from the first 500 trees.
3829 rules (length<=3) were extracted from the first 500 trees.
7441 rules (length<=4) were extracted from the first 500 trees.
1999 rules (length<=2) were extracted from the first 500 trees.
3861 rules (length<=3) were extracted from the first 500 trees.
7310 rules (length<=4) were extracted from the first 500 trees.
2000 rules (length<=2) were extracted from the first 500 trees.
3892 rules (length<=3) were extracted from the first 500 trees.
7173 rules (length<=4) were extracted from the first 500 trees.
2000 rules (length<=2) were extracted from the first 500 trees.
3893 rules (length<=3) were extracted from the first 500 trees.
7190 rules (length<=4) were extracted from the first 500 trees.
2000 rules (length<=2) were extracted from the first 500 trees.
3870 rules (length<=3) were extracted from the first 500 trees.
7178 rules (length<=4) were extracted from the first 500 trees.
2000 rules (length<=2) were extracted from the first 500 trees.
3943 rules (length<=3) were extracted from the first 500 trees.
7495 rules (length<=4) were extracted from the first 500 trees.
2000 rules (length<=2) were extracted from the first 500 trees.
3875 rules (length<=3) were extracted from the first 500 trees.
7357 rules (length<=4) were extracted from the first 500 trees.
1990 rules (length<=2) were extracted from the first 500 trees.
3783 rules (length<=3) were extracted from the first 500 trees.
7287 rules (length<=4) were extracted from the first 500 trees.
2000 rules (length<=2) were extracted from the first 500 trees.
3865 rules (length<=3) were extracted from the first 500 trees.
7506 rules (length<=4) were extracted from the first 500 trees.
1999 rules (length<=2) were extracted from the first 500 trees.
3816 rules (length<=3) were extracted from the first 500 trees.
7580 rules (length<=4) were extracted from the first 500 trees.
1997 rules (length<=2) were extracted from the first 500 trees.
3925 rules (length<=3) were extracted from the first 500 trees.
7521 rules (length<=4) were extracted from the first 500 trees.
2000 rules (length<=2) were extracted from the first 500 trees.
3897 rules (length<=3) were extracted from the first 500 trees.
7607 rules (length<=4) were extracted from the first 500 trees.
1998 rules (length<=2) were extracted from the first 500 trees.
3842 rules (length<=3) were extracted from the first 500 trees.
7515 rules (length<=4) were extracted from the first 500 trees.
2000 rules (length<=2) were extracted from the first 500 trees.
3845 rules (length<=3) were extracted from the first 500 trees.
6929 rules (length<=4) were extracted from the first 500 trees.
2000 rules (length<=2) were extracted from the first 500 trees.
3933 rules (length<=3) were extracted from the first 500 trees.
7282 rules (length<=4) were extracted from the first 500 trees.
2000 rules (length<=2) were extracted from the first 500 trees.
3860 rules (length<=3) were extracted from the first 500 trees.
7348 rules (length<=4) were extracted from the first 500 trees.
2000 rules (length<=2) were extracted from the first 500 trees.
3882 rules (length<=3) were extracted from the first 500 trees.
7428 rules (length<=4) were extracted from the first 500 trees.
2000 rules (length<=2) were extracted from the first 500 trees.
3884 rules (length<=3) were extracted from the first 500 trees.
7328 rules (length<=4) were extracted from the first 500 trees.
2000 rules (length<=2) were extracted from the first 500 trees.
3855 rules (length<=3) were extracted from the first 500 trees.
7415 rules (length<=4) were extracted from the first 500 trees.
1998 rules (length<=2) were extracted from the first 500 trees.
3791 rules (length<=3) were extracted from the first 500 trees.
7362 rules (length<=4) were extracted from the first 500 trees.
7480 rules (length<=4) were extracted from the first 500 trees.
TRAINING SUCCESSFUL
The most important attribute: Mean_G (for technique: rfRules)
________________
Dataset: wilt 
Technique: knn 
Probability table:

         1          2 
0.94606324 0.05393676 
BEGIN TRAINING
TRAINING SUCCESSFUL
The most important attribute: Mean_R (for technique: knn)
________________
Dataset: wilt 
Technique: bayesglm 
Probability table:

         1          2 
0.94606324 0.05393676 
BEGIN TRAINING
TRAINING SUCCESSFUL
The most important attribute: Mean_G (for technique: bayesglm)
________________
Most important attribute obtained with all techniques
----------------
There were 50 or more warnings (use warnings() to see the first 50)
****************
RESULTS RECORDED
****************
