Current working directory: /home/chris/github/kappa-threshold 
parameters.csv exists: TRUE 
parameters.csv absolute path: /home/chris/github/kappa-threshold/data/files/parameters.csv 
Dataset: banknote 
Most important attribute: variance 
Noise level: 0.1 
MIA's class: numeric 
Is the MIA a nominal attribute? FALSE 
MIA's mean: 0.433735257069971, and standard deviation: 2.84276258627856
NOISE INJECTION
MIA is NOT a nominal attribute
Saved: results/noise_injection/by_dataset/banknote_variance_noise0.1.csv 
________________
Noise level: 0.2 
MIA's class: numeric 
Is the MIA a nominal attribute? FALSE 
MIA's mean: 0.433735257069971, and standard deviation: 2.84276258627856
NOISE INJECTION
MIA is NOT a nominal attribute
Saved: results/noise_injection/by_dataset/banknote_variance_noise0.2.csv 
________________
Noise level: 0.3 
MIA's class: numeric 
Is the MIA a nominal attribute? FALSE 
MIA's mean: 0.433735257069971, and standard deviation: 2.84276258627856
NOISE INJECTION
MIA is NOT a nominal attribute
Saved: results/noise_injection/by_dataset/banknote_variance_noise0.3.csv 
________________
Noise level: 0.4 
MIA's class: numeric 
Is the MIA a nominal attribute? FALSE 
MIA's mean: 0.433735257069971, and standard deviation: 2.84276258627856
NOISE INJECTION
MIA is NOT a nominal attribute
Saved: results/noise_injection/by_dataset/banknote_variance_noise0.4.csv 
________________
Noise level: 0.5 
MIA's class: numeric 
Is the MIA a nominal attribute? FALSE 
MIA's mean: 0.433735257069971, and standard deviation: 2.84276258627856
NOISE INJECTION
MIA is NOT a nominal attribute
Saved: results/noise_injection/by_dataset/banknote_variance_noise0.5.csv 
________________
Noise level: 0.6 
MIA's class: numeric 
Is the MIA a nominal attribute? FALSE 
MIA's mean: 0.433735257069971, and standard deviation: 2.84276258627856
NOISE INJECTION
MIA is NOT a nominal attribute
Saved: results/noise_injection/by_dataset/banknote_variance_noise0.6.csv 
________________
Noise level: 0.7 
MIA's class: numeric 
Is the MIA a nominal attribute? FALSE 
MIA's mean: 0.433735257069971, and standard deviation: 2.84276258627856
NOISE INJECTION
MIA is NOT a nominal attribute
Saved: results/noise_injection/by_dataset/banknote_variance_noise0.7.csv 
________________
Noise level: 0.8 
MIA's class: numeric 
Is the MIA a nominal attribute? FALSE 
MIA's mean: 0.433735257069971, and standard deviation: 2.84276258627856
NOISE INJECTION
MIA is NOT a nominal attribute
Saved: results/noise_injection/by_dataset/banknote_variance_noise0.8.csv 
________________
Noise level: 0.9 
MIA's class: numeric 
Is the MIA a nominal attribute? FALSE 
MIA's mean: 0.433735257069971, and standard deviation: 2.84276258627856
NOISE INJECTION
MIA is NOT a nominal attribute
Saved: results/noise_injection/by_dataset/banknote_variance_noise0.9.csv 
________________
Noise level: 1 
MIA's class: numeric 
Is the MIA a nominal attribute? FALSE 
MIA's mean: 0.433735257069971, and standard deviation: 2.84276258627856
NOISE INJECTION
MIA is NOT a nominal attribute
Saved: results/noise_injection/by_dataset/banknote_variance_noise1.csv 
________________
Dataset: banknote 
Most important attribute: skewness 
Noise level: 0.1 
MIA's class: numeric 
Is the MIA a nominal attribute? FALSE 
MIA's mean: 1.92235312063936, and standard deviation: 5.86904674369552
NOISE INJECTION
MIA is NOT a nominal attribute
Saved: results/noise_injection/by_dataset/banknote_skewness_noise0.1.csv 
________________
Noise level: 0.2 
MIA's class: numeric 
Is the MIA a nominal attribute? FALSE 
MIA's mean: 1.92235312063936, and standard deviation: 5.86904674369552
NOISE INJECTION
MIA is NOT a nominal attribute
Saved: results/noise_injection/by_dataset/banknote_skewness_noise0.2.csv 
________________
Noise level: 0.3 
MIA's class: numeric 
Is the MIA a nominal attribute? FALSE 
MIA's mean: 1.92235312063936, and standard deviation: 5.86904674369552
NOISE INJECTION
MIA is NOT a nominal attribute
Saved: results/noise_injection/by_dataset/banknote_skewness_noise0.3.csv 
________________
Noise level: 0.4 
MIA's class: numeric 
Is the MIA a nominal attribute? FALSE 
MIA's mean: 1.92235312063936, and standard deviation: 5.86904674369552
NOISE INJECTION
MIA is NOT a nominal attribute
Saved: results/noise_injection/by_dataset/banknote_skewness_noise0.4.csv 
________________
Noise level: 0.5 
MIA's class: numeric 
Is the MIA a nominal attribute? FALSE 
MIA's mean: 1.92235312063936, and standard deviation: 5.86904674369552
NOISE INJECTION
MIA is NOT a nominal attribute
Saved: results/noise_injection/by_dataset/banknote_skewness_noise0.5.csv 
________________
Noise level: 0.6 
MIA's class: numeric 
Is the MIA a nominal attribute? FALSE 
MIA's mean: 1.92235312063936, and standard deviation: 5.86904674369552
NOISE INJECTION
MIA is NOT a nominal attribute
Saved: results/noise_injection/by_dataset/banknote_skewness_noise0.6.csv 
________________
Noise level: 0.7 
MIA's class: numeric 
Is the MIA a nominal attribute? FALSE 
MIA's mean: 1.92235312063936, and standard deviation: 5.86904674369552
NOISE INJECTION
MIA is NOT a nominal attribute
Saved: results/noise_injection/by_dataset/banknote_skewness_noise0.7.csv 
________________
Noise level: 0.8 
MIA's class: numeric 
Is the MIA a nominal attribute? FALSE 
MIA's mean: 1.92235312063936, and standard deviation: 5.86904674369552
NOISE INJECTION
MIA is NOT a nominal attribute
Saved: results/noise_injection/by_dataset/banknote_skewness_noise0.8.csv 
________________
Noise level: 0.9 
MIA's class: numeric 
Is the MIA a nominal attribute? FALSE 
MIA's mean: 1.92235312063936, and standard deviation: 5.86904674369552
NOISE INJECTION
MIA is NOT a nominal attribute
Saved: results/noise_injection/by_dataset/banknote_skewness_noise0.9.csv 
________________
Noise level: 1 
MIA's class: numeric 
Is the MIA a nominal attribute? FALSE 
MIA's mean: 1.92235312063936, and standard deviation: 5.86904674369552
NOISE INJECTION
MIA is NOT a nominal attribute
Saved: results/noise_injection/by_dataset/banknote_skewness_noise1.csv 
________________
Finished with adding noise to dataset: banknote
----------------------
****************
RESULTS RECORDED
****************
