Current working directory: /home/chris/github/kappa-threshold 
parameters.csv exists: TRUE 
parameters.csv absolute path: /home/chris/github/kappa-threshold/data/files/parameters.csv 
Dataset: blood-transfusion-service-center 
Most important attribute: V2 
Noise level: 0.1 
MIA's class: numeric 
Is the MIA a nominal attribute? FALSE 
MIA's mean: 5.51470588235294, and standard deviation: 5.83930712309003
NOISE INJECTION
MIA is NOT a nominal attribute
Saved: results/noise_injection/by_dataset/blood-transfusion-service-center_V2_noise0.1.csv 
________________
Noise level: 0.2 
MIA's class: numeric 
Is the MIA a nominal attribute? FALSE 
MIA's mean: 5.51470588235294, and standard deviation: 5.83930712309003
NOISE INJECTION
MIA is NOT a nominal attribute
Saved: results/noise_injection/by_dataset/blood-transfusion-service-center_V2_noise0.2.csv 
________________
Noise level: 0.3 
MIA's class: numeric 
Is the MIA a nominal attribute? FALSE 
MIA's mean: 5.51470588235294, and standard deviation: 5.83930712309003
NOISE INJECTION
MIA is NOT a nominal attribute
Saved: results/noise_injection/by_dataset/blood-transfusion-service-center_V2_noise0.3.csv 
________________
Noise level: 0.4 
MIA's class: numeric 
Is the MIA a nominal attribute? FALSE 
MIA's mean: 5.51470588235294, and standard deviation: 5.83930712309003
NOISE INJECTION
MIA is NOT a nominal attribute
Saved: results/noise_injection/by_dataset/blood-transfusion-service-center_V2_noise0.4.csv 
________________
Noise level: 0.5 
MIA's class: numeric 
Is the MIA a nominal attribute? FALSE 
MIA's mean: 5.51470588235294, and standard deviation: 5.83930712309003
NOISE INJECTION
MIA is NOT a nominal attribute
Saved: results/noise_injection/by_dataset/blood-transfusion-service-center_V2_noise0.5.csv 
________________
Noise level: 0.6 
MIA's class: numeric 
Is the MIA a nominal attribute? FALSE 
MIA's mean: 5.51470588235294, and standard deviation: 5.83930712309003
NOISE INJECTION
MIA is NOT a nominal attribute
Saved: results/noise_injection/by_dataset/blood-transfusion-service-center_V2_noise0.6.csv 
________________
Noise level: 0.7 
MIA's class: numeric 
Is the MIA a nominal attribute? FALSE 
MIA's mean: 5.51470588235294, and standard deviation: 5.83930712309003
NOISE INJECTION
MIA is NOT a nominal attribute
Saved: results/noise_injection/by_dataset/blood-transfusion-service-center_V2_noise0.7.csv 
________________
Noise level: 0.8 
MIA's class: numeric 
Is the MIA a nominal attribute? FALSE 
MIA's mean: 5.51470588235294, and standard deviation: 5.83930712309003
NOISE INJECTION
MIA is NOT a nominal attribute
Saved: results/noise_injection/by_dataset/blood-transfusion-service-center_V2_noise0.8.csv 
________________
Noise level: 0.9 
MIA's class: numeric 
Is the MIA a nominal attribute? FALSE 
MIA's mean: 5.51470588235294, and standard deviation: 5.83930712309003
NOISE INJECTION
MIA is NOT a nominal attribute
Saved: results/noise_injection/by_dataset/blood-transfusion-service-center_V2_noise0.9.csv 
________________
Noise level: 1 
MIA's class: numeric 
Is the MIA a nominal attribute? FALSE 
MIA's mean: 5.51470588235294, and standard deviation: 5.83930712309003
NOISE INJECTION
MIA is NOT a nominal attribute
Saved: results/noise_injection/by_dataset/blood-transfusion-service-center_V2_noise1.csv 
________________
Dataset: blood-transfusion-service-center 
Most important attribute: V3 
Noise level: 0.1 
MIA's class: numeric 
Is the MIA a nominal attribute? FALSE 
MIA's mean: 1378.67647058824, and standard deviation: 1459.82678077251
NOISE INJECTION
MIA is NOT a nominal attribute
Saved: results/noise_injection/by_dataset/blood-transfusion-service-center_V3_noise0.1.csv 
________________
Noise level: 0.2 
MIA's class: numeric 
Is the MIA a nominal attribute? FALSE 
MIA's mean: 1378.67647058824, and standard deviation: 1459.82678077251
NOISE INJECTION
MIA is NOT a nominal attribute
Saved: results/noise_injection/by_dataset/blood-transfusion-service-center_V3_noise0.2.csv 
________________
Noise level: 0.3 
MIA's class: numeric 
Is the MIA a nominal attribute? FALSE 
MIA's mean: 1378.67647058824, and standard deviation: 1459.82678077251
NOISE INJECTION
MIA is NOT a nominal attribute
Saved: results/noise_injection/by_dataset/blood-transfusion-service-center_V3_noise0.3.csv 
________________
Noise level: 0.4 
MIA's class: numeric 
Is the MIA a nominal attribute? FALSE 
MIA's mean: 1378.67647058824, and standard deviation: 1459.82678077251
NOISE INJECTION
MIA is NOT a nominal attribute
Saved: results/noise_injection/by_dataset/blood-transfusion-service-center_V3_noise0.4.csv 
________________
Noise level: 0.5 
MIA's class: numeric 
Is the MIA a nominal attribute? FALSE 
MIA's mean: 1378.67647058824, and standard deviation: 1459.82678077251
NOISE INJECTION
MIA is NOT a nominal attribute
Saved: results/noise_injection/by_dataset/blood-transfusion-service-center_V3_noise0.5.csv 
________________
Noise level: 0.6 
MIA's class: numeric 
Is the MIA a nominal attribute? FALSE 
MIA's mean: 1378.67647058824, and standard deviation: 1459.82678077251
NOISE INJECTION
MIA is NOT a nominal attribute
Saved: results/noise_injection/by_dataset/blood-transfusion-service-center_V3_noise0.6.csv 
________________
Noise level: 0.7 
MIA's class: numeric 
Is the MIA a nominal attribute? FALSE 
MIA's mean: 1378.67647058824, and standard deviation: 1459.82678077251
NOISE INJECTION
MIA is NOT a nominal attribute
Saved: results/noise_injection/by_dataset/blood-transfusion-service-center_V3_noise0.7.csv 
________________
Noise level: 0.8 
MIA's class: numeric 
Is the MIA a nominal attribute? FALSE 
MIA's mean: 1378.67647058824, and standard deviation: 1459.82678077251
NOISE INJECTION
MIA is NOT a nominal attribute
Saved: results/noise_injection/by_dataset/blood-transfusion-service-center_V3_noise0.8.csv 
________________
Noise level: 0.9 
MIA's class: numeric 
Is the MIA a nominal attribute? FALSE 
MIA's mean: 1378.67647058824, and standard deviation: 1459.82678077251
NOISE INJECTION
MIA is NOT a nominal attribute
Saved: results/noise_injection/by_dataset/blood-transfusion-service-center_V3_noise0.9.csv 
________________
Noise level: 1 
MIA's class: numeric 
Is the MIA a nominal attribute? FALSE 
MIA's mean: 1378.67647058824, and standard deviation: 1459.82678077251
NOISE INJECTION
MIA is NOT a nominal attribute
Saved: results/noise_injection/by_dataset/blood-transfusion-service-center_V3_noise1.csv 
________________
Dataset: blood-transfusion-service-center 
Most important attribute: V4 
Noise level: 0.1 
MIA's class: numeric 
Is the MIA a nominal attribute? FALSE 
MIA's mean: 34.2820855614973, and standard deviation: 24.3767143686142
NOISE INJECTION
MIA is NOT a nominal attribute
Saved: results/noise_injection/by_dataset/blood-transfusion-service-center_V4_noise0.1.csv 
________________
Noise level: 0.2 
MIA's class: numeric 
Is the MIA a nominal attribute? FALSE 
MIA's mean: 34.2820855614973, and standard deviation: 24.3767143686142
NOISE INJECTION
MIA is NOT a nominal attribute
Saved: results/noise_injection/by_dataset/blood-transfusion-service-center_V4_noise0.2.csv 
________________
Noise level: 0.3 
MIA's class: numeric 
Is the MIA a nominal attribute? FALSE 
MIA's mean: 34.2820855614973, and standard deviation: 24.3767143686142
NOISE INJECTION
MIA is NOT a nominal attribute
Saved: results/noise_injection/by_dataset/blood-transfusion-service-center_V4_noise0.3.csv 
________________
Noise level: 0.4 
MIA's class: numeric 
Is the MIA a nominal attribute? FALSE 
MIA's mean: 34.2820855614973, and standard deviation: 24.3767143686142
NOISE INJECTION
MIA is NOT a nominal attribute
Saved: results/noise_injection/by_dataset/blood-transfusion-service-center_V4_noise0.4.csv 
________________
Noise level: 0.5 
MIA's class: numeric 
Is the MIA a nominal attribute? FALSE 
MIA's mean: 34.2820855614973, and standard deviation: 24.3767143686142
NOISE INJECTION
MIA is NOT a nominal attribute
Saved: results/noise_injection/by_dataset/blood-transfusion-service-center_V4_noise0.5.csv 
________________
Noise level: 0.6 
MIA's class: numeric 
Is the MIA a nominal attribute? FALSE 
MIA's mean: 34.2820855614973, and standard deviation: 24.3767143686142
NOISE INJECTION
MIA is NOT a nominal attribute
Saved: results/noise_injection/by_dataset/blood-transfusion-service-center_V4_noise0.6.csv 
________________
Noise level: 0.7 
MIA's class: numeric 
Is the MIA a nominal attribute? FALSE 
MIA's mean: 34.2820855614973, and standard deviation: 24.3767143686142
NOISE INJECTION
MIA is NOT a nominal attribute
Saved: results/noise_injection/by_dataset/blood-transfusion-service-center_V4_noise0.7.csv 
________________
Noise level: 0.8 
MIA's class: numeric 
Is the MIA a nominal attribute? FALSE 
MIA's mean: 34.2820855614973, and standard deviation: 24.3767143686142
NOISE INJECTION
MIA is NOT a nominal attribute
Saved: results/noise_injection/by_dataset/blood-transfusion-service-center_V4_noise0.8.csv 
________________
Noise level: 0.9 
MIA's class: numeric 
Is the MIA a nominal attribute? FALSE 
MIA's mean: 34.2820855614973, and standard deviation: 24.3767143686142
NOISE INJECTION
MIA is NOT a nominal attribute
Saved: results/noise_injection/by_dataset/blood-transfusion-service-center_V4_noise0.9.csv 
________________
Noise level: 1 
MIA's class: numeric 
Is the MIA a nominal attribute? FALSE 
MIA's mean: 34.2820855614973, and standard deviation: 24.3767143686142
NOISE INJECTION
MIA is NOT a nominal attribute
Saved: results/noise_injection/by_dataset/blood-transfusion-service-center_V4_noise1.csv 
________________
Dataset: blood-transfusion-service-center 
Most important attribute: V1 
Noise level: 0.1 
MIA's class: numeric 
Is the MIA a nominal attribute? FALSE 
MIA's mean: 9.50668449197861, and standard deviation: 8.09539563529921
NOISE INJECTION
MIA is NOT a nominal attribute
Saved: results/noise_injection/by_dataset/blood-transfusion-service-center_V1_noise0.1.csv 
________________
Noise level: 0.2 
MIA's class: numeric 
Is the MIA a nominal attribute? FALSE 
MIA's mean: 9.50668449197861, and standard deviation: 8.09539563529921
NOISE INJECTION
MIA is NOT a nominal attribute
Saved: results/noise_injection/by_dataset/blood-transfusion-service-center_V1_noise0.2.csv 
________________
Noise level: 0.3 
MIA's class: numeric 
Is the MIA a nominal attribute? FALSE 
MIA's mean: 9.50668449197861, and standard deviation: 8.09539563529921
NOISE INJECTION
MIA is NOT a nominal attribute
Saved: results/noise_injection/by_dataset/blood-transfusion-service-center_V1_noise0.3.csv 
________________
Noise level: 0.4 
MIA's class: numeric 
Is the MIA a nominal attribute? FALSE 
MIA's mean: 9.50668449197861, and standard deviation: 8.09539563529921
NOISE INJECTION
MIA is NOT a nominal attribute
Saved: results/noise_injection/by_dataset/blood-transfusion-service-center_V1_noise0.4.csv 
________________
Noise level: 0.5 
MIA's class: numeric 
Is the MIA a nominal attribute? FALSE 
MIA's mean: 9.50668449197861, and standard deviation: 8.09539563529921
NOISE INJECTION
MIA is NOT a nominal attribute
Saved: results/noise_injection/by_dataset/blood-transfusion-service-center_V1_noise0.5.csv 
________________
Noise level: 0.6 
MIA's class: numeric 
Is the MIA a nominal attribute? FALSE 
MIA's mean: 9.50668449197861, and standard deviation: 8.09539563529921
NOISE INJECTION
MIA is NOT a nominal attribute
Saved: results/noise_injection/by_dataset/blood-transfusion-service-center_V1_noise0.6.csv 
________________
Noise level: 0.7 
MIA's class: numeric 
Is the MIA a nominal attribute? FALSE 
MIA's mean: 9.50668449197861, and standard deviation: 8.09539563529921
NOISE INJECTION
MIA is NOT a nominal attribute
Saved: results/noise_injection/by_dataset/blood-transfusion-service-center_V1_noise0.7.csv 
________________
Noise level: 0.8 
MIA's class: numeric 
Is the MIA a nominal attribute? FALSE 
MIA's mean: 9.50668449197861, and standard deviation: 8.09539563529921
NOISE INJECTION
MIA is NOT a nominal attribute
Saved: results/noise_injection/by_dataset/blood-transfusion-service-center_V1_noise0.8.csv 
________________
Noise level: 0.9 
MIA's class: numeric 
Is the MIA a nominal attribute? FALSE 
MIA's mean: 9.50668449197861, and standard deviation: 8.09539563529921
NOISE INJECTION
MIA is NOT a nominal attribute
Saved: results/noise_injection/by_dataset/blood-transfusion-service-center_V1_noise0.9.csv 
________________
Noise level: 1 
MIA's class: numeric 
Is the MIA a nominal attribute? FALSE 
MIA's mean: 9.50668449197861, and standard deviation: 8.09539563529921
NOISE INJECTION
MIA is NOT a nominal attribute
Saved: results/noise_injection/by_dataset/blood-transfusion-service-center_V1_noise1.csv 
________________
Finished with adding noise to dataset: blood-transfusion-service-center
----------------------
****************
RESULTS RECORDED
****************
