Current working directory: /home/chris/github/kappa-threshold 
parameters.csv exists: TRUE 
parameters.csv absolute path: /home/chris/github/kappa-threshold/data/files/parameters.csv 
Dataset: breast-w 
Most important attribute: Clump_Thickness 
Noise level: 0.1 
MIA's class: numeric 
Is the MIA a nominal attribute? FALSE 
MIA's mean: 4.44216691068814, and standard deviation: 2.82076131883713
NOISE INJECTION
MIA is NOT a nominal attribute
Saved: results/noise_injection/by_dataset/breast-w_Clump_Thickness_noise0.1.csv 
________________
Noise level: 0.2 
MIA's class: numeric 
Is the MIA a nominal attribute? FALSE 
MIA's mean: 4.44216691068814, and standard deviation: 2.82076131883713
NOISE INJECTION
MIA is NOT a nominal attribute
Saved: results/noise_injection/by_dataset/breast-w_Clump_Thickness_noise0.2.csv 
________________
Noise level: 0.3 
MIA's class: numeric 
Is the MIA a nominal attribute? FALSE 
MIA's mean: 4.44216691068814, and standard deviation: 2.82076131883713
NOISE INJECTION
MIA is NOT a nominal attribute
Saved: results/noise_injection/by_dataset/breast-w_Clump_Thickness_noise0.3.csv 
________________
Noise level: 0.4 
MIA's class: numeric 
Is the MIA a nominal attribute? FALSE 
MIA's mean: 4.44216691068814, and standard deviation: 2.82076131883713
NOISE INJECTION
MIA is NOT a nominal attribute
Saved: results/noise_injection/by_dataset/breast-w_Clump_Thickness_noise0.4.csv 
________________
Noise level: 0.5 
MIA's class: numeric 
Is the MIA a nominal attribute? FALSE 
MIA's mean: 4.44216691068814, and standard deviation: 2.82076131883713
NOISE INJECTION
MIA is NOT a nominal attribute
Saved: results/noise_injection/by_dataset/breast-w_Clump_Thickness_noise0.5.csv 
________________
Noise level: 0.6 
MIA's class: numeric 
Is the MIA a nominal attribute? FALSE 
MIA's mean: 4.44216691068814, and standard deviation: 2.82076131883713
NOISE INJECTION
MIA is NOT a nominal attribute
Saved: results/noise_injection/by_dataset/breast-w_Clump_Thickness_noise0.6.csv 
________________
Noise level: 0.7 
MIA's class: numeric 
Is the MIA a nominal attribute? FALSE 
MIA's mean: 4.44216691068814, and standard deviation: 2.82076131883713
NOISE INJECTION
MIA is NOT a nominal attribute
Saved: results/noise_injection/by_dataset/breast-w_Clump_Thickness_noise0.7.csv 
________________
Noise level: 0.8 
MIA's class: numeric 
Is the MIA a nominal attribute? FALSE 
MIA's mean: 4.44216691068814, and standard deviation: 2.82076131883713
NOISE INJECTION
MIA is NOT a nominal attribute
Saved: results/noise_injection/by_dataset/breast-w_Clump_Thickness_noise0.8.csv 
________________
Noise level: 0.9 
MIA's class: numeric 
Is the MIA a nominal attribute? FALSE 
MIA's mean: 4.44216691068814, and standard deviation: 2.82076131883713
NOISE INJECTION
MIA is NOT a nominal attribute
Saved: results/noise_injection/by_dataset/breast-w_Clump_Thickness_noise0.9.csv 
________________
Noise level: 1 
MIA's class: numeric 
Is the MIA a nominal attribute? FALSE 
MIA's mean: 4.44216691068814, and standard deviation: 2.82076131883713
NOISE INJECTION
MIA is NOT a nominal attribute
Saved: results/noise_injection/by_dataset/breast-w_Clump_Thickness_noise1.csv 
________________
Dataset: breast-w 
Most important attribute: Cell_Size_Uniformity 
Noise level: 0.1 
MIA's class: numeric 
Is the MIA a nominal attribute? FALSE 
MIA's mean: 3.15080527086384, and standard deviation: 3.06514485578604
NOISE INJECTION
MIA is NOT a nominal attribute
Saved: results/noise_injection/by_dataset/breast-w_Cell_Size_Uniformity_noise0.1.csv 
________________
Noise level: 0.2 
MIA's class: numeric 
Is the MIA a nominal attribute? FALSE 
MIA's mean: 3.15080527086384, and standard deviation: 3.06514485578604
NOISE INJECTION
MIA is NOT a nominal attribute
Saved: results/noise_injection/by_dataset/breast-w_Cell_Size_Uniformity_noise0.2.csv 
________________
Noise level: 0.3 
MIA's class: numeric 
Is the MIA a nominal attribute? FALSE 
MIA's mean: 3.15080527086384, and standard deviation: 3.06514485578604
NOISE INJECTION
MIA is NOT a nominal attribute
Saved: results/noise_injection/by_dataset/breast-w_Cell_Size_Uniformity_noise0.3.csv 
________________
Noise level: 0.4 
MIA's class: numeric 
Is the MIA a nominal attribute? FALSE 
MIA's mean: 3.15080527086384, and standard deviation: 3.06514485578604
NOISE INJECTION
MIA is NOT a nominal attribute
Saved: results/noise_injection/by_dataset/breast-w_Cell_Size_Uniformity_noise0.4.csv 
________________
Noise level: 0.5 
MIA's class: numeric 
Is the MIA a nominal attribute? FALSE 
MIA's mean: 3.15080527086384, and standard deviation: 3.06514485578604
NOISE INJECTION
MIA is NOT a nominal attribute
Saved: results/noise_injection/by_dataset/breast-w_Cell_Size_Uniformity_noise0.5.csv 
________________
Noise level: 0.6 
MIA's class: numeric 
Is the MIA a nominal attribute? FALSE 
MIA's mean: 3.15080527086384, and standard deviation: 3.06514485578604
NOISE INJECTION
MIA is NOT a nominal attribute
Saved: results/noise_injection/by_dataset/breast-w_Cell_Size_Uniformity_noise0.6.csv 
________________
Noise level: 0.7 
MIA's class: numeric 
Is the MIA a nominal attribute? FALSE 
MIA's mean: 3.15080527086384, and standard deviation: 3.06514485578604
NOISE INJECTION
MIA is NOT a nominal attribute
Saved: results/noise_injection/by_dataset/breast-w_Cell_Size_Uniformity_noise0.7.csv 
________________
Noise level: 0.8 
MIA's class: numeric 
Is the MIA a nominal attribute? FALSE 
MIA's mean: 3.15080527086384, and standard deviation: 3.06514485578604
NOISE INJECTION
MIA is NOT a nominal attribute
Saved: results/noise_injection/by_dataset/breast-w_Cell_Size_Uniformity_noise0.8.csv 
________________
Noise level: 0.9 
MIA's class: numeric 
Is the MIA a nominal attribute? FALSE 
MIA's mean: 3.15080527086384, and standard deviation: 3.06514485578604
NOISE INJECTION
MIA is NOT a nominal attribute
Saved: results/noise_injection/by_dataset/breast-w_Cell_Size_Uniformity_noise0.9.csv 
________________
Noise level: 1 
MIA's class: numeric 
Is the MIA a nominal attribute? FALSE 
MIA's mean: 3.15080527086384, and standard deviation: 3.06514485578604
NOISE INJECTION
MIA is NOT a nominal attribute
Saved: results/noise_injection/by_dataset/breast-w_Cell_Size_Uniformity_noise1.csv 
________________
Dataset: breast-w 
Most important attribute: Bare_Nuclei 
Noise level: 0.1 
MIA's class: numeric 
Is the MIA a nominal attribute? FALSE 
MIA's mean: 3.54465592972182, and standard deviation: 3.64385716049292
NOISE INJECTION
MIA is NOT a nominal attribute
Saved: results/noise_injection/by_dataset/breast-w_Bare_Nuclei_noise0.1.csv 
________________
Noise level: 0.2 
MIA's class: numeric 
Is the MIA a nominal attribute? FALSE 
MIA's mean: 3.54465592972182, and standard deviation: 3.64385716049292
NOISE INJECTION
MIA is NOT a nominal attribute
Saved: results/noise_injection/by_dataset/breast-w_Bare_Nuclei_noise0.2.csv 
________________
Noise level: 0.3 
MIA's class: numeric 
Is the MIA a nominal attribute? FALSE 
MIA's mean: 3.54465592972182, and standard deviation: 3.64385716049292
NOISE INJECTION
MIA is NOT a nominal attribute
Saved: results/noise_injection/by_dataset/breast-w_Bare_Nuclei_noise0.3.csv 
________________
Noise level: 0.4 
MIA's class: numeric 
Is the MIA a nominal attribute? FALSE 
MIA's mean: 3.54465592972182, and standard deviation: 3.64385716049292
NOISE INJECTION
MIA is NOT a nominal attribute
Saved: results/noise_injection/by_dataset/breast-w_Bare_Nuclei_noise0.4.csv 
________________
Noise level: 0.5 
MIA's class: numeric 
Is the MIA a nominal attribute? FALSE 
MIA's mean: 3.54465592972182, and standard deviation: 3.64385716049292
NOISE INJECTION
MIA is NOT a nominal attribute
Saved: results/noise_injection/by_dataset/breast-w_Bare_Nuclei_noise0.5.csv 
________________
Noise level: 0.6 
MIA's class: numeric 
Is the MIA a nominal attribute? FALSE 
MIA's mean: 3.54465592972182, and standard deviation: 3.64385716049292
NOISE INJECTION
MIA is NOT a nominal attribute
Saved: results/noise_injection/by_dataset/breast-w_Bare_Nuclei_noise0.6.csv 
________________
Noise level: 0.7 
MIA's class: numeric 
Is the MIA a nominal attribute? FALSE 
MIA's mean: 3.54465592972182, and standard deviation: 3.64385716049292
NOISE INJECTION
MIA is NOT a nominal attribute
Saved: results/noise_injection/by_dataset/breast-w_Bare_Nuclei_noise0.7.csv 
________________
Noise level: 0.8 
MIA's class: numeric 
Is the MIA a nominal attribute? FALSE 
MIA's mean: 3.54465592972182, and standard deviation: 3.64385716049292
NOISE INJECTION
MIA is NOT a nominal attribute
Saved: results/noise_injection/by_dataset/breast-w_Bare_Nuclei_noise0.8.csv 
________________
Noise level: 0.9 
MIA's class: numeric 
Is the MIA a nominal attribute? FALSE 
MIA's mean: 3.54465592972182, and standard deviation: 3.64385716049292
NOISE INJECTION
MIA is NOT a nominal attribute
Saved: results/noise_injection/by_dataset/breast-w_Bare_Nuclei_noise0.9.csv 
________________
Noise level: 1 
MIA's class: numeric 
Is the MIA a nominal attribute? FALSE 
MIA's mean: 3.54465592972182, and standard deviation: 3.64385716049292
NOISE INJECTION
MIA is NOT a nominal attribute
Saved: results/noise_injection/by_dataset/breast-w_Bare_Nuclei_noise1.csv 
________________
Dataset: breast-w 
Most important attribute: Marginal_Adhesion 
Noise level: 0.1 
MIA's class: numeric 
Is the MIA a nominal attribute? FALSE 
MIA's mean: 2.83016105417277, and standard deviation: 2.86456219044699
NOISE INJECTION
MIA is NOT a nominal attribute
Saved: results/noise_injection/by_dataset/breast-w_Marginal_Adhesion_noise0.1.csv 
________________
Noise level: 0.2 
MIA's class: numeric 
Is the MIA a nominal attribute? FALSE 
MIA's mean: 2.83016105417277, and standard deviation: 2.86456219044699
NOISE INJECTION
MIA is NOT a nominal attribute
Saved: results/noise_injection/by_dataset/breast-w_Marginal_Adhesion_noise0.2.csv 
________________
Noise level: 0.3 
MIA's class: numeric 
Is the MIA a nominal attribute? FALSE 
MIA's mean: 2.83016105417277, and standard deviation: 2.86456219044699
NOISE INJECTION
MIA is NOT a nominal attribute
Saved: results/noise_injection/by_dataset/breast-w_Marginal_Adhesion_noise0.3.csv 
________________
Noise level: 0.4 
MIA's class: numeric 
Is the MIA a nominal attribute? FALSE 
MIA's mean: 2.83016105417277, and standard deviation: 2.86456219044699
NOISE INJECTION
MIA is NOT a nominal attribute
Saved: results/noise_injection/by_dataset/breast-w_Marginal_Adhesion_noise0.4.csv 
________________
Noise level: 0.5 
MIA's class: numeric 
Is the MIA a nominal attribute? FALSE 
MIA's mean: 2.83016105417277, and standard deviation: 2.86456219044699
NOISE INJECTION
MIA is NOT a nominal attribute
Saved: results/noise_injection/by_dataset/breast-w_Marginal_Adhesion_noise0.5.csv 
________________
Noise level: 0.6 
MIA's class: numeric 
Is the MIA a nominal attribute? FALSE 
MIA's mean: 2.83016105417277, and standard deviation: 2.86456219044699
NOISE INJECTION
MIA is NOT a nominal attribute
Saved: results/noise_injection/by_dataset/breast-w_Marginal_Adhesion_noise0.6.csv 
________________
Noise level: 0.7 
MIA's class: numeric 
Is the MIA a nominal attribute? FALSE 
MIA's mean: 2.83016105417277, and standard deviation: 2.86456219044699
NOISE INJECTION
MIA is NOT a nominal attribute
Saved: results/noise_injection/by_dataset/breast-w_Marginal_Adhesion_noise0.7.csv 
________________
Noise level: 0.8 
MIA's class: numeric 
Is the MIA a nominal attribute? FALSE 
MIA's mean: 2.83016105417277, and standard deviation: 2.86456219044699
NOISE INJECTION
MIA is NOT a nominal attribute
Saved: results/noise_injection/by_dataset/breast-w_Marginal_Adhesion_noise0.8.csv 
________________
Noise level: 0.9 
MIA's class: numeric 
Is the MIA a nominal attribute? FALSE 
MIA's mean: 2.83016105417277, and standard deviation: 2.86456219044699
NOISE INJECTION
MIA is NOT a nominal attribute
Saved: results/noise_injection/by_dataset/breast-w_Marginal_Adhesion_noise0.9.csv 
________________
Noise level: 1 
MIA's class: numeric 
Is the MIA a nominal attribute? FALSE 
MIA's mean: 2.83016105417277, and standard deviation: 2.86456219044699
NOISE INJECTION
MIA is NOT a nominal attribute
Saved: results/noise_injection/by_dataset/breast-w_Marginal_Adhesion_noise1.csv 
________________
Dataset: breast-w 
Most important attribute: Cell_Shape_Uniformity 
Noise level: 0.1 
MIA's class: numeric 
Is the MIA a nominal attribute? FALSE 
MIA's mean: 3.21522693997072, and standard deviation: 2.98858081832502
NOISE INJECTION
MIA is NOT a nominal attribute
Saved: results/noise_injection/by_dataset/breast-w_Cell_Shape_Uniformity_noise0.1.csv 
________________
Noise level: 0.2 
MIA's class: numeric 
Is the MIA a nominal attribute? FALSE 
MIA's mean: 3.21522693997072, and standard deviation: 2.98858081832502
NOISE INJECTION
MIA is NOT a nominal attribute
Saved: results/noise_injection/by_dataset/breast-w_Cell_Shape_Uniformity_noise0.2.csv 
________________
Noise level: 0.3 
MIA's class: numeric 
Is the MIA a nominal attribute? FALSE 
MIA's mean: 3.21522693997072, and standard deviation: 2.98858081832502
NOISE INJECTION
MIA is NOT a nominal attribute
Saved: results/noise_injection/by_dataset/breast-w_Cell_Shape_Uniformity_noise0.3.csv 
________________
Noise level: 0.4 
MIA's class: numeric 
Is the MIA a nominal attribute? FALSE 
MIA's mean: 3.21522693997072, and standard deviation: 2.98858081832502
NOISE INJECTION
MIA is NOT a nominal attribute
Saved: results/noise_injection/by_dataset/breast-w_Cell_Shape_Uniformity_noise0.4.csv 
________________
Noise level: 0.5 
MIA's class: numeric 
Is the MIA a nominal attribute? FALSE 
MIA's mean: 3.21522693997072, and standard deviation: 2.98858081832502
NOISE INJECTION
MIA is NOT a nominal attribute
Saved: results/noise_injection/by_dataset/breast-w_Cell_Shape_Uniformity_noise0.5.csv 
________________
Noise level: 0.6 
MIA's class: numeric 
Is the MIA a nominal attribute? FALSE 
MIA's mean: 3.21522693997072, and standard deviation: 2.98858081832502
NOISE INJECTION
MIA is NOT a nominal attribute
Saved: results/noise_injection/by_dataset/breast-w_Cell_Shape_Uniformity_noise0.6.csv 
________________
Noise level: 0.7 
MIA's class: numeric 
Is the MIA a nominal attribute? FALSE 
MIA's mean: 3.21522693997072, and standard deviation: 2.98858081832502
NOISE INJECTION
MIA is NOT a nominal attribute
Saved: results/noise_injection/by_dataset/breast-w_Cell_Shape_Uniformity_noise0.7.csv 
________________
Noise level: 0.8 
MIA's class: numeric 
Is the MIA a nominal attribute? FALSE 
MIA's mean: 3.21522693997072, and standard deviation: 2.98858081832502
NOISE INJECTION
MIA is NOT a nominal attribute
Saved: results/noise_injection/by_dataset/breast-w_Cell_Shape_Uniformity_noise0.8.csv 
________________
Noise level: 0.9 
MIA's class: numeric 
Is the MIA a nominal attribute? FALSE 
MIA's mean: 3.21522693997072, and standard deviation: 2.98858081832502
NOISE INJECTION
MIA is NOT a nominal attribute
Saved: results/noise_injection/by_dataset/breast-w_Cell_Shape_Uniformity_noise0.9.csv 
________________
Noise level: 1 
MIA's class: numeric 
Is the MIA a nominal attribute? FALSE 
MIA's mean: 3.21522693997072, and standard deviation: 2.98858081832502
NOISE INJECTION
MIA is NOT a nominal attribute
Saved: results/noise_injection/by_dataset/breast-w_Cell_Shape_Uniformity_noise1.csv 
________________
Finished with adding noise to dataset: breast-w
----------------------
****************
RESULTS RECORDED
****************
