Current working directory: /home/chris/github/kappa-threshold 
parameters.csv exists: TRUE 
parameters.csv absolute path: /home/chris/github/kappa-threshold/data/files/parameters.csv 
Dataset: cardiotocography 
Most important attribute: V27 
Noise level: 0.1 
MIA's class: numeric 
Is the MIA a nominal attribute? FALSE 
MIA's mean: 0.272342427093133, and standard deviation: 0.445269903456095
NOISE INJECTION
MIA is NOT a nominal attribute
Saved: results/noise_injection/by_dataset/cardiotocography_V27_noise0.1.csv 
________________
Noise level: 0.2 
MIA's class: numeric 
Is the MIA a nominal attribute? FALSE 
MIA's mean: 0.272342427093133, and standard deviation: 0.445269903456095
NOISE INJECTION
MIA is NOT a nominal attribute
Saved: results/noise_injection/by_dataset/cardiotocography_V27_noise0.2.csv 
________________
Noise level: 0.3 
MIA's class: numeric 
Is the MIA a nominal attribute? FALSE 
MIA's mean: 0.272342427093133, and standard deviation: 0.445269903456095
NOISE INJECTION
MIA is NOT a nominal attribute
Saved: results/noise_injection/by_dataset/cardiotocography_V27_noise0.3.csv 
________________
Noise level: 0.4 
MIA's class: numeric 
Is the MIA a nominal attribute? FALSE 
MIA's mean: 0.272342427093133, and standard deviation: 0.445269903456095
NOISE INJECTION
MIA is NOT a nominal attribute
Saved: results/noise_injection/by_dataset/cardiotocography_V27_noise0.4.csv 
________________
Noise level: 0.5 
MIA's class: numeric 
Is the MIA a nominal attribute? FALSE 
MIA's mean: 0.272342427093133, and standard deviation: 0.445269903456095
NOISE INJECTION
MIA is NOT a nominal attribute
Saved: results/noise_injection/by_dataset/cardiotocography_V27_noise0.5.csv 
________________
Noise level: 0.6 
MIA's class: numeric 
Is the MIA a nominal attribute? FALSE 
MIA's mean: 0.272342427093133, and standard deviation: 0.445269903456095
NOISE INJECTION
MIA is NOT a nominal attribute
Saved: results/noise_injection/by_dataset/cardiotocography_V27_noise0.6.csv 
________________
Noise level: 0.7 
MIA's class: numeric 
Is the MIA a nominal attribute? FALSE 
MIA's mean: 0.272342427093133, and standard deviation: 0.445269903456095
NOISE INJECTION
MIA is NOT a nominal attribute
Saved: results/noise_injection/by_dataset/cardiotocography_V27_noise0.7.csv 
________________
Noise level: 0.8 
MIA's class: numeric 
Is the MIA a nominal attribute? FALSE 
MIA's mean: 0.272342427093133, and standard deviation: 0.445269903456095
NOISE INJECTION
MIA is NOT a nominal attribute
Saved: results/noise_injection/by_dataset/cardiotocography_V27_noise0.8.csv 
________________
Noise level: 0.9 
MIA's class: numeric 
Is the MIA a nominal attribute? FALSE 
MIA's mean: 0.272342427093133, and standard deviation: 0.445269903456095
NOISE INJECTION
MIA is NOT a nominal attribute
Saved: results/noise_injection/by_dataset/cardiotocography_V27_noise0.9.csv 
________________
Noise level: 1 
MIA's class: numeric 
Is the MIA a nominal attribute? FALSE 
MIA's mean: 0.272342427093133, and standard deviation: 0.445269903456095
NOISE INJECTION
MIA is NOT a nominal attribute
Saved: results/noise_injection/by_dataset/cardiotocography_V27_noise1.csv 
________________
Dataset: cardiotocography 
Most important attribute: V26 
Noise level: 0.1 
MIA's class: numeric 
Is the MIA a nominal attribute? FALSE 
MIA's mean: 0.180620884289746, and standard deviation: 0.384794264622011
NOISE INJECTION
MIA is NOT a nominal attribute
Saved: results/noise_injection/by_dataset/cardiotocography_V26_noise0.1.csv 
________________
Noise level: 0.2 
MIA's class: numeric 
Is the MIA a nominal attribute? FALSE 
MIA's mean: 0.180620884289746, and standard deviation: 0.384794264622011
NOISE INJECTION
MIA is NOT a nominal attribute
Saved: results/noise_injection/by_dataset/cardiotocography_V26_noise0.2.csv 
________________
Noise level: 0.3 
MIA's class: numeric 
Is the MIA a nominal attribute? FALSE 
MIA's mean: 0.180620884289746, and standard deviation: 0.384794264622011
NOISE INJECTION
MIA is NOT a nominal attribute
Saved: results/noise_injection/by_dataset/cardiotocography_V26_noise0.3.csv 
________________
Noise level: 0.4 
MIA's class: numeric 
Is the MIA a nominal attribute? FALSE 
MIA's mean: 0.180620884289746, and standard deviation: 0.384794264622011
NOISE INJECTION
MIA is NOT a nominal attribute
Saved: results/noise_injection/by_dataset/cardiotocography_V26_noise0.4.csv 
________________
Noise level: 0.5 
MIA's class: numeric 
Is the MIA a nominal attribute? FALSE 
MIA's mean: 0.180620884289746, and standard deviation: 0.384794264622011
NOISE INJECTION
MIA is NOT a nominal attribute
Saved: results/noise_injection/by_dataset/cardiotocography_V26_noise0.5.csv 
________________
Noise level: 0.6 
MIA's class: numeric 
Is the MIA a nominal attribute? FALSE 
MIA's mean: 0.180620884289746, and standard deviation: 0.384794264622011
NOISE INJECTION
MIA is NOT a nominal attribute
Saved: results/noise_injection/by_dataset/cardiotocography_V26_noise0.6.csv 
________________
Noise level: 0.7 
MIA's class: numeric 
Is the MIA a nominal attribute? FALSE 
MIA's mean: 0.180620884289746, and standard deviation: 0.384794264622011
NOISE INJECTION
MIA is NOT a nominal attribute
Saved: results/noise_injection/by_dataset/cardiotocography_V26_noise0.7.csv 
________________
Noise level: 0.8 
MIA's class: numeric 
Is the MIA a nominal attribute? FALSE 
MIA's mean: 0.180620884289746, and standard deviation: 0.384794264622011
NOISE INJECTION
MIA is NOT a nominal attribute
Saved: results/noise_injection/by_dataset/cardiotocography_V26_noise0.8.csv 
________________
Noise level: 0.9 
MIA's class: numeric 
Is the MIA a nominal attribute? FALSE 
MIA's mean: 0.180620884289746, and standard deviation: 0.384794264622011
NOISE INJECTION
MIA is NOT a nominal attribute
Saved: results/noise_injection/by_dataset/cardiotocography_V26_noise0.9.csv 
________________
Noise level: 1 
MIA's class: numeric 
Is the MIA a nominal attribute? FALSE 
MIA's mean: 0.180620884289746, and standard deviation: 0.384794264622011
NOISE INJECTION
MIA is NOT a nominal attribute
Saved: results/noise_injection/by_dataset/cardiotocography_V26_noise1.csv 
________________
Dataset: cardiotocography 
Most important attribute: V31 
Noise level: 0.1 
MIA's class: numeric 
Is the MIA a nominal attribute? FALSE 
MIA's mean: 0.156161806208843, and standard deviation: 0.363094076507268
NOISE INJECTION
MIA is NOT a nominal attribute
Saved: results/noise_injection/by_dataset/cardiotocography_V31_noise0.1.csv 
________________
Noise level: 0.2 
MIA's class: numeric 
Is the MIA a nominal attribute? FALSE 
MIA's mean: 0.156161806208843, and standard deviation: 0.363094076507268
NOISE INJECTION
MIA is NOT a nominal attribute
Saved: results/noise_injection/by_dataset/cardiotocography_V31_noise0.2.csv 
________________
Noise level: 0.3 
MIA's class: numeric 
Is the MIA a nominal attribute? FALSE 
MIA's mean: 0.156161806208843, and standard deviation: 0.363094076507268
NOISE INJECTION
MIA is NOT a nominal attribute
Saved: results/noise_injection/by_dataset/cardiotocography_V31_noise0.3.csv 
________________
Noise level: 0.4 
MIA's class: numeric 
Is the MIA a nominal attribute? FALSE 
MIA's mean: 0.156161806208843, and standard deviation: 0.363094076507268
NOISE INJECTION
MIA is NOT a nominal attribute
Saved: results/noise_injection/by_dataset/cardiotocography_V31_noise0.4.csv 
________________
Noise level: 0.5 
MIA's class: numeric 
Is the MIA a nominal attribute? FALSE 
MIA's mean: 0.156161806208843, and standard deviation: 0.363094076507268
NOISE INJECTION
MIA is NOT a nominal attribute
Saved: results/noise_injection/by_dataset/cardiotocography_V31_noise0.5.csv 
________________
Noise level: 0.6 
MIA's class: numeric 
Is the MIA a nominal attribute? FALSE 
MIA's mean: 0.156161806208843, and standard deviation: 0.363094076507268
NOISE INJECTION
MIA is NOT a nominal attribute
Saved: results/noise_injection/by_dataset/cardiotocography_V31_noise0.6.csv 
________________
Noise level: 0.7 
MIA's class: numeric 
Is the MIA a nominal attribute? FALSE 
MIA's mean: 0.156161806208843, and standard deviation: 0.363094076507268
NOISE INJECTION
MIA is NOT a nominal attribute
Saved: results/noise_injection/by_dataset/cardiotocography_V31_noise0.7.csv 
________________
Noise level: 0.8 
MIA's class: numeric 
Is the MIA a nominal attribute? FALSE 
MIA's mean: 0.156161806208843, and standard deviation: 0.363094076507268
NOISE INJECTION
MIA is NOT a nominal attribute
Saved: results/noise_injection/by_dataset/cardiotocography_V31_noise0.8.csv 
________________
Noise level: 0.9 
MIA's class: numeric 
Is the MIA a nominal attribute? FALSE 
MIA's mean: 0.156161806208843, and standard deviation: 0.363094076507268
NOISE INJECTION
MIA is NOT a nominal attribute
Saved: results/noise_injection/by_dataset/cardiotocography_V31_noise0.9.csv 
________________
Noise level: 1 
MIA's class: numeric 
Is the MIA a nominal attribute? FALSE 
MIA's mean: 0.156161806208843, and standard deviation: 0.363094076507268
NOISE INJECTION
MIA is NOT a nominal attribute
Saved: results/noise_injection/by_dataset/cardiotocography_V31_noise1.csv 
________________
Dataset: cardiotocography 
Most important attribute: V35 
Noise level: 0.1 
MIA's class: numeric 
Is the MIA a nominal attribute? FALSE 
MIA's mean: 0.0926622765757291, and standard deviation: 0.290026799179241
NOISE INJECTION
MIA is NOT a nominal attribute
Saved: results/noise_injection/by_dataset/cardiotocography_V35_noise0.1.csv 
________________
Noise level: 0.2 
MIA's class: numeric 
Is the MIA a nominal attribute? FALSE 
MIA's mean: 0.0926622765757291, and standard deviation: 0.290026799179241
NOISE INJECTION
MIA is NOT a nominal attribute
Saved: results/noise_injection/by_dataset/cardiotocography_V35_noise0.2.csv 
________________
Noise level: 0.3 
MIA's class: numeric 
Is the MIA a nominal attribute? FALSE 
MIA's mean: 0.0926622765757291, and standard deviation: 0.290026799179241
NOISE INJECTION
MIA is NOT a nominal attribute
Saved: results/noise_injection/by_dataset/cardiotocography_V35_noise0.3.csv 
________________
Noise level: 0.4 
MIA's class: numeric 
Is the MIA a nominal attribute? FALSE 
MIA's mean: 0.0926622765757291, and standard deviation: 0.290026799179241
NOISE INJECTION
MIA is NOT a nominal attribute
Saved: results/noise_injection/by_dataset/cardiotocography_V35_noise0.4.csv 
________________
Noise level: 0.5 
MIA's class: numeric 
Is the MIA a nominal attribute? FALSE 
MIA's mean: 0.0926622765757291, and standard deviation: 0.290026799179241
NOISE INJECTION
MIA is NOT a nominal attribute
Saved: results/noise_injection/by_dataset/cardiotocography_V35_noise0.5.csv 
________________
Noise level: 0.6 
MIA's class: numeric 
Is the MIA a nominal attribute? FALSE 
MIA's mean: 0.0926622765757291, and standard deviation: 0.290026799179241
NOISE INJECTION
MIA is NOT a nominal attribute
Saved: results/noise_injection/by_dataset/cardiotocography_V35_noise0.6.csv 
________________
Noise level: 0.7 
MIA's class: numeric 
Is the MIA a nominal attribute? FALSE 
MIA's mean: 0.0926622765757291, and standard deviation: 0.290026799179241
NOISE INJECTION
MIA is NOT a nominal attribute
Saved: results/noise_injection/by_dataset/cardiotocography_V35_noise0.7.csv 
________________
Noise level: 0.8 
MIA's class: numeric 
Is the MIA a nominal attribute? FALSE 
MIA's mean: 0.0926622765757291, and standard deviation: 0.290026799179241
NOISE INJECTION
MIA is NOT a nominal attribute
Saved: results/noise_injection/by_dataset/cardiotocography_V35_noise0.8.csv 
________________
Noise level: 0.9 
MIA's class: numeric 
Is the MIA a nominal attribute? FALSE 
MIA's mean: 0.0926622765757291, and standard deviation: 0.290026799179241
NOISE INJECTION
MIA is NOT a nominal attribute
Saved: results/noise_injection/by_dataset/cardiotocography_V35_noise0.9.csv 
________________
Noise level: 1 
MIA's class: numeric 
Is the MIA a nominal attribute? FALSE 
MIA's mean: 0.0926622765757291, and standard deviation: 0.290026799179241
NOISE INJECTION
MIA is NOT a nominal attribute
Saved: results/noise_injection/by_dataset/cardiotocography_V35_noise1.csv 
________________
Dataset: cardiotocography 
Most important attribute: V6 
Noise level: 0.1 
MIA's class: numeric 
Is the MIA a nominal attribute? FALSE 
MIA's mean: 2.72248353715898, and standard deviation: 3.56085021486021
NOISE INJECTION
MIA is NOT a nominal attribute
Saved: results/noise_injection/by_dataset/cardiotocography_V6_noise0.1.csv 
________________
Noise level: 0.2 
MIA's class: numeric 
Is the MIA a nominal attribute? FALSE 
MIA's mean: 2.72248353715898, and standard deviation: 3.56085021486021
NOISE INJECTION
MIA is NOT a nominal attribute
Saved: results/noise_injection/by_dataset/cardiotocography_V6_noise0.2.csv 
________________
Noise level: 0.3 
MIA's class: numeric 
Is the MIA a nominal attribute? FALSE 
MIA's mean: 2.72248353715898, and standard deviation: 3.56085021486021
NOISE INJECTION
MIA is NOT a nominal attribute
Saved: results/noise_injection/by_dataset/cardiotocography_V6_noise0.3.csv 
________________
Noise level: 0.4 
MIA's class: numeric 
Is the MIA a nominal attribute? FALSE 
MIA's mean: 2.72248353715898, and standard deviation: 3.56085021486021
NOISE INJECTION
MIA is NOT a nominal attribute
Saved: results/noise_injection/by_dataset/cardiotocography_V6_noise0.4.csv 
________________
Noise level: 0.5 
MIA's class: numeric 
Is the MIA a nominal attribute? FALSE 
MIA's mean: 2.72248353715898, and standard deviation: 3.56085021486021
NOISE INJECTION
MIA is NOT a nominal attribute
Saved: results/noise_injection/by_dataset/cardiotocography_V6_noise0.5.csv 
________________
Noise level: 0.6 
MIA's class: numeric 
Is the MIA a nominal attribute? FALSE 
MIA's mean: 2.72248353715898, and standard deviation: 3.56085021486021
NOISE INJECTION
MIA is NOT a nominal attribute
Saved: results/noise_injection/by_dataset/cardiotocography_V6_noise0.6.csv 
________________
Noise level: 0.7 
MIA's class: numeric 
Is the MIA a nominal attribute? FALSE 
MIA's mean: 2.72248353715898, and standard deviation: 3.56085021486021
NOISE INJECTION
MIA is NOT a nominal attribute
Saved: results/noise_injection/by_dataset/cardiotocography_V6_noise0.7.csv 
________________
Noise level: 0.8 
MIA's class: numeric 
Is the MIA a nominal attribute? FALSE 
MIA's mean: 2.72248353715898, and standard deviation: 3.56085021486021
NOISE INJECTION
MIA is NOT a nominal attribute
Saved: results/noise_injection/by_dataset/cardiotocography_V6_noise0.8.csv 
________________
Noise level: 0.9 
MIA's class: numeric 
Is the MIA a nominal attribute? FALSE 
MIA's mean: 2.72248353715898, and standard deviation: 3.56085021486021
NOISE INJECTION
MIA is NOT a nominal attribute
Saved: results/noise_injection/by_dataset/cardiotocography_V6_noise0.9.csv 
________________
Noise level: 1 
MIA's class: numeric 
Is the MIA a nominal attribute? FALSE 
MIA's mean: 2.72248353715898, and standard deviation: 3.56085021486021
NOISE INJECTION
MIA is NOT a nominal attribute
Saved: results/noise_injection/by_dataset/cardiotocography_V6_noise1.csv 
________________
Finished with adding noise to dataset: cardiotocography
----------------------
****************
RESULTS RECORDED
****************
