Current working directory: /home/chris/github/kappa-threshold 
parameters.csv exists: TRUE 
parameters.csv absolute path: /home/chris/github/kappa-threshold/data/files/parameters.csv 
Dataset: climate-model-simulation-crashes 
Most important attribute: vconst_2 
Noise level: 0.1 
MIA's class: numeric 
Is the MIA a nominal attribute? FALSE 
MIA's mean: 0.500096502465336, and standard deviation: 0.288922228792261
NOISE INJECTION
MIA is NOT a nominal attribute
Saved: results/noise_injection/by_dataset/climate-model-simulation-crashes_vconst_2_noise0.1.csv 
________________
Noise level: 0.2 
MIA's class: numeric 
Is the MIA a nominal attribute? FALSE 
MIA's mean: 0.500096502465336, and standard deviation: 0.288922228792261
NOISE INJECTION
MIA is NOT a nominal attribute
Saved: results/noise_injection/by_dataset/climate-model-simulation-crashes_vconst_2_noise0.2.csv 
________________
Noise level: 0.3 
MIA's class: numeric 
Is the MIA a nominal attribute? FALSE 
MIA's mean: 0.500096502465336, and standard deviation: 0.288922228792261
NOISE INJECTION
MIA is NOT a nominal attribute
Saved: results/noise_injection/by_dataset/climate-model-simulation-crashes_vconst_2_noise0.3.csv 
________________
Noise level: 0.4 
MIA's class: numeric 
Is the MIA a nominal attribute? FALSE 
MIA's mean: 0.500096502465336, and standard deviation: 0.288922228792261
NOISE INJECTION
MIA is NOT a nominal attribute
Saved: results/noise_injection/by_dataset/climate-model-simulation-crashes_vconst_2_noise0.4.csv 
________________
Noise level: 0.5 
MIA's class: numeric 
Is the MIA a nominal attribute? FALSE 
MIA's mean: 0.500096502465336, and standard deviation: 0.288922228792261
NOISE INJECTION
MIA is NOT a nominal attribute
Saved: results/noise_injection/by_dataset/climate-model-simulation-crashes_vconst_2_noise0.5.csv 
________________
Noise level: 0.6 
MIA's class: numeric 
Is the MIA a nominal attribute? FALSE 
MIA's mean: 0.500096502465336, and standard deviation: 0.288922228792261
NOISE INJECTION
MIA is NOT a nominal attribute
Saved: results/noise_injection/by_dataset/climate-model-simulation-crashes_vconst_2_noise0.6.csv 
________________
Noise level: 0.7 
MIA's class: numeric 
Is the MIA a nominal attribute? FALSE 
MIA's mean: 0.500096502465336, and standard deviation: 0.288922228792261
NOISE INJECTION
MIA is NOT a nominal attribute
Saved: results/noise_injection/by_dataset/climate-model-simulation-crashes_vconst_2_noise0.7.csv 
________________
Noise level: 0.8 
MIA's class: numeric 
Is the MIA a nominal attribute? FALSE 
MIA's mean: 0.500096502465336, and standard deviation: 0.288922228792261
NOISE INJECTION
MIA is NOT a nominal attribute
Saved: results/noise_injection/by_dataset/climate-model-simulation-crashes_vconst_2_noise0.8.csv 
________________
Noise level: 0.9 
MIA's class: numeric 
Is the MIA a nominal attribute? FALSE 
MIA's mean: 0.500096502465336, and standard deviation: 0.288922228792261
NOISE INJECTION
MIA is NOT a nominal attribute
Saved: results/noise_injection/by_dataset/climate-model-simulation-crashes_vconst_2_noise0.9.csv 
________________
Noise level: 1 
MIA's class: numeric 
Is the MIA a nominal attribute? FALSE 
MIA's mean: 0.500096502465336, and standard deviation: 0.288922228792261
NOISE INJECTION
MIA is NOT a nominal attribute
Saved: results/noise_injection/by_dataset/climate-model-simulation-crashes_vconst_2_noise1.csv 
________________
Dataset: climate-model-simulation-crashes 
Most important attribute: vconst_corr 
Noise level: 0.1 
MIA's class: numeric 
Is the MIA a nominal attribute? FALSE 
MIA's mean: 0.500026415319533, and standard deviation: 0.288938994632144
NOISE INJECTION
MIA is NOT a nominal attribute
Saved: results/noise_injection/by_dataset/climate-model-simulation-crashes_vconst_corr_noise0.1.csv 
________________
Noise level: 0.2 
MIA's class: numeric 
Is the MIA a nominal attribute? FALSE 
MIA's mean: 0.500026415319533, and standard deviation: 0.288938994632144
NOISE INJECTION
MIA is NOT a nominal attribute
Saved: results/noise_injection/by_dataset/climate-model-simulation-crashes_vconst_corr_noise0.2.csv 
________________
Noise level: 0.3 
MIA's class: numeric 
Is the MIA a nominal attribute? FALSE 
MIA's mean: 0.500026415319533, and standard deviation: 0.288938994632144
NOISE INJECTION
MIA is NOT a nominal attribute
Saved: results/noise_injection/by_dataset/climate-model-simulation-crashes_vconst_corr_noise0.3.csv 
________________
Noise level: 0.4 
MIA's class: numeric 
Is the MIA a nominal attribute? FALSE 
MIA's mean: 0.500026415319533, and standard deviation: 0.288938994632144
NOISE INJECTION
MIA is NOT a nominal attribute
Saved: results/noise_injection/by_dataset/climate-model-simulation-crashes_vconst_corr_noise0.4.csv 
________________
Noise level: 0.5 
MIA's class: numeric 
Is the MIA a nominal attribute? FALSE 
MIA's mean: 0.500026415319533, and standard deviation: 0.288938994632144
NOISE INJECTION
MIA is NOT a nominal attribute
Saved: results/noise_injection/by_dataset/climate-model-simulation-crashes_vconst_corr_noise0.5.csv 
________________
Noise level: 0.6 
MIA's class: numeric 
Is the MIA a nominal attribute? FALSE 
MIA's mean: 0.500026415319533, and standard deviation: 0.288938994632144
NOISE INJECTION
MIA is NOT a nominal attribute
Saved: results/noise_injection/by_dataset/climate-model-simulation-crashes_vconst_corr_noise0.6.csv 
________________
Noise level: 0.7 
MIA's class: numeric 
Is the MIA a nominal attribute? FALSE 
MIA's mean: 0.500026415319533, and standard deviation: 0.288938994632144
NOISE INJECTION
MIA is NOT a nominal attribute
Saved: results/noise_injection/by_dataset/climate-model-simulation-crashes_vconst_corr_noise0.7.csv 
________________
Noise level: 0.8 
MIA's class: numeric 
Is the MIA a nominal attribute? FALSE 
MIA's mean: 0.500026415319533, and standard deviation: 0.288938994632144
NOISE INJECTION
MIA is NOT a nominal attribute
Saved: results/noise_injection/by_dataset/climate-model-simulation-crashes_vconst_corr_noise0.8.csv 
________________
Noise level: 0.9 
MIA's class: numeric 
Is the MIA a nominal attribute? FALSE 
MIA's mean: 0.500026415319533, and standard deviation: 0.288938994632144
NOISE INJECTION
MIA is NOT a nominal attribute
Saved: results/noise_injection/by_dataset/climate-model-simulation-crashes_vconst_corr_noise0.9.csv 
________________
Noise level: 1 
MIA's class: numeric 
Is the MIA a nominal attribute? FALSE 
MIA's mean: 0.500026415319533, and standard deviation: 0.288938994632144
NOISE INJECTION
MIA is NOT a nominal attribute
Saved: results/noise_injection/by_dataset/climate-model-simulation-crashes_vconst_corr_noise1.csv 
________________
Dataset: climate-model-simulation-crashes 
Most important attribute: bckgrnd_vdc1 
Noise level: 0.1 
MIA's class: numeric 
Is the MIA a nominal attribute? FALSE 
MIA's mean: 0.499943704038148, and standard deviation: 0.288948623934296
NOISE INJECTION
MIA is NOT a nominal attribute
Saved: results/noise_injection/by_dataset/climate-model-simulation-crashes_bckgrnd_vdc1_noise0.1.csv 
________________
Noise level: 0.2 
MIA's class: numeric 
Is the MIA a nominal attribute? FALSE 
MIA's mean: 0.499943704038148, and standard deviation: 0.288948623934296
NOISE INJECTION
MIA is NOT a nominal attribute
Saved: results/noise_injection/by_dataset/climate-model-simulation-crashes_bckgrnd_vdc1_noise0.2.csv 
________________
Noise level: 0.3 
MIA's class: numeric 
Is the MIA a nominal attribute? FALSE 
MIA's mean: 0.499943704038148, and standard deviation: 0.288948623934296
NOISE INJECTION
MIA is NOT a nominal attribute
Saved: results/noise_injection/by_dataset/climate-model-simulation-crashes_bckgrnd_vdc1_noise0.3.csv 
________________
Noise level: 0.4 
MIA's class: numeric 
Is the MIA a nominal attribute? FALSE 
MIA's mean: 0.499943704038148, and standard deviation: 0.288948623934296
NOISE INJECTION
MIA is NOT a nominal attribute
Saved: results/noise_injection/by_dataset/climate-model-simulation-crashes_bckgrnd_vdc1_noise0.4.csv 
________________
Noise level: 0.5 
MIA's class: numeric 
Is the MIA a nominal attribute? FALSE 
MIA's mean: 0.499943704038148, and standard deviation: 0.288948623934296
NOISE INJECTION
MIA is NOT a nominal attribute
Saved: results/noise_injection/by_dataset/climate-model-simulation-crashes_bckgrnd_vdc1_noise0.5.csv 
________________
Noise level: 0.6 
MIA's class: numeric 
Is the MIA a nominal attribute? FALSE 
MIA's mean: 0.499943704038148, and standard deviation: 0.288948623934296
NOISE INJECTION
MIA is NOT a nominal attribute
Saved: results/noise_injection/by_dataset/climate-model-simulation-crashes_bckgrnd_vdc1_noise0.6.csv 
________________
Noise level: 0.7 
MIA's class: numeric 
Is the MIA a nominal attribute? FALSE 
MIA's mean: 0.499943704038148, and standard deviation: 0.288948623934296
NOISE INJECTION
MIA is NOT a nominal attribute
Saved: results/noise_injection/by_dataset/climate-model-simulation-crashes_bckgrnd_vdc1_noise0.7.csv 
________________
Noise level: 0.8 
MIA's class: numeric 
Is the MIA a nominal attribute? FALSE 
MIA's mean: 0.499943704038148, and standard deviation: 0.288948623934296
NOISE INJECTION
MIA is NOT a nominal attribute
Saved: results/noise_injection/by_dataset/climate-model-simulation-crashes_bckgrnd_vdc1_noise0.8.csv 
________________
Noise level: 0.9 
MIA's class: numeric 
Is the MIA a nominal attribute? FALSE 
MIA's mean: 0.499943704038148, and standard deviation: 0.288948623934296
NOISE INJECTION
MIA is NOT a nominal attribute
Saved: results/noise_injection/by_dataset/climate-model-simulation-crashes_bckgrnd_vdc1_noise0.9.csv 
________________
Noise level: 1 
MIA's class: numeric 
Is the MIA a nominal attribute? FALSE 
MIA's mean: 0.499943704038148, and standard deviation: 0.288948623934296
NOISE INJECTION
MIA is NOT a nominal attribute
Saved: results/noise_injection/by_dataset/climate-model-simulation-crashes_bckgrnd_vdc1_noise1.csv 
________________
Finished with adding noise to dataset: climate-model-simulation-crashes
----------------------
****************
RESULTS RECORDED
****************
