Current working directory: /home/chris/github/kappa-threshold 
parameters.csv exists: TRUE 
parameters.csv absolute path: /home/chris/github/kappa-threshold/data/files/parameters.csv 
Dataset: credit-g 
Most important attribute: checking_status 
Noise level: 0.1 
MIA's class: factor 
Is the MIA a nominal attribute? TRUE 
NOISE INJECTION
MIA is a nominal attribute
Saved: results/noise_injection/by_dataset/credit-g_checking_status_noise0.1.csv 
________________
Noise level: 0.2 
MIA's class: factor 
Is the MIA a nominal attribute? TRUE 
NOISE INJECTION
MIA is a nominal attribute
Saved: results/noise_injection/by_dataset/credit-g_checking_status_noise0.2.csv 
________________
Noise level: 0.3 
MIA's class: factor 
Is the MIA a nominal attribute? TRUE 
NOISE INJECTION
MIA is a nominal attribute
Saved: results/noise_injection/by_dataset/credit-g_checking_status_noise0.3.csv 
________________
Noise level: 0.4 
MIA's class: factor 
Is the MIA a nominal attribute? TRUE 
NOISE INJECTION
MIA is a nominal attribute
Saved: results/noise_injection/by_dataset/credit-g_checking_status_noise0.4.csv 
________________
Noise level: 0.5 
MIA's class: factor 
Is the MIA a nominal attribute? TRUE 
NOISE INJECTION
MIA is a nominal attribute
Saved: results/noise_injection/by_dataset/credit-g_checking_status_noise0.5.csv 
________________
Noise level: 0.6 
MIA's class: factor 
Is the MIA a nominal attribute? TRUE 
NOISE INJECTION
MIA is a nominal attribute
Saved: results/noise_injection/by_dataset/credit-g_checking_status_noise0.6.csv 
________________
Noise level: 0.7 
MIA's class: factor 
Is the MIA a nominal attribute? TRUE 
NOISE INJECTION
MIA is a nominal attribute
Saved: results/noise_injection/by_dataset/credit-g_checking_status_noise0.7.csv 
________________
Noise level: 0.8 
MIA's class: factor 
Is the MIA a nominal attribute? TRUE 
NOISE INJECTION
MIA is a nominal attribute
Saved: results/noise_injection/by_dataset/credit-g_checking_status_noise0.8.csv 
________________
Noise level: 0.9 
MIA's class: factor 
Is the MIA a nominal attribute? TRUE 
NOISE INJECTION
MIA is a nominal attribute
Saved: results/noise_injection/by_dataset/credit-g_checking_status_noise0.9.csv 
________________
Noise level: 1 
MIA's class: factor 
Is the MIA a nominal attribute? TRUE 
NOISE INJECTION
MIA is a nominal attribute
Saved: results/noise_injection/by_dataset/credit-g_checking_status_noise1.csv 
________________
Dataset: credit-g 
Most important attribute: duration 
Noise level: 0.1 
MIA's class: numeric 
Is the MIA a nominal attribute? FALSE 
MIA's mean: 20.903, and standard deviation: 12.0588144527564
NOISE INJECTION
MIA is NOT a nominal attribute
Saved: results/noise_injection/by_dataset/credit-g_duration_noise0.1.csv 
________________
Noise level: 0.2 
MIA's class: numeric 
Is the MIA a nominal attribute? FALSE 
MIA's mean: 20.903, and standard deviation: 12.0588144527564
NOISE INJECTION
MIA is NOT a nominal attribute
Saved: results/noise_injection/by_dataset/credit-g_duration_noise0.2.csv 
________________
Noise level: 0.3 
MIA's class: numeric 
Is the MIA a nominal attribute? FALSE 
MIA's mean: 20.903, and standard deviation: 12.0588144527564
NOISE INJECTION
MIA is NOT a nominal attribute
Saved: results/noise_injection/by_dataset/credit-g_duration_noise0.3.csv 
________________
Noise level: 0.4 
MIA's class: numeric 
Is the MIA a nominal attribute? FALSE 
MIA's mean: 20.903, and standard deviation: 12.0588144527564
NOISE INJECTION
MIA is NOT a nominal attribute
Saved: results/noise_injection/by_dataset/credit-g_duration_noise0.4.csv 
________________
Noise level: 0.5 
MIA's class: numeric 
Is the MIA a nominal attribute? FALSE 
MIA's mean: 20.903, and standard deviation: 12.0588144527564
NOISE INJECTION
MIA is NOT a nominal attribute
Saved: results/noise_injection/by_dataset/credit-g_duration_noise0.5.csv 
________________
Noise level: 0.6 
MIA's class: numeric 
Is the MIA a nominal attribute? FALSE 
MIA's mean: 20.903, and standard deviation: 12.0588144527564
NOISE INJECTION
MIA is NOT a nominal attribute
Saved: results/noise_injection/by_dataset/credit-g_duration_noise0.6.csv 
________________
Noise level: 0.7 
MIA's class: numeric 
Is the MIA a nominal attribute? FALSE 
MIA's mean: 20.903, and standard deviation: 12.0588144527564
NOISE INJECTION
MIA is NOT a nominal attribute
Saved: results/noise_injection/by_dataset/credit-g_duration_noise0.7.csv 
________________
Noise level: 0.8 
MIA's class: numeric 
Is the MIA a nominal attribute? FALSE 
MIA's mean: 20.903, and standard deviation: 12.0588144527564
NOISE INJECTION
MIA is NOT a nominal attribute
Saved: results/noise_injection/by_dataset/credit-g_duration_noise0.8.csv 
________________
Noise level: 0.9 
MIA's class: numeric 
Is the MIA a nominal attribute? FALSE 
MIA's mean: 20.903, and standard deviation: 12.0588144527564
NOISE INJECTION
MIA is NOT a nominal attribute
Saved: results/noise_injection/by_dataset/credit-g_duration_noise0.9.csv 
________________
Noise level: 1 
MIA's class: numeric 
Is the MIA a nominal attribute? FALSE 
MIA's mean: 20.903, and standard deviation: 12.0588144527564
NOISE INJECTION
MIA is NOT a nominal attribute
Saved: results/noise_injection/by_dataset/credit-g_duration_noise1.csv 
________________
Dataset: credit-g 
Most important attribute: credit_amount 
Noise level: 0.1 
MIA's class: numeric 
Is the MIA a nominal attribute? FALSE 
MIA's mean: 3271.258, and standard deviation: 2822.73687596044
NOISE INJECTION
MIA is NOT a nominal attribute
Saved: results/noise_injection/by_dataset/credit-g_credit_amount_noise0.1.csv 
________________
Noise level: 0.2 
MIA's class: numeric 
Is the MIA a nominal attribute? FALSE 
MIA's mean: 3271.258, and standard deviation: 2822.73687596044
NOISE INJECTION
MIA is NOT a nominal attribute
Saved: results/noise_injection/by_dataset/credit-g_credit_amount_noise0.2.csv 
________________
Noise level: 0.3 
MIA's class: numeric 
Is the MIA a nominal attribute? FALSE 
MIA's mean: 3271.258, and standard deviation: 2822.73687596044
NOISE INJECTION
MIA is NOT a nominal attribute
Saved: results/noise_injection/by_dataset/credit-g_credit_amount_noise0.3.csv 
________________
Noise level: 0.4 
MIA's class: numeric 
Is the MIA a nominal attribute? FALSE 
MIA's mean: 3271.258, and standard deviation: 2822.73687596044
NOISE INJECTION
MIA is NOT a nominal attribute
Saved: results/noise_injection/by_dataset/credit-g_credit_amount_noise0.4.csv 
________________
Noise level: 0.5 
MIA's class: numeric 
Is the MIA a nominal attribute? FALSE 
MIA's mean: 3271.258, and standard deviation: 2822.73687596044
NOISE INJECTION
MIA is NOT a nominal attribute
Saved: results/noise_injection/by_dataset/credit-g_credit_amount_noise0.5.csv 
________________
Noise level: 0.6 
MIA's class: numeric 
Is the MIA a nominal attribute? FALSE 
MIA's mean: 3271.258, and standard deviation: 2822.73687596044
NOISE INJECTION
MIA is NOT a nominal attribute
Saved: results/noise_injection/by_dataset/credit-g_credit_amount_noise0.6.csv 
________________
Noise level: 0.7 
MIA's class: numeric 
Is the MIA a nominal attribute? FALSE 
MIA's mean: 3271.258, and standard deviation: 2822.73687596044
NOISE INJECTION
MIA is NOT a nominal attribute
Saved: results/noise_injection/by_dataset/credit-g_credit_amount_noise0.7.csv 
________________
Noise level: 0.8 
MIA's class: numeric 
Is the MIA a nominal attribute? FALSE 
MIA's mean: 3271.258, and standard deviation: 2822.73687596044
NOISE INJECTION
MIA is NOT a nominal attribute
Saved: results/noise_injection/by_dataset/credit-g_credit_amount_noise0.8.csv 
________________
Noise level: 0.9 
MIA's class: numeric 
Is the MIA a nominal attribute? FALSE 
MIA's mean: 3271.258, and standard deviation: 2822.73687596044
NOISE INJECTION
MIA is NOT a nominal attribute
Saved: results/noise_injection/by_dataset/credit-g_credit_amount_noise0.9.csv 
________________
Noise level: 1 
MIA's class: numeric 
Is the MIA a nominal attribute? FALSE 
MIA's mean: 3271.258, and standard deviation: 2822.73687596044
NOISE INJECTION
MIA is NOT a nominal attribute
Saved: results/noise_injection/by_dataset/credit-g_credit_amount_noise1.csv 
________________
Finished with adding noise to dataset: credit-g
----------------------
****************
RESULTS RECORDED
****************
