Current working directory: /home/chris/github/kappa-threshold 
parameters.csv exists: TRUE 
parameters.csv absolute path: /home/chris/github/kappa-threshold/data/files/parameters.csv 
Dataset: diabetes 
Most important attribute: plas 
Noise level: 0.1 
MIA's class: numeric 
Is the MIA a nominal attribute? FALSE 
MIA's mean: 120.89453125, and standard deviation: 31.9726181951362
NOISE INJECTION
MIA is NOT a nominal attribute
Saved: results/noise_injection/by_dataset/diabetes_plas_noise0.1.csv 
________________
Noise level: 0.2 
MIA's class: numeric 
Is the MIA a nominal attribute? FALSE 
MIA's mean: 120.89453125, and standard deviation: 31.9726181951362
NOISE INJECTION
MIA is NOT a nominal attribute
Saved: results/noise_injection/by_dataset/diabetes_plas_noise0.2.csv 
________________
Noise level: 0.3 
MIA's class: numeric 
Is the MIA a nominal attribute? FALSE 
MIA's mean: 120.89453125, and standard deviation: 31.9726181951362
NOISE INJECTION
MIA is NOT a nominal attribute
Saved: results/noise_injection/by_dataset/diabetes_plas_noise0.3.csv 
________________
Noise level: 0.4 
MIA's class: numeric 
Is the MIA a nominal attribute? FALSE 
MIA's mean: 120.89453125, and standard deviation: 31.9726181951362
NOISE INJECTION
MIA is NOT a nominal attribute
Saved: results/noise_injection/by_dataset/diabetes_plas_noise0.4.csv 
________________
Noise level: 0.5 
MIA's class: numeric 
Is the MIA a nominal attribute? FALSE 
MIA's mean: 120.89453125, and standard deviation: 31.9726181951362
NOISE INJECTION
MIA is NOT a nominal attribute
Saved: results/noise_injection/by_dataset/diabetes_plas_noise0.5.csv 
________________
Noise level: 0.6 
MIA's class: numeric 
Is the MIA a nominal attribute? FALSE 
MIA's mean: 120.89453125, and standard deviation: 31.9726181951362
NOISE INJECTION
MIA is NOT a nominal attribute
Saved: results/noise_injection/by_dataset/diabetes_plas_noise0.6.csv 
________________
Noise level: 0.7 
MIA's class: numeric 
Is the MIA a nominal attribute? FALSE 
MIA's mean: 120.89453125, and standard deviation: 31.9726181951362
NOISE INJECTION
MIA is NOT a nominal attribute
Saved: results/noise_injection/by_dataset/diabetes_plas_noise0.7.csv 
________________
Noise level: 0.8 
MIA's class: numeric 
Is the MIA a nominal attribute? FALSE 
MIA's mean: 120.89453125, and standard deviation: 31.9726181951362
NOISE INJECTION
MIA is NOT a nominal attribute
Saved: results/noise_injection/by_dataset/diabetes_plas_noise0.8.csv 
________________
Noise level: 0.9 
MIA's class: numeric 
Is the MIA a nominal attribute? FALSE 
MIA's mean: 120.89453125, and standard deviation: 31.9726181951362
NOISE INJECTION
MIA is NOT a nominal attribute
Saved: results/noise_injection/by_dataset/diabetes_plas_noise0.9.csv 
________________
Noise level: 1 
MIA's class: numeric 
Is the MIA a nominal attribute? FALSE 
MIA's mean: 120.89453125, and standard deviation: 31.9726181951362
NOISE INJECTION
MIA is NOT a nominal attribute
Saved: results/noise_injection/by_dataset/diabetes_plas_noise1.csv 
________________
Finished with adding noise to dataset: diabetes
----------------------
****************
RESULTS RECORDED
****************
