Current working directory: /home/chris/github/kappa-threshold 
parameters.csv exists: TRUE 
parameters.csv absolute path: /home/chris/github/kappa-threshold/data/files/parameters.csv 
Dataset: kc1 
Most important attribute: l 
Noise level: 0.1 
MIA's class: numeric 
Is the MIA a nominal attribute? FALSE 
MIA's mean: 0.319582740635372, and standard deviation: 0.317029045900935
NOISE INJECTION
MIA is NOT a nominal attribute
Saved: results/noise_injection/by_dataset/kc1_l_noise0.1.csv 
________________
Noise level: 0.2 
MIA's class: numeric 
Is the MIA a nominal attribute? FALSE 
MIA's mean: 0.319582740635372, and standard deviation: 0.317029045900935
NOISE INJECTION
MIA is NOT a nominal attribute
Saved: results/noise_injection/by_dataset/kc1_l_noise0.2.csv 
________________
Noise level: 0.3 
MIA's class: numeric 
Is the MIA a nominal attribute? FALSE 
MIA's mean: 0.319582740635372, and standard deviation: 0.317029045900935
NOISE INJECTION
MIA is NOT a nominal attribute
Saved: results/noise_injection/by_dataset/kc1_l_noise0.3.csv 
________________
Noise level: 0.4 
MIA's class: numeric 
Is the MIA a nominal attribute? FALSE 
MIA's mean: 0.319582740635372, and standard deviation: 0.317029045900935
NOISE INJECTION
MIA is NOT a nominal attribute
Saved: results/noise_injection/by_dataset/kc1_l_noise0.4.csv 
________________
Noise level: 0.5 
MIA's class: numeric 
Is the MIA a nominal attribute? FALSE 
MIA's mean: 0.319582740635372, and standard deviation: 0.317029045900935
NOISE INJECTION
MIA is NOT a nominal attribute
Saved: results/noise_injection/by_dataset/kc1_l_noise0.5.csv 
________________
Noise level: 0.6 
MIA's class: numeric 
Is the MIA a nominal attribute? FALSE 
MIA's mean: 0.319582740635372, and standard deviation: 0.317029045900935
NOISE INJECTION
MIA is NOT a nominal attribute
Saved: results/noise_injection/by_dataset/kc1_l_noise0.6.csv 
________________
Noise level: 0.7 
MIA's class: numeric 
Is the MIA a nominal attribute? FALSE 
MIA's mean: 0.319582740635372, and standard deviation: 0.317029045900935
NOISE INJECTION
MIA is NOT a nominal attribute
Saved: results/noise_injection/by_dataset/kc1_l_noise0.7.csv 
________________
Noise level: 0.8 
MIA's class: numeric 
Is the MIA a nominal attribute? FALSE 
MIA's mean: 0.319582740635372, and standard deviation: 0.317029045900935
NOISE INJECTION
MIA is NOT a nominal attribute
Saved: results/noise_injection/by_dataset/kc1_l_noise0.8.csv 
________________
Noise level: 0.9 
MIA's class: numeric 
Is the MIA a nominal attribute? FALSE 
MIA's mean: 0.319582740635372, and standard deviation: 0.317029045900935
NOISE INJECTION
MIA is NOT a nominal attribute
Saved: results/noise_injection/by_dataset/kc1_l_noise0.9.csv 
________________
Noise level: 1 
MIA's class: numeric 
Is the MIA a nominal attribute? FALSE 
MIA's mean: 0.319582740635372, and standard deviation: 0.317029045900935
NOISE INJECTION
MIA is NOT a nominal attribute
Saved: results/noise_injection/by_dataset/kc1_l_noise1.csv 
________________
Dataset: kc1 
Most important attribute: d 
Noise level: 0.1 
MIA's class: numeric 
Is the MIA a nominal attribute? FALSE 
MIA's mean: 6.77124229492651, and standard deviation: 7.86364554905969
NOISE INJECTION
MIA is NOT a nominal attribute
Saved: results/noise_injection/by_dataset/kc1_d_noise0.1.csv 
________________
Noise level: 0.2 
MIA's class: numeric 
Is the MIA a nominal attribute? FALSE 
MIA's mean: 6.77124229492651, and standard deviation: 7.86364554905969
NOISE INJECTION
MIA is NOT a nominal attribute
Saved: results/noise_injection/by_dataset/kc1_d_noise0.2.csv 
________________
Noise level: 0.3 
MIA's class: numeric 
Is the MIA a nominal attribute? FALSE 
MIA's mean: 6.77124229492651, and standard deviation: 7.86364554905969
NOISE INJECTION
MIA is NOT a nominal attribute
Saved: results/noise_injection/by_dataset/kc1_d_noise0.3.csv 
________________
Noise level: 0.4 
MIA's class: numeric 
Is the MIA a nominal attribute? FALSE 
MIA's mean: 6.77124229492651, and standard deviation: 7.86364554905969
NOISE INJECTION
MIA is NOT a nominal attribute
Saved: results/noise_injection/by_dataset/kc1_d_noise0.4.csv 
________________
Noise level: 0.5 
MIA's class: numeric 
Is the MIA a nominal attribute? FALSE 
MIA's mean: 6.77124229492651, and standard deviation: 7.86364554905969
NOISE INJECTION
MIA is NOT a nominal attribute
Saved: results/noise_injection/by_dataset/kc1_d_noise0.5.csv 
________________
Noise level: 0.6 
MIA's class: numeric 
Is the MIA a nominal attribute? FALSE 
MIA's mean: 6.77124229492651, and standard deviation: 7.86364554905969
NOISE INJECTION
MIA is NOT a nominal attribute
Saved: results/noise_injection/by_dataset/kc1_d_noise0.6.csv 
________________
Noise level: 0.7 
MIA's class: numeric 
Is the MIA a nominal attribute? FALSE 
MIA's mean: 6.77124229492651, and standard deviation: 7.86364554905969
NOISE INJECTION
MIA is NOT a nominal attribute
Saved: results/noise_injection/by_dataset/kc1_d_noise0.7.csv 
________________
Noise level: 0.8 
MIA's class: numeric 
Is the MIA a nominal attribute? FALSE 
MIA's mean: 6.77124229492651, and standard deviation: 7.86364554905969
NOISE INJECTION
MIA is NOT a nominal attribute
Saved: results/noise_injection/by_dataset/kc1_d_noise0.8.csv 
________________
Noise level: 0.9 
MIA's class: numeric 
Is the MIA a nominal attribute? FALSE 
MIA's mean: 6.77124229492651, and standard deviation: 7.86364554905969
NOISE INJECTION
MIA is NOT a nominal attribute
Saved: results/noise_injection/by_dataset/kc1_d_noise0.9.csv 
________________
Noise level: 1 
MIA's class: numeric 
Is the MIA a nominal attribute? FALSE 
MIA's mean: 6.77124229492651, and standard deviation: 7.86364554905969
NOISE INJECTION
MIA is NOT a nominal attribute
Saved: results/noise_injection/by_dataset/kc1_d_noise1.csv 
________________
Dataset: kc1 
Most important attribute: total_Opnd 
Noise level: 0.1 
MIA's class: numeric 
Is the MIA a nominal attribute? FALSE 
MIA's mean: 18.7867235656709, and standard deviation: 32.0743984242707
NOISE INJECTION
MIA is NOT a nominal attribute
Saved: results/noise_injection/by_dataset/kc1_total_Opnd_noise0.1.csv 
________________
Noise level: 0.2 
MIA's class: numeric 
Is the MIA a nominal attribute? FALSE 
MIA's mean: 18.7867235656709, and standard deviation: 32.0743984242707
NOISE INJECTION
MIA is NOT a nominal attribute
Saved: results/noise_injection/by_dataset/kc1_total_Opnd_noise0.2.csv 
________________
Noise level: 0.3 
MIA's class: numeric 
Is the MIA a nominal attribute? FALSE 
MIA's mean: 18.7867235656709, and standard deviation: 32.0743984242707
NOISE INJECTION
MIA is NOT a nominal attribute
Saved: results/noise_injection/by_dataset/kc1_total_Opnd_noise0.3.csv 
________________
Noise level: 0.4 
MIA's class: numeric 
Is the MIA a nominal attribute? FALSE 
MIA's mean: 18.7867235656709, and standard deviation: 32.0743984242707
NOISE INJECTION
MIA is NOT a nominal attribute
Saved: results/noise_injection/by_dataset/kc1_total_Opnd_noise0.4.csv 
________________
Noise level: 0.5 
MIA's class: numeric 
Is the MIA a nominal attribute? FALSE 
MIA's mean: 18.7867235656709, and standard deviation: 32.0743984242707
NOISE INJECTION
MIA is NOT a nominal attribute
Saved: results/noise_injection/by_dataset/kc1_total_Opnd_noise0.5.csv 
________________
Noise level: 0.6 
MIA's class: numeric 
Is the MIA a nominal attribute? FALSE 
MIA's mean: 18.7867235656709, and standard deviation: 32.0743984242707
NOISE INJECTION
MIA is NOT a nominal attribute
Saved: results/noise_injection/by_dataset/kc1_total_Opnd_noise0.6.csv 
________________
Noise level: 0.7 
MIA's class: numeric 
Is the MIA a nominal attribute? FALSE 
MIA's mean: 18.7867235656709, and standard deviation: 32.0743984242707
NOISE INJECTION
MIA is NOT a nominal attribute
Saved: results/noise_injection/by_dataset/kc1_total_Opnd_noise0.7.csv 
________________
Noise level: 0.8 
MIA's class: numeric 
Is the MIA a nominal attribute? FALSE 
MIA's mean: 18.7867235656709, and standard deviation: 32.0743984242707
NOISE INJECTION
MIA is NOT a nominal attribute
Saved: results/noise_injection/by_dataset/kc1_total_Opnd_noise0.8.csv 
________________
Noise level: 0.9 
MIA's class: numeric 
Is the MIA a nominal attribute? FALSE 
MIA's mean: 18.7867235656709, and standard deviation: 32.0743984242707
NOISE INJECTION
MIA is NOT a nominal attribute
Saved: results/noise_injection/by_dataset/kc1_total_Opnd_noise0.9.csv 
________________
Noise level: 1 
MIA's class: numeric 
Is the MIA a nominal attribute? FALSE 
MIA's mean: 18.7867235656709, and standard deviation: 32.0743984242707
NOISE INJECTION
MIA is NOT a nominal attribute
Saved: results/noise_injection/by_dataset/kc1_total_Opnd_noise1.csv 
________________
Dataset: kc1 
Most important attribute: i 
Noise level: 0.1 
MIA's class: numeric 
Is the MIA a nominal attribute? FALSE 
MIA's mean: 21.2400711237553, and standard deviation: 21.5003669123775
NOISE INJECTION
MIA is NOT a nominal attribute
Saved: results/noise_injection/by_dataset/kc1_i_noise0.1.csv 
________________
Noise level: 0.2 
MIA's class: numeric 
Is the MIA a nominal attribute? FALSE 
MIA's mean: 21.2400711237553, and standard deviation: 21.5003669123775
NOISE INJECTION
MIA is NOT a nominal attribute
Saved: results/noise_injection/by_dataset/kc1_i_noise0.2.csv 
________________
Noise level: 0.3 
MIA's class: numeric 
Is the MIA a nominal attribute? FALSE 
MIA's mean: 21.2400711237553, and standard deviation: 21.5003669123775
NOISE INJECTION
MIA is NOT a nominal attribute
Saved: results/noise_injection/by_dataset/kc1_i_noise0.3.csv 
________________
Noise level: 0.4 
MIA's class: numeric 
Is the MIA a nominal attribute? FALSE 
MIA's mean: 21.2400711237553, and standard deviation: 21.5003669123775
NOISE INJECTION
MIA is NOT a nominal attribute
Saved: results/noise_injection/by_dataset/kc1_i_noise0.4.csv 
________________
Noise level: 0.5 
MIA's class: numeric 
Is the MIA a nominal attribute? FALSE 
MIA's mean: 21.2400711237553, and standard deviation: 21.5003669123775
NOISE INJECTION
MIA is NOT a nominal attribute
Saved: results/noise_injection/by_dataset/kc1_i_noise0.5.csv 
________________
Noise level: 0.6 
MIA's class: numeric 
Is the MIA a nominal attribute? FALSE 
MIA's mean: 21.2400711237553, and standard deviation: 21.5003669123775
NOISE INJECTION
MIA is NOT a nominal attribute
Saved: results/noise_injection/by_dataset/kc1_i_noise0.6.csv 
________________
Noise level: 0.7 
MIA's class: numeric 
Is the MIA a nominal attribute? FALSE 
MIA's mean: 21.2400711237553, and standard deviation: 21.5003669123775
NOISE INJECTION
MIA is NOT a nominal attribute
Saved: results/noise_injection/by_dataset/kc1_i_noise0.7.csv 
________________
Noise level: 0.8 
MIA's class: numeric 
Is the MIA a nominal attribute? FALSE 
MIA's mean: 21.2400711237553, and standard deviation: 21.5003669123775
NOISE INJECTION
MIA is NOT a nominal attribute
Saved: results/noise_injection/by_dataset/kc1_i_noise0.8.csv 
________________
Noise level: 0.9 
MIA's class: numeric 
Is the MIA a nominal attribute? FALSE 
MIA's mean: 21.2400711237553, and standard deviation: 21.5003669123775
NOISE INJECTION
MIA is NOT a nominal attribute
Saved: results/noise_injection/by_dataset/kc1_i_noise0.9.csv 
________________
Noise level: 1 
MIA's class: numeric 
Is the MIA a nominal attribute? FALSE 
MIA's mean: 21.2400711237553, and standard deviation: 21.5003669123775
NOISE INJECTION
MIA is NOT a nominal attribute
Saved: results/noise_injection/by_dataset/kc1_i_noise1.csv 
________________
Dataset: kc1 
Most important attribute: total_Op 
Noise level: 0.1 
MIA's class: numeric 
Is the MIA a nominal attribute? FALSE 
MIA's mean: 31.0437174016121, and standard deviation: 51.7760559181561
NOISE INJECTION
MIA is NOT a nominal attribute
Saved: results/noise_injection/by_dataset/kc1_total_Op_noise0.1.csv 
________________
Noise level: 0.2 
MIA's class: numeric 
Is the MIA a nominal attribute? FALSE 
MIA's mean: 31.0437174016121, and standard deviation: 51.7760559181561
NOISE INJECTION
MIA is NOT a nominal attribute
Saved: results/noise_injection/by_dataset/kc1_total_Op_noise0.2.csv 
________________
Noise level: 0.3 
MIA's class: numeric 
Is the MIA a nominal attribute? FALSE 
MIA's mean: 31.0437174016121, and standard deviation: 51.7760559181561
NOISE INJECTION
MIA is NOT a nominal attribute
Saved: results/noise_injection/by_dataset/kc1_total_Op_noise0.3.csv 
________________
Noise level: 0.4 
MIA's class: numeric 
Is the MIA a nominal attribute? FALSE 
MIA's mean: 31.0437174016121, and standard deviation: 51.7760559181561
NOISE INJECTION
MIA is NOT a nominal attribute
Saved: results/noise_injection/by_dataset/kc1_total_Op_noise0.4.csv 
________________
Noise level: 0.5 
MIA's class: numeric 
Is the MIA a nominal attribute? FALSE 
MIA's mean: 31.0437174016121, and standard deviation: 51.7760559181561
NOISE INJECTION
MIA is NOT a nominal attribute
Saved: results/noise_injection/by_dataset/kc1_total_Op_noise0.5.csv 
________________
Noise level: 0.6 
MIA's class: numeric 
Is the MIA a nominal attribute? FALSE 
MIA's mean: 31.0437174016121, and standard deviation: 51.7760559181561
NOISE INJECTION
MIA is NOT a nominal attribute
Saved: results/noise_injection/by_dataset/kc1_total_Op_noise0.6.csv 
________________
Noise level: 0.7 
MIA's class: numeric 
Is the MIA a nominal attribute? FALSE 
MIA's mean: 31.0437174016121, and standard deviation: 51.7760559181561
NOISE INJECTION
MIA is NOT a nominal attribute
Saved: results/noise_injection/by_dataset/kc1_total_Op_noise0.7.csv 
________________
Noise level: 0.8 
MIA's class: numeric 
Is the MIA a nominal attribute? FALSE 
MIA's mean: 31.0437174016121, and standard deviation: 51.7760559181561
NOISE INJECTION
MIA is NOT a nominal attribute
Saved: results/noise_injection/by_dataset/kc1_total_Op_noise0.8.csv 
________________
Noise level: 0.9 
MIA's class: numeric 
Is the MIA a nominal attribute? FALSE 
MIA's mean: 31.0437174016121, and standard deviation: 51.7760559181561
NOISE INJECTION
MIA is NOT a nominal attribute
Saved: results/noise_injection/by_dataset/kc1_total_Op_noise0.9.csv 
________________
Noise level: 1 
MIA's class: numeric 
Is the MIA a nominal attribute? FALSE 
MIA's mean: 31.0437174016121, and standard deviation: 51.7760559181561
NOISE INJECTION
MIA is NOT a nominal attribute
Saved: results/noise_injection/by_dataset/kc1_total_Op_noise1.csv 
________________
Dataset: kc1 
Most important attribute: lOBlank 
Noise level: 0.1 
MIA's class: numeric 
Is the MIA a nominal attribute? FALSE 
MIA's mean: 1.75960170697013, and standard deviation: 3.85685016560421
NOISE INJECTION
MIA is NOT a nominal attribute
Saved: results/noise_injection/by_dataset/kc1_lOBlank_noise0.1.csv 
________________
Noise level: 0.2 
MIA's class: numeric 
Is the MIA a nominal attribute? FALSE 
MIA's mean: 1.75960170697013, and standard deviation: 3.85685016560421
NOISE INJECTION
MIA is NOT a nominal attribute
Saved: results/noise_injection/by_dataset/kc1_lOBlank_noise0.2.csv 
________________
Noise level: 0.3 
MIA's class: numeric 
Is the MIA a nominal attribute? FALSE 
MIA's mean: 1.75960170697013, and standard deviation: 3.85685016560421
NOISE INJECTION
MIA is NOT a nominal attribute
Saved: results/noise_injection/by_dataset/kc1_lOBlank_noise0.3.csv 
________________
Noise level: 0.4 
MIA's class: numeric 
Is the MIA a nominal attribute? FALSE 
MIA's mean: 1.75960170697013, and standard deviation: 3.85685016560421
NOISE INJECTION
MIA is NOT a nominal attribute
Saved: results/noise_injection/by_dataset/kc1_lOBlank_noise0.4.csv 
________________
Noise level: 0.5 
MIA's class: numeric 
Is the MIA a nominal attribute? FALSE 
MIA's mean: 1.75960170697013, and standard deviation: 3.85685016560421
NOISE INJECTION
MIA is NOT a nominal attribute
Saved: results/noise_injection/by_dataset/kc1_lOBlank_noise0.5.csv 
________________
Noise level: 0.6 
MIA's class: numeric 
Is the MIA a nominal attribute? FALSE 
MIA's mean: 1.75960170697013, and standard deviation: 3.85685016560421
NOISE INJECTION
MIA is NOT a nominal attribute
Saved: results/noise_injection/by_dataset/kc1_lOBlank_noise0.6.csv 
________________
Noise level: 0.7 
MIA's class: numeric 
Is the MIA a nominal attribute? FALSE 
MIA's mean: 1.75960170697013, and standard deviation: 3.85685016560421
NOISE INJECTION
MIA is NOT a nominal attribute
Saved: results/noise_injection/by_dataset/kc1_lOBlank_noise0.7.csv 
________________
Noise level: 0.8 
MIA's class: numeric 
Is the MIA a nominal attribute? FALSE 
MIA's mean: 1.75960170697013, and standard deviation: 3.85685016560421
NOISE INJECTION
MIA is NOT a nominal attribute
Saved: results/noise_injection/by_dataset/kc1_lOBlank_noise0.8.csv 
________________
Noise level: 0.9 
MIA's class: numeric 
Is the MIA a nominal attribute? FALSE 
MIA's mean: 1.75960170697013, and standard deviation: 3.85685016560421
NOISE INJECTION
MIA is NOT a nominal attribute
Saved: results/noise_injection/by_dataset/kc1_lOBlank_noise0.9.csv 
________________
Noise level: 1 
MIA's class: numeric 
Is the MIA a nominal attribute? FALSE 
MIA's mean: 1.75960170697013, and standard deviation: 3.85685016560421
NOISE INJECTION
MIA is NOT a nominal attribute
Saved: results/noise_injection/by_dataset/kc1_lOBlank_noise1.csv 
________________
Dataset: kc1 
Most important attribute: uniq_Op 
Noise level: 0.1 
MIA's class: numeric 
Is the MIA a nominal attribute? FALSE 
MIA's mean: 7.6316737790422, and standard deviation: 5.73034650423644
NOISE INJECTION
MIA is NOT a nominal attribute
Saved: results/noise_injection/by_dataset/kc1_uniq_Op_noise0.1.csv 
________________
Noise level: 0.2 
MIA's class: numeric 
Is the MIA a nominal attribute? FALSE 
MIA's mean: 7.6316737790422, and standard deviation: 5.73034650423644
NOISE INJECTION
MIA is NOT a nominal attribute
Saved: results/noise_injection/by_dataset/kc1_uniq_Op_noise0.2.csv 
________________
Noise level: 0.3 
MIA's class: numeric 
Is the MIA a nominal attribute? FALSE 
MIA's mean: 7.6316737790422, and standard deviation: 5.73034650423644
NOISE INJECTION
MIA is NOT a nominal attribute
Saved: results/noise_injection/by_dataset/kc1_uniq_Op_noise0.3.csv 
________________
Noise level: 0.4 
MIA's class: numeric 
Is the MIA a nominal attribute? FALSE 
MIA's mean: 7.6316737790422, and standard deviation: 5.73034650423644
NOISE INJECTION
MIA is NOT a nominal attribute
Saved: results/noise_injection/by_dataset/kc1_uniq_Op_noise0.4.csv 
________________
Noise level: 0.5 
MIA's class: numeric 
Is the MIA a nominal attribute? FALSE 
MIA's mean: 7.6316737790422, and standard deviation: 5.73034650423644
NOISE INJECTION
MIA is NOT a nominal attribute
Saved: results/noise_injection/by_dataset/kc1_uniq_Op_noise0.5.csv 
________________
Noise level: 0.6 
MIA's class: numeric 
Is the MIA a nominal attribute? FALSE 
MIA's mean: 7.6316737790422, and standard deviation: 5.73034650423644
NOISE INJECTION
MIA is NOT a nominal attribute
Saved: results/noise_injection/by_dataset/kc1_uniq_Op_noise0.6.csv 
________________
Noise level: 0.7 
MIA's class: numeric 
Is the MIA a nominal attribute? FALSE 
MIA's mean: 7.6316737790422, and standard deviation: 5.73034650423644
NOISE INJECTION
MIA is NOT a nominal attribute
Saved: results/noise_injection/by_dataset/kc1_uniq_Op_noise0.7.csv 
________________
Noise level: 0.8 
MIA's class: numeric 
Is the MIA a nominal attribute? FALSE 
MIA's mean: 7.6316737790422, and standard deviation: 5.73034650423644
NOISE INJECTION
MIA is NOT a nominal attribute
Saved: results/noise_injection/by_dataset/kc1_uniq_Op_noise0.8.csv 
________________
Noise level: 0.9 
MIA's class: numeric 
Is the MIA a nominal attribute? FALSE 
MIA's mean: 7.6316737790422, and standard deviation: 5.73034650423644
NOISE INJECTION
MIA is NOT a nominal attribute
Saved: results/noise_injection/by_dataset/kc1_uniq_Op_noise0.9.csv 
________________
Noise level: 1 
MIA's class: numeric 
Is the MIA a nominal attribute? FALSE 
MIA's mean: 7.6316737790422, and standard deviation: 5.73034650423644
NOISE INJECTION
MIA is NOT a nominal attribute
Saved: results/noise_injection/by_dataset/kc1_uniq_Op_noise1.csv 
________________
Dataset: kc1 
Most important attribute: t 
Noise level: 0.1 
MIA's class: numeric 
Is the MIA a nominal attribute? FALSE 
MIA's mean: 291.245040303461, and standard deviation: 969.165160254044
NOISE INJECTION
MIA is NOT a nominal attribute
Saved: results/noise_injection/by_dataset/kc1_t_noise0.1.csv 
________________
Noise level: 0.2 
MIA's class: numeric 
Is the MIA a nominal attribute? FALSE 
MIA's mean: 291.245040303461, and standard deviation: 969.165160254044
NOISE INJECTION
MIA is NOT a nominal attribute
Saved: results/noise_injection/by_dataset/kc1_t_noise0.2.csv 
________________
Noise level: 0.3 
MIA's class: numeric 
Is the MIA a nominal attribute? FALSE 
MIA's mean: 291.245040303461, and standard deviation: 969.165160254044
NOISE INJECTION
MIA is NOT a nominal attribute
Saved: results/noise_injection/by_dataset/kc1_t_noise0.3.csv 
________________
Noise level: 0.4 
MIA's class: numeric 
Is the MIA a nominal attribute? FALSE 
MIA's mean: 291.245040303461, and standard deviation: 969.165160254044
NOISE INJECTION
MIA is NOT a nominal attribute
Saved: results/noise_injection/by_dataset/kc1_t_noise0.4.csv 
________________
Noise level: 0.5 
MIA's class: numeric 
Is the MIA a nominal attribute? FALSE 
MIA's mean: 291.245040303461, and standard deviation: 969.165160254044
NOISE INJECTION
MIA is NOT a nominal attribute
Saved: results/noise_injection/by_dataset/kc1_t_noise0.5.csv 
________________
Noise level: 0.6 
MIA's class: numeric 
Is the MIA a nominal attribute? FALSE 
MIA's mean: 291.245040303461, and standard deviation: 969.165160254044
NOISE INJECTION
MIA is NOT a nominal attribute
Saved: results/noise_injection/by_dataset/kc1_t_noise0.6.csv 
________________
Noise level: 0.7 
MIA's class: numeric 
Is the MIA a nominal attribute? FALSE 
MIA's mean: 291.245040303461, and standard deviation: 969.165160254044
NOISE INJECTION
MIA is NOT a nominal attribute
Saved: results/noise_injection/by_dataset/kc1_t_noise0.7.csv 
________________
Noise level: 0.8 
MIA's class: numeric 
Is the MIA a nominal attribute? FALSE 
MIA's mean: 291.245040303461, and standard deviation: 969.165160254044
NOISE INJECTION
MIA is NOT a nominal attribute
Saved: results/noise_injection/by_dataset/kc1_t_noise0.8.csv 
________________
Noise level: 0.9 
MIA's class: numeric 
Is the MIA a nominal attribute? FALSE 
MIA's mean: 291.245040303461, and standard deviation: 969.165160254044
NOISE INJECTION
MIA is NOT a nominal attribute
Saved: results/noise_injection/by_dataset/kc1_t_noise0.9.csv 
________________
Noise level: 1 
MIA's class: numeric 
Is the MIA a nominal attribute? FALSE 
MIA's mean: 291.245040303461, and standard deviation: 969.165160254044
NOISE INJECTION
MIA is NOT a nominal attribute
Saved: results/noise_injection/by_dataset/kc1_t_noise1.csv 
________________
Dataset: kc1 
Most important attribute: v 
Noise level: 0.1 
MIA's class: numeric 
Is the MIA a nominal attribute? FALSE 
MIA's mean: 258.696718824087, and standard deviation: 516.317604608996
NOISE INJECTION
MIA is NOT a nominal attribute
Saved: results/noise_injection/by_dataset/kc1_v_noise0.1.csv 
________________
Noise level: 0.2 
MIA's class: numeric 
Is the MIA a nominal attribute? FALSE 
MIA's mean: 258.696718824087, and standard deviation: 516.317604608996
NOISE INJECTION
MIA is NOT a nominal attribute
Saved: results/noise_injection/by_dataset/kc1_v_noise0.2.csv 
________________
Noise level: 0.3 
MIA's class: numeric 
Is the MIA a nominal attribute? FALSE 
MIA's mean: 258.696718824087, and standard deviation: 516.317604608996
NOISE INJECTION
MIA is NOT a nominal attribute
Saved: results/noise_injection/by_dataset/kc1_v_noise0.3.csv 
________________
Noise level: 0.4 
MIA's class: numeric 
Is the MIA a nominal attribute? FALSE 
MIA's mean: 258.696718824087, and standard deviation: 516.317604608996
NOISE INJECTION
MIA is NOT a nominal attribute
Saved: results/noise_injection/by_dataset/kc1_v_noise0.4.csv 
________________
Noise level: 0.5 
MIA's class: numeric 
Is the MIA a nominal attribute? FALSE 
MIA's mean: 258.696718824087, and standard deviation: 516.317604608996
NOISE INJECTION
MIA is NOT a nominal attribute
Saved: results/noise_injection/by_dataset/kc1_v_noise0.5.csv 
________________
Noise level: 0.6 
MIA's class: numeric 
Is the MIA a nominal attribute? FALSE 
MIA's mean: 258.696718824087, and standard deviation: 516.317604608996
NOISE INJECTION
MIA is NOT a nominal attribute
Saved: results/noise_injection/by_dataset/kc1_v_noise0.6.csv 
________________
Noise level: 0.7 
MIA's class: numeric 
Is the MIA a nominal attribute? FALSE 
MIA's mean: 258.696718824087, and standard deviation: 516.317604608996
NOISE INJECTION
MIA is NOT a nominal attribute
Saved: results/noise_injection/by_dataset/kc1_v_noise0.7.csv 
________________
Noise level: 0.8 
MIA's class: numeric 
Is the MIA a nominal attribute? FALSE 
MIA's mean: 258.696718824087, and standard deviation: 516.317604608996
NOISE INJECTION
MIA is NOT a nominal attribute
Saved: results/noise_injection/by_dataset/kc1_v_noise0.8.csv 
________________
Noise level: 0.9 
MIA's class: numeric 
Is the MIA a nominal attribute? FALSE 
MIA's mean: 258.696718824087, and standard deviation: 516.317604608996
NOISE INJECTION
MIA is NOT a nominal attribute
Saved: results/noise_injection/by_dataset/kc1_v_noise0.9.csv 
________________
Noise level: 1 
MIA's class: numeric 
Is the MIA a nominal attribute? FALSE 
MIA's mean: 258.696718824087, and standard deviation: 516.317604608996
NOISE INJECTION
MIA is NOT a nominal attribute
Saved: results/noise_injection/by_dataset/kc1_v_noise1.csv 
________________
Finished with adding noise to dataset: kc1
----------------------
****************
RESULTS RECORDED
****************
