Current working directory: /home/chris/github/kappa-threshold 
parameters.csv exists: TRUE 
parameters.csv absolute path: /home/chris/github/kappa-threshold/data/files/parameters.csv 
Dataset: liver-disorders 
Most important attribute: gammagt 
Noise level: 0.1 
MIA's class: numeric 
Is the MIA a nominal attribute? FALSE 
MIA's mean: 38.2840579710145, and standard deviation: 39.2546161675509
NOISE INJECTION
MIA is NOT a nominal attribute
Saved: results/noise_injection/by_dataset/liver-disorders_gammagt_noise0.1.csv 
________________
Noise level: 0.2 
MIA's class: numeric 
Is the MIA a nominal attribute? FALSE 
MIA's mean: 38.2840579710145, and standard deviation: 39.2546161675509
NOISE INJECTION
MIA is NOT a nominal attribute
Saved: results/noise_injection/by_dataset/liver-disorders_gammagt_noise0.2.csv 
________________
Noise level: 0.3 
MIA's class: numeric 
Is the MIA a nominal attribute? FALSE 
MIA's mean: 38.2840579710145, and standard deviation: 39.2546161675509
NOISE INJECTION
MIA is NOT a nominal attribute
Saved: results/noise_injection/by_dataset/liver-disorders_gammagt_noise0.3.csv 
________________
Noise level: 0.4 
MIA's class: numeric 
Is the MIA a nominal attribute? FALSE 
MIA's mean: 38.2840579710145, and standard deviation: 39.2546161675509
NOISE INJECTION
MIA is NOT a nominal attribute
Saved: results/noise_injection/by_dataset/liver-disorders_gammagt_noise0.4.csv 
________________
Noise level: 0.5 
MIA's class: numeric 
Is the MIA a nominal attribute? FALSE 
MIA's mean: 38.2840579710145, and standard deviation: 39.2546161675509
NOISE INJECTION
MIA is NOT a nominal attribute
Saved: results/noise_injection/by_dataset/liver-disorders_gammagt_noise0.5.csv 
________________
Noise level: 0.6 
MIA's class: numeric 
Is the MIA a nominal attribute? FALSE 
MIA's mean: 38.2840579710145, and standard deviation: 39.2546161675509
NOISE INJECTION
MIA is NOT a nominal attribute
Saved: results/noise_injection/by_dataset/liver-disorders_gammagt_noise0.6.csv 
________________
Noise level: 0.7 
MIA's class: numeric 
Is the MIA a nominal attribute? FALSE 
MIA's mean: 38.2840579710145, and standard deviation: 39.2546161675509
NOISE INJECTION
MIA is NOT a nominal attribute
Saved: results/noise_injection/by_dataset/liver-disorders_gammagt_noise0.7.csv 
________________
Noise level: 0.8 
MIA's class: numeric 
Is the MIA a nominal attribute? FALSE 
MIA's mean: 38.2840579710145, and standard deviation: 39.2546161675509
NOISE INJECTION
MIA is NOT a nominal attribute
Saved: results/noise_injection/by_dataset/liver-disorders_gammagt_noise0.8.csv 
________________
Noise level: 0.9 
MIA's class: numeric 
Is the MIA a nominal attribute? FALSE 
MIA's mean: 38.2840579710145, and standard deviation: 39.2546161675509
NOISE INJECTION
MIA is NOT a nominal attribute
Saved: results/noise_injection/by_dataset/liver-disorders_gammagt_noise0.9.csv 
________________
Noise level: 1 
MIA's class: numeric 
Is the MIA a nominal attribute? FALSE 
MIA's mean: 38.2840579710145, and standard deviation: 39.2546161675509
NOISE INJECTION
MIA is NOT a nominal attribute
Saved: results/noise_injection/by_dataset/liver-disorders_gammagt_noise1.csv 
________________
Dataset: liver-disorders 
Most important attribute: sgpt 
Noise level: 0.1 
MIA's class: numeric 
Is the MIA a nominal attribute? FALSE 
MIA's mean: 30.4057971014493, and standard deviation: 19.5123089062792
NOISE INJECTION
MIA is NOT a nominal attribute
Saved: results/noise_injection/by_dataset/liver-disorders_sgpt_noise0.1.csv 
________________
Noise level: 0.2 
MIA's class: numeric 
Is the MIA a nominal attribute? FALSE 
MIA's mean: 30.4057971014493, and standard deviation: 19.5123089062792
NOISE INJECTION
MIA is NOT a nominal attribute
Saved: results/noise_injection/by_dataset/liver-disorders_sgpt_noise0.2.csv 
________________
Noise level: 0.3 
MIA's class: numeric 
Is the MIA a nominal attribute? FALSE 
MIA's mean: 30.4057971014493, and standard deviation: 19.5123089062792
NOISE INJECTION
MIA is NOT a nominal attribute
Saved: results/noise_injection/by_dataset/liver-disorders_sgpt_noise0.3.csv 
________________
Noise level: 0.4 
MIA's class: numeric 
Is the MIA a nominal attribute? FALSE 
MIA's mean: 30.4057971014493, and standard deviation: 19.5123089062792
NOISE INJECTION
MIA is NOT a nominal attribute
Saved: results/noise_injection/by_dataset/liver-disorders_sgpt_noise0.4.csv 
________________
Noise level: 0.5 
MIA's class: numeric 
Is the MIA a nominal attribute? FALSE 
MIA's mean: 30.4057971014493, and standard deviation: 19.5123089062792
NOISE INJECTION
MIA is NOT a nominal attribute
Saved: results/noise_injection/by_dataset/liver-disorders_sgpt_noise0.5.csv 
________________
Noise level: 0.6 
MIA's class: numeric 
Is the MIA a nominal attribute? FALSE 
MIA's mean: 30.4057971014493, and standard deviation: 19.5123089062792
NOISE INJECTION
MIA is NOT a nominal attribute
Saved: results/noise_injection/by_dataset/liver-disorders_sgpt_noise0.6.csv 
________________
Noise level: 0.7 
MIA's class: numeric 
Is the MIA a nominal attribute? FALSE 
MIA's mean: 30.4057971014493, and standard deviation: 19.5123089062792
NOISE INJECTION
MIA is NOT a nominal attribute
Saved: results/noise_injection/by_dataset/liver-disorders_sgpt_noise0.7.csv 
________________
Noise level: 0.8 
MIA's class: numeric 
Is the MIA a nominal attribute? FALSE 
MIA's mean: 30.4057971014493, and standard deviation: 19.5123089062792
NOISE INJECTION
MIA is NOT a nominal attribute
Saved: results/noise_injection/by_dataset/liver-disorders_sgpt_noise0.8.csv 
________________
Noise level: 0.9 
MIA's class: numeric 
Is the MIA a nominal attribute? FALSE 
MIA's mean: 30.4057971014493, and standard deviation: 19.5123089062792
NOISE INJECTION
MIA is NOT a nominal attribute
Saved: results/noise_injection/by_dataset/liver-disorders_sgpt_noise0.9.csv 
________________
Noise level: 1 
MIA's class: numeric 
Is the MIA a nominal attribute? FALSE 
MIA's mean: 30.4057971014493, and standard deviation: 19.5123089062792
NOISE INJECTION
MIA is NOT a nominal attribute
Saved: results/noise_injection/by_dataset/liver-disorders_sgpt_noise1.csv 
________________
Dataset: liver-disorders 
Most important attribute: alkphos 
Noise level: 0.1 
MIA's class: numeric 
Is the MIA a nominal attribute? FALSE 
MIA's mean: 69.8695652173913, and standard deviation: 18.347670344702
NOISE INJECTION
MIA is NOT a nominal attribute
Saved: results/noise_injection/by_dataset/liver-disorders_alkphos_noise0.1.csv 
________________
Noise level: 0.2 
MIA's class: numeric 
Is the MIA a nominal attribute? FALSE 
MIA's mean: 69.8695652173913, and standard deviation: 18.347670344702
NOISE INJECTION
MIA is NOT a nominal attribute
Saved: results/noise_injection/by_dataset/liver-disorders_alkphos_noise0.2.csv 
________________
Noise level: 0.3 
MIA's class: numeric 
Is the MIA a nominal attribute? FALSE 
MIA's mean: 69.8695652173913, and standard deviation: 18.347670344702
NOISE INJECTION
MIA is NOT a nominal attribute
Saved: results/noise_injection/by_dataset/liver-disorders_alkphos_noise0.3.csv 
________________
Noise level: 0.4 
MIA's class: numeric 
Is the MIA a nominal attribute? FALSE 
MIA's mean: 69.8695652173913, and standard deviation: 18.347670344702
NOISE INJECTION
MIA is NOT a nominal attribute
Saved: results/noise_injection/by_dataset/liver-disorders_alkphos_noise0.4.csv 
________________
Noise level: 0.5 
MIA's class: numeric 
Is the MIA a nominal attribute? FALSE 
MIA's mean: 69.8695652173913, and standard deviation: 18.347670344702
NOISE INJECTION
MIA is NOT a nominal attribute
Saved: results/noise_injection/by_dataset/liver-disorders_alkphos_noise0.5.csv 
________________
Noise level: 0.6 
MIA's class: numeric 
Is the MIA a nominal attribute? FALSE 
MIA's mean: 69.8695652173913, and standard deviation: 18.347670344702
NOISE INJECTION
MIA is NOT a nominal attribute
Saved: results/noise_injection/by_dataset/liver-disorders_alkphos_noise0.6.csv 
________________
Noise level: 0.7 
MIA's class: numeric 
Is the MIA a nominal attribute? FALSE 
MIA's mean: 69.8695652173913, and standard deviation: 18.347670344702
NOISE INJECTION
MIA is NOT a nominal attribute
Saved: results/noise_injection/by_dataset/liver-disorders_alkphos_noise0.7.csv 
________________
Noise level: 0.8 
MIA's class: numeric 
Is the MIA a nominal attribute? FALSE 
MIA's mean: 69.8695652173913, and standard deviation: 18.347670344702
NOISE INJECTION
MIA is NOT a nominal attribute
Saved: results/noise_injection/by_dataset/liver-disorders_alkphos_noise0.8.csv 
________________
Noise level: 0.9 
MIA's class: numeric 
Is the MIA a nominal attribute? FALSE 
MIA's mean: 69.8695652173913, and standard deviation: 18.347670344702
NOISE INJECTION
MIA is NOT a nominal attribute
Saved: results/noise_injection/by_dataset/liver-disorders_alkphos_noise0.9.csv 
________________
Noise level: 1 
MIA's class: numeric 
Is the MIA a nominal attribute? FALSE 
MIA's mean: 69.8695652173913, and standard deviation: 18.347670344702
NOISE INJECTION
MIA is NOT a nominal attribute
Saved: results/noise_injection/by_dataset/liver-disorders_alkphos_noise1.csv 
________________
Dataset: liver-disorders 
Most important attribute: sgot 
Noise level: 0.1 
MIA's class: numeric 
Is the MIA a nominal attribute? FALSE 
MIA's mean: 24.6434782608696, and standard deviation: 10.0644937467396
NOISE INJECTION
MIA is NOT a nominal attribute
Saved: results/noise_injection/by_dataset/liver-disorders_sgot_noise0.1.csv 
________________
Noise level: 0.2 
MIA's class: numeric 
Is the MIA a nominal attribute? FALSE 
MIA's mean: 24.6434782608696, and standard deviation: 10.0644937467396
NOISE INJECTION
MIA is NOT a nominal attribute
Saved: results/noise_injection/by_dataset/liver-disorders_sgot_noise0.2.csv 
________________
Noise level: 0.3 
MIA's class: numeric 
Is the MIA a nominal attribute? FALSE 
MIA's mean: 24.6434782608696, and standard deviation: 10.0644937467396
NOISE INJECTION
MIA is NOT a nominal attribute
Saved: results/noise_injection/by_dataset/liver-disorders_sgot_noise0.3.csv 
________________
Noise level: 0.4 
MIA's class: numeric 
Is the MIA a nominal attribute? FALSE 
MIA's mean: 24.6434782608696, and standard deviation: 10.0644937467396
NOISE INJECTION
MIA is NOT a nominal attribute
Saved: results/noise_injection/by_dataset/liver-disorders_sgot_noise0.4.csv 
________________
Noise level: 0.5 
MIA's class: numeric 
Is the MIA a nominal attribute? FALSE 
MIA's mean: 24.6434782608696, and standard deviation: 10.0644937467396
NOISE INJECTION
MIA is NOT a nominal attribute
Saved: results/noise_injection/by_dataset/liver-disorders_sgot_noise0.5.csv 
________________
Noise level: 0.6 
MIA's class: numeric 
Is the MIA a nominal attribute? FALSE 
MIA's mean: 24.6434782608696, and standard deviation: 10.0644937467396
NOISE INJECTION
MIA is NOT a nominal attribute
Saved: results/noise_injection/by_dataset/liver-disorders_sgot_noise0.6.csv 
________________
Noise level: 0.7 
MIA's class: numeric 
Is the MIA a nominal attribute? FALSE 
MIA's mean: 24.6434782608696, and standard deviation: 10.0644937467396
NOISE INJECTION
MIA is NOT a nominal attribute
Saved: results/noise_injection/by_dataset/liver-disorders_sgot_noise0.7.csv 
________________
Noise level: 0.8 
MIA's class: numeric 
Is the MIA a nominal attribute? FALSE 
MIA's mean: 24.6434782608696, and standard deviation: 10.0644937467396
NOISE INJECTION
MIA is NOT a nominal attribute
Saved: results/noise_injection/by_dataset/liver-disorders_sgot_noise0.8.csv 
________________
Noise level: 0.9 
MIA's class: numeric 
Is the MIA a nominal attribute? FALSE 
MIA's mean: 24.6434782608696, and standard deviation: 10.0644937467396
NOISE INJECTION
MIA is NOT a nominal attribute
Saved: results/noise_injection/by_dataset/liver-disorders_sgot_noise0.9.csv 
________________
Noise level: 1 
MIA's class: numeric 
Is the MIA a nominal attribute? FALSE 
MIA's mean: 24.6434782608696, and standard deviation: 10.0644937467396
NOISE INJECTION
MIA is NOT a nominal attribute
Saved: results/noise_injection/by_dataset/liver-disorders_sgot_noise1.csv 
________________
Finished with adding noise to dataset: liver-disorders
----------------------
****************
RESULTS RECORDED
****************
