Current working directory: /home/chris/github/kappa-threshold 
parameters.csv exists: TRUE 
parameters.csv absolute path: /home/chris/github/kappa-threshold/data/files/parameters.csv 
Dataset: mfeat-zernike 
Most important attribute: att19 
Noise level: 0.1 
MIA's class: numeric 
Is the MIA a nominal attribute? FALSE 
MIA's mean: 130.542998795, and standard deviation: 116.070460875778
NOISE INJECTION
MIA is NOT a nominal attribute
Saved: results/noise_injection/by_dataset/mfeat-zernike_att19_noise0.1.csv 
________________
Noise level: 0.2 
MIA's class: numeric 
Is the MIA a nominal attribute? FALSE 
MIA's mean: 130.542998795, and standard deviation: 116.070460875778
NOISE INJECTION
MIA is NOT a nominal attribute
Saved: results/noise_injection/by_dataset/mfeat-zernike_att19_noise0.2.csv 
________________
Noise level: 0.3 
MIA's class: numeric 
Is the MIA a nominal attribute? FALSE 
MIA's mean: 130.542998795, and standard deviation: 116.070460875778
NOISE INJECTION
MIA is NOT a nominal attribute
Saved: results/noise_injection/by_dataset/mfeat-zernike_att19_noise0.3.csv 
________________
Noise level: 0.4 
MIA's class: numeric 
Is the MIA a nominal attribute? FALSE 
MIA's mean: 130.542998795, and standard deviation: 116.070460875778
NOISE INJECTION
MIA is NOT a nominal attribute
Saved: results/noise_injection/by_dataset/mfeat-zernike_att19_noise0.4.csv 
________________
Noise level: 0.5 
MIA's class: numeric 
Is the MIA a nominal attribute? FALSE 
MIA's mean: 130.542998795, and standard deviation: 116.070460875778
NOISE INJECTION
MIA is NOT a nominal attribute
Saved: results/noise_injection/by_dataset/mfeat-zernike_att19_noise0.5.csv 
________________
Noise level: 0.6 
MIA's class: numeric 
Is the MIA a nominal attribute? FALSE 
MIA's mean: 130.542998795, and standard deviation: 116.070460875778
NOISE INJECTION
MIA is NOT a nominal attribute
Saved: results/noise_injection/by_dataset/mfeat-zernike_att19_noise0.6.csv 
________________
Noise level: 0.7 
MIA's class: numeric 
Is the MIA a nominal attribute? FALSE 
MIA's mean: 130.542998795, and standard deviation: 116.070460875778
NOISE INJECTION
MIA is NOT a nominal attribute
Saved: results/noise_injection/by_dataset/mfeat-zernike_att19_noise0.7.csv 
________________
Noise level: 0.8 
MIA's class: numeric 
Is the MIA a nominal attribute? FALSE 
MIA's mean: 130.542998795, and standard deviation: 116.070460875778
NOISE INJECTION
MIA is NOT a nominal attribute
Saved: results/noise_injection/by_dataset/mfeat-zernike_att19_noise0.8.csv 
________________
Noise level: 0.9 
MIA's class: numeric 
Is the MIA a nominal attribute? FALSE 
MIA's mean: 130.542998795, and standard deviation: 116.070460875778
NOISE INJECTION
MIA is NOT a nominal attribute
Saved: results/noise_injection/by_dataset/mfeat-zernike_att19_noise0.9.csv 
________________
Noise level: 1 
MIA's class: numeric 
Is the MIA a nominal attribute? FALSE 
MIA's mean: 130.542998795, and standard deviation: 116.070460875778
NOISE INJECTION
MIA is NOT a nominal attribute
Saved: results/noise_injection/by_dataset/mfeat-zernike_att19_noise1.csv 
________________
Dataset: mfeat-zernike 
Most important attribute: att4 
Noise level: 0.1 
MIA's class: numeric 
Is the MIA a nominal attribute? FALSE 
MIA's mean: 69.8818967475, and standard deviation: 38.3488103258401
NOISE INJECTION
MIA is NOT a nominal attribute
Saved: results/noise_injection/by_dataset/mfeat-zernike_att4_noise0.1.csv 
________________
Noise level: 0.2 
MIA's class: numeric 
Is the MIA a nominal attribute? FALSE 
MIA's mean: 69.8818967475, and standard deviation: 38.3488103258401
NOISE INJECTION
MIA is NOT a nominal attribute
Saved: results/noise_injection/by_dataset/mfeat-zernike_att4_noise0.2.csv 
________________
Noise level: 0.3 
MIA's class: numeric 
Is the MIA a nominal attribute? FALSE 
MIA's mean: 69.8818967475, and standard deviation: 38.3488103258401
NOISE INJECTION
MIA is NOT a nominal attribute
Saved: results/noise_injection/by_dataset/mfeat-zernike_att4_noise0.3.csv 
________________
Noise level: 0.4 
MIA's class: numeric 
Is the MIA a nominal attribute? FALSE 
MIA's mean: 69.8818967475, and standard deviation: 38.3488103258401
NOISE INJECTION
MIA is NOT a nominal attribute
Saved: results/noise_injection/by_dataset/mfeat-zernike_att4_noise0.4.csv 
________________
Noise level: 0.5 
MIA's class: numeric 
Is the MIA a nominal attribute? FALSE 
MIA's mean: 69.8818967475, and standard deviation: 38.3488103258401
NOISE INJECTION
MIA is NOT a nominal attribute
Saved: results/noise_injection/by_dataset/mfeat-zernike_att4_noise0.5.csv 
________________
Noise level: 0.6 
MIA's class: numeric 
Is the MIA a nominal attribute? FALSE 
MIA's mean: 69.8818967475, and standard deviation: 38.3488103258401
NOISE INJECTION
MIA is NOT a nominal attribute
Saved: results/noise_injection/by_dataset/mfeat-zernike_att4_noise0.6.csv 
________________
Noise level: 0.7 
MIA's class: numeric 
Is the MIA a nominal attribute? FALSE 
MIA's mean: 69.8818967475, and standard deviation: 38.3488103258401
NOISE INJECTION
MIA is NOT a nominal attribute
Saved: results/noise_injection/by_dataset/mfeat-zernike_att4_noise0.7.csv 
________________
Noise level: 0.8 
MIA's class: numeric 
Is the MIA a nominal attribute? FALSE 
MIA's mean: 69.8818967475, and standard deviation: 38.3488103258401
NOISE INJECTION
MIA is NOT a nominal attribute
Saved: results/noise_injection/by_dataset/mfeat-zernike_att4_noise0.8.csv 
________________
Noise level: 0.9 
MIA's class: numeric 
Is the MIA a nominal attribute? FALSE 
MIA's mean: 69.8818967475, and standard deviation: 38.3488103258401
NOISE INJECTION
MIA is NOT a nominal attribute
Saved: results/noise_injection/by_dataset/mfeat-zernike_att4_noise0.9.csv 
________________
Noise level: 1 
MIA's class: numeric 
Is the MIA a nominal attribute? FALSE 
MIA's mean: 69.8818967475, and standard deviation: 38.3488103258401
NOISE INJECTION
MIA is NOT a nominal attribute
Saved: results/noise_injection/by_dataset/mfeat-zernike_att4_noise1.csv 
________________
Dataset: mfeat-zernike 
Most important attribute: att46 
Noise level: 0.1 
MIA's class: numeric 
Is the MIA a nominal attribute? FALSE 
MIA's mean: 54.625110904, and standard deviation: 11.1900583277426
NOISE INJECTION
MIA is NOT a nominal attribute
Saved: results/noise_injection/by_dataset/mfeat-zernike_att46_noise0.1.csv 
________________
Noise level: 0.2 
MIA's class: numeric 
Is the MIA a nominal attribute? FALSE 
MIA's mean: 54.625110904, and standard deviation: 11.1900583277426
NOISE INJECTION
MIA is NOT a nominal attribute
Saved: results/noise_injection/by_dataset/mfeat-zernike_att46_noise0.2.csv 
________________
Noise level: 0.3 
MIA's class: numeric 
Is the MIA a nominal attribute? FALSE 
MIA's mean: 54.625110904, and standard deviation: 11.1900583277426
NOISE INJECTION
MIA is NOT a nominal attribute
Saved: results/noise_injection/by_dataset/mfeat-zernike_att46_noise0.3.csv 
________________
Noise level: 0.4 
MIA's class: numeric 
Is the MIA a nominal attribute? FALSE 
MIA's mean: 54.625110904, and standard deviation: 11.1900583277426
NOISE INJECTION
MIA is NOT a nominal attribute
Saved: results/noise_injection/by_dataset/mfeat-zernike_att46_noise0.4.csv 
________________
Noise level: 0.5 
MIA's class: numeric 
Is the MIA a nominal attribute? FALSE 
MIA's mean: 54.625110904, and standard deviation: 11.1900583277426
NOISE INJECTION
MIA is NOT a nominal attribute
Saved: results/noise_injection/by_dataset/mfeat-zernike_att46_noise0.5.csv 
________________
Noise level: 0.6 
MIA's class: numeric 
Is the MIA a nominal attribute? FALSE 
MIA's mean: 54.625110904, and standard deviation: 11.1900583277426
NOISE INJECTION
MIA is NOT a nominal attribute
Saved: results/noise_injection/by_dataset/mfeat-zernike_att46_noise0.6.csv 
________________
Noise level: 0.7 
MIA's class: numeric 
Is the MIA a nominal attribute? FALSE 
MIA's mean: 54.625110904, and standard deviation: 11.1900583277426
NOISE INJECTION
MIA is NOT a nominal attribute
Saved: results/noise_injection/by_dataset/mfeat-zernike_att46_noise0.7.csv 
________________
Noise level: 0.8 
MIA's class: numeric 
Is the MIA a nominal attribute? FALSE 
MIA's mean: 54.625110904, and standard deviation: 11.1900583277426
NOISE INJECTION
MIA is NOT a nominal attribute
Saved: results/noise_injection/by_dataset/mfeat-zernike_att46_noise0.8.csv 
________________
Noise level: 0.9 
MIA's class: numeric 
Is the MIA a nominal attribute? FALSE 
MIA's mean: 54.625110904, and standard deviation: 11.1900583277426
NOISE INJECTION
MIA is NOT a nominal attribute
Saved: results/noise_injection/by_dataset/mfeat-zernike_att46_noise0.9.csv 
________________
Noise level: 1 
MIA's class: numeric 
Is the MIA a nominal attribute? FALSE 
MIA's mean: 54.625110904, and standard deviation: 11.1900583277426
NOISE INJECTION
MIA is NOT a nominal attribute
Saved: results/noise_injection/by_dataset/mfeat-zernike_att46_noise1.csv 
________________
Dataset: mfeat-zernike 
Most important attribute: att29 
Noise level: 0.1 
MIA's class: numeric 
Is the MIA a nominal attribute? FALSE 
MIA's mean: 139.494710446, and standard deviation: 111.554920790621
NOISE INJECTION
MIA is NOT a nominal attribute
Saved: results/noise_injection/by_dataset/mfeat-zernike_att29_noise0.1.csv 
________________
Noise level: 0.2 
MIA's class: numeric 
Is the MIA a nominal attribute? FALSE 
MIA's mean: 139.494710446, and standard deviation: 111.554920790621
NOISE INJECTION
MIA is NOT a nominal attribute
Saved: results/noise_injection/by_dataset/mfeat-zernike_att29_noise0.2.csv 
________________
Noise level: 0.3 
MIA's class: numeric 
Is the MIA a nominal attribute? FALSE 
MIA's mean: 139.494710446, and standard deviation: 111.554920790621
NOISE INJECTION
MIA is NOT a nominal attribute
Saved: results/noise_injection/by_dataset/mfeat-zernike_att29_noise0.3.csv 
________________
Noise level: 0.4 
MIA's class: numeric 
Is the MIA a nominal attribute? FALSE 
MIA's mean: 139.494710446, and standard deviation: 111.554920790621
NOISE INJECTION
MIA is NOT a nominal attribute
Saved: results/noise_injection/by_dataset/mfeat-zernike_att29_noise0.4.csv 
________________
Noise level: 0.5 
MIA's class: numeric 
Is the MIA a nominal attribute? FALSE 
MIA's mean: 139.494710446, and standard deviation: 111.554920790621
NOISE INJECTION
MIA is NOT a nominal attribute
Saved: results/noise_injection/by_dataset/mfeat-zernike_att29_noise0.5.csv 
________________
Noise level: 0.6 
MIA's class: numeric 
Is the MIA a nominal attribute? FALSE 
MIA's mean: 139.494710446, and standard deviation: 111.554920790621
NOISE INJECTION
MIA is NOT a nominal attribute
Saved: results/noise_injection/by_dataset/mfeat-zernike_att29_noise0.6.csv 
________________
Noise level: 0.7 
MIA's class: numeric 
Is the MIA a nominal attribute? FALSE 
MIA's mean: 139.494710446, and standard deviation: 111.554920790621
NOISE INJECTION
MIA is NOT a nominal attribute
Saved: results/noise_injection/by_dataset/mfeat-zernike_att29_noise0.7.csv 
________________
Noise level: 0.8 
MIA's class: numeric 
Is the MIA a nominal attribute? FALSE 
MIA's mean: 139.494710446, and standard deviation: 111.554920790621
NOISE INJECTION
MIA is NOT a nominal attribute
Saved: results/noise_injection/by_dataset/mfeat-zernike_att29_noise0.8.csv 
________________
Noise level: 0.9 
MIA's class: numeric 
Is the MIA a nominal attribute? FALSE 
MIA's mean: 139.494710446, and standard deviation: 111.554920790621
NOISE INJECTION
MIA is NOT a nominal attribute
Saved: results/noise_injection/by_dataset/mfeat-zernike_att29_noise0.9.csv 
________________
Noise level: 1 
MIA's class: numeric 
Is the MIA a nominal attribute? FALSE 
MIA's mean: 139.494710446, and standard deviation: 111.554920790621
NOISE INJECTION
MIA is NOT a nominal attribute
Saved: results/noise_injection/by_dataset/mfeat-zernike_att29_noise1.csv 
________________
Finished with adding noise to dataset: mfeat-zernike
----------------------
****************
RESULTS RECORDED
****************
