Current working directory: /home/chris/github/kappa-threshold 
parameters.csv exists: TRUE 
parameters.csv absolute path: /home/chris/github/kappa-threshold/data/files/parameters.csv 
Dataset: pc4 
Most important attribute: LOC_CODE_AND_COMMENT 
Noise level: 0.1 
MIA's class: numeric 
Is the MIA a nominal attribute? FALSE 
MIA's mean: 2.10905349794239, and standard deviation: 5.31735871481406
NOISE INJECTION
MIA is NOT a nominal attribute
Saved: results/noise_injection/by_dataset/pc4_LOC_CODE_AND_COMMENT_noise0.1.csv 
________________
Noise level: 0.2 
MIA's class: numeric 
Is the MIA a nominal attribute? FALSE 
MIA's mean: 2.10905349794239, and standard deviation: 5.31735871481406
NOISE INJECTION
MIA is NOT a nominal attribute
Saved: results/noise_injection/by_dataset/pc4_LOC_CODE_AND_COMMENT_noise0.2.csv 
________________
Noise level: 0.3 
MIA's class: numeric 
Is the MIA a nominal attribute? FALSE 
MIA's mean: 2.10905349794239, and standard deviation: 5.31735871481406
NOISE INJECTION
MIA is NOT a nominal attribute
Saved: results/noise_injection/by_dataset/pc4_LOC_CODE_AND_COMMENT_noise0.3.csv 
________________
Noise level: 0.4 
MIA's class: numeric 
Is the MIA a nominal attribute? FALSE 
MIA's mean: 2.10905349794239, and standard deviation: 5.31735871481406
NOISE INJECTION
MIA is NOT a nominal attribute
Saved: results/noise_injection/by_dataset/pc4_LOC_CODE_AND_COMMENT_noise0.4.csv 
________________
Noise level: 0.5 
MIA's class: numeric 
Is the MIA a nominal attribute? FALSE 
MIA's mean: 2.10905349794239, and standard deviation: 5.31735871481406
NOISE INJECTION
MIA is NOT a nominal attribute
Saved: results/noise_injection/by_dataset/pc4_LOC_CODE_AND_COMMENT_noise0.5.csv 
________________
Noise level: 0.6 
MIA's class: numeric 
Is the MIA a nominal attribute? FALSE 
MIA's mean: 2.10905349794239, and standard deviation: 5.31735871481406
NOISE INJECTION
MIA is NOT a nominal attribute
Saved: results/noise_injection/by_dataset/pc4_LOC_CODE_AND_COMMENT_noise0.6.csv 
________________
Noise level: 0.7 
MIA's class: numeric 
Is the MIA a nominal attribute? FALSE 
MIA's mean: 2.10905349794239, and standard deviation: 5.31735871481406
NOISE INJECTION
MIA is NOT a nominal attribute
Saved: results/noise_injection/by_dataset/pc4_LOC_CODE_AND_COMMENT_noise0.7.csv 
________________
Noise level: 0.8 
MIA's class: numeric 
Is the MIA a nominal attribute? FALSE 
MIA's mean: 2.10905349794239, and standard deviation: 5.31735871481406
NOISE INJECTION
MIA is NOT a nominal attribute
Saved: results/noise_injection/by_dataset/pc4_LOC_CODE_AND_COMMENT_noise0.8.csv 
________________
Noise level: 0.9 
MIA's class: numeric 
Is the MIA a nominal attribute? FALSE 
MIA's mean: 2.10905349794239, and standard deviation: 5.31735871481406
NOISE INJECTION
MIA is NOT a nominal attribute
Saved: results/noise_injection/by_dataset/pc4_LOC_CODE_AND_COMMENT_noise0.9.csv 
________________
Noise level: 1 
MIA's class: numeric 
Is the MIA a nominal attribute? FALSE 
MIA's mean: 2.10905349794239, and standard deviation: 5.31735871481406
NOISE INJECTION
MIA is NOT a nominal attribute
Saved: results/noise_injection/by_dataset/pc4_LOC_CODE_AND_COMMENT_noise1.csv 
________________
Dataset: pc4 
Most important attribute: HALSTEAD_VOLUME 
Noise level: 0.1 
MIA's class: numeric 
Is the MIA a nominal attribute? FALSE 
MIA's mean: 543.978223593964, and standard deviation: 1199.21324217976
NOISE INJECTION
MIA is NOT a nominal attribute
Saved: results/noise_injection/by_dataset/pc4_HALSTEAD_VOLUME_noise0.1.csv 
________________
Noise level: 0.2 
MIA's class: numeric 
Is the MIA a nominal attribute? FALSE 
MIA's mean: 543.978223593964, and standard deviation: 1199.21324217976
NOISE INJECTION
MIA is NOT a nominal attribute
Saved: results/noise_injection/by_dataset/pc4_HALSTEAD_VOLUME_noise0.2.csv 
________________
Noise level: 0.3 
MIA's class: numeric 
Is the MIA a nominal attribute? FALSE 
MIA's mean: 543.978223593964, and standard deviation: 1199.21324217976
NOISE INJECTION
MIA is NOT a nominal attribute
Saved: results/noise_injection/by_dataset/pc4_HALSTEAD_VOLUME_noise0.3.csv 
________________
Noise level: 0.4 
MIA's class: numeric 
Is the MIA a nominal attribute? FALSE 
MIA's mean: 543.978223593964, and standard deviation: 1199.21324217976
NOISE INJECTION
MIA is NOT a nominal attribute
Saved: results/noise_injection/by_dataset/pc4_HALSTEAD_VOLUME_noise0.4.csv 
________________
Noise level: 0.5 
MIA's class: numeric 
Is the MIA a nominal attribute? FALSE 
MIA's mean: 543.978223593964, and standard deviation: 1199.21324217976
NOISE INJECTION
MIA is NOT a nominal attribute
Saved: results/noise_injection/by_dataset/pc4_HALSTEAD_VOLUME_noise0.5.csv 
________________
Noise level: 0.6 
MIA's class: numeric 
Is the MIA a nominal attribute? FALSE 
MIA's mean: 543.978223593964, and standard deviation: 1199.21324217976
NOISE INJECTION
MIA is NOT a nominal attribute
Saved: results/noise_injection/by_dataset/pc4_HALSTEAD_VOLUME_noise0.6.csv 
________________
Noise level: 0.7 
MIA's class: numeric 
Is the MIA a nominal attribute? FALSE 
MIA's mean: 543.978223593964, and standard deviation: 1199.21324217976
NOISE INJECTION
MIA is NOT a nominal attribute
Saved: results/noise_injection/by_dataset/pc4_HALSTEAD_VOLUME_noise0.7.csv 
________________
Noise level: 0.8 
MIA's class: numeric 
Is the MIA a nominal attribute? FALSE 
MIA's mean: 543.978223593964, and standard deviation: 1199.21324217976
NOISE INJECTION
MIA is NOT a nominal attribute
Saved: results/noise_injection/by_dataset/pc4_HALSTEAD_VOLUME_noise0.8.csv 
________________
Noise level: 0.9 
MIA's class: numeric 
Is the MIA a nominal attribute? FALSE 
MIA's mean: 543.978223593964, and standard deviation: 1199.21324217976
NOISE INJECTION
MIA is NOT a nominal attribute
Saved: results/noise_injection/by_dataset/pc4_HALSTEAD_VOLUME_noise0.9.csv 
________________
Noise level: 1 
MIA's class: numeric 
Is the MIA a nominal attribute? FALSE 
MIA's mean: 543.978223593964, and standard deviation: 1199.21324217976
NOISE INJECTION
MIA is NOT a nominal attribute
Saved: results/noise_injection/by_dataset/pc4_HALSTEAD_VOLUME_noise1.csv 
________________
Dataset: pc4 
Most important attribute: NODE_COUNT 
Noise level: 0.1 
MIA's class: numeric 
Is the MIA a nominal attribute? FALSE 
MIA's mean: 15.9094650205761, and standard deviation: 21.2696523746014
NOISE INJECTION
MIA is NOT a nominal attribute
Saved: results/noise_injection/by_dataset/pc4_NODE_COUNT_noise0.1.csv 
________________
Noise level: 0.2 
MIA's class: numeric 
Is the MIA a nominal attribute? FALSE 
MIA's mean: 15.9094650205761, and standard deviation: 21.2696523746014
NOISE INJECTION
MIA is NOT a nominal attribute
Saved: results/noise_injection/by_dataset/pc4_NODE_COUNT_noise0.2.csv 
________________
Noise level: 0.3 
MIA's class: numeric 
Is the MIA a nominal attribute? FALSE 
MIA's mean: 15.9094650205761, and standard deviation: 21.2696523746014
NOISE INJECTION
MIA is NOT a nominal attribute
Saved: results/noise_injection/by_dataset/pc4_NODE_COUNT_noise0.3.csv 
________________
Noise level: 0.4 
MIA's class: numeric 
Is the MIA a nominal attribute? FALSE 
MIA's mean: 15.9094650205761, and standard deviation: 21.2696523746014
NOISE INJECTION
MIA is NOT a nominal attribute
Saved: results/noise_injection/by_dataset/pc4_NODE_COUNT_noise0.4.csv 
________________
Noise level: 0.5 
MIA's class: numeric 
Is the MIA a nominal attribute? FALSE 
MIA's mean: 15.9094650205761, and standard deviation: 21.2696523746014
NOISE INJECTION
MIA is NOT a nominal attribute
Saved: results/noise_injection/by_dataset/pc4_NODE_COUNT_noise0.5.csv 
________________
Noise level: 0.6 
MIA's class: numeric 
Is the MIA a nominal attribute? FALSE 
MIA's mean: 15.9094650205761, and standard deviation: 21.2696523746014
NOISE INJECTION
MIA is NOT a nominal attribute
Saved: results/noise_injection/by_dataset/pc4_NODE_COUNT_noise0.6.csv 
________________
Noise level: 0.7 
MIA's class: numeric 
Is the MIA a nominal attribute? FALSE 
MIA's mean: 15.9094650205761, and standard deviation: 21.2696523746014
NOISE INJECTION
MIA is NOT a nominal attribute
Saved: results/noise_injection/by_dataset/pc4_NODE_COUNT_noise0.7.csv 
________________
Noise level: 0.8 
MIA's class: numeric 
Is the MIA a nominal attribute? FALSE 
MIA's mean: 15.9094650205761, and standard deviation: 21.2696523746014
NOISE INJECTION
MIA is NOT a nominal attribute
Saved: results/noise_injection/by_dataset/pc4_NODE_COUNT_noise0.8.csv 
________________
Noise level: 0.9 
MIA's class: numeric 
Is the MIA a nominal attribute? FALSE 
MIA's mean: 15.9094650205761, and standard deviation: 21.2696523746014
NOISE INJECTION
MIA is NOT a nominal attribute
Saved: results/noise_injection/by_dataset/pc4_NODE_COUNT_noise0.9.csv 
________________
Noise level: 1 
MIA's class: numeric 
Is the MIA a nominal attribute? FALSE 
MIA's mean: 15.9094650205761, and standard deviation: 21.2696523746014
NOISE INJECTION
MIA is NOT a nominal attribute
Saved: results/noise_injection/by_dataset/pc4_NODE_COUNT_noise1.csv 
________________
Dataset: pc4 
Most important attribute: MODIFIED_CONDITION_COUNT 
Noise level: 0.1 
MIA's class: numeric 
Is the MIA a nominal attribute? FALSE 
MIA's mean: 1.96844993141289, and standard deviation: 4.40148386229125
NOISE INJECTION
MIA is NOT a nominal attribute
Saved: results/noise_injection/by_dataset/pc4_MODIFIED_CONDITION_COUNT_noise0.1.csv 
________________
Noise level: 0.2 
MIA's class: numeric 
Is the MIA a nominal attribute? FALSE 
MIA's mean: 1.96844993141289, and standard deviation: 4.40148386229125
NOISE INJECTION
MIA is NOT a nominal attribute
Saved: results/noise_injection/by_dataset/pc4_MODIFIED_CONDITION_COUNT_noise0.2.csv 
________________
Noise level: 0.3 
MIA's class: numeric 
Is the MIA a nominal attribute? FALSE 
MIA's mean: 1.96844993141289, and standard deviation: 4.40148386229125
NOISE INJECTION
MIA is NOT a nominal attribute
Saved: results/noise_injection/by_dataset/pc4_MODIFIED_CONDITION_COUNT_noise0.3.csv 
________________
Noise level: 0.4 
MIA's class: numeric 
Is the MIA a nominal attribute? FALSE 
MIA's mean: 1.96844993141289, and standard deviation: 4.40148386229125
NOISE INJECTION
MIA is NOT a nominal attribute
Saved: results/noise_injection/by_dataset/pc4_MODIFIED_CONDITION_COUNT_noise0.4.csv 
________________
Noise level: 0.5 
MIA's class: numeric 
Is the MIA a nominal attribute? FALSE 
MIA's mean: 1.96844993141289, and standard deviation: 4.40148386229125
NOISE INJECTION
MIA is NOT a nominal attribute
Saved: results/noise_injection/by_dataset/pc4_MODIFIED_CONDITION_COUNT_noise0.5.csv 
________________
Noise level: 0.6 
MIA's class: numeric 
Is the MIA a nominal attribute? FALSE 
MIA's mean: 1.96844993141289, and standard deviation: 4.40148386229125
NOISE INJECTION
MIA is NOT a nominal attribute
Saved: results/noise_injection/by_dataset/pc4_MODIFIED_CONDITION_COUNT_noise0.6.csv 
________________
Noise level: 0.7 
MIA's class: numeric 
Is the MIA a nominal attribute? FALSE 
MIA's mean: 1.96844993141289, and standard deviation: 4.40148386229125
NOISE INJECTION
MIA is NOT a nominal attribute
Saved: results/noise_injection/by_dataset/pc4_MODIFIED_CONDITION_COUNT_noise0.7.csv 
________________
Noise level: 0.8 
MIA's class: numeric 
Is the MIA a nominal attribute? FALSE 
MIA's mean: 1.96844993141289, and standard deviation: 4.40148386229125
NOISE INJECTION
MIA is NOT a nominal attribute
Saved: results/noise_injection/by_dataset/pc4_MODIFIED_CONDITION_COUNT_noise0.8.csv 
________________
Noise level: 0.9 
MIA's class: numeric 
Is the MIA a nominal attribute? FALSE 
MIA's mean: 1.96844993141289, and standard deviation: 4.40148386229125
NOISE INJECTION
MIA is NOT a nominal attribute
Saved: results/noise_injection/by_dataset/pc4_MODIFIED_CONDITION_COUNT_noise0.9.csv 
________________
Noise level: 1 
MIA's class: numeric 
Is the MIA a nominal attribute? FALSE 
MIA's mean: 1.96844993141289, and standard deviation: 4.40148386229125
NOISE INJECTION
MIA is NOT a nominal attribute
Saved: results/noise_injection/by_dataset/pc4_MODIFIED_CONDITION_COUNT_noise1.csv 
________________
Finished with adding noise to dataset: pc4
----------------------
****************
RESULTS RECORDED
****************
