Current working directory: /home/chris/github/kappa-threshold 
parameters.csv exists: TRUE 
parameters.csv absolute path: /home/chris/github/kappa-threshold/data/files/parameters.csv 
Dataset: phoneme 
Most important attribute: V1 
Noise level: 0.1 
MIA's class: numeric 
Is the MIA a nominal attribute? FALSE 
MIA's mean: -0.124877414564943, and standard deviation: 0.887907265515487
NOISE INJECTION
MIA is NOT a nominal attribute
Saved: results/noise_injection/by_dataset/phoneme_V1_noise0.1.csv 
________________
Noise level: 0.2 
MIA's class: numeric 
Is the MIA a nominal attribute? FALSE 
MIA's mean: -0.124877414564943, and standard deviation: 0.887907265515487
NOISE INJECTION
MIA is NOT a nominal attribute
Saved: results/noise_injection/by_dataset/phoneme_V1_noise0.2.csv 
________________
Noise level: 0.3 
MIA's class: numeric 
Is the MIA a nominal attribute? FALSE 
MIA's mean: -0.124877414564943, and standard deviation: 0.887907265515487
NOISE INJECTION
MIA is NOT a nominal attribute
Saved: results/noise_injection/by_dataset/phoneme_V1_noise0.3.csv 
________________
Noise level: 0.4 
MIA's class: numeric 
Is the MIA a nominal attribute? FALSE 
MIA's mean: -0.124877414564943, and standard deviation: 0.887907265515487
NOISE INJECTION
MIA is NOT a nominal attribute
Saved: results/noise_injection/by_dataset/phoneme_V1_noise0.4.csv 
________________
Noise level: 0.5 
MIA's class: numeric 
Is the MIA a nominal attribute? FALSE 
MIA's mean: -0.124877414564943, and standard deviation: 0.887907265515487
NOISE INJECTION
MIA is NOT a nominal attribute
Saved: results/noise_injection/by_dataset/phoneme_V1_noise0.5.csv 
________________
Noise level: 0.6 
MIA's class: numeric 
Is the MIA a nominal attribute? FALSE 
MIA's mean: -0.124877414564943, and standard deviation: 0.887907265515487
NOISE INJECTION
MIA is NOT a nominal attribute
Saved: results/noise_injection/by_dataset/phoneme_V1_noise0.6.csv 
________________
Noise level: 0.7 
MIA's class: numeric 
Is the MIA a nominal attribute? FALSE 
MIA's mean: -0.124877414564943, and standard deviation: 0.887907265515487
NOISE INJECTION
MIA is NOT a nominal attribute
Saved: results/noise_injection/by_dataset/phoneme_V1_noise0.7.csv 
________________
Noise level: 0.8 
MIA's class: numeric 
Is the MIA a nominal attribute? FALSE 
MIA's mean: -0.124877414564943, and standard deviation: 0.887907265515487
NOISE INJECTION
MIA is NOT a nominal attribute
Saved: results/noise_injection/by_dataset/phoneme_V1_noise0.8.csv 
________________
Noise level: 0.9 
MIA's class: numeric 
Is the MIA a nominal attribute? FALSE 
MIA's mean: -0.124877414564943, and standard deviation: 0.887907265515487
NOISE INJECTION
MIA is NOT a nominal attribute
Saved: results/noise_injection/by_dataset/phoneme_V1_noise0.9.csv 
________________
Noise level: 1 
MIA's class: numeric 
Is the MIA a nominal attribute? FALSE 
MIA's mean: -0.124877414564943, and standard deviation: 0.887907265515487
NOISE INJECTION
MIA is NOT a nominal attribute
Saved: results/noise_injection/by_dataset/phoneme_V1_noise1.csv 
________________
Dataset: phoneme 
Most important attribute: V4 
Noise level: 0.1 
MIA's class: numeric 
Is the MIA a nominal attribute? FALSE 
MIA's mean: 0.150376373896595, and standard deviation: 1.05203046024996
NOISE INJECTION
MIA is NOT a nominal attribute
Saved: results/noise_injection/by_dataset/phoneme_V4_noise0.1.csv 
________________
Noise level: 0.2 
MIA's class: numeric 
Is the MIA a nominal attribute? FALSE 
MIA's mean: 0.150376373896595, and standard deviation: 1.05203046024996
NOISE INJECTION
MIA is NOT a nominal attribute
Saved: results/noise_injection/by_dataset/phoneme_V4_noise0.2.csv 
________________
Noise level: 0.3 
MIA's class: numeric 
Is the MIA a nominal attribute? FALSE 
MIA's mean: 0.150376373896595, and standard deviation: 1.05203046024996
NOISE INJECTION
MIA is NOT a nominal attribute
Saved: results/noise_injection/by_dataset/phoneme_V4_noise0.3.csv 
________________
Noise level: 0.4 
MIA's class: numeric 
Is the MIA a nominal attribute? FALSE 
MIA's mean: 0.150376373896595, and standard deviation: 1.05203046024996
NOISE INJECTION
MIA is NOT a nominal attribute
Saved: results/noise_injection/by_dataset/phoneme_V4_noise0.4.csv 
________________
Noise level: 0.5 
MIA's class: numeric 
Is the MIA a nominal attribute? FALSE 
MIA's mean: 0.150376373896595, and standard deviation: 1.05203046024996
NOISE INJECTION
MIA is NOT a nominal attribute
Saved: results/noise_injection/by_dataset/phoneme_V4_noise0.5.csv 
________________
Noise level: 0.6 
MIA's class: numeric 
Is the MIA a nominal attribute? FALSE 
MIA's mean: 0.150376373896595, and standard deviation: 1.05203046024996
NOISE INJECTION
MIA is NOT a nominal attribute
Saved: results/noise_injection/by_dataset/phoneme_V4_noise0.6.csv 
________________
Noise level: 0.7 
MIA's class: numeric 
Is the MIA a nominal attribute? FALSE 
MIA's mean: 0.150376373896595, and standard deviation: 1.05203046024996
NOISE INJECTION
MIA is NOT a nominal attribute
Saved: results/noise_injection/by_dataset/phoneme_V4_noise0.7.csv 
________________
Noise level: 0.8 
MIA's class: numeric 
Is the MIA a nominal attribute? FALSE 
MIA's mean: 0.150376373896595, and standard deviation: 1.05203046024996
NOISE INJECTION
MIA is NOT a nominal attribute
Saved: results/noise_injection/by_dataset/phoneme_V4_noise0.8.csv 
________________
Noise level: 0.9 
MIA's class: numeric 
Is the MIA a nominal attribute? FALSE 
MIA's mean: 0.150376373896595, and standard deviation: 1.05203046024996
NOISE INJECTION
MIA is NOT a nominal attribute
Saved: results/noise_injection/by_dataset/phoneme_V4_noise0.9.csv 
________________
Noise level: 1 
MIA's class: numeric 
Is the MIA a nominal attribute? FALSE 
MIA's mean: 0.150376373896595, and standard deviation: 1.05203046024996
NOISE INJECTION
MIA is NOT a nominal attribute
Saved: results/noise_injection/by_dataset/phoneme_V4_noise1.csv 
________________
Dataset: phoneme 
Most important attribute: V3 
Noise level: 0.1 
MIA's class: numeric 
Is the MIA a nominal attribute? FALSE 
MIA's mean: 0.143722048234552, and standard deviation: 0.9693956750443
NOISE INJECTION
MIA is NOT a nominal attribute
Saved: results/noise_injection/by_dataset/phoneme_V3_noise0.1.csv 
________________
Noise level: 0.2 
MIA's class: numeric 
Is the MIA a nominal attribute? FALSE 
MIA's mean: 0.143722048234552, and standard deviation: 0.9693956750443
NOISE INJECTION
MIA is NOT a nominal attribute
Saved: results/noise_injection/by_dataset/phoneme_V3_noise0.2.csv 
________________
Noise level: 0.3 
MIA's class: numeric 
Is the MIA a nominal attribute? FALSE 
MIA's mean: 0.143722048234552, and standard deviation: 0.9693956750443
NOISE INJECTION
MIA is NOT a nominal attribute
Saved: results/noise_injection/by_dataset/phoneme_V3_noise0.3.csv 
________________
Noise level: 0.4 
MIA's class: numeric 
Is the MIA a nominal attribute? FALSE 
MIA's mean: 0.143722048234552, and standard deviation: 0.9693956750443
NOISE INJECTION
MIA is NOT a nominal attribute
Saved: results/noise_injection/by_dataset/phoneme_V3_noise0.4.csv 
________________
Noise level: 0.5 
MIA's class: numeric 
Is the MIA a nominal attribute? FALSE 
MIA's mean: 0.143722048234552, and standard deviation: 0.9693956750443
NOISE INJECTION
MIA is NOT a nominal attribute
Saved: results/noise_injection/by_dataset/phoneme_V3_noise0.5.csv 
________________
Noise level: 0.6 
MIA's class: numeric 
Is the MIA a nominal attribute? FALSE 
MIA's mean: 0.143722048234552, and standard deviation: 0.9693956750443
NOISE INJECTION
MIA is NOT a nominal attribute
Saved: results/noise_injection/by_dataset/phoneme_V3_noise0.6.csv 
________________
Noise level: 0.7 
MIA's class: numeric 
Is the MIA a nominal attribute? FALSE 
MIA's mean: 0.143722048234552, and standard deviation: 0.9693956750443
NOISE INJECTION
MIA is NOT a nominal attribute
Saved: results/noise_injection/by_dataset/phoneme_V3_noise0.7.csv 
________________
Noise level: 0.8 
MIA's class: numeric 
Is the MIA a nominal attribute? FALSE 
MIA's mean: 0.143722048234552, and standard deviation: 0.9693956750443
NOISE INJECTION
MIA is NOT a nominal attribute
Saved: results/noise_injection/by_dataset/phoneme_V3_noise0.8.csv 
________________
Noise level: 0.9 
MIA's class: numeric 
Is the MIA a nominal attribute? FALSE 
MIA's mean: 0.143722048234552, and standard deviation: 0.9693956750443
NOISE INJECTION
MIA is NOT a nominal attribute
Saved: results/noise_injection/by_dataset/phoneme_V3_noise0.9.csv 
________________
Noise level: 1 
MIA's class: numeric 
Is the MIA a nominal attribute? FALSE 
MIA's mean: 0.143722048234552, and standard deviation: 0.9693956750443
NOISE INJECTION
MIA is NOT a nominal attribute
Saved: results/noise_injection/by_dataset/phoneme_V3_noise1.csv 
________________
Finished with adding noise to dataset: phoneme
----------------------
****************
RESULTS RECORDED
****************
