Current working directory: /home/chris/github/kappa-threshold 
parameters.csv exists: TRUE 
parameters.csv absolute path: /home/chris/github/kappa-threshold/data/files/parameters.csv 
Dataset: tic-tac-toe 
Most important attribute: middle_middle_square 
Noise level: 0.1 
MIA's class: factor 
Is the MIA a nominal attribute? TRUE 
NOISE INJECTION
MIA is a nominal attribute
Saved: results/noise_injection/by_dataset/tic-tac-toe_middle_middle_square_noise0.1.csv 
________________
Noise level: 0.2 
MIA's class: factor 
Is the MIA a nominal attribute? TRUE 
NOISE INJECTION
MIA is a nominal attribute
Saved: results/noise_injection/by_dataset/tic-tac-toe_middle_middle_square_noise0.2.csv 
________________
Noise level: 0.3 
MIA's class: factor 
Is the MIA a nominal attribute? TRUE 
NOISE INJECTION
MIA is a nominal attribute
Saved: results/noise_injection/by_dataset/tic-tac-toe_middle_middle_square_noise0.3.csv 
________________
Noise level: 0.4 
MIA's class: factor 
Is the MIA a nominal attribute? TRUE 
NOISE INJECTION
MIA is a nominal attribute
Saved: results/noise_injection/by_dataset/tic-tac-toe_middle_middle_square_noise0.4.csv 
________________
Noise level: 0.5 
MIA's class: factor 
Is the MIA a nominal attribute? TRUE 
NOISE INJECTION
MIA is a nominal attribute
Saved: results/noise_injection/by_dataset/tic-tac-toe_middle_middle_square_noise0.5.csv 
________________
Noise level: 0.6 
MIA's class: factor 
Is the MIA a nominal attribute? TRUE 
NOISE INJECTION
MIA is a nominal attribute
Saved: results/noise_injection/by_dataset/tic-tac-toe_middle_middle_square_noise0.6.csv 
________________
Noise level: 0.7 
MIA's class: factor 
Is the MIA a nominal attribute? TRUE 
NOISE INJECTION
MIA is a nominal attribute
Saved: results/noise_injection/by_dataset/tic-tac-toe_middle_middle_square_noise0.7.csv 
________________
Noise level: 0.8 
MIA's class: factor 
Is the MIA a nominal attribute? TRUE 
NOISE INJECTION
MIA is a nominal attribute
Saved: results/noise_injection/by_dataset/tic-tac-toe_middle_middle_square_noise0.8.csv 
________________
Noise level: 0.9 
MIA's class: factor 
Is the MIA a nominal attribute? TRUE 
NOISE INJECTION
MIA is a nominal attribute
Saved: results/noise_injection/by_dataset/tic-tac-toe_middle_middle_square_noise0.9.csv 
________________
Noise level: 1 
MIA's class: factor 
Is the MIA a nominal attribute? TRUE 
NOISE INJECTION
MIA is a nominal attribute
Saved: results/noise_injection/by_dataset/tic-tac-toe_middle_middle_square_noise1.csv 
________________
Finished with adding noise to dataset: tic-tac-toe
----------------------
****************
RESULTS RECORDED
****************
