Current working directory: /home/chris/github/kappa-threshold 
parameters.csv exists: TRUE 
parameters.csv absolute path: /home/chris/github/kappa-threshold/data/files/parameters.csv 
Dataset: vowel 
Most important attribute: Feature_1 
Noise level: 0.1 
MIA's class: numeric 
Is the MIA a nominal attribute? FALSE 
MIA's mean: 1.88176363636364, and standard deviation: 1.17527200418152
NOISE INJECTION
MIA is NOT a nominal attribute
Saved: results/noise_injection/by_dataset/vowel_Feature_1_noise0.1.csv 
________________
Noise level: 0.2 
MIA's class: numeric 
Is the MIA a nominal attribute? FALSE 
MIA's mean: 1.88176363636364, and standard deviation: 1.17527200418152
NOISE INJECTION
MIA is NOT a nominal attribute
Saved: results/noise_injection/by_dataset/vowel_Feature_1_noise0.2.csv 
________________
Noise level: 0.3 
MIA's class: numeric 
Is the MIA a nominal attribute? FALSE 
MIA's mean: 1.88176363636364, and standard deviation: 1.17527200418152
NOISE INJECTION
MIA is NOT a nominal attribute
Saved: results/noise_injection/by_dataset/vowel_Feature_1_noise0.3.csv 
________________
Noise level: 0.4 
MIA's class: numeric 
Is the MIA a nominal attribute? FALSE 
MIA's mean: 1.88176363636364, and standard deviation: 1.17527200418152
NOISE INJECTION
MIA is NOT a nominal attribute
Saved: results/noise_injection/by_dataset/vowel_Feature_1_noise0.4.csv 
________________
Noise level: 0.5 
MIA's class: numeric 
Is the MIA a nominal attribute? FALSE 
MIA's mean: 1.88176363636364, and standard deviation: 1.17527200418152
NOISE INJECTION
MIA is NOT a nominal attribute
Saved: results/noise_injection/by_dataset/vowel_Feature_1_noise0.5.csv 
________________
Noise level: 0.6 
MIA's class: numeric 
Is the MIA a nominal attribute? FALSE 
MIA's mean: 1.88176363636364, and standard deviation: 1.17527200418152
NOISE INJECTION
MIA is NOT a nominal attribute
Saved: results/noise_injection/by_dataset/vowel_Feature_1_noise0.6.csv 
________________
Noise level: 0.7 
MIA's class: numeric 
Is the MIA a nominal attribute? FALSE 
MIA's mean: 1.88176363636364, and standard deviation: 1.17527200418152
NOISE INJECTION
MIA is NOT a nominal attribute
Saved: results/noise_injection/by_dataset/vowel_Feature_1_noise0.7.csv 
________________
Noise level: 0.8 
MIA's class: numeric 
Is the MIA a nominal attribute? FALSE 
MIA's mean: 1.88176363636364, and standard deviation: 1.17527200418152
NOISE INJECTION
MIA is NOT a nominal attribute
Saved: results/noise_injection/by_dataset/vowel_Feature_1_noise0.8.csv 
________________
Noise level: 0.9 
MIA's class: numeric 
Is the MIA a nominal attribute? FALSE 
MIA's mean: 1.88176363636364, and standard deviation: 1.17527200418152
NOISE INJECTION
MIA is NOT a nominal attribute
Saved: results/noise_injection/by_dataset/vowel_Feature_1_noise0.9.csv 
________________
Noise level: 1 
MIA's class: numeric 
Is the MIA a nominal attribute? FALSE 
MIA's mean: 1.88176363636364, and standard deviation: 1.17527200418152
NOISE INJECTION
MIA is NOT a nominal attribute
Saved: results/noise_injection/by_dataset/vowel_Feature_1_noise1.csv 
________________
Dataset: vowel 
Most important attribute: Feature_5 
Noise level: 0.1 
MIA's class: numeric 
Is the MIA a nominal attribute? FALSE 
MIA's mean: 0.630244444444444, and standard deviation: 0.603871080567573
NOISE INJECTION
MIA is NOT a nominal attribute
Saved: results/noise_injection/by_dataset/vowel_Feature_5_noise0.1.csv 
________________
Noise level: 0.2 
MIA's class: numeric 
Is the MIA a nominal attribute? FALSE 
MIA's mean: 0.630244444444444, and standard deviation: 0.603871080567573
NOISE INJECTION
MIA is NOT a nominal attribute
Saved: results/noise_injection/by_dataset/vowel_Feature_5_noise0.2.csv 
________________
Noise level: 0.3 
MIA's class: numeric 
Is the MIA a nominal attribute? FALSE 
MIA's mean: 0.630244444444444, and standard deviation: 0.603871080567573
NOISE INJECTION
MIA is NOT a nominal attribute
Saved: results/noise_injection/by_dataset/vowel_Feature_5_noise0.3.csv 
________________
Noise level: 0.4 
MIA's class: numeric 
Is the MIA a nominal attribute? FALSE 
MIA's mean: 0.630244444444444, and standard deviation: 0.603871080567573
NOISE INJECTION
MIA is NOT a nominal attribute
Saved: results/noise_injection/by_dataset/vowel_Feature_5_noise0.4.csv 
________________
Noise level: 0.5 
MIA's class: numeric 
Is the MIA a nominal attribute? FALSE 
MIA's mean: 0.630244444444444, and standard deviation: 0.603871080567573
NOISE INJECTION
MIA is NOT a nominal attribute
Saved: results/noise_injection/by_dataset/vowel_Feature_5_noise0.5.csv 
________________
Noise level: 0.6 
MIA's class: numeric 
Is the MIA a nominal attribute? FALSE 
MIA's mean: 0.630244444444444, and standard deviation: 0.603871080567573
NOISE INJECTION
MIA is NOT a nominal attribute
Saved: results/noise_injection/by_dataset/vowel_Feature_5_noise0.6.csv 
________________
Noise level: 0.7 
MIA's class: numeric 
Is the MIA a nominal attribute? FALSE 
MIA's mean: 0.630244444444444, and standard deviation: 0.603871080567573
NOISE INJECTION
MIA is NOT a nominal attribute
Saved: results/noise_injection/by_dataset/vowel_Feature_5_noise0.7.csv 
________________
Noise level: 0.8 
MIA's class: numeric 
Is the MIA a nominal attribute? FALSE 
MIA's mean: 0.630244444444444, and standard deviation: 0.603871080567573
NOISE INJECTION
MIA is NOT a nominal attribute
Saved: results/noise_injection/by_dataset/vowel_Feature_5_noise0.8.csv 
________________
Noise level: 0.9 
MIA's class: numeric 
Is the MIA a nominal attribute? FALSE 
MIA's mean: 0.630244444444444, and standard deviation: 0.603871080567573
NOISE INJECTION
MIA is NOT a nominal attribute
Saved: results/noise_injection/by_dataset/vowel_Feature_5_noise0.9.csv 
________________
Noise level: 1 
MIA's class: numeric 
Is the MIA a nominal attribute? FALSE 
MIA's mean: 0.630244444444444, and standard deviation: 0.603871080567573
NOISE INJECTION
MIA is NOT a nominal attribute
Saved: results/noise_injection/by_dataset/vowel_Feature_5_noise1.csv 
________________
Dataset: vowel 
Most important attribute: Feature_0 
Noise level: 0.1 
MIA's class: numeric 
Is the MIA a nominal attribute? FALSE 
MIA's mean: -3.2037404040404, and standard deviation: 0.868987203962751
NOISE INJECTION
MIA is NOT a nominal attribute
Saved: results/noise_injection/by_dataset/vowel_Feature_0_noise0.1.csv 
________________
Noise level: 0.2 
MIA's class: numeric 
Is the MIA a nominal attribute? FALSE 
MIA's mean: -3.2037404040404, and standard deviation: 0.868987203962751
NOISE INJECTION
MIA is NOT a nominal attribute
Saved: results/noise_injection/by_dataset/vowel_Feature_0_noise0.2.csv 
________________
Noise level: 0.3 
MIA's class: numeric 
Is the MIA a nominal attribute? FALSE 
MIA's mean: -3.2037404040404, and standard deviation: 0.868987203962751
NOISE INJECTION
MIA is NOT a nominal attribute
Saved: results/noise_injection/by_dataset/vowel_Feature_0_noise0.3.csv 
________________
Noise level: 0.4 
MIA's class: numeric 
Is the MIA a nominal attribute? FALSE 
MIA's mean: -3.2037404040404, and standard deviation: 0.868987203962751
NOISE INJECTION
MIA is NOT a nominal attribute
Saved: results/noise_injection/by_dataset/vowel_Feature_0_noise0.4.csv 
________________
Noise level: 0.5 
MIA's class: numeric 
Is the MIA a nominal attribute? FALSE 
MIA's mean: -3.2037404040404, and standard deviation: 0.868987203962751
NOISE INJECTION
MIA is NOT a nominal attribute
Saved: results/noise_injection/by_dataset/vowel_Feature_0_noise0.5.csv 
________________
Noise level: 0.6 
MIA's class: numeric 
Is the MIA a nominal attribute? FALSE 
MIA's mean: -3.2037404040404, and standard deviation: 0.868987203962751
NOISE INJECTION
MIA is NOT a nominal attribute
Saved: results/noise_injection/by_dataset/vowel_Feature_0_noise0.6.csv 
________________
Noise level: 0.7 
MIA's class: numeric 
Is the MIA a nominal attribute? FALSE 
MIA's mean: -3.2037404040404, and standard deviation: 0.868987203962751
NOISE INJECTION
MIA is NOT a nominal attribute
Saved: results/noise_injection/by_dataset/vowel_Feature_0_noise0.7.csv 
________________
Noise level: 0.8 
MIA's class: numeric 
Is the MIA a nominal attribute? FALSE 
MIA's mean: -3.2037404040404, and standard deviation: 0.868987203962751
NOISE INJECTION
MIA is NOT a nominal attribute
Saved: results/noise_injection/by_dataset/vowel_Feature_0_noise0.8.csv 
________________
Noise level: 0.9 
MIA's class: numeric 
Is the MIA a nominal attribute? FALSE 
MIA's mean: -3.2037404040404, and standard deviation: 0.868987203962751
NOISE INJECTION
MIA is NOT a nominal attribute
Saved: results/noise_injection/by_dataset/vowel_Feature_0_noise0.9.csv 
________________
Noise level: 1 
MIA's class: numeric 
Is the MIA a nominal attribute? FALSE 
MIA's mean: -3.2037404040404, and standard deviation: 0.868987203962751
NOISE INJECTION
MIA is NOT a nominal attribute
Saved: results/noise_injection/by_dataset/vowel_Feature_0_noise1.csv 
________________
Finished with adding noise to dataset: vowel
----------------------
****************
RESULTS RECORDED
****************
