Current working directory: /home/chris/github/kappa-threshold 
parameters.csv exists: TRUE 
parameters.csv absolute path: /home/chris/github/kappa-threshold/data/files/parameters.csv 
Dataset: wdbc 
Most important attribute: V28 
Noise level: 0.1 
MIA's class: numeric 
Is the MIA a nominal attribute? FALSE 
MIA's mean: 0.114606223198594, and standard deviation: 0.0657323411959421
NOISE INJECTION
MIA is NOT a nominal attribute
Saved: results/noise_injection/by_dataset/wdbc_V28_noise0.1.csv 
________________
Noise level: 0.2 
MIA's class: numeric 
Is the MIA a nominal attribute? FALSE 
MIA's mean: 0.114606223198594, and standard deviation: 0.0657323411959421
NOISE INJECTION
MIA is NOT a nominal attribute
Saved: results/noise_injection/by_dataset/wdbc_V28_noise0.2.csv 
________________
Noise level: 0.3 
MIA's class: numeric 
Is the MIA a nominal attribute? FALSE 
MIA's mean: 0.114606223198594, and standard deviation: 0.0657323411959421
NOISE INJECTION
MIA is NOT a nominal attribute
Saved: results/noise_injection/by_dataset/wdbc_V28_noise0.3.csv 
________________
Noise level: 0.4 
MIA's class: numeric 
Is the MIA a nominal attribute? FALSE 
MIA's mean: 0.114606223198594, and standard deviation: 0.0657323411959421
NOISE INJECTION
MIA is NOT a nominal attribute
Saved: results/noise_injection/by_dataset/wdbc_V28_noise0.4.csv 
________________
Noise level: 0.5 
MIA's class: numeric 
Is the MIA a nominal attribute? FALSE 
MIA's mean: 0.114606223198594, and standard deviation: 0.0657323411959421
NOISE INJECTION
MIA is NOT a nominal attribute
Saved: results/noise_injection/by_dataset/wdbc_V28_noise0.5.csv 
________________
Noise level: 0.6 
MIA's class: numeric 
Is the MIA a nominal attribute? FALSE 
MIA's mean: 0.114606223198594, and standard deviation: 0.0657323411959421
NOISE INJECTION
MIA is NOT a nominal attribute
Saved: results/noise_injection/by_dataset/wdbc_V28_noise0.6.csv 
________________
Noise level: 0.7 
MIA's class: numeric 
Is the MIA a nominal attribute? FALSE 
MIA's mean: 0.114606223198594, and standard deviation: 0.0657323411959421
NOISE INJECTION
MIA is NOT a nominal attribute
Saved: results/noise_injection/by_dataset/wdbc_V28_noise0.7.csv 
________________
Noise level: 0.8 
MIA's class: numeric 
Is the MIA a nominal attribute? FALSE 
MIA's mean: 0.114606223198594, and standard deviation: 0.0657323411959421
NOISE INJECTION
MIA is NOT a nominal attribute
Saved: results/noise_injection/by_dataset/wdbc_V28_noise0.8.csv 
________________
Noise level: 0.9 
MIA's class: numeric 
Is the MIA a nominal attribute? FALSE 
MIA's mean: 0.114606223198594, and standard deviation: 0.0657323411959421
NOISE INJECTION
MIA is NOT a nominal attribute
Saved: results/noise_injection/by_dataset/wdbc_V28_noise0.9.csv 
________________
Noise level: 1 
MIA's class: numeric 
Is the MIA a nominal attribute? FALSE 
MIA's mean: 0.114606223198594, and standard deviation: 0.0657323411959421
NOISE INJECTION
MIA is NOT a nominal attribute
Saved: results/noise_injection/by_dataset/wdbc_V28_noise1.csv 
________________
Dataset: wdbc 
Most important attribute: V24 
Noise level: 0.1 
MIA's class: numeric 
Is the MIA a nominal attribute? FALSE 
MIA's mean: 880.583128295255, and standard deviation: 569.356992669949
NOISE INJECTION
MIA is NOT a nominal attribute
Saved: results/noise_injection/by_dataset/wdbc_V24_noise0.1.csv 
________________
Noise level: 0.2 
MIA's class: numeric 
Is the MIA a nominal attribute? FALSE 
MIA's mean: 880.583128295255, and standard deviation: 569.356992669949
NOISE INJECTION
MIA is NOT a nominal attribute
Saved: results/noise_injection/by_dataset/wdbc_V24_noise0.2.csv 
________________
Noise level: 0.3 
MIA's class: numeric 
Is the MIA a nominal attribute? FALSE 
MIA's mean: 880.583128295255, and standard deviation: 569.356992669949
NOISE INJECTION
MIA is NOT a nominal attribute
Saved: results/noise_injection/by_dataset/wdbc_V24_noise0.3.csv 
________________
Noise level: 0.4 
MIA's class: numeric 
Is the MIA a nominal attribute? FALSE 
MIA's mean: 880.583128295255, and standard deviation: 569.356992669949
NOISE INJECTION
MIA is NOT a nominal attribute
Saved: results/noise_injection/by_dataset/wdbc_V24_noise0.4.csv 
________________
Noise level: 0.5 
MIA's class: numeric 
Is the MIA a nominal attribute? FALSE 
MIA's mean: 880.583128295255, and standard deviation: 569.356992669949
NOISE INJECTION
MIA is NOT a nominal attribute
Saved: results/noise_injection/by_dataset/wdbc_V24_noise0.5.csv 
________________
Noise level: 0.6 
MIA's class: numeric 
Is the MIA a nominal attribute? FALSE 
MIA's mean: 880.583128295255, and standard deviation: 569.356992669949
NOISE INJECTION
MIA is NOT a nominal attribute
Saved: results/noise_injection/by_dataset/wdbc_V24_noise0.6.csv 
________________
Noise level: 0.7 
MIA's class: numeric 
Is the MIA a nominal attribute? FALSE 
MIA's mean: 880.583128295255, and standard deviation: 569.356992669949
NOISE INJECTION
MIA is NOT a nominal attribute
Saved: results/noise_injection/by_dataset/wdbc_V24_noise0.7.csv 
________________
Noise level: 0.8 
MIA's class: numeric 
Is the MIA a nominal attribute? FALSE 
MIA's mean: 880.583128295255, and standard deviation: 569.356992669949
NOISE INJECTION
MIA is NOT a nominal attribute
Saved: results/noise_injection/by_dataset/wdbc_V24_noise0.8.csv 
________________
Noise level: 0.9 
MIA's class: numeric 
Is the MIA a nominal attribute? FALSE 
MIA's mean: 880.583128295255, and standard deviation: 569.356992669949
NOISE INJECTION
MIA is NOT a nominal attribute
Saved: results/noise_injection/by_dataset/wdbc_V24_noise0.9.csv 
________________
Noise level: 1 
MIA's class: numeric 
Is the MIA a nominal attribute? FALSE 
MIA's mean: 880.583128295255, and standard deviation: 569.356992669949
NOISE INJECTION
MIA is NOT a nominal attribute
Saved: results/noise_injection/by_dataset/wdbc_V24_noise1.csv 
________________
Dataset: wdbc 
Most important attribute: V22 
Noise level: 0.1 
MIA's class: numeric 
Is the MIA a nominal attribute? FALSE 
MIA's mean: 25.677223198594, and standard deviation: 6.14625762303832
NOISE INJECTION
MIA is NOT a nominal attribute
Saved: results/noise_injection/by_dataset/wdbc_V22_noise0.1.csv 
________________
Noise level: 0.2 
MIA's class: numeric 
Is the MIA a nominal attribute? FALSE 
MIA's mean: 25.677223198594, and standard deviation: 6.14625762303832
NOISE INJECTION
MIA is NOT a nominal attribute
Saved: results/noise_injection/by_dataset/wdbc_V22_noise0.2.csv 
________________
Noise level: 0.3 
MIA's class: numeric 
Is the MIA a nominal attribute? FALSE 
MIA's mean: 25.677223198594, and standard deviation: 6.14625762303832
NOISE INJECTION
MIA is NOT a nominal attribute
Saved: results/noise_injection/by_dataset/wdbc_V22_noise0.3.csv 
________________
Noise level: 0.4 
MIA's class: numeric 
Is the MIA a nominal attribute? FALSE 
MIA's mean: 25.677223198594, and standard deviation: 6.14625762303832
NOISE INJECTION
MIA is NOT a nominal attribute
Saved: results/noise_injection/by_dataset/wdbc_V22_noise0.4.csv 
________________
Noise level: 0.5 
MIA's class: numeric 
Is the MIA a nominal attribute? FALSE 
MIA's mean: 25.677223198594, and standard deviation: 6.14625762303832
NOISE INJECTION
MIA is NOT a nominal attribute
Saved: results/noise_injection/by_dataset/wdbc_V22_noise0.5.csv 
________________
Noise level: 0.6 
MIA's class: numeric 
Is the MIA a nominal attribute? FALSE 
MIA's mean: 25.677223198594, and standard deviation: 6.14625762303832
NOISE INJECTION
MIA is NOT a nominal attribute
Saved: results/noise_injection/by_dataset/wdbc_V22_noise0.6.csv 
________________
Noise level: 0.7 
MIA's class: numeric 
Is the MIA a nominal attribute? FALSE 
MIA's mean: 25.677223198594, and standard deviation: 6.14625762303832
NOISE INJECTION
MIA is NOT a nominal attribute
Saved: results/noise_injection/by_dataset/wdbc_V22_noise0.7.csv 
________________
Noise level: 0.8 
MIA's class: numeric 
Is the MIA a nominal attribute? FALSE 
MIA's mean: 25.677223198594, and standard deviation: 6.14625762303832
NOISE INJECTION
MIA is NOT a nominal attribute
Saved: results/noise_injection/by_dataset/wdbc_V22_noise0.8.csv 
________________
Noise level: 0.9 
MIA's class: numeric 
Is the MIA a nominal attribute? FALSE 
MIA's mean: 25.677223198594, and standard deviation: 6.14625762303832
NOISE INJECTION
MIA is NOT a nominal attribute
Saved: results/noise_injection/by_dataset/wdbc_V22_noise0.9.csv 
________________
Noise level: 1 
MIA's class: numeric 
Is the MIA a nominal attribute? FALSE 
MIA's mean: 25.677223198594, and standard deviation: 6.14625762303832
NOISE INJECTION
MIA is NOT a nominal attribute
Saved: results/noise_injection/by_dataset/wdbc_V22_noise1.csv 
________________
Dataset: wdbc 
Most important attribute: V23 
Noise level: 0.1 
MIA's class: numeric 
Is the MIA a nominal attribute? FALSE 
MIA's mean: 107.261212653779, and standard deviation: 33.6025422690364
NOISE INJECTION
MIA is NOT a nominal attribute
Saved: results/noise_injection/by_dataset/wdbc_V23_noise0.1.csv 
________________
Noise level: 0.2 
MIA's class: numeric 
Is the MIA a nominal attribute? FALSE 
MIA's mean: 107.261212653779, and standard deviation: 33.6025422690364
NOISE INJECTION
MIA is NOT a nominal attribute
Saved: results/noise_injection/by_dataset/wdbc_V23_noise0.2.csv 
________________
Noise level: 0.3 
MIA's class: numeric 
Is the MIA a nominal attribute? FALSE 
MIA's mean: 107.261212653779, and standard deviation: 33.6025422690364
NOISE INJECTION
MIA is NOT a nominal attribute
Saved: results/noise_injection/by_dataset/wdbc_V23_noise0.3.csv 
________________
Noise level: 0.4 
MIA's class: numeric 
Is the MIA a nominal attribute? FALSE 
MIA's mean: 107.261212653779, and standard deviation: 33.6025422690364
NOISE INJECTION
MIA is NOT a nominal attribute
Saved: results/noise_injection/by_dataset/wdbc_V23_noise0.4.csv 
________________
Noise level: 0.5 
MIA's class: numeric 
Is the MIA a nominal attribute? FALSE 
MIA's mean: 107.261212653779, and standard deviation: 33.6025422690364
NOISE INJECTION
MIA is NOT a nominal attribute
Saved: results/noise_injection/by_dataset/wdbc_V23_noise0.5.csv 
________________
Noise level: 0.6 
MIA's class: numeric 
Is the MIA a nominal attribute? FALSE 
MIA's mean: 107.261212653779, and standard deviation: 33.6025422690364
NOISE INJECTION
MIA is NOT a nominal attribute
Saved: results/noise_injection/by_dataset/wdbc_V23_noise0.6.csv 
________________
Noise level: 0.7 
MIA's class: numeric 
Is the MIA a nominal attribute? FALSE 
MIA's mean: 107.261212653779, and standard deviation: 33.6025422690364
NOISE INJECTION
MIA is NOT a nominal attribute
Saved: results/noise_injection/by_dataset/wdbc_V23_noise0.7.csv 
________________
Noise level: 0.8 
MIA's class: numeric 
Is the MIA a nominal attribute? FALSE 
MIA's mean: 107.261212653779, and standard deviation: 33.6025422690364
NOISE INJECTION
MIA is NOT a nominal attribute
Saved: results/noise_injection/by_dataset/wdbc_V23_noise0.8.csv 
________________
Noise level: 0.9 
MIA's class: numeric 
Is the MIA a nominal attribute? FALSE 
MIA's mean: 107.261212653779, and standard deviation: 33.6025422690364
NOISE INJECTION
MIA is NOT a nominal attribute
Saved: results/noise_injection/by_dataset/wdbc_V23_noise0.9.csv 
________________
Noise level: 1 
MIA's class: numeric 
Is the MIA a nominal attribute? FALSE 
MIA's mean: 107.261212653779, and standard deviation: 33.6025422690364
NOISE INJECTION
MIA is NOT a nominal attribute
Saved: results/noise_injection/by_dataset/wdbc_V23_noise1.csv 
________________
Dataset: wdbc 
Most important attribute: V4 
Noise level: 0.1 
MIA's class: numeric 
Is the MIA a nominal attribute? FALSE 
MIA's mean: 654.889103690685, and standard deviation: 351.914129181653
NOISE INJECTION
MIA is NOT a nominal attribute
Saved: results/noise_injection/by_dataset/wdbc_V4_noise0.1.csv 
________________
Noise level: 0.2 
MIA's class: numeric 
Is the MIA a nominal attribute? FALSE 
MIA's mean: 654.889103690685, and standard deviation: 351.914129181653
NOISE INJECTION
MIA is NOT a nominal attribute
Saved: results/noise_injection/by_dataset/wdbc_V4_noise0.2.csv 
________________
Noise level: 0.3 
MIA's class: numeric 
Is the MIA a nominal attribute? FALSE 
MIA's mean: 654.889103690685, and standard deviation: 351.914129181653
NOISE INJECTION
MIA is NOT a nominal attribute
Saved: results/noise_injection/by_dataset/wdbc_V4_noise0.3.csv 
________________
Noise level: 0.4 
MIA's class: numeric 
Is the MIA a nominal attribute? FALSE 
MIA's mean: 654.889103690685, and standard deviation: 351.914129181653
NOISE INJECTION
MIA is NOT a nominal attribute
Saved: results/noise_injection/by_dataset/wdbc_V4_noise0.4.csv 
________________
Noise level: 0.5 
MIA's class: numeric 
Is the MIA a nominal attribute? FALSE 
MIA's mean: 654.889103690685, and standard deviation: 351.914129181653
NOISE INJECTION
MIA is NOT a nominal attribute
Saved: results/noise_injection/by_dataset/wdbc_V4_noise0.5.csv 
________________
Noise level: 0.6 
MIA's class: numeric 
Is the MIA a nominal attribute? FALSE 
MIA's mean: 654.889103690685, and standard deviation: 351.914129181653
NOISE INJECTION
MIA is NOT a nominal attribute
Saved: results/noise_injection/by_dataset/wdbc_V4_noise0.6.csv 
________________
Noise level: 0.7 
MIA's class: numeric 
Is the MIA a nominal attribute? FALSE 
MIA's mean: 654.889103690685, and standard deviation: 351.914129181653
NOISE INJECTION
MIA is NOT a nominal attribute
Saved: results/noise_injection/by_dataset/wdbc_V4_noise0.7.csv 
________________
Noise level: 0.8 
MIA's class: numeric 
Is the MIA a nominal attribute? FALSE 
MIA's mean: 654.889103690685, and standard deviation: 351.914129181653
NOISE INJECTION
MIA is NOT a nominal attribute
Saved: results/noise_injection/by_dataset/wdbc_V4_noise0.8.csv 
________________
Noise level: 0.9 
MIA's class: numeric 
Is the MIA a nominal attribute? FALSE 
MIA's mean: 654.889103690685, and standard deviation: 351.914129181653
NOISE INJECTION
MIA is NOT a nominal attribute
Saved: results/noise_injection/by_dataset/wdbc_V4_noise0.9.csv 
________________
Noise level: 1 
MIA's class: numeric 
Is the MIA a nominal attribute? FALSE 
MIA's mean: 654.889103690685, and standard deviation: 351.914129181653
NOISE INJECTION
MIA is NOT a nominal attribute
Saved: results/noise_injection/by_dataset/wdbc_V4_noise1.csv 
________________
Dataset: wdbc 
Most important attribute: V1 
Noise level: 0.1 
MIA's class: numeric 
Is the MIA a nominal attribute? FALSE 
MIA's mean: 14.1272917398946, and standard deviation: 3.52404882621208
NOISE INJECTION
MIA is NOT a nominal attribute
Saved: results/noise_injection/by_dataset/wdbc_V1_noise0.1.csv 
________________
Noise level: 0.2 
MIA's class: numeric 
Is the MIA a nominal attribute? FALSE 
MIA's mean: 14.1272917398946, and standard deviation: 3.52404882621208
NOISE INJECTION
MIA is NOT a nominal attribute
Saved: results/noise_injection/by_dataset/wdbc_V1_noise0.2.csv 
________________
Noise level: 0.3 
MIA's class: numeric 
Is the MIA a nominal attribute? FALSE 
MIA's mean: 14.1272917398946, and standard deviation: 3.52404882621208
NOISE INJECTION
MIA is NOT a nominal attribute
Saved: results/noise_injection/by_dataset/wdbc_V1_noise0.3.csv 
________________
Noise level: 0.4 
MIA's class: numeric 
Is the MIA a nominal attribute? FALSE 
MIA's mean: 14.1272917398946, and standard deviation: 3.52404882621208
NOISE INJECTION
MIA is NOT a nominal attribute
Saved: results/noise_injection/by_dataset/wdbc_V1_noise0.4.csv 
________________
Noise level: 0.5 
MIA's class: numeric 
Is the MIA a nominal attribute? FALSE 
MIA's mean: 14.1272917398946, and standard deviation: 3.52404882621208
NOISE INJECTION
MIA is NOT a nominal attribute
Saved: results/noise_injection/by_dataset/wdbc_V1_noise0.5.csv 
________________
Noise level: 0.6 
MIA's class: numeric 
Is the MIA a nominal attribute? FALSE 
MIA's mean: 14.1272917398946, and standard deviation: 3.52404882621208
NOISE INJECTION
MIA is NOT a nominal attribute
Saved: results/noise_injection/by_dataset/wdbc_V1_noise0.6.csv 
________________
Noise level: 0.7 
MIA's class: numeric 
Is the MIA a nominal attribute? FALSE 
MIA's mean: 14.1272917398946, and standard deviation: 3.52404882621208
NOISE INJECTION
MIA is NOT a nominal attribute
Saved: results/noise_injection/by_dataset/wdbc_V1_noise0.7.csv 
________________
Noise level: 0.8 
MIA's class: numeric 
Is the MIA a nominal attribute? FALSE 
MIA's mean: 14.1272917398946, and standard deviation: 3.52404882621208
NOISE INJECTION
MIA is NOT a nominal attribute
Saved: results/noise_injection/by_dataset/wdbc_V1_noise0.8.csv 
________________
Noise level: 0.9 
MIA's class: numeric 
Is the MIA a nominal attribute? FALSE 
MIA's mean: 14.1272917398946, and standard deviation: 3.52404882621208
NOISE INJECTION
MIA is NOT a nominal attribute
Saved: results/noise_injection/by_dataset/wdbc_V1_noise0.9.csv 
________________
Noise level: 1 
MIA's class: numeric 
Is the MIA a nominal attribute? FALSE 
MIA's mean: 14.1272917398946, and standard deviation: 3.52404882621208
NOISE INJECTION
MIA is NOT a nominal attribute
Saved: results/noise_injection/by_dataset/wdbc_V1_noise1.csv 
________________
Dataset: wdbc 
Most important attribute: V14 
Noise level: 0.1 
MIA's class: numeric 
Is the MIA a nominal attribute? FALSE 
MIA's mean: 40.337079086116, and standard deviation: 45.4910055161318
NOISE INJECTION
MIA is NOT a nominal attribute
Saved: results/noise_injection/by_dataset/wdbc_V14_noise0.1.csv 
________________
Noise level: 0.2 
MIA's class: numeric 
Is the MIA a nominal attribute? FALSE 
MIA's mean: 40.337079086116, and standard deviation: 45.4910055161318
NOISE INJECTION
MIA is NOT a nominal attribute
Saved: results/noise_injection/by_dataset/wdbc_V14_noise0.2.csv 
________________
Noise level: 0.3 
MIA's class: numeric 
Is the MIA a nominal attribute? FALSE 
MIA's mean: 40.337079086116, and standard deviation: 45.4910055161318
NOISE INJECTION
MIA is NOT a nominal attribute
Saved: results/noise_injection/by_dataset/wdbc_V14_noise0.3.csv 
________________
Noise level: 0.4 
MIA's class: numeric 
Is the MIA a nominal attribute? FALSE 
MIA's mean: 40.337079086116, and standard deviation: 45.4910055161318
NOISE INJECTION
MIA is NOT a nominal attribute
Saved: results/noise_injection/by_dataset/wdbc_V14_noise0.4.csv 
________________
Noise level: 0.5 
MIA's class: numeric 
Is the MIA a nominal attribute? FALSE 
MIA's mean: 40.337079086116, and standard deviation: 45.4910055161318
NOISE INJECTION
MIA is NOT a nominal attribute
Saved: results/noise_injection/by_dataset/wdbc_V14_noise0.5.csv 
________________
Noise level: 0.6 
MIA's class: numeric 
Is the MIA a nominal attribute? FALSE 
MIA's mean: 40.337079086116, and standard deviation: 45.4910055161318
NOISE INJECTION
MIA is NOT a nominal attribute
Saved: results/noise_injection/by_dataset/wdbc_V14_noise0.6.csv 
________________
Noise level: 0.7 
MIA's class: numeric 
Is the MIA a nominal attribute? FALSE 
MIA's mean: 40.337079086116, and standard deviation: 45.4910055161318
NOISE INJECTION
MIA is NOT a nominal attribute
Saved: results/noise_injection/by_dataset/wdbc_V14_noise0.7.csv 
________________
Noise level: 0.8 
MIA's class: numeric 
Is the MIA a nominal attribute? FALSE 
MIA's mean: 40.337079086116, and standard deviation: 45.4910055161318
NOISE INJECTION
MIA is NOT a nominal attribute
Saved: results/noise_injection/by_dataset/wdbc_V14_noise0.8.csv 
________________
Noise level: 0.9 
MIA's class: numeric 
Is the MIA a nominal attribute? FALSE 
MIA's mean: 40.337079086116, and standard deviation: 45.4910055161318
NOISE INJECTION
MIA is NOT a nominal attribute
Saved: results/noise_injection/by_dataset/wdbc_V14_noise0.9.csv 
________________
Noise level: 1 
MIA's class: numeric 
Is the MIA a nominal attribute? FALSE 
MIA's mean: 40.337079086116, and standard deviation: 45.4910055161318
NOISE INJECTION
MIA is NOT a nominal attribute
Saved: results/noise_injection/by_dataset/wdbc_V14_noise1.csv 
________________
Dataset: wdbc 
Most important attribute: V21 
Noise level: 0.1 
MIA's class: numeric 
Is the MIA a nominal attribute? FALSE 
MIA's mean: 16.2691898066784, and standard deviation: 4.83324158046932
NOISE INJECTION
MIA is NOT a nominal attribute
Saved: results/noise_injection/by_dataset/wdbc_V21_noise0.1.csv 
________________
Noise level: 0.2 
MIA's class: numeric 
Is the MIA a nominal attribute? FALSE 
MIA's mean: 16.2691898066784, and standard deviation: 4.83324158046932
NOISE INJECTION
MIA is NOT a nominal attribute
Saved: results/noise_injection/by_dataset/wdbc_V21_noise0.2.csv 
________________
Noise level: 0.3 
MIA's class: numeric 
Is the MIA a nominal attribute? FALSE 
MIA's mean: 16.2691898066784, and standard deviation: 4.83324158046932
NOISE INJECTION
MIA is NOT a nominal attribute
Saved: results/noise_injection/by_dataset/wdbc_V21_noise0.3.csv 
________________
Noise level: 0.4 
MIA's class: numeric 
Is the MIA a nominal attribute? FALSE 
MIA's mean: 16.2691898066784, and standard deviation: 4.83324158046932
NOISE INJECTION
MIA is NOT a nominal attribute
Saved: results/noise_injection/by_dataset/wdbc_V21_noise0.4.csv 
________________
Noise level: 0.5 
MIA's class: numeric 
Is the MIA a nominal attribute? FALSE 
MIA's mean: 16.2691898066784, and standard deviation: 4.83324158046932
NOISE INJECTION
MIA is NOT a nominal attribute
Saved: results/noise_injection/by_dataset/wdbc_V21_noise0.5.csv 
________________
Noise level: 0.6 
MIA's class: numeric 
Is the MIA a nominal attribute? FALSE 
MIA's mean: 16.2691898066784, and standard deviation: 4.83324158046932
NOISE INJECTION
MIA is NOT a nominal attribute
Saved: results/noise_injection/by_dataset/wdbc_V21_noise0.6.csv 
________________
Noise level: 0.7 
MIA's class: numeric 
Is the MIA a nominal attribute? FALSE 
MIA's mean: 16.2691898066784, and standard deviation: 4.83324158046932
NOISE INJECTION
MIA is NOT a nominal attribute
Saved: results/noise_injection/by_dataset/wdbc_V21_noise0.7.csv 
________________
Noise level: 0.8 
MIA's class: numeric 
Is the MIA a nominal attribute? FALSE 
MIA's mean: 16.2691898066784, and standard deviation: 4.83324158046932
NOISE INJECTION
MIA is NOT a nominal attribute
Saved: results/noise_injection/by_dataset/wdbc_V21_noise0.8.csv 
________________
Noise level: 0.9 
MIA's class: numeric 
Is the MIA a nominal attribute? FALSE 
MIA's mean: 16.2691898066784, and standard deviation: 4.83324158046932
NOISE INJECTION
MIA is NOT a nominal attribute
Saved: results/noise_injection/by_dataset/wdbc_V21_noise0.9.csv 
________________
Noise level: 1 
MIA's class: numeric 
Is the MIA a nominal attribute? FALSE 
MIA's mean: 16.2691898066784, and standard deviation: 4.83324158046932
NOISE INJECTION
MIA is NOT a nominal attribute
Saved: results/noise_injection/by_dataset/wdbc_V21_noise1.csv 
________________
Finished with adding noise to dataset: wdbc
----------------------
****************
RESULTS RECORDED
****************
