Current working directory: /home/chris/github/kappa-threshold 
parameters.csv exists: TRUE 
parameters.csv absolute path: /home/chris/github/kappa-threshold/data/files/parameters.csv 
Dataset: wilt 
Most important attribute: Mean_R 
Noise level: 0.1 
MIA's class: numeric 
Is the MIA a nominal attribute? FALSE 
MIA's mean: 116.305331397396, and standard deviation: 62.0056217353143
NOISE INJECTION
MIA is NOT a nominal attribute
Saved: results/noise_injection/by_dataset/wilt_Mean_R_noise0.1.csv 
________________
Noise level: 0.2 
MIA's class: numeric 
Is the MIA a nominal attribute? FALSE 
MIA's mean: 116.305331397396, and standard deviation: 62.0056217353143
NOISE INJECTION
MIA is NOT a nominal attribute
Saved: results/noise_injection/by_dataset/wilt_Mean_R_noise0.2.csv 
________________
Noise level: 0.3 
MIA's class: numeric 
Is the MIA a nominal attribute? FALSE 
MIA's mean: 116.305331397396, and standard deviation: 62.0056217353143
NOISE INJECTION
MIA is NOT a nominal attribute
Saved: results/noise_injection/by_dataset/wilt_Mean_R_noise0.3.csv 
________________
Noise level: 0.4 
MIA's class: numeric 
Is the MIA a nominal attribute? FALSE 
MIA's mean: 116.305331397396, and standard deviation: 62.0056217353143
NOISE INJECTION
MIA is NOT a nominal attribute
Saved: results/noise_injection/by_dataset/wilt_Mean_R_noise0.4.csv 
________________
Noise level: 0.5 
MIA's class: numeric 
Is the MIA a nominal attribute? FALSE 
MIA's mean: 116.305331397396, and standard deviation: 62.0056217353143
NOISE INJECTION
MIA is NOT a nominal attribute
Saved: results/noise_injection/by_dataset/wilt_Mean_R_noise0.5.csv 
________________
Noise level: 0.6 
MIA's class: numeric 
Is the MIA a nominal attribute? FALSE 
MIA's mean: 116.305331397396, and standard deviation: 62.0056217353143
NOISE INJECTION
MIA is NOT a nominal attribute
Saved: results/noise_injection/by_dataset/wilt_Mean_R_noise0.6.csv 
________________
Noise level: 0.7 
MIA's class: numeric 
Is the MIA a nominal attribute? FALSE 
MIA's mean: 116.305331397396, and standard deviation: 62.0056217353143
NOISE INJECTION
MIA is NOT a nominal attribute
Saved: results/noise_injection/by_dataset/wilt_Mean_R_noise0.7.csv 
________________
Noise level: 0.8 
MIA's class: numeric 
Is the MIA a nominal attribute? FALSE 
MIA's mean: 116.305331397396, and standard deviation: 62.0056217353143
NOISE INJECTION
MIA is NOT a nominal attribute
Saved: results/noise_injection/by_dataset/wilt_Mean_R_noise0.8.csv 
________________
Noise level: 0.9 
MIA's class: numeric 
Is the MIA a nominal attribute? FALSE 
MIA's mean: 116.305331397396, and standard deviation: 62.0056217353143
NOISE INJECTION
MIA is NOT a nominal attribute
Saved: results/noise_injection/by_dataset/wilt_Mean_R_noise0.9.csv 
________________
Noise level: 1 
MIA's class: numeric 
Is the MIA a nominal attribute? FALSE 
MIA's mean: 116.305331397396, and standard deviation: 62.0056217353143
NOISE INJECTION
MIA is NOT a nominal attribute
Saved: results/noise_injection/by_dataset/wilt_Mean_R_noise1.csv 
________________
Dataset: wilt 
Most important attribute: Mean_G 
Noise level: 0.1 
MIA's class: numeric 
Is the MIA a nominal attribute? FALSE 
MIA's mean: 231.412658476545, and standard deviation: 63.2649405554271
NOISE INJECTION
MIA is NOT a nominal attribute
Saved: results/noise_injection/by_dataset/wilt_Mean_G_noise0.1.csv 
________________
Noise level: 0.2 
MIA's class: numeric 
Is the MIA a nominal attribute? FALSE 
MIA's mean: 231.412658476545, and standard deviation: 63.2649405554271
NOISE INJECTION
MIA is NOT a nominal attribute
Saved: results/noise_injection/by_dataset/wilt_Mean_G_noise0.2.csv 
________________
Noise level: 0.3 
MIA's class: numeric 
Is the MIA a nominal attribute? FALSE 
MIA's mean: 231.412658476545, and standard deviation: 63.2649405554271
NOISE INJECTION
MIA is NOT a nominal attribute
Saved: results/noise_injection/by_dataset/wilt_Mean_G_noise0.3.csv 
________________
Noise level: 0.4 
MIA's class: numeric 
Is the MIA a nominal attribute? FALSE 
MIA's mean: 231.412658476545, and standard deviation: 63.2649405554271
NOISE INJECTION
MIA is NOT a nominal attribute
Saved: results/noise_injection/by_dataset/wilt_Mean_G_noise0.4.csv 
________________
Noise level: 0.5 
MIA's class: numeric 
Is the MIA a nominal attribute? FALSE 
MIA's mean: 231.412658476545, and standard deviation: 63.2649405554271
NOISE INJECTION
MIA is NOT a nominal attribute
Saved: results/noise_injection/by_dataset/wilt_Mean_G_noise0.5.csv 
________________
Noise level: 0.6 
MIA's class: numeric 
Is the MIA a nominal attribute? FALSE 
MIA's mean: 231.412658476545, and standard deviation: 63.2649405554271
NOISE INJECTION
MIA is NOT a nominal attribute
Saved: results/noise_injection/by_dataset/wilt_Mean_G_noise0.6.csv 
________________
Noise level: 0.7 
MIA's class: numeric 
Is the MIA a nominal attribute? FALSE 
MIA's mean: 231.412658476545, and standard deviation: 63.2649405554271
NOISE INJECTION
MIA is NOT a nominal attribute
Saved: results/noise_injection/by_dataset/wilt_Mean_G_noise0.7.csv 
________________
Noise level: 0.8 
MIA's class: numeric 
Is the MIA a nominal attribute? FALSE 
MIA's mean: 231.412658476545, and standard deviation: 63.2649405554271
NOISE INJECTION
MIA is NOT a nominal attribute
Saved: results/noise_injection/by_dataset/wilt_Mean_G_noise0.8.csv 
________________
Noise level: 0.9 
MIA's class: numeric 
Is the MIA a nominal attribute? FALSE 
MIA's mean: 231.412658476545, and standard deviation: 63.2649405554271
NOISE INJECTION
MIA is NOT a nominal attribute
Saved: results/noise_injection/by_dataset/wilt_Mean_G_noise0.9.csv 
________________
Noise level: 1 
MIA's class: numeric 
Is the MIA a nominal attribute? FALSE 
MIA's mean: 231.412658476545, and standard deviation: 63.2649405554271
NOISE INJECTION
MIA is NOT a nominal attribute
Saved: results/noise_injection/by_dataset/wilt_Mean_G_noise1.csv 
________________
Dataset: wilt 
Most important attribute: GLCM_Pan 
Noise level: 0.1 
MIA's class: numeric 
Is the MIA a nominal attribute? FALSE 
MIA's mean: 126.855546926431, and standard deviation: 13.4505161899291
NOISE INJECTION
MIA is NOT a nominal attribute
Saved: results/noise_injection/by_dataset/wilt_GLCM_Pan_noise0.1.csv 
________________
Noise level: 0.2 
MIA's class: numeric 
Is the MIA a nominal attribute? FALSE 
MIA's mean: 126.855546926431, and standard deviation: 13.4505161899291
NOISE INJECTION
MIA is NOT a nominal attribute
Saved: results/noise_injection/by_dataset/wilt_GLCM_Pan_noise0.2.csv 
________________
Noise level: 0.3 
MIA's class: numeric 
Is the MIA a nominal attribute? FALSE 
MIA's mean: 126.855546926431, and standard deviation: 13.4505161899291
NOISE INJECTION
MIA is NOT a nominal attribute
Saved: results/noise_injection/by_dataset/wilt_GLCM_Pan_noise0.3.csv 
________________
Noise level: 0.4 
MIA's class: numeric 
Is the MIA a nominal attribute? FALSE 
MIA's mean: 126.855546926431, and standard deviation: 13.4505161899291
NOISE INJECTION
MIA is NOT a nominal attribute
Saved: results/noise_injection/by_dataset/wilt_GLCM_Pan_noise0.4.csv 
________________
Noise level: 0.5 
MIA's class: numeric 
Is the MIA a nominal attribute? FALSE 
MIA's mean: 126.855546926431, and standard deviation: 13.4505161899291
NOISE INJECTION
MIA is NOT a nominal attribute
Saved: results/noise_injection/by_dataset/wilt_GLCM_Pan_noise0.5.csv 
________________
Noise level: 0.6 
MIA's class: numeric 
Is the MIA a nominal attribute? FALSE 
MIA's mean: 126.855546926431, and standard deviation: 13.4505161899291
NOISE INJECTION
MIA is NOT a nominal attribute
Saved: results/noise_injection/by_dataset/wilt_GLCM_Pan_noise0.6.csv 
________________
Noise level: 0.7 
MIA's class: numeric 
Is the MIA a nominal attribute? FALSE 
MIA's mean: 126.855546926431, and standard deviation: 13.4505161899291
NOISE INJECTION
MIA is NOT a nominal attribute
Saved: results/noise_injection/by_dataset/wilt_GLCM_Pan_noise0.7.csv 
________________
Noise level: 0.8 
MIA's class: numeric 
Is the MIA a nominal attribute? FALSE 
MIA's mean: 126.855546926431, and standard deviation: 13.4505161899291
NOISE INJECTION
MIA is NOT a nominal attribute
Saved: results/noise_injection/by_dataset/wilt_GLCM_Pan_noise0.8.csv 
________________
Noise level: 0.9 
MIA's class: numeric 
Is the MIA a nominal attribute? FALSE 
MIA's mean: 126.855546926431, and standard deviation: 13.4505161899291
NOISE INJECTION
MIA is NOT a nominal attribute
Saved: results/noise_injection/by_dataset/wilt_GLCM_Pan_noise0.9.csv 
________________
Noise level: 1 
MIA's class: numeric 
Is the MIA a nominal attribute? FALSE 
MIA's mean: 126.855546926431, and standard deviation: 13.4505161899291
NOISE INJECTION
MIA is NOT a nominal attribute
Saved: results/noise_injection/by_dataset/wilt_GLCM_Pan_noise1.csv 
________________
Finished with adding noise to dataset: wilt
----------------------
****************
RESULTS RECORDED
****************
