Current working directory: /home/chris/github/kappa-threshold 
parameters.csv exists: TRUE 
parameters.csv absolute path: /home/chris/github/kappa-threshold/data/files/parameters.csv 
Processing model: svmRadial for dataset: analcatdata_authorship 
Loaded 169 indices for fold 1 from: results/instances/original/vectors/analcatdata_authorship_svmRadial_all_folds.csv 

=== Training model with 10 % noise in training data ===
Critical percentage for training noise: 100 %
Loading training noise data from: results/noise_injection/by_dataset/analcatdata_authorship_at_noise0.1.csv 
Altering 672 out of 672 training instances
Dataset: analcatdata_authorship 
Fold: 1 
Method: svmRadial 
Noise level:  10 %
Percentage of altered instances:  10 %
Using 17 indices (first 17 from shuffled list)
Loading noise data from: results/noise_injection/by_dataset/analcatdata_authorship_at_noise0.1.csv 
Using 17 indices for  10 % of instances
Calculate prediction
Confusion matrix
Dataset: analcatdata_authorship 
Fold: 1 
Method: svmRadial 
Noise level:  10 %
Percentage of altered instances:  20 %
Using 34 indices (first 34 from shuffled list)
Loading noise data from: results/noise_injection/by_dataset/analcatdata_authorship_at_noise0.1.csv 
Using 34 indices for  20 % of instances
Calculate prediction
Confusion matrix
Dataset: analcatdata_authorship 
Fold: 1 
Method: svmRadial 
Noise level:  10 %
Percentage of altered instances:  25 %
Using 42 indices (first 42 from shuffled list)
Loading noise data from: results/noise_injection/by_dataset/analcatdata_authorship_at_noise0.1.csv 
Using 42 indices for  25 % of instances
Calculate prediction
Confusion matrix
Dataset: analcatdata_authorship 
Fold: 1 
Method: svmRadial 
Noise level:  10 %
Percentage of altered instances:  30 %
Using 51 indices (first 51 from shuffled list)
Loading noise data from: results/noise_injection/by_dataset/analcatdata_authorship_at_noise0.1.csv 
Using 51 indices for  30 % of instances
Calculate prediction
Confusion matrix
Dataset: analcatdata_authorship 
Fold: 1 
Method: svmRadial 
Noise level:  10 %
Percentage of altered instances:  40 %
Using 68 indices (first 68 from shuffled list)
Loading noise data from: results/noise_injection/by_dataset/analcatdata_authorship_at_noise0.1.csv 
Using 68 indices for  40 % of instances
Calculate prediction
Confusion matrix
Dataset: analcatdata_authorship 
Fold: 1 
Method: svmRadial 
Noise level:  10 %
Percentage of altered instances:  50 %
Using 84 indices (first 84 from shuffled list)
Loading noise data from: results/noise_injection/by_dataset/analcatdata_authorship_at_noise0.1.csv 
Using 84 indices for  50 % of instances
Calculate prediction
Confusion matrix
Dataset: analcatdata_authorship 
Fold: 1 
Method: svmRadial 
Noise level:  10 %
Percentage of altered instances:  60 %
Using 101 indices (first 101 from shuffled list)
Loading noise data from: results/noise_injection/by_dataset/analcatdata_authorship_at_noise0.1.csv 
Using 101 indices for  60 % of instances
Calculate prediction
Confusion matrix
Dataset: analcatdata_authorship 
Fold: 1 
Method: svmRadial 
Noise level:  10 %
Percentage of altered instances:  70 %
Using 118 indices (first 118 from shuffled list)
Loading noise data from: results/noise_injection/by_dataset/analcatdata_authorship_at_noise0.1.csv 
Using 118 indices for  70 % of instances
Calculate prediction
Confusion matrix
Dataset: analcatdata_authorship 
Fold: 1 
Method: svmRadial 
Noise level:  10 %
Percentage of altered instances:  75 %
Using 127 indices (first 127 from shuffled list)
Loading noise data from: results/noise_injection/by_dataset/analcatdata_authorship_at_noise0.1.csv 
Using 127 indices for  75 % of instances
Calculate prediction
Confusion matrix
Dataset: analcatdata_authorship 
Fold: 1 
Method: svmRadial 
Noise level:  10 %
Percentage of altered instances:  80 %
Using 135 indices (first 135 from shuffled list)
Loading noise data from: results/noise_injection/by_dataset/analcatdata_authorship_at_noise0.1.csv 
Using 135 indices for  80 % of instances
Calculate prediction
Confusion matrix
Dataset: analcatdata_authorship 
Fold: 1 
Method: svmRadial 
Noise level:  10 %
Percentage of altered instances:  90 %
Using 152 indices (first 152 from shuffled list)
Loading noise data from: results/noise_injection/by_dataset/analcatdata_authorship_at_noise0.1.csv 
Using 152 indices for  90 % of instances
Calculate prediction
Confusion matrix
Dataset: analcatdata_authorship 
Fold: 1 
Method: svmRadial 
Noise level:  10 %
Percentage of altered instances:  100 %
Using 169 indices (first 169 from shuffled list)
Loading noise data from: results/noise_injection/by_dataset/analcatdata_authorship_at_noise0.1.csv 
Using 169 indices for  100 % of instances
Calculate prediction
Confusion matrix

=== Training model with 20 % noise in training data ===
Critical percentage for training noise: 100 %
Loading training noise data from: results/noise_injection/by_dataset/analcatdata_authorship_at_noise0.2.csv 
Altering 672 out of 672 training instances
Dataset: analcatdata_authorship 
Fold: 1 
Method: svmRadial 
Noise level:  20 %
Percentage of altered instances:  10 %
Using 17 indices (first 17 from shuffled list)
Loading noise data from: results/noise_injection/by_dataset/analcatdata_authorship_at_noise0.2.csv 
Using 17 indices for  10 % of instances
Calculate prediction
Confusion matrix
Dataset: analcatdata_authorship 
Fold: 1 
Method: svmRadial 
Noise level:  20 %
Percentage of altered instances:  20 %
Using 34 indices (first 34 from shuffled list)
Loading noise data from: results/noise_injection/by_dataset/analcatdata_authorship_at_noise0.2.csv 
Using 34 indices for  20 % of instances
Calculate prediction
Confusion matrix
Dataset: analcatdata_authorship 
Fold: 1 
Method: svmRadial 
Noise level:  20 %
Percentage of altered instances:  25 %
Using 42 indices (first 42 from shuffled list)
Loading noise data from: results/noise_injection/by_dataset/analcatdata_authorship_at_noise0.2.csv 
Using 42 indices for  25 % of instances
Calculate prediction
Confusion matrix
Dataset: analcatdata_authorship 
Fold: 1 
Method: svmRadial 
Noise level:  20 %
Percentage of altered instances:  30 %
Using 51 indices (first 51 from shuffled list)
Loading noise data from: results/noise_injection/by_dataset/analcatdata_authorship_at_noise0.2.csv 
Using 51 indices for  30 % of instances
Calculate prediction
Confusion matrix
Dataset: analcatdata_authorship 
Fold: 1 
Method: svmRadial 
Noise level:  20 %
Percentage of altered instances:  40 %
Using 68 indices (first 68 from shuffled list)
Loading noise data from: results/noise_injection/by_dataset/analcatdata_authorship_at_noise0.2.csv 
Using 68 indices for  40 % of instances
Calculate prediction
Confusion matrix
Dataset: analcatdata_authorship 
Fold: 1 
Method: svmRadial 
Noise level:  20 %
Percentage of altered instances:  50 %
Using 84 indices (first 84 from shuffled list)
Loading noise data from: results/noise_injection/by_dataset/analcatdata_authorship_at_noise0.2.csv 
Using 84 indices for  50 % of instances
Calculate prediction
Confusion matrix
Dataset: analcatdata_authorship 
Fold: 1 
Method: svmRadial 
Noise level:  20 %
Percentage of altered instances:  60 %
Using 101 indices (first 101 from shuffled list)
Loading noise data from: results/noise_injection/by_dataset/analcatdata_authorship_at_noise0.2.csv 
Using 101 indices for  60 % of instances
Calculate prediction
Confusion matrix
Dataset: analcatdata_authorship 
Fold: 1 
Method: svmRadial 
Noise level:  20 %
Percentage of altered instances:  70 %
Using 118 indices (first 118 from shuffled list)
Loading noise data from: results/noise_injection/by_dataset/analcatdata_authorship_at_noise0.2.csv 
Using 118 indices for  70 % of instances
Calculate prediction
Confusion matrix
Dataset: analcatdata_authorship 
Fold: 1 
Method: svmRadial 
Noise level:  20 %
Percentage of altered instances:  75 %
Using 127 indices (first 127 from shuffled list)
Loading noise data from: results/noise_injection/by_dataset/analcatdata_authorship_at_noise0.2.csv 
Using 127 indices for  75 % of instances
Calculate prediction
Confusion matrix
Dataset: analcatdata_authorship 
Fold: 1 
Method: svmRadial 
Noise level:  20 %
Percentage of altered instances:  80 %
Using 135 indices (first 135 from shuffled list)
Loading noise data from: results/noise_injection/by_dataset/analcatdata_authorship_at_noise0.2.csv 
Using 135 indices for  80 % of instances
Calculate prediction
Confusion matrix
Dataset: analcatdata_authorship 
Fold: 1 
Method: svmRadial 
Noise level:  20 %
Percentage of altered instances:  90 %
Using 152 indices (first 152 from shuffled list)
Loading noise data from: results/noise_injection/by_dataset/analcatdata_authorship_at_noise0.2.csv 
Using 152 indices for  90 % of instances
Calculate prediction
Confusion matrix
Dataset: analcatdata_authorship 
Fold: 1 
Method: svmRadial 
Noise level:  20 %
Percentage of altered instances:  100 %
Using 169 indices (first 169 from shuffled list)
Loading noise data from: results/noise_injection/by_dataset/analcatdata_authorship_at_noise0.2.csv 
Using 169 indices for  100 % of instances
Calculate prediction
Confusion matrix

=== Training model with 30 % noise in training data ===
Critical percentage for training noise: 100 %
Loading training noise data from: results/noise_injection/by_dataset/analcatdata_authorship_at_noise0.3.csv 
Altering 672 out of 672 training instances
Dataset: analcatdata_authorship 
Fold: 1 
Method: svmRadial 
Noise level:  30 %
Percentage of altered instances:  10 %
Using 17 indices (first 17 from shuffled list)
Loading noise data from: results/noise_injection/by_dataset/analcatdata_authorship_at_noise0.3.csv 
Using 17 indices for  10 % of instances
Calculate prediction
Confusion matrix
Dataset: analcatdata_authorship 
Fold: 1 
Method: svmRadial 
Noise level:  30 %
Percentage of altered instances:  20 %
Using 34 indices (first 34 from shuffled list)
Loading noise data from: results/noise_injection/by_dataset/analcatdata_authorship_at_noise0.3.csv 
Using 34 indices for  20 % of instances
Calculate prediction
Confusion matrix
Dataset: analcatdata_authorship 
Fold: 1 
Method: svmRadial 
Noise level:  30 %
Percentage of altered instances:  25 %
Using 42 indices (first 42 from shuffled list)
Loading noise data from: results/noise_injection/by_dataset/analcatdata_authorship_at_noise0.3.csv 
Using 42 indices for  25 % of instances
Calculate prediction
Confusion matrix
Dataset: analcatdata_authorship 
Fold: 1 
Method: svmRadial 
Noise level:  30 %
Percentage of altered instances:  30 %
Using 51 indices (first 51 from shuffled list)
Loading noise data from: results/noise_injection/by_dataset/analcatdata_authorship_at_noise0.3.csv 
Using 51 indices for  30 % of instances
Calculate prediction
Confusion matrix
Dataset: analcatdata_authorship 
Fold: 1 
Method: svmRadial 
Noise level:  30 %
Percentage of altered instances:  40 %
Using 68 indices (first 68 from shuffled list)
Loading noise data from: results/noise_injection/by_dataset/analcatdata_authorship_at_noise0.3.csv 
Using 68 indices for  40 % of instances
Calculate prediction
Confusion matrix
Dataset: analcatdata_authorship 
Fold: 1 
Method: svmRadial 
Noise level:  30 %
Percentage of altered instances:  50 %
Using 84 indices (first 84 from shuffled list)
Loading noise data from: results/noise_injection/by_dataset/analcatdata_authorship_at_noise0.3.csv 
Using 84 indices for  50 % of instances
Calculate prediction
Confusion matrix
Dataset: analcatdata_authorship 
Fold: 1 
Method: svmRadial 
Noise level:  30 %
Percentage of altered instances:  60 %
Using 101 indices (first 101 from shuffled list)
Loading noise data from: results/noise_injection/by_dataset/analcatdata_authorship_at_noise0.3.csv 
Using 101 indices for  60 % of instances
Calculate prediction
Confusion matrix
Dataset: analcatdata_authorship 
Fold: 1 
Method: svmRadial 
Noise level:  30 %
Percentage of altered instances:  70 %
Using 118 indices (first 118 from shuffled list)
Loading noise data from: results/noise_injection/by_dataset/analcatdata_authorship_at_noise0.3.csv 
Using 118 indices for  70 % of instances
Calculate prediction
Confusion matrix
Dataset: analcatdata_authorship 
Fold: 1 
Method: svmRadial 
Noise level:  30 %
Percentage of altered instances:  75 %
Using 127 indices (first 127 from shuffled list)
Loading noise data from: results/noise_injection/by_dataset/analcatdata_authorship_at_noise0.3.csv 
Using 127 indices for  75 % of instances
Calculate prediction
Confusion matrix
Dataset: analcatdata_authorship 
Fold: 1 
Method: svmRadial 
Noise level:  30 %
Percentage of altered instances:  80 %
Using 135 indices (first 135 from shuffled list)
Loading noise data from: results/noise_injection/by_dataset/analcatdata_authorship_at_noise0.3.csv 
Using 135 indices for  80 % of instances
Calculate prediction
Confusion matrix
Dataset: analcatdata_authorship 
Fold: 1 
Method: svmRadial 
Noise level:  30 %
Percentage of altered instances:  90 %
Using 152 indices (first 152 from shuffled list)
Loading noise data from: results/noise_injection/by_dataset/analcatdata_authorship_at_noise0.3.csv 
Using 152 indices for  90 % of instances
Calculate prediction
Confusion matrix
Dataset: analcatdata_authorship 
Fold: 1 
Method: svmRadial 
Noise level:  30 %
Percentage of altered instances:  100 %
Using 169 indices (first 169 from shuffled list)
Loading noise data from: results/noise_injection/by_dataset/analcatdata_authorship_at_noise0.3.csv 
Using 169 indices for  100 % of instances
Calculate prediction
Confusion matrix
Loaded 167 indices for fold 2 from: results/instances/original/vectors/analcatdata_authorship_svmRadial_all_folds.csv 

=== Training model with 10 % noise in training data ===
Critical percentage for training noise: 100 %
Loading training noise data from: results/noise_injection/by_dataset/analcatdata_authorship_at_noise0.1.csv 
Altering 674 out of 674 training instances
Dataset: analcatdata_authorship 
Fold: 2 
Method: svmRadial 
Noise level:  10 %
Percentage of altered instances:  10 %
Using 17 indices (first 17 from shuffled list)
Loading noise data from: results/noise_injection/by_dataset/analcatdata_authorship_at_noise0.1.csv 
Using 17 indices for  10 % of instances
Calculate prediction
Confusion matrix
Dataset: analcatdata_authorship 
Fold: 2 
Method: svmRadial 
Noise level:  10 %
Percentage of altered instances:  20 %
Using 33 indices (first 33 from shuffled list)
Loading noise data from: results/noise_injection/by_dataset/analcatdata_authorship_at_noise0.1.csv 
Using 33 indices for  20 % of instances
Calculate prediction
Confusion matrix
Dataset: analcatdata_authorship 
Fold: 2 
Method: svmRadial 
Noise level:  10 %
Percentage of altered instances:  25 %
Using 42 indices (first 42 from shuffled list)
Loading noise data from: results/noise_injection/by_dataset/analcatdata_authorship_at_noise0.1.csv 
Using 42 indices for  25 % of instances
Calculate prediction
Confusion matrix
Dataset: analcatdata_authorship 
Fold: 2 
Method: svmRadial 
Noise level:  10 %
Percentage of altered instances:  30 %
Using 50 indices (first 50 from shuffled list)
Loading noise data from: results/noise_injection/by_dataset/analcatdata_authorship_at_noise0.1.csv 
Using 50 indices for  30 % of instances
Calculate prediction
Confusion matrix
Dataset: analcatdata_authorship 
Fold: 2 
Method: svmRadial 
Noise level:  10 %
Percentage of altered instances:  40 %
Using 67 indices (first 67 from shuffled list)
Loading noise data from: results/noise_injection/by_dataset/analcatdata_authorship_at_noise0.1.csv 
Using 67 indices for  40 % of instances
Calculate prediction
Confusion matrix
Dataset: analcatdata_authorship 
Fold: 2 
Method: svmRadial 
Noise level:  10 %
Percentage of altered instances:  50 %
Using 84 indices (first 84 from shuffled list)
Loading noise data from: results/noise_injection/by_dataset/analcatdata_authorship_at_noise0.1.csv 
Using 84 indices for  50 % of instances
Calculate prediction
Confusion matrix
Dataset: analcatdata_authorship 
Fold: 2 
Method: svmRadial 
Noise level:  10 %
Percentage of altered instances:  60 %
Using 100 indices (first 100 from shuffled list)
Loading noise data from: results/noise_injection/by_dataset/analcatdata_authorship_at_noise0.1.csv 
Using 100 indices for  60 % of instances
Calculate prediction
Confusion matrix
Dataset: analcatdata_authorship 
Fold: 2 
Method: svmRadial 
Noise level:  10 %
Percentage of altered instances:  70 %
Using 117 indices (first 117 from shuffled list)
Loading noise data from: results/noise_injection/by_dataset/analcatdata_authorship_at_noise0.1.csv 
Using 117 indices for  70 % of instances
Calculate prediction
Confusion matrix
Dataset: analcatdata_authorship 
Fold: 2 
Method: svmRadial 
Noise level:  10 %
Percentage of altered instances:  75 %
Using 125 indices (first 125 from shuffled list)
Loading noise data from: results/noise_injection/by_dataset/analcatdata_authorship_at_noise0.1.csv 
Using 125 indices for  75 % of instances
Calculate prediction
Confusion matrix
Dataset: analcatdata_authorship 
Fold: 2 
Method: svmRadial 
Noise level:  10 %
Percentage of altered instances:  80 %
Using 134 indices (first 134 from shuffled list)
Loading noise data from: results/noise_injection/by_dataset/analcatdata_authorship_at_noise0.1.csv 
Using 134 indices for  80 % of instances
Calculate prediction
Confusion matrix
Dataset: analcatdata_authorship 
Fold: 2 
Method: svmRadial 
Noise level:  10 %
Percentage of altered instances:  90 %
Using 150 indices (first 150 from shuffled list)
Loading noise data from: results/noise_injection/by_dataset/analcatdata_authorship_at_noise0.1.csv 
Using 150 indices for  90 % of instances
Calculate prediction
Confusion matrix
Dataset: analcatdata_authorship 
Fold: 2 
Method: svmRadial 
Noise level:  10 %
Percentage of altered instances:  100 %
Using 167 indices (first 167 from shuffled list)
Loading noise data from: results/noise_injection/by_dataset/analcatdata_authorship_at_noise0.1.csv 
Using 167 indices for  100 % of instances
Calculate prediction
Confusion matrix

=== Training model with 20 % noise in training data ===
Critical percentage for training noise: 100 %
Loading training noise data from: results/noise_injection/by_dataset/analcatdata_authorship_at_noise0.2.csv 
Altering 674 out of 674 training instances
Dataset: analcatdata_authorship 
Fold: 2 
Method: svmRadial 
Noise level:  20 %
Percentage of altered instances:  10 %
Using 17 indices (first 17 from shuffled list)
Loading noise data from: results/noise_injection/by_dataset/analcatdata_authorship_at_noise0.2.csv 
Using 17 indices for  10 % of instances
Calculate prediction
Confusion matrix
Dataset: analcatdata_authorship 
Fold: 2 
Method: svmRadial 
Noise level:  20 %
Percentage of altered instances:  20 %
Using 33 indices (first 33 from shuffled list)
Loading noise data from: results/noise_injection/by_dataset/analcatdata_authorship_at_noise0.2.csv 
Using 33 indices for  20 % of instances
Calculate prediction
Confusion matrix
Dataset: analcatdata_authorship 
Fold: 2 
Method: svmRadial 
Noise level:  20 %
Percentage of altered instances:  25 %
Using 42 indices (first 42 from shuffled list)
Loading noise data from: results/noise_injection/by_dataset/analcatdata_authorship_at_noise0.2.csv 
Using 42 indices for  25 % of instances
Calculate prediction
Confusion matrix
Dataset: analcatdata_authorship 
Fold: 2 
Method: svmRadial 
Noise level:  20 %
Percentage of altered instances:  30 %
Using 50 indices (first 50 from shuffled list)
Loading noise data from: results/noise_injection/by_dataset/analcatdata_authorship_at_noise0.2.csv 
Using 50 indices for  30 % of instances
Calculate prediction
Confusion matrix
Dataset: analcatdata_authorship 
Fold: 2 
Method: svmRadial 
Noise level:  20 %
Percentage of altered instances:  40 %
Using 67 indices (first 67 from shuffled list)
Loading noise data from: results/noise_injection/by_dataset/analcatdata_authorship_at_noise0.2.csv 
Using 67 indices for  40 % of instances
Calculate prediction
Confusion matrix
Dataset: analcatdata_authorship 
Fold: 2 
Method: svmRadial 
Noise level:  20 %
Percentage of altered instances:  50 %
Using 84 indices (first 84 from shuffled list)
Loading noise data from: results/noise_injection/by_dataset/analcatdata_authorship_at_noise0.2.csv 
Using 84 indices for  50 % of instances
Calculate prediction
Confusion matrix
Dataset: analcatdata_authorship 
Fold: 2 
Method: svmRadial 
Noise level:  20 %
Percentage of altered instances:  60 %
Using 100 indices (first 100 from shuffled list)
Loading noise data from: results/noise_injection/by_dataset/analcatdata_authorship_at_noise0.2.csv 
Using 100 indices for  60 % of instances
Calculate prediction
Confusion matrix
Dataset: analcatdata_authorship 
Fold: 2 
Method: svmRadial 
Noise level:  20 %
Percentage of altered instances:  70 %
Using 117 indices (first 117 from shuffled list)
Loading noise data from: results/noise_injection/by_dataset/analcatdata_authorship_at_noise0.2.csv 
Using 117 indices for  70 % of instances
Calculate prediction
Confusion matrix
Dataset: analcatdata_authorship 
Fold: 2 
Method: svmRadial 
Noise level:  20 %
Percentage of altered instances:  75 %
Using 125 indices (first 125 from shuffled list)
Loading noise data from: results/noise_injection/by_dataset/analcatdata_authorship_at_noise0.2.csv 
Using 125 indices for  75 % of instances
Calculate prediction
Confusion matrix
Dataset: analcatdata_authorship 
Fold: 2 
Method: svmRadial 
Noise level:  20 %
Percentage of altered instances:  80 %
Using 134 indices (first 134 from shuffled list)
Loading noise data from: results/noise_injection/by_dataset/analcatdata_authorship_at_noise0.2.csv 
Using 134 indices for  80 % of instances
Calculate prediction
Confusion matrix
Dataset: analcatdata_authorship 
Fold: 2 
Method: svmRadial 
Noise level:  20 %
Percentage of altered instances:  90 %
Using 150 indices (first 150 from shuffled list)
Loading noise data from: results/noise_injection/by_dataset/analcatdata_authorship_at_noise0.2.csv 
Using 150 indices for  90 % of instances
Calculate prediction
Confusion matrix
Dataset: analcatdata_authorship 
Fold: 2 
Method: svmRadial 
Noise level:  20 %
Percentage of altered instances:  100 %
Using 167 indices (first 167 from shuffled list)
Loading noise data from: results/noise_injection/by_dataset/analcatdata_authorship_at_noise0.2.csv 
Using 167 indices for  100 % of instances
Calculate prediction
Confusion matrix

=== Training model with 30 % noise in training data ===
Critical percentage for training noise: 100 %
Loading training noise data from: results/noise_injection/by_dataset/analcatdata_authorship_at_noise0.3.csv 
Altering 674 out of 674 training instances
Dataset: analcatdata_authorship 
Fold: 2 
Method: svmRadial 
Noise level:  30 %
Percentage of altered instances:  10 %
Using 17 indices (first 17 from shuffled list)
Loading noise data from: results/noise_injection/by_dataset/analcatdata_authorship_at_noise0.3.csv 
Using 17 indices for  10 % of instances
Calculate prediction
Confusion matrix
Dataset: analcatdata_authorship 
Fold: 2 
Method: svmRadial 
Noise level:  30 %
Percentage of altered instances:  20 %
Using 33 indices (first 33 from shuffled list)
Loading noise data from: results/noise_injection/by_dataset/analcatdata_authorship_at_noise0.3.csv 
Using 33 indices for  20 % of instances
Calculate prediction
Confusion matrix
Dataset: analcatdata_authorship 
Fold: 2 
Method: svmRadial 
Noise level:  30 %
Percentage of altered instances:  25 %
Using 42 indices (first 42 from shuffled list)
Loading noise data from: results/noise_injection/by_dataset/analcatdata_authorship_at_noise0.3.csv 
Using 42 indices for  25 % of instances
Calculate prediction
Confusion matrix
Dataset: analcatdata_authorship 
Fold: 2 
Method: svmRadial 
Noise level:  30 %
Percentage of altered instances:  30 %
Using 50 indices (first 50 from shuffled list)
Loading noise data from: results/noise_injection/by_dataset/analcatdata_authorship_at_noise0.3.csv 
Using 50 indices for  30 % of instances
Calculate prediction
Confusion matrix
Dataset: analcatdata_authorship 
Fold: 2 
Method: svmRadial 
Noise level:  30 %
Percentage of altered instances:  40 %
Using 67 indices (first 67 from shuffled list)
Loading noise data from: results/noise_injection/by_dataset/analcatdata_authorship_at_noise0.3.csv 
Using 67 indices for  40 % of instances
Calculate prediction
Confusion matrix
Dataset: analcatdata_authorship 
Fold: 2 
Method: svmRadial 
Noise level:  30 %
Percentage of altered instances:  50 %
Using 84 indices (first 84 from shuffled list)
Loading noise data from: results/noise_injection/by_dataset/analcatdata_authorship_at_noise0.3.csv 
Using 84 indices for  50 % of instances
Calculate prediction
Confusion matrix
Dataset: analcatdata_authorship 
Fold: 2 
Method: svmRadial 
Noise level:  30 %
Percentage of altered instances:  60 %
Using 100 indices (first 100 from shuffled list)
Loading noise data from: results/noise_injection/by_dataset/analcatdata_authorship_at_noise0.3.csv 
Using 100 indices for  60 % of instances
Calculate prediction
Confusion matrix
Dataset: analcatdata_authorship 
Fold: 2 
Method: svmRadial 
Noise level:  30 %
Percentage of altered instances:  70 %
Using 117 indices (first 117 from shuffled list)
Loading noise data from: results/noise_injection/by_dataset/analcatdata_authorship_at_noise0.3.csv 
Using 117 indices for  70 % of instances
Calculate prediction
Confusion matrix
Dataset: analcatdata_authorship 
Fold: 2 
Method: svmRadial 
Noise level:  30 %
Percentage of altered instances:  75 %
Using 125 indices (first 125 from shuffled list)
Loading noise data from: results/noise_injection/by_dataset/analcatdata_authorship_at_noise0.3.csv 
Using 125 indices for  75 % of instances
Calculate prediction
Confusion matrix
Dataset: analcatdata_authorship 
Fold: 2 
Method: svmRadial 
Noise level:  30 %
Percentage of altered instances:  80 %
Using 134 indices (first 134 from shuffled list)
Loading noise data from: results/noise_injection/by_dataset/analcatdata_authorship_at_noise0.3.csv 
Using 134 indices for  80 % of instances
Calculate prediction
Confusion matrix
Dataset: analcatdata_authorship 
Fold: 2 
Method: svmRadial 
Noise level:  30 %
Percentage of altered instances:  90 %
Using 150 indices (first 150 from shuffled list)
Loading noise data from: results/noise_injection/by_dataset/analcatdata_authorship_at_noise0.3.csv 
Using 150 indices for  90 % of instances
Calculate prediction
Confusion matrix
Dataset: analcatdata_authorship 
Fold: 2 
Method: svmRadial 
Noise level:  30 %
Percentage of altered instances:  100 %
Using 167 indices (first 167 from shuffled list)
Loading noise data from: results/noise_injection/by_dataset/analcatdata_authorship_at_noise0.3.csv 
Using 167 indices for  100 % of instances
Calculate prediction
Confusion matrix
Loaded 168 indices for fold 3 from: results/instances/original/vectors/analcatdata_authorship_svmRadial_all_folds.csv 

=== Training model with 10 % noise in training data ===
Critical percentage for training noise: 100 %
Loading training noise data from: results/noise_injection/by_dataset/analcatdata_authorship_at_noise0.1.csv 
Altering 673 out of 673 training instances
Dataset: analcatdata_authorship 
Fold: 3 
Method: svmRadial 
Noise level:  10 %
Percentage of altered instances:  10 %
Using 17 indices (first 17 from shuffled list)
Loading noise data from: results/noise_injection/by_dataset/analcatdata_authorship_at_noise0.1.csv 
Using 17 indices for  10 % of instances
Calculate prediction
Confusion matrix
Dataset: analcatdata_authorship 
Fold: 3 
Method: svmRadial 
Noise level:  10 %
Percentage of altered instances:  20 %
Using 34 indices (first 34 from shuffled list)
Loading noise data from: results/noise_injection/by_dataset/analcatdata_authorship_at_noise0.1.csv 
Using 34 indices for  20 % of instances
Calculate prediction
Confusion matrix
Dataset: analcatdata_authorship 
Fold: 3 
Method: svmRadial 
Noise level:  10 %
Percentage of altered instances:  25 %
Using 42 indices (first 42 from shuffled list)
Loading noise data from: results/noise_injection/by_dataset/analcatdata_authorship_at_noise0.1.csv 
Using 42 indices for  25 % of instances
Calculate prediction
Confusion matrix
Dataset: analcatdata_authorship 
Fold: 3 
Method: svmRadial 
Noise level:  10 %
Percentage of altered instances:  30 %
Using 50 indices (first 50 from shuffled list)
Loading noise data from: results/noise_injection/by_dataset/analcatdata_authorship_at_noise0.1.csv 
Using 50 indices for  30 % of instances
Calculate prediction
Confusion matrix
Dataset: analcatdata_authorship 
Fold: 3 
Method: svmRadial 
Noise level:  10 %
Percentage of altered instances:  40 %
Using 67 indices (first 67 from shuffled list)
Loading noise data from: results/noise_injection/by_dataset/analcatdata_authorship_at_noise0.1.csv 
Using 67 indices for  40 % of instances
Calculate prediction
Confusion matrix
Dataset: analcatdata_authorship 
Fold: 3 
Method: svmRadial 
Noise level:  10 %
Percentage of altered instances:  50 %
Using 84 indices (first 84 from shuffled list)
Loading noise data from: results/noise_injection/by_dataset/analcatdata_authorship_at_noise0.1.csv 
Using 84 indices for  50 % of instances
Calculate prediction
Confusion matrix
Dataset: analcatdata_authorship 
Fold: 3 
Method: svmRadial 
Noise level:  10 %
Percentage of altered instances:  60 %
Using 101 indices (first 101 from shuffled list)
Loading noise data from: results/noise_injection/by_dataset/analcatdata_authorship_at_noise0.1.csv 
Using 101 indices for  60 % of instances
Calculate prediction
Confusion matrix
Dataset: analcatdata_authorship 
Fold: 3 
Method: svmRadial 
Noise level:  10 %
Percentage of altered instances:  70 %
Using 118 indices (first 118 from shuffled list)
Loading noise data from: results/noise_injection/by_dataset/analcatdata_authorship_at_noise0.1.csv 
Using 118 indices for  70 % of instances
Calculate prediction
Confusion matrix
Dataset: analcatdata_authorship 
Fold: 3 
Method: svmRadial 
Noise level:  10 %
Percentage of altered instances:  75 %
Using 126 indices (first 126 from shuffled list)
Loading noise data from: results/noise_injection/by_dataset/analcatdata_authorship_at_noise0.1.csv 
Using 126 indices for  75 % of instances
Calculate prediction
Confusion matrix
Dataset: analcatdata_authorship 
Fold: 3 
Method: svmRadial 
Noise level:  10 %
Percentage of altered instances:  80 %
Using 134 indices (first 134 from shuffled list)
Loading noise data from: results/noise_injection/by_dataset/analcatdata_authorship_at_noise0.1.csv 
Using 134 indices for  80 % of instances
Calculate prediction
Confusion matrix
Dataset: analcatdata_authorship 
Fold: 3 
Method: svmRadial 
Noise level:  10 %
Percentage of altered instances:  90 %
Using 151 indices (first 151 from shuffled list)
Loading noise data from: results/noise_injection/by_dataset/analcatdata_authorship_at_noise0.1.csv 
Using 151 indices for  90 % of instances
Calculate prediction
Confusion matrix
Dataset: analcatdata_authorship 
Fold: 3 
Method: svmRadial 
Noise level:  10 %
Percentage of altered instances:  100 %
Using 168 indices (first 168 from shuffled list)
Loading noise data from: results/noise_injection/by_dataset/analcatdata_authorship_at_noise0.1.csv 
Using 168 indices for  100 % of instances
Calculate prediction
Confusion matrix

=== Training model with 20 % noise in training data ===
Critical percentage for training noise: 100 %
Loading training noise data from: results/noise_injection/by_dataset/analcatdata_authorship_at_noise0.2.csv 
Altering 673 out of 673 training instances
Dataset: analcatdata_authorship 
Fold: 3 
Method: svmRadial 
Noise level:  20 %
Percentage of altered instances:  10 %
Using 17 indices (first 17 from shuffled list)
Loading noise data from: results/noise_injection/by_dataset/analcatdata_authorship_at_noise0.2.csv 
Using 17 indices for  10 % of instances
Calculate prediction
Confusion matrix
Dataset: analcatdata_authorship 
Fold: 3 
Method: svmRadial 
Noise level:  20 %
Percentage of altered instances:  20 %
Using 34 indices (first 34 from shuffled list)
Loading noise data from: results/noise_injection/by_dataset/analcatdata_authorship_at_noise0.2.csv 
Using 34 indices for  20 % of instances
Calculate prediction
Confusion matrix
Dataset: analcatdata_authorship 
Fold: 3 
Method: svmRadial 
Noise level:  20 %
Percentage of altered instances:  25 %
Using 42 indices (first 42 from shuffled list)
Loading noise data from: results/noise_injection/by_dataset/analcatdata_authorship_at_noise0.2.csv 
Using 42 indices for  25 % of instances
Calculate prediction
Confusion matrix
Dataset: analcatdata_authorship 
Fold: 3 
Method: svmRadial 
Noise level:  20 %
Percentage of altered instances:  30 %
Using 50 indices (first 50 from shuffled list)
Loading noise data from: results/noise_injection/by_dataset/analcatdata_authorship_at_noise0.2.csv 
Using 50 indices for  30 % of instances
Calculate prediction
Confusion matrix
Dataset: analcatdata_authorship 
Fold: 3 
Method: svmRadial 
Noise level:  20 %
Percentage of altered instances:  40 %
Using 67 indices (first 67 from shuffled list)
Loading noise data from: results/noise_injection/by_dataset/analcatdata_authorship_at_noise0.2.csv 
Using 67 indices for  40 % of instances
Calculate prediction
Confusion matrix
Dataset: analcatdata_authorship 
Fold: 3 
Method: svmRadial 
Noise level:  20 %
Percentage of altered instances:  50 %
Using 84 indices (first 84 from shuffled list)
Loading noise data from: results/noise_injection/by_dataset/analcatdata_authorship_at_noise0.2.csv 
Using 84 indices for  50 % of instances
Calculate prediction
Confusion matrix
Dataset: analcatdata_authorship 
Fold: 3 
Method: svmRadial 
Noise level:  20 %
Percentage of altered instances:  60 %
Using 101 indices (first 101 from shuffled list)
Loading noise data from: results/noise_injection/by_dataset/analcatdata_authorship_at_noise0.2.csv 
Using 101 indices for  60 % of instances
Calculate prediction
Confusion matrix
Dataset: analcatdata_authorship 
Fold: 3 
Method: svmRadial 
Noise level:  20 %
Percentage of altered instances:  70 %
Using 118 indices (first 118 from shuffled list)
Loading noise data from: results/noise_injection/by_dataset/analcatdata_authorship_at_noise0.2.csv 
Using 118 indices for  70 % of instances
Calculate prediction
Confusion matrix
Dataset: analcatdata_authorship 
Fold: 3 
Method: svmRadial 
Noise level:  20 %
Percentage of altered instances:  75 %
Using 126 indices (first 126 from shuffled list)
Loading noise data from: results/noise_injection/by_dataset/analcatdata_authorship_at_noise0.2.csv 
Using 126 indices for  75 % of instances
Calculate prediction
Confusion matrix
Dataset: analcatdata_authorship 
Fold: 3 
Method: svmRadial 
Noise level:  20 %
Percentage of altered instances:  80 %
Using 134 indices (first 134 from shuffled list)
Loading noise data from: results/noise_injection/by_dataset/analcatdata_authorship_at_noise0.2.csv 
Using 134 indices for  80 % of instances
Calculate prediction
Confusion matrix
Dataset: analcatdata_authorship 
Fold: 3 
Method: svmRadial 
Noise level:  20 %
Percentage of altered instances:  90 %
Using 151 indices (first 151 from shuffled list)
Loading noise data from: results/noise_injection/by_dataset/analcatdata_authorship_at_noise0.2.csv 
Using 151 indices for  90 % of instances
Calculate prediction
Confusion matrix
Dataset: analcatdata_authorship 
Fold: 3 
Method: svmRadial 
Noise level:  20 %
Percentage of altered instances:  100 %
Using 168 indices (first 168 from shuffled list)
Loading noise data from: results/noise_injection/by_dataset/analcatdata_authorship_at_noise0.2.csv 
Using 168 indices for  100 % of instances
Calculate prediction
Confusion matrix

=== Training model with 30 % noise in training data ===
Critical percentage for training noise: 100 %
Loading training noise data from: results/noise_injection/by_dataset/analcatdata_authorship_at_noise0.3.csv 
Altering 673 out of 673 training instances
Dataset: analcatdata_authorship 
Fold: 3 
Method: svmRadial 
Noise level:  30 %
Percentage of altered instances:  10 %
Using 17 indices (first 17 from shuffled list)
Loading noise data from: results/noise_injection/by_dataset/analcatdata_authorship_at_noise0.3.csv 
Using 17 indices for  10 % of instances
Calculate prediction
Confusion matrix
Dataset: analcatdata_authorship 
Fold: 3 
Method: svmRadial 
Noise level:  30 %
Percentage of altered instances:  20 %
Using 34 indices (first 34 from shuffled list)
Loading noise data from: results/noise_injection/by_dataset/analcatdata_authorship_at_noise0.3.csv 
Using 34 indices for  20 % of instances
Calculate prediction
Confusion matrix
Dataset: analcatdata_authorship 
Fold: 3 
Method: svmRadial 
Noise level:  30 %
Percentage of altered instances:  25 %
Using 42 indices (first 42 from shuffled list)
Loading noise data from: results/noise_injection/by_dataset/analcatdata_authorship_at_noise0.3.csv 
Using 42 indices for  25 % of instances
Calculate prediction
Confusion matrix
Dataset: analcatdata_authorship 
Fold: 3 
Method: svmRadial 
Noise level:  30 %
Percentage of altered instances:  30 %
Using 50 indices (first 50 from shuffled list)
Loading noise data from: results/noise_injection/by_dataset/analcatdata_authorship_at_noise0.3.csv 
Using 50 indices for  30 % of instances
Calculate prediction
Confusion matrix
Dataset: analcatdata_authorship 
Fold: 3 
Method: svmRadial 
Noise level:  30 %
Percentage of altered instances:  40 %
Using 67 indices (first 67 from shuffled list)
Loading noise data from: results/noise_injection/by_dataset/analcatdata_authorship_at_noise0.3.csv 
Using 67 indices for  40 % of instances
Calculate prediction
Confusion matrix
Dataset: analcatdata_authorship 
Fold: 3 
Method: svmRadial 
Noise level:  30 %
Percentage of altered instances:  50 %
Using 84 indices (first 84 from shuffled list)
Loading noise data from: results/noise_injection/by_dataset/analcatdata_authorship_at_noise0.3.csv 
Using 84 indices for  50 % of instances
Calculate prediction
Confusion matrix
Dataset: analcatdata_authorship 
Fold: 3 
Method: svmRadial 
Noise level:  30 %
Percentage of altered instances:  60 %
Using 101 indices (first 101 from shuffled list)
Loading noise data from: results/noise_injection/by_dataset/analcatdata_authorship_at_noise0.3.csv 
Using 101 indices for  60 % of instances
Calculate prediction
Confusion matrix
Dataset: analcatdata_authorship 
Fold: 3 
Method: svmRadial 
Noise level:  30 %
Percentage of altered instances:  70 %
Using 118 indices (first 118 from shuffled list)
Loading noise data from: results/noise_injection/by_dataset/analcatdata_authorship_at_noise0.3.csv 
Using 118 indices for  70 % of instances
Calculate prediction
Confusion matrix
Dataset: analcatdata_authorship 
Fold: 3 
Method: svmRadial 
Noise level:  30 %
Percentage of altered instances:  75 %
Using 126 indices (first 126 from shuffled list)
Loading noise data from: results/noise_injection/by_dataset/analcatdata_authorship_at_noise0.3.csv 
Using 126 indices for  75 % of instances
Calculate prediction
Confusion matrix
Dataset: analcatdata_authorship 
Fold: 3 
Method: svmRadial 
Noise level:  30 %
Percentage of altered instances:  80 %
Using 134 indices (first 134 from shuffled list)
Loading noise data from: results/noise_injection/by_dataset/analcatdata_authorship_at_noise0.3.csv 
Using 134 indices for  80 % of instances
Calculate prediction
Confusion matrix
Dataset: analcatdata_authorship 
Fold: 3 
Method: svmRadial 
Noise level:  30 %
Percentage of altered instances:  90 %
Using 151 indices (first 151 from shuffled list)
Loading noise data from: results/noise_injection/by_dataset/analcatdata_authorship_at_noise0.3.csv 
Using 151 indices for  90 % of instances
Calculate prediction
Confusion matrix
Dataset: analcatdata_authorship 
Fold: 3 
Method: svmRadial 
Noise level:  30 %
Percentage of altered instances:  100 %
Using 168 indices (first 168 from shuffled list)
Loading noise data from: results/noise_injection/by_dataset/analcatdata_authorship_at_noise0.3.csv 
Using 168 indices for  100 % of instances
Calculate prediction
Confusion matrix
Loaded 169 indices for fold 4 from: results/instances/original/vectors/analcatdata_authorship_svmRadial_all_folds.csv 

=== Training model with 10 % noise in training data ===
Critical percentage for training noise: 100 %
Loading training noise data from: results/noise_injection/by_dataset/analcatdata_authorship_at_noise0.1.csv 
Altering 672 out of 672 training instances
Dataset: analcatdata_authorship 
Fold: 4 
Method: svmRadial 
Noise level:  10 %
Percentage of altered instances:  10 %
Using 17 indices (first 17 from shuffled list)
Loading noise data from: results/noise_injection/by_dataset/analcatdata_authorship_at_noise0.1.csv 
Using 17 indices for  10 % of instances
Calculate prediction
Confusion matrix
Dataset: analcatdata_authorship 
Fold: 4 
Method: svmRadial 
Noise level:  10 %
Percentage of altered instances:  20 %
Using 34 indices (first 34 from shuffled list)
Loading noise data from: results/noise_injection/by_dataset/analcatdata_authorship_at_noise0.1.csv 
Using 34 indices for  20 % of instances
Calculate prediction
Confusion matrix
Dataset: analcatdata_authorship 
Fold: 4 
Method: svmRadial 
Noise level:  10 %
Percentage of altered instances:  25 %
Using 42 indices (first 42 from shuffled list)
Loading noise data from: results/noise_injection/by_dataset/analcatdata_authorship_at_noise0.1.csv 
Using 42 indices for  25 % of instances
Calculate prediction
Confusion matrix
Dataset: analcatdata_authorship 
Fold: 4 
Method: svmRadial 
Noise level:  10 %
Percentage of altered instances:  30 %
Using 51 indices (first 51 from shuffled list)
Loading noise data from: results/noise_injection/by_dataset/analcatdata_authorship_at_noise0.1.csv 
Using 51 indices for  30 % of instances
Calculate prediction
Confusion matrix
Dataset: analcatdata_authorship 
Fold: 4 
Method: svmRadial 
Noise level:  10 %
Percentage of altered instances:  40 %
Using 68 indices (first 68 from shuffled list)
Loading noise data from: results/noise_injection/by_dataset/analcatdata_authorship_at_noise0.1.csv 
Using 68 indices for  40 % of instances
Calculate prediction
Confusion matrix
Dataset: analcatdata_authorship 
Fold: 4 
Method: svmRadial 
Noise level:  10 %
Percentage of altered instances:  50 %
Using 84 indices (first 84 from shuffled list)
Loading noise data from: results/noise_injection/by_dataset/analcatdata_authorship_at_noise0.1.csv 
Using 84 indices for  50 % of instances
Calculate prediction
Confusion matrix
Dataset: analcatdata_authorship 
Fold: 4 
Method: svmRadial 
Noise level:  10 %
Percentage of altered instances:  60 %
Using 101 indices (first 101 from shuffled list)
Loading noise data from: results/noise_injection/by_dataset/analcatdata_authorship_at_noise0.1.csv 
Using 101 indices for  60 % of instances
Calculate prediction
Confusion matrix
Dataset: analcatdata_authorship 
Fold: 4 
Method: svmRadial 
Noise level:  10 %
Percentage of altered instances:  70 %
Using 118 indices (first 118 from shuffled list)
Loading noise data from: results/noise_injection/by_dataset/analcatdata_authorship_at_noise0.1.csv 
Using 118 indices for  70 % of instances
Calculate prediction
Confusion matrix
Dataset: analcatdata_authorship 
Fold: 4 
Method: svmRadial 
Noise level:  10 %
Percentage of altered instances:  75 %
Using 127 indices (first 127 from shuffled list)
Loading noise data from: results/noise_injection/by_dataset/analcatdata_authorship_at_noise0.1.csv 
Using 127 indices for  75 % of instances
Calculate prediction
Confusion matrix
Dataset: analcatdata_authorship 
Fold: 4 
Method: svmRadial 
Noise level:  10 %
Percentage of altered instances:  80 %
Using 135 indices (first 135 from shuffled list)
Loading noise data from: results/noise_injection/by_dataset/analcatdata_authorship_at_noise0.1.csv 
Using 135 indices for  80 % of instances
Calculate prediction
Confusion matrix
Dataset: analcatdata_authorship 
Fold: 4 
Method: svmRadial 
Noise level:  10 %
Percentage of altered instances:  90 %
Using 152 indices (first 152 from shuffled list)
Loading noise data from: results/noise_injection/by_dataset/analcatdata_authorship_at_noise0.1.csv 
Using 152 indices for  90 % of instances
Calculate prediction
Confusion matrix
Dataset: analcatdata_authorship 
Fold: 4 
Method: svmRadial 
Noise level:  10 %
Percentage of altered instances:  100 %
Using 169 indices (first 169 from shuffled list)
Loading noise data from: results/noise_injection/by_dataset/analcatdata_authorship_at_noise0.1.csv 
Using 169 indices for  100 % of instances
Calculate prediction
Confusion matrix

=== Training model with 20 % noise in training data ===
Critical percentage for training noise: 100 %
Loading training noise data from: results/noise_injection/by_dataset/analcatdata_authorship_at_noise0.2.csv 
Altering 672 out of 672 training instances
Dataset: analcatdata_authorship 
Fold: 4 
Method: svmRadial 
Noise level:  20 %
Percentage of altered instances:  10 %
Using 17 indices (first 17 from shuffled list)
Loading noise data from: results/noise_injection/by_dataset/analcatdata_authorship_at_noise0.2.csv 
Using 17 indices for  10 % of instances
Calculate prediction
Confusion matrix
Dataset: analcatdata_authorship 
Fold: 4 
Method: svmRadial 
Noise level:  20 %
Percentage of altered instances:  20 %
Using 34 indices (first 34 from shuffled list)
Loading noise data from: results/noise_injection/by_dataset/analcatdata_authorship_at_noise0.2.csv 
Using 34 indices for  20 % of instances
Calculate prediction
Confusion matrix
Dataset: analcatdata_authorship 
Fold: 4 
Method: svmRadial 
Noise level:  20 %
Percentage of altered instances:  25 %
Using 42 indices (first 42 from shuffled list)
Loading noise data from: results/noise_injection/by_dataset/analcatdata_authorship_at_noise0.2.csv 
Using 42 indices for  25 % of instances
Calculate prediction
Confusion matrix
Dataset: analcatdata_authorship 
Fold: 4 
Method: svmRadial 
Noise level:  20 %
Percentage of altered instances:  30 %
Using 51 indices (first 51 from shuffled list)
Loading noise data from: results/noise_injection/by_dataset/analcatdata_authorship_at_noise0.2.csv 
Using 51 indices for  30 % of instances
Calculate prediction
Confusion matrix
Dataset: analcatdata_authorship 
Fold: 4 
Method: svmRadial 
Noise level:  20 %
Percentage of altered instances:  40 %
Using 68 indices (first 68 from shuffled list)
Loading noise data from: results/noise_injection/by_dataset/analcatdata_authorship_at_noise0.2.csv 
Using 68 indices for  40 % of instances
Calculate prediction
Confusion matrix
Dataset: analcatdata_authorship 
Fold: 4 
Method: svmRadial 
Noise level:  20 %
Percentage of altered instances:  50 %
Using 84 indices (first 84 from shuffled list)
Loading noise data from: results/noise_injection/by_dataset/analcatdata_authorship_at_noise0.2.csv 
Using 84 indices for  50 % of instances
Calculate prediction
Confusion matrix
Dataset: analcatdata_authorship 
Fold: 4 
Method: svmRadial 
Noise level:  20 %
Percentage of altered instances:  60 %
Using 101 indices (first 101 from shuffled list)
Loading noise data from: results/noise_injection/by_dataset/analcatdata_authorship_at_noise0.2.csv 
Using 101 indices for  60 % of instances
Calculate prediction
Confusion matrix
Dataset: analcatdata_authorship 
Fold: 4 
Method: svmRadial 
Noise level:  20 %
Percentage of altered instances:  70 %
Using 118 indices (first 118 from shuffled list)
Loading noise data from: results/noise_injection/by_dataset/analcatdata_authorship_at_noise0.2.csv 
Using 118 indices for  70 % of instances
Calculate prediction
Confusion matrix
Dataset: analcatdata_authorship 
Fold: 4 
Method: svmRadial 
Noise level:  20 %
Percentage of altered instances:  75 %
Using 127 indices (first 127 from shuffled list)
Loading noise data from: results/noise_injection/by_dataset/analcatdata_authorship_at_noise0.2.csv 
Using 127 indices for  75 % of instances
Calculate prediction
Confusion matrix
Dataset: analcatdata_authorship 
Fold: 4 
Method: svmRadial 
Noise level:  20 %
Percentage of altered instances:  80 %
Using 135 indices (first 135 from shuffled list)
Loading noise data from: results/noise_injection/by_dataset/analcatdata_authorship_at_noise0.2.csv 
Using 135 indices for  80 % of instances
Calculate prediction
Confusion matrix
Dataset: analcatdata_authorship 
Fold: 4 
Method: svmRadial 
Noise level:  20 %
Percentage of altered instances:  90 %
Using 152 indices (first 152 from shuffled list)
Loading noise data from: results/noise_injection/by_dataset/analcatdata_authorship_at_noise0.2.csv 
Using 152 indices for  90 % of instances
Calculate prediction
Confusion matrix
Dataset: analcatdata_authorship 
Fold: 4 
Method: svmRadial 
Noise level:  20 %
Percentage of altered instances:  100 %
Using 169 indices (first 169 from shuffled list)
Loading noise data from: results/noise_injection/by_dataset/analcatdata_authorship_at_noise0.2.csv 
Using 169 indices for  100 % of instances
Calculate prediction
Confusion matrix

=== Training model with 30 % noise in training data ===
Critical percentage for training noise: 100 %
Loading training noise data from: results/noise_injection/by_dataset/analcatdata_authorship_at_noise0.3.csv 
Altering 672 out of 672 training instances
Dataset: analcatdata_authorship 
Fold: 4 
Method: svmRadial 
Noise level:  30 %
Percentage of altered instances:  10 %
Using 17 indices (first 17 from shuffled list)
Loading noise data from: results/noise_injection/by_dataset/analcatdata_authorship_at_noise0.3.csv 
Using 17 indices for  10 % of instances
Calculate prediction
Confusion matrix
Dataset: analcatdata_authorship 
Fold: 4 
Method: svmRadial 
Noise level:  30 %
Percentage of altered instances:  20 %
Using 34 indices (first 34 from shuffled list)
Loading noise data from: results/noise_injection/by_dataset/analcatdata_authorship_at_noise0.3.csv 
Using 34 indices for  20 % of instances
Calculate prediction
Confusion matrix
Dataset: analcatdata_authorship 
Fold: 4 
Method: svmRadial 
Noise level:  30 %
Percentage of altered instances:  25 %
Using 42 indices (first 42 from shuffled list)
Loading noise data from: results/noise_injection/by_dataset/analcatdata_authorship_at_noise0.3.csv 
Using 42 indices for  25 % of instances
Calculate prediction
Confusion matrix
Dataset: analcatdata_authorship 
Fold: 4 
Method: svmRadial 
Noise level:  30 %
Percentage of altered instances:  30 %
Using 51 indices (first 51 from shuffled list)
Loading noise data from: results/noise_injection/by_dataset/analcatdata_authorship_at_noise0.3.csv 
Using 51 indices for  30 % of instances
Calculate prediction
Confusion matrix
Dataset: analcatdata_authorship 
Fold: 4 
Method: svmRadial 
Noise level:  30 %
Percentage of altered instances:  40 %
Using 68 indices (first 68 from shuffled list)
Loading noise data from: results/noise_injection/by_dataset/analcatdata_authorship_at_noise0.3.csv 
Using 68 indices for  40 % of instances
Calculate prediction
Confusion matrix
Dataset: analcatdata_authorship 
Fold: 4 
Method: svmRadial 
Noise level:  30 %
Percentage of altered instances:  50 %
Using 84 indices (first 84 from shuffled list)
Loading noise data from: results/noise_injection/by_dataset/analcatdata_authorship_at_noise0.3.csv 
Using 84 indices for  50 % of instances
Calculate prediction
Confusion matrix
Dataset: analcatdata_authorship 
Fold: 4 
Method: svmRadial 
Noise level:  30 %
Percentage of altered instances:  60 %
Using 101 indices (first 101 from shuffled list)
Loading noise data from: results/noise_injection/by_dataset/analcatdata_authorship_at_noise0.3.csv 
Using 101 indices for  60 % of instances
Calculate prediction
Confusion matrix
Dataset: analcatdata_authorship 
Fold: 4 
Method: svmRadial 
Noise level:  30 %
Percentage of altered instances:  70 %
Using 118 indices (first 118 from shuffled list)
Loading noise data from: results/noise_injection/by_dataset/analcatdata_authorship_at_noise0.3.csv 
Using 118 indices for  70 % of instances
Calculate prediction
Confusion matrix
Dataset: analcatdata_authorship 
Fold: 4 
Method: svmRadial 
Noise level:  30 %
Percentage of altered instances:  75 %
Using 127 indices (first 127 from shuffled list)
Loading noise data from: results/noise_injection/by_dataset/analcatdata_authorship_at_noise0.3.csv 
Using 127 indices for  75 % of instances
Calculate prediction
Confusion matrix
Dataset: analcatdata_authorship 
Fold: 4 
Method: svmRadial 
Noise level:  30 %
Percentage of altered instances:  80 %
Using 135 indices (first 135 from shuffled list)
Loading noise data from: results/noise_injection/by_dataset/analcatdata_authorship_at_noise0.3.csv 
Using 135 indices for  80 % of instances
Calculate prediction
Confusion matrix
Dataset: analcatdata_authorship 
Fold: 4 
Method: svmRadial 
Noise level:  30 %
Percentage of altered instances:  90 %
Using 152 indices (first 152 from shuffled list)
Loading noise data from: results/noise_injection/by_dataset/analcatdata_authorship_at_noise0.3.csv 
Using 152 indices for  90 % of instances
Calculate prediction
Confusion matrix
Dataset: analcatdata_authorship 
Fold: 4 
Method: svmRadial 
Noise level:  30 %
Percentage of altered instances:  100 %
Using 169 indices (first 169 from shuffled list)
Loading noise data from: results/noise_injection/by_dataset/analcatdata_authorship_at_noise0.3.csv 
Using 169 indices for  100 % of instances
Calculate prediction
Confusion matrix
Loaded 168 indices for fold 5 from: results/instances/original/vectors/analcatdata_authorship_svmRadial_all_folds.csv 

=== Training model with 10 % noise in training data ===
Critical percentage for training noise: 100 %
Loading training noise data from: results/noise_injection/by_dataset/analcatdata_authorship_at_noise0.1.csv 
Altering 673 out of 673 training instances
Dataset: analcatdata_authorship 
Fold: 5 
Method: svmRadial 
Noise level:  10 %
Percentage of altered instances:  10 %
Using 17 indices (first 17 from shuffled list)
Loading noise data from: results/noise_injection/by_dataset/analcatdata_authorship_at_noise0.1.csv 
Using 17 indices for  10 % of instances
Calculate prediction
Confusion matrix
Dataset: analcatdata_authorship 
Fold: 5 
Method: svmRadial 
Noise level:  10 %
Percentage of altered instances:  20 %
Using 34 indices (first 34 from shuffled list)
Loading noise data from: results/noise_injection/by_dataset/analcatdata_authorship_at_noise0.1.csv 
Using 34 indices for  20 % of instances
Calculate prediction
Confusion matrix
Dataset: analcatdata_authorship 
Fold: 5 
Method: svmRadial 
Noise level:  10 %
Percentage of altered instances:  25 %
Using 42 indices (first 42 from shuffled list)
Loading noise data from: results/noise_injection/by_dataset/analcatdata_authorship_at_noise0.1.csv 
Using 42 indices for  25 % of instances
Calculate prediction
Confusion matrix
Dataset: analcatdata_authorship 
Fold: 5 
Method: svmRadial 
Noise level:  10 %
Percentage of altered instances:  30 %
Using 50 indices (first 50 from shuffled list)
Loading noise data from: results/noise_injection/by_dataset/analcatdata_authorship_at_noise0.1.csv 
Using 50 indices for  30 % of instances
Calculate prediction
Confusion matrix
Dataset: analcatdata_authorship 
Fold: 5 
Method: svmRadial 
Noise level:  10 %
Percentage of altered instances:  40 %
Using 67 indices (first 67 from shuffled list)
Loading noise data from: results/noise_injection/by_dataset/analcatdata_authorship_at_noise0.1.csv 
Using 67 indices for  40 % of instances
Calculate prediction
Confusion matrix
Dataset: analcatdata_authorship 
Fold: 5 
Method: svmRadial 
Noise level:  10 %
Percentage of altered instances:  50 %
Using 84 indices (first 84 from shuffled list)
Loading noise data from: results/noise_injection/by_dataset/analcatdata_authorship_at_noise0.1.csv 
Using 84 indices for  50 % of instances
Calculate prediction
Confusion matrix
Dataset: analcatdata_authorship 
Fold: 5 
Method: svmRadial 
Noise level:  10 %
Percentage of altered instances:  60 %
Using 101 indices (first 101 from shuffled list)
Loading noise data from: results/noise_injection/by_dataset/analcatdata_authorship_at_noise0.1.csv 
Using 101 indices for  60 % of instances
Calculate prediction
Confusion matrix
Dataset: analcatdata_authorship 
Fold: 5 
Method: svmRadial 
Noise level:  10 %
Percentage of altered instances:  70 %
Using 118 indices (first 118 from shuffled list)
Loading noise data from: results/noise_injection/by_dataset/analcatdata_authorship_at_noise0.1.csv 
Using 118 indices for  70 % of instances
Calculate prediction
Confusion matrix
Dataset: analcatdata_authorship 
Fold: 5 
Method: svmRadial 
Noise level:  10 %
Percentage of altered instances:  75 %
Using 126 indices (first 126 from shuffled list)
Loading noise data from: results/noise_injection/by_dataset/analcatdata_authorship_at_noise0.1.csv 
Using 126 indices for  75 % of instances
Calculate prediction
Confusion matrix
Dataset: analcatdata_authorship 
Fold: 5 
Method: svmRadial 
Noise level:  10 %
Percentage of altered instances:  80 %
Using 134 indices (first 134 from shuffled list)
Loading noise data from: results/noise_injection/by_dataset/analcatdata_authorship_at_noise0.1.csv 
Using 134 indices for  80 % of instances
Calculate prediction
Confusion matrix
Dataset: analcatdata_authorship 
Fold: 5 
Method: svmRadial 
Noise level:  10 %
Percentage of altered instances:  90 %
Using 151 indices (first 151 from shuffled list)
Loading noise data from: results/noise_injection/by_dataset/analcatdata_authorship_at_noise0.1.csv 
Using 151 indices for  90 % of instances
Calculate prediction
Confusion matrix
Dataset: analcatdata_authorship 
Fold: 5 
Method: svmRadial 
Noise level:  10 %
Percentage of altered instances:  100 %
Using 168 indices (first 168 from shuffled list)
Loading noise data from: results/noise_injection/by_dataset/analcatdata_authorship_at_noise0.1.csv 
Using 168 indices for  100 % of instances
Calculate prediction
Confusion matrix

=== Training model with 20 % noise in training data ===
Critical percentage for training noise: 100 %
Loading training noise data from: results/noise_injection/by_dataset/analcatdata_authorship_at_noise0.2.csv 
Altering 673 out of 673 training instances
Dataset: analcatdata_authorship 
Fold: 5 
Method: svmRadial 
Noise level:  20 %
Percentage of altered instances:  10 %
Using 17 indices (first 17 from shuffled list)
Loading noise data from: results/noise_injection/by_dataset/analcatdata_authorship_at_noise0.2.csv 
Using 17 indices for  10 % of instances
Calculate prediction
Confusion matrix
Dataset: analcatdata_authorship 
Fold: 5 
Method: svmRadial 
Noise level:  20 %
Percentage of altered instances:  20 %
Using 34 indices (first 34 from shuffled list)
Loading noise data from: results/noise_injection/by_dataset/analcatdata_authorship_at_noise0.2.csv 
Using 34 indices for  20 % of instances
Calculate prediction
Confusion matrix
Dataset: analcatdata_authorship 
Fold: 5 
Method: svmRadial 
Noise level:  20 %
Percentage of altered instances:  25 %
Using 42 indices (first 42 from shuffled list)
Loading noise data from: results/noise_injection/by_dataset/analcatdata_authorship_at_noise0.2.csv 
Using 42 indices for  25 % of instances
Calculate prediction
Confusion matrix
Dataset: analcatdata_authorship 
Fold: 5 
Method: svmRadial 
Noise level:  20 %
Percentage of altered instances:  30 %
Using 50 indices (first 50 from shuffled list)
Loading noise data from: results/noise_injection/by_dataset/analcatdata_authorship_at_noise0.2.csv 
Using 50 indices for  30 % of instances
Calculate prediction
Confusion matrix
Dataset: analcatdata_authorship 
Fold: 5 
Method: svmRadial 
Noise level:  20 %
Percentage of altered instances:  40 %
Using 67 indices (first 67 from shuffled list)
Loading noise data from: results/noise_injection/by_dataset/analcatdata_authorship_at_noise0.2.csv 
Using 67 indices for  40 % of instances
Calculate prediction
Confusion matrix
Dataset: analcatdata_authorship 
Fold: 5 
Method: svmRadial 
Noise level:  20 %
Percentage of altered instances:  50 %
Using 84 indices (first 84 from shuffled list)
Loading noise data from: results/noise_injection/by_dataset/analcatdata_authorship_at_noise0.2.csv 
Using 84 indices for  50 % of instances
Calculate prediction
Confusion matrix
Dataset: analcatdata_authorship 
Fold: 5 
Method: svmRadial 
Noise level:  20 %
Percentage of altered instances:  60 %
Using 101 indices (first 101 from shuffled list)
Loading noise data from: results/noise_injection/by_dataset/analcatdata_authorship_at_noise0.2.csv 
Using 101 indices for  60 % of instances
Calculate prediction
Confusion matrix
Dataset: analcatdata_authorship 
Fold: 5 
Method: svmRadial 
Noise level:  20 %
Percentage of altered instances:  70 %
Using 118 indices (first 118 from shuffled list)
Loading noise data from: results/noise_injection/by_dataset/analcatdata_authorship_at_noise0.2.csv 
Using 118 indices for  70 % of instances
Calculate prediction
Confusion matrix
Dataset: analcatdata_authorship 
Fold: 5 
Method: svmRadial 
Noise level:  20 %
Percentage of altered instances:  75 %
Using 126 indices (first 126 from shuffled list)
Loading noise data from: results/noise_injection/by_dataset/analcatdata_authorship_at_noise0.2.csv 
Using 126 indices for  75 % of instances
Calculate prediction
Confusion matrix
Dataset: analcatdata_authorship 
Fold: 5 
Method: svmRadial 
Noise level:  20 %
Percentage of altered instances:  80 %
Using 134 indices (first 134 from shuffled list)
Loading noise data from: results/noise_injection/by_dataset/analcatdata_authorship_at_noise0.2.csv 
Using 134 indices for  80 % of instances
Calculate prediction
Confusion matrix
Dataset: analcatdata_authorship 
Fold: 5 
Method: svmRadial 
Noise level:  20 %
Percentage of altered instances:  90 %
Using 151 indices (first 151 from shuffled list)
Loading noise data from: results/noise_injection/by_dataset/analcatdata_authorship_at_noise0.2.csv 
Using 151 indices for  90 % of instances
Calculate prediction
Confusion matrix
Dataset: analcatdata_authorship 
Fold: 5 
Method: svmRadial 
Noise level:  20 %
Percentage of altered instances:  100 %
Using 168 indices (first 168 from shuffled list)
Loading noise data from: results/noise_injection/by_dataset/analcatdata_authorship_at_noise0.2.csv 
Using 168 indices for  100 % of instances
Calculate prediction
Confusion matrix

=== Training model with 30 % noise in training data ===
Critical percentage for training noise: 100 %
Loading training noise data from: results/noise_injection/by_dataset/analcatdata_authorship_at_noise0.3.csv 
Altering 673 out of 673 training instances
Dataset: analcatdata_authorship 
Fold: 5 
Method: svmRadial 
Noise level:  30 %
Percentage of altered instances:  10 %
Using 17 indices (first 17 from shuffled list)
Loading noise data from: results/noise_injection/by_dataset/analcatdata_authorship_at_noise0.3.csv 
Using 17 indices for  10 % of instances
Calculate prediction
Confusion matrix
Dataset: analcatdata_authorship 
Fold: 5 
Method: svmRadial 
Noise level:  30 %
Percentage of altered instances:  20 %
Using 34 indices (first 34 from shuffled list)
Loading noise data from: results/noise_injection/by_dataset/analcatdata_authorship_at_noise0.3.csv 
Using 34 indices for  20 % of instances
Calculate prediction
Confusion matrix
Dataset: analcatdata_authorship 
Fold: 5 
Method: svmRadial 
Noise level:  30 %
Percentage of altered instances:  25 %
Using 42 indices (first 42 from shuffled list)
Loading noise data from: results/noise_injection/by_dataset/analcatdata_authorship_at_noise0.3.csv 
Using 42 indices for  25 % of instances
Calculate prediction
Confusion matrix
Dataset: analcatdata_authorship 
Fold: 5 
Method: svmRadial 
Noise level:  30 %
Percentage of altered instances:  30 %
Using 50 indices (first 50 from shuffled list)
Loading noise data from: results/noise_injection/by_dataset/analcatdata_authorship_at_noise0.3.csv 
Using 50 indices for  30 % of instances
Calculate prediction
Confusion matrix
Dataset: analcatdata_authorship 
Fold: 5 
Method: svmRadial 
Noise level:  30 %
Percentage of altered instances:  40 %
Using 67 indices (first 67 from shuffled list)
Loading noise data from: results/noise_injection/by_dataset/analcatdata_authorship_at_noise0.3.csv 
Using 67 indices for  40 % of instances
Calculate prediction
Confusion matrix
Dataset: analcatdata_authorship 
Fold: 5 
Method: svmRadial 
Noise level:  30 %
Percentage of altered instances:  50 %
Using 84 indices (first 84 from shuffled list)
Loading noise data from: results/noise_injection/by_dataset/analcatdata_authorship_at_noise0.3.csv 
Using 84 indices for  50 % of instances
Calculate prediction
Confusion matrix
Dataset: analcatdata_authorship 
Fold: 5 
Method: svmRadial 
Noise level:  30 %
Percentage of altered instances:  60 %
Using 101 indices (first 101 from shuffled list)
Loading noise data from: results/noise_injection/by_dataset/analcatdata_authorship_at_noise0.3.csv 
Using 101 indices for  60 % of instances
Calculate prediction
Confusion matrix
Dataset: analcatdata_authorship 
Fold: 5 
Method: svmRadial 
Noise level:  30 %
Percentage of altered instances:  70 %
Using 118 indices (first 118 from shuffled list)
Loading noise data from: results/noise_injection/by_dataset/analcatdata_authorship_at_noise0.3.csv 
Using 118 indices for  70 % of instances
Calculate prediction
Confusion matrix
Dataset: analcatdata_authorship 
Fold: 5 
Method: svmRadial 
Noise level:  30 %
Percentage of altered instances:  75 %
Using 126 indices (first 126 from shuffled list)
Loading noise data from: results/noise_injection/by_dataset/analcatdata_authorship_at_noise0.3.csv 
Using 126 indices for  75 % of instances
Calculate prediction
Confusion matrix
Dataset: analcatdata_authorship 
Fold: 5 
Method: svmRadial 
Noise level:  30 %
Percentage of altered instances:  80 %
Using 134 indices (first 134 from shuffled list)
Loading noise data from: results/noise_injection/by_dataset/analcatdata_authorship_at_noise0.3.csv 
Using 134 indices for  80 % of instances
Calculate prediction
Confusion matrix
Dataset: analcatdata_authorship 
Fold: 5 
Method: svmRadial 
Noise level:  30 %
Percentage of altered instances:  90 %
Using 151 indices (first 151 from shuffled list)
Loading noise data from: results/noise_injection/by_dataset/analcatdata_authorship_at_noise0.3.csv 
Using 151 indices for  90 % of instances
Calculate prediction
Confusion matrix
Dataset: analcatdata_authorship 
Fold: 5 
Method: svmRadial 
Noise level:  30 %
Percentage of altered instances:  100 %
Using 168 indices (first 168 from shuffled list)
Loading noise data from: results/noise_injection/by_dataset/analcatdata_authorship_at_noise0.3.csv 
Using 168 indices for  100 % of instances
Calculate prediction
Confusion matrix
Saved results to: results/instances/train_noise/by_dataset/analcatdata_authorship_svmRadial_results.csv 
----------------
****************************
Instances altered with noise
****************************
