Current working directory: /home/chris/github/kappa-threshold 
parameters.csv exists: TRUE 
parameters.csv absolute path: /home/chris/github/kappa-threshold/data/files/parameters.csv 
Processing model: mlpML for dataset: badges2 
Loaded 59 indices for fold 1 from: results/instances/original/vectors/badges2_mlpML_all_folds.csv 

=== Training model with 10 % noise in training data ===
Critical percentage for training noise: 50 %
Loading training noise data from: results/noise_injection/by_dataset/badges2_second_char_vowel_noise0.1.csv 
Altering 118 out of 235 training instances
Dataset: badges2 
Fold: 1 
Method: mlpML 
Noise level:  10 %
Percentage of altered instances:  10 %
Using 6 indices (first 6 from shuffled list)
Loading noise data from: results/noise_injection/by_dataset/badges2_second_char_vowel_noise0.1.csv 
Using 6 indices for  10 % of instances
Calculate prediction
Confusion matrix
Dataset: badges2 
Fold: 1 
Method: mlpML 
Noise level:  10 %
Percentage of altered instances:  20 %
Using 12 indices (first 12 from shuffled list)
Loading noise data from: results/noise_injection/by_dataset/badges2_second_char_vowel_noise0.1.csv 
Using 12 indices for  20 % of instances
Calculate prediction
Confusion matrix
Dataset: badges2 
Fold: 1 
Method: mlpML 
Noise level:  10 %
Percentage of altered instances:  25 %
Using 15 indices (first 15 from shuffled list)
Loading noise data from: results/noise_injection/by_dataset/badges2_second_char_vowel_noise0.1.csv 
Using 15 indices for  25 % of instances
Calculate prediction
Confusion matrix
Dataset: badges2 
Fold: 1 
Method: mlpML 
Noise level:  10 %
Percentage of altered instances:  30 %
Using 18 indices (first 18 from shuffled list)
Loading noise data from: results/noise_injection/by_dataset/badges2_second_char_vowel_noise0.1.csv 
Using 18 indices for  30 % of instances
Calculate prediction
Confusion matrix
Dataset: badges2 
Fold: 1 
Method: mlpML 
Noise level:  10 %
Percentage of altered instances:  40 %
Using 24 indices (first 24 from shuffled list)
Loading noise data from: results/noise_injection/by_dataset/badges2_second_char_vowel_noise0.1.csv 
Using 24 indices for  40 % of instances
Calculate prediction
Confusion matrix
Dataset: badges2 
Fold: 1 
Method: mlpML 
Noise level:  10 %
Percentage of altered instances:  50 %
Using 30 indices (first 30 from shuffled list)
Loading noise data from: results/noise_injection/by_dataset/badges2_second_char_vowel_noise0.1.csv 
Using 30 indices for  50 % of instances
Calculate prediction
Confusion matrix
Dataset: badges2 
Fold: 1 
Method: mlpML 
Noise level:  10 %
Percentage of altered instances:  60 %
Using 35 indices (first 35 from shuffled list)
Loading noise data from: results/noise_injection/by_dataset/badges2_second_char_vowel_noise0.1.csv 
Using 35 indices for  60 % of instances
Calculate prediction
Confusion matrix
Dataset: badges2 
Fold: 1 
Method: mlpML 
Noise level:  10 %
Percentage of altered instances:  70 %
Using 41 indices (first 41 from shuffled list)
Loading noise data from: results/noise_injection/by_dataset/badges2_second_char_vowel_noise0.1.csv 
Using 41 indices for  70 % of instances
Calculate prediction
Confusion matrix
Dataset: badges2 
Fold: 1 
Method: mlpML 
Noise level:  10 %
Percentage of altered instances:  75 %
Using 44 indices (first 44 from shuffled list)
Loading noise data from: results/noise_injection/by_dataset/badges2_second_char_vowel_noise0.1.csv 
Using 44 indices for  75 % of instances
Calculate prediction
Confusion matrix
Dataset: badges2 
Fold: 1 
Method: mlpML 
Noise level:  10 %
Percentage of altered instances:  80 %
Using 47 indices (first 47 from shuffled list)
Loading noise data from: results/noise_injection/by_dataset/badges2_second_char_vowel_noise0.1.csv 
Using 47 indices for  80 % of instances
Calculate prediction
Confusion matrix
Dataset: badges2 
Fold: 1 
Method: mlpML 
Noise level:  10 %
Percentage of altered instances:  90 %
Using 53 indices (first 53 from shuffled list)
Loading noise data from: results/noise_injection/by_dataset/badges2_second_char_vowel_noise0.1.csv 
Using 53 indices for  90 % of instances
Calculate prediction
Confusion matrix
Dataset: badges2 
Fold: 1 
Method: mlpML 
Noise level:  10 %
Percentage of altered instances:  100 %
Using 59 indices (first 59 from shuffled list)
Loading noise data from: results/noise_injection/by_dataset/badges2_second_char_vowel_noise0.1.csv 
Using 59 indices for  100 % of instances
Calculate prediction
Confusion matrix

=== Training model with 20 % noise in training data ===
Critical percentage for training noise: 25 %
Loading training noise data from: results/noise_injection/by_dataset/badges2_second_char_vowel_noise0.2.csv 
Altering 59 out of 235 training instances
Dataset: badges2 
Fold: 1 
Method: mlpML 
Noise level:  20 %
Percentage of altered instances:  10 %
Using 6 indices (first 6 from shuffled list)
Loading noise data from: results/noise_injection/by_dataset/badges2_second_char_vowel_noise0.2.csv 
Using 6 indices for  10 % of instances
Calculate prediction
Confusion matrix
Dataset: badges2 
Fold: 1 
Method: mlpML 
Noise level:  20 %
Percentage of altered instances:  20 %
Using 12 indices (first 12 from shuffled list)
Loading noise data from: results/noise_injection/by_dataset/badges2_second_char_vowel_noise0.2.csv 
Using 12 indices for  20 % of instances
Calculate prediction
Confusion matrix
Dataset: badges2 
Fold: 1 
Method: mlpML 
Noise level:  20 %
Percentage of altered instances:  25 %
Using 15 indices (first 15 from shuffled list)
Loading noise data from: results/noise_injection/by_dataset/badges2_second_char_vowel_noise0.2.csv 
Using 15 indices for  25 % of instances
Calculate prediction
Confusion matrix
Dataset: badges2 
Fold: 1 
Method: mlpML 
Noise level:  20 %
Percentage of altered instances:  30 %
Using 18 indices (first 18 from shuffled list)
Loading noise data from: results/noise_injection/by_dataset/badges2_second_char_vowel_noise0.2.csv 
Using 18 indices for  30 % of instances
Calculate prediction
Confusion matrix
Dataset: badges2 
Fold: 1 
Method: mlpML 
Noise level:  20 %
Percentage of altered instances:  40 %
Using 24 indices (first 24 from shuffled list)
Loading noise data from: results/noise_injection/by_dataset/badges2_second_char_vowel_noise0.2.csv 
Using 24 indices for  40 % of instances
Calculate prediction
Confusion matrix
Dataset: badges2 
Fold: 1 
Method: mlpML 
Noise level:  20 %
Percentage of altered instances:  50 %
Using 30 indices (first 30 from shuffled list)
Loading noise data from: results/noise_injection/by_dataset/badges2_second_char_vowel_noise0.2.csv 
Using 30 indices for  50 % of instances
Calculate prediction
Confusion matrix
Dataset: badges2 
Fold: 1 
Method: mlpML 
Noise level:  20 %
Percentage of altered instances:  60 %
Using 35 indices (first 35 from shuffled list)
Loading noise data from: results/noise_injection/by_dataset/badges2_second_char_vowel_noise0.2.csv 
Using 35 indices for  60 % of instances
Calculate prediction
Confusion matrix
Dataset: badges2 
Fold: 1 
Method: mlpML 
Noise level:  20 %
Percentage of altered instances:  70 %
Using 41 indices (first 41 from shuffled list)
Loading noise data from: results/noise_injection/by_dataset/badges2_second_char_vowel_noise0.2.csv 
Using 41 indices for  70 % of instances
Calculate prediction
Confusion matrix
Dataset: badges2 
Fold: 1 
Method: mlpML 
Noise level:  20 %
Percentage of altered instances:  75 %
Using 44 indices (first 44 from shuffled list)
Loading noise data from: results/noise_injection/by_dataset/badges2_second_char_vowel_noise0.2.csv 
Using 44 indices for  75 % of instances
Calculate prediction
Confusion matrix
Dataset: badges2 
Fold: 1 
Method: mlpML 
Noise level:  20 %
Percentage of altered instances:  80 %
Using 47 indices (first 47 from shuffled list)
Loading noise data from: results/noise_injection/by_dataset/badges2_second_char_vowel_noise0.2.csv 
Using 47 indices for  80 % of instances
Calculate prediction
Confusion matrix
Dataset: badges2 
Fold: 1 
Method: mlpML 
Noise level:  20 %
Percentage of altered instances:  90 %
Using 53 indices (first 53 from shuffled list)
Loading noise data from: results/noise_injection/by_dataset/badges2_second_char_vowel_noise0.2.csv 
Using 53 indices for  90 % of instances
Calculate prediction
Confusion matrix
Dataset: badges2 
Fold: 1 
Method: mlpML 
Noise level:  20 %
Percentage of altered instances:  100 %
Using 59 indices (first 59 from shuffled list)
Loading noise data from: results/noise_injection/by_dataset/badges2_second_char_vowel_noise0.2.csv 
Using 59 indices for  100 % of instances
Calculate prediction
Confusion matrix

=== Training model with 30 % noise in training data ===
Critical percentage for training noise: 20 %
Loading training noise data from: results/noise_injection/by_dataset/badges2_second_char_vowel_noise0.3.csv 
Altering 47 out of 235 training instances
Dataset: badges2 
Fold: 1 
Method: mlpML 
Noise level:  30 %
Percentage of altered instances:  10 %
Using 6 indices (first 6 from shuffled list)
Loading noise data from: results/noise_injection/by_dataset/badges2_second_char_vowel_noise0.3.csv 
Using 6 indices for  10 % of instances
Calculate prediction
Confusion matrix
Dataset: badges2 
Fold: 1 
Method: mlpML 
Noise level:  30 %
Percentage of altered instances:  20 %
Using 12 indices (first 12 from shuffled list)
Loading noise data from: results/noise_injection/by_dataset/badges2_second_char_vowel_noise0.3.csv 
Using 12 indices for  20 % of instances
Calculate prediction
Confusion matrix
Dataset: badges2 
Fold: 1 
Method: mlpML 
Noise level:  30 %
Percentage of altered instances:  25 %
Using 15 indices (first 15 from shuffled list)
Loading noise data from: results/noise_injection/by_dataset/badges2_second_char_vowel_noise0.3.csv 
Using 15 indices for  25 % of instances
Calculate prediction
Confusion matrix
Dataset: badges2 
Fold: 1 
Method: mlpML 
Noise level:  30 %
Percentage of altered instances:  30 %
Using 18 indices (first 18 from shuffled list)
Loading noise data from: results/noise_injection/by_dataset/badges2_second_char_vowel_noise0.3.csv 
Using 18 indices for  30 % of instances
Calculate prediction
Confusion matrix
Dataset: badges2 
Fold: 1 
Method: mlpML 
Noise level:  30 %
Percentage of altered instances:  40 %
Using 24 indices (first 24 from shuffled list)
Loading noise data from: results/noise_injection/by_dataset/badges2_second_char_vowel_noise0.3.csv 
Using 24 indices for  40 % of instances
Calculate prediction
Confusion matrix
Dataset: badges2 
Fold: 1 
Method: mlpML 
Noise level:  30 %
Percentage of altered instances:  50 %
Using 30 indices (first 30 from shuffled list)
Loading noise data from: results/noise_injection/by_dataset/badges2_second_char_vowel_noise0.3.csv 
Using 30 indices for  50 % of instances
Calculate prediction
Confusion matrix
Dataset: badges2 
Fold: 1 
Method: mlpML 
Noise level:  30 %
Percentage of altered instances:  60 %
Using 35 indices (first 35 from shuffled list)
Loading noise data from: results/noise_injection/by_dataset/badges2_second_char_vowel_noise0.3.csv 
Using 35 indices for  60 % of instances
Calculate prediction
Confusion matrix
Dataset: badges2 
Fold: 1 
Method: mlpML 
Noise level:  30 %
Percentage of altered instances:  70 %
Using 41 indices (first 41 from shuffled list)
Loading noise data from: results/noise_injection/by_dataset/badges2_second_char_vowel_noise0.3.csv 
Using 41 indices for  70 % of instances
Calculate prediction
Confusion matrix
Dataset: badges2 
Fold: 1 
Method: mlpML 
Noise level:  30 %
Percentage of altered instances:  75 %
Using 44 indices (first 44 from shuffled list)
Loading noise data from: results/noise_injection/by_dataset/badges2_second_char_vowel_noise0.3.csv 
Using 44 indices for  75 % of instances
Calculate prediction
Confusion matrix
Dataset: badges2 
Fold: 1 
Method: mlpML 
Noise level:  30 %
Percentage of altered instances:  80 %
Using 47 indices (first 47 from shuffled list)
Loading noise data from: results/noise_injection/by_dataset/badges2_second_char_vowel_noise0.3.csv 
Using 47 indices for  80 % of instances
Calculate prediction
Confusion matrix
Dataset: badges2 
Fold: 1 
Method: mlpML 
Noise level:  30 %
Percentage of altered instances:  90 %
Using 53 indices (first 53 from shuffled list)
Loading noise data from: results/noise_injection/by_dataset/badges2_second_char_vowel_noise0.3.csv 
Using 53 indices for  90 % of instances
Calculate prediction
Confusion matrix
Dataset: badges2 
Fold: 1 
Method: mlpML 
Noise level:  30 %
Percentage of altered instances:  100 %
Using 59 indices (first 59 from shuffled list)
Loading noise data from: results/noise_injection/by_dataset/badges2_second_char_vowel_noise0.3.csv 
Using 59 indices for  100 % of instances
Calculate prediction
Confusion matrix
Loaded 58 indices for fold 2 from: results/instances/original/vectors/badges2_mlpML_all_folds.csv 

=== Training model with 10 % noise in training data ===
Critical percentage for training noise: 50 %
Loading training noise data from: results/noise_injection/by_dataset/badges2_second_char_vowel_noise0.1.csv 
Altering 118 out of 236 training instances
Dataset: badges2 
Fold: 2 
Method: mlpML 
Noise level:  10 %
Percentage of altered instances:  10 %
Using 6 indices (first 6 from shuffled list)
Loading noise data from: results/noise_injection/by_dataset/badges2_second_char_vowel_noise0.1.csv 
Using 6 indices for  10 % of instances
Calculate prediction
Confusion matrix
Dataset: badges2 
Fold: 2 
Method: mlpML 
Noise level:  10 %
Percentage of altered instances:  20 %
Using 12 indices (first 12 from shuffled list)
Loading noise data from: results/noise_injection/by_dataset/badges2_second_char_vowel_noise0.1.csv 
Using 12 indices for  20 % of instances
Calculate prediction
Confusion matrix
Dataset: badges2 
Fold: 2 
Method: mlpML 
Noise level:  10 %
Percentage of altered instances:  25 %
Using 14 indices (first 14 from shuffled list)
Loading noise data from: results/noise_injection/by_dataset/badges2_second_char_vowel_noise0.1.csv 
Using 14 indices for  25 % of instances
Calculate prediction
Confusion matrix
Dataset: badges2 
Fold: 2 
Method: mlpML 
Noise level:  10 %
Percentage of altered instances:  30 %
Using 17 indices (first 17 from shuffled list)
Loading noise data from: results/noise_injection/by_dataset/badges2_second_char_vowel_noise0.1.csv 
Using 17 indices for  30 % of instances
Calculate prediction
Confusion matrix
Dataset: badges2 
Fold: 2 
Method: mlpML 
Noise level:  10 %
Percentage of altered instances:  40 %
Using 23 indices (first 23 from shuffled list)
Loading noise data from: results/noise_injection/by_dataset/badges2_second_char_vowel_noise0.1.csv 
Using 23 indices for  40 % of instances
Calculate prediction
Confusion matrix
Dataset: badges2 
Fold: 2 
Method: mlpML 
Noise level:  10 %
Percentage of altered instances:  50 %
Using 29 indices (first 29 from shuffled list)
Loading noise data from: results/noise_injection/by_dataset/badges2_second_char_vowel_noise0.1.csv 
Using 29 indices for  50 % of instances
Calculate prediction
Confusion matrix
Dataset: badges2 
Fold: 2 
Method: mlpML 
Noise level:  10 %
Percentage of altered instances:  60 %
Using 35 indices (first 35 from shuffled list)
Loading noise data from: results/noise_injection/by_dataset/badges2_second_char_vowel_noise0.1.csv 
Using 35 indices for  60 % of instances
Calculate prediction
Confusion matrix
Dataset: badges2 
Fold: 2 
Method: mlpML 
Noise level:  10 %
Percentage of altered instances:  70 %
Using 41 indices (first 41 from shuffled list)
Loading noise data from: results/noise_injection/by_dataset/badges2_second_char_vowel_noise0.1.csv 
Using 41 indices for  70 % of instances
Calculate prediction
Confusion matrix
Dataset: badges2 
Fold: 2 
Method: mlpML 
Noise level:  10 %
Percentage of altered instances:  75 %
Using 44 indices (first 44 from shuffled list)
Loading noise data from: results/noise_injection/by_dataset/badges2_second_char_vowel_noise0.1.csv 
Using 44 indices for  75 % of instances
Calculate prediction
Confusion matrix
Dataset: badges2 
Fold: 2 
Method: mlpML 
Noise level:  10 %
Percentage of altered instances:  80 %
Using 46 indices (first 46 from shuffled list)
Loading noise data from: results/noise_injection/by_dataset/badges2_second_char_vowel_noise0.1.csv 
Using 46 indices for  80 % of instances
Calculate prediction
Confusion matrix
Dataset: badges2 
Fold: 2 
Method: mlpML 
Noise level:  10 %
Percentage of altered instances:  90 %
Using 52 indices (first 52 from shuffled list)
Loading noise data from: results/noise_injection/by_dataset/badges2_second_char_vowel_noise0.1.csv 
Using 52 indices for  90 % of instances
Calculate prediction
Confusion matrix
Dataset: badges2 
Fold: 2 
Method: mlpML 
Noise level:  10 %
Percentage of altered instances:  100 %
Using 58 indices (first 58 from shuffled list)
Loading noise data from: results/noise_injection/by_dataset/badges2_second_char_vowel_noise0.1.csv 
Using 58 indices for  100 % of instances
Calculate prediction
Confusion matrix

=== Training model with 20 % noise in training data ===
Critical percentage for training noise: 25 %
Loading training noise data from: results/noise_injection/by_dataset/badges2_second_char_vowel_noise0.2.csv 
Altering 59 out of 236 training instances
Dataset: badges2 
Fold: 2 
Method: mlpML 
Noise level:  20 %
Percentage of altered instances:  10 %
Using 6 indices (first 6 from shuffled list)
Loading noise data from: results/noise_injection/by_dataset/badges2_second_char_vowel_noise0.2.csv 
Using 6 indices for  10 % of instances
Calculate prediction
Confusion matrix
Dataset: badges2 
Fold: 2 
Method: mlpML 
Noise level:  20 %
Percentage of altered instances:  20 %
Using 12 indices (first 12 from shuffled list)
Loading noise data from: results/noise_injection/by_dataset/badges2_second_char_vowel_noise0.2.csv 
Using 12 indices for  20 % of instances
Calculate prediction
Confusion matrix
Dataset: badges2 
Fold: 2 
Method: mlpML 
Noise level:  20 %
Percentage of altered instances:  25 %
Using 14 indices (first 14 from shuffled list)
Loading noise data from: results/noise_injection/by_dataset/badges2_second_char_vowel_noise0.2.csv 
Using 14 indices for  25 % of instances
Calculate prediction
Confusion matrix
Dataset: badges2 
Fold: 2 
Method: mlpML 
Noise level:  20 %
Percentage of altered instances:  30 %
Using 17 indices (first 17 from shuffled list)
Loading noise data from: results/noise_injection/by_dataset/badges2_second_char_vowel_noise0.2.csv 
Using 17 indices for  30 % of instances
Calculate prediction
Confusion matrix
Dataset: badges2 
Fold: 2 
Method: mlpML 
Noise level:  20 %
Percentage of altered instances:  40 %
Using 23 indices (first 23 from shuffled list)
Loading noise data from: results/noise_injection/by_dataset/badges2_second_char_vowel_noise0.2.csv 
Using 23 indices for  40 % of instances
Calculate prediction
Confusion matrix
Dataset: badges2 
Fold: 2 
Method: mlpML 
Noise level:  20 %
Percentage of altered instances:  50 %
Using 29 indices (first 29 from shuffled list)
Loading noise data from: results/noise_injection/by_dataset/badges2_second_char_vowel_noise0.2.csv 
Using 29 indices for  50 % of instances
Calculate prediction
Confusion matrix
Dataset: badges2 
Fold: 2 
Method: mlpML 
Noise level:  20 %
Percentage of altered instances:  60 %
Using 35 indices (first 35 from shuffled list)
Loading noise data from: results/noise_injection/by_dataset/badges2_second_char_vowel_noise0.2.csv 
Using 35 indices for  60 % of instances
Calculate prediction
Confusion matrix
Dataset: badges2 
Fold: 2 
Method: mlpML 
Noise level:  20 %
Percentage of altered instances:  70 %
Using 41 indices (first 41 from shuffled list)
Loading noise data from: results/noise_injection/by_dataset/badges2_second_char_vowel_noise0.2.csv 
Using 41 indices for  70 % of instances
Calculate prediction
Confusion matrix
Dataset: badges2 
Fold: 2 
Method: mlpML 
Noise level:  20 %
Percentage of altered instances:  75 %
Using 44 indices (first 44 from shuffled list)
Loading noise data from: results/noise_injection/by_dataset/badges2_second_char_vowel_noise0.2.csv 
Using 44 indices for  75 % of instances
Calculate prediction
Confusion matrix
Dataset: badges2 
Fold: 2 
Method: mlpML 
Noise level:  20 %
Percentage of altered instances:  80 %
Using 46 indices (first 46 from shuffled list)
Loading noise data from: results/noise_injection/by_dataset/badges2_second_char_vowel_noise0.2.csv 
Using 46 indices for  80 % of instances
Calculate prediction
Confusion matrix
Dataset: badges2 
Fold: 2 
Method: mlpML 
Noise level:  20 %
Percentage of altered instances:  90 %
Using 52 indices (first 52 from shuffled list)
Loading noise data from: results/noise_injection/by_dataset/badges2_second_char_vowel_noise0.2.csv 
Using 52 indices for  90 % of instances
Calculate prediction
Confusion matrix
Dataset: badges2 
Fold: 2 
Method: mlpML 
Noise level:  20 %
Percentage of altered instances:  100 %
Using 58 indices (first 58 from shuffled list)
Loading noise data from: results/noise_injection/by_dataset/badges2_second_char_vowel_noise0.2.csv 
Using 58 indices for  100 % of instances
Calculate prediction
Confusion matrix

=== Training model with 30 % noise in training data ===
Critical percentage for training noise: 20 %
Loading training noise data from: results/noise_injection/by_dataset/badges2_second_char_vowel_noise0.3.csv 
Altering 47 out of 236 training instances
Dataset: badges2 
Fold: 2 
Method: mlpML 
Noise level:  30 %
Percentage of altered instances:  10 %
Using 6 indices (first 6 from shuffled list)
Loading noise data from: results/noise_injection/by_dataset/badges2_second_char_vowel_noise0.3.csv 
Using 6 indices for  10 % of instances
Calculate prediction
Confusion matrix
Dataset: badges2 
Fold: 2 
Method: mlpML 
Noise level:  30 %
Percentage of altered instances:  20 %
Using 12 indices (first 12 from shuffled list)
Loading noise data from: results/noise_injection/by_dataset/badges2_second_char_vowel_noise0.3.csv 
Using 12 indices for  20 % of instances
Calculate prediction
Confusion matrix
Dataset: badges2 
Fold: 2 
Method: mlpML 
Noise level:  30 %
Percentage of altered instances:  25 %
Using 14 indices (first 14 from shuffled list)
Loading noise data from: results/noise_injection/by_dataset/badges2_second_char_vowel_noise0.3.csv 
Using 14 indices for  25 % of instances
Calculate prediction
Confusion matrix
Dataset: badges2 
Fold: 2 
Method: mlpML 
Noise level:  30 %
Percentage of altered instances:  30 %
Using 17 indices (first 17 from shuffled list)
Loading noise data from: results/noise_injection/by_dataset/badges2_second_char_vowel_noise0.3.csv 
Using 17 indices for  30 % of instances
Calculate prediction
Confusion matrix
Dataset: badges2 
Fold: 2 
Method: mlpML 
Noise level:  30 %
Percentage of altered instances:  40 %
Using 23 indices (first 23 from shuffled list)
Loading noise data from: results/noise_injection/by_dataset/badges2_second_char_vowel_noise0.3.csv 
Using 23 indices for  40 % of instances
Calculate prediction
Confusion matrix
Dataset: badges2 
Fold: 2 
Method: mlpML 
Noise level:  30 %
Percentage of altered instances:  50 %
Using 29 indices (first 29 from shuffled list)
Loading noise data from: results/noise_injection/by_dataset/badges2_second_char_vowel_noise0.3.csv 
Using 29 indices for  50 % of instances
Calculate prediction
Confusion matrix
Dataset: badges2 
Fold: 2 
Method: mlpML 
Noise level:  30 %
Percentage of altered instances:  60 %
Using 35 indices (first 35 from shuffled list)
Loading noise data from: results/noise_injection/by_dataset/badges2_second_char_vowel_noise0.3.csv 
Using 35 indices for  60 % of instances
Calculate prediction
Confusion matrix
Dataset: badges2 
Fold: 2 
Method: mlpML 
Noise level:  30 %
Percentage of altered instances:  70 %
Using 41 indices (first 41 from shuffled list)
Loading noise data from: results/noise_injection/by_dataset/badges2_second_char_vowel_noise0.3.csv 
Using 41 indices for  70 % of instances
Calculate prediction
Confusion matrix
Dataset: badges2 
Fold: 2 
Method: mlpML 
Noise level:  30 %
Percentage of altered instances:  75 %
Using 44 indices (first 44 from shuffled list)
Loading noise data from: results/noise_injection/by_dataset/badges2_second_char_vowel_noise0.3.csv 
Using 44 indices for  75 % of instances
Calculate prediction
Confusion matrix
Dataset: badges2 
Fold: 2 
Method: mlpML 
Noise level:  30 %
Percentage of altered instances:  80 %
Using 46 indices (first 46 from shuffled list)
Loading noise data from: results/noise_injection/by_dataset/badges2_second_char_vowel_noise0.3.csv 
Using 46 indices for  80 % of instances
Calculate prediction
Confusion matrix
Dataset: badges2 
Fold: 2 
Method: mlpML 
Noise level:  30 %
Percentage of altered instances:  90 %
Using 52 indices (first 52 from shuffled list)
Loading noise data from: results/noise_injection/by_dataset/badges2_second_char_vowel_noise0.3.csv 
Using 52 indices for  90 % of instances
Calculate prediction
Confusion matrix
Dataset: badges2 
Fold: 2 
Method: mlpML 
Noise level:  30 %
Percentage of altered instances:  100 %
Using 58 indices (first 58 from shuffled list)
Loading noise data from: results/noise_injection/by_dataset/badges2_second_char_vowel_noise0.3.csv 
Using 58 indices for  100 % of instances
Calculate prediction
Confusion matrix
Loaded 59 indices for fold 3 from: results/instances/original/vectors/badges2_mlpML_all_folds.csv 

=== Training model with 10 % noise in training data ===
Critical percentage for training noise: 50 %
Loading training noise data from: results/noise_injection/by_dataset/badges2_second_char_vowel_noise0.1.csv 
Altering 118 out of 235 training instances
Dataset: badges2 
Fold: 3 
Method: mlpML 
Noise level:  10 %
Percentage of altered instances:  10 %
Using 6 indices (first 6 from shuffled list)
Loading noise data from: results/noise_injection/by_dataset/badges2_second_char_vowel_noise0.1.csv 
Using 6 indices for  10 % of instances
Calculate prediction
Confusion matrix
Dataset: badges2 
Fold: 3 
Method: mlpML 
Noise level:  10 %
Percentage of altered instances:  20 %
Using 12 indices (first 12 from shuffled list)
Loading noise data from: results/noise_injection/by_dataset/badges2_second_char_vowel_noise0.1.csv 
Using 12 indices for  20 % of instances
Calculate prediction
Confusion matrix
Dataset: badges2 
Fold: 3 
Method: mlpML 
Noise level:  10 %
Percentage of altered instances:  25 %
Using 15 indices (first 15 from shuffled list)
Loading noise data from: results/noise_injection/by_dataset/badges2_second_char_vowel_noise0.1.csv 
Using 15 indices for  25 % of instances
Calculate prediction
Confusion matrix
Dataset: badges2 
Fold: 3 
Method: mlpML 
Noise level:  10 %
Percentage of altered instances:  30 %
Using 18 indices (first 18 from shuffled list)
Loading noise data from: results/noise_injection/by_dataset/badges2_second_char_vowel_noise0.1.csv 
Using 18 indices for  30 % of instances
Calculate prediction
Confusion matrix
Dataset: badges2 
Fold: 3 
Method: mlpML 
Noise level:  10 %
Percentage of altered instances:  40 %
Using 24 indices (first 24 from shuffled list)
Loading noise data from: results/noise_injection/by_dataset/badges2_second_char_vowel_noise0.1.csv 
Using 24 indices for  40 % of instances
Calculate prediction
Confusion matrix
Dataset: badges2 
Fold: 3 
Method: mlpML 
Noise level:  10 %
Percentage of altered instances:  50 %
Using 30 indices (first 30 from shuffled list)
Loading noise data from: results/noise_injection/by_dataset/badges2_second_char_vowel_noise0.1.csv 
Using 30 indices for  50 % of instances
Calculate prediction
Confusion matrix
Dataset: badges2 
Fold: 3 
Method: mlpML 
Noise level:  10 %
Percentage of altered instances:  60 %
Using 35 indices (first 35 from shuffled list)
Loading noise data from: results/noise_injection/by_dataset/badges2_second_char_vowel_noise0.1.csv 
Using 35 indices for  60 % of instances
Calculate prediction
Confusion matrix
Dataset: badges2 
Fold: 3 
Method: mlpML 
Noise level:  10 %
Percentage of altered instances:  70 %
Using 41 indices (first 41 from shuffled list)
Loading noise data from: results/noise_injection/by_dataset/badges2_second_char_vowel_noise0.1.csv 
Using 41 indices for  70 % of instances
Calculate prediction
Confusion matrix
Dataset: badges2 
Fold: 3 
Method: mlpML 
Noise level:  10 %
Percentage of altered instances:  75 %
Using 44 indices (first 44 from shuffled list)
Loading noise data from: results/noise_injection/by_dataset/badges2_second_char_vowel_noise0.1.csv 
Using 44 indices for  75 % of instances
Calculate prediction
Confusion matrix
Dataset: badges2 
Fold: 3 
Method: mlpML 
Noise level:  10 %
Percentage of altered instances:  80 %
Using 47 indices (first 47 from shuffled list)
Loading noise data from: results/noise_injection/by_dataset/badges2_second_char_vowel_noise0.1.csv 
Using 47 indices for  80 % of instances
Calculate prediction
Confusion matrix
Dataset: badges2 
Fold: 3 
Method: mlpML 
Noise level:  10 %
Percentage of altered instances:  90 %
Using 53 indices (first 53 from shuffled list)
Loading noise data from: results/noise_injection/by_dataset/badges2_second_char_vowel_noise0.1.csv 
Using 53 indices for  90 % of instances
Calculate prediction
Confusion matrix
Dataset: badges2 
Fold: 3 
Method: mlpML 
Noise level:  10 %
Percentage of altered instances:  100 %
Using 59 indices (first 59 from shuffled list)
Loading noise data from: results/noise_injection/by_dataset/badges2_second_char_vowel_noise0.1.csv 
Using 59 indices for  100 % of instances
Calculate prediction
Confusion matrix

=== Training model with 20 % noise in training data ===
Critical percentage for training noise: 25 %
Loading training noise data from: results/noise_injection/by_dataset/badges2_second_char_vowel_noise0.2.csv 
Altering 59 out of 235 training instances
Dataset: badges2 
Fold: 3 
Method: mlpML 
Noise level:  20 %
Percentage of altered instances:  10 %
Using 6 indices (first 6 from shuffled list)
Loading noise data from: results/noise_injection/by_dataset/badges2_second_char_vowel_noise0.2.csv 
Using 6 indices for  10 % of instances
Calculate prediction
Confusion matrix
Dataset: badges2 
Fold: 3 
Method: mlpML 
Noise level:  20 %
Percentage of altered instances:  20 %
Using 12 indices (first 12 from shuffled list)
Loading noise data from: results/noise_injection/by_dataset/badges2_second_char_vowel_noise0.2.csv 
Using 12 indices for  20 % of instances
Calculate prediction
Confusion matrix
Dataset: badges2 
Fold: 3 
Method: mlpML 
Noise level:  20 %
Percentage of altered instances:  25 %
Using 15 indices (first 15 from shuffled list)
Loading noise data from: results/noise_injection/by_dataset/badges2_second_char_vowel_noise0.2.csv 
Using 15 indices for  25 % of instances
Calculate prediction
Confusion matrix
Dataset: badges2 
Fold: 3 
Method: mlpML 
Noise level:  20 %
Percentage of altered instances:  30 %
Using 18 indices (first 18 from shuffled list)
Loading noise data from: results/noise_injection/by_dataset/badges2_second_char_vowel_noise0.2.csv 
Using 18 indices for  30 % of instances
Calculate prediction
Confusion matrix
Dataset: badges2 
Fold: 3 
Method: mlpML 
Noise level:  20 %
Percentage of altered instances:  40 %
Using 24 indices (first 24 from shuffled list)
Loading noise data from: results/noise_injection/by_dataset/badges2_second_char_vowel_noise0.2.csv 
Using 24 indices for  40 % of instances
Calculate prediction
Confusion matrix
Dataset: badges2 
Fold: 3 
Method: mlpML 
Noise level:  20 %
Percentage of altered instances:  50 %
Using 30 indices (first 30 from shuffled list)
Loading noise data from: results/noise_injection/by_dataset/badges2_second_char_vowel_noise0.2.csv 
Using 30 indices for  50 % of instances
Calculate prediction
Confusion matrix
Dataset: badges2 
Fold: 3 
Method: mlpML 
Noise level:  20 %
Percentage of altered instances:  60 %
Using 35 indices (first 35 from shuffled list)
Loading noise data from: results/noise_injection/by_dataset/badges2_second_char_vowel_noise0.2.csv 
Using 35 indices for  60 % of instances
Calculate prediction
Confusion matrix
Dataset: badges2 
Fold: 3 
Method: mlpML 
Noise level:  20 %
Percentage of altered instances:  70 %
Using 41 indices (first 41 from shuffled list)
Loading noise data from: results/noise_injection/by_dataset/badges2_second_char_vowel_noise0.2.csv 
Using 41 indices for  70 % of instances
Calculate prediction
Confusion matrix
Dataset: badges2 
Fold: 3 
Method: mlpML 
Noise level:  20 %
Percentage of altered instances:  75 %
Using 44 indices (first 44 from shuffled list)
Loading noise data from: results/noise_injection/by_dataset/badges2_second_char_vowel_noise0.2.csv 
Using 44 indices for  75 % of instances
Calculate prediction
Confusion matrix
Dataset: badges2 
Fold: 3 
Method: mlpML 
Noise level:  20 %
Percentage of altered instances:  80 %
Using 47 indices (first 47 from shuffled list)
Loading noise data from: results/noise_injection/by_dataset/badges2_second_char_vowel_noise0.2.csv 
Using 47 indices for  80 % of instances
Calculate prediction
Confusion matrix
Dataset: badges2 
Fold: 3 
Method: mlpML 
Noise level:  20 %
Percentage of altered instances:  90 %
Using 53 indices (first 53 from shuffled list)
Loading noise data from: results/noise_injection/by_dataset/badges2_second_char_vowel_noise0.2.csv 
Using 53 indices for  90 % of instances
Calculate prediction
Confusion matrix
Dataset: badges2 
Fold: 3 
Method: mlpML 
Noise level:  20 %
Percentage of altered instances:  100 %
Using 59 indices (first 59 from shuffled list)
Loading noise data from: results/noise_injection/by_dataset/badges2_second_char_vowel_noise0.2.csv 
Using 59 indices for  100 % of instances
Calculate prediction
Confusion matrix

=== Training model with 30 % noise in training data ===
Critical percentage for training noise: 20 %
Loading training noise data from: results/noise_injection/by_dataset/badges2_second_char_vowel_noise0.3.csv 
Altering 47 out of 235 training instances
Dataset: badges2 
Fold: 3 
Method: mlpML 
Noise level:  30 %
Percentage of altered instances:  10 %
Using 6 indices (first 6 from shuffled list)
Loading noise data from: results/noise_injection/by_dataset/badges2_second_char_vowel_noise0.3.csv 
Using 6 indices for  10 % of instances
Calculate prediction
Confusion matrix
Dataset: badges2 
Fold: 3 
Method: mlpML 
Noise level:  30 %
Percentage of altered instances:  20 %
Using 12 indices (first 12 from shuffled list)
Loading noise data from: results/noise_injection/by_dataset/badges2_second_char_vowel_noise0.3.csv 
Using 12 indices for  20 % of instances
Calculate prediction
Confusion matrix
Dataset: badges2 
Fold: 3 
Method: mlpML 
Noise level:  30 %
Percentage of altered instances:  25 %
Using 15 indices (first 15 from shuffled list)
Loading noise data from: results/noise_injection/by_dataset/badges2_second_char_vowel_noise0.3.csv 
Using 15 indices for  25 % of instances
Calculate prediction
Confusion matrix
Dataset: badges2 
Fold: 3 
Method: mlpML 
Noise level:  30 %
Percentage of altered instances:  30 %
Using 18 indices (first 18 from shuffled list)
Loading noise data from: results/noise_injection/by_dataset/badges2_second_char_vowel_noise0.3.csv 
Using 18 indices for  30 % of instances
Calculate prediction
Confusion matrix
Dataset: badges2 
Fold: 3 
Method: mlpML 
Noise level:  30 %
Percentage of altered instances:  40 %
Using 24 indices (first 24 from shuffled list)
Loading noise data from: results/noise_injection/by_dataset/badges2_second_char_vowel_noise0.3.csv 
Using 24 indices for  40 % of instances
Calculate prediction
Confusion matrix
Dataset: badges2 
Fold: 3 
Method: mlpML 
Noise level:  30 %
Percentage of altered instances:  50 %
Using 30 indices (first 30 from shuffled list)
Loading noise data from: results/noise_injection/by_dataset/badges2_second_char_vowel_noise0.3.csv 
Using 30 indices for  50 % of instances
Calculate prediction
Confusion matrix
Dataset: badges2 
Fold: 3 
Method: mlpML 
Noise level:  30 %
Percentage of altered instances:  60 %
Using 35 indices (first 35 from shuffled list)
Loading noise data from: results/noise_injection/by_dataset/badges2_second_char_vowel_noise0.3.csv 
Using 35 indices for  60 % of instances
Calculate prediction
Confusion matrix
Dataset: badges2 
Fold: 3 
Method: mlpML 
Noise level:  30 %
Percentage of altered instances:  70 %
Using 41 indices (first 41 from shuffled list)
Loading noise data from: results/noise_injection/by_dataset/badges2_second_char_vowel_noise0.3.csv 
Using 41 indices for  70 % of instances
Calculate prediction
Confusion matrix
Dataset: badges2 
Fold: 3 
Method: mlpML 
Noise level:  30 %
Percentage of altered instances:  75 %
Using 44 indices (first 44 from shuffled list)
Loading noise data from: results/noise_injection/by_dataset/badges2_second_char_vowel_noise0.3.csv 
Using 44 indices for  75 % of instances
Calculate prediction
Confusion matrix
Dataset: badges2 
Fold: 3 
Method: mlpML 
Noise level:  30 %
Percentage of altered instances:  80 %
Using 47 indices (first 47 from shuffled list)
Loading noise data from: results/noise_injection/by_dataset/badges2_second_char_vowel_noise0.3.csv 
Using 47 indices for  80 % of instances
Calculate prediction
Confusion matrix
Dataset: badges2 
Fold: 3 
Method: mlpML 
Noise level:  30 %
Percentage of altered instances:  90 %
Using 53 indices (first 53 from shuffled list)
Loading noise data from: results/noise_injection/by_dataset/badges2_second_char_vowel_noise0.3.csv 
Using 53 indices for  90 % of instances
Calculate prediction
Confusion matrix
Dataset: badges2 
Fold: 3 
Method: mlpML 
Noise level:  30 %
Percentage of altered instances:  100 %
Using 59 indices (first 59 from shuffled list)
Loading noise data from: results/noise_injection/by_dataset/badges2_second_char_vowel_noise0.3.csv 
Using 59 indices for  100 % of instances
Calculate prediction
Confusion matrix
Loaded 59 indices for fold 4 from: results/instances/original/vectors/badges2_mlpML_all_folds.csv 

=== Training model with 10 % noise in training data ===
Critical percentage for training noise: 50 %
Loading training noise data from: results/noise_injection/by_dataset/badges2_second_char_vowel_noise0.1.csv 
Altering 118 out of 235 training instances
Dataset: badges2 
Fold: 4 
Method: mlpML 
Noise level:  10 %
Percentage of altered instances:  10 %
Using 6 indices (first 6 from shuffled list)
Loading noise data from: results/noise_injection/by_dataset/badges2_second_char_vowel_noise0.1.csv 
Using 6 indices for  10 % of instances
Calculate prediction
Confusion matrix
Dataset: badges2 
Fold: 4 
Method: mlpML 
Noise level:  10 %
Percentage of altered instances:  20 %
Using 12 indices (first 12 from shuffled list)
Loading noise data from: results/noise_injection/by_dataset/badges2_second_char_vowel_noise0.1.csv 
Using 12 indices for  20 % of instances
Calculate prediction
Confusion matrix
Dataset: badges2 
Fold: 4 
Method: mlpML 
Noise level:  10 %
Percentage of altered instances:  25 %
Using 15 indices (first 15 from shuffled list)
Loading noise data from: results/noise_injection/by_dataset/badges2_second_char_vowel_noise0.1.csv 
Using 15 indices for  25 % of instances
Calculate prediction
Confusion matrix
Dataset: badges2 
Fold: 4 
Method: mlpML 
Noise level:  10 %
Percentage of altered instances:  30 %
Using 18 indices (first 18 from shuffled list)
Loading noise data from: results/noise_injection/by_dataset/badges2_second_char_vowel_noise0.1.csv 
Using 18 indices for  30 % of instances
Calculate prediction
Confusion matrix
Dataset: badges2 
Fold: 4 
Method: mlpML 
Noise level:  10 %
Percentage of altered instances:  40 %
Using 24 indices (first 24 from shuffled list)
Loading noise data from: results/noise_injection/by_dataset/badges2_second_char_vowel_noise0.1.csv 
Using 24 indices for  40 % of instances
Calculate prediction
Confusion matrix
Dataset: badges2 
Fold: 4 
Method: mlpML 
Noise level:  10 %
Percentage of altered instances:  50 %
Using 30 indices (first 30 from shuffled list)
Loading noise data from: results/noise_injection/by_dataset/badges2_second_char_vowel_noise0.1.csv 
Using 30 indices for  50 % of instances
Calculate prediction
Confusion matrix
Dataset: badges2 
Fold: 4 
Method: mlpML 
Noise level:  10 %
Percentage of altered instances:  60 %
Using 35 indices (first 35 from shuffled list)
Loading noise data from: results/noise_injection/by_dataset/badges2_second_char_vowel_noise0.1.csv 
Using 35 indices for  60 % of instances
Calculate prediction
Confusion matrix
Dataset: badges2 
Fold: 4 
Method: mlpML 
Noise level:  10 %
Percentage of altered instances:  70 %
Using 41 indices (first 41 from shuffled list)
Loading noise data from: results/noise_injection/by_dataset/badges2_second_char_vowel_noise0.1.csv 
Using 41 indices for  70 % of instances
Calculate prediction
Confusion matrix
Dataset: badges2 
Fold: 4 
Method: mlpML 
Noise level:  10 %
Percentage of altered instances:  75 %
Using 44 indices (first 44 from shuffled list)
Loading noise data from: results/noise_injection/by_dataset/badges2_second_char_vowel_noise0.1.csv 
Using 44 indices for  75 % of instances
Calculate prediction
Confusion matrix
Dataset: badges2 
Fold: 4 
Method: mlpML 
Noise level:  10 %
Percentage of altered instances:  80 %
Using 47 indices (first 47 from shuffled list)
Loading noise data from: results/noise_injection/by_dataset/badges2_second_char_vowel_noise0.1.csv 
Using 47 indices for  80 % of instances
Calculate prediction
Confusion matrix
Dataset: badges2 
Fold: 4 
Method: mlpML 
Noise level:  10 %
Percentage of altered instances:  90 %
Using 53 indices (first 53 from shuffled list)
Loading noise data from: results/noise_injection/by_dataset/badges2_second_char_vowel_noise0.1.csv 
Using 53 indices for  90 % of instances
Calculate prediction
Confusion matrix
Dataset: badges2 
Fold: 4 
Method: mlpML 
Noise level:  10 %
Percentage of altered instances:  100 %
Using 59 indices (first 59 from shuffled list)
Loading noise data from: results/noise_injection/by_dataset/badges2_second_char_vowel_noise0.1.csv 
Using 59 indices for  100 % of instances
Calculate prediction
Confusion matrix

=== Training model with 20 % noise in training data ===
Critical percentage for training noise: 25 %
Loading training noise data from: results/noise_injection/by_dataset/badges2_second_char_vowel_noise0.2.csv 
Altering 59 out of 235 training instances
Dataset: badges2 
Fold: 4 
Method: mlpML 
Noise level:  20 %
Percentage of altered instances:  10 %
Using 6 indices (first 6 from shuffled list)
Loading noise data from: results/noise_injection/by_dataset/badges2_second_char_vowel_noise0.2.csv 
Using 6 indices for  10 % of instances
Calculate prediction
Confusion matrix
Dataset: badges2 
Fold: 4 
Method: mlpML 
Noise level:  20 %
Percentage of altered instances:  20 %
Using 12 indices (first 12 from shuffled list)
Loading noise data from: results/noise_injection/by_dataset/badges2_second_char_vowel_noise0.2.csv 
Using 12 indices for  20 % of instances
Calculate prediction
Confusion matrix
Dataset: badges2 
Fold: 4 
Method: mlpML 
Noise level:  20 %
Percentage of altered instances:  25 %
Using 15 indices (first 15 from shuffled list)
Loading noise data from: results/noise_injection/by_dataset/badges2_second_char_vowel_noise0.2.csv 
Using 15 indices for  25 % of instances
Calculate prediction
Confusion matrix
Dataset: badges2 
Fold: 4 
Method: mlpML 
Noise level:  20 %
Percentage of altered instances:  30 %
Using 18 indices (first 18 from shuffled list)
Loading noise data from: results/noise_injection/by_dataset/badges2_second_char_vowel_noise0.2.csv 
Using 18 indices for  30 % of instances
Calculate prediction
Confusion matrix
Dataset: badges2 
Fold: 4 
Method: mlpML 
Noise level:  20 %
Percentage of altered instances:  40 %
Using 24 indices (first 24 from shuffled list)
Loading noise data from: results/noise_injection/by_dataset/badges2_second_char_vowel_noise0.2.csv 
Using 24 indices for  40 % of instances
Calculate prediction
Confusion matrix
Dataset: badges2 
Fold: 4 
Method: mlpML 
Noise level:  20 %
Percentage of altered instances:  50 %
Using 30 indices (first 30 from shuffled list)
Loading noise data from: results/noise_injection/by_dataset/badges2_second_char_vowel_noise0.2.csv 
Using 30 indices for  50 % of instances
Calculate prediction
Confusion matrix
Dataset: badges2 
Fold: 4 
Method: mlpML 
Noise level:  20 %
Percentage of altered instances:  60 %
Using 35 indices (first 35 from shuffled list)
Loading noise data from: results/noise_injection/by_dataset/badges2_second_char_vowel_noise0.2.csv 
Using 35 indices for  60 % of instances
Calculate prediction
Confusion matrix
Dataset: badges2 
Fold: 4 
Method: mlpML 
Noise level:  20 %
Percentage of altered instances:  70 %
Using 41 indices (first 41 from shuffled list)
Loading noise data from: results/noise_injection/by_dataset/badges2_second_char_vowel_noise0.2.csv 
Using 41 indices for  70 % of instances
Calculate prediction
Confusion matrix
Dataset: badges2 
Fold: 4 
Method: mlpML 
Noise level:  20 %
Percentage of altered instances:  75 %
Using 44 indices (first 44 from shuffled list)
Loading noise data from: results/noise_injection/by_dataset/badges2_second_char_vowel_noise0.2.csv 
Using 44 indices for  75 % of instances
Calculate prediction
Confusion matrix
Dataset: badges2 
Fold: 4 
Method: mlpML 
Noise level:  20 %
Percentage of altered instances:  80 %
Using 47 indices (first 47 from shuffled list)
Loading noise data from: results/noise_injection/by_dataset/badges2_second_char_vowel_noise0.2.csv 
Using 47 indices for  80 % of instances
Calculate prediction
Confusion matrix
Dataset: badges2 
Fold: 4 
Method: mlpML 
Noise level:  20 %
Percentage of altered instances:  90 %
Using 53 indices (first 53 from shuffled list)
Loading noise data from: results/noise_injection/by_dataset/badges2_second_char_vowel_noise0.2.csv 
Using 53 indices for  90 % of instances
Calculate prediction
Confusion matrix
Dataset: badges2 
Fold: 4 
Method: mlpML 
Noise level:  20 %
Percentage of altered instances:  100 %
Using 59 indices (first 59 from shuffled list)
Loading noise data from: results/noise_injection/by_dataset/badges2_second_char_vowel_noise0.2.csv 
Using 59 indices for  100 % of instances
Calculate prediction
Confusion matrix

=== Training model with 30 % noise in training data ===
Critical percentage for training noise: 20 %
Loading training noise data from: results/noise_injection/by_dataset/badges2_second_char_vowel_noise0.3.csv 
Altering 47 out of 235 training instances
Dataset: badges2 
Fold: 4 
Method: mlpML 
Noise level:  30 %
Percentage of altered instances:  10 %
Using 6 indices (first 6 from shuffled list)
Loading noise data from: results/noise_injection/by_dataset/badges2_second_char_vowel_noise0.3.csv 
Using 6 indices for  10 % of instances
Calculate prediction
Confusion matrix
Dataset: badges2 
Fold: 4 
Method: mlpML 
Noise level:  30 %
Percentage of altered instances:  20 %
Using 12 indices (first 12 from shuffled list)
Loading noise data from: results/noise_injection/by_dataset/badges2_second_char_vowel_noise0.3.csv 
Using 12 indices for  20 % of instances
Calculate prediction
Confusion matrix
Dataset: badges2 
Fold: 4 
Method: mlpML 
Noise level:  30 %
Percentage of altered instances:  25 %
Using 15 indices (first 15 from shuffled list)
Loading noise data from: results/noise_injection/by_dataset/badges2_second_char_vowel_noise0.3.csv 
Using 15 indices for  25 % of instances
Calculate prediction
Confusion matrix
Dataset: badges2 
Fold: 4 
Method: mlpML 
Noise level:  30 %
Percentage of altered instances:  30 %
Using 18 indices (first 18 from shuffled list)
Loading noise data from: results/noise_injection/by_dataset/badges2_second_char_vowel_noise0.3.csv 
Using 18 indices for  30 % of instances
Calculate prediction
Confusion matrix
Dataset: badges2 
Fold: 4 
Method: mlpML 
Noise level:  30 %
Percentage of altered instances:  40 %
Using 24 indices (first 24 from shuffled list)
Loading noise data from: results/noise_injection/by_dataset/badges2_second_char_vowel_noise0.3.csv 
Using 24 indices for  40 % of instances
Calculate prediction
Confusion matrix
Dataset: badges2 
Fold: 4 
Method: mlpML 
Noise level:  30 %
Percentage of altered instances:  50 %
Using 30 indices (first 30 from shuffled list)
Loading noise data from: results/noise_injection/by_dataset/badges2_second_char_vowel_noise0.3.csv 
Using 30 indices for  50 % of instances
Calculate prediction
Confusion matrix
Dataset: badges2 
Fold: 4 
Method: mlpML 
Noise level:  30 %
Percentage of altered instances:  60 %
Using 35 indices (first 35 from shuffled list)
Loading noise data from: results/noise_injection/by_dataset/badges2_second_char_vowel_noise0.3.csv 
Using 35 indices for  60 % of instances
Calculate prediction
Confusion matrix
Dataset: badges2 
Fold: 4 
Method: mlpML 
Noise level:  30 %
Percentage of altered instances:  70 %
Using 41 indices (first 41 from shuffled list)
Loading noise data from: results/noise_injection/by_dataset/badges2_second_char_vowel_noise0.3.csv 
Using 41 indices for  70 % of instances
Calculate prediction
Confusion matrix
Dataset: badges2 
Fold: 4 
Method: mlpML 
Noise level:  30 %
Percentage of altered instances:  75 %
Using 44 indices (first 44 from shuffled list)
Loading noise data from: results/noise_injection/by_dataset/badges2_second_char_vowel_noise0.3.csv 
Using 44 indices for  75 % of instances
Calculate prediction
Confusion matrix
Dataset: badges2 
Fold: 4 
Method: mlpML 
Noise level:  30 %
Percentage of altered instances:  80 %
Using 47 indices (first 47 from shuffled list)
Loading noise data from: results/noise_injection/by_dataset/badges2_second_char_vowel_noise0.3.csv 
Using 47 indices for  80 % of instances
Calculate prediction
Confusion matrix
Dataset: badges2 
Fold: 4 
Method: mlpML 
Noise level:  30 %
Percentage of altered instances:  90 %
Using 53 indices (first 53 from shuffled list)
Loading noise data from: results/noise_injection/by_dataset/badges2_second_char_vowel_noise0.3.csv 
Using 53 indices for  90 % of instances
Calculate prediction
Confusion matrix
Dataset: badges2 
Fold: 4 
Method: mlpML 
Noise level:  30 %
Percentage of altered instances:  100 %
Using 59 indices (first 59 from shuffled list)
Loading noise data from: results/noise_injection/by_dataset/badges2_second_char_vowel_noise0.3.csv 
Using 59 indices for  100 % of instances
Calculate prediction
Confusion matrix
Loaded 59 indices for fold 5 from: results/instances/original/vectors/badges2_mlpML_all_folds.csv 

=== Training model with 10 % noise in training data ===
Critical percentage for training noise: 50 %
Loading training noise data from: results/noise_injection/by_dataset/badges2_second_char_vowel_noise0.1.csv 
Altering 118 out of 235 training instances
Dataset: badges2 
Fold: 5 
Method: mlpML 
Noise level:  10 %
Percentage of altered instances:  10 %
Using 6 indices (first 6 from shuffled list)
Loading noise data from: results/noise_injection/by_dataset/badges2_second_char_vowel_noise0.1.csv 
Using 6 indices for  10 % of instances
Calculate prediction
Confusion matrix
Dataset: badges2 
Fold: 5 
Method: mlpML 
Noise level:  10 %
Percentage of altered instances:  20 %
Using 12 indices (first 12 from shuffled list)
Loading noise data from: results/noise_injection/by_dataset/badges2_second_char_vowel_noise0.1.csv 
Using 12 indices for  20 % of instances
Calculate prediction
Confusion matrix
Dataset: badges2 
Fold: 5 
Method: mlpML 
Noise level:  10 %
Percentage of altered instances:  25 %
Using 15 indices (first 15 from shuffled list)
Loading noise data from: results/noise_injection/by_dataset/badges2_second_char_vowel_noise0.1.csv 
Using 15 indices for  25 % of instances
Calculate prediction
Confusion matrix
Dataset: badges2 
Fold: 5 
Method: mlpML 
Noise level:  10 %
Percentage of altered instances:  30 %
Using 18 indices (first 18 from shuffled list)
Loading noise data from: results/noise_injection/by_dataset/badges2_second_char_vowel_noise0.1.csv 
Using 18 indices for  30 % of instances
Calculate prediction
Confusion matrix
Dataset: badges2 
Fold: 5 
Method: mlpML 
Noise level:  10 %
Percentage of altered instances:  40 %
Using 24 indices (first 24 from shuffled list)
Loading noise data from: results/noise_injection/by_dataset/badges2_second_char_vowel_noise0.1.csv 
Using 24 indices for  40 % of instances
Calculate prediction
Confusion matrix
Dataset: badges2 
Fold: 5 
Method: mlpML 
Noise level:  10 %
Percentage of altered instances:  50 %
Using 30 indices (first 30 from shuffled list)
Loading noise data from: results/noise_injection/by_dataset/badges2_second_char_vowel_noise0.1.csv 
Using 30 indices for  50 % of instances
Calculate prediction
Confusion matrix
Dataset: badges2 
Fold: 5 
Method: mlpML 
Noise level:  10 %
Percentage of altered instances:  60 %
Using 35 indices (first 35 from shuffled list)
Loading noise data from: results/noise_injection/by_dataset/badges2_second_char_vowel_noise0.1.csv 
Using 35 indices for  60 % of instances
Calculate prediction
Confusion matrix
Dataset: badges2 
Fold: 5 
Method: mlpML 
Noise level:  10 %
Percentage of altered instances:  70 %
Using 41 indices (first 41 from shuffled list)
Loading noise data from: results/noise_injection/by_dataset/badges2_second_char_vowel_noise0.1.csv 
Using 41 indices for  70 % of instances
Calculate prediction
Confusion matrix
Dataset: badges2 
Fold: 5 
Method: mlpML 
Noise level:  10 %
Percentage of altered instances:  75 %
Using 44 indices (first 44 from shuffled list)
Loading noise data from: results/noise_injection/by_dataset/badges2_second_char_vowel_noise0.1.csv 
Using 44 indices for  75 % of instances
Calculate prediction
Confusion matrix
Dataset: badges2 
Fold: 5 
Method: mlpML 
Noise level:  10 %
Percentage of altered instances:  80 %
Using 47 indices (first 47 from shuffled list)
Loading noise data from: results/noise_injection/by_dataset/badges2_second_char_vowel_noise0.1.csv 
Using 47 indices for  80 % of instances
Calculate prediction
Confusion matrix
Dataset: badges2 
Fold: 5 
Method: mlpML 
Noise level:  10 %
Percentage of altered instances:  90 %
Using 53 indices (first 53 from shuffled list)
Loading noise data from: results/noise_injection/by_dataset/badges2_second_char_vowel_noise0.1.csv 
Using 53 indices for  90 % of instances
Calculate prediction
Confusion matrix
Dataset: badges2 
Fold: 5 
Method: mlpML 
Noise level:  10 %
Percentage of altered instances:  100 %
Using 59 indices (first 59 from shuffled list)
Loading noise data from: results/noise_injection/by_dataset/badges2_second_char_vowel_noise0.1.csv 
Using 59 indices for  100 % of instances
Calculate prediction
Confusion matrix

=== Training model with 20 % noise in training data ===
Critical percentage for training noise: 25 %
Loading training noise data from: results/noise_injection/by_dataset/badges2_second_char_vowel_noise0.2.csv 
Altering 59 out of 235 training instances
Dataset: badges2 
Fold: 5 
Method: mlpML 
Noise level:  20 %
Percentage of altered instances:  10 %
Using 6 indices (first 6 from shuffled list)
Loading noise data from: results/noise_injection/by_dataset/badges2_second_char_vowel_noise0.2.csv 
Using 6 indices for  10 % of instances
Calculate prediction
Confusion matrix
Dataset: badges2 
Fold: 5 
Method: mlpML 
Noise level:  20 %
Percentage of altered instances:  20 %
Using 12 indices (first 12 from shuffled list)
Loading noise data from: results/noise_injection/by_dataset/badges2_second_char_vowel_noise0.2.csv 
Using 12 indices for  20 % of instances
Calculate prediction
Confusion matrix
Dataset: badges2 
Fold: 5 
Method: mlpML 
Noise level:  20 %
Percentage of altered instances:  25 %
Using 15 indices (first 15 from shuffled list)
Loading noise data from: results/noise_injection/by_dataset/badges2_second_char_vowel_noise0.2.csv 
Using 15 indices for  25 % of instances
Calculate prediction
Confusion matrix
Dataset: badges2 
Fold: 5 
Method: mlpML 
Noise level:  20 %
Percentage of altered instances:  30 %
Using 18 indices (first 18 from shuffled list)
Loading noise data from: results/noise_injection/by_dataset/badges2_second_char_vowel_noise0.2.csv 
Using 18 indices for  30 % of instances
Calculate prediction
Confusion matrix
Dataset: badges2 
Fold: 5 
Method: mlpML 
Noise level:  20 %
Percentage of altered instances:  40 %
Using 24 indices (first 24 from shuffled list)
Loading noise data from: results/noise_injection/by_dataset/badges2_second_char_vowel_noise0.2.csv 
Using 24 indices for  40 % of instances
Calculate prediction
Confusion matrix
Dataset: badges2 
Fold: 5 
Method: mlpML 
Noise level:  20 %
Percentage of altered instances:  50 %
Using 30 indices (first 30 from shuffled list)
Loading noise data from: results/noise_injection/by_dataset/badges2_second_char_vowel_noise0.2.csv 
Using 30 indices for  50 % of instances
Calculate prediction
Confusion matrix
Dataset: badges2 
Fold: 5 
Method: mlpML 
Noise level:  20 %
Percentage of altered instances:  60 %
Using 35 indices (first 35 from shuffled list)
Loading noise data from: results/noise_injection/by_dataset/badges2_second_char_vowel_noise0.2.csv 
Using 35 indices for  60 % of instances
Calculate prediction
Confusion matrix
Dataset: badges2 
Fold: 5 
Method: mlpML 
Noise level:  20 %
Percentage of altered instances:  70 %
Using 41 indices (first 41 from shuffled list)
Loading noise data from: results/noise_injection/by_dataset/badges2_second_char_vowel_noise0.2.csv 
Using 41 indices for  70 % of instances
Calculate prediction
Confusion matrix
Dataset: badges2 
Fold: 5 
Method: mlpML 
Noise level:  20 %
Percentage of altered instances:  75 %
Using 44 indices (first 44 from shuffled list)
Loading noise data from: results/noise_injection/by_dataset/badges2_second_char_vowel_noise0.2.csv 
Using 44 indices for  75 % of instances
Calculate prediction
Confusion matrix
Dataset: badges2 
Fold: 5 
Method: mlpML 
Noise level:  20 %
Percentage of altered instances:  80 %
Using 47 indices (first 47 from shuffled list)
Loading noise data from: results/noise_injection/by_dataset/badges2_second_char_vowel_noise0.2.csv 
Using 47 indices for  80 % of instances
Calculate prediction
Confusion matrix
Dataset: badges2 
Fold: 5 
Method: mlpML 
Noise level:  20 %
Percentage of altered instances:  90 %
Using 53 indices (first 53 from shuffled list)
Loading noise data from: results/noise_injection/by_dataset/badges2_second_char_vowel_noise0.2.csv 
Using 53 indices for  90 % of instances
Calculate prediction
Confusion matrix
Dataset: badges2 
Fold: 5 
Method: mlpML 
Noise level:  20 %
Percentage of altered instances:  100 %
Using 59 indices (first 59 from shuffled list)
Loading noise data from: results/noise_injection/by_dataset/badges2_second_char_vowel_noise0.2.csv 
Using 59 indices for  100 % of instances
Calculate prediction
Confusion matrix

=== Training model with 30 % noise in training data ===
Critical percentage for training noise: 20 %
Loading training noise data from: results/noise_injection/by_dataset/badges2_second_char_vowel_noise0.3.csv 
Altering 47 out of 235 training instances
Dataset: badges2 
Fold: 5 
Method: mlpML 
Noise level:  30 %
Percentage of altered instances:  10 %
Using 6 indices (first 6 from shuffled list)
Loading noise data from: results/noise_injection/by_dataset/badges2_second_char_vowel_noise0.3.csv 
Using 6 indices for  10 % of instances
Calculate prediction
Confusion matrix
Dataset: badges2 
Fold: 5 
Method: mlpML 
Noise level:  30 %
Percentage of altered instances:  20 %
Using 12 indices (first 12 from shuffled list)
Loading noise data from: results/noise_injection/by_dataset/badges2_second_char_vowel_noise0.3.csv 
Using 12 indices for  20 % of instances
Calculate prediction
Confusion matrix
Dataset: badges2 
Fold: 5 
Method: mlpML 
Noise level:  30 %
Percentage of altered instances:  25 %
Using 15 indices (first 15 from shuffled list)
Loading noise data from: results/noise_injection/by_dataset/badges2_second_char_vowel_noise0.3.csv 
Using 15 indices for  25 % of instances
Calculate prediction
Confusion matrix
Dataset: badges2 
Fold: 5 
Method: mlpML 
Noise level:  30 %
Percentage of altered instances:  30 %
Using 18 indices (first 18 from shuffled list)
Loading noise data from: results/noise_injection/by_dataset/badges2_second_char_vowel_noise0.3.csv 
Using 18 indices for  30 % of instances
Calculate prediction
Confusion matrix
Dataset: badges2 
Fold: 5 
Method: mlpML 
Noise level:  30 %
Percentage of altered instances:  40 %
Using 24 indices (first 24 from shuffled list)
Loading noise data from: results/noise_injection/by_dataset/badges2_second_char_vowel_noise0.3.csv 
Using 24 indices for  40 % of instances
Calculate prediction
Confusion matrix
Dataset: badges2 
Fold: 5 
Method: mlpML 
Noise level:  30 %
Percentage of altered instances:  50 %
Using 30 indices (first 30 from shuffled list)
Loading noise data from: results/noise_injection/by_dataset/badges2_second_char_vowel_noise0.3.csv 
Using 30 indices for  50 % of instances
Calculate prediction
Confusion matrix
Dataset: badges2 
Fold: 5 
Method: mlpML 
Noise level:  30 %
Percentage of altered instances:  60 %
Using 35 indices (first 35 from shuffled list)
Loading noise data from: results/noise_injection/by_dataset/badges2_second_char_vowel_noise0.3.csv 
Using 35 indices for  60 % of instances
Calculate prediction
Confusion matrix
Dataset: badges2 
Fold: 5 
Method: mlpML 
Noise level:  30 %
Percentage of altered instances:  70 %
Using 41 indices (first 41 from shuffled list)
Loading noise data from: results/noise_injection/by_dataset/badges2_second_char_vowel_noise0.3.csv 
Using 41 indices for  70 % of instances
Calculate prediction
Confusion matrix
Dataset: badges2 
Fold: 5 
Method: mlpML 
Noise level:  30 %
Percentage of altered instances:  75 %
Using 44 indices (first 44 from shuffled list)
Loading noise data from: results/noise_injection/by_dataset/badges2_second_char_vowel_noise0.3.csv 
Using 44 indices for  75 % of instances
Calculate prediction
Confusion matrix
Dataset: badges2 
Fold: 5 
Method: mlpML 
Noise level:  30 %
Percentage of altered instances:  80 %
Using 47 indices (first 47 from shuffled list)
Loading noise data from: results/noise_injection/by_dataset/badges2_second_char_vowel_noise0.3.csv 
Using 47 indices for  80 % of instances
Calculate prediction
Confusion matrix
Dataset: badges2 
Fold: 5 
Method: mlpML 
Noise level:  30 %
Percentage of altered instances:  90 %
Using 53 indices (first 53 from shuffled list)
Loading noise data from: results/noise_injection/by_dataset/badges2_second_char_vowel_noise0.3.csv 
Using 53 indices for  90 % of instances
Calculate prediction
Confusion matrix
Dataset: badges2 
Fold: 5 
Method: mlpML 
Noise level:  30 %
Percentage of altered instances:  100 %
Using 59 indices (first 59 from shuffled list)
Loading noise data from: results/noise_injection/by_dataset/badges2_second_char_vowel_noise0.3.csv 
Using 59 indices for  100 % of instances
Calculate prediction
Confusion matrix
Saved results to: results/instances/train_noise/by_dataset/badges2_mlpML_results.csv 
----------------
There were 50 or more warnings (use warnings() to see the first 50)
****************************
Instances altered with noise
****************************
