Current working directory: /home/chris/github/kappa-threshold 
parameters.csv exists: TRUE 
parameters.csv absolute path: /home/chris/github/kappa-threshold/data/files/parameters.csv 
Processing model: multinom for dataset: badges2 
Loaded 59 indices for fold 1 from: results/instances/original/vectors/badges2_multinom_all_folds.csv 

=== Training model with 10 % noise in training data ===
Critical percentage for training noise: 60 %
Loading training noise data from: results/noise_injection/by_dataset/badges2_second_char_vowel_noise0.1.csv 
Altering 141 out of 235 training instances
# weights:  12 (11 variable)
initial  value 162.889587 
iter  10 value 22.764628
iter  20 value 22.165382
iter  30 value 22.093317
iter  40 value 22.088806
iter  50 value 22.083891
final  value 22.083879 
converged
Dataset: badges2 
Fold: 1 
Method: multinom 
Noise level:  10 %
Percentage of altered instances:  10 %
Using 6 indices (first 6 from shuffled list)
Loading noise data from: results/noise_injection/by_dataset/badges2_second_char_vowel_noise0.1.csv 
Using 6 indices for  10 % of instances
Calculate prediction
Confusion matrix
Dataset: badges2 
Fold: 1 
Method: multinom 
Noise level:  10 %
Percentage of altered instances:  20 %
Using 12 indices (first 12 from shuffled list)
Loading noise data from: results/noise_injection/by_dataset/badges2_second_char_vowel_noise0.1.csv 
Using 12 indices for  20 % of instances
Calculate prediction
Confusion matrix
Dataset: badges2 
Fold: 1 
Method: multinom 
Noise level:  10 %
Percentage of altered instances:  25 %
Using 15 indices (first 15 from shuffled list)
Loading noise data from: results/noise_injection/by_dataset/badges2_second_char_vowel_noise0.1.csv 
Using 15 indices for  25 % of instances
Calculate prediction
Confusion matrix
Dataset: badges2 
Fold: 1 
Method: multinom 
Noise level:  10 %
Percentage of altered instances:  30 %
Using 18 indices (first 18 from shuffled list)
Loading noise data from: results/noise_injection/by_dataset/badges2_second_char_vowel_noise0.1.csv 
Using 18 indices for  30 % of instances
Calculate prediction
Confusion matrix
Dataset: badges2 
Fold: 1 
Method: multinom 
Noise level:  10 %
Percentage of altered instances:  40 %
Using 24 indices (first 24 from shuffled list)
Loading noise data from: results/noise_injection/by_dataset/badges2_second_char_vowel_noise0.1.csv 
Using 24 indices for  40 % of instances
Calculate prediction
Confusion matrix
Dataset: badges2 
Fold: 1 
Method: multinom 
Noise level:  10 %
Percentage of altered instances:  50 %
Using 30 indices (first 30 from shuffled list)
Loading noise data from: results/noise_injection/by_dataset/badges2_second_char_vowel_noise0.1.csv 
Using 30 indices for  50 % of instances
Calculate prediction
Confusion matrix
Dataset: badges2 
Fold: 1 
Method: multinom 
Noise level:  10 %
Percentage of altered instances:  60 %
Using 35 indices (first 35 from shuffled list)
Loading noise data from: results/noise_injection/by_dataset/badges2_second_char_vowel_noise0.1.csv 
Using 35 indices for  60 % of instances
Calculate prediction
Confusion matrix
Dataset: badges2 
Fold: 1 
Method: multinom 
Noise level:  10 %
Percentage of altered instances:  70 %
Using 41 indices (first 41 from shuffled list)
Loading noise data from: results/noise_injection/by_dataset/badges2_second_char_vowel_noise0.1.csv 
Using 41 indices for  70 % of instances
Calculate prediction
Confusion matrix
Dataset: badges2 
Fold: 1 
Method: multinom 
Noise level:  10 %
Percentage of altered instances:  75 %
Using 44 indices (first 44 from shuffled list)
Loading noise data from: results/noise_injection/by_dataset/badges2_second_char_vowel_noise0.1.csv 
Using 44 indices for  75 % of instances
Calculate prediction
Confusion matrix
Dataset: badges2 
Fold: 1 
Method: multinom 
Noise level:  10 %
Percentage of altered instances:  80 %
Using 47 indices (first 47 from shuffled list)
Loading noise data from: results/noise_injection/by_dataset/badges2_second_char_vowel_noise0.1.csv 
Using 47 indices for  80 % of instances
Calculate prediction
Confusion matrix
Dataset: badges2 
Fold: 1 
Method: multinom 
Noise level:  10 %
Percentage of altered instances:  90 %
Using 53 indices (first 53 from shuffled list)
Loading noise data from: results/noise_injection/by_dataset/badges2_second_char_vowel_noise0.1.csv 
Using 53 indices for  90 % of instances
Calculate prediction
Confusion matrix
Dataset: badges2 
Fold: 1 
Method: multinom 
Noise level:  10 %
Percentage of altered instances:  100 %
Using 59 indices (first 59 from shuffled list)
Loading noise data from: results/noise_injection/by_dataset/badges2_second_char_vowel_noise0.1.csv 
Using 59 indices for  100 % of instances
Calculate prediction
Confusion matrix

=== Training model with 20 % noise in training data ===
Critical percentage for training noise: 10 %
Loading training noise data from: results/noise_injection/by_dataset/badges2_second_char_vowel_noise0.2.csv 
Altering 24 out of 235 training instances
# weights:  12 (11 variable)
initial  value 162.889587 
iter  10 value 12.731755
iter  20 value 9.149135
iter  30 value 8.574610
iter  40 value 8.350077
iter  50 value 8.337713
iter  60 value 8.332240
iter  70 value 8.328935
iter  80 value 8.328494
iter  90 value 8.326881
iter 100 value 8.326314
final  value 8.326314 
stopped after 100 iterations
Dataset: badges2 
Fold: 1 
Method: multinom 
Noise level:  20 %
Percentage of altered instances:  10 %
Using 6 indices (first 6 from shuffled list)
Loading noise data from: results/noise_injection/by_dataset/badges2_second_char_vowel_noise0.2.csv 
Using 6 indices for  10 % of instances
Calculate prediction
Confusion matrix
Dataset: badges2 
Fold: 1 
Method: multinom 
Noise level:  20 %
Percentage of altered instances:  20 %
Using 12 indices (first 12 from shuffled list)
Loading noise data from: results/noise_injection/by_dataset/badges2_second_char_vowel_noise0.2.csv 
Using 12 indices for  20 % of instances
Calculate prediction
Confusion matrix
Dataset: badges2 
Fold: 1 
Method: multinom 
Noise level:  20 %
Percentage of altered instances:  25 %
Using 15 indices (first 15 from shuffled list)
Loading noise data from: results/noise_injection/by_dataset/badges2_second_char_vowel_noise0.2.csv 
Using 15 indices for  25 % of instances
Calculate prediction
Confusion matrix
Dataset: badges2 
Fold: 1 
Method: multinom 
Noise level:  20 %
Percentage of altered instances:  30 %
Using 18 indices (first 18 from shuffled list)
Loading noise data from: results/noise_injection/by_dataset/badges2_second_char_vowel_noise0.2.csv 
Using 18 indices for  30 % of instances
Calculate prediction
Confusion matrix
Dataset: badges2 
Fold: 1 
Method: multinom 
Noise level:  20 %
Percentage of altered instances:  40 %
Using 24 indices (first 24 from shuffled list)
Loading noise data from: results/noise_injection/by_dataset/badges2_second_char_vowel_noise0.2.csv 
Using 24 indices for  40 % of instances
Calculate prediction
Confusion matrix
Dataset: badges2 
Fold: 1 
Method: multinom 
Noise level:  20 %
Percentage of altered instances:  50 %
Using 30 indices (first 30 from shuffled list)
Loading noise data from: results/noise_injection/by_dataset/badges2_second_char_vowel_noise0.2.csv 
Using 30 indices for  50 % of instances
Calculate prediction
Confusion matrix
Dataset: badges2 
Fold: 1 
Method: multinom 
Noise level:  20 %
Percentage of altered instances:  60 %
Using 35 indices (first 35 from shuffled list)
Loading noise data from: results/noise_injection/by_dataset/badges2_second_char_vowel_noise0.2.csv 
Using 35 indices for  60 % of instances
Calculate prediction
Confusion matrix
Dataset: badges2 
Fold: 1 
Method: multinom 
Noise level:  20 %
Percentage of altered instances:  70 %
Using 41 indices (first 41 from shuffled list)
Loading noise data from: results/noise_injection/by_dataset/badges2_second_char_vowel_noise0.2.csv 
Using 41 indices for  70 % of instances
Calculate prediction
Confusion matrix
Dataset: badges2 
Fold: 1 
Method: multinom 
Noise level:  20 %
Percentage of altered instances:  75 %
Using 44 indices (first 44 from shuffled list)
Loading noise data from: results/noise_injection/by_dataset/badges2_second_char_vowel_noise0.2.csv 
Using 44 indices for  75 % of instances
Calculate prediction
Confusion matrix
Dataset: badges2 
Fold: 1 
Method: multinom 
Noise level:  20 %
Percentage of altered instances:  80 %
Using 47 indices (first 47 from shuffled list)
Loading noise data from: results/noise_injection/by_dataset/badges2_second_char_vowel_noise0.2.csv 
Using 47 indices for  80 % of instances
Calculate prediction
Confusion matrix
Dataset: badges2 
Fold: 1 
Method: multinom 
Noise level:  20 %
Percentage of altered instances:  90 %
Using 53 indices (first 53 from shuffled list)
Loading noise data from: results/noise_injection/by_dataset/badges2_second_char_vowel_noise0.2.csv 
Using 53 indices for  90 % of instances
Calculate prediction
Confusion matrix
Dataset: badges2 
Fold: 1 
Method: multinom 
Noise level:  20 %
Percentage of altered instances:  100 %
Using 59 indices (first 59 from shuffled list)
Loading noise data from: results/noise_injection/by_dataset/badges2_second_char_vowel_noise0.2.csv 
Using 59 indices for  100 % of instances
Calculate prediction
Confusion matrix

=== Training model with 30 % noise in training data ===
Critical percentage for training noise: 30 %
Loading training noise data from: results/noise_injection/by_dataset/badges2_second_char_vowel_noise0.3.csv 
Altering 70 out of 235 training instances
# weights:  12 (11 variable)
initial  value 162.889587 
iter  10 value 33.563690
iter  20 value 32.034806
iter  30 value 31.975522
iter  40 value 31.956891
final  value 31.950830 
converged
Dataset: badges2 
Fold: 1 
Method: multinom 
Noise level:  30 %
Percentage of altered instances:  10 %
Using 6 indices (first 6 from shuffled list)
Loading noise data from: results/noise_injection/by_dataset/badges2_second_char_vowel_noise0.3.csv 
Using 6 indices for  10 % of instances
Calculate prediction
Confusion matrix
Dataset: badges2 
Fold: 1 
Method: multinom 
Noise level:  30 %
Percentage of altered instances:  20 %
Using 12 indices (first 12 from shuffled list)
Loading noise data from: results/noise_injection/by_dataset/badges2_second_char_vowel_noise0.3.csv 
Using 12 indices for  20 % of instances
Calculate prediction
Confusion matrix
Dataset: badges2 
Fold: 1 
Method: multinom 
Noise level:  30 %
Percentage of altered instances:  25 %
Using 15 indices (first 15 from shuffled list)
Loading noise data from: results/noise_injection/by_dataset/badges2_second_char_vowel_noise0.3.csv 
Using 15 indices for  25 % of instances
Calculate prediction
Confusion matrix
Dataset: badges2 
Fold: 1 
Method: multinom 
Noise level:  30 %
Percentage of altered instances:  30 %
Using 18 indices (first 18 from shuffled list)
Loading noise data from: results/noise_injection/by_dataset/badges2_second_char_vowel_noise0.3.csv 
Using 18 indices for  30 % of instances
Calculate prediction
Confusion matrix
Dataset: badges2 
Fold: 1 
Method: multinom 
Noise level:  30 %
Percentage of altered instances:  40 %
Using 24 indices (first 24 from shuffled list)
Loading noise data from: results/noise_injection/by_dataset/badges2_second_char_vowel_noise0.3.csv 
Using 24 indices for  40 % of instances
Calculate prediction
Confusion matrix
Dataset: badges2 
Fold: 1 
Method: multinom 
Noise level:  30 %
Percentage of altered instances:  50 %
Using 30 indices (first 30 from shuffled list)
Loading noise data from: results/noise_injection/by_dataset/badges2_second_char_vowel_noise0.3.csv 
Using 30 indices for  50 % of instances
Calculate prediction
Confusion matrix
Dataset: badges2 
Fold: 1 
Method: multinom 
Noise level:  30 %
Percentage of altered instances:  60 %
Using 35 indices (first 35 from shuffled list)
Loading noise data from: results/noise_injection/by_dataset/badges2_second_char_vowel_noise0.3.csv 
Using 35 indices for  60 % of instances
Calculate prediction
Confusion matrix
Dataset: badges2 
Fold: 1 
Method: multinom 
Noise level:  30 %
Percentage of altered instances:  70 %
Using 41 indices (first 41 from shuffled list)
Loading noise data from: results/noise_injection/by_dataset/badges2_second_char_vowel_noise0.3.csv 
Using 41 indices for  70 % of instances
Calculate prediction
Confusion matrix
Dataset: badges2 
Fold: 1 
Method: multinom 
Noise level:  30 %
Percentage of altered instances:  75 %
Using 44 indices (first 44 from shuffled list)
Loading noise data from: results/noise_injection/by_dataset/badges2_second_char_vowel_noise0.3.csv 
Using 44 indices for  75 % of instances
Calculate prediction
Confusion matrix
Dataset: badges2 
Fold: 1 
Method: multinom 
Noise level:  30 %
Percentage of altered instances:  80 %
Using 47 indices (first 47 from shuffled list)
Loading noise data from: results/noise_injection/by_dataset/badges2_second_char_vowel_noise0.3.csv 
Using 47 indices for  80 % of instances
Calculate prediction
Confusion matrix
Dataset: badges2 
Fold: 1 
Method: multinom 
Noise level:  30 %
Percentage of altered instances:  90 %
Using 53 indices (first 53 from shuffled list)
Loading noise data from: results/noise_injection/by_dataset/badges2_second_char_vowel_noise0.3.csv 
Using 53 indices for  90 % of instances
Calculate prediction
Confusion matrix
Dataset: badges2 
Fold: 1 
Method: multinom 
Noise level:  30 %
Percentage of altered instances:  100 %
Using 59 indices (first 59 from shuffled list)
Loading noise data from: results/noise_injection/by_dataset/badges2_second_char_vowel_noise0.3.csv 
Using 59 indices for  100 % of instances
Calculate prediction
Confusion matrix
Loaded 58 indices for fold 2 from: results/instances/original/vectors/badges2_multinom_all_folds.csv 

=== Training model with 10 % noise in training data ===
Critical percentage for training noise: 60 %
Loading training noise data from: results/noise_injection/by_dataset/badges2_second_char_vowel_noise0.1.csv 
Altering 142 out of 236 training instances
# weights:  12 (11 variable)
initial  value 163.582735 
iter  10 value 6.097456
iter  20 value 4.208036
iter  30 value 3.981987
iter  40 value 3.946122
iter  50 value 3.936077
iter  60 value 3.930260
iter  70 value 3.924701
iter  80 value 3.924091
iter  90 value 3.922176
iter 100 value 3.922089
final  value 3.922089 
stopped after 100 iterations
Dataset: badges2 
Fold: 2 
Method: multinom 
Noise level:  10 %
Percentage of altered instances:  10 %
Using 6 indices (first 6 from shuffled list)
Loading noise data from: results/noise_injection/by_dataset/badges2_second_char_vowel_noise0.1.csv 
Using 6 indices for  10 % of instances
Calculate prediction
Confusion matrix
Dataset: badges2 
Fold: 2 
Method: multinom 
Noise level:  10 %
Percentage of altered instances:  20 %
Using 12 indices (first 12 from shuffled list)
Loading noise data from: results/noise_injection/by_dataset/badges2_second_char_vowel_noise0.1.csv 
Using 12 indices for  20 % of instances
Calculate prediction
Confusion matrix
Dataset: badges2 
Fold: 2 
Method: multinom 
Noise level:  10 %
Percentage of altered instances:  25 %
Using 14 indices (first 14 from shuffled list)
Loading noise data from: results/noise_injection/by_dataset/badges2_second_char_vowel_noise0.1.csv 
Using 14 indices for  25 % of instances
Calculate prediction
Confusion matrix
Dataset: badges2 
Fold: 2 
Method: multinom 
Noise level:  10 %
Percentage of altered instances:  30 %
Using 17 indices (first 17 from shuffled list)
Loading noise data from: results/noise_injection/by_dataset/badges2_second_char_vowel_noise0.1.csv 
Using 17 indices for  30 % of instances
Calculate prediction
Confusion matrix
Dataset: badges2 
Fold: 2 
Method: multinom 
Noise level:  10 %
Percentage of altered instances:  40 %
Using 23 indices (first 23 from shuffled list)
Loading noise data from: results/noise_injection/by_dataset/badges2_second_char_vowel_noise0.1.csv 
Using 23 indices for  40 % of instances
Calculate prediction
Confusion matrix
Dataset: badges2 
Fold: 2 
Method: multinom 
Noise level:  10 %
Percentage of altered instances:  50 %
Using 29 indices (first 29 from shuffled list)
Loading noise data from: results/noise_injection/by_dataset/badges2_second_char_vowel_noise0.1.csv 
Using 29 indices for  50 % of instances
Calculate prediction
Confusion matrix
Dataset: badges2 
Fold: 2 
Method: multinom 
Noise level:  10 %
Percentage of altered instances:  60 %
Using 35 indices (first 35 from shuffled list)
Loading noise data from: results/noise_injection/by_dataset/badges2_second_char_vowel_noise0.1.csv 
Using 35 indices for  60 % of instances
Calculate prediction
Confusion matrix
Dataset: badges2 
Fold: 2 
Method: multinom 
Noise level:  10 %
Percentage of altered instances:  70 %
Using 41 indices (first 41 from shuffled list)
Loading noise data from: results/noise_injection/by_dataset/badges2_second_char_vowel_noise0.1.csv 
Using 41 indices for  70 % of instances
Calculate prediction
Confusion matrix
Dataset: badges2 
Fold: 2 
Method: multinom 
Noise level:  10 %
Percentage of altered instances:  75 %
Using 44 indices (first 44 from shuffled list)
Loading noise data from: results/noise_injection/by_dataset/badges2_second_char_vowel_noise0.1.csv 
Using 44 indices for  75 % of instances
Calculate prediction
Confusion matrix
Dataset: badges2 
Fold: 2 
Method: multinom 
Noise level:  10 %
Percentage of altered instances:  80 %
Using 46 indices (first 46 from shuffled list)
Loading noise data from: results/noise_injection/by_dataset/badges2_second_char_vowel_noise0.1.csv 
Using 46 indices for  80 % of instances
Calculate prediction
Confusion matrix
Dataset: badges2 
Fold: 2 
Method: multinom 
Noise level:  10 %
Percentage of altered instances:  90 %
Using 52 indices (first 52 from shuffled list)
Loading noise data from: results/noise_injection/by_dataset/badges2_second_char_vowel_noise0.1.csv 
Using 52 indices for  90 % of instances
Calculate prediction
Confusion matrix
Dataset: badges2 
Fold: 2 
Method: multinom 
Noise level:  10 %
Percentage of altered instances:  100 %
Using 58 indices (first 58 from shuffled list)
Loading noise data from: results/noise_injection/by_dataset/badges2_second_char_vowel_noise0.1.csv 
Using 58 indices for  100 % of instances
Calculate prediction
Confusion matrix

=== Training model with 20 % noise in training data ===
Critical percentage for training noise: 10 %
Loading training noise data from: results/noise_injection/by_dataset/badges2_second_char_vowel_noise0.2.csv 
Altering 24 out of 236 training instances
# weights:  12 (11 variable)
initial  value 163.582735 
iter  10 value 2.518534
iter  20 value 1.121908
iter  30 value 0.506406
iter  40 value 0.291295
iter  50 value 0.119714
iter  60 value 0.046623
iter  70 value 0.024977
iter  80 value 0.024070
iter  90 value 0.017779
iter 100 value 0.014004
final  value 0.014004 
stopped after 100 iterations
Dataset: badges2 
Fold: 2 
Method: multinom 
Noise level:  20 %
Percentage of altered instances:  10 %
Using 6 indices (first 6 from shuffled list)
Loading noise data from: results/noise_injection/by_dataset/badges2_second_char_vowel_noise0.2.csv 
Using 6 indices for  10 % of instances
Calculate prediction
Confusion matrix
Dataset: badges2 
Fold: 2 
Method: multinom 
Noise level:  20 %
Percentage of altered instances:  20 %
Using 12 indices (first 12 from shuffled list)
Loading noise data from: results/noise_injection/by_dataset/badges2_second_char_vowel_noise0.2.csv 
Using 12 indices for  20 % of instances
Calculate prediction
Confusion matrix
Dataset: badges2 
Fold: 2 
Method: multinom 
Noise level:  20 %
Percentage of altered instances:  25 %
Using 14 indices (first 14 from shuffled list)
Loading noise data from: results/noise_injection/by_dataset/badges2_second_char_vowel_noise0.2.csv 
Using 14 indices for  25 % of instances
Calculate prediction
Confusion matrix
Dataset: badges2 
Fold: 2 
Method: multinom 
Noise level:  20 %
Percentage of altered instances:  30 %
Using 17 indices (first 17 from shuffled list)
Loading noise data from: results/noise_injection/by_dataset/badges2_second_char_vowel_noise0.2.csv 
Using 17 indices for  30 % of instances
Calculate prediction
Confusion matrix
Dataset: badges2 
Fold: 2 
Method: multinom 
Noise level:  20 %
Percentage of altered instances:  40 %
Using 23 indices (first 23 from shuffled list)
Loading noise data from: results/noise_injection/by_dataset/badges2_second_char_vowel_noise0.2.csv 
Using 23 indices for  40 % of instances
Calculate prediction
Confusion matrix
Dataset: badges2 
Fold: 2 
Method: multinom 
Noise level:  20 %
Percentage of altered instances:  50 %
Using 29 indices (first 29 from shuffled list)
Loading noise data from: results/noise_injection/by_dataset/badges2_second_char_vowel_noise0.2.csv 
Using 29 indices for  50 % of instances
Calculate prediction
Confusion matrix
Dataset: badges2 
Fold: 2 
Method: multinom 
Noise level:  20 %
Percentage of altered instances:  60 %
Using 35 indices (first 35 from shuffled list)
Loading noise data from: results/noise_injection/by_dataset/badges2_second_char_vowel_noise0.2.csv 
Using 35 indices for  60 % of instances
Calculate prediction
Confusion matrix
Dataset: badges2 
Fold: 2 
Method: multinom 
Noise level:  20 %
Percentage of altered instances:  70 %
Using 41 indices (first 41 from shuffled list)
Loading noise data from: results/noise_injection/by_dataset/badges2_second_char_vowel_noise0.2.csv 
Using 41 indices for  70 % of instances
Calculate prediction
Confusion matrix
Dataset: badges2 
Fold: 2 
Method: multinom 
Noise level:  20 %
Percentage of altered instances:  75 %
Using 44 indices (first 44 from shuffled list)
Loading noise data from: results/noise_injection/by_dataset/badges2_second_char_vowel_noise0.2.csv 
Using 44 indices for  75 % of instances
Calculate prediction
Confusion matrix
Dataset: badges2 
Fold: 2 
Method: multinom 
Noise level:  20 %
Percentage of altered instances:  80 %
Using 46 indices (first 46 from shuffled list)
Loading noise data from: results/noise_injection/by_dataset/badges2_second_char_vowel_noise0.2.csv 
Using 46 indices for  80 % of instances
Calculate prediction
Confusion matrix
Dataset: badges2 
Fold: 2 
Method: multinom 
Noise level:  20 %
Percentage of altered instances:  90 %
Using 52 indices (first 52 from shuffled list)
Loading noise data from: results/noise_injection/by_dataset/badges2_second_char_vowel_noise0.2.csv 
Using 52 indices for  90 % of instances
Calculate prediction
Confusion matrix
Dataset: badges2 
Fold: 2 
Method: multinom 
Noise level:  20 %
Percentage of altered instances:  100 %
Using 58 indices (first 58 from shuffled list)
Loading noise data from: results/noise_injection/by_dataset/badges2_second_char_vowel_noise0.2.csv 
Using 58 indices for  100 % of instances
Calculate prediction
Confusion matrix

=== Training model with 30 % noise in training data ===
Critical percentage for training noise: 30 %
Loading training noise data from: results/noise_injection/by_dataset/badges2_second_char_vowel_noise0.3.csv 
Altering 71 out of 236 training instances
# weights:  12 (11 variable)
initial  value 163.582735 
iter  10 value 31.343224
iter  20 value 30.422252
iter  30 value 30.419589
final  value 30.418997 
converged
Dataset: badges2 
Fold: 2 
Method: multinom 
Noise level:  30 %
Percentage of altered instances:  10 %
Using 6 indices (first 6 from shuffled list)
Loading noise data from: results/noise_injection/by_dataset/badges2_second_char_vowel_noise0.3.csv 
Using 6 indices for  10 % of instances
Calculate prediction
Confusion matrix
Dataset: badges2 
Fold: 2 
Method: multinom 
Noise level:  30 %
Percentage of altered instances:  20 %
Using 12 indices (first 12 from shuffled list)
Loading noise data from: results/noise_injection/by_dataset/badges2_second_char_vowel_noise0.3.csv 
Using 12 indices for  20 % of instances
Calculate prediction
Confusion matrix
Dataset: badges2 
Fold: 2 
Method: multinom 
Noise level:  30 %
Percentage of altered instances:  25 %
Using 14 indices (first 14 from shuffled list)
Loading noise data from: results/noise_injection/by_dataset/badges2_second_char_vowel_noise0.3.csv 
Using 14 indices for  25 % of instances
Calculate prediction
Confusion matrix
Dataset: badges2 
Fold: 2 
Method: multinom 
Noise level:  30 %
Percentage of altered instances:  30 %
Using 17 indices (first 17 from shuffled list)
Loading noise data from: results/noise_injection/by_dataset/badges2_second_char_vowel_noise0.3.csv 
Using 17 indices for  30 % of instances
Calculate prediction
Confusion matrix
Dataset: badges2 
Fold: 2 
Method: multinom 
Noise level:  30 %
Percentage of altered instances:  40 %
Using 23 indices (first 23 from shuffled list)
Loading noise data from: results/noise_injection/by_dataset/badges2_second_char_vowel_noise0.3.csv 
Using 23 indices for  40 % of instances
Calculate prediction
Confusion matrix
Dataset: badges2 
Fold: 2 
Method: multinom 
Noise level:  30 %
Percentage of altered instances:  50 %
Using 29 indices (first 29 from shuffled list)
Loading noise data from: results/noise_injection/by_dataset/badges2_second_char_vowel_noise0.3.csv 
Using 29 indices for  50 % of instances
Calculate prediction
Confusion matrix
Dataset: badges2 
Fold: 2 
Method: multinom 
Noise level:  30 %
Percentage of altered instances:  60 %
Using 35 indices (first 35 from shuffled list)
Loading noise data from: results/noise_injection/by_dataset/badges2_second_char_vowel_noise0.3.csv 
Using 35 indices for  60 % of instances
Calculate prediction
Confusion matrix
Dataset: badges2 
Fold: 2 
Method: multinom 
Noise level:  30 %
Percentage of altered instances:  70 %
Using 41 indices (first 41 from shuffled list)
Loading noise data from: results/noise_injection/by_dataset/badges2_second_char_vowel_noise0.3.csv 
Using 41 indices for  70 % of instances
Calculate prediction
Confusion matrix
Dataset: badges2 
Fold: 2 
Method: multinom 
Noise level:  30 %
Percentage of altered instances:  75 %
Using 44 indices (first 44 from shuffled list)
Loading noise data from: results/noise_injection/by_dataset/badges2_second_char_vowel_noise0.3.csv 
Using 44 indices for  75 % of instances
Calculate prediction
Confusion matrix
Dataset: badges2 
Fold: 2 
Method: multinom 
Noise level:  30 %
Percentage of altered instances:  80 %
Using 46 indices (first 46 from shuffled list)
Loading noise data from: results/noise_injection/by_dataset/badges2_second_char_vowel_noise0.3.csv 
Using 46 indices for  80 % of instances
Calculate prediction
Confusion matrix
Dataset: badges2 
Fold: 2 
Method: multinom 
Noise level:  30 %
Percentage of altered instances:  90 %
Using 52 indices (first 52 from shuffled list)
Loading noise data from: results/noise_injection/by_dataset/badges2_second_char_vowel_noise0.3.csv 
Using 52 indices for  90 % of instances
Calculate prediction
Confusion matrix
Dataset: badges2 
Fold: 2 
Method: multinom 
Noise level:  30 %
Percentage of altered instances:  100 %
Using 58 indices (first 58 from shuffled list)
Loading noise data from: results/noise_injection/by_dataset/badges2_second_char_vowel_noise0.3.csv 
Using 58 indices for  100 % of instances
Calculate prediction
Confusion matrix
Loaded 59 indices for fold 3 from: results/instances/original/vectors/badges2_multinom_all_folds.csv 

=== Training model with 10 % noise in training data ===
Critical percentage for training noise: 60 %
Loading training noise data from: results/noise_injection/by_dataset/badges2_second_char_vowel_noise0.1.csv 
Altering 141 out of 235 training instances
# weights:  12 (11 variable)
initial  value 162.889587 
iter  10 value 23.994398
iter  20 value 23.169587
iter  30 value 22.973599
iter  40 value 22.972652
final  value 22.972651 
converged
Dataset: badges2 
Fold: 3 
Method: multinom 
Noise level:  10 %
Percentage of altered instances:  10 %
Using 6 indices (first 6 from shuffled list)
Loading noise data from: results/noise_injection/by_dataset/badges2_second_char_vowel_noise0.1.csv 
Using 6 indices for  10 % of instances
Calculate prediction
Confusion matrix
Dataset: badges2 
Fold: 3 
Method: multinom 
Noise level:  10 %
Percentage of altered instances:  20 %
Using 12 indices (first 12 from shuffled list)
Loading noise data from: results/noise_injection/by_dataset/badges2_second_char_vowel_noise0.1.csv 
Using 12 indices for  20 % of instances
Calculate prediction
Confusion matrix
Dataset: badges2 
Fold: 3 
Method: multinom 
Noise level:  10 %
Percentage of altered instances:  25 %
Using 15 indices (first 15 from shuffled list)
Loading noise data from: results/noise_injection/by_dataset/badges2_second_char_vowel_noise0.1.csv 
Using 15 indices for  25 % of instances
Calculate prediction
Confusion matrix
Dataset: badges2 
Fold: 3 
Method: multinom 
Noise level:  10 %
Percentage of altered instances:  30 %
Using 18 indices (first 18 from shuffled list)
Loading noise data from: results/noise_injection/by_dataset/badges2_second_char_vowel_noise0.1.csv 
Using 18 indices for  30 % of instances
Calculate prediction
Confusion matrix
Dataset: badges2 
Fold: 3 
Method: multinom 
Noise level:  10 %
Percentage of altered instances:  40 %
Using 24 indices (first 24 from shuffled list)
Loading noise data from: results/noise_injection/by_dataset/badges2_second_char_vowel_noise0.1.csv 
Using 24 indices for  40 % of instances
Calculate prediction
Confusion matrix
Dataset: badges2 
Fold: 3 
Method: multinom 
Noise level:  10 %
Percentage of altered instances:  50 %
Using 30 indices (first 30 from shuffled list)
Loading noise data from: results/noise_injection/by_dataset/badges2_second_char_vowel_noise0.1.csv 
Using 30 indices for  50 % of instances
Calculate prediction
Confusion matrix
Dataset: badges2 
Fold: 3 
Method: multinom 
Noise level:  10 %
Percentage of altered instances:  60 %
Using 35 indices (first 35 from shuffled list)
Loading noise data from: results/noise_injection/by_dataset/badges2_second_char_vowel_noise0.1.csv 
Using 35 indices for  60 % of instances
Calculate prediction
Confusion matrix
Dataset: badges2 
Fold: 3 
Method: multinom 
Noise level:  10 %
Percentage of altered instances:  70 %
Using 41 indices (first 41 from shuffled list)
Loading noise data from: results/noise_injection/by_dataset/badges2_second_char_vowel_noise0.1.csv 
Using 41 indices for  70 % of instances
Calculate prediction
Confusion matrix
Dataset: badges2 
Fold: 3 
Method: multinom 
Noise level:  10 %
Percentage of altered instances:  75 %
Using 44 indices (first 44 from shuffled list)
Loading noise data from: results/noise_injection/by_dataset/badges2_second_char_vowel_noise0.1.csv 
Using 44 indices for  75 % of instances
Calculate prediction
Confusion matrix
Dataset: badges2 
Fold: 3 
Method: multinom 
Noise level:  10 %
Percentage of altered instances:  80 %
Using 47 indices (first 47 from shuffled list)
Loading noise data from: results/noise_injection/by_dataset/badges2_second_char_vowel_noise0.1.csv 
Using 47 indices for  80 % of instances
Calculate prediction
Confusion matrix
Dataset: badges2 
Fold: 3 
Method: multinom 
Noise level:  10 %
Percentage of altered instances:  90 %
Using 53 indices (first 53 from shuffled list)
Loading noise data from: results/noise_injection/by_dataset/badges2_second_char_vowel_noise0.1.csv 
Using 53 indices for  90 % of instances
Calculate prediction
Confusion matrix
Dataset: badges2 
Fold: 3 
Method: multinom 
Noise level:  10 %
Percentage of altered instances:  100 %
Using 59 indices (first 59 from shuffled list)
Loading noise data from: results/noise_injection/by_dataset/badges2_second_char_vowel_noise0.1.csv 
Using 59 indices for  100 % of instances
Calculate prediction
Confusion matrix

=== Training model with 20 % noise in training data ===
Critical percentage for training noise: 10 %
Loading training noise data from: results/noise_injection/by_dataset/badges2_second_char_vowel_noise0.2.csv 
Altering 24 out of 235 training instances
# weights:  12 (11 variable)
initial  value 162.889587 
iter  10 value 10.224590
iter  20 value 7.993074
iter  30 value 7.373924
iter  40 value 7.153166
iter  50 value 6.561134
iter  60 value 6.491181
iter  70 value 6.485638
iter  80 value 6.484221
final  value 6.483572 
converged
Dataset: badges2 
Fold: 3 
Method: multinom 
Noise level:  20 %
Percentage of altered instances:  10 %
Using 6 indices (first 6 from shuffled list)
Loading noise data from: results/noise_injection/by_dataset/badges2_second_char_vowel_noise0.2.csv 
Using 6 indices for  10 % of instances
Calculate prediction
Confusion matrix
Dataset: badges2 
Fold: 3 
Method: multinom 
Noise level:  20 %
Percentage of altered instances:  20 %
Using 12 indices (first 12 from shuffled list)
Loading noise data from: results/noise_injection/by_dataset/badges2_second_char_vowel_noise0.2.csv 
Using 12 indices for  20 % of instances
Calculate prediction
Confusion matrix
Dataset: badges2 
Fold: 3 
Method: multinom 
Noise level:  20 %
Percentage of altered instances:  25 %
Using 15 indices (first 15 from shuffled list)
Loading noise data from: results/noise_injection/by_dataset/badges2_second_char_vowel_noise0.2.csv 
Using 15 indices for  25 % of instances
Calculate prediction
Confusion matrix
Dataset: badges2 
Fold: 3 
Method: multinom 
Noise level:  20 %
Percentage of altered instances:  30 %
Using 18 indices (first 18 from shuffled list)
Loading noise data from: results/noise_injection/by_dataset/badges2_second_char_vowel_noise0.2.csv 
Using 18 indices for  30 % of instances
Calculate prediction
Confusion matrix
Dataset: badges2 
Fold: 3 
Method: multinom 
Noise level:  20 %
Percentage of altered instances:  40 %
Using 24 indices (first 24 from shuffled list)
Loading noise data from: results/noise_injection/by_dataset/badges2_second_char_vowel_noise0.2.csv 
Using 24 indices for  40 % of instances
Calculate prediction
Confusion matrix
Dataset: badges2 
Fold: 3 
Method: multinom 
Noise level:  20 %
Percentage of altered instances:  50 %
Using 30 indices (first 30 from shuffled list)
Loading noise data from: results/noise_injection/by_dataset/badges2_second_char_vowel_noise0.2.csv 
Using 30 indices for  50 % of instances
Calculate prediction
Confusion matrix
Dataset: badges2 
Fold: 3 
Method: multinom 
Noise level:  20 %
Percentage of altered instances:  60 %
Using 35 indices (first 35 from shuffled list)
Loading noise data from: results/noise_injection/by_dataset/badges2_second_char_vowel_noise0.2.csv 
Using 35 indices for  60 % of instances
Calculate prediction
Confusion matrix
Dataset: badges2 
Fold: 3 
Method: multinom 
Noise level:  20 %
Percentage of altered instances:  70 %
Using 41 indices (first 41 from shuffled list)
Loading noise data from: results/noise_injection/by_dataset/badges2_second_char_vowel_noise0.2.csv 
Using 41 indices for  70 % of instances
Calculate prediction
Confusion matrix
Dataset: badges2 
Fold: 3 
Method: multinom 
Noise level:  20 %
Percentage of altered instances:  75 %
Using 44 indices (first 44 from shuffled list)
Loading noise data from: results/noise_injection/by_dataset/badges2_second_char_vowel_noise0.2.csv 
Using 44 indices for  75 % of instances
Calculate prediction
Confusion matrix
Dataset: badges2 
Fold: 3 
Method: multinom 
Noise level:  20 %
Percentage of altered instances:  80 %
Using 47 indices (first 47 from shuffled list)
Loading noise data from: results/noise_injection/by_dataset/badges2_second_char_vowel_noise0.2.csv 
Using 47 indices for  80 % of instances
Calculate prediction
Confusion matrix
Dataset: badges2 
Fold: 3 
Method: multinom 
Noise level:  20 %
Percentage of altered instances:  90 %
Using 53 indices (first 53 from shuffled list)
Loading noise data from: results/noise_injection/by_dataset/badges2_second_char_vowel_noise0.2.csv 
Using 53 indices for  90 % of instances
Calculate prediction
Confusion matrix
Dataset: badges2 
Fold: 3 
Method: multinom 
Noise level:  20 %
Percentage of altered instances:  100 %
Using 59 indices (first 59 from shuffled list)
Loading noise data from: results/noise_injection/by_dataset/badges2_second_char_vowel_noise0.2.csv 
Using 59 indices for  100 % of instances
Calculate prediction
Confusion matrix

=== Training model with 30 % noise in training data ===
Critical percentage for training noise: 30 %
Loading training noise data from: results/noise_injection/by_dataset/badges2_second_char_vowel_noise0.3.csv 
Altering 70 out of 235 training instances
# weights:  12 (11 variable)
initial  value 162.889587 
iter  10 value 20.083619
iter  20 value 18.974482
iter  30 value 18.961045
iter  40 value 18.939367
final  value 18.938991 
converged
Dataset: badges2 
Fold: 3 
Method: multinom 
Noise level:  30 %
Percentage of altered instances:  10 %
Using 6 indices (first 6 from shuffled list)
Loading noise data from: results/noise_injection/by_dataset/badges2_second_char_vowel_noise0.3.csv 
Using 6 indices for  10 % of instances
Calculate prediction
Confusion matrix
Dataset: badges2 
Fold: 3 
Method: multinom 
Noise level:  30 %
Percentage of altered instances:  20 %
Using 12 indices (first 12 from shuffled list)
Loading noise data from: results/noise_injection/by_dataset/badges2_second_char_vowel_noise0.3.csv 
Using 12 indices for  20 % of instances
Calculate prediction
Confusion matrix
Dataset: badges2 
Fold: 3 
Method: multinom 
Noise level:  30 %
Percentage of altered instances:  25 %
Using 15 indices (first 15 from shuffled list)
Loading noise data from: results/noise_injection/by_dataset/badges2_second_char_vowel_noise0.3.csv 
Using 15 indices for  25 % of instances
Calculate prediction
Confusion matrix
Dataset: badges2 
Fold: 3 
Method: multinom 
Noise level:  30 %
Percentage of altered instances:  30 %
Using 18 indices (first 18 from shuffled list)
Loading noise data from: results/noise_injection/by_dataset/badges2_second_char_vowel_noise0.3.csv 
Using 18 indices for  30 % of instances
Calculate prediction
Confusion matrix
Dataset: badges2 
Fold: 3 
Method: multinom 
Noise level:  30 %
Percentage of altered instances:  40 %
Using 24 indices (first 24 from shuffled list)
Loading noise data from: results/noise_injection/by_dataset/badges2_second_char_vowel_noise0.3.csv 
Using 24 indices for  40 % of instances
Calculate prediction
Confusion matrix
Dataset: badges2 
Fold: 3 
Method: multinom 
Noise level:  30 %
Percentage of altered instances:  50 %
Using 30 indices (first 30 from shuffled list)
Loading noise data from: results/noise_injection/by_dataset/badges2_second_char_vowel_noise0.3.csv 
Using 30 indices for  50 % of instances
Calculate prediction
Confusion matrix
Dataset: badges2 
Fold: 3 
Method: multinom 
Noise level:  30 %
Percentage of altered instances:  60 %
Using 35 indices (first 35 from shuffled list)
Loading noise data from: results/noise_injection/by_dataset/badges2_second_char_vowel_noise0.3.csv 
Using 35 indices for  60 % of instances
Calculate prediction
Confusion matrix
Dataset: badges2 
Fold: 3 
Method: multinom 
Noise level:  30 %
Percentage of altered instances:  70 %
Using 41 indices (first 41 from shuffled list)
Loading noise data from: results/noise_injection/by_dataset/badges2_second_char_vowel_noise0.3.csv 
Using 41 indices for  70 % of instances
Calculate prediction
Confusion matrix
Dataset: badges2 
Fold: 3 
Method: multinom 
Noise level:  30 %
Percentage of altered instances:  75 %
Using 44 indices (first 44 from shuffled list)
Loading noise data from: results/noise_injection/by_dataset/badges2_second_char_vowel_noise0.3.csv 
Using 44 indices for  75 % of instances
Calculate prediction
Confusion matrix
Dataset: badges2 
Fold: 3 
Method: multinom 
Noise level:  30 %
Percentage of altered instances:  80 %
Using 47 indices (first 47 from shuffled list)
Loading noise data from: results/noise_injection/by_dataset/badges2_second_char_vowel_noise0.3.csv 
Using 47 indices for  80 % of instances
Calculate prediction
Confusion matrix
Dataset: badges2 
Fold: 3 
Method: multinom 
Noise level:  30 %
Percentage of altered instances:  90 %
Using 53 indices (first 53 from shuffled list)
Loading noise data from: results/noise_injection/by_dataset/badges2_second_char_vowel_noise0.3.csv 
Using 53 indices for  90 % of instances
Calculate prediction
Confusion matrix
Dataset: badges2 
Fold: 3 
Method: multinom 
Noise level:  30 %
Percentage of altered instances:  100 %
Using 59 indices (first 59 from shuffled list)
Loading noise data from: results/noise_injection/by_dataset/badges2_second_char_vowel_noise0.3.csv 
Using 59 indices for  100 % of instances
Calculate prediction
Confusion matrix
Loaded 59 indices for fold 4 from: results/instances/original/vectors/badges2_multinom_all_folds.csv 

=== Training model with 10 % noise in training data ===
Critical percentage for training noise: 60 %
Loading training noise data from: results/noise_injection/by_dataset/badges2_second_char_vowel_noise0.1.csv 
Altering 141 out of 235 training instances
# weights:  12 (11 variable)
initial  value 162.889587 
iter  10 value 17.207526
iter  20 value 13.456701
iter  30 value 13.368956
iter  40 value 13.368064
final  value 13.368058 
converged
Dataset: badges2 
Fold: 4 
Method: multinom 
Noise level:  10 %
Percentage of altered instances:  10 %
Using 6 indices (first 6 from shuffled list)
Loading noise data from: results/noise_injection/by_dataset/badges2_second_char_vowel_noise0.1.csv 
Using 6 indices for  10 % of instances
Calculate prediction
Confusion matrix
Dataset: badges2 
Fold: 4 
Method: multinom 
Noise level:  10 %
Percentage of altered instances:  20 %
Using 12 indices (first 12 from shuffled list)
Loading noise data from: results/noise_injection/by_dataset/badges2_second_char_vowel_noise0.1.csv 
Using 12 indices for  20 % of instances
Calculate prediction
Confusion matrix
Dataset: badges2 
Fold: 4 
Method: multinom 
Noise level:  10 %
Percentage of altered instances:  25 %
Using 15 indices (first 15 from shuffled list)
Loading noise data from: results/noise_injection/by_dataset/badges2_second_char_vowel_noise0.1.csv 
Using 15 indices for  25 % of instances
Calculate prediction
Confusion matrix
Dataset: badges2 
Fold: 4 
Method: multinom 
Noise level:  10 %
Percentage of altered instances:  30 %
Using 18 indices (first 18 from shuffled list)
Loading noise data from: results/noise_injection/by_dataset/badges2_second_char_vowel_noise0.1.csv 
Using 18 indices for  30 % of instances
Calculate prediction
Confusion matrix
Dataset: badges2 
Fold: 4 
Method: multinom 
Noise level:  10 %
Percentage of altered instances:  40 %
Using 24 indices (first 24 from shuffled list)
Loading noise data from: results/noise_injection/by_dataset/badges2_second_char_vowel_noise0.1.csv 
Using 24 indices for  40 % of instances
Calculate prediction
Confusion matrix
Dataset: badges2 
Fold: 4 
Method: multinom 
Noise level:  10 %
Percentage of altered instances:  50 %
Using 30 indices (first 30 from shuffled list)
Loading noise data from: results/noise_injection/by_dataset/badges2_second_char_vowel_noise0.1.csv 
Using 30 indices for  50 % of instances
Calculate prediction
Confusion matrix
Dataset: badges2 
Fold: 4 
Method: multinom 
Noise level:  10 %
Percentage of altered instances:  60 %
Using 35 indices (first 35 from shuffled list)
Loading noise data from: results/noise_injection/by_dataset/badges2_second_char_vowel_noise0.1.csv 
Using 35 indices for  60 % of instances
Calculate prediction
Confusion matrix
Dataset: badges2 
Fold: 4 
Method: multinom 
Noise level:  10 %
Percentage of altered instances:  70 %
Using 41 indices (first 41 from shuffled list)
Loading noise data from: results/noise_injection/by_dataset/badges2_second_char_vowel_noise0.1.csv 
Using 41 indices for  70 % of instances
Calculate prediction
Confusion matrix
Dataset: badges2 
Fold: 4 
Method: multinom 
Noise level:  10 %
Percentage of altered instances:  75 %
Using 44 indices (first 44 from shuffled list)
Loading noise data from: results/noise_injection/by_dataset/badges2_second_char_vowel_noise0.1.csv 
Using 44 indices for  75 % of instances
Calculate prediction
Confusion matrix
Dataset: badges2 
Fold: 4 
Method: multinom 
Noise level:  10 %
Percentage of altered instances:  80 %
Using 47 indices (first 47 from shuffled list)
Loading noise data from: results/noise_injection/by_dataset/badges2_second_char_vowel_noise0.1.csv 
Using 47 indices for  80 % of instances
Calculate prediction
Confusion matrix
Dataset: badges2 
Fold: 4 
Method: multinom 
Noise level:  10 %
Percentage of altered instances:  90 %
Using 53 indices (first 53 from shuffled list)
Loading noise data from: results/noise_injection/by_dataset/badges2_second_char_vowel_noise0.1.csv 
Using 53 indices for  90 % of instances
Calculate prediction
Confusion matrix
Dataset: badges2 
Fold: 4 
Method: multinom 
Noise level:  10 %
Percentage of altered instances:  100 %
Using 59 indices (first 59 from shuffled list)
Loading noise data from: results/noise_injection/by_dataset/badges2_second_char_vowel_noise0.1.csv 
Using 59 indices for  100 % of instances
Calculate prediction
Confusion matrix

=== Training model with 20 % noise in training data ===
Critical percentage for training noise: 10 %
Loading training noise data from: results/noise_injection/by_dataset/badges2_second_char_vowel_noise0.2.csv 
Altering 24 out of 235 training instances
# weights:  12 (11 variable)
initial  value 162.889587 
iter  10 value 0.785484
iter  20 value 0.316397
iter  30 value 0.037870
iter  40 value 0.018168
iter  50 value 0.013485
iter  60 value 0.008416
iter  70 value 0.004691
iter  80 value 0.004409
iter  90 value 0.003170
iter 100 value 0.002763
final  value 0.002763 
stopped after 100 iterations
Dataset: badges2 
Fold: 4 
Method: multinom 
Noise level:  20 %
Percentage of altered instances:  10 %
Using 6 indices (first 6 from shuffled list)
Loading noise data from: results/noise_injection/by_dataset/badges2_second_char_vowel_noise0.2.csv 
Using 6 indices for  10 % of instances
Calculate prediction
Confusion matrix
Dataset: badges2 
Fold: 4 
Method: multinom 
Noise level:  20 %
Percentage of altered instances:  20 %
Using 12 indices (first 12 from shuffled list)
Loading noise data from: results/noise_injection/by_dataset/badges2_second_char_vowel_noise0.2.csv 
Using 12 indices for  20 % of instances
Calculate prediction
Confusion matrix
Dataset: badges2 
Fold: 4 
Method: multinom 
Noise level:  20 %
Percentage of altered instances:  25 %
Using 15 indices (first 15 from shuffled list)
Loading noise data from: results/noise_injection/by_dataset/badges2_second_char_vowel_noise0.2.csv 
Using 15 indices for  25 % of instances
Calculate prediction
Confusion matrix
Dataset: badges2 
Fold: 4 
Method: multinom 
Noise level:  20 %
Percentage of altered instances:  30 %
Using 18 indices (first 18 from shuffled list)
Loading noise data from: results/noise_injection/by_dataset/badges2_second_char_vowel_noise0.2.csv 
Using 18 indices for  30 % of instances
Calculate prediction
Confusion matrix
Dataset: badges2 
Fold: 4 
Method: multinom 
Noise level:  20 %
Percentage of altered instances:  40 %
Using 24 indices (first 24 from shuffled list)
Loading noise data from: results/noise_injection/by_dataset/badges2_second_char_vowel_noise0.2.csv 
Using 24 indices for  40 % of instances
Calculate prediction
Confusion matrix
Dataset: badges2 
Fold: 4 
Method: multinom 
Noise level:  20 %
Percentage of altered instances:  50 %
Using 30 indices (first 30 from shuffled list)
Loading noise data from: results/noise_injection/by_dataset/badges2_second_char_vowel_noise0.2.csv 
Using 30 indices for  50 % of instances
Calculate prediction
Confusion matrix
Dataset: badges2 
Fold: 4 
Method: multinom 
Noise level:  20 %
Percentage of altered instances:  60 %
Using 35 indices (first 35 from shuffled list)
Loading noise data from: results/noise_injection/by_dataset/badges2_second_char_vowel_noise0.2.csv 
Using 35 indices for  60 % of instances
Calculate prediction
Confusion matrix
Dataset: badges2 
Fold: 4 
Method: multinom 
Noise level:  20 %
Percentage of altered instances:  70 %
Using 41 indices (first 41 from shuffled list)
Loading noise data from: results/noise_injection/by_dataset/badges2_second_char_vowel_noise0.2.csv 
Using 41 indices for  70 % of instances
Calculate prediction
Confusion matrix
Dataset: badges2 
Fold: 4 
Method: multinom 
Noise level:  20 %
Percentage of altered instances:  75 %
Using 44 indices (first 44 from shuffled list)
Loading noise data from: results/noise_injection/by_dataset/badges2_second_char_vowel_noise0.2.csv 
Using 44 indices for  75 % of instances
Calculate prediction
Confusion matrix
Dataset: badges2 
Fold: 4 
Method: multinom 
Noise level:  20 %
Percentage of altered instances:  80 %
Using 47 indices (first 47 from shuffled list)
Loading noise data from: results/noise_injection/by_dataset/badges2_second_char_vowel_noise0.2.csv 
Using 47 indices for  80 % of instances
Calculate prediction
Confusion matrix
Dataset: badges2 
Fold: 4 
Method: multinom 
Noise level:  20 %
Percentage of altered instances:  90 %
Using 53 indices (first 53 from shuffled list)
Loading noise data from: results/noise_injection/by_dataset/badges2_second_char_vowel_noise0.2.csv 
Using 53 indices for  90 % of instances
Calculate prediction
Confusion matrix
Dataset: badges2 
Fold: 4 
Method: multinom 
Noise level:  20 %
Percentage of altered instances:  100 %
Using 59 indices (first 59 from shuffled list)
Loading noise data from: results/noise_injection/by_dataset/badges2_second_char_vowel_noise0.2.csv 
Using 59 indices for  100 % of instances
Calculate prediction
Confusion matrix

=== Training model with 30 % noise in training data ===
Critical percentage for training noise: 30 %
Loading training noise data from: results/noise_injection/by_dataset/badges2_second_char_vowel_noise0.3.csv 
Altering 70 out of 235 training instances
# weights:  12 (11 variable)
initial  value 162.889587 
iter  10 value 41.485294
iter  20 value 41.014359
iter  30 value 41.006316
final  value 41.006312 
converged
Dataset: badges2 
Fold: 4 
Method: multinom 
Noise level:  30 %
Percentage of altered instances:  10 %
Using 6 indices (first 6 from shuffled list)
Loading noise data from: results/noise_injection/by_dataset/badges2_second_char_vowel_noise0.3.csv 
Using 6 indices for  10 % of instances
Calculate prediction
Confusion matrix
Dataset: badges2 
Fold: 4 
Method: multinom 
Noise level:  30 %
Percentage of altered instances:  20 %
Using 12 indices (first 12 from shuffled list)
Loading noise data from: results/noise_injection/by_dataset/badges2_second_char_vowel_noise0.3.csv 
Using 12 indices for  20 % of instances
Calculate prediction
Confusion matrix
Dataset: badges2 
Fold: 4 
Method: multinom 
Noise level:  30 %
Percentage of altered instances:  25 %
Using 15 indices (first 15 from shuffled list)
Loading noise data from: results/noise_injection/by_dataset/badges2_second_char_vowel_noise0.3.csv 
Using 15 indices for  25 % of instances
Calculate prediction
Confusion matrix
Dataset: badges2 
Fold: 4 
Method: multinom 
Noise level:  30 %
Percentage of altered instances:  30 %
Using 18 indices (first 18 from shuffled list)
Loading noise data from: results/noise_injection/by_dataset/badges2_second_char_vowel_noise0.3.csv 
Using 18 indices for  30 % of instances
Calculate prediction
Confusion matrix
Dataset: badges2 
Fold: 4 
Method: multinom 
Noise level:  30 %
Percentage of altered instances:  40 %
Using 24 indices (first 24 from shuffled list)
Loading noise data from: results/noise_injection/by_dataset/badges2_second_char_vowel_noise0.3.csv 
Using 24 indices for  40 % of instances
Calculate prediction
Confusion matrix
Dataset: badges2 
Fold: 4 
Method: multinom 
Noise level:  30 %
Percentage of altered instances:  50 %
Using 30 indices (first 30 from shuffled list)
Loading noise data from: results/noise_injection/by_dataset/badges2_second_char_vowel_noise0.3.csv 
Using 30 indices for  50 % of instances
Calculate prediction
Confusion matrix
Dataset: badges2 
Fold: 4 
Method: multinom 
Noise level:  30 %
Percentage of altered instances:  60 %
Using 35 indices (first 35 from shuffled list)
Loading noise data from: results/noise_injection/by_dataset/badges2_second_char_vowel_noise0.3.csv 
Using 35 indices for  60 % of instances
Calculate prediction
Confusion matrix
Dataset: badges2 
Fold: 4 
Method: multinom 
Noise level:  30 %
Percentage of altered instances:  70 %
Using 41 indices (first 41 from shuffled list)
Loading noise data from: results/noise_injection/by_dataset/badges2_second_char_vowel_noise0.3.csv 
Using 41 indices for  70 % of instances
Calculate prediction
Confusion matrix
Dataset: badges2 
Fold: 4 
Method: multinom 
Noise level:  30 %
Percentage of altered instances:  75 %
Using 44 indices (first 44 from shuffled list)
Loading noise data from: results/noise_injection/by_dataset/badges2_second_char_vowel_noise0.3.csv 
Using 44 indices for  75 % of instances
Calculate prediction
Confusion matrix
Dataset: badges2 
Fold: 4 
Method: multinom 
Noise level:  30 %
Percentage of altered instances:  80 %
Using 47 indices (first 47 from shuffled list)
Loading noise data from: results/noise_injection/by_dataset/badges2_second_char_vowel_noise0.3.csv 
Using 47 indices for  80 % of instances
Calculate prediction
Confusion matrix
Dataset: badges2 
Fold: 4 
Method: multinom 
Noise level:  30 %
Percentage of altered instances:  90 %
Using 53 indices (first 53 from shuffled list)
Loading noise data from: results/noise_injection/by_dataset/badges2_second_char_vowel_noise0.3.csv 
Using 53 indices for  90 % of instances
Calculate prediction
Confusion matrix
Dataset: badges2 
Fold: 4 
Method: multinom 
Noise level:  30 %
Percentage of altered instances:  100 %
Using 59 indices (first 59 from shuffled list)
Loading noise data from: results/noise_injection/by_dataset/badges2_second_char_vowel_noise0.3.csv 
Using 59 indices for  100 % of instances
Calculate prediction
Confusion matrix
Loaded 59 indices for fold 5 from: results/instances/original/vectors/badges2_multinom_all_folds.csv 

=== Training model with 10 % noise in training data ===
Critical percentage for training noise: 60 %
Loading training noise data from: results/noise_injection/by_dataset/badges2_second_char_vowel_noise0.1.csv 
Altering 141 out of 235 training instances
# weights:  12 (11 variable)
initial  value 162.889587 
iter  10 value 29.437638
iter  20 value 28.137531
iter  30 value 28.131452
final  value 28.131430 
converged
Dataset: badges2 
Fold: 5 
Method: multinom 
Noise level:  10 %
Percentage of altered instances:  10 %
Using 6 indices (first 6 from shuffled list)
Loading noise data from: results/noise_injection/by_dataset/badges2_second_char_vowel_noise0.1.csv 
Using 6 indices for  10 % of instances
Calculate prediction
Confusion matrix
Dataset: badges2 
Fold: 5 
Method: multinom 
Noise level:  10 %
Percentage of altered instances:  20 %
Using 12 indices (first 12 from shuffled list)
Loading noise data from: results/noise_injection/by_dataset/badges2_second_char_vowel_noise0.1.csv 
Using 12 indices for  20 % of instances
Calculate prediction
Confusion matrix
Dataset: badges2 
Fold: 5 
Method: multinom 
Noise level:  10 %
Percentage of altered instances:  25 %
Using 15 indices (first 15 from shuffled list)
Loading noise data from: results/noise_injection/by_dataset/badges2_second_char_vowel_noise0.1.csv 
Using 15 indices for  25 % of instances
Calculate prediction
Confusion matrix
Dataset: badges2 
Fold: 5 
Method: multinom 
Noise level:  10 %
Percentage of altered instances:  30 %
Using 18 indices (first 18 from shuffled list)
Loading noise data from: results/noise_injection/by_dataset/badges2_second_char_vowel_noise0.1.csv 
Using 18 indices for  30 % of instances
Calculate prediction
Confusion matrix
Dataset: badges2 
Fold: 5 
Method: multinom 
Noise level:  10 %
Percentage of altered instances:  40 %
Using 24 indices (first 24 from shuffled list)
Loading noise data from: results/noise_injection/by_dataset/badges2_second_char_vowel_noise0.1.csv 
Using 24 indices for  40 % of instances
Calculate prediction
Confusion matrix
Dataset: badges2 
Fold: 5 
Method: multinom 
Noise level:  10 %
Percentage of altered instances:  50 %
Using 30 indices (first 30 from shuffled list)
Loading noise data from: results/noise_injection/by_dataset/badges2_second_char_vowel_noise0.1.csv 
Using 30 indices for  50 % of instances
Calculate prediction
Confusion matrix
Dataset: badges2 
Fold: 5 
Method: multinom 
Noise level:  10 %
Percentage of altered instances:  60 %
Using 35 indices (first 35 from shuffled list)
Loading noise data from: results/noise_injection/by_dataset/badges2_second_char_vowel_noise0.1.csv 
Using 35 indices for  60 % of instances
Calculate prediction
Confusion matrix
Dataset: badges2 
Fold: 5 
Method: multinom 
Noise level:  10 %
Percentage of altered instances:  70 %
Using 41 indices (first 41 from shuffled list)
Loading noise data from: results/noise_injection/by_dataset/badges2_second_char_vowel_noise0.1.csv 
Using 41 indices for  70 % of instances
Calculate prediction
Confusion matrix
Dataset: badges2 
Fold: 5 
Method: multinom 
Noise level:  10 %
Percentage of altered instances:  75 %
Using 44 indices (first 44 from shuffled list)
Loading noise data from: results/noise_injection/by_dataset/badges2_second_char_vowel_noise0.1.csv 
Using 44 indices for  75 % of instances
Calculate prediction
Confusion matrix
Dataset: badges2 
Fold: 5 
Method: multinom 
Noise level:  10 %
Percentage of altered instances:  80 %
Using 47 indices (first 47 from shuffled list)
Loading noise data from: results/noise_injection/by_dataset/badges2_second_char_vowel_noise0.1.csv 
Using 47 indices for  80 % of instances
Calculate prediction
Confusion matrix
Dataset: badges2 
Fold: 5 
Method: multinom 
Noise level:  10 %
Percentage of altered instances:  90 %
Using 53 indices (first 53 from shuffled list)
Loading noise data from: results/noise_injection/by_dataset/badges2_second_char_vowel_noise0.1.csv 
Using 53 indices for  90 % of instances
Calculate prediction
Confusion matrix
Dataset: badges2 
Fold: 5 
Method: multinom 
Noise level:  10 %
Percentage of altered instances:  100 %
Using 59 indices (first 59 from shuffled list)
Loading noise data from: results/noise_injection/by_dataset/badges2_second_char_vowel_noise0.1.csv 
Using 59 indices for  100 % of instances
Calculate prediction
Confusion matrix

=== Training model with 20 % noise in training data ===
Critical percentage for training noise: 10 %
Loading training noise data from: results/noise_injection/by_dataset/badges2_second_char_vowel_noise0.2.csv 
Altering 24 out of 235 training instances
# weights:  12 (11 variable)
initial  value 162.889587 
iter  10 value 0.654892
iter  20 value 0.005113
iter  30 value 0.002021
iter  40 value 0.000282
iter  50 value 0.000250
iter  60 value 0.000140
final  value 0.000140 
converged
Dataset: badges2 
Fold: 5 
Method: multinom 
Noise level:  20 %
Percentage of altered instances:  10 %
Using 6 indices (first 6 from shuffled list)
Loading noise data from: results/noise_injection/by_dataset/badges2_second_char_vowel_noise0.2.csv 
Using 6 indices for  10 % of instances
Calculate prediction
Confusion matrix
Dataset: badges2 
Fold: 5 
Method: multinom 
Noise level:  20 %
Percentage of altered instances:  20 %
Using 12 indices (first 12 from shuffled list)
Loading noise data from: results/noise_injection/by_dataset/badges2_second_char_vowel_noise0.2.csv 
Using 12 indices for  20 % of instances
Calculate prediction
Confusion matrix
Dataset: badges2 
Fold: 5 
Method: multinom 
Noise level:  20 %
Percentage of altered instances:  25 %
Using 15 indices (first 15 from shuffled list)
Loading noise data from: results/noise_injection/by_dataset/badges2_second_char_vowel_noise0.2.csv 
Using 15 indices for  25 % of instances
Calculate prediction
Confusion matrix
Dataset: badges2 
Fold: 5 
Method: multinom 
Noise level:  20 %
Percentage of altered instances:  30 %
Using 18 indices (first 18 from shuffled list)
Loading noise data from: results/noise_injection/by_dataset/badges2_second_char_vowel_noise0.2.csv 
Using 18 indices for  30 % of instances
Calculate prediction
Confusion matrix
Dataset: badges2 
Fold: 5 
Method: multinom 
Noise level:  20 %
Percentage of altered instances:  40 %
Using 24 indices (first 24 from shuffled list)
Loading noise data from: results/noise_injection/by_dataset/badges2_second_char_vowel_noise0.2.csv 
Using 24 indices for  40 % of instances
Calculate prediction
Confusion matrix
Dataset: badges2 
Fold: 5 
Method: multinom 
Noise level:  20 %
Percentage of altered instances:  50 %
Using 30 indices (first 30 from shuffled list)
Loading noise data from: results/noise_injection/by_dataset/badges2_second_char_vowel_noise0.2.csv 
Using 30 indices for  50 % of instances
Calculate prediction
Confusion matrix
Dataset: badges2 
Fold: 5 
Method: multinom 
Noise level:  20 %
Percentage of altered instances:  60 %
Using 35 indices (first 35 from shuffled list)
Loading noise data from: results/noise_injection/by_dataset/badges2_second_char_vowel_noise0.2.csv 
Using 35 indices for  60 % of instances
Calculate prediction
Confusion matrix
Dataset: badges2 
Fold: 5 
Method: multinom 
Noise level:  20 %
Percentage of altered instances:  70 %
Using 41 indices (first 41 from shuffled list)
Loading noise data from: results/noise_injection/by_dataset/badges2_second_char_vowel_noise0.2.csv 
Using 41 indices for  70 % of instances
Calculate prediction
Confusion matrix
Dataset: badges2 
Fold: 5 
Method: multinom 
Noise level:  20 %
Percentage of altered instances:  75 %
Using 44 indices (first 44 from shuffled list)
Loading noise data from: results/noise_injection/by_dataset/badges2_second_char_vowel_noise0.2.csv 
Using 44 indices for  75 % of instances
Calculate prediction
Confusion matrix
Dataset: badges2 
Fold: 5 
Method: multinom 
Noise level:  20 %
Percentage of altered instances:  80 %
Using 47 indices (first 47 from shuffled list)
Loading noise data from: results/noise_injection/by_dataset/badges2_second_char_vowel_noise0.2.csv 
Using 47 indices for  80 % of instances
Calculate prediction
Confusion matrix
Dataset: badges2 
Fold: 5 
Method: multinom 
Noise level:  20 %
Percentage of altered instances:  90 %
Using 53 indices (first 53 from shuffled list)
Loading noise data from: results/noise_injection/by_dataset/badges2_second_char_vowel_noise0.2.csv 
Using 53 indices for  90 % of instances
Calculate prediction
Confusion matrix
Dataset: badges2 
Fold: 5 
Method: multinom 
Noise level:  20 %
Percentage of altered instances:  100 %
Using 59 indices (first 59 from shuffled list)
Loading noise data from: results/noise_injection/by_dataset/badges2_second_char_vowel_noise0.2.csv 
Using 59 indices for  100 % of instances
Calculate prediction
Confusion matrix

=== Training model with 30 % noise in training data ===
Critical percentage for training noise: 30 %
Loading training noise data from: results/noise_injection/by_dataset/badges2_second_char_vowel_noise0.3.csv 
Altering 70 out of 235 training instances
# weights:  12 (11 variable)
initial  value 162.889587 
iter  10 value 40.506489
iter  20 value 39.604816
final  value 39.604780 
converged
Dataset: badges2 
Fold: 5 
Method: multinom 
Noise level:  30 %
Percentage of altered instances:  10 %
Using 6 indices (first 6 from shuffled list)
Loading noise data from: results/noise_injection/by_dataset/badges2_second_char_vowel_noise0.3.csv 
Using 6 indices for  10 % of instances
Calculate prediction
Confusion matrix
Dataset: badges2 
Fold: 5 
Method: multinom 
Noise level:  30 %
Percentage of altered instances:  20 %
Using 12 indices (first 12 from shuffled list)
Loading noise data from: results/noise_injection/by_dataset/badges2_second_char_vowel_noise0.3.csv 
Using 12 indices for  20 % of instances
Calculate prediction
Confusion matrix
Dataset: badges2 
Fold: 5 
Method: multinom 
Noise level:  30 %
Percentage of altered instances:  25 %
Using 15 indices (first 15 from shuffled list)
Loading noise data from: results/noise_injection/by_dataset/badges2_second_char_vowel_noise0.3.csv 
Using 15 indices for  25 % of instances
Calculate prediction
Confusion matrix
Dataset: badges2 
Fold: 5 
Method: multinom 
Noise level:  30 %
Percentage of altered instances:  30 %
Using 18 indices (first 18 from shuffled list)
Loading noise data from: results/noise_injection/by_dataset/badges2_second_char_vowel_noise0.3.csv 
Using 18 indices for  30 % of instances
Calculate prediction
Confusion matrix
Dataset: badges2 
Fold: 5 
Method: multinom 
Noise level:  30 %
Percentage of altered instances:  40 %
Using 24 indices (first 24 from shuffled list)
Loading noise data from: results/noise_injection/by_dataset/badges2_second_char_vowel_noise0.3.csv 
Using 24 indices for  40 % of instances
Calculate prediction
Confusion matrix
Dataset: badges2 
Fold: 5 
Method: multinom 
Noise level:  30 %
Percentage of altered instances:  50 %
Using 30 indices (first 30 from shuffled list)
Loading noise data from: results/noise_injection/by_dataset/badges2_second_char_vowel_noise0.3.csv 
Using 30 indices for  50 % of instances
Calculate prediction
Confusion matrix
Dataset: badges2 
Fold: 5 
Method: multinom 
Noise level:  30 %
Percentage of altered instances:  60 %
Using 35 indices (first 35 from shuffled list)
Loading noise data from: results/noise_injection/by_dataset/badges2_second_char_vowel_noise0.3.csv 
Using 35 indices for  60 % of instances
Calculate prediction
Confusion matrix
Dataset: badges2 
Fold: 5 
Method: multinom 
Noise level:  30 %
Percentage of altered instances:  70 %
Using 41 indices (first 41 from shuffled list)
Loading noise data from: results/noise_injection/by_dataset/badges2_second_char_vowel_noise0.3.csv 
Using 41 indices for  70 % of instances
Calculate prediction
Confusion matrix
Dataset: badges2 
Fold: 5 
Method: multinom 
Noise level:  30 %
Percentage of altered instances:  75 %
Using 44 indices (first 44 from shuffled list)
Loading noise data from: results/noise_injection/by_dataset/badges2_second_char_vowel_noise0.3.csv 
Using 44 indices for  75 % of instances
Calculate prediction
Confusion matrix
Dataset: badges2 
Fold: 5 
Method: multinom 
Noise level:  30 %
Percentage of altered instances:  80 %
Using 47 indices (first 47 from shuffled list)
Loading noise data from: results/noise_injection/by_dataset/badges2_second_char_vowel_noise0.3.csv 
Using 47 indices for  80 % of instances
Calculate prediction
Confusion matrix
Dataset: badges2 
Fold: 5 
Method: multinom 
Noise level:  30 %
Percentage of altered instances:  90 %
Using 53 indices (first 53 from shuffled list)
Loading noise data from: results/noise_injection/by_dataset/badges2_second_char_vowel_noise0.3.csv 
Using 53 indices for  90 % of instances
Calculate prediction
Confusion matrix
Dataset: badges2 
Fold: 5 
Method: multinom 
Noise level:  30 %
Percentage of altered instances:  100 %
Using 59 indices (first 59 from shuffled list)
Loading noise data from: results/noise_injection/by_dataset/badges2_second_char_vowel_noise0.3.csv 
Using 59 indices for  100 % of instances
Calculate prediction
Confusion matrix
Saved results to: results/instances/train_noise/by_dataset/badges2_multinom_results.csv 
----------------
****************************
Instances altered with noise
****************************
