Current working directory: /home/chris/github/kappa-threshold 
parameters.csv exists: TRUE 
parameters.csv absolute path: /home/chris/github/kappa-threshold/data/files/parameters.csv 
Processing model: bayesglm for dataset: banknote 
Loaded 275 indices for fold 1 from: results/instances/original/vectors/banknote_bayesglm_all_folds.csv 

=== Training model with 10 % noise in training data ===
Critical percentage for training noise: 100 %
Loading training noise data from: results/noise_injection/by_dataset/banknote_variance_noise0.1.csv 
Altering 1097 out of 1097 training instances
Dataset: banknote 
Fold: 1 
Method: bayesglm 
Noise level:  10 %
Percentage of altered instances:  10 %
Using 28 indices (first 28 from shuffled list)
Loading noise data from: results/noise_injection/by_dataset/banknote_variance_noise0.1.csv 
Using 28 indices for  10 % of instances
Calculate prediction
Confusion matrix
Dataset: banknote 
Fold: 1 
Method: bayesglm 
Noise level:  10 %
Percentage of altered instances:  20 %
Using 55 indices (first 55 from shuffled list)
Loading noise data from: results/noise_injection/by_dataset/banknote_variance_noise0.1.csv 
Using 55 indices for  20 % of instances
Calculate prediction
Confusion matrix
Dataset: banknote 
Fold: 1 
Method: bayesglm 
Noise level:  10 %
Percentage of altered instances:  25 %
Using 69 indices (first 69 from shuffled list)
Loading noise data from: results/noise_injection/by_dataset/banknote_variance_noise0.1.csv 
Using 69 indices for  25 % of instances
Calculate prediction
Confusion matrix
Dataset: banknote 
Fold: 1 
Method: bayesglm 
Noise level:  10 %
Percentage of altered instances:  30 %
Using 82 indices (first 82 from shuffled list)
Loading noise data from: results/noise_injection/by_dataset/banknote_variance_noise0.1.csv 
Using 82 indices for  30 % of instances
Calculate prediction
Confusion matrix
Dataset: banknote 
Fold: 1 
Method: bayesglm 
Noise level:  10 %
Percentage of altered instances:  40 %
Using 110 indices (first 110 from shuffled list)
Loading noise data from: results/noise_injection/by_dataset/banknote_variance_noise0.1.csv 
Using 110 indices for  40 % of instances
Calculate prediction
Confusion matrix
Dataset: banknote 
Fold: 1 
Method: bayesglm 
Noise level:  10 %
Percentage of altered instances:  50 %
Using 138 indices (first 138 from shuffled list)
Loading noise data from: results/noise_injection/by_dataset/banknote_variance_noise0.1.csv 
Using 138 indices for  50 % of instances
Calculate prediction
Confusion matrix
Dataset: banknote 
Fold: 1 
Method: bayesglm 
Noise level:  10 %
Percentage of altered instances:  60 %
Using 165 indices (first 165 from shuffled list)
Loading noise data from: results/noise_injection/by_dataset/banknote_variance_noise0.1.csv 
Using 165 indices for  60 % of instances
Calculate prediction
Confusion matrix
Dataset: banknote 
Fold: 1 
Method: bayesglm 
Noise level:  10 %
Percentage of altered instances:  70 %
Using 192 indices (first 192 from shuffled list)
Loading noise data from: results/noise_injection/by_dataset/banknote_variance_noise0.1.csv 
Using 192 indices for  70 % of instances
Calculate prediction
Confusion matrix
Dataset: banknote 
Fold: 1 
Method: bayesglm 
Noise level:  10 %
Percentage of altered instances:  75 %
Using 206 indices (first 206 from shuffled list)
Loading noise data from: results/noise_injection/by_dataset/banknote_variance_noise0.1.csv 
Using 206 indices for  75 % of instances
Calculate prediction
Confusion matrix
Dataset: banknote 
Fold: 1 
Method: bayesglm 
Noise level:  10 %
Percentage of altered instances:  80 %
Using 220 indices (first 220 from shuffled list)
Loading noise data from: results/noise_injection/by_dataset/banknote_variance_noise0.1.csv 
Using 220 indices for  80 % of instances
Calculate prediction
Confusion matrix
Dataset: banknote 
Fold: 1 
Method: bayesglm 
Noise level:  10 %
Percentage of altered instances:  90 %
Using 248 indices (first 248 from shuffled list)
Loading noise data from: results/noise_injection/by_dataset/banknote_variance_noise0.1.csv 
Using 248 indices for  90 % of instances
Calculate prediction
Confusion matrix
Dataset: banknote 
Fold: 1 
Method: bayesglm 
Noise level:  10 %
Percentage of altered instances:  100 %
Using 275 indices (first 275 from shuffled list)
Loading noise data from: results/noise_injection/by_dataset/banknote_variance_noise0.1.csv 
Using 275 indices for  100 % of instances
Calculate prediction
Confusion matrix

=== Training model with 20 % noise in training data ===
Critical percentage for training noise: 100 %
Loading training noise data from: results/noise_injection/by_dataset/banknote_variance_noise0.2.csv 
Altering 1097 out of 1097 training instances
Dataset: banknote 
Fold: 1 
Method: bayesglm 
Noise level:  20 %
Percentage of altered instances:  10 %
Using 28 indices (first 28 from shuffled list)
Loading noise data from: results/noise_injection/by_dataset/banknote_variance_noise0.2.csv 
Using 28 indices for  10 % of instances
Calculate prediction
Confusion matrix
Dataset: banknote 
Fold: 1 
Method: bayesglm 
Noise level:  20 %
Percentage of altered instances:  20 %
Using 55 indices (first 55 from shuffled list)
Loading noise data from: results/noise_injection/by_dataset/banknote_variance_noise0.2.csv 
Using 55 indices for  20 % of instances
Calculate prediction
Confusion matrix
Dataset: banknote 
Fold: 1 
Method: bayesglm 
Noise level:  20 %
Percentage of altered instances:  25 %
Using 69 indices (first 69 from shuffled list)
Loading noise data from: results/noise_injection/by_dataset/banknote_variance_noise0.2.csv 
Using 69 indices for  25 % of instances
Calculate prediction
Confusion matrix
Dataset: banknote 
Fold: 1 
Method: bayesglm 
Noise level:  20 %
Percentage of altered instances:  30 %
Using 82 indices (first 82 from shuffled list)
Loading noise data from: results/noise_injection/by_dataset/banknote_variance_noise0.2.csv 
Using 82 indices for  30 % of instances
Calculate prediction
Confusion matrix
Dataset: banknote 
Fold: 1 
Method: bayesglm 
Noise level:  20 %
Percentage of altered instances:  40 %
Using 110 indices (first 110 from shuffled list)
Loading noise data from: results/noise_injection/by_dataset/banknote_variance_noise0.2.csv 
Using 110 indices for  40 % of instances
Calculate prediction
Confusion matrix
Dataset: banknote 
Fold: 1 
Method: bayesglm 
Noise level:  20 %
Percentage of altered instances:  50 %
Using 138 indices (first 138 from shuffled list)
Loading noise data from: results/noise_injection/by_dataset/banknote_variance_noise0.2.csv 
Using 138 indices for  50 % of instances
Calculate prediction
Confusion matrix
Dataset: banknote 
Fold: 1 
Method: bayesglm 
Noise level:  20 %
Percentage of altered instances:  60 %
Using 165 indices (first 165 from shuffled list)
Loading noise data from: results/noise_injection/by_dataset/banknote_variance_noise0.2.csv 
Using 165 indices for  60 % of instances
Calculate prediction
Confusion matrix
Dataset: banknote 
Fold: 1 
Method: bayesglm 
Noise level:  20 %
Percentage of altered instances:  70 %
Using 192 indices (first 192 from shuffled list)
Loading noise data from: results/noise_injection/by_dataset/banknote_variance_noise0.2.csv 
Using 192 indices for  70 % of instances
Calculate prediction
Confusion matrix
Dataset: banknote 
Fold: 1 
Method: bayesglm 
Noise level:  20 %
Percentage of altered instances:  75 %
Using 206 indices (first 206 from shuffled list)
Loading noise data from: results/noise_injection/by_dataset/banknote_variance_noise0.2.csv 
Using 206 indices for  75 % of instances
Calculate prediction
Confusion matrix
Dataset: banknote 
Fold: 1 
Method: bayesglm 
Noise level:  20 %
Percentage of altered instances:  80 %
Using 220 indices (first 220 from shuffled list)
Loading noise data from: results/noise_injection/by_dataset/banknote_variance_noise0.2.csv 
Using 220 indices for  80 % of instances
Calculate prediction
Confusion matrix
Dataset: banknote 
Fold: 1 
Method: bayesglm 
Noise level:  20 %
Percentage of altered instances:  90 %
Using 248 indices (first 248 from shuffled list)
Loading noise data from: results/noise_injection/by_dataset/banknote_variance_noise0.2.csv 
Using 248 indices for  90 % of instances
Calculate prediction
Confusion matrix
Dataset: banknote 
Fold: 1 
Method: bayesglm 
Noise level:  20 %
Percentage of altered instances:  100 %
Using 275 indices (first 275 from shuffled list)
Loading noise data from: results/noise_injection/by_dataset/banknote_variance_noise0.2.csv 
Using 275 indices for  100 % of instances
Calculate prediction
Confusion matrix

=== Training model with 30 % noise in training data ===
Critical percentage for training noise: 75 %
Loading training noise data from: results/noise_injection/by_dataset/banknote_variance_noise0.3.csv 
Altering 823 out of 1097 training instances
Dataset: banknote 
Fold: 1 
Method: bayesglm 
Noise level:  30 %
Percentage of altered instances:  10 %
Using 28 indices (first 28 from shuffled list)
Loading noise data from: results/noise_injection/by_dataset/banknote_variance_noise0.3.csv 
Using 28 indices for  10 % of instances
Calculate prediction
Confusion matrix
Dataset: banknote 
Fold: 1 
Method: bayesglm 
Noise level:  30 %
Percentage of altered instances:  20 %
Using 55 indices (first 55 from shuffled list)
Loading noise data from: results/noise_injection/by_dataset/banknote_variance_noise0.3.csv 
Using 55 indices for  20 % of instances
Calculate prediction
Confusion matrix
Dataset: banknote 
Fold: 1 
Method: bayesglm 
Noise level:  30 %
Percentage of altered instances:  25 %
Using 69 indices (first 69 from shuffled list)
Loading noise data from: results/noise_injection/by_dataset/banknote_variance_noise0.3.csv 
Using 69 indices for  25 % of instances
Calculate prediction
Confusion matrix
Dataset: banknote 
Fold: 1 
Method: bayesglm 
Noise level:  30 %
Percentage of altered instances:  30 %
Using 82 indices (first 82 from shuffled list)
Loading noise data from: results/noise_injection/by_dataset/banknote_variance_noise0.3.csv 
Using 82 indices for  30 % of instances
Calculate prediction
Confusion matrix
Dataset: banknote 
Fold: 1 
Method: bayesglm 
Noise level:  30 %
Percentage of altered instances:  40 %
Using 110 indices (first 110 from shuffled list)
Loading noise data from: results/noise_injection/by_dataset/banknote_variance_noise0.3.csv 
Using 110 indices for  40 % of instances
Calculate prediction
Confusion matrix
Dataset: banknote 
Fold: 1 
Method: bayesglm 
Noise level:  30 %
Percentage of altered instances:  50 %
Using 138 indices (first 138 from shuffled list)
Loading noise data from: results/noise_injection/by_dataset/banknote_variance_noise0.3.csv 
Using 138 indices for  50 % of instances
Calculate prediction
Confusion matrix
Dataset: banknote 
Fold: 1 
Method: bayesglm 
Noise level:  30 %
Percentage of altered instances:  60 %
Using 165 indices (first 165 from shuffled list)
Loading noise data from: results/noise_injection/by_dataset/banknote_variance_noise0.3.csv 
Using 165 indices for  60 % of instances
Calculate prediction
Confusion matrix
Dataset: banknote 
Fold: 1 
Method: bayesglm 
Noise level:  30 %
Percentage of altered instances:  70 %
Using 192 indices (first 192 from shuffled list)
Loading noise data from: results/noise_injection/by_dataset/banknote_variance_noise0.3.csv 
Using 192 indices for  70 % of instances
Calculate prediction
Confusion matrix
Dataset: banknote 
Fold: 1 
Method: bayesglm 
Noise level:  30 %
Percentage of altered instances:  75 %
Using 206 indices (first 206 from shuffled list)
Loading noise data from: results/noise_injection/by_dataset/banknote_variance_noise0.3.csv 
Using 206 indices for  75 % of instances
Calculate prediction
Confusion matrix
Dataset: banknote 
Fold: 1 
Method: bayesglm 
Noise level:  30 %
Percentage of altered instances:  80 %
Using 220 indices (first 220 from shuffled list)
Loading noise data from: results/noise_injection/by_dataset/banknote_variance_noise0.3.csv 
Using 220 indices for  80 % of instances
Calculate prediction
Confusion matrix
Dataset: banknote 
Fold: 1 
Method: bayesglm 
Noise level:  30 %
Percentage of altered instances:  90 %
Using 248 indices (first 248 from shuffled list)
Loading noise data from: results/noise_injection/by_dataset/banknote_variance_noise0.3.csv 
Using 248 indices for  90 % of instances
Calculate prediction
Confusion matrix
Dataset: banknote 
Fold: 1 
Method: bayesglm 
Noise level:  30 %
Percentage of altered instances:  100 %
Using 275 indices (first 275 from shuffled list)
Loading noise data from: results/noise_injection/by_dataset/banknote_variance_noise0.3.csv 
Using 275 indices for  100 % of instances
Calculate prediction
Confusion matrix
Loaded 274 indices for fold 2 from: results/instances/original/vectors/banknote_bayesglm_all_folds.csv 

=== Training model with 10 % noise in training data ===
Critical percentage for training noise: 100 %
Loading training noise data from: results/noise_injection/by_dataset/banknote_variance_noise0.1.csv 
Altering 1098 out of 1098 training instances
Dataset: banknote 
Fold: 2 
Method: bayesglm 
Noise level:  10 %
Percentage of altered instances:  10 %
Using 27 indices (first 27 from shuffled list)
Loading noise data from: results/noise_injection/by_dataset/banknote_variance_noise0.1.csv 
Using 27 indices for  10 % of instances
Calculate prediction
Confusion matrix
Dataset: banknote 
Fold: 2 
Method: bayesglm 
Noise level:  10 %
Percentage of altered instances:  20 %
Using 55 indices (first 55 from shuffled list)
Loading noise data from: results/noise_injection/by_dataset/banknote_variance_noise0.1.csv 
Using 55 indices for  20 % of instances
Calculate prediction
Confusion matrix
Dataset: banknote 
Fold: 2 
Method: bayesglm 
Noise level:  10 %
Percentage of altered instances:  25 %
Using 68 indices (first 68 from shuffled list)
Loading noise data from: results/noise_injection/by_dataset/banknote_variance_noise0.1.csv 
Using 68 indices for  25 % of instances
Calculate prediction
Confusion matrix
Dataset: banknote 
Fold: 2 
Method: bayesglm 
Noise level:  10 %
Percentage of altered instances:  30 %
Using 82 indices (first 82 from shuffled list)
Loading noise data from: results/noise_injection/by_dataset/banknote_variance_noise0.1.csv 
Using 82 indices for  30 % of instances
Calculate prediction
Confusion matrix
Dataset: banknote 
Fold: 2 
Method: bayesglm 
Noise level:  10 %
Percentage of altered instances:  40 %
Using 110 indices (first 110 from shuffled list)
Loading noise data from: results/noise_injection/by_dataset/banknote_variance_noise0.1.csv 
Using 110 indices for  40 % of instances
Calculate prediction
Confusion matrix
Dataset: banknote 
Fold: 2 
Method: bayesglm 
Noise level:  10 %
Percentage of altered instances:  50 %
Using 137 indices (first 137 from shuffled list)
Loading noise data from: results/noise_injection/by_dataset/banknote_variance_noise0.1.csv 
Using 137 indices for  50 % of instances
Calculate prediction
Confusion matrix
Dataset: banknote 
Fold: 2 
Method: bayesglm 
Noise level:  10 %
Percentage of altered instances:  60 %
Using 164 indices (first 164 from shuffled list)
Loading noise data from: results/noise_injection/by_dataset/banknote_variance_noise0.1.csv 
Using 164 indices for  60 % of instances
Calculate prediction
Confusion matrix
Dataset: banknote 
Fold: 2 
Method: bayesglm 
Noise level:  10 %
Percentage of altered instances:  70 %
Using 192 indices (first 192 from shuffled list)
Loading noise data from: results/noise_injection/by_dataset/banknote_variance_noise0.1.csv 
Using 192 indices for  70 % of instances
Calculate prediction
Confusion matrix
Dataset: banknote 
Fold: 2 
Method: bayesglm 
Noise level:  10 %
Percentage of altered instances:  75 %
Using 206 indices (first 206 from shuffled list)
Loading noise data from: results/noise_injection/by_dataset/banknote_variance_noise0.1.csv 
Using 206 indices for  75 % of instances
Calculate prediction
Confusion matrix
Dataset: banknote 
Fold: 2 
Method: bayesglm 
Noise level:  10 %
Percentage of altered instances:  80 %
Using 219 indices (first 219 from shuffled list)
Loading noise data from: results/noise_injection/by_dataset/banknote_variance_noise0.1.csv 
Using 219 indices for  80 % of instances
Calculate prediction
Confusion matrix
Dataset: banknote 
Fold: 2 
Method: bayesglm 
Noise level:  10 %
Percentage of altered instances:  90 %
Using 247 indices (first 247 from shuffled list)
Loading noise data from: results/noise_injection/by_dataset/banknote_variance_noise0.1.csv 
Using 247 indices for  90 % of instances
Calculate prediction
Confusion matrix
Dataset: banknote 
Fold: 2 
Method: bayesglm 
Noise level:  10 %
Percentage of altered instances:  100 %
Using 274 indices (first 274 from shuffled list)
Loading noise data from: results/noise_injection/by_dataset/banknote_variance_noise0.1.csv 
Using 274 indices for  100 % of instances
Calculate prediction
Confusion matrix

=== Training model with 20 % noise in training data ===
Critical percentage for training noise: 100 %
Loading training noise data from: results/noise_injection/by_dataset/banknote_variance_noise0.2.csv 
Altering 1098 out of 1098 training instances
Dataset: banknote 
Fold: 2 
Method: bayesglm 
Noise level:  20 %
Percentage of altered instances:  10 %
Using 27 indices (first 27 from shuffled list)
Loading noise data from: results/noise_injection/by_dataset/banknote_variance_noise0.2.csv 
Using 27 indices for  10 % of instances
Calculate prediction
Confusion matrix
Dataset: banknote 
Fold: 2 
Method: bayesglm 
Noise level:  20 %
Percentage of altered instances:  20 %
Using 55 indices (first 55 from shuffled list)
Loading noise data from: results/noise_injection/by_dataset/banknote_variance_noise0.2.csv 
Using 55 indices for  20 % of instances
Calculate prediction
Confusion matrix
Dataset: banknote 
Fold: 2 
Method: bayesglm 
Noise level:  20 %
Percentage of altered instances:  25 %
Using 68 indices (first 68 from shuffled list)
Loading noise data from: results/noise_injection/by_dataset/banknote_variance_noise0.2.csv 
Using 68 indices for  25 % of instances
Calculate prediction
Confusion matrix
Dataset: banknote 
Fold: 2 
Method: bayesglm 
Noise level:  20 %
Percentage of altered instances:  30 %
Using 82 indices (first 82 from shuffled list)
Loading noise data from: results/noise_injection/by_dataset/banknote_variance_noise0.2.csv 
Using 82 indices for  30 % of instances
Calculate prediction
Confusion matrix
Dataset: banknote 
Fold: 2 
Method: bayesglm 
Noise level:  20 %
Percentage of altered instances:  40 %
Using 110 indices (first 110 from shuffled list)
Loading noise data from: results/noise_injection/by_dataset/banknote_variance_noise0.2.csv 
Using 110 indices for  40 % of instances
Calculate prediction
Confusion matrix
Dataset: banknote 
Fold: 2 
Method: bayesglm 
Noise level:  20 %
Percentage of altered instances:  50 %
Using 137 indices (first 137 from shuffled list)
Loading noise data from: results/noise_injection/by_dataset/banknote_variance_noise0.2.csv 
Using 137 indices for  50 % of instances
Calculate prediction
Confusion matrix
Dataset: banknote 
Fold: 2 
Method: bayesglm 
Noise level:  20 %
Percentage of altered instances:  60 %
Using 164 indices (first 164 from shuffled list)
Loading noise data from: results/noise_injection/by_dataset/banknote_variance_noise0.2.csv 
Using 164 indices for  60 % of instances
Calculate prediction
Confusion matrix
Dataset: banknote 
Fold: 2 
Method: bayesglm 
Noise level:  20 %
Percentage of altered instances:  70 %
Using 192 indices (first 192 from shuffled list)
Loading noise data from: results/noise_injection/by_dataset/banknote_variance_noise0.2.csv 
Using 192 indices for  70 % of instances
Calculate prediction
Confusion matrix
Dataset: banknote 
Fold: 2 
Method: bayesglm 
Noise level:  20 %
Percentage of altered instances:  75 %
Using 206 indices (first 206 from shuffled list)
Loading noise data from: results/noise_injection/by_dataset/banknote_variance_noise0.2.csv 
Using 206 indices for  75 % of instances
Calculate prediction
Confusion matrix
Dataset: banknote 
Fold: 2 
Method: bayesglm 
Noise level:  20 %
Percentage of altered instances:  80 %
Using 219 indices (first 219 from shuffled list)
Loading noise data from: results/noise_injection/by_dataset/banknote_variance_noise0.2.csv 
Using 219 indices for  80 % of instances
Calculate prediction
Confusion matrix
Dataset: banknote 
Fold: 2 
Method: bayesglm 
Noise level:  20 %
Percentage of altered instances:  90 %
Using 247 indices (first 247 from shuffled list)
Loading noise data from: results/noise_injection/by_dataset/banknote_variance_noise0.2.csv 
Using 247 indices for  90 % of instances
Calculate prediction
Confusion matrix
Dataset: banknote 
Fold: 2 
Method: bayesglm 
Noise level:  20 %
Percentage of altered instances:  100 %
Using 274 indices (first 274 from shuffled list)
Loading noise data from: results/noise_injection/by_dataset/banknote_variance_noise0.2.csv 
Using 274 indices for  100 % of instances
Calculate prediction
Confusion matrix

=== Training model with 30 % noise in training data ===
Critical percentage for training noise: 75 %
Loading training noise data from: results/noise_injection/by_dataset/banknote_variance_noise0.3.csv 
Altering 824 out of 1098 training instances
Dataset: banknote 
Fold: 2 
Method: bayesglm 
Noise level:  30 %
Percentage of altered instances:  10 %
Using 27 indices (first 27 from shuffled list)
Loading noise data from: results/noise_injection/by_dataset/banknote_variance_noise0.3.csv 
Using 27 indices for  10 % of instances
Calculate prediction
Confusion matrix
Dataset: banknote 
Fold: 2 
Method: bayesglm 
Noise level:  30 %
Percentage of altered instances:  20 %
Using 55 indices (first 55 from shuffled list)
Loading noise data from: results/noise_injection/by_dataset/banknote_variance_noise0.3.csv 
Using 55 indices for  20 % of instances
Calculate prediction
Confusion matrix
Dataset: banknote 
Fold: 2 
Method: bayesglm 
Noise level:  30 %
Percentage of altered instances:  25 %
Using 68 indices (first 68 from shuffled list)
Loading noise data from: results/noise_injection/by_dataset/banknote_variance_noise0.3.csv 
Using 68 indices for  25 % of instances
Calculate prediction
Confusion matrix
Dataset: banknote 
Fold: 2 
Method: bayesglm 
Noise level:  30 %
Percentage of altered instances:  30 %
Using 82 indices (first 82 from shuffled list)
Loading noise data from: results/noise_injection/by_dataset/banknote_variance_noise0.3.csv 
Using 82 indices for  30 % of instances
Calculate prediction
Confusion matrix
Dataset: banknote 
Fold: 2 
Method: bayesglm 
Noise level:  30 %
Percentage of altered instances:  40 %
Using 110 indices (first 110 from shuffled list)
Loading noise data from: results/noise_injection/by_dataset/banknote_variance_noise0.3.csv 
Using 110 indices for  40 % of instances
Calculate prediction
Confusion matrix
Dataset: banknote 
Fold: 2 
Method: bayesglm 
Noise level:  30 %
Percentage of altered instances:  50 %
Using 137 indices (first 137 from shuffled list)
Loading noise data from: results/noise_injection/by_dataset/banknote_variance_noise0.3.csv 
Using 137 indices for  50 % of instances
Calculate prediction
Confusion matrix
Dataset: banknote 
Fold: 2 
Method: bayesglm 
Noise level:  30 %
Percentage of altered instances:  60 %
Using 164 indices (first 164 from shuffled list)
Loading noise data from: results/noise_injection/by_dataset/banknote_variance_noise0.3.csv 
Using 164 indices for  60 % of instances
Calculate prediction
Confusion matrix
Dataset: banknote 
Fold: 2 
Method: bayesglm 
Noise level:  30 %
Percentage of altered instances:  70 %
Using 192 indices (first 192 from shuffled list)
Loading noise data from: results/noise_injection/by_dataset/banknote_variance_noise0.3.csv 
Using 192 indices for  70 % of instances
Calculate prediction
Confusion matrix
Dataset: banknote 
Fold: 2 
Method: bayesglm 
Noise level:  30 %
Percentage of altered instances:  75 %
Using 206 indices (first 206 from shuffled list)
Loading noise data from: results/noise_injection/by_dataset/banknote_variance_noise0.3.csv 
Using 206 indices for  75 % of instances
Calculate prediction
Confusion matrix
Dataset: banknote 
Fold: 2 
Method: bayesglm 
Noise level:  30 %
Percentage of altered instances:  80 %
Using 219 indices (first 219 from shuffled list)
Loading noise data from: results/noise_injection/by_dataset/banknote_variance_noise0.3.csv 
Using 219 indices for  80 % of instances
Calculate prediction
Confusion matrix
Dataset: banknote 
Fold: 2 
Method: bayesglm 
Noise level:  30 %
Percentage of altered instances:  90 %
Using 247 indices (first 247 from shuffled list)
Loading noise data from: results/noise_injection/by_dataset/banknote_variance_noise0.3.csv 
Using 247 indices for  90 % of instances
Calculate prediction
Confusion matrix
Dataset: banknote 
Fold: 2 
Method: bayesglm 
Noise level:  30 %
Percentage of altered instances:  100 %
Using 274 indices (first 274 from shuffled list)
Loading noise data from: results/noise_injection/by_dataset/banknote_variance_noise0.3.csv 
Using 274 indices for  100 % of instances
Calculate prediction
Confusion matrix
Loaded 274 indices for fold 3 from: results/instances/original/vectors/banknote_bayesglm_all_folds.csv 

=== Training model with 10 % noise in training data ===
Critical percentage for training noise: 100 %
Loading training noise data from: results/noise_injection/by_dataset/banknote_variance_noise0.1.csv 
Altering 1098 out of 1098 training instances
Dataset: banknote 
Fold: 3 
Method: bayesglm 
Noise level:  10 %
Percentage of altered instances:  10 %
Using 27 indices (first 27 from shuffled list)
Loading noise data from: results/noise_injection/by_dataset/banknote_variance_noise0.1.csv 
Using 27 indices for  10 % of instances
Calculate prediction
Confusion matrix
Dataset: banknote 
Fold: 3 
Method: bayesglm 
Noise level:  10 %
Percentage of altered instances:  20 %
Using 55 indices (first 55 from shuffled list)
Loading noise data from: results/noise_injection/by_dataset/banknote_variance_noise0.1.csv 
Using 55 indices for  20 % of instances
Calculate prediction
Confusion matrix
Dataset: banknote 
Fold: 3 
Method: bayesglm 
Noise level:  10 %
Percentage of altered instances:  25 %
Using 68 indices (first 68 from shuffled list)
Loading noise data from: results/noise_injection/by_dataset/banknote_variance_noise0.1.csv 
Using 68 indices for  25 % of instances
Calculate prediction
Confusion matrix
Dataset: banknote 
Fold: 3 
Method: bayesglm 
Noise level:  10 %
Percentage of altered instances:  30 %
Using 82 indices (first 82 from shuffled list)
Loading noise data from: results/noise_injection/by_dataset/banknote_variance_noise0.1.csv 
Using 82 indices for  30 % of instances
Calculate prediction
Confusion matrix
Dataset: banknote 
Fold: 3 
Method: bayesglm 
Noise level:  10 %
Percentage of altered instances:  40 %
Using 110 indices (first 110 from shuffled list)
Loading noise data from: results/noise_injection/by_dataset/banknote_variance_noise0.1.csv 
Using 110 indices for  40 % of instances
Calculate prediction
Confusion matrix
Dataset: banknote 
Fold: 3 
Method: bayesglm 
Noise level:  10 %
Percentage of altered instances:  50 %
Using 137 indices (first 137 from shuffled list)
Loading noise data from: results/noise_injection/by_dataset/banknote_variance_noise0.1.csv 
Using 137 indices for  50 % of instances
Calculate prediction
Confusion matrix
Dataset: banknote 
Fold: 3 
Method: bayesglm 
Noise level:  10 %
Percentage of altered instances:  60 %
Using 164 indices (first 164 from shuffled list)
Loading noise data from: results/noise_injection/by_dataset/banknote_variance_noise0.1.csv 
Using 164 indices for  60 % of instances
Calculate prediction
Confusion matrix
Dataset: banknote 
Fold: 3 
Method: bayesglm 
Noise level:  10 %
Percentage of altered instances:  70 %
Using 192 indices (first 192 from shuffled list)
Loading noise data from: results/noise_injection/by_dataset/banknote_variance_noise0.1.csv 
Using 192 indices for  70 % of instances
Calculate prediction
Confusion matrix
Dataset: banknote 
Fold: 3 
Method: bayesglm 
Noise level:  10 %
Percentage of altered instances:  75 %
Using 206 indices (first 206 from shuffled list)
Loading noise data from: results/noise_injection/by_dataset/banknote_variance_noise0.1.csv 
Using 206 indices for  75 % of instances
Calculate prediction
Confusion matrix
Dataset: banknote 
Fold: 3 
Method: bayesglm 
Noise level:  10 %
Percentage of altered instances:  80 %
Using 219 indices (first 219 from shuffled list)
Loading noise data from: results/noise_injection/by_dataset/banknote_variance_noise0.1.csv 
Using 219 indices for  80 % of instances
Calculate prediction
Confusion matrix
Dataset: banknote 
Fold: 3 
Method: bayesglm 
Noise level:  10 %
Percentage of altered instances:  90 %
Using 247 indices (first 247 from shuffled list)
Loading noise data from: results/noise_injection/by_dataset/banknote_variance_noise0.1.csv 
Using 247 indices for  90 % of instances
Calculate prediction
Confusion matrix
Dataset: banknote 
Fold: 3 
Method: bayesglm 
Noise level:  10 %
Percentage of altered instances:  100 %
Using 274 indices (first 274 from shuffled list)
Loading noise data from: results/noise_injection/by_dataset/banknote_variance_noise0.1.csv 
Using 274 indices for  100 % of instances
Calculate prediction
Confusion matrix

=== Training model with 20 % noise in training data ===
Critical percentage for training noise: 100 %
Loading training noise data from: results/noise_injection/by_dataset/banknote_variance_noise0.2.csv 
Altering 1098 out of 1098 training instances
Dataset: banknote 
Fold: 3 
Method: bayesglm 
Noise level:  20 %
Percentage of altered instances:  10 %
Using 27 indices (first 27 from shuffled list)
Loading noise data from: results/noise_injection/by_dataset/banknote_variance_noise0.2.csv 
Using 27 indices for  10 % of instances
Calculate prediction
Confusion matrix
Dataset: banknote 
Fold: 3 
Method: bayesglm 
Noise level:  20 %
Percentage of altered instances:  20 %
Using 55 indices (first 55 from shuffled list)
Loading noise data from: results/noise_injection/by_dataset/banknote_variance_noise0.2.csv 
Using 55 indices for  20 % of instances
Calculate prediction
Confusion matrix
Dataset: banknote 
Fold: 3 
Method: bayesglm 
Noise level:  20 %
Percentage of altered instances:  25 %
Using 68 indices (first 68 from shuffled list)
Loading noise data from: results/noise_injection/by_dataset/banknote_variance_noise0.2.csv 
Using 68 indices for  25 % of instances
Calculate prediction
Confusion matrix
Dataset: banknote 
Fold: 3 
Method: bayesglm 
Noise level:  20 %
Percentage of altered instances:  30 %
Using 82 indices (first 82 from shuffled list)
Loading noise data from: results/noise_injection/by_dataset/banknote_variance_noise0.2.csv 
Using 82 indices for  30 % of instances
Calculate prediction
Confusion matrix
Dataset: banknote 
Fold: 3 
Method: bayesglm 
Noise level:  20 %
Percentage of altered instances:  40 %
Using 110 indices (first 110 from shuffled list)
Loading noise data from: results/noise_injection/by_dataset/banknote_variance_noise0.2.csv 
Using 110 indices for  40 % of instances
Calculate prediction
Confusion matrix
Dataset: banknote 
Fold: 3 
Method: bayesglm 
Noise level:  20 %
Percentage of altered instances:  50 %
Using 137 indices (first 137 from shuffled list)
Loading noise data from: results/noise_injection/by_dataset/banknote_variance_noise0.2.csv 
Using 137 indices for  50 % of instances
Calculate prediction
Confusion matrix
Dataset: banknote 
Fold: 3 
Method: bayesglm 
Noise level:  20 %
Percentage of altered instances:  60 %
Using 164 indices (first 164 from shuffled list)
Loading noise data from: results/noise_injection/by_dataset/banknote_variance_noise0.2.csv 
Using 164 indices for  60 % of instances
Calculate prediction
Confusion matrix
Dataset: banknote 
Fold: 3 
Method: bayesglm 
Noise level:  20 %
Percentage of altered instances:  70 %
Using 192 indices (first 192 from shuffled list)
Loading noise data from: results/noise_injection/by_dataset/banknote_variance_noise0.2.csv 
Using 192 indices for  70 % of instances
Calculate prediction
Confusion matrix
Dataset: banknote 
Fold: 3 
Method: bayesglm 
Noise level:  20 %
Percentage of altered instances:  75 %
Using 206 indices (first 206 from shuffled list)
Loading noise data from: results/noise_injection/by_dataset/banknote_variance_noise0.2.csv 
Using 206 indices for  75 % of instances
Calculate prediction
Confusion matrix
Dataset: banknote 
Fold: 3 
Method: bayesglm 
Noise level:  20 %
Percentage of altered instances:  80 %
Using 219 indices (first 219 from shuffled list)
Loading noise data from: results/noise_injection/by_dataset/banknote_variance_noise0.2.csv 
Using 219 indices for  80 % of instances
Calculate prediction
Confusion matrix
Dataset: banknote 
Fold: 3 
Method: bayesglm 
Noise level:  20 %
Percentage of altered instances:  90 %
Using 247 indices (first 247 from shuffled list)
Loading noise data from: results/noise_injection/by_dataset/banknote_variance_noise0.2.csv 
Using 247 indices for  90 % of instances
Calculate prediction
Confusion matrix
Dataset: banknote 
Fold: 3 
Method: bayesglm 
Noise level:  20 %
Percentage of altered instances:  100 %
Using 274 indices (first 274 from shuffled list)
Loading noise data from: results/noise_injection/by_dataset/banknote_variance_noise0.2.csv 
Using 274 indices for  100 % of instances
Calculate prediction
Confusion matrix

=== Training model with 30 % noise in training data ===
Critical percentage for training noise: 75 %
Loading training noise data from: results/noise_injection/by_dataset/banknote_variance_noise0.3.csv 
Altering 824 out of 1098 training instances
Dataset: banknote 
Fold: 3 
Method: bayesglm 
Noise level:  30 %
Percentage of altered instances:  10 %
Using 27 indices (first 27 from shuffled list)
Loading noise data from: results/noise_injection/by_dataset/banknote_variance_noise0.3.csv 
Using 27 indices for  10 % of instances
Calculate prediction
Confusion matrix
Dataset: banknote 
Fold: 3 
Method: bayesglm 
Noise level:  30 %
Percentage of altered instances:  20 %
Using 55 indices (first 55 from shuffled list)
Loading noise data from: results/noise_injection/by_dataset/banknote_variance_noise0.3.csv 
Using 55 indices for  20 % of instances
Calculate prediction
Confusion matrix
Dataset: banknote 
Fold: 3 
Method: bayesglm 
Noise level:  30 %
Percentage of altered instances:  25 %
Using 68 indices (first 68 from shuffled list)
Loading noise data from: results/noise_injection/by_dataset/banknote_variance_noise0.3.csv 
Using 68 indices for  25 % of instances
Calculate prediction
Confusion matrix
Dataset: banknote 
Fold: 3 
Method: bayesglm 
Noise level:  30 %
Percentage of altered instances:  30 %
Using 82 indices (first 82 from shuffled list)
Loading noise data from: results/noise_injection/by_dataset/banknote_variance_noise0.3.csv 
Using 82 indices for  30 % of instances
Calculate prediction
Confusion matrix
Dataset: banknote 
Fold: 3 
Method: bayesglm 
Noise level:  30 %
Percentage of altered instances:  40 %
Using 110 indices (first 110 from shuffled list)
Loading noise data from: results/noise_injection/by_dataset/banknote_variance_noise0.3.csv 
Using 110 indices for  40 % of instances
Calculate prediction
Confusion matrix
Dataset: banknote 
Fold: 3 
Method: bayesglm 
Noise level:  30 %
Percentage of altered instances:  50 %
Using 137 indices (first 137 from shuffled list)
Loading noise data from: results/noise_injection/by_dataset/banknote_variance_noise0.3.csv 
Using 137 indices for  50 % of instances
Calculate prediction
Confusion matrix
Dataset: banknote 
Fold: 3 
Method: bayesglm 
Noise level:  30 %
Percentage of altered instances:  60 %
Using 164 indices (first 164 from shuffled list)
Loading noise data from: results/noise_injection/by_dataset/banknote_variance_noise0.3.csv 
Using 164 indices for  60 % of instances
Calculate prediction
Confusion matrix
Dataset: banknote 
Fold: 3 
Method: bayesglm 
Noise level:  30 %
Percentage of altered instances:  70 %
Using 192 indices (first 192 from shuffled list)
Loading noise data from: results/noise_injection/by_dataset/banknote_variance_noise0.3.csv 
Using 192 indices for  70 % of instances
Calculate prediction
Confusion matrix
Dataset: banknote 
Fold: 3 
Method: bayesglm 
Noise level:  30 %
Percentage of altered instances:  75 %
Using 206 indices (first 206 from shuffled list)
Loading noise data from: results/noise_injection/by_dataset/banknote_variance_noise0.3.csv 
Using 206 indices for  75 % of instances
Calculate prediction
Confusion matrix
Dataset: banknote 
Fold: 3 
Method: bayesglm 
Noise level:  30 %
Percentage of altered instances:  80 %
Using 219 indices (first 219 from shuffled list)
Loading noise data from: results/noise_injection/by_dataset/banknote_variance_noise0.3.csv 
Using 219 indices for  80 % of instances
Calculate prediction
Confusion matrix
Dataset: banknote 
Fold: 3 
Method: bayesglm 
Noise level:  30 %
Percentage of altered instances:  90 %
Using 247 indices (first 247 from shuffled list)
Loading noise data from: results/noise_injection/by_dataset/banknote_variance_noise0.3.csv 
Using 247 indices for  90 % of instances
Calculate prediction
Confusion matrix
Dataset: banknote 
Fold: 3 
Method: bayesglm 
Noise level:  30 %
Percentage of altered instances:  100 %
Using 274 indices (first 274 from shuffled list)
Loading noise data from: results/noise_injection/by_dataset/banknote_variance_noise0.3.csv 
Using 274 indices for  100 % of instances
Calculate prediction
Confusion matrix
Loaded 275 indices for fold 4 from: results/instances/original/vectors/banknote_bayesglm_all_folds.csv 

=== Training model with 10 % noise in training data ===
Critical percentage for training noise: 100 %
Loading training noise data from: results/noise_injection/by_dataset/banknote_variance_noise0.1.csv 
Altering 1097 out of 1097 training instances
Dataset: banknote 
Fold: 4 
Method: bayesglm 
Noise level:  10 %
Percentage of altered instances:  10 %
Using 28 indices (first 28 from shuffled list)
Loading noise data from: results/noise_injection/by_dataset/banknote_variance_noise0.1.csv 
Using 28 indices for  10 % of instances
Calculate prediction
Confusion matrix
Dataset: banknote 
Fold: 4 
Method: bayesglm 
Noise level:  10 %
Percentage of altered instances:  20 %
Using 55 indices (first 55 from shuffled list)
Loading noise data from: results/noise_injection/by_dataset/banknote_variance_noise0.1.csv 
Using 55 indices for  20 % of instances
Calculate prediction
Confusion matrix
Dataset: banknote 
Fold: 4 
Method: bayesglm 
Noise level:  10 %
Percentage of altered instances:  25 %
Using 69 indices (first 69 from shuffled list)
Loading noise data from: results/noise_injection/by_dataset/banknote_variance_noise0.1.csv 
Using 69 indices for  25 % of instances
Calculate prediction
Confusion matrix
Dataset: banknote 
Fold: 4 
Method: bayesglm 
Noise level:  10 %
Percentage of altered instances:  30 %
Using 82 indices (first 82 from shuffled list)
Loading noise data from: results/noise_injection/by_dataset/banknote_variance_noise0.1.csv 
Using 82 indices for  30 % of instances
Calculate prediction
Confusion matrix
Dataset: banknote 
Fold: 4 
Method: bayesglm 
Noise level:  10 %
Percentage of altered instances:  40 %
Using 110 indices (first 110 from shuffled list)
Loading noise data from: results/noise_injection/by_dataset/banknote_variance_noise0.1.csv 
Using 110 indices for  40 % of instances
Calculate prediction
Confusion matrix
Dataset: banknote 
Fold: 4 
Method: bayesglm 
Noise level:  10 %
Percentage of altered instances:  50 %
Using 138 indices (first 138 from shuffled list)
Loading noise data from: results/noise_injection/by_dataset/banknote_variance_noise0.1.csv 
Using 138 indices for  50 % of instances
Calculate prediction
Confusion matrix
Dataset: banknote 
Fold: 4 
Method: bayesglm 
Noise level:  10 %
Percentage of altered instances:  60 %
Using 165 indices (first 165 from shuffled list)
Loading noise data from: results/noise_injection/by_dataset/banknote_variance_noise0.1.csv 
Using 165 indices for  60 % of instances
Calculate prediction
Confusion matrix
Dataset: banknote 
Fold: 4 
Method: bayesglm 
Noise level:  10 %
Percentage of altered instances:  70 %
Using 192 indices (first 192 from shuffled list)
Loading noise data from: results/noise_injection/by_dataset/banknote_variance_noise0.1.csv 
Using 192 indices for  70 % of instances
Calculate prediction
Confusion matrix
Dataset: banknote 
Fold: 4 
Method: bayesglm 
Noise level:  10 %
Percentage of altered instances:  75 %
Using 206 indices (first 206 from shuffled list)
Loading noise data from: results/noise_injection/by_dataset/banknote_variance_noise0.1.csv 
Using 206 indices for  75 % of instances
Calculate prediction
Confusion matrix
Dataset: banknote 
Fold: 4 
Method: bayesglm 
Noise level:  10 %
Percentage of altered instances:  80 %
Using 220 indices (first 220 from shuffled list)
Loading noise data from: results/noise_injection/by_dataset/banknote_variance_noise0.1.csv 
Using 220 indices for  80 % of instances
Calculate prediction
Confusion matrix
Dataset: banknote 
Fold: 4 
Method: bayesglm 
Noise level:  10 %
Percentage of altered instances:  90 %
Using 248 indices (first 248 from shuffled list)
Loading noise data from: results/noise_injection/by_dataset/banknote_variance_noise0.1.csv 
Using 248 indices for  90 % of instances
Calculate prediction
Confusion matrix
Dataset: banknote 
Fold: 4 
Method: bayesglm 
Noise level:  10 %
Percentage of altered instances:  100 %
Using 275 indices (first 275 from shuffled list)
Loading noise data from: results/noise_injection/by_dataset/banknote_variance_noise0.1.csv 
Using 275 indices for  100 % of instances
Calculate prediction
Confusion matrix

=== Training model with 20 % noise in training data ===
Critical percentage for training noise: 100 %
Loading training noise data from: results/noise_injection/by_dataset/banknote_variance_noise0.2.csv 
Altering 1097 out of 1097 training instances
Dataset: banknote 
Fold: 4 
Method: bayesglm 
Noise level:  20 %
Percentage of altered instances:  10 %
Using 28 indices (first 28 from shuffled list)
Loading noise data from: results/noise_injection/by_dataset/banknote_variance_noise0.2.csv 
Using 28 indices for  10 % of instances
Calculate prediction
Confusion matrix
Dataset: banknote 
Fold: 4 
Method: bayesglm 
Noise level:  20 %
Percentage of altered instances:  20 %
Using 55 indices (first 55 from shuffled list)
Loading noise data from: results/noise_injection/by_dataset/banknote_variance_noise0.2.csv 
Using 55 indices for  20 % of instances
Calculate prediction
Confusion matrix
Dataset: banknote 
Fold: 4 
Method: bayesglm 
Noise level:  20 %
Percentage of altered instances:  25 %
Using 69 indices (first 69 from shuffled list)
Loading noise data from: results/noise_injection/by_dataset/banknote_variance_noise0.2.csv 
Using 69 indices for  25 % of instances
Calculate prediction
Confusion matrix
Dataset: banknote 
Fold: 4 
Method: bayesglm 
Noise level:  20 %
Percentage of altered instances:  30 %
Using 82 indices (first 82 from shuffled list)
Loading noise data from: results/noise_injection/by_dataset/banknote_variance_noise0.2.csv 
Using 82 indices for  30 % of instances
Calculate prediction
Confusion matrix
Dataset: banknote 
Fold: 4 
Method: bayesglm 
Noise level:  20 %
Percentage of altered instances:  40 %
Using 110 indices (first 110 from shuffled list)
Loading noise data from: results/noise_injection/by_dataset/banknote_variance_noise0.2.csv 
Using 110 indices for  40 % of instances
Calculate prediction
Confusion matrix
Dataset: banknote 
Fold: 4 
Method: bayesglm 
Noise level:  20 %
Percentage of altered instances:  50 %
Using 138 indices (first 138 from shuffled list)
Loading noise data from: results/noise_injection/by_dataset/banknote_variance_noise0.2.csv 
Using 138 indices for  50 % of instances
Calculate prediction
Confusion matrix
Dataset: banknote 
Fold: 4 
Method: bayesglm 
Noise level:  20 %
Percentage of altered instances:  60 %
Using 165 indices (first 165 from shuffled list)
Loading noise data from: results/noise_injection/by_dataset/banknote_variance_noise0.2.csv 
Using 165 indices for  60 % of instances
Calculate prediction
Confusion matrix
Dataset: banknote 
Fold: 4 
Method: bayesglm 
Noise level:  20 %
Percentage of altered instances:  70 %
Using 192 indices (first 192 from shuffled list)
Loading noise data from: results/noise_injection/by_dataset/banknote_variance_noise0.2.csv 
Using 192 indices for  70 % of instances
Calculate prediction
Confusion matrix
Dataset: banknote 
Fold: 4 
Method: bayesglm 
Noise level:  20 %
Percentage of altered instances:  75 %
Using 206 indices (first 206 from shuffled list)
Loading noise data from: results/noise_injection/by_dataset/banknote_variance_noise0.2.csv 
Using 206 indices for  75 % of instances
Calculate prediction
Confusion matrix
Dataset: banknote 
Fold: 4 
Method: bayesglm 
Noise level:  20 %
Percentage of altered instances:  80 %
Using 220 indices (first 220 from shuffled list)
Loading noise data from: results/noise_injection/by_dataset/banknote_variance_noise0.2.csv 
Using 220 indices for  80 % of instances
Calculate prediction
Confusion matrix
Dataset: banknote 
Fold: 4 
Method: bayesglm 
Noise level:  20 %
Percentage of altered instances:  90 %
Using 248 indices (first 248 from shuffled list)
Loading noise data from: results/noise_injection/by_dataset/banknote_variance_noise0.2.csv 
Using 248 indices for  90 % of instances
Calculate prediction
Confusion matrix
Dataset: banknote 
Fold: 4 
Method: bayesglm 
Noise level:  20 %
Percentage of altered instances:  100 %
Using 275 indices (first 275 from shuffled list)
Loading noise data from: results/noise_injection/by_dataset/banknote_variance_noise0.2.csv 
Using 275 indices for  100 % of instances
Calculate prediction
Confusion matrix

=== Training model with 30 % noise in training data ===
Critical percentage for training noise: 75 %
Loading training noise data from: results/noise_injection/by_dataset/banknote_variance_noise0.3.csv 
Altering 823 out of 1097 training instances
Dataset: banknote 
Fold: 4 
Method: bayesglm 
Noise level:  30 %
Percentage of altered instances:  10 %
Using 28 indices (first 28 from shuffled list)
Loading noise data from: results/noise_injection/by_dataset/banknote_variance_noise0.3.csv 
Using 28 indices for  10 % of instances
Calculate prediction
Confusion matrix
Dataset: banknote 
Fold: 4 
Method: bayesglm 
Noise level:  30 %
Percentage of altered instances:  20 %
Using 55 indices (first 55 from shuffled list)
Loading noise data from: results/noise_injection/by_dataset/banknote_variance_noise0.3.csv 
Using 55 indices for  20 % of instances
Calculate prediction
Confusion matrix
Dataset: banknote 
Fold: 4 
Method: bayesglm 
Noise level:  30 %
Percentage of altered instances:  25 %
Using 69 indices (first 69 from shuffled list)
Loading noise data from: results/noise_injection/by_dataset/banknote_variance_noise0.3.csv 
Using 69 indices for  25 % of instances
Calculate prediction
Confusion matrix
Dataset: banknote 
Fold: 4 
Method: bayesglm 
Noise level:  30 %
Percentage of altered instances:  30 %
Using 82 indices (first 82 from shuffled list)
Loading noise data from: results/noise_injection/by_dataset/banknote_variance_noise0.3.csv 
Using 82 indices for  30 % of instances
Calculate prediction
Confusion matrix
Dataset: banknote 
Fold: 4 
Method: bayesglm 
Noise level:  30 %
Percentage of altered instances:  40 %
Using 110 indices (first 110 from shuffled list)
Loading noise data from: results/noise_injection/by_dataset/banknote_variance_noise0.3.csv 
Using 110 indices for  40 % of instances
Calculate prediction
Confusion matrix
Dataset: banknote 
Fold: 4 
Method: bayesglm 
Noise level:  30 %
Percentage of altered instances:  50 %
Using 138 indices (first 138 from shuffled list)
Loading noise data from: results/noise_injection/by_dataset/banknote_variance_noise0.3.csv 
Using 138 indices for  50 % of instances
Calculate prediction
Confusion matrix
Dataset: banknote 
Fold: 4 
Method: bayesglm 
Noise level:  30 %
Percentage of altered instances:  60 %
Using 165 indices (first 165 from shuffled list)
Loading noise data from: results/noise_injection/by_dataset/banknote_variance_noise0.3.csv 
Using 165 indices for  60 % of instances
Calculate prediction
Confusion matrix
Dataset: banknote 
Fold: 4 
Method: bayesglm 
Noise level:  30 %
Percentage of altered instances:  70 %
Using 192 indices (first 192 from shuffled list)
Loading noise data from: results/noise_injection/by_dataset/banknote_variance_noise0.3.csv 
Using 192 indices for  70 % of instances
Calculate prediction
Confusion matrix
Dataset: banknote 
Fold: 4 
Method: bayesglm 
Noise level:  30 %
Percentage of altered instances:  75 %
Using 206 indices (first 206 from shuffled list)
Loading noise data from: results/noise_injection/by_dataset/banknote_variance_noise0.3.csv 
Using 206 indices for  75 % of instances
Calculate prediction
Confusion matrix
Dataset: banknote 
Fold: 4 
Method: bayesglm 
Noise level:  30 %
Percentage of altered instances:  80 %
Using 220 indices (first 220 from shuffled list)
Loading noise data from: results/noise_injection/by_dataset/banknote_variance_noise0.3.csv 
Using 220 indices for  80 % of instances
Calculate prediction
Confusion matrix
Dataset: banknote 
Fold: 4 
Method: bayesglm 
Noise level:  30 %
Percentage of altered instances:  90 %
Using 248 indices (first 248 from shuffled list)
Loading noise data from: results/noise_injection/by_dataset/banknote_variance_noise0.3.csv 
Using 248 indices for  90 % of instances
Calculate prediction
Confusion matrix
Dataset: banknote 
Fold: 4 
Method: bayesglm 
Noise level:  30 %
Percentage of altered instances:  100 %
Using 275 indices (first 275 from shuffled list)
Loading noise data from: results/noise_injection/by_dataset/banknote_variance_noise0.3.csv 
Using 275 indices for  100 % of instances
Calculate prediction
Confusion matrix
Loaded 274 indices for fold 5 from: results/instances/original/vectors/banknote_bayesglm_all_folds.csv 

=== Training model with 10 % noise in training data ===
Critical percentage for training noise: 100 %
Loading training noise data from: results/noise_injection/by_dataset/banknote_variance_noise0.1.csv 
Altering 1098 out of 1098 training instances
Dataset: banknote 
Fold: 5 
Method: bayesglm 
Noise level:  10 %
Percentage of altered instances:  10 %
Using 27 indices (first 27 from shuffled list)
Loading noise data from: results/noise_injection/by_dataset/banknote_variance_noise0.1.csv 
Using 27 indices for  10 % of instances
Calculate prediction
Confusion matrix
Dataset: banknote 
Fold: 5 
Method: bayesglm 
Noise level:  10 %
Percentage of altered instances:  20 %
Using 55 indices (first 55 from shuffled list)
Loading noise data from: results/noise_injection/by_dataset/banknote_variance_noise0.1.csv 
Using 55 indices for  20 % of instances
Calculate prediction
Confusion matrix
Dataset: banknote 
Fold: 5 
Method: bayesglm 
Noise level:  10 %
Percentage of altered instances:  25 %
Using 68 indices (first 68 from shuffled list)
Loading noise data from: results/noise_injection/by_dataset/banknote_variance_noise0.1.csv 
Using 68 indices for  25 % of instances
Calculate prediction
Confusion matrix
Dataset: banknote 
Fold: 5 
Method: bayesglm 
Noise level:  10 %
Percentage of altered instances:  30 %
Using 82 indices (first 82 from shuffled list)
Loading noise data from: results/noise_injection/by_dataset/banknote_variance_noise0.1.csv 
Using 82 indices for  30 % of instances
Calculate prediction
Confusion matrix
Dataset: banknote 
Fold: 5 
Method: bayesglm 
Noise level:  10 %
Percentage of altered instances:  40 %
Using 110 indices (first 110 from shuffled list)
Loading noise data from: results/noise_injection/by_dataset/banknote_variance_noise0.1.csv 
Using 110 indices for  40 % of instances
Calculate prediction
Confusion matrix
Dataset: banknote 
Fold: 5 
Method: bayesglm 
Noise level:  10 %
Percentage of altered instances:  50 %
Using 137 indices (first 137 from shuffled list)
Loading noise data from: results/noise_injection/by_dataset/banknote_variance_noise0.1.csv 
Using 137 indices for  50 % of instances
Calculate prediction
Confusion matrix
Dataset: banknote 
Fold: 5 
Method: bayesglm 
Noise level:  10 %
Percentage of altered instances:  60 %
Using 164 indices (first 164 from shuffled list)
Loading noise data from: results/noise_injection/by_dataset/banknote_variance_noise0.1.csv 
Using 164 indices for  60 % of instances
Calculate prediction
Confusion matrix
Dataset: banknote 
Fold: 5 
Method: bayesglm 
Noise level:  10 %
Percentage of altered instances:  70 %
Using 192 indices (first 192 from shuffled list)
Loading noise data from: results/noise_injection/by_dataset/banknote_variance_noise0.1.csv 
Using 192 indices for  70 % of instances
Calculate prediction
Confusion matrix
Dataset: banknote 
Fold: 5 
Method: bayesglm 
Noise level:  10 %
Percentage of altered instances:  75 %
Using 206 indices (first 206 from shuffled list)
Loading noise data from: results/noise_injection/by_dataset/banknote_variance_noise0.1.csv 
Using 206 indices for  75 % of instances
Calculate prediction
Confusion matrix
Dataset: banknote 
Fold: 5 
Method: bayesglm 
Noise level:  10 %
Percentage of altered instances:  80 %
Using 219 indices (first 219 from shuffled list)
Loading noise data from: results/noise_injection/by_dataset/banknote_variance_noise0.1.csv 
Using 219 indices for  80 % of instances
Calculate prediction
Confusion matrix
Dataset: banknote 
Fold: 5 
Method: bayesglm 
Noise level:  10 %
Percentage of altered instances:  90 %
Using 247 indices (first 247 from shuffled list)
Loading noise data from: results/noise_injection/by_dataset/banknote_variance_noise0.1.csv 
Using 247 indices for  90 % of instances
Calculate prediction
Confusion matrix
Dataset: banknote 
Fold: 5 
Method: bayesglm 
Noise level:  10 %
Percentage of altered instances:  100 %
Using 274 indices (first 274 from shuffled list)
Loading noise data from: results/noise_injection/by_dataset/banknote_variance_noise0.1.csv 
Using 274 indices for  100 % of instances
Calculate prediction
Confusion matrix

=== Training model with 20 % noise in training data ===
Critical percentage for training noise: 100 %
Loading training noise data from: results/noise_injection/by_dataset/banknote_variance_noise0.2.csv 
Altering 1098 out of 1098 training instances
Dataset: banknote 
Fold: 5 
Method: bayesglm 
Noise level:  20 %
Percentage of altered instances:  10 %
Using 27 indices (first 27 from shuffled list)
Loading noise data from: results/noise_injection/by_dataset/banknote_variance_noise0.2.csv 
Using 27 indices for  10 % of instances
Calculate prediction
Confusion matrix
Dataset: banknote 
Fold: 5 
Method: bayesglm 
Noise level:  20 %
Percentage of altered instances:  20 %
Using 55 indices (first 55 from shuffled list)
Loading noise data from: results/noise_injection/by_dataset/banknote_variance_noise0.2.csv 
Using 55 indices for  20 % of instances
Calculate prediction
Confusion matrix
Dataset: banknote 
Fold: 5 
Method: bayesglm 
Noise level:  20 %
Percentage of altered instances:  25 %
Using 68 indices (first 68 from shuffled list)
Loading noise data from: results/noise_injection/by_dataset/banknote_variance_noise0.2.csv 
Using 68 indices for  25 % of instances
Calculate prediction
Confusion matrix
Dataset: banknote 
Fold: 5 
Method: bayesglm 
Noise level:  20 %
Percentage of altered instances:  30 %
Using 82 indices (first 82 from shuffled list)
Loading noise data from: results/noise_injection/by_dataset/banknote_variance_noise0.2.csv 
Using 82 indices for  30 % of instances
Calculate prediction
Confusion matrix
Dataset: banknote 
Fold: 5 
Method: bayesglm 
Noise level:  20 %
Percentage of altered instances:  40 %
Using 110 indices (first 110 from shuffled list)
Loading noise data from: results/noise_injection/by_dataset/banknote_variance_noise0.2.csv 
Using 110 indices for  40 % of instances
Calculate prediction
Confusion matrix
Dataset: banknote 
Fold: 5 
Method: bayesglm 
Noise level:  20 %
Percentage of altered instances:  50 %
Using 137 indices (first 137 from shuffled list)
Loading noise data from: results/noise_injection/by_dataset/banknote_variance_noise0.2.csv 
Using 137 indices for  50 % of instances
Calculate prediction
Confusion matrix
Dataset: banknote 
Fold: 5 
Method: bayesglm 
Noise level:  20 %
Percentage of altered instances:  60 %
Using 164 indices (first 164 from shuffled list)
Loading noise data from: results/noise_injection/by_dataset/banknote_variance_noise0.2.csv 
Using 164 indices for  60 % of instances
Calculate prediction
Confusion matrix
Dataset: banknote 
Fold: 5 
Method: bayesglm 
Noise level:  20 %
Percentage of altered instances:  70 %
Using 192 indices (first 192 from shuffled list)
Loading noise data from: results/noise_injection/by_dataset/banknote_variance_noise0.2.csv 
Using 192 indices for  70 % of instances
Calculate prediction
Confusion matrix
Dataset: banknote 
Fold: 5 
Method: bayesglm 
Noise level:  20 %
Percentage of altered instances:  75 %
Using 206 indices (first 206 from shuffled list)
Loading noise data from: results/noise_injection/by_dataset/banknote_variance_noise0.2.csv 
Using 206 indices for  75 % of instances
Calculate prediction
Confusion matrix
Dataset: banknote 
Fold: 5 
Method: bayesglm 
Noise level:  20 %
Percentage of altered instances:  80 %
Using 219 indices (first 219 from shuffled list)
Loading noise data from: results/noise_injection/by_dataset/banknote_variance_noise0.2.csv 
Using 219 indices for  80 % of instances
Calculate prediction
Confusion matrix
Dataset: banknote 
Fold: 5 
Method: bayesglm 
Noise level:  20 %
Percentage of altered instances:  90 %
Using 247 indices (first 247 from shuffled list)
Loading noise data from: results/noise_injection/by_dataset/banknote_variance_noise0.2.csv 
Using 247 indices for  90 % of instances
Calculate prediction
Confusion matrix
Dataset: banknote 
Fold: 5 
Method: bayesglm 
Noise level:  20 %
Percentage of altered instances:  100 %
Using 274 indices (first 274 from shuffled list)
Loading noise data from: results/noise_injection/by_dataset/banknote_variance_noise0.2.csv 
Using 274 indices for  100 % of instances
Calculate prediction
Confusion matrix

=== Training model with 30 % noise in training data ===
Critical percentage for training noise: 75 %
Loading training noise data from: results/noise_injection/by_dataset/banknote_variance_noise0.3.csv 
Altering 824 out of 1098 training instances
Dataset: banknote 
Fold: 5 
Method: bayesglm 
Noise level:  30 %
Percentage of altered instances:  10 %
Using 27 indices (first 27 from shuffled list)
Loading noise data from: results/noise_injection/by_dataset/banknote_variance_noise0.3.csv 
Using 27 indices for  10 % of instances
Calculate prediction
Confusion matrix
Dataset: banknote 
Fold: 5 
Method: bayesglm 
Noise level:  30 %
Percentage of altered instances:  20 %
Using 55 indices (first 55 from shuffled list)
Loading noise data from: results/noise_injection/by_dataset/banknote_variance_noise0.3.csv 
Using 55 indices for  20 % of instances
Calculate prediction
Confusion matrix
Dataset: banknote 
Fold: 5 
Method: bayesglm 
Noise level:  30 %
Percentage of altered instances:  25 %
Using 68 indices (first 68 from shuffled list)
Loading noise data from: results/noise_injection/by_dataset/banknote_variance_noise0.3.csv 
Using 68 indices for  25 % of instances
Calculate prediction
Confusion matrix
Dataset: banknote 
Fold: 5 
Method: bayesglm 
Noise level:  30 %
Percentage of altered instances:  30 %
Using 82 indices (first 82 from shuffled list)
Loading noise data from: results/noise_injection/by_dataset/banknote_variance_noise0.3.csv 
Using 82 indices for  30 % of instances
Calculate prediction
Confusion matrix
Dataset: banknote 
Fold: 5 
Method: bayesglm 
Noise level:  30 %
Percentage of altered instances:  40 %
Using 110 indices (first 110 from shuffled list)
Loading noise data from: results/noise_injection/by_dataset/banknote_variance_noise0.3.csv 
Using 110 indices for  40 % of instances
Calculate prediction
Confusion matrix
Dataset: banknote 
Fold: 5 
Method: bayesglm 
Noise level:  30 %
Percentage of altered instances:  50 %
Using 137 indices (first 137 from shuffled list)
Loading noise data from: results/noise_injection/by_dataset/banknote_variance_noise0.3.csv 
Using 137 indices for  50 % of instances
Calculate prediction
Confusion matrix
Dataset: banknote 
Fold: 5 
Method: bayesglm 
Noise level:  30 %
Percentage of altered instances:  60 %
Using 164 indices (first 164 from shuffled list)
Loading noise data from: results/noise_injection/by_dataset/banknote_variance_noise0.3.csv 
Using 164 indices for  60 % of instances
Calculate prediction
Confusion matrix
Dataset: banknote 
Fold: 5 
Method: bayesglm 
Noise level:  30 %
Percentage of altered instances:  70 %
Using 192 indices (first 192 from shuffled list)
Loading noise data from: results/noise_injection/by_dataset/banknote_variance_noise0.3.csv 
Using 192 indices for  70 % of instances
Calculate prediction
Confusion matrix
Dataset: banknote 
Fold: 5 
Method: bayesglm 
Noise level:  30 %
Percentage of altered instances:  75 %
Using 206 indices (first 206 from shuffled list)
Loading noise data from: results/noise_injection/by_dataset/banknote_variance_noise0.3.csv 
Using 206 indices for  75 % of instances
Calculate prediction
Confusion matrix
Dataset: banknote 
Fold: 5 
Method: bayesglm 
Noise level:  30 %
Percentage of altered instances:  80 %
Using 219 indices (first 219 from shuffled list)
Loading noise data from: results/noise_injection/by_dataset/banknote_variance_noise0.3.csv 
Using 219 indices for  80 % of instances
Calculate prediction
Confusion matrix
Dataset: banknote 
Fold: 5 
Method: bayesglm 
Noise level:  30 %
Percentage of altered instances:  90 %
Using 247 indices (first 247 from shuffled list)
Loading noise data from: results/noise_injection/by_dataset/banknote_variance_noise0.3.csv 
Using 247 indices for  90 % of instances
Calculate prediction
Confusion matrix
Dataset: banknote 
Fold: 5 
Method: bayesglm 
Noise level:  30 %
Percentage of altered instances:  100 %
Using 274 indices (first 274 from shuffled list)
Loading noise data from: results/noise_injection/by_dataset/banknote_variance_noise0.3.csv 
Using 274 indices for  100 % of instances
Calculate prediction
Confusion matrix
Saved results to: results/instances/train_noise/by_dataset/banknote_bayesglm_results.csv 
----------------
Warning messages:
1: fitted probabilities numerically 0 or 1 occurred 
2: fitted probabilities numerically 0 or 1 occurred 
3: fitted probabilities numerically 0 or 1 occurred 
4: fitted probabilities numerically 0 or 1 occurred 
5: fitted probabilities numerically 0 or 1 occurred 
****************************
Instances altered with noise
****************************
