Current working directory: /home/chris/github/kappa-threshold 
parameters.csv exists: TRUE 
parameters.csv absolute path: /home/chris/github/kappa-threshold/data/files/parameters.csv 
Processing model: svmLinear for dataset: blood-transfusion-service-center 
Loaded 150 indices for fold 1 from: results/instances/original/vectors/blood-transfusion-service-center_svmLinear_all_folds.csv 

=== Training model with 10 % noise in training data ===
Critical percentage for training noise: 100 %
Loading training noise data from: results/noise_injection/by_dataset/blood-transfusion-service-center_V1_noise0.1.csv 
Altering 598 out of 598 training instances
Dataset: blood-transfusion-service-center 
Fold: 1 
Method: svmLinear 
Noise level:  10 %
Percentage of altered instances:  10 %
Using 15 indices (first 15 from shuffled list)
Loading noise data from: results/noise_injection/by_dataset/blood-transfusion-service-center_V1_noise0.1.csv 
Using 15 indices for  10 % of instances
Calculate prediction
Confusion matrix
Dataset: blood-transfusion-service-center 
Fold: 1 
Method: svmLinear 
Noise level:  10 %
Percentage of altered instances:  20 %
Using 30 indices (first 30 from shuffled list)
Loading noise data from: results/noise_injection/by_dataset/blood-transfusion-service-center_V1_noise0.1.csv 
Using 30 indices for  20 % of instances
Calculate prediction
Confusion matrix
Dataset: blood-transfusion-service-center 
Fold: 1 
Method: svmLinear 
Noise level:  10 %
Percentage of altered instances:  25 %
Using 38 indices (first 38 from shuffled list)
Loading noise data from: results/noise_injection/by_dataset/blood-transfusion-service-center_V1_noise0.1.csv 
Using 38 indices for  25 % of instances
Calculate prediction
Confusion matrix
Dataset: blood-transfusion-service-center 
Fold: 1 
Method: svmLinear 
Noise level:  10 %
Percentage of altered instances:  30 %
Using 45 indices (first 45 from shuffled list)
Loading noise data from: results/noise_injection/by_dataset/blood-transfusion-service-center_V1_noise0.1.csv 
Using 45 indices for  30 % of instances
Calculate prediction
Confusion matrix
Dataset: blood-transfusion-service-center 
Fold: 1 
Method: svmLinear 
Noise level:  10 %
Percentage of altered instances:  40 %
Using 60 indices (first 60 from shuffled list)
Loading noise data from: results/noise_injection/by_dataset/blood-transfusion-service-center_V1_noise0.1.csv 
Using 60 indices for  40 % of instances
Calculate prediction
Confusion matrix
Dataset: blood-transfusion-service-center 
Fold: 1 
Method: svmLinear 
Noise level:  10 %
Percentage of altered instances:  50 %
Using 75 indices (first 75 from shuffled list)
Loading noise data from: results/noise_injection/by_dataset/blood-transfusion-service-center_V1_noise0.1.csv 
Using 75 indices for  50 % of instances
Calculate prediction
Confusion matrix
Dataset: blood-transfusion-service-center 
Fold: 1 
Method: svmLinear 
Noise level:  10 %
Percentage of altered instances:  60 %
Using 90 indices (first 90 from shuffled list)
Loading noise data from: results/noise_injection/by_dataset/blood-transfusion-service-center_V1_noise0.1.csv 
Using 90 indices for  60 % of instances
Calculate prediction
Confusion matrix
Dataset: blood-transfusion-service-center 
Fold: 1 
Method: svmLinear 
Noise level:  10 %
Percentage of altered instances:  70 %
Using 105 indices (first 105 from shuffled list)
Loading noise data from: results/noise_injection/by_dataset/blood-transfusion-service-center_V1_noise0.1.csv 
Using 105 indices for  70 % of instances
Calculate prediction
Confusion matrix
Dataset: blood-transfusion-service-center 
Fold: 1 
Method: svmLinear 
Noise level:  10 %
Percentage of altered instances:  75 %
Using 112 indices (first 112 from shuffled list)
Loading noise data from: results/noise_injection/by_dataset/blood-transfusion-service-center_V1_noise0.1.csv 
Using 112 indices for  75 % of instances
Calculate prediction
Confusion matrix
Dataset: blood-transfusion-service-center 
Fold: 1 
Method: svmLinear 
Noise level:  10 %
Percentage of altered instances:  80 %
Using 120 indices (first 120 from shuffled list)
Loading noise data from: results/noise_injection/by_dataset/blood-transfusion-service-center_V1_noise0.1.csv 
Using 120 indices for  80 % of instances
Calculate prediction
Confusion matrix
Dataset: blood-transfusion-service-center 
Fold: 1 
Method: svmLinear 
Noise level:  10 %
Percentage of altered instances:  90 %
Using 135 indices (first 135 from shuffled list)
Loading noise data from: results/noise_injection/by_dataset/blood-transfusion-service-center_V1_noise0.1.csv 
Using 135 indices for  90 % of instances
Calculate prediction
Confusion matrix
Dataset: blood-transfusion-service-center 
Fold: 1 
Method: svmLinear 
Noise level:  10 %
Percentage of altered instances:  100 %
Using 150 indices (first 150 from shuffled list)
Loading noise data from: results/noise_injection/by_dataset/blood-transfusion-service-center_V1_noise0.1.csv 
Using 150 indices for  100 % of instances
Calculate prediction
Confusion matrix

=== Training model with 20 % noise in training data ===
Critical percentage for training noise: 100 %
Loading training noise data from: results/noise_injection/by_dataset/blood-transfusion-service-center_V1_noise0.2.csv 
Altering 598 out of 598 training instances
Dataset: blood-transfusion-service-center 
Fold: 1 
Method: svmLinear 
Noise level:  20 %
Percentage of altered instances:  10 %
Using 15 indices (first 15 from shuffled list)
Loading noise data from: results/noise_injection/by_dataset/blood-transfusion-service-center_V1_noise0.2.csv 
Using 15 indices for  10 % of instances
Calculate prediction
Confusion matrix
Dataset: blood-transfusion-service-center 
Fold: 1 
Method: svmLinear 
Noise level:  20 %
Percentage of altered instances:  20 %
Using 30 indices (first 30 from shuffled list)
Loading noise data from: results/noise_injection/by_dataset/blood-transfusion-service-center_V1_noise0.2.csv 
Using 30 indices for  20 % of instances
Calculate prediction
Confusion matrix
Dataset: blood-transfusion-service-center 
Fold: 1 
Method: svmLinear 
Noise level:  20 %
Percentage of altered instances:  25 %
Using 38 indices (first 38 from shuffled list)
Loading noise data from: results/noise_injection/by_dataset/blood-transfusion-service-center_V1_noise0.2.csv 
Using 38 indices for  25 % of instances
Calculate prediction
Confusion matrix
Dataset: blood-transfusion-service-center 
Fold: 1 
Method: svmLinear 
Noise level:  20 %
Percentage of altered instances:  30 %
Using 45 indices (first 45 from shuffled list)
Loading noise data from: results/noise_injection/by_dataset/blood-transfusion-service-center_V1_noise0.2.csv 
Using 45 indices for  30 % of instances
Calculate prediction
Confusion matrix
Dataset: blood-transfusion-service-center 
Fold: 1 
Method: svmLinear 
Noise level:  20 %
Percentage of altered instances:  40 %
Using 60 indices (first 60 from shuffled list)
Loading noise data from: results/noise_injection/by_dataset/blood-transfusion-service-center_V1_noise0.2.csv 
Using 60 indices for  40 % of instances
Calculate prediction
Confusion matrix
Dataset: blood-transfusion-service-center 
Fold: 1 
Method: svmLinear 
Noise level:  20 %
Percentage of altered instances:  50 %
Using 75 indices (first 75 from shuffled list)
Loading noise data from: results/noise_injection/by_dataset/blood-transfusion-service-center_V1_noise0.2.csv 
Using 75 indices for  50 % of instances
Calculate prediction
Confusion matrix
Dataset: blood-transfusion-service-center 
Fold: 1 
Method: svmLinear 
Noise level:  20 %
Percentage of altered instances:  60 %
Using 90 indices (first 90 from shuffled list)
Loading noise data from: results/noise_injection/by_dataset/blood-transfusion-service-center_V1_noise0.2.csv 
Using 90 indices for  60 % of instances
Calculate prediction
Confusion matrix
Dataset: blood-transfusion-service-center 
Fold: 1 
Method: svmLinear 
Noise level:  20 %
Percentage of altered instances:  70 %
Using 105 indices (first 105 from shuffled list)
Loading noise data from: results/noise_injection/by_dataset/blood-transfusion-service-center_V1_noise0.2.csv 
Using 105 indices for  70 % of instances
Calculate prediction
Confusion matrix
Dataset: blood-transfusion-service-center 
Fold: 1 
Method: svmLinear 
Noise level:  20 %
Percentage of altered instances:  75 %
Using 112 indices (first 112 from shuffled list)
Loading noise data from: results/noise_injection/by_dataset/blood-transfusion-service-center_V1_noise0.2.csv 
Using 112 indices for  75 % of instances
Calculate prediction
Confusion matrix
Dataset: blood-transfusion-service-center 
Fold: 1 
Method: svmLinear 
Noise level:  20 %
Percentage of altered instances:  80 %
Using 120 indices (first 120 from shuffled list)
Loading noise data from: results/noise_injection/by_dataset/blood-transfusion-service-center_V1_noise0.2.csv 
Using 120 indices for  80 % of instances
Calculate prediction
Confusion matrix
Dataset: blood-transfusion-service-center 
Fold: 1 
Method: svmLinear 
Noise level:  20 %
Percentage of altered instances:  90 %
Using 135 indices (first 135 from shuffled list)
Loading noise data from: results/noise_injection/by_dataset/blood-transfusion-service-center_V1_noise0.2.csv 
Using 135 indices for  90 % of instances
Calculate prediction
Confusion matrix
Dataset: blood-transfusion-service-center 
Fold: 1 
Method: svmLinear 
Noise level:  20 %
Percentage of altered instances:  100 %
Using 150 indices (first 150 from shuffled list)
Loading noise data from: results/noise_injection/by_dataset/blood-transfusion-service-center_V1_noise0.2.csv 
Using 150 indices for  100 % of instances
Calculate prediction
Confusion matrix

=== Training model with 30 % noise in training data ===
Critical percentage for training noise: 100 %
Loading training noise data from: results/noise_injection/by_dataset/blood-transfusion-service-center_V1_noise0.3.csv 
Altering 598 out of 598 training instances
Dataset: blood-transfusion-service-center 
Fold: 1 
Method: svmLinear 
Noise level:  30 %
Percentage of altered instances:  10 %
Using 15 indices (first 15 from shuffled list)
Loading noise data from: results/noise_injection/by_dataset/blood-transfusion-service-center_V1_noise0.3.csv 
Using 15 indices for  10 % of instances
Calculate prediction
Confusion matrix
Dataset: blood-transfusion-service-center 
Fold: 1 
Method: svmLinear 
Noise level:  30 %
Percentage of altered instances:  20 %
Using 30 indices (first 30 from shuffled list)
Loading noise data from: results/noise_injection/by_dataset/blood-transfusion-service-center_V1_noise0.3.csv 
Using 30 indices for  20 % of instances
Calculate prediction
Confusion matrix
Dataset: blood-transfusion-service-center 
Fold: 1 
Method: svmLinear 
Noise level:  30 %
Percentage of altered instances:  25 %
Using 38 indices (first 38 from shuffled list)
Loading noise data from: results/noise_injection/by_dataset/blood-transfusion-service-center_V1_noise0.3.csv 
Using 38 indices for  25 % of instances
Calculate prediction
Confusion matrix
Dataset: blood-transfusion-service-center 
Fold: 1 
Method: svmLinear 
Noise level:  30 %
Percentage of altered instances:  30 %
Using 45 indices (first 45 from shuffled list)
Loading noise data from: results/noise_injection/by_dataset/blood-transfusion-service-center_V1_noise0.3.csv 
Using 45 indices for  30 % of instances
Calculate prediction
Confusion matrix
Dataset: blood-transfusion-service-center 
Fold: 1 
Method: svmLinear 
Noise level:  30 %
Percentage of altered instances:  40 %
Using 60 indices (first 60 from shuffled list)
Loading noise data from: results/noise_injection/by_dataset/blood-transfusion-service-center_V1_noise0.3.csv 
Using 60 indices for  40 % of instances
Calculate prediction
Confusion matrix
Dataset: blood-transfusion-service-center 
Fold: 1 
Method: svmLinear 
Noise level:  30 %
Percentage of altered instances:  50 %
Using 75 indices (first 75 from shuffled list)
Loading noise data from: results/noise_injection/by_dataset/blood-transfusion-service-center_V1_noise0.3.csv 
Using 75 indices for  50 % of instances
Calculate prediction
Confusion matrix
Dataset: blood-transfusion-service-center 
Fold: 1 
Method: svmLinear 
Noise level:  30 %
Percentage of altered instances:  60 %
Using 90 indices (first 90 from shuffled list)
Loading noise data from: results/noise_injection/by_dataset/blood-transfusion-service-center_V1_noise0.3.csv 
Using 90 indices for  60 % of instances
Calculate prediction
Confusion matrix
Dataset: blood-transfusion-service-center 
Fold: 1 
Method: svmLinear 
Noise level:  30 %
Percentage of altered instances:  70 %
Using 105 indices (first 105 from shuffled list)
Loading noise data from: results/noise_injection/by_dataset/blood-transfusion-service-center_V1_noise0.3.csv 
Using 105 indices for  70 % of instances
Calculate prediction
Confusion matrix
Dataset: blood-transfusion-service-center 
Fold: 1 
Method: svmLinear 
Noise level:  30 %
Percentage of altered instances:  75 %
Using 112 indices (first 112 from shuffled list)
Loading noise data from: results/noise_injection/by_dataset/blood-transfusion-service-center_V1_noise0.3.csv 
Using 112 indices for  75 % of instances
Calculate prediction
Confusion matrix
Dataset: blood-transfusion-service-center 
Fold: 1 
Method: svmLinear 
Noise level:  30 %
Percentage of altered instances:  80 %
Using 120 indices (first 120 from shuffled list)
Loading noise data from: results/noise_injection/by_dataset/blood-transfusion-service-center_V1_noise0.3.csv 
Using 120 indices for  80 % of instances
Calculate prediction
Confusion matrix
Dataset: blood-transfusion-service-center 
Fold: 1 
Method: svmLinear 
Noise level:  30 %
Percentage of altered instances:  90 %
Using 135 indices (first 135 from shuffled list)
Loading noise data from: results/noise_injection/by_dataset/blood-transfusion-service-center_V1_noise0.3.csv 
Using 135 indices for  90 % of instances
Calculate prediction
Confusion matrix
Dataset: blood-transfusion-service-center 
Fold: 1 
Method: svmLinear 
Noise level:  30 %
Percentage of altered instances:  100 %
Using 150 indices (first 150 from shuffled list)
Loading noise data from: results/noise_injection/by_dataset/blood-transfusion-service-center_V1_noise0.3.csv 
Using 150 indices for  100 % of instances
Calculate prediction
Confusion matrix
Loaded 150 indices for fold 2 from: results/instances/original/vectors/blood-transfusion-service-center_svmLinear_all_folds.csv 

=== Training model with 10 % noise in training data ===
Critical percentage for training noise: 100 %
Loading training noise data from: results/noise_injection/by_dataset/blood-transfusion-service-center_V1_noise0.1.csv 
Altering 598 out of 598 training instances
Dataset: blood-transfusion-service-center 
Fold: 2 
Method: svmLinear 
Noise level:  10 %
Percentage of altered instances:  10 %
Using 15 indices (first 15 from shuffled list)
Loading noise data from: results/noise_injection/by_dataset/blood-transfusion-service-center_V1_noise0.1.csv 
Using 15 indices for  10 % of instances
Calculate prediction
Confusion matrix
Dataset: blood-transfusion-service-center 
Fold: 2 
Method: svmLinear 
Noise level:  10 %
Percentage of altered instances:  20 %
Using 30 indices (first 30 from shuffled list)
Loading noise data from: results/noise_injection/by_dataset/blood-transfusion-service-center_V1_noise0.1.csv 
Using 30 indices for  20 % of instances
Calculate prediction
Confusion matrix
Dataset: blood-transfusion-service-center 
Fold: 2 
Method: svmLinear 
Noise level:  10 %
Percentage of altered instances:  25 %
Using 38 indices (first 38 from shuffled list)
Loading noise data from: results/noise_injection/by_dataset/blood-transfusion-service-center_V1_noise0.1.csv 
Using 38 indices for  25 % of instances
Calculate prediction
Confusion matrix
Dataset: blood-transfusion-service-center 
Fold: 2 
Method: svmLinear 
Noise level:  10 %
Percentage of altered instances:  30 %
Using 45 indices (first 45 from shuffled list)
Loading noise data from: results/noise_injection/by_dataset/blood-transfusion-service-center_V1_noise0.1.csv 
Using 45 indices for  30 % of instances
Calculate prediction
Confusion matrix
Dataset: blood-transfusion-service-center 
Fold: 2 
Method: svmLinear 
Noise level:  10 %
Percentage of altered instances:  40 %
Using 60 indices (first 60 from shuffled list)
Loading noise data from: results/noise_injection/by_dataset/blood-transfusion-service-center_V1_noise0.1.csv 
Using 60 indices for  40 % of instances
Calculate prediction
Confusion matrix
Dataset: blood-transfusion-service-center 
Fold: 2 
Method: svmLinear 
Noise level:  10 %
Percentage of altered instances:  50 %
Using 75 indices (first 75 from shuffled list)
Loading noise data from: results/noise_injection/by_dataset/blood-transfusion-service-center_V1_noise0.1.csv 
Using 75 indices for  50 % of instances
Calculate prediction
Confusion matrix
Dataset: blood-transfusion-service-center 
Fold: 2 
Method: svmLinear 
Noise level:  10 %
Percentage of altered instances:  60 %
Using 90 indices (first 90 from shuffled list)
Loading noise data from: results/noise_injection/by_dataset/blood-transfusion-service-center_V1_noise0.1.csv 
Using 90 indices for  60 % of instances
Calculate prediction
Confusion matrix
Dataset: blood-transfusion-service-center 
Fold: 2 
Method: svmLinear 
Noise level:  10 %
Percentage of altered instances:  70 %
Using 105 indices (first 105 from shuffled list)
Loading noise data from: results/noise_injection/by_dataset/blood-transfusion-service-center_V1_noise0.1.csv 
Using 105 indices for  70 % of instances
Calculate prediction
Confusion matrix
Dataset: blood-transfusion-service-center 
Fold: 2 
Method: svmLinear 
Noise level:  10 %
Percentage of altered instances:  75 %
Using 112 indices (first 112 from shuffled list)
Loading noise data from: results/noise_injection/by_dataset/blood-transfusion-service-center_V1_noise0.1.csv 
Using 112 indices for  75 % of instances
Calculate prediction
Confusion matrix
Dataset: blood-transfusion-service-center 
Fold: 2 
Method: svmLinear 
Noise level:  10 %
Percentage of altered instances:  80 %
Using 120 indices (first 120 from shuffled list)
Loading noise data from: results/noise_injection/by_dataset/blood-transfusion-service-center_V1_noise0.1.csv 
Using 120 indices for  80 % of instances
Calculate prediction
Confusion matrix
Dataset: blood-transfusion-service-center 
Fold: 2 
Method: svmLinear 
Noise level:  10 %
Percentage of altered instances:  90 %
Using 135 indices (first 135 from shuffled list)
Loading noise data from: results/noise_injection/by_dataset/blood-transfusion-service-center_V1_noise0.1.csv 
Using 135 indices for  90 % of instances
Calculate prediction
Confusion matrix
Dataset: blood-transfusion-service-center 
Fold: 2 
Method: svmLinear 
Noise level:  10 %
Percentage of altered instances:  100 %
Using 150 indices (first 150 from shuffled list)
Loading noise data from: results/noise_injection/by_dataset/blood-transfusion-service-center_V1_noise0.1.csv 
Using 150 indices for  100 % of instances
Calculate prediction
Confusion matrix

=== Training model with 20 % noise in training data ===
Critical percentage for training noise: 100 %
Loading training noise data from: results/noise_injection/by_dataset/blood-transfusion-service-center_V1_noise0.2.csv 
Altering 598 out of 598 training instances
Dataset: blood-transfusion-service-center 
Fold: 2 
Method: svmLinear 
Noise level:  20 %
Percentage of altered instances:  10 %
Using 15 indices (first 15 from shuffled list)
Loading noise data from: results/noise_injection/by_dataset/blood-transfusion-service-center_V1_noise0.2.csv 
Using 15 indices for  10 % of instances
Calculate prediction
Confusion matrix
Dataset: blood-transfusion-service-center 
Fold: 2 
Method: svmLinear 
Noise level:  20 %
Percentage of altered instances:  20 %
Using 30 indices (first 30 from shuffled list)
Loading noise data from: results/noise_injection/by_dataset/blood-transfusion-service-center_V1_noise0.2.csv 
Using 30 indices for  20 % of instances
Calculate prediction
Confusion matrix
Dataset: blood-transfusion-service-center 
Fold: 2 
Method: svmLinear 
Noise level:  20 %
Percentage of altered instances:  25 %
Using 38 indices (first 38 from shuffled list)
Loading noise data from: results/noise_injection/by_dataset/blood-transfusion-service-center_V1_noise0.2.csv 
Using 38 indices for  25 % of instances
Calculate prediction
Confusion matrix
Dataset: blood-transfusion-service-center 
Fold: 2 
Method: svmLinear 
Noise level:  20 %
Percentage of altered instances:  30 %
Using 45 indices (first 45 from shuffled list)
Loading noise data from: results/noise_injection/by_dataset/blood-transfusion-service-center_V1_noise0.2.csv 
Using 45 indices for  30 % of instances
Calculate prediction
Confusion matrix
Dataset: blood-transfusion-service-center 
Fold: 2 
Method: svmLinear 
Noise level:  20 %
Percentage of altered instances:  40 %
Using 60 indices (first 60 from shuffled list)
Loading noise data from: results/noise_injection/by_dataset/blood-transfusion-service-center_V1_noise0.2.csv 
Using 60 indices for  40 % of instances
Calculate prediction
Confusion matrix
Dataset: blood-transfusion-service-center 
Fold: 2 
Method: svmLinear 
Noise level:  20 %
Percentage of altered instances:  50 %
Using 75 indices (first 75 from shuffled list)
Loading noise data from: results/noise_injection/by_dataset/blood-transfusion-service-center_V1_noise0.2.csv 
Using 75 indices for  50 % of instances
Calculate prediction
Confusion matrix
Dataset: blood-transfusion-service-center 
Fold: 2 
Method: svmLinear 
Noise level:  20 %
Percentage of altered instances:  60 %
Using 90 indices (first 90 from shuffled list)
Loading noise data from: results/noise_injection/by_dataset/blood-transfusion-service-center_V1_noise0.2.csv 
Using 90 indices for  60 % of instances
Calculate prediction
Confusion matrix
Dataset: blood-transfusion-service-center 
Fold: 2 
Method: svmLinear 
Noise level:  20 %
Percentage of altered instances:  70 %
Using 105 indices (first 105 from shuffled list)
Loading noise data from: results/noise_injection/by_dataset/blood-transfusion-service-center_V1_noise0.2.csv 
Using 105 indices for  70 % of instances
Calculate prediction
Confusion matrix
Dataset: blood-transfusion-service-center 
Fold: 2 
Method: svmLinear 
Noise level:  20 %
Percentage of altered instances:  75 %
Using 112 indices (first 112 from shuffled list)
Loading noise data from: results/noise_injection/by_dataset/blood-transfusion-service-center_V1_noise0.2.csv 
Using 112 indices for  75 % of instances
Calculate prediction
Confusion matrix
Dataset: blood-transfusion-service-center 
Fold: 2 
Method: svmLinear 
Noise level:  20 %
Percentage of altered instances:  80 %
Using 120 indices (first 120 from shuffled list)
Loading noise data from: results/noise_injection/by_dataset/blood-transfusion-service-center_V1_noise0.2.csv 
Using 120 indices for  80 % of instances
Calculate prediction
Confusion matrix
Dataset: blood-transfusion-service-center 
Fold: 2 
Method: svmLinear 
Noise level:  20 %
Percentage of altered instances:  90 %
Using 135 indices (first 135 from shuffled list)
Loading noise data from: results/noise_injection/by_dataset/blood-transfusion-service-center_V1_noise0.2.csv 
Using 135 indices for  90 % of instances
Calculate prediction
Confusion matrix
Dataset: blood-transfusion-service-center 
Fold: 2 
Method: svmLinear 
Noise level:  20 %
Percentage of altered instances:  100 %
Using 150 indices (first 150 from shuffled list)
Loading noise data from: results/noise_injection/by_dataset/blood-transfusion-service-center_V1_noise0.2.csv 
Using 150 indices for  100 % of instances
Calculate prediction
Confusion matrix

=== Training model with 30 % noise in training data ===
Critical percentage for training noise: 100 %
Loading training noise data from: results/noise_injection/by_dataset/blood-transfusion-service-center_V1_noise0.3.csv 
Altering 598 out of 598 training instances
Dataset: blood-transfusion-service-center 
Fold: 2 
Method: svmLinear 
Noise level:  30 %
Percentage of altered instances:  10 %
Using 15 indices (first 15 from shuffled list)
Loading noise data from: results/noise_injection/by_dataset/blood-transfusion-service-center_V1_noise0.3.csv 
Using 15 indices for  10 % of instances
Calculate prediction
Confusion matrix
Dataset: blood-transfusion-service-center 
Fold: 2 
Method: svmLinear 
Noise level:  30 %
Percentage of altered instances:  20 %
Using 30 indices (first 30 from shuffled list)
Loading noise data from: results/noise_injection/by_dataset/blood-transfusion-service-center_V1_noise0.3.csv 
Using 30 indices for  20 % of instances
Calculate prediction
Confusion matrix
Dataset: blood-transfusion-service-center 
Fold: 2 
Method: svmLinear 
Noise level:  30 %
Percentage of altered instances:  25 %
Using 38 indices (first 38 from shuffled list)
Loading noise data from: results/noise_injection/by_dataset/blood-transfusion-service-center_V1_noise0.3.csv 
Using 38 indices for  25 % of instances
Calculate prediction
Confusion matrix
Dataset: blood-transfusion-service-center 
Fold: 2 
Method: svmLinear 
Noise level:  30 %
Percentage of altered instances:  30 %
Using 45 indices (first 45 from shuffled list)
Loading noise data from: results/noise_injection/by_dataset/blood-transfusion-service-center_V1_noise0.3.csv 
Using 45 indices for  30 % of instances
Calculate prediction
Confusion matrix
Dataset: blood-transfusion-service-center 
Fold: 2 
Method: svmLinear 
Noise level:  30 %
Percentage of altered instances:  40 %
Using 60 indices (first 60 from shuffled list)
Loading noise data from: results/noise_injection/by_dataset/blood-transfusion-service-center_V1_noise0.3.csv 
Using 60 indices for  40 % of instances
Calculate prediction
Confusion matrix
Dataset: blood-transfusion-service-center 
Fold: 2 
Method: svmLinear 
Noise level:  30 %
Percentage of altered instances:  50 %
Using 75 indices (first 75 from shuffled list)
Loading noise data from: results/noise_injection/by_dataset/blood-transfusion-service-center_V1_noise0.3.csv 
Using 75 indices for  50 % of instances
Calculate prediction
Confusion matrix
Dataset: blood-transfusion-service-center 
Fold: 2 
Method: svmLinear 
Noise level:  30 %
Percentage of altered instances:  60 %
Using 90 indices (first 90 from shuffled list)
Loading noise data from: results/noise_injection/by_dataset/blood-transfusion-service-center_V1_noise0.3.csv 
Using 90 indices for  60 % of instances
Calculate prediction
Confusion matrix
Dataset: blood-transfusion-service-center 
Fold: 2 
Method: svmLinear 
Noise level:  30 %
Percentage of altered instances:  70 %
Using 105 indices (first 105 from shuffled list)
Loading noise data from: results/noise_injection/by_dataset/blood-transfusion-service-center_V1_noise0.3.csv 
Using 105 indices for  70 % of instances
Calculate prediction
Confusion matrix
Dataset: blood-transfusion-service-center 
Fold: 2 
Method: svmLinear 
Noise level:  30 %
Percentage of altered instances:  75 %
Using 112 indices (first 112 from shuffled list)
Loading noise data from: results/noise_injection/by_dataset/blood-transfusion-service-center_V1_noise0.3.csv 
Using 112 indices for  75 % of instances
Calculate prediction
Confusion matrix
Dataset: blood-transfusion-service-center 
Fold: 2 
Method: svmLinear 
Noise level:  30 %
Percentage of altered instances:  80 %
Using 120 indices (first 120 from shuffled list)
Loading noise data from: results/noise_injection/by_dataset/blood-transfusion-service-center_V1_noise0.3.csv 
Using 120 indices for  80 % of instances
Calculate prediction
Confusion matrix
Dataset: blood-transfusion-service-center 
Fold: 2 
Method: svmLinear 
Noise level:  30 %
Percentage of altered instances:  90 %
Using 135 indices (first 135 from shuffled list)
Loading noise data from: results/noise_injection/by_dataset/blood-transfusion-service-center_V1_noise0.3.csv 
Using 135 indices for  90 % of instances
Calculate prediction
Confusion matrix
Dataset: blood-transfusion-service-center 
Fold: 2 
Method: svmLinear 
Noise level:  30 %
Percentage of altered instances:  100 %
Using 150 indices (first 150 from shuffled list)
Loading noise data from: results/noise_injection/by_dataset/blood-transfusion-service-center_V1_noise0.3.csv 
Using 150 indices for  100 % of instances
Calculate prediction
Confusion matrix
Loaded 150 indices for fold 3 from: results/instances/original/vectors/blood-transfusion-service-center_svmLinear_all_folds.csv 

=== Training model with 10 % noise in training data ===
Critical percentage for training noise: 100 %
Loading training noise data from: results/noise_injection/by_dataset/blood-transfusion-service-center_V1_noise0.1.csv 
Altering 598 out of 598 training instances
Dataset: blood-transfusion-service-center 
Fold: 3 
Method: svmLinear 
Noise level:  10 %
Percentage of altered instances:  10 %
Using 15 indices (first 15 from shuffled list)
Loading noise data from: results/noise_injection/by_dataset/blood-transfusion-service-center_V1_noise0.1.csv 
Using 15 indices for  10 % of instances
Calculate prediction
Confusion matrix
Dataset: blood-transfusion-service-center 
Fold: 3 
Method: svmLinear 
Noise level:  10 %
Percentage of altered instances:  20 %
Using 30 indices (first 30 from shuffled list)
Loading noise data from: results/noise_injection/by_dataset/blood-transfusion-service-center_V1_noise0.1.csv 
Using 30 indices for  20 % of instances
Calculate prediction
Confusion matrix
Dataset: blood-transfusion-service-center 
Fold: 3 
Method: svmLinear 
Noise level:  10 %
Percentage of altered instances:  25 %
Using 38 indices (first 38 from shuffled list)
Loading noise data from: results/noise_injection/by_dataset/blood-transfusion-service-center_V1_noise0.1.csv 
Using 38 indices for  25 % of instances
Calculate prediction
Confusion matrix
Dataset: blood-transfusion-service-center 
Fold: 3 
Method: svmLinear 
Noise level:  10 %
Percentage of altered instances:  30 %
Using 45 indices (first 45 from shuffled list)
Loading noise data from: results/noise_injection/by_dataset/blood-transfusion-service-center_V1_noise0.1.csv 
Using 45 indices for  30 % of instances
Calculate prediction
Confusion matrix
Dataset: blood-transfusion-service-center 
Fold: 3 
Method: svmLinear 
Noise level:  10 %
Percentage of altered instances:  40 %
Using 60 indices (first 60 from shuffled list)
Loading noise data from: results/noise_injection/by_dataset/blood-transfusion-service-center_V1_noise0.1.csv 
Using 60 indices for  40 % of instances
Calculate prediction
Confusion matrix
Dataset: blood-transfusion-service-center 
Fold: 3 
Method: svmLinear 
Noise level:  10 %
Percentage of altered instances:  50 %
Using 75 indices (first 75 from shuffled list)
Loading noise data from: results/noise_injection/by_dataset/blood-transfusion-service-center_V1_noise0.1.csv 
Using 75 indices for  50 % of instances
Calculate prediction
Confusion matrix
Dataset: blood-transfusion-service-center 
Fold: 3 
Method: svmLinear 
Noise level:  10 %
Percentage of altered instances:  60 %
Using 90 indices (first 90 from shuffled list)
Loading noise data from: results/noise_injection/by_dataset/blood-transfusion-service-center_V1_noise0.1.csv 
Using 90 indices for  60 % of instances
Calculate prediction
Confusion matrix
Dataset: blood-transfusion-service-center 
Fold: 3 
Method: svmLinear 
Noise level:  10 %
Percentage of altered instances:  70 %
Using 105 indices (first 105 from shuffled list)
Loading noise data from: results/noise_injection/by_dataset/blood-transfusion-service-center_V1_noise0.1.csv 
Using 105 indices for  70 % of instances
Calculate prediction
Confusion matrix
Dataset: blood-transfusion-service-center 
Fold: 3 
Method: svmLinear 
Noise level:  10 %
Percentage of altered instances:  75 %
Using 112 indices (first 112 from shuffled list)
Loading noise data from: results/noise_injection/by_dataset/blood-transfusion-service-center_V1_noise0.1.csv 
Using 112 indices for  75 % of instances
Calculate prediction
Confusion matrix
Dataset: blood-transfusion-service-center 
Fold: 3 
Method: svmLinear 
Noise level:  10 %
Percentage of altered instances:  80 %
Using 120 indices (first 120 from shuffled list)
Loading noise data from: results/noise_injection/by_dataset/blood-transfusion-service-center_V1_noise0.1.csv 
Using 120 indices for  80 % of instances
Calculate prediction
Confusion matrix
Dataset: blood-transfusion-service-center 
Fold: 3 
Method: svmLinear 
Noise level:  10 %
Percentage of altered instances:  90 %
Using 135 indices (first 135 from shuffled list)
Loading noise data from: results/noise_injection/by_dataset/blood-transfusion-service-center_V1_noise0.1.csv 
Using 135 indices for  90 % of instances
Calculate prediction
Confusion matrix
Dataset: blood-transfusion-service-center 
Fold: 3 
Method: svmLinear 
Noise level:  10 %
Percentage of altered instances:  100 %
Using 150 indices (first 150 from shuffled list)
Loading noise data from: results/noise_injection/by_dataset/blood-transfusion-service-center_V1_noise0.1.csv 
Using 150 indices for  100 % of instances
Calculate prediction
Confusion matrix

=== Training model with 20 % noise in training data ===
Critical percentage for training noise: 100 %
Loading training noise data from: results/noise_injection/by_dataset/blood-transfusion-service-center_V1_noise0.2.csv 
Altering 598 out of 598 training instances
Dataset: blood-transfusion-service-center 
Fold: 3 
Method: svmLinear 
Noise level:  20 %
Percentage of altered instances:  10 %
Using 15 indices (first 15 from shuffled list)
Loading noise data from: results/noise_injection/by_dataset/blood-transfusion-service-center_V1_noise0.2.csv 
Using 15 indices for  10 % of instances
Calculate prediction
Confusion matrix
Dataset: blood-transfusion-service-center 
Fold: 3 
Method: svmLinear 
Noise level:  20 %
Percentage of altered instances:  20 %
Using 30 indices (first 30 from shuffled list)
Loading noise data from: results/noise_injection/by_dataset/blood-transfusion-service-center_V1_noise0.2.csv 
Using 30 indices for  20 % of instances
Calculate prediction
Confusion matrix
Dataset: blood-transfusion-service-center 
Fold: 3 
Method: svmLinear 
Noise level:  20 %
Percentage of altered instances:  25 %
Using 38 indices (first 38 from shuffled list)
Loading noise data from: results/noise_injection/by_dataset/blood-transfusion-service-center_V1_noise0.2.csv 
Using 38 indices for  25 % of instances
Calculate prediction
Confusion matrix
Dataset: blood-transfusion-service-center 
Fold: 3 
Method: svmLinear 
Noise level:  20 %
Percentage of altered instances:  30 %
Using 45 indices (first 45 from shuffled list)
Loading noise data from: results/noise_injection/by_dataset/blood-transfusion-service-center_V1_noise0.2.csv 
Using 45 indices for  30 % of instances
Calculate prediction
Confusion matrix
Dataset: blood-transfusion-service-center 
Fold: 3 
Method: svmLinear 
Noise level:  20 %
Percentage of altered instances:  40 %
Using 60 indices (first 60 from shuffled list)
Loading noise data from: results/noise_injection/by_dataset/blood-transfusion-service-center_V1_noise0.2.csv 
Using 60 indices for  40 % of instances
Calculate prediction
Confusion matrix
Dataset: blood-transfusion-service-center 
Fold: 3 
Method: svmLinear 
Noise level:  20 %
Percentage of altered instances:  50 %
Using 75 indices (first 75 from shuffled list)
Loading noise data from: results/noise_injection/by_dataset/blood-transfusion-service-center_V1_noise0.2.csv 
Using 75 indices for  50 % of instances
Calculate prediction
Confusion matrix
Dataset: blood-transfusion-service-center 
Fold: 3 
Method: svmLinear 
Noise level:  20 %
Percentage of altered instances:  60 %
Using 90 indices (first 90 from shuffled list)
Loading noise data from: results/noise_injection/by_dataset/blood-transfusion-service-center_V1_noise0.2.csv 
Using 90 indices for  60 % of instances
Calculate prediction
Confusion matrix
Dataset: blood-transfusion-service-center 
Fold: 3 
Method: svmLinear 
Noise level:  20 %
Percentage of altered instances:  70 %
Using 105 indices (first 105 from shuffled list)
Loading noise data from: results/noise_injection/by_dataset/blood-transfusion-service-center_V1_noise0.2.csv 
Using 105 indices for  70 % of instances
Calculate prediction
Confusion matrix
Dataset: blood-transfusion-service-center 
Fold: 3 
Method: svmLinear 
Noise level:  20 %
Percentage of altered instances:  75 %
Using 112 indices (first 112 from shuffled list)
Loading noise data from: results/noise_injection/by_dataset/blood-transfusion-service-center_V1_noise0.2.csv 
Using 112 indices for  75 % of instances
Calculate prediction
Confusion matrix
Dataset: blood-transfusion-service-center 
Fold: 3 
Method: svmLinear 
Noise level:  20 %
Percentage of altered instances:  80 %
Using 120 indices (first 120 from shuffled list)
Loading noise data from: results/noise_injection/by_dataset/blood-transfusion-service-center_V1_noise0.2.csv 
Using 120 indices for  80 % of instances
Calculate prediction
Confusion matrix
Dataset: blood-transfusion-service-center 
Fold: 3 
Method: svmLinear 
Noise level:  20 %
Percentage of altered instances:  90 %
Using 135 indices (first 135 from shuffled list)
Loading noise data from: results/noise_injection/by_dataset/blood-transfusion-service-center_V1_noise0.2.csv 
Using 135 indices for  90 % of instances
Calculate prediction
Confusion matrix
Dataset: blood-transfusion-service-center 
Fold: 3 
Method: svmLinear 
Noise level:  20 %
Percentage of altered instances:  100 %
Using 150 indices (first 150 from shuffled list)
Loading noise data from: results/noise_injection/by_dataset/blood-transfusion-service-center_V1_noise0.2.csv 
Using 150 indices for  100 % of instances
Calculate prediction
Confusion matrix

=== Training model with 30 % noise in training data ===
Critical percentage for training noise: 100 %
Loading training noise data from: results/noise_injection/by_dataset/blood-transfusion-service-center_V1_noise0.3.csv 
Altering 598 out of 598 training instances
Dataset: blood-transfusion-service-center 
Fold: 3 
Method: svmLinear 
Noise level:  30 %
Percentage of altered instances:  10 %
Using 15 indices (first 15 from shuffled list)
Loading noise data from: results/noise_injection/by_dataset/blood-transfusion-service-center_V1_noise0.3.csv 
Using 15 indices for  10 % of instances
Calculate prediction
Confusion matrix
Dataset: blood-transfusion-service-center 
Fold: 3 
Method: svmLinear 
Noise level:  30 %
Percentage of altered instances:  20 %
Using 30 indices (first 30 from shuffled list)
Loading noise data from: results/noise_injection/by_dataset/blood-transfusion-service-center_V1_noise0.3.csv 
Using 30 indices for  20 % of instances
Calculate prediction
Confusion matrix
Dataset: blood-transfusion-service-center 
Fold: 3 
Method: svmLinear 
Noise level:  30 %
Percentage of altered instances:  25 %
Using 38 indices (first 38 from shuffled list)
Loading noise data from: results/noise_injection/by_dataset/blood-transfusion-service-center_V1_noise0.3.csv 
Using 38 indices for  25 % of instances
Calculate prediction
Confusion matrix
Dataset: blood-transfusion-service-center 
Fold: 3 
Method: svmLinear 
Noise level:  30 %
Percentage of altered instances:  30 %
Using 45 indices (first 45 from shuffled list)
Loading noise data from: results/noise_injection/by_dataset/blood-transfusion-service-center_V1_noise0.3.csv 
Using 45 indices for  30 % of instances
Calculate prediction
Confusion matrix
Dataset: blood-transfusion-service-center 
Fold: 3 
Method: svmLinear 
Noise level:  30 %
Percentage of altered instances:  40 %
Using 60 indices (first 60 from shuffled list)
Loading noise data from: results/noise_injection/by_dataset/blood-transfusion-service-center_V1_noise0.3.csv 
Using 60 indices for  40 % of instances
Calculate prediction
Confusion matrix
Dataset: blood-transfusion-service-center 
Fold: 3 
Method: svmLinear 
Noise level:  30 %
Percentage of altered instances:  50 %
Using 75 indices (first 75 from shuffled list)
Loading noise data from: results/noise_injection/by_dataset/blood-transfusion-service-center_V1_noise0.3.csv 
Using 75 indices for  50 % of instances
Calculate prediction
Confusion matrix
Dataset: blood-transfusion-service-center 
Fold: 3 
Method: svmLinear 
Noise level:  30 %
Percentage of altered instances:  60 %
Using 90 indices (first 90 from shuffled list)
Loading noise data from: results/noise_injection/by_dataset/blood-transfusion-service-center_V1_noise0.3.csv 
Using 90 indices for  60 % of instances
Calculate prediction
Confusion matrix
Dataset: blood-transfusion-service-center 
Fold: 3 
Method: svmLinear 
Noise level:  30 %
Percentage of altered instances:  70 %
Using 105 indices (first 105 from shuffled list)
Loading noise data from: results/noise_injection/by_dataset/blood-transfusion-service-center_V1_noise0.3.csv 
Using 105 indices for  70 % of instances
Calculate prediction
Confusion matrix
Dataset: blood-transfusion-service-center 
Fold: 3 
Method: svmLinear 
Noise level:  30 %
Percentage of altered instances:  75 %
Using 112 indices (first 112 from shuffled list)
Loading noise data from: results/noise_injection/by_dataset/blood-transfusion-service-center_V1_noise0.3.csv 
Using 112 indices for  75 % of instances
Calculate prediction
Confusion matrix
Dataset: blood-transfusion-service-center 
Fold: 3 
Method: svmLinear 
Noise level:  30 %
Percentage of altered instances:  80 %
Using 120 indices (first 120 from shuffled list)
Loading noise data from: results/noise_injection/by_dataset/blood-transfusion-service-center_V1_noise0.3.csv 
Using 120 indices for  80 % of instances
Calculate prediction
Confusion matrix
Dataset: blood-transfusion-service-center 
Fold: 3 
Method: svmLinear 
Noise level:  30 %
Percentage of altered instances:  90 %
Using 135 indices (first 135 from shuffled list)
Loading noise data from: results/noise_injection/by_dataset/blood-transfusion-service-center_V1_noise0.3.csv 
Using 135 indices for  90 % of instances
Calculate prediction
Confusion matrix
Dataset: blood-transfusion-service-center 
Fold: 3 
Method: svmLinear 
Noise level:  30 %
Percentage of altered instances:  100 %
Using 150 indices (first 150 from shuffled list)
Loading noise data from: results/noise_injection/by_dataset/blood-transfusion-service-center_V1_noise0.3.csv 
Using 150 indices for  100 % of instances
Calculate prediction
Confusion matrix
Loaded 149 indices for fold 4 from: results/instances/original/vectors/blood-transfusion-service-center_svmLinear_all_folds.csv 

=== Training model with 10 % noise in training data ===
Critical percentage for training noise: 100 %
Loading training noise data from: results/noise_injection/by_dataset/blood-transfusion-service-center_V1_noise0.1.csv 
Altering 599 out of 599 training instances
Dataset: blood-transfusion-service-center 
Fold: 4 
Method: svmLinear 
Noise level:  10 %
Percentage of altered instances:  10 %
Using 15 indices (first 15 from shuffled list)
Loading noise data from: results/noise_injection/by_dataset/blood-transfusion-service-center_V1_noise0.1.csv 
Using 15 indices for  10 % of instances
Calculate prediction
Confusion matrix
Dataset: blood-transfusion-service-center 
Fold: 4 
Method: svmLinear 
Noise level:  10 %
Percentage of altered instances:  20 %
Using 30 indices (first 30 from shuffled list)
Loading noise data from: results/noise_injection/by_dataset/blood-transfusion-service-center_V1_noise0.1.csv 
Using 30 indices for  20 % of instances
Calculate prediction
Confusion matrix
Dataset: blood-transfusion-service-center 
Fold: 4 
Method: svmLinear 
Noise level:  10 %
Percentage of altered instances:  25 %
Using 37 indices (first 37 from shuffled list)
Loading noise data from: results/noise_injection/by_dataset/blood-transfusion-service-center_V1_noise0.1.csv 
Using 37 indices for  25 % of instances
Calculate prediction
Confusion matrix
Dataset: blood-transfusion-service-center 
Fold: 4 
Method: svmLinear 
Noise level:  10 %
Percentage of altered instances:  30 %
Using 45 indices (first 45 from shuffled list)
Loading noise data from: results/noise_injection/by_dataset/blood-transfusion-service-center_V1_noise0.1.csv 
Using 45 indices for  30 % of instances
Calculate prediction
Confusion matrix
Dataset: blood-transfusion-service-center 
Fold: 4 
Method: svmLinear 
Noise level:  10 %
Percentage of altered instances:  40 %
Using 60 indices (first 60 from shuffled list)
Loading noise data from: results/noise_injection/by_dataset/blood-transfusion-service-center_V1_noise0.1.csv 
Using 60 indices for  40 % of instances
Calculate prediction
Confusion matrix
Dataset: blood-transfusion-service-center 
Fold: 4 
Method: svmLinear 
Noise level:  10 %
Percentage of altered instances:  50 %
Using 74 indices (first 74 from shuffled list)
Loading noise data from: results/noise_injection/by_dataset/blood-transfusion-service-center_V1_noise0.1.csv 
Using 74 indices for  50 % of instances
Calculate prediction
Confusion matrix
Dataset: blood-transfusion-service-center 
Fold: 4 
Method: svmLinear 
Noise level:  10 %
Percentage of altered instances:  60 %
Using 89 indices (first 89 from shuffled list)
Loading noise data from: results/noise_injection/by_dataset/blood-transfusion-service-center_V1_noise0.1.csv 
Using 89 indices for  60 % of instances
Calculate prediction
Confusion matrix
Dataset: blood-transfusion-service-center 
Fold: 4 
Method: svmLinear 
Noise level:  10 %
Percentage of altered instances:  70 %
Using 104 indices (first 104 from shuffled list)
Loading noise data from: results/noise_injection/by_dataset/blood-transfusion-service-center_V1_noise0.1.csv 
Using 104 indices for  70 % of instances
Calculate prediction
Confusion matrix
Dataset: blood-transfusion-service-center 
Fold: 4 
Method: svmLinear 
Noise level:  10 %
Percentage of altered instances:  75 %
Using 112 indices (first 112 from shuffled list)
Loading noise data from: results/noise_injection/by_dataset/blood-transfusion-service-center_V1_noise0.1.csv 
Using 112 indices for  75 % of instances
Calculate prediction
Confusion matrix
Dataset: blood-transfusion-service-center 
Fold: 4 
Method: svmLinear 
Noise level:  10 %
Percentage of altered instances:  80 %
Using 119 indices (first 119 from shuffled list)
Loading noise data from: results/noise_injection/by_dataset/blood-transfusion-service-center_V1_noise0.1.csv 
Using 119 indices for  80 % of instances
Calculate prediction
Confusion matrix
Dataset: blood-transfusion-service-center 
Fold: 4 
Method: svmLinear 
Noise level:  10 %
Percentage of altered instances:  90 %
Using 134 indices (first 134 from shuffled list)
Loading noise data from: results/noise_injection/by_dataset/blood-transfusion-service-center_V1_noise0.1.csv 
Using 134 indices for  90 % of instances
Calculate prediction
Confusion matrix
Dataset: blood-transfusion-service-center 
Fold: 4 
Method: svmLinear 
Noise level:  10 %
Percentage of altered instances:  100 %
Using 149 indices (first 149 from shuffled list)
Loading noise data from: results/noise_injection/by_dataset/blood-transfusion-service-center_V1_noise0.1.csv 
Using 149 indices for  100 % of instances
Calculate prediction
Confusion matrix

=== Training model with 20 % noise in training data ===
Critical percentage for training noise: 100 %
Loading training noise data from: results/noise_injection/by_dataset/blood-transfusion-service-center_V1_noise0.2.csv 
Altering 599 out of 599 training instances
Dataset: blood-transfusion-service-center 
Fold: 4 
Method: svmLinear 
Noise level:  20 %
Percentage of altered instances:  10 %
Using 15 indices (first 15 from shuffled list)
Loading noise data from: results/noise_injection/by_dataset/blood-transfusion-service-center_V1_noise0.2.csv 
Using 15 indices for  10 % of instances
Calculate prediction
Confusion matrix
Dataset: blood-transfusion-service-center 
Fold: 4 
Method: svmLinear 
Noise level:  20 %
Percentage of altered instances:  20 %
Using 30 indices (first 30 from shuffled list)
Loading noise data from: results/noise_injection/by_dataset/blood-transfusion-service-center_V1_noise0.2.csv 
Using 30 indices for  20 % of instances
Calculate prediction
Confusion matrix
Dataset: blood-transfusion-service-center 
Fold: 4 
Method: svmLinear 
Noise level:  20 %
Percentage of altered instances:  25 %
Using 37 indices (first 37 from shuffled list)
Loading noise data from: results/noise_injection/by_dataset/blood-transfusion-service-center_V1_noise0.2.csv 
Using 37 indices for  25 % of instances
Calculate prediction
Confusion matrix
Dataset: blood-transfusion-service-center 
Fold: 4 
Method: svmLinear 
Noise level:  20 %
Percentage of altered instances:  30 %
Using 45 indices (first 45 from shuffled list)
Loading noise data from: results/noise_injection/by_dataset/blood-transfusion-service-center_V1_noise0.2.csv 
Using 45 indices for  30 % of instances
Calculate prediction
Confusion matrix
Dataset: blood-transfusion-service-center 
Fold: 4 
Method: svmLinear 
Noise level:  20 %
Percentage of altered instances:  40 %
Using 60 indices (first 60 from shuffled list)
Loading noise data from: results/noise_injection/by_dataset/blood-transfusion-service-center_V1_noise0.2.csv 
Using 60 indices for  40 % of instances
Calculate prediction
Confusion matrix
Dataset: blood-transfusion-service-center 
Fold: 4 
Method: svmLinear 
Noise level:  20 %
Percentage of altered instances:  50 %
Using 74 indices (first 74 from shuffled list)
Loading noise data from: results/noise_injection/by_dataset/blood-transfusion-service-center_V1_noise0.2.csv 
Using 74 indices for  50 % of instances
Calculate prediction
Confusion matrix
Dataset: blood-transfusion-service-center 
Fold: 4 
Method: svmLinear 
Noise level:  20 %
Percentage of altered instances:  60 %
Using 89 indices (first 89 from shuffled list)
Loading noise data from: results/noise_injection/by_dataset/blood-transfusion-service-center_V1_noise0.2.csv 
Using 89 indices for  60 % of instances
Calculate prediction
Confusion matrix
Dataset: blood-transfusion-service-center 
Fold: 4 
Method: svmLinear 
Noise level:  20 %
Percentage of altered instances:  70 %
Using 104 indices (first 104 from shuffled list)
Loading noise data from: results/noise_injection/by_dataset/blood-transfusion-service-center_V1_noise0.2.csv 
Using 104 indices for  70 % of instances
Calculate prediction
Confusion matrix
Dataset: blood-transfusion-service-center 
Fold: 4 
Method: svmLinear 
Noise level:  20 %
Percentage of altered instances:  75 %
Using 112 indices (first 112 from shuffled list)
Loading noise data from: results/noise_injection/by_dataset/blood-transfusion-service-center_V1_noise0.2.csv 
Using 112 indices for  75 % of instances
Calculate prediction
Confusion matrix
Dataset: blood-transfusion-service-center 
Fold: 4 
Method: svmLinear 
Noise level:  20 %
Percentage of altered instances:  80 %
Using 119 indices (first 119 from shuffled list)
Loading noise data from: results/noise_injection/by_dataset/blood-transfusion-service-center_V1_noise0.2.csv 
Using 119 indices for  80 % of instances
Calculate prediction
Confusion matrix
Dataset: blood-transfusion-service-center 
Fold: 4 
Method: svmLinear 
Noise level:  20 %
Percentage of altered instances:  90 %
Using 134 indices (first 134 from shuffled list)
Loading noise data from: results/noise_injection/by_dataset/blood-transfusion-service-center_V1_noise0.2.csv 
Using 134 indices for  90 % of instances
Calculate prediction
Confusion matrix
Dataset: blood-transfusion-service-center 
Fold: 4 
Method: svmLinear 
Noise level:  20 %
Percentage of altered instances:  100 %
Using 149 indices (first 149 from shuffled list)
Loading noise data from: results/noise_injection/by_dataset/blood-transfusion-service-center_V1_noise0.2.csv 
Using 149 indices for  100 % of instances
Calculate prediction
Confusion matrix

=== Training model with 30 % noise in training data ===
Critical percentage for training noise: 100 %
Loading training noise data from: results/noise_injection/by_dataset/blood-transfusion-service-center_V1_noise0.3.csv 
Altering 599 out of 599 training instances
Dataset: blood-transfusion-service-center 
Fold: 4 
Method: svmLinear 
Noise level:  30 %
Percentage of altered instances:  10 %
Using 15 indices (first 15 from shuffled list)
Loading noise data from: results/noise_injection/by_dataset/blood-transfusion-service-center_V1_noise0.3.csv 
Using 15 indices for  10 % of instances
Calculate prediction
Confusion matrix
Dataset: blood-transfusion-service-center 
Fold: 4 
Method: svmLinear 
Noise level:  30 %
Percentage of altered instances:  20 %
Using 30 indices (first 30 from shuffled list)
Loading noise data from: results/noise_injection/by_dataset/blood-transfusion-service-center_V1_noise0.3.csv 
Using 30 indices for  20 % of instances
Calculate prediction
Confusion matrix
Dataset: blood-transfusion-service-center 
Fold: 4 
Method: svmLinear 
Noise level:  30 %
Percentage of altered instances:  25 %
Using 37 indices (first 37 from shuffled list)
Loading noise data from: results/noise_injection/by_dataset/blood-transfusion-service-center_V1_noise0.3.csv 
Using 37 indices for  25 % of instances
Calculate prediction
Confusion matrix
Dataset: blood-transfusion-service-center 
Fold: 4 
Method: svmLinear 
Noise level:  30 %
Percentage of altered instances:  30 %
Using 45 indices (first 45 from shuffled list)
Loading noise data from: results/noise_injection/by_dataset/blood-transfusion-service-center_V1_noise0.3.csv 
Using 45 indices for  30 % of instances
Calculate prediction
Confusion matrix
Dataset: blood-transfusion-service-center 
Fold: 4 
Method: svmLinear 
Noise level:  30 %
Percentage of altered instances:  40 %
Using 60 indices (first 60 from shuffled list)
Loading noise data from: results/noise_injection/by_dataset/blood-transfusion-service-center_V1_noise0.3.csv 
Using 60 indices for  40 % of instances
Calculate prediction
Confusion matrix
Dataset: blood-transfusion-service-center 
Fold: 4 
Method: svmLinear 
Noise level:  30 %
Percentage of altered instances:  50 %
Using 74 indices (first 74 from shuffled list)
Loading noise data from: results/noise_injection/by_dataset/blood-transfusion-service-center_V1_noise0.3.csv 
Using 74 indices for  50 % of instances
Calculate prediction
Confusion matrix
Dataset: blood-transfusion-service-center 
Fold: 4 
Method: svmLinear 
Noise level:  30 %
Percentage of altered instances:  60 %
Using 89 indices (first 89 from shuffled list)
Loading noise data from: results/noise_injection/by_dataset/blood-transfusion-service-center_V1_noise0.3.csv 
Using 89 indices for  60 % of instances
Calculate prediction
Confusion matrix
Dataset: blood-transfusion-service-center 
Fold: 4 
Method: svmLinear 
Noise level:  30 %
Percentage of altered instances:  70 %
Using 104 indices (first 104 from shuffled list)
Loading noise data from: results/noise_injection/by_dataset/blood-transfusion-service-center_V1_noise0.3.csv 
Using 104 indices for  70 % of instances
Calculate prediction
Confusion matrix
Dataset: blood-transfusion-service-center 
Fold: 4 
Method: svmLinear 
Noise level:  30 %
Percentage of altered instances:  75 %
Using 112 indices (first 112 from shuffled list)
Loading noise data from: results/noise_injection/by_dataset/blood-transfusion-service-center_V1_noise0.3.csv 
Using 112 indices for  75 % of instances
Calculate prediction
Confusion matrix
Dataset: blood-transfusion-service-center 
Fold: 4 
Method: svmLinear 
Noise level:  30 %
Percentage of altered instances:  80 %
Using 119 indices (first 119 from shuffled list)
Loading noise data from: results/noise_injection/by_dataset/blood-transfusion-service-center_V1_noise0.3.csv 
Using 119 indices for  80 % of instances
Calculate prediction
Confusion matrix
Dataset: blood-transfusion-service-center 
Fold: 4 
Method: svmLinear 
Noise level:  30 %
Percentage of altered instances:  90 %
Using 134 indices (first 134 from shuffled list)
Loading noise data from: results/noise_injection/by_dataset/blood-transfusion-service-center_V1_noise0.3.csv 
Using 134 indices for  90 % of instances
Calculate prediction
Confusion matrix
Dataset: blood-transfusion-service-center 
Fold: 4 
Method: svmLinear 
Noise level:  30 %
Percentage of altered instances:  100 %
Using 149 indices (first 149 from shuffled list)
Loading noise data from: results/noise_injection/by_dataset/blood-transfusion-service-center_V1_noise0.3.csv 
Using 149 indices for  100 % of instances
Calculate prediction
Confusion matrix
Loaded 149 indices for fold 5 from: results/instances/original/vectors/blood-transfusion-service-center_svmLinear_all_folds.csv 

=== Training model with 10 % noise in training data ===
Critical percentage for training noise: 100 %
Loading training noise data from: results/noise_injection/by_dataset/blood-transfusion-service-center_V1_noise0.1.csv 
Altering 599 out of 599 training instances
Dataset: blood-transfusion-service-center 
Fold: 5 
Method: svmLinear 
Noise level:  10 %
Percentage of altered instances:  10 %
Using 15 indices (first 15 from shuffled list)
Loading noise data from: results/noise_injection/by_dataset/blood-transfusion-service-center_V1_noise0.1.csv 
Using 15 indices for  10 % of instances
Calculate prediction
Confusion matrix
Dataset: blood-transfusion-service-center 
Fold: 5 
Method: svmLinear 
Noise level:  10 %
Percentage of altered instances:  20 %
Using 30 indices (first 30 from shuffled list)
Loading noise data from: results/noise_injection/by_dataset/blood-transfusion-service-center_V1_noise0.1.csv 
Using 30 indices for  20 % of instances
Calculate prediction
Confusion matrix
Dataset: blood-transfusion-service-center 
Fold: 5 
Method: svmLinear 
Noise level:  10 %
Percentage of altered instances:  25 %
Using 37 indices (first 37 from shuffled list)
Loading noise data from: results/noise_injection/by_dataset/blood-transfusion-service-center_V1_noise0.1.csv 
Using 37 indices for  25 % of instances
Calculate prediction
Confusion matrix
Dataset: blood-transfusion-service-center 
Fold: 5 
Method: svmLinear 
Noise level:  10 %
Percentage of altered instances:  30 %
Using 45 indices (first 45 from shuffled list)
Loading noise data from: results/noise_injection/by_dataset/blood-transfusion-service-center_V1_noise0.1.csv 
Using 45 indices for  30 % of instances
Calculate prediction
Confusion matrix
Dataset: blood-transfusion-service-center 
Fold: 5 
Method: svmLinear 
Noise level:  10 %
Percentage of altered instances:  40 %
Using 60 indices (first 60 from shuffled list)
Loading noise data from: results/noise_injection/by_dataset/blood-transfusion-service-center_V1_noise0.1.csv 
Using 60 indices for  40 % of instances
Calculate prediction
Confusion matrix
Dataset: blood-transfusion-service-center 
Fold: 5 
Method: svmLinear 
Noise level:  10 %
Percentage of altered instances:  50 %
Using 74 indices (first 74 from shuffled list)
Loading noise data from: results/noise_injection/by_dataset/blood-transfusion-service-center_V1_noise0.1.csv 
Using 74 indices for  50 % of instances
Calculate prediction
Confusion matrix
Dataset: blood-transfusion-service-center 
Fold: 5 
Method: svmLinear 
Noise level:  10 %
Percentage of altered instances:  60 %
Using 89 indices (first 89 from shuffled list)
Loading noise data from: results/noise_injection/by_dataset/blood-transfusion-service-center_V1_noise0.1.csv 
Using 89 indices for  60 % of instances
Calculate prediction
Confusion matrix
Dataset: blood-transfusion-service-center 
Fold: 5 
Method: svmLinear 
Noise level:  10 %
Percentage of altered instances:  70 %
Using 104 indices (first 104 from shuffled list)
Loading noise data from: results/noise_injection/by_dataset/blood-transfusion-service-center_V1_noise0.1.csv 
Using 104 indices for  70 % of instances
Calculate prediction
Confusion matrix
Dataset: blood-transfusion-service-center 
Fold: 5 
Method: svmLinear 
Noise level:  10 %
Percentage of altered instances:  75 %
Using 112 indices (first 112 from shuffled list)
Loading noise data from: results/noise_injection/by_dataset/blood-transfusion-service-center_V1_noise0.1.csv 
Using 112 indices for  75 % of instances
Calculate prediction
Confusion matrix
Dataset: blood-transfusion-service-center 
Fold: 5 
Method: svmLinear 
Noise level:  10 %
Percentage of altered instances:  80 %
Using 119 indices (first 119 from shuffled list)
Loading noise data from: results/noise_injection/by_dataset/blood-transfusion-service-center_V1_noise0.1.csv 
Using 119 indices for  80 % of instances
Calculate prediction
Confusion matrix
Dataset: blood-transfusion-service-center 
Fold: 5 
Method: svmLinear 
Noise level:  10 %
Percentage of altered instances:  90 %
Using 134 indices (first 134 from shuffled list)
Loading noise data from: results/noise_injection/by_dataset/blood-transfusion-service-center_V1_noise0.1.csv 
Using 134 indices for  90 % of instances
Calculate prediction
Confusion matrix
Dataset: blood-transfusion-service-center 
Fold: 5 
Method: svmLinear 
Noise level:  10 %
Percentage of altered instances:  100 %
Using 149 indices (first 149 from shuffled list)
Loading noise data from: results/noise_injection/by_dataset/blood-transfusion-service-center_V1_noise0.1.csv 
Using 149 indices for  100 % of instances
Calculate prediction
Confusion matrix

=== Training model with 20 % noise in training data ===
Critical percentage for training noise: 100 %
Loading training noise data from: results/noise_injection/by_dataset/blood-transfusion-service-center_V1_noise0.2.csv 
Altering 599 out of 599 training instances
Dataset: blood-transfusion-service-center 
Fold: 5 
Method: svmLinear 
Noise level:  20 %
Percentage of altered instances:  10 %
Using 15 indices (first 15 from shuffled list)
Loading noise data from: results/noise_injection/by_dataset/blood-transfusion-service-center_V1_noise0.2.csv 
Using 15 indices for  10 % of instances
Calculate prediction
Confusion matrix
Dataset: blood-transfusion-service-center 
Fold: 5 
Method: svmLinear 
Noise level:  20 %
Percentage of altered instances:  20 %
Using 30 indices (first 30 from shuffled list)
Loading noise data from: results/noise_injection/by_dataset/blood-transfusion-service-center_V1_noise0.2.csv 
Using 30 indices for  20 % of instances
Calculate prediction
Confusion matrix
Dataset: blood-transfusion-service-center 
Fold: 5 
Method: svmLinear 
Noise level:  20 %
Percentage of altered instances:  25 %
Using 37 indices (first 37 from shuffled list)
Loading noise data from: results/noise_injection/by_dataset/blood-transfusion-service-center_V1_noise0.2.csv 
Using 37 indices for  25 % of instances
Calculate prediction
Confusion matrix
Dataset: blood-transfusion-service-center 
Fold: 5 
Method: svmLinear 
Noise level:  20 %
Percentage of altered instances:  30 %
Using 45 indices (first 45 from shuffled list)
Loading noise data from: results/noise_injection/by_dataset/blood-transfusion-service-center_V1_noise0.2.csv 
Using 45 indices for  30 % of instances
Calculate prediction
Confusion matrix
Dataset: blood-transfusion-service-center 
Fold: 5 
Method: svmLinear 
Noise level:  20 %
Percentage of altered instances:  40 %
Using 60 indices (first 60 from shuffled list)
Loading noise data from: results/noise_injection/by_dataset/blood-transfusion-service-center_V1_noise0.2.csv 
Using 60 indices for  40 % of instances
Calculate prediction
Confusion matrix
Dataset: blood-transfusion-service-center 
Fold: 5 
Method: svmLinear 
Noise level:  20 %
Percentage of altered instances:  50 %
Using 74 indices (first 74 from shuffled list)
Loading noise data from: results/noise_injection/by_dataset/blood-transfusion-service-center_V1_noise0.2.csv 
Using 74 indices for  50 % of instances
Calculate prediction
Confusion matrix
Dataset: blood-transfusion-service-center 
Fold: 5 
Method: svmLinear 
Noise level:  20 %
Percentage of altered instances:  60 %
Using 89 indices (first 89 from shuffled list)
Loading noise data from: results/noise_injection/by_dataset/blood-transfusion-service-center_V1_noise0.2.csv 
Using 89 indices for  60 % of instances
Calculate prediction
Confusion matrix
Dataset: blood-transfusion-service-center 
Fold: 5 
Method: svmLinear 
Noise level:  20 %
Percentage of altered instances:  70 %
Using 104 indices (first 104 from shuffled list)
Loading noise data from: results/noise_injection/by_dataset/blood-transfusion-service-center_V1_noise0.2.csv 
Using 104 indices for  70 % of instances
Calculate prediction
Confusion matrix
Dataset: blood-transfusion-service-center 
Fold: 5 
Method: svmLinear 
Noise level:  20 %
Percentage of altered instances:  75 %
Using 112 indices (first 112 from shuffled list)
Loading noise data from: results/noise_injection/by_dataset/blood-transfusion-service-center_V1_noise0.2.csv 
Using 112 indices for  75 % of instances
Calculate prediction
Confusion matrix
Dataset: blood-transfusion-service-center 
Fold: 5 
Method: svmLinear 
Noise level:  20 %
Percentage of altered instances:  80 %
Using 119 indices (first 119 from shuffled list)
Loading noise data from: results/noise_injection/by_dataset/blood-transfusion-service-center_V1_noise0.2.csv 
Using 119 indices for  80 % of instances
Calculate prediction
Confusion matrix
Dataset: blood-transfusion-service-center 
Fold: 5 
Method: svmLinear 
Noise level:  20 %
Percentage of altered instances:  90 %
Using 134 indices (first 134 from shuffled list)
Loading noise data from: results/noise_injection/by_dataset/blood-transfusion-service-center_V1_noise0.2.csv 
Using 134 indices for  90 % of instances
Calculate prediction
Confusion matrix
Dataset: blood-transfusion-service-center 
Fold: 5 
Method: svmLinear 
Noise level:  20 %
Percentage of altered instances:  100 %
Using 149 indices (first 149 from shuffled list)
Loading noise data from: results/noise_injection/by_dataset/blood-transfusion-service-center_V1_noise0.2.csv 
Using 149 indices for  100 % of instances
Calculate prediction
Confusion matrix

=== Training model with 30 % noise in training data ===
Critical percentage for training noise: 100 %
Loading training noise data from: results/noise_injection/by_dataset/blood-transfusion-service-center_V1_noise0.3.csv 
Altering 599 out of 599 training instances
Dataset: blood-transfusion-service-center 
Fold: 5 
Method: svmLinear 
Noise level:  30 %
Percentage of altered instances:  10 %
Using 15 indices (first 15 from shuffled list)
Loading noise data from: results/noise_injection/by_dataset/blood-transfusion-service-center_V1_noise0.3.csv 
Using 15 indices for  10 % of instances
Calculate prediction
Confusion matrix
Dataset: blood-transfusion-service-center 
Fold: 5 
Method: svmLinear 
Noise level:  30 %
Percentage of altered instances:  20 %
Using 30 indices (first 30 from shuffled list)
Loading noise data from: results/noise_injection/by_dataset/blood-transfusion-service-center_V1_noise0.3.csv 
Using 30 indices for  20 % of instances
Calculate prediction
Confusion matrix
Dataset: blood-transfusion-service-center 
Fold: 5 
Method: svmLinear 
Noise level:  30 %
Percentage of altered instances:  25 %
Using 37 indices (first 37 from shuffled list)
Loading noise data from: results/noise_injection/by_dataset/blood-transfusion-service-center_V1_noise0.3.csv 
Using 37 indices for  25 % of instances
Calculate prediction
Confusion matrix
Dataset: blood-transfusion-service-center 
Fold: 5 
Method: svmLinear 
Noise level:  30 %
Percentage of altered instances:  30 %
Using 45 indices (first 45 from shuffled list)
Loading noise data from: results/noise_injection/by_dataset/blood-transfusion-service-center_V1_noise0.3.csv 
Using 45 indices for  30 % of instances
Calculate prediction
Confusion matrix
Dataset: blood-transfusion-service-center 
Fold: 5 
Method: svmLinear 
Noise level:  30 %
Percentage of altered instances:  40 %
Using 60 indices (first 60 from shuffled list)
Loading noise data from: results/noise_injection/by_dataset/blood-transfusion-service-center_V1_noise0.3.csv 
Using 60 indices for  40 % of instances
Calculate prediction
Confusion matrix
Dataset: blood-transfusion-service-center 
Fold: 5 
Method: svmLinear 
Noise level:  30 %
Percentage of altered instances:  50 %
Using 74 indices (first 74 from shuffled list)
Loading noise data from: results/noise_injection/by_dataset/blood-transfusion-service-center_V1_noise0.3.csv 
Using 74 indices for  50 % of instances
Calculate prediction
Confusion matrix
Dataset: blood-transfusion-service-center 
Fold: 5 
Method: svmLinear 
Noise level:  30 %
Percentage of altered instances:  60 %
Using 89 indices (first 89 from shuffled list)
Loading noise data from: results/noise_injection/by_dataset/blood-transfusion-service-center_V1_noise0.3.csv 
Using 89 indices for  60 % of instances
Calculate prediction
Confusion matrix
Dataset: blood-transfusion-service-center 
Fold: 5 
Method: svmLinear 
Noise level:  30 %
Percentage of altered instances:  70 %
Using 104 indices (first 104 from shuffled list)
Loading noise data from: results/noise_injection/by_dataset/blood-transfusion-service-center_V1_noise0.3.csv 
Using 104 indices for  70 % of instances
Calculate prediction
Confusion matrix
Dataset: blood-transfusion-service-center 
Fold: 5 
Method: svmLinear 
Noise level:  30 %
Percentage of altered instances:  75 %
Using 112 indices (first 112 from shuffled list)
Loading noise data from: results/noise_injection/by_dataset/blood-transfusion-service-center_V1_noise0.3.csv 
Using 112 indices for  75 % of instances
Calculate prediction
Confusion matrix
Dataset: blood-transfusion-service-center 
Fold: 5 
Method: svmLinear 
Noise level:  30 %
Percentage of altered instances:  80 %
Using 119 indices (first 119 from shuffled list)
Loading noise data from: results/noise_injection/by_dataset/blood-transfusion-service-center_V1_noise0.3.csv 
Using 119 indices for  80 % of instances
Calculate prediction
Confusion matrix
Dataset: blood-transfusion-service-center 
Fold: 5 
Method: svmLinear 
Noise level:  30 %
Percentage of altered instances:  90 %
Using 134 indices (first 134 from shuffled list)
Loading noise data from: results/noise_injection/by_dataset/blood-transfusion-service-center_V1_noise0.3.csv 
Using 134 indices for  90 % of instances
Calculate prediction
Confusion matrix
Dataset: blood-transfusion-service-center 
Fold: 5 
Method: svmLinear 
Noise level:  30 %
Percentage of altered instances:  100 %
Using 149 indices (first 149 from shuffled list)
Loading noise data from: results/noise_injection/by_dataset/blood-transfusion-service-center_V1_noise0.3.csv 
Using 149 indices for  100 % of instances
Calculate prediction
Confusion matrix
Saved results to: results/instances/train_noise/by_dataset/blood-transfusion-service-center_svmLinear_results.csv 
----------------
****************************
Instances altered with noise
****************************
