Current working directory: /home/chris/github/kappa-threshold 
parameters.csv exists: TRUE 
parameters.csv absolute path: /home/chris/github/kappa-threshold/data/files/parameters.csv 
Processing model: svmLinear for dataset: cardiotocography 
Loaded 424 indices for fold 1 from: results/instances/original/vectors/cardiotocography_svmLinear_all_folds.csv 

=== Training model with 10 % noise in training data ===
Critical percentage for training noise: 100 %
Loading training noise data from: results/noise_injection/by_dataset/cardiotocography_V31_noise0.1.csv 
Altering 1702 out of 1702 training instances
Dataset: cardiotocography 
Fold: 1 
Method: svmLinear 
Noise level:  10 %
Percentage of altered instances:  10 %
Using 42 indices (first 42 from shuffled list)
Loading noise data from: results/noise_injection/by_dataset/cardiotocography_V31_noise0.1.csv 
Using 42 indices for  10 % of instances
Calculate prediction
Confusion matrix
Dataset: cardiotocography 
Fold: 1 
Method: svmLinear 
Noise level:  10 %
Percentage of altered instances:  20 %
Using 85 indices (first 85 from shuffled list)
Loading noise data from: results/noise_injection/by_dataset/cardiotocography_V31_noise0.1.csv 
Using 85 indices for  20 % of instances
Calculate prediction
Confusion matrix
Dataset: cardiotocography 
Fold: 1 
Method: svmLinear 
Noise level:  10 %
Percentage of altered instances:  25 %
Using 106 indices (first 106 from shuffled list)
Loading noise data from: results/noise_injection/by_dataset/cardiotocography_V31_noise0.1.csv 
Using 106 indices for  25 % of instances
Calculate prediction
Confusion matrix
Dataset: cardiotocography 
Fold: 1 
Method: svmLinear 
Noise level:  10 %
Percentage of altered instances:  30 %
Using 127 indices (first 127 from shuffled list)
Loading noise data from: results/noise_injection/by_dataset/cardiotocography_V31_noise0.1.csv 
Using 127 indices for  30 % of instances
Calculate prediction
Confusion matrix
Dataset: cardiotocography 
Fold: 1 
Method: svmLinear 
Noise level:  10 %
Percentage of altered instances:  40 %
Using 170 indices (first 170 from shuffled list)
Loading noise data from: results/noise_injection/by_dataset/cardiotocography_V31_noise0.1.csv 
Using 170 indices for  40 % of instances
Calculate prediction
Confusion matrix
Dataset: cardiotocography 
Fold: 1 
Method: svmLinear 
Noise level:  10 %
Percentage of altered instances:  50 %
Using 212 indices (first 212 from shuffled list)
Loading noise data from: results/noise_injection/by_dataset/cardiotocography_V31_noise0.1.csv 
Using 212 indices for  50 % of instances
Calculate prediction
Confusion matrix
Dataset: cardiotocography 
Fold: 1 
Method: svmLinear 
Noise level:  10 %
Percentage of altered instances:  60 %
Using 254 indices (first 254 from shuffled list)
Loading noise data from: results/noise_injection/by_dataset/cardiotocography_V31_noise0.1.csv 
Using 254 indices for  60 % of instances
Calculate prediction
Confusion matrix
Dataset: cardiotocography 
Fold: 1 
Method: svmLinear 
Noise level:  10 %
Percentage of altered instances:  70 %
Using 297 indices (first 297 from shuffled list)
Loading noise data from: results/noise_injection/by_dataset/cardiotocography_V31_noise0.1.csv 
Using 297 indices for  70 % of instances
Calculate prediction
Confusion matrix
Dataset: cardiotocography 
Fold: 1 
Method: svmLinear 
Noise level:  10 %
Percentage of altered instances:  75 %
Using 318 indices (first 318 from shuffled list)
Loading noise data from: results/noise_injection/by_dataset/cardiotocography_V31_noise0.1.csv 
Using 318 indices for  75 % of instances
Calculate prediction
Confusion matrix
Dataset: cardiotocography 
Fold: 1 
Method: svmLinear 
Noise level:  10 %
Percentage of altered instances:  80 %
Using 339 indices (first 339 from shuffled list)
Loading noise data from: results/noise_injection/by_dataset/cardiotocography_V31_noise0.1.csv 
Using 339 indices for  80 % of instances
Calculate prediction
Confusion matrix
Dataset: cardiotocography 
Fold: 1 
Method: svmLinear 
Noise level:  10 %
Percentage of altered instances:  90 %
Using 382 indices (first 382 from shuffled list)
Loading noise data from: results/noise_injection/by_dataset/cardiotocography_V31_noise0.1.csv 
Using 382 indices for  90 % of instances
Calculate prediction
Confusion matrix
Dataset: cardiotocography 
Fold: 1 
Method: svmLinear 
Noise level:  10 %
Percentage of altered instances:  100 %
Using 424 indices (first 424 from shuffled list)
Loading noise data from: results/noise_injection/by_dataset/cardiotocography_V31_noise0.1.csv 
Using 424 indices for  100 % of instances
Calculate prediction
Confusion matrix

=== Training model with 20 % noise in training data ===
Critical percentage for training noise: 100 %
Loading training noise data from: results/noise_injection/by_dataset/cardiotocography_V31_noise0.2.csv 
Altering 1702 out of 1702 training instances
Dataset: cardiotocography 
Fold: 1 
Method: svmLinear 
Noise level:  20 %
Percentage of altered instances:  10 %
Using 42 indices (first 42 from shuffled list)
Loading noise data from: results/noise_injection/by_dataset/cardiotocography_V31_noise0.2.csv 
Using 42 indices for  10 % of instances
Calculate prediction
Confusion matrix
Dataset: cardiotocography 
Fold: 1 
Method: svmLinear 
Noise level:  20 %
Percentage of altered instances:  20 %
Using 85 indices (first 85 from shuffled list)
Loading noise data from: results/noise_injection/by_dataset/cardiotocography_V31_noise0.2.csv 
Using 85 indices for  20 % of instances
Calculate prediction
Confusion matrix
Dataset: cardiotocography 
Fold: 1 
Method: svmLinear 
Noise level:  20 %
Percentage of altered instances:  25 %
Using 106 indices (first 106 from shuffled list)
Loading noise data from: results/noise_injection/by_dataset/cardiotocography_V31_noise0.2.csv 
Using 106 indices for  25 % of instances
Calculate prediction
Confusion matrix
Dataset: cardiotocography 
Fold: 1 
Method: svmLinear 
Noise level:  20 %
Percentage of altered instances:  30 %
Using 127 indices (first 127 from shuffled list)
Loading noise data from: results/noise_injection/by_dataset/cardiotocography_V31_noise0.2.csv 
Using 127 indices for  30 % of instances
Calculate prediction
Confusion matrix
Dataset: cardiotocography 
Fold: 1 
Method: svmLinear 
Noise level:  20 %
Percentage of altered instances:  40 %
Using 170 indices (first 170 from shuffled list)
Loading noise data from: results/noise_injection/by_dataset/cardiotocography_V31_noise0.2.csv 
Using 170 indices for  40 % of instances
Calculate prediction
Confusion matrix
Dataset: cardiotocography 
Fold: 1 
Method: svmLinear 
Noise level:  20 %
Percentage of altered instances:  50 %
Using 212 indices (first 212 from shuffled list)
Loading noise data from: results/noise_injection/by_dataset/cardiotocography_V31_noise0.2.csv 
Using 212 indices for  50 % of instances
Calculate prediction
Confusion matrix
Dataset: cardiotocography 
Fold: 1 
Method: svmLinear 
Noise level:  20 %
Percentage of altered instances:  60 %
Using 254 indices (first 254 from shuffled list)
Loading noise data from: results/noise_injection/by_dataset/cardiotocography_V31_noise0.2.csv 
Using 254 indices for  60 % of instances
Calculate prediction
Confusion matrix
Dataset: cardiotocography 
Fold: 1 
Method: svmLinear 
Noise level:  20 %
Percentage of altered instances:  70 %
Using 297 indices (first 297 from shuffled list)
Loading noise data from: results/noise_injection/by_dataset/cardiotocography_V31_noise0.2.csv 
Using 297 indices for  70 % of instances
Calculate prediction
Confusion matrix
Dataset: cardiotocography 
Fold: 1 
Method: svmLinear 
Noise level:  20 %
Percentage of altered instances:  75 %
Using 318 indices (first 318 from shuffled list)
Loading noise data from: results/noise_injection/by_dataset/cardiotocography_V31_noise0.2.csv 
Using 318 indices for  75 % of instances
Calculate prediction
Confusion matrix
Dataset: cardiotocography 
Fold: 1 
Method: svmLinear 
Noise level:  20 %
Percentage of altered instances:  80 %
Using 339 indices (first 339 from shuffled list)
Loading noise data from: results/noise_injection/by_dataset/cardiotocography_V31_noise0.2.csv 
Using 339 indices for  80 % of instances
Calculate prediction
Confusion matrix
Dataset: cardiotocography 
Fold: 1 
Method: svmLinear 
Noise level:  20 %
Percentage of altered instances:  90 %
Using 382 indices (first 382 from shuffled list)
Loading noise data from: results/noise_injection/by_dataset/cardiotocography_V31_noise0.2.csv 
Using 382 indices for  90 % of instances
Calculate prediction
Confusion matrix
Dataset: cardiotocography 
Fold: 1 
Method: svmLinear 
Noise level:  20 %
Percentage of altered instances:  100 %
Using 424 indices (first 424 from shuffled list)
Loading noise data from: results/noise_injection/by_dataset/cardiotocography_V31_noise0.2.csv 
Using 424 indices for  100 % of instances
Calculate prediction
Confusion matrix

=== Training model with 30 % noise in training data ===
Critical percentage for training noise: 100 %
Loading training noise data from: results/noise_injection/by_dataset/cardiotocography_V31_noise0.3.csv 
Altering 1702 out of 1702 training instances
Dataset: cardiotocography 
Fold: 1 
Method: svmLinear 
Noise level:  30 %
Percentage of altered instances:  10 %
Using 42 indices (first 42 from shuffled list)
Loading noise data from: results/noise_injection/by_dataset/cardiotocography_V31_noise0.3.csv 
Using 42 indices for  10 % of instances
Calculate prediction
Confusion matrix
Dataset: cardiotocography 
Fold: 1 
Method: svmLinear 
Noise level:  30 %
Percentage of altered instances:  20 %
Using 85 indices (first 85 from shuffled list)
Loading noise data from: results/noise_injection/by_dataset/cardiotocography_V31_noise0.3.csv 
Using 85 indices for  20 % of instances
Calculate prediction
Confusion matrix
Dataset: cardiotocography 
Fold: 1 
Method: svmLinear 
Noise level:  30 %
Percentage of altered instances:  25 %
Using 106 indices (first 106 from shuffled list)
Loading noise data from: results/noise_injection/by_dataset/cardiotocography_V31_noise0.3.csv 
Using 106 indices for  25 % of instances
Calculate prediction
Confusion matrix
Dataset: cardiotocography 
Fold: 1 
Method: svmLinear 
Noise level:  30 %
Percentage of altered instances:  30 %
Using 127 indices (first 127 from shuffled list)
Loading noise data from: results/noise_injection/by_dataset/cardiotocography_V31_noise0.3.csv 
Using 127 indices for  30 % of instances
Calculate prediction
Confusion matrix
Dataset: cardiotocography 
Fold: 1 
Method: svmLinear 
Noise level:  30 %
Percentage of altered instances:  40 %
Using 170 indices (first 170 from shuffled list)
Loading noise data from: results/noise_injection/by_dataset/cardiotocography_V31_noise0.3.csv 
Using 170 indices for  40 % of instances
Calculate prediction
Confusion matrix
Dataset: cardiotocography 
Fold: 1 
Method: svmLinear 
Noise level:  30 %
Percentage of altered instances:  50 %
Using 212 indices (first 212 from shuffled list)
Loading noise data from: results/noise_injection/by_dataset/cardiotocography_V31_noise0.3.csv 
Using 212 indices for  50 % of instances
Calculate prediction
Confusion matrix
Dataset: cardiotocography 
Fold: 1 
Method: svmLinear 
Noise level:  30 %
Percentage of altered instances:  60 %
Using 254 indices (first 254 from shuffled list)
Loading noise data from: results/noise_injection/by_dataset/cardiotocography_V31_noise0.3.csv 
Using 254 indices for  60 % of instances
Calculate prediction
Confusion matrix
Dataset: cardiotocography 
Fold: 1 
Method: svmLinear 
Noise level:  30 %
Percentage of altered instances:  70 %
Using 297 indices (first 297 from shuffled list)
Loading noise data from: results/noise_injection/by_dataset/cardiotocography_V31_noise0.3.csv 
Using 297 indices for  70 % of instances
Calculate prediction
Confusion matrix
Dataset: cardiotocography 
Fold: 1 
Method: svmLinear 
Noise level:  30 %
Percentage of altered instances:  75 %
Using 318 indices (first 318 from shuffled list)
Loading noise data from: results/noise_injection/by_dataset/cardiotocography_V31_noise0.3.csv 
Using 318 indices for  75 % of instances
Calculate prediction
Confusion matrix
Dataset: cardiotocography 
Fold: 1 
Method: svmLinear 
Noise level:  30 %
Percentage of altered instances:  80 %
Using 339 indices (first 339 from shuffled list)
Loading noise data from: results/noise_injection/by_dataset/cardiotocography_V31_noise0.3.csv 
Using 339 indices for  80 % of instances
Calculate prediction
Confusion matrix
Dataset: cardiotocography 
Fold: 1 
Method: svmLinear 
Noise level:  30 %
Percentage of altered instances:  90 %
Using 382 indices (first 382 from shuffled list)
Loading noise data from: results/noise_injection/by_dataset/cardiotocography_V31_noise0.3.csv 
Using 382 indices for  90 % of instances
Calculate prediction
Confusion matrix
Dataset: cardiotocography 
Fold: 1 
Method: svmLinear 
Noise level:  30 %
Percentage of altered instances:  100 %
Using 424 indices (first 424 from shuffled list)
Loading noise data from: results/noise_injection/by_dataset/cardiotocography_V31_noise0.3.csv 
Using 424 indices for  100 % of instances
Calculate prediction
Confusion matrix
Loaded 426 indices for fold 2 from: results/instances/original/vectors/cardiotocography_svmLinear_all_folds.csv 

=== Training model with 10 % noise in training data ===
Critical percentage for training noise: 100 %
Loading training noise data from: results/noise_injection/by_dataset/cardiotocography_V31_noise0.1.csv 
Altering 1700 out of 1700 training instances
Dataset: cardiotocography 
Fold: 2 
Method: svmLinear 
Noise level:  10 %
Percentage of altered instances:  10 %
Using 43 indices (first 43 from shuffled list)
Loading noise data from: results/noise_injection/by_dataset/cardiotocography_V31_noise0.1.csv 
Using 43 indices for  10 % of instances
Calculate prediction
Confusion matrix
Dataset: cardiotocography 
Fold: 2 
Method: svmLinear 
Noise level:  10 %
Percentage of altered instances:  20 %
Using 85 indices (first 85 from shuffled list)
Loading noise data from: results/noise_injection/by_dataset/cardiotocography_V31_noise0.1.csv 
Using 85 indices for  20 % of instances
Calculate prediction
Confusion matrix
Dataset: cardiotocography 
Fold: 2 
Method: svmLinear 
Noise level:  10 %
Percentage of altered instances:  25 %
Using 106 indices (first 106 from shuffled list)
Loading noise data from: results/noise_injection/by_dataset/cardiotocography_V31_noise0.1.csv 
Using 106 indices for  25 % of instances
Calculate prediction
Confusion matrix
Dataset: cardiotocography 
Fold: 2 
Method: svmLinear 
Noise level:  10 %
Percentage of altered instances:  30 %
Using 128 indices (first 128 from shuffled list)
Loading noise data from: results/noise_injection/by_dataset/cardiotocography_V31_noise0.1.csv 
Using 128 indices for  30 % of instances
Calculate prediction
Confusion matrix
Dataset: cardiotocography 
Fold: 2 
Method: svmLinear 
Noise level:  10 %
Percentage of altered instances:  40 %
Using 170 indices (first 170 from shuffled list)
Loading noise data from: results/noise_injection/by_dataset/cardiotocography_V31_noise0.1.csv 
Using 170 indices for  40 % of instances
Calculate prediction
Confusion matrix
Dataset: cardiotocography 
Fold: 2 
Method: svmLinear 
Noise level:  10 %
Percentage of altered instances:  50 %
Using 213 indices (first 213 from shuffled list)
Loading noise data from: results/noise_injection/by_dataset/cardiotocography_V31_noise0.1.csv 
Using 213 indices for  50 % of instances
Calculate prediction
Confusion matrix
Dataset: cardiotocography 
Fold: 2 
Method: svmLinear 
Noise level:  10 %
Percentage of altered instances:  60 %
Using 256 indices (first 256 from shuffled list)
Loading noise data from: results/noise_injection/by_dataset/cardiotocography_V31_noise0.1.csv 
Using 256 indices for  60 % of instances
Calculate prediction
Confusion matrix
Dataset: cardiotocography 
Fold: 2 
Method: svmLinear 
Noise level:  10 %
Percentage of altered instances:  70 %
Using 298 indices (first 298 from shuffled list)
Loading noise data from: results/noise_injection/by_dataset/cardiotocography_V31_noise0.1.csv 
Using 298 indices for  70 % of instances
Calculate prediction
Confusion matrix
Dataset: cardiotocography 
Fold: 2 
Method: svmLinear 
Noise level:  10 %
Percentage of altered instances:  75 %
Using 320 indices (first 320 from shuffled list)
Loading noise data from: results/noise_injection/by_dataset/cardiotocography_V31_noise0.1.csv 
Using 320 indices for  75 % of instances
Calculate prediction
Confusion matrix
Dataset: cardiotocography 
Fold: 2 
Method: svmLinear 
Noise level:  10 %
Percentage of altered instances:  80 %
Using 341 indices (first 341 from shuffled list)
Loading noise data from: results/noise_injection/by_dataset/cardiotocography_V31_noise0.1.csv 
Using 341 indices for  80 % of instances
Calculate prediction
Confusion matrix
Dataset: cardiotocography 
Fold: 2 
Method: svmLinear 
Noise level:  10 %
Percentage of altered instances:  90 %
Using 383 indices (first 383 from shuffled list)
Loading noise data from: results/noise_injection/by_dataset/cardiotocography_V31_noise0.1.csv 
Using 383 indices for  90 % of instances
Calculate prediction
Confusion matrix
Dataset: cardiotocography 
Fold: 2 
Method: svmLinear 
Noise level:  10 %
Percentage of altered instances:  100 %
Using 426 indices (first 426 from shuffled list)
Loading noise data from: results/noise_injection/by_dataset/cardiotocography_V31_noise0.1.csv 
Using 426 indices for  100 % of instances
Calculate prediction
Confusion matrix

=== Training model with 20 % noise in training data ===
Critical percentage for training noise: 100 %
Loading training noise data from: results/noise_injection/by_dataset/cardiotocography_V31_noise0.2.csv 
Altering 1700 out of 1700 training instances
Dataset: cardiotocography 
Fold: 2 
Method: svmLinear 
Noise level:  20 %
Percentage of altered instances:  10 %
Using 43 indices (first 43 from shuffled list)
Loading noise data from: results/noise_injection/by_dataset/cardiotocography_V31_noise0.2.csv 
Using 43 indices for  10 % of instances
Calculate prediction
Confusion matrix
Dataset: cardiotocography 
Fold: 2 
Method: svmLinear 
Noise level:  20 %
Percentage of altered instances:  20 %
Using 85 indices (first 85 from shuffled list)
Loading noise data from: results/noise_injection/by_dataset/cardiotocography_V31_noise0.2.csv 
Using 85 indices for  20 % of instances
Calculate prediction
Confusion matrix
Dataset: cardiotocography 
Fold: 2 
Method: svmLinear 
Noise level:  20 %
Percentage of altered instances:  25 %
Using 106 indices (first 106 from shuffled list)
Loading noise data from: results/noise_injection/by_dataset/cardiotocography_V31_noise0.2.csv 
Using 106 indices for  25 % of instances
Calculate prediction
Confusion matrix
Dataset: cardiotocography 
Fold: 2 
Method: svmLinear 
Noise level:  20 %
Percentage of altered instances:  30 %
Using 128 indices (first 128 from shuffled list)
Loading noise data from: results/noise_injection/by_dataset/cardiotocography_V31_noise0.2.csv 
Using 128 indices for  30 % of instances
Calculate prediction
Confusion matrix
Dataset: cardiotocography 
Fold: 2 
Method: svmLinear 
Noise level:  20 %
Percentage of altered instances:  40 %
Using 170 indices (first 170 from shuffled list)
Loading noise data from: results/noise_injection/by_dataset/cardiotocography_V31_noise0.2.csv 
Using 170 indices for  40 % of instances
Calculate prediction
Confusion matrix
Dataset: cardiotocography 
Fold: 2 
Method: svmLinear 
Noise level:  20 %
Percentage of altered instances:  50 %
Using 213 indices (first 213 from shuffled list)
Loading noise data from: results/noise_injection/by_dataset/cardiotocography_V31_noise0.2.csv 
Using 213 indices for  50 % of instances
Calculate prediction
Confusion matrix
Dataset: cardiotocography 
Fold: 2 
Method: svmLinear 
Noise level:  20 %
Percentage of altered instances:  60 %
Using 256 indices (first 256 from shuffled list)
Loading noise data from: results/noise_injection/by_dataset/cardiotocography_V31_noise0.2.csv 
Using 256 indices for  60 % of instances
Calculate prediction
Confusion matrix
Dataset: cardiotocography 
Fold: 2 
Method: svmLinear 
Noise level:  20 %
Percentage of altered instances:  70 %
Using 298 indices (first 298 from shuffled list)
Loading noise data from: results/noise_injection/by_dataset/cardiotocography_V31_noise0.2.csv 
Using 298 indices for  70 % of instances
Calculate prediction
Confusion matrix
Dataset: cardiotocography 
Fold: 2 
Method: svmLinear 
Noise level:  20 %
Percentage of altered instances:  75 %
Using 320 indices (first 320 from shuffled list)
Loading noise data from: results/noise_injection/by_dataset/cardiotocography_V31_noise0.2.csv 
Using 320 indices for  75 % of instances
Calculate prediction
Confusion matrix
Dataset: cardiotocography 
Fold: 2 
Method: svmLinear 
Noise level:  20 %
Percentage of altered instances:  80 %
Using 341 indices (first 341 from shuffled list)
Loading noise data from: results/noise_injection/by_dataset/cardiotocography_V31_noise0.2.csv 
Using 341 indices for  80 % of instances
Calculate prediction
Confusion matrix
Dataset: cardiotocography 
Fold: 2 
Method: svmLinear 
Noise level:  20 %
Percentage of altered instances:  90 %
Using 383 indices (first 383 from shuffled list)
Loading noise data from: results/noise_injection/by_dataset/cardiotocography_V31_noise0.2.csv 
Using 383 indices for  90 % of instances
Calculate prediction
Confusion matrix
Dataset: cardiotocography 
Fold: 2 
Method: svmLinear 
Noise level:  20 %
Percentage of altered instances:  100 %
Using 426 indices (first 426 from shuffled list)
Loading noise data from: results/noise_injection/by_dataset/cardiotocography_V31_noise0.2.csv 
Using 426 indices for  100 % of instances
Calculate prediction
Confusion matrix

=== Training model with 30 % noise in training data ===
Critical percentage for training noise: 100 %
Loading training noise data from: results/noise_injection/by_dataset/cardiotocography_V31_noise0.3.csv 
Altering 1700 out of 1700 training instances
Dataset: cardiotocography 
Fold: 2 
Method: svmLinear 
Noise level:  30 %
Percentage of altered instances:  10 %
Using 43 indices (first 43 from shuffled list)
Loading noise data from: results/noise_injection/by_dataset/cardiotocography_V31_noise0.3.csv 
Using 43 indices for  10 % of instances
Calculate prediction
Confusion matrix
Dataset: cardiotocography 
Fold: 2 
Method: svmLinear 
Noise level:  30 %
Percentage of altered instances:  20 %
Using 85 indices (first 85 from shuffled list)
Loading noise data from: results/noise_injection/by_dataset/cardiotocography_V31_noise0.3.csv 
Using 85 indices for  20 % of instances
Calculate prediction
Confusion matrix
Dataset: cardiotocography 
Fold: 2 
Method: svmLinear 
Noise level:  30 %
Percentage of altered instances:  25 %
Using 106 indices (first 106 from shuffled list)
Loading noise data from: results/noise_injection/by_dataset/cardiotocography_V31_noise0.3.csv 
Using 106 indices for  25 % of instances
Calculate prediction
Confusion matrix
Dataset: cardiotocography 
Fold: 2 
Method: svmLinear 
Noise level:  30 %
Percentage of altered instances:  30 %
Using 128 indices (first 128 from shuffled list)
Loading noise data from: results/noise_injection/by_dataset/cardiotocography_V31_noise0.3.csv 
Using 128 indices for  30 % of instances
Calculate prediction
Confusion matrix
Dataset: cardiotocography 
Fold: 2 
Method: svmLinear 
Noise level:  30 %
Percentage of altered instances:  40 %
Using 170 indices (first 170 from shuffled list)
Loading noise data from: results/noise_injection/by_dataset/cardiotocography_V31_noise0.3.csv 
Using 170 indices for  40 % of instances
Calculate prediction
Confusion matrix
Dataset: cardiotocography 
Fold: 2 
Method: svmLinear 
Noise level:  30 %
Percentage of altered instances:  50 %
Using 213 indices (first 213 from shuffled list)
Loading noise data from: results/noise_injection/by_dataset/cardiotocography_V31_noise0.3.csv 
Using 213 indices for  50 % of instances
Calculate prediction
Confusion matrix
Dataset: cardiotocography 
Fold: 2 
Method: svmLinear 
Noise level:  30 %
Percentage of altered instances:  60 %
Using 256 indices (first 256 from shuffled list)
Loading noise data from: results/noise_injection/by_dataset/cardiotocography_V31_noise0.3.csv 
Using 256 indices for  60 % of instances
Calculate prediction
Confusion matrix
Dataset: cardiotocography 
Fold: 2 
Method: svmLinear 
Noise level:  30 %
Percentage of altered instances:  70 %
Using 298 indices (first 298 from shuffled list)
Loading noise data from: results/noise_injection/by_dataset/cardiotocography_V31_noise0.3.csv 
Using 298 indices for  70 % of instances
Calculate prediction
Confusion matrix
Dataset: cardiotocography 
Fold: 2 
Method: svmLinear 
Noise level:  30 %
Percentage of altered instances:  75 %
Using 320 indices (first 320 from shuffled list)
Loading noise data from: results/noise_injection/by_dataset/cardiotocography_V31_noise0.3.csv 
Using 320 indices for  75 % of instances
Calculate prediction
Confusion matrix
Dataset: cardiotocography 
Fold: 2 
Method: svmLinear 
Noise level:  30 %
Percentage of altered instances:  80 %
Using 341 indices (first 341 from shuffled list)
Loading noise data from: results/noise_injection/by_dataset/cardiotocography_V31_noise0.3.csv 
Using 341 indices for  80 % of instances
Calculate prediction
Confusion matrix
Dataset: cardiotocography 
Fold: 2 
Method: svmLinear 
Noise level:  30 %
Percentage of altered instances:  90 %
Using 383 indices (first 383 from shuffled list)
Loading noise data from: results/noise_injection/by_dataset/cardiotocography_V31_noise0.3.csv 
Using 383 indices for  90 % of instances
Calculate prediction
Confusion matrix
Dataset: cardiotocography 
Fold: 2 
Method: svmLinear 
Noise level:  30 %
Percentage of altered instances:  100 %
Using 426 indices (first 426 from shuffled list)
Loading noise data from: results/noise_injection/by_dataset/cardiotocography_V31_noise0.3.csv 
Using 426 indices for  100 % of instances
Calculate prediction
Confusion matrix
Loaded 425 indices for fold 3 from: results/instances/original/vectors/cardiotocography_svmLinear_all_folds.csv 

=== Training model with 10 % noise in training data ===
Critical percentage for training noise: 100 %
Loading training noise data from: results/noise_injection/by_dataset/cardiotocography_V31_noise0.1.csv 
Altering 1701 out of 1701 training instances
Dataset: cardiotocography 
Fold: 3 
Method: svmLinear 
Noise level:  10 %
Percentage of altered instances:  10 %
Using 42 indices (first 42 from shuffled list)
Loading noise data from: results/noise_injection/by_dataset/cardiotocography_V31_noise0.1.csv 
Using 42 indices for  10 % of instances
Calculate prediction
Confusion matrix
Dataset: cardiotocography 
Fold: 3 
Method: svmLinear 
Noise level:  10 %
Percentage of altered instances:  20 %
Using 85 indices (first 85 from shuffled list)
Loading noise data from: results/noise_injection/by_dataset/cardiotocography_V31_noise0.1.csv 
Using 85 indices for  20 % of instances
Calculate prediction
Confusion matrix
Dataset: cardiotocography 
Fold: 3 
Method: svmLinear 
Noise level:  10 %
Percentage of altered instances:  25 %
Using 106 indices (first 106 from shuffled list)
Loading noise data from: results/noise_injection/by_dataset/cardiotocography_V31_noise0.1.csv 
Using 106 indices for  25 % of instances
Calculate prediction
Confusion matrix
Dataset: cardiotocography 
Fold: 3 
Method: svmLinear 
Noise level:  10 %
Percentage of altered instances:  30 %
Using 128 indices (first 128 from shuffled list)
Loading noise data from: results/noise_injection/by_dataset/cardiotocography_V31_noise0.1.csv 
Using 128 indices for  30 % of instances
Calculate prediction
Confusion matrix
Dataset: cardiotocography 
Fold: 3 
Method: svmLinear 
Noise level:  10 %
Percentage of altered instances:  40 %
Using 170 indices (first 170 from shuffled list)
Loading noise data from: results/noise_injection/by_dataset/cardiotocography_V31_noise0.1.csv 
Using 170 indices for  40 % of instances
Calculate prediction
Confusion matrix
Dataset: cardiotocography 
Fold: 3 
Method: svmLinear 
Noise level:  10 %
Percentage of altered instances:  50 %
Using 212 indices (first 212 from shuffled list)
Loading noise data from: results/noise_injection/by_dataset/cardiotocography_V31_noise0.1.csv 
Using 212 indices for  50 % of instances
Calculate prediction
Confusion matrix
Dataset: cardiotocography 
Fold: 3 
Method: svmLinear 
Noise level:  10 %
Percentage of altered instances:  60 %
Using 255 indices (first 255 from shuffled list)
Loading noise data from: results/noise_injection/by_dataset/cardiotocography_V31_noise0.1.csv 
Using 255 indices for  60 % of instances
Calculate prediction
Confusion matrix
Dataset: cardiotocography 
Fold: 3 
Method: svmLinear 
Noise level:  10 %
Percentage of altered instances:  70 %
Using 298 indices (first 298 from shuffled list)
Loading noise data from: results/noise_injection/by_dataset/cardiotocography_V31_noise0.1.csv 
Using 298 indices for  70 % of instances
Calculate prediction
Confusion matrix
Dataset: cardiotocography 
Fold: 3 
Method: svmLinear 
Noise level:  10 %
Percentage of altered instances:  75 %
Using 319 indices (first 319 from shuffled list)
Loading noise data from: results/noise_injection/by_dataset/cardiotocography_V31_noise0.1.csv 
Using 319 indices for  75 % of instances
Calculate prediction
Confusion matrix
Dataset: cardiotocography 
Fold: 3 
Method: svmLinear 
Noise level:  10 %
Percentage of altered instances:  80 %
Using 340 indices (first 340 from shuffled list)
Loading noise data from: results/noise_injection/by_dataset/cardiotocography_V31_noise0.1.csv 
Using 340 indices for  80 % of instances
Calculate prediction
Confusion matrix
Dataset: cardiotocography 
Fold: 3 
Method: svmLinear 
Noise level:  10 %
Percentage of altered instances:  90 %
Using 382 indices (first 382 from shuffled list)
Loading noise data from: results/noise_injection/by_dataset/cardiotocography_V31_noise0.1.csv 
Using 382 indices for  90 % of instances
Calculate prediction
Confusion matrix
Dataset: cardiotocography 
Fold: 3 
Method: svmLinear 
Noise level:  10 %
Percentage of altered instances:  100 %
Using 425 indices (first 425 from shuffled list)
Loading noise data from: results/noise_injection/by_dataset/cardiotocography_V31_noise0.1.csv 
Using 425 indices for  100 % of instances
Calculate prediction
Confusion matrix

=== Training model with 20 % noise in training data ===
Critical percentage for training noise: 100 %
Loading training noise data from: results/noise_injection/by_dataset/cardiotocography_V31_noise0.2.csv 
Altering 1701 out of 1701 training instances
Dataset: cardiotocography 
Fold: 3 
Method: svmLinear 
Noise level:  20 %
Percentage of altered instances:  10 %
Using 42 indices (first 42 from shuffled list)
Loading noise data from: results/noise_injection/by_dataset/cardiotocography_V31_noise0.2.csv 
Using 42 indices for  10 % of instances
Calculate prediction
Confusion matrix
Dataset: cardiotocography 
Fold: 3 
Method: svmLinear 
Noise level:  20 %
Percentage of altered instances:  20 %
Using 85 indices (first 85 from shuffled list)
Loading noise data from: results/noise_injection/by_dataset/cardiotocography_V31_noise0.2.csv 
Using 85 indices for  20 % of instances
Calculate prediction
Confusion matrix
Dataset: cardiotocography 
Fold: 3 
Method: svmLinear 
Noise level:  20 %
Percentage of altered instances:  25 %
Using 106 indices (first 106 from shuffled list)
Loading noise data from: results/noise_injection/by_dataset/cardiotocography_V31_noise0.2.csv 
Using 106 indices for  25 % of instances
Calculate prediction
Confusion matrix
Dataset: cardiotocography 
Fold: 3 
Method: svmLinear 
Noise level:  20 %
Percentage of altered instances:  30 %
Using 128 indices (first 128 from shuffled list)
Loading noise data from: results/noise_injection/by_dataset/cardiotocography_V31_noise0.2.csv 
Using 128 indices for  30 % of instances
Calculate prediction
Confusion matrix
Dataset: cardiotocography 
Fold: 3 
Method: svmLinear 
Noise level:  20 %
Percentage of altered instances:  40 %
Using 170 indices (first 170 from shuffled list)
Loading noise data from: results/noise_injection/by_dataset/cardiotocography_V31_noise0.2.csv 
Using 170 indices for  40 % of instances
Calculate prediction
Confusion matrix
Dataset: cardiotocography 
Fold: 3 
Method: svmLinear 
Noise level:  20 %
Percentage of altered instances:  50 %
Using 212 indices (first 212 from shuffled list)
Loading noise data from: results/noise_injection/by_dataset/cardiotocography_V31_noise0.2.csv 
Using 212 indices for  50 % of instances
Calculate prediction
Confusion matrix
Dataset: cardiotocography 
Fold: 3 
Method: svmLinear 
Noise level:  20 %
Percentage of altered instances:  60 %
Using 255 indices (first 255 from shuffled list)
Loading noise data from: results/noise_injection/by_dataset/cardiotocography_V31_noise0.2.csv 
Using 255 indices for  60 % of instances
Calculate prediction
Confusion matrix
Dataset: cardiotocography 
Fold: 3 
Method: svmLinear 
Noise level:  20 %
Percentage of altered instances:  70 %
Using 298 indices (first 298 from shuffled list)
Loading noise data from: results/noise_injection/by_dataset/cardiotocography_V31_noise0.2.csv 
Using 298 indices for  70 % of instances
Calculate prediction
Confusion matrix
Dataset: cardiotocography 
Fold: 3 
Method: svmLinear 
Noise level:  20 %
Percentage of altered instances:  75 %
Using 319 indices (first 319 from shuffled list)
Loading noise data from: results/noise_injection/by_dataset/cardiotocography_V31_noise0.2.csv 
Using 319 indices for  75 % of instances
Calculate prediction
Confusion matrix
Dataset: cardiotocography 
Fold: 3 
Method: svmLinear 
Noise level:  20 %
Percentage of altered instances:  80 %
Using 340 indices (first 340 from shuffled list)
Loading noise data from: results/noise_injection/by_dataset/cardiotocography_V31_noise0.2.csv 
Using 340 indices for  80 % of instances
Calculate prediction
Confusion matrix
Dataset: cardiotocography 
Fold: 3 
Method: svmLinear 
Noise level:  20 %
Percentage of altered instances:  90 %
Using 382 indices (first 382 from shuffled list)
Loading noise data from: results/noise_injection/by_dataset/cardiotocography_V31_noise0.2.csv 
Using 382 indices for  90 % of instances
Calculate prediction
Confusion matrix
Dataset: cardiotocography 
Fold: 3 
Method: svmLinear 
Noise level:  20 %
Percentage of altered instances:  100 %
Using 425 indices (first 425 from shuffled list)
Loading noise data from: results/noise_injection/by_dataset/cardiotocography_V31_noise0.2.csv 
Using 425 indices for  100 % of instances
Calculate prediction
Confusion matrix

=== Training model with 30 % noise in training data ===
Critical percentage for training noise: 100 %
Loading training noise data from: results/noise_injection/by_dataset/cardiotocography_V31_noise0.3.csv 
Altering 1701 out of 1701 training instances
Dataset: cardiotocography 
Fold: 3 
Method: svmLinear 
Noise level:  30 %
Percentage of altered instances:  10 %
Using 42 indices (first 42 from shuffled list)
Loading noise data from: results/noise_injection/by_dataset/cardiotocography_V31_noise0.3.csv 
Using 42 indices for  10 % of instances
Calculate prediction
Confusion matrix
Dataset: cardiotocography 
Fold: 3 
Method: svmLinear 
Noise level:  30 %
Percentage of altered instances:  20 %
Using 85 indices (first 85 from shuffled list)
Loading noise data from: results/noise_injection/by_dataset/cardiotocography_V31_noise0.3.csv 
Using 85 indices for  20 % of instances
Calculate prediction
Confusion matrix
Dataset: cardiotocography 
Fold: 3 
Method: svmLinear 
Noise level:  30 %
Percentage of altered instances:  25 %
Using 106 indices (first 106 from shuffled list)
Loading noise data from: results/noise_injection/by_dataset/cardiotocography_V31_noise0.3.csv 
Using 106 indices for  25 % of instances
Calculate prediction
Confusion matrix
Dataset: cardiotocography 
Fold: 3 
Method: svmLinear 
Noise level:  30 %
Percentage of altered instances:  30 %
Using 128 indices (first 128 from shuffled list)
Loading noise data from: results/noise_injection/by_dataset/cardiotocography_V31_noise0.3.csv 
Using 128 indices for  30 % of instances
Calculate prediction
Confusion matrix
Dataset: cardiotocography 
Fold: 3 
Method: svmLinear 
Noise level:  30 %
Percentage of altered instances:  40 %
Using 170 indices (first 170 from shuffled list)
Loading noise data from: results/noise_injection/by_dataset/cardiotocography_V31_noise0.3.csv 
Using 170 indices for  40 % of instances
Calculate prediction
Confusion matrix
Dataset: cardiotocography 
Fold: 3 
Method: svmLinear 
Noise level:  30 %
Percentage of altered instances:  50 %
Using 212 indices (first 212 from shuffled list)
Loading noise data from: results/noise_injection/by_dataset/cardiotocography_V31_noise0.3.csv 
Using 212 indices for  50 % of instances
Calculate prediction
Confusion matrix
Dataset: cardiotocography 
Fold: 3 
Method: svmLinear 
Noise level:  30 %
Percentage of altered instances:  60 %
Using 255 indices (first 255 from shuffled list)
Loading noise data from: results/noise_injection/by_dataset/cardiotocography_V31_noise0.3.csv 
Using 255 indices for  60 % of instances
Calculate prediction
Confusion matrix
Dataset: cardiotocography 
Fold: 3 
Method: svmLinear 
Noise level:  30 %
Percentage of altered instances:  70 %
Using 298 indices (first 298 from shuffled list)
Loading noise data from: results/noise_injection/by_dataset/cardiotocography_V31_noise0.3.csv 
Using 298 indices for  70 % of instances
Calculate prediction
Confusion matrix
Dataset: cardiotocography 
Fold: 3 
Method: svmLinear 
Noise level:  30 %
Percentage of altered instances:  75 %
Using 319 indices (first 319 from shuffled list)
Loading noise data from: results/noise_injection/by_dataset/cardiotocography_V31_noise0.3.csv 
Using 319 indices for  75 % of instances
Calculate prediction
Confusion matrix
Dataset: cardiotocography 
Fold: 3 
Method: svmLinear 
Noise level:  30 %
Percentage of altered instances:  80 %
Using 340 indices (first 340 from shuffled list)
Loading noise data from: results/noise_injection/by_dataset/cardiotocography_V31_noise0.3.csv 
Using 340 indices for  80 % of instances
Calculate prediction
Confusion matrix
Dataset: cardiotocography 
Fold: 3 
Method: svmLinear 
Noise level:  30 %
Percentage of altered instances:  90 %
Using 382 indices (first 382 from shuffled list)
Loading noise data from: results/noise_injection/by_dataset/cardiotocography_V31_noise0.3.csv 
Using 382 indices for  90 % of instances
Calculate prediction
Confusion matrix
Dataset: cardiotocography 
Fold: 3 
Method: svmLinear 
Noise level:  30 %
Percentage of altered instances:  100 %
Using 425 indices (first 425 from shuffled list)
Loading noise data from: results/noise_injection/by_dataset/cardiotocography_V31_noise0.3.csv 
Using 425 indices for  100 % of instances
Calculate prediction
Confusion matrix
Loaded 427 indices for fold 4 from: results/instances/original/vectors/cardiotocography_svmLinear_all_folds.csv 

=== Training model with 10 % noise in training data ===
Critical percentage for training noise: 100 %
Loading training noise data from: results/noise_injection/by_dataset/cardiotocography_V31_noise0.1.csv 
Altering 1699 out of 1699 training instances
Dataset: cardiotocography 
Fold: 4 
Method: svmLinear 
Noise level:  10 %
Percentage of altered instances:  10 %
Using 43 indices (first 43 from shuffled list)
Loading noise data from: results/noise_injection/by_dataset/cardiotocography_V31_noise0.1.csv 
Using 43 indices for  10 % of instances
Calculate prediction
Confusion matrix
Dataset: cardiotocography 
Fold: 4 
Method: svmLinear 
Noise level:  10 %
Percentage of altered instances:  20 %
Using 85 indices (first 85 from shuffled list)
Loading noise data from: results/noise_injection/by_dataset/cardiotocography_V31_noise0.1.csv 
Using 85 indices for  20 % of instances
Calculate prediction
Confusion matrix
Dataset: cardiotocography 
Fold: 4 
Method: svmLinear 
Noise level:  10 %
Percentage of altered instances:  25 %
Using 107 indices (first 107 from shuffled list)
Loading noise data from: results/noise_injection/by_dataset/cardiotocography_V31_noise0.1.csv 
Using 107 indices for  25 % of instances
Calculate prediction
Confusion matrix
Dataset: cardiotocography 
Fold: 4 
Method: svmLinear 
Noise level:  10 %
Percentage of altered instances:  30 %
Using 128 indices (first 128 from shuffled list)
Loading noise data from: results/noise_injection/by_dataset/cardiotocography_V31_noise0.1.csv 
Using 128 indices for  30 % of instances
Calculate prediction
Confusion matrix
Dataset: cardiotocography 
Fold: 4 
Method: svmLinear 
Noise level:  10 %
Percentage of altered instances:  40 %
Using 171 indices (first 171 from shuffled list)
Loading noise data from: results/noise_injection/by_dataset/cardiotocography_V31_noise0.1.csv 
Using 171 indices for  40 % of instances
Calculate prediction
Confusion matrix
Dataset: cardiotocography 
Fold: 4 
Method: svmLinear 
Noise level:  10 %
Percentage of altered instances:  50 %
Using 214 indices (first 214 from shuffled list)
Loading noise data from: results/noise_injection/by_dataset/cardiotocography_V31_noise0.1.csv 
Using 214 indices for  50 % of instances
Calculate prediction
Confusion matrix
Dataset: cardiotocography 
Fold: 4 
Method: svmLinear 
Noise level:  10 %
Percentage of altered instances:  60 %
Using 256 indices (first 256 from shuffled list)
Loading noise data from: results/noise_injection/by_dataset/cardiotocography_V31_noise0.1.csv 
Using 256 indices for  60 % of instances
Calculate prediction
Confusion matrix
Dataset: cardiotocography 
Fold: 4 
Method: svmLinear 
Noise level:  10 %
Percentage of altered instances:  70 %
Using 299 indices (first 299 from shuffled list)
Loading noise data from: results/noise_injection/by_dataset/cardiotocography_V31_noise0.1.csv 
Using 299 indices for  70 % of instances
Calculate prediction
Confusion matrix
Dataset: cardiotocography 
Fold: 4 
Method: svmLinear 
Noise level:  10 %
Percentage of altered instances:  75 %
Using 320 indices (first 320 from shuffled list)
Loading noise data from: results/noise_injection/by_dataset/cardiotocography_V31_noise0.1.csv 
Using 320 indices for  75 % of instances
Calculate prediction
Confusion matrix
Dataset: cardiotocography 
Fold: 4 
Method: svmLinear 
Noise level:  10 %
Percentage of altered instances:  80 %
Using 342 indices (first 342 from shuffled list)
Loading noise data from: results/noise_injection/by_dataset/cardiotocography_V31_noise0.1.csv 
Using 342 indices for  80 % of instances
Calculate prediction
Confusion matrix
Dataset: cardiotocography 
Fold: 4 
Method: svmLinear 
Noise level:  10 %
Percentage of altered instances:  90 %
Using 384 indices (first 384 from shuffled list)
Loading noise data from: results/noise_injection/by_dataset/cardiotocography_V31_noise0.1.csv 
Using 384 indices for  90 % of instances
Calculate prediction
Confusion matrix
Dataset: cardiotocography 
Fold: 4 
Method: svmLinear 
Noise level:  10 %
Percentage of altered instances:  100 %
Using 427 indices (first 427 from shuffled list)
Loading noise data from: results/noise_injection/by_dataset/cardiotocography_V31_noise0.1.csv 
Using 427 indices for  100 % of instances
Calculate prediction
Confusion matrix

=== Training model with 20 % noise in training data ===
Critical percentage for training noise: 100 %
Loading training noise data from: results/noise_injection/by_dataset/cardiotocography_V31_noise0.2.csv 
Altering 1699 out of 1699 training instances
Dataset: cardiotocography 
Fold: 4 
Method: svmLinear 
Noise level:  20 %
Percentage of altered instances:  10 %
Using 43 indices (first 43 from shuffled list)
Loading noise data from: results/noise_injection/by_dataset/cardiotocography_V31_noise0.2.csv 
Using 43 indices for  10 % of instances
Calculate prediction
Confusion matrix
Dataset: cardiotocography 
Fold: 4 
Method: svmLinear 
Noise level:  20 %
Percentage of altered instances:  20 %
Using 85 indices (first 85 from shuffled list)
Loading noise data from: results/noise_injection/by_dataset/cardiotocography_V31_noise0.2.csv 
Using 85 indices for  20 % of instances
Calculate prediction
Confusion matrix
Dataset: cardiotocography 
Fold: 4 
Method: svmLinear 
Noise level:  20 %
Percentage of altered instances:  25 %
Using 107 indices (first 107 from shuffled list)
Loading noise data from: results/noise_injection/by_dataset/cardiotocography_V31_noise0.2.csv 
Using 107 indices for  25 % of instances
Calculate prediction
Confusion matrix
Dataset: cardiotocography 
Fold: 4 
Method: svmLinear 
Noise level:  20 %
Percentage of altered instances:  30 %
Using 128 indices (first 128 from shuffled list)
Loading noise data from: results/noise_injection/by_dataset/cardiotocography_V31_noise0.2.csv 
Using 128 indices for  30 % of instances
Calculate prediction
Confusion matrix
Dataset: cardiotocography 
Fold: 4 
Method: svmLinear 
Noise level:  20 %
Percentage of altered instances:  40 %
Using 171 indices (first 171 from shuffled list)
Loading noise data from: results/noise_injection/by_dataset/cardiotocography_V31_noise0.2.csv 
Using 171 indices for  40 % of instances
Calculate prediction
Confusion matrix
Dataset: cardiotocography 
Fold: 4 
Method: svmLinear 
Noise level:  20 %
Percentage of altered instances:  50 %
Using 214 indices (first 214 from shuffled list)
Loading noise data from: results/noise_injection/by_dataset/cardiotocography_V31_noise0.2.csv 
Using 214 indices for  50 % of instances
Calculate prediction
Confusion matrix
Dataset: cardiotocography 
Fold: 4 
Method: svmLinear 
Noise level:  20 %
Percentage of altered instances:  60 %
Using 256 indices (first 256 from shuffled list)
Loading noise data from: results/noise_injection/by_dataset/cardiotocography_V31_noise0.2.csv 
Using 256 indices for  60 % of instances
Calculate prediction
Confusion matrix
Dataset: cardiotocography 
Fold: 4 
Method: svmLinear 
Noise level:  20 %
Percentage of altered instances:  70 %
Using 299 indices (first 299 from shuffled list)
Loading noise data from: results/noise_injection/by_dataset/cardiotocography_V31_noise0.2.csv 
Using 299 indices for  70 % of instances
Calculate prediction
Confusion matrix
Dataset: cardiotocography 
Fold: 4 
Method: svmLinear 
Noise level:  20 %
Percentage of altered instances:  75 %
Using 320 indices (first 320 from shuffled list)
Loading noise data from: results/noise_injection/by_dataset/cardiotocography_V31_noise0.2.csv 
Using 320 indices for  75 % of instances
Calculate prediction
Confusion matrix
Dataset: cardiotocography 
Fold: 4 
Method: svmLinear 
Noise level:  20 %
Percentage of altered instances:  80 %
Using 342 indices (first 342 from shuffled list)
Loading noise data from: results/noise_injection/by_dataset/cardiotocography_V31_noise0.2.csv 
Using 342 indices for  80 % of instances
Calculate prediction
Confusion matrix
Dataset: cardiotocography 
Fold: 4 
Method: svmLinear 
Noise level:  20 %
Percentage of altered instances:  90 %
Using 384 indices (first 384 from shuffled list)
Loading noise data from: results/noise_injection/by_dataset/cardiotocography_V31_noise0.2.csv 
Using 384 indices for  90 % of instances
Calculate prediction
Confusion matrix
Dataset: cardiotocography 
Fold: 4 
Method: svmLinear 
Noise level:  20 %
Percentage of altered instances:  100 %
Using 427 indices (first 427 from shuffled list)
Loading noise data from: results/noise_injection/by_dataset/cardiotocography_V31_noise0.2.csv 
Using 427 indices for  100 % of instances
Calculate prediction
Confusion matrix

=== Training model with 30 % noise in training data ===
Critical percentage for training noise: 100 %
Loading training noise data from: results/noise_injection/by_dataset/cardiotocography_V31_noise0.3.csv 
Altering 1699 out of 1699 training instances
Dataset: cardiotocography 
Fold: 4 
Method: svmLinear 
Noise level:  30 %
Percentage of altered instances:  10 %
Using 43 indices (first 43 from shuffled list)
Loading noise data from: results/noise_injection/by_dataset/cardiotocography_V31_noise0.3.csv 
Using 43 indices for  10 % of instances
Calculate prediction
Confusion matrix
Dataset: cardiotocography 
Fold: 4 
Method: svmLinear 
Noise level:  30 %
Percentage of altered instances:  20 %
Using 85 indices (first 85 from shuffled list)
Loading noise data from: results/noise_injection/by_dataset/cardiotocography_V31_noise0.3.csv 
Using 85 indices for  20 % of instances
Calculate prediction
Confusion matrix
Dataset: cardiotocography 
Fold: 4 
Method: svmLinear 
Noise level:  30 %
Percentage of altered instances:  25 %
Using 107 indices (first 107 from shuffled list)
Loading noise data from: results/noise_injection/by_dataset/cardiotocography_V31_noise0.3.csv 
Using 107 indices for  25 % of instances
Calculate prediction
Confusion matrix
Dataset: cardiotocography 
Fold: 4 
Method: svmLinear 
Noise level:  30 %
Percentage of altered instances:  30 %
Using 128 indices (first 128 from shuffled list)
Loading noise data from: results/noise_injection/by_dataset/cardiotocography_V31_noise0.3.csv 
Using 128 indices for  30 % of instances
Calculate prediction
Confusion matrix
Dataset: cardiotocography 
Fold: 4 
Method: svmLinear 
Noise level:  30 %
Percentage of altered instances:  40 %
Using 171 indices (first 171 from shuffled list)
Loading noise data from: results/noise_injection/by_dataset/cardiotocography_V31_noise0.3.csv 
Using 171 indices for  40 % of instances
Calculate prediction
Confusion matrix
Dataset: cardiotocography 
Fold: 4 
Method: svmLinear 
Noise level:  30 %
Percentage of altered instances:  50 %
Using 214 indices (first 214 from shuffled list)
Loading noise data from: results/noise_injection/by_dataset/cardiotocography_V31_noise0.3.csv 
Using 214 indices for  50 % of instances
Calculate prediction
Confusion matrix
Dataset: cardiotocography 
Fold: 4 
Method: svmLinear 
Noise level:  30 %
Percentage of altered instances:  60 %
Using 256 indices (first 256 from shuffled list)
Loading noise data from: results/noise_injection/by_dataset/cardiotocography_V31_noise0.3.csv 
Using 256 indices for  60 % of instances
Calculate prediction
Confusion matrix
Dataset: cardiotocography 
Fold: 4 
Method: svmLinear 
Noise level:  30 %
Percentage of altered instances:  70 %
Using 299 indices (first 299 from shuffled list)
Loading noise data from: results/noise_injection/by_dataset/cardiotocography_V31_noise0.3.csv 
Using 299 indices for  70 % of instances
Calculate prediction
Confusion matrix
Dataset: cardiotocography 
Fold: 4 
Method: svmLinear 
Noise level:  30 %
Percentage of altered instances:  75 %
Using 320 indices (first 320 from shuffled list)
Loading noise data from: results/noise_injection/by_dataset/cardiotocography_V31_noise0.3.csv 
Using 320 indices for  75 % of instances
Calculate prediction
Confusion matrix
Dataset: cardiotocography 
Fold: 4 
Method: svmLinear 
Noise level:  30 %
Percentage of altered instances:  80 %
Using 342 indices (first 342 from shuffled list)
Loading noise data from: results/noise_injection/by_dataset/cardiotocography_V31_noise0.3.csv 
Using 342 indices for  80 % of instances
Calculate prediction
Confusion matrix
Dataset: cardiotocography 
Fold: 4 
Method: svmLinear 
Noise level:  30 %
Percentage of altered instances:  90 %
Using 384 indices (first 384 from shuffled list)
Loading noise data from: results/noise_injection/by_dataset/cardiotocography_V31_noise0.3.csv 
Using 384 indices for  90 % of instances
Calculate prediction
Confusion matrix
Dataset: cardiotocography 
Fold: 4 
Method: svmLinear 
Noise level:  30 %
Percentage of altered instances:  100 %
Using 427 indices (first 427 from shuffled list)
Loading noise data from: results/noise_injection/by_dataset/cardiotocography_V31_noise0.3.csv 
Using 427 indices for  100 % of instances
Calculate prediction
Confusion matrix
Loaded 424 indices for fold 5 from: results/instances/original/vectors/cardiotocography_svmLinear_all_folds.csv 

=== Training model with 10 % noise in training data ===
Critical percentage for training noise: 100 %
Loading training noise data from: results/noise_injection/by_dataset/cardiotocography_V31_noise0.1.csv 
Altering 1702 out of 1702 training instances
Dataset: cardiotocography 
Fold: 5 
Method: svmLinear 
Noise level:  10 %
Percentage of altered instances:  10 %
Using 42 indices (first 42 from shuffled list)
Loading noise data from: results/noise_injection/by_dataset/cardiotocography_V31_noise0.1.csv 
Using 42 indices for  10 % of instances
Calculate prediction
Confusion matrix
Dataset: cardiotocography 
Fold: 5 
Method: svmLinear 
Noise level:  10 %
Percentage of altered instances:  20 %
Using 85 indices (first 85 from shuffled list)
Loading noise data from: results/noise_injection/by_dataset/cardiotocography_V31_noise0.1.csv 
Using 85 indices for  20 % of instances
Calculate prediction
Confusion matrix
Dataset: cardiotocography 
Fold: 5 
Method: svmLinear 
Noise level:  10 %
Percentage of altered instances:  25 %
Using 106 indices (first 106 from shuffled list)
Loading noise data from: results/noise_injection/by_dataset/cardiotocography_V31_noise0.1.csv 
Using 106 indices for  25 % of instances
Calculate prediction
Confusion matrix
Dataset: cardiotocography 
Fold: 5 
Method: svmLinear 
Noise level:  10 %
Percentage of altered instances:  30 %
Using 127 indices (first 127 from shuffled list)
Loading noise data from: results/noise_injection/by_dataset/cardiotocography_V31_noise0.1.csv 
Using 127 indices for  30 % of instances
Calculate prediction
Confusion matrix
Dataset: cardiotocography 
Fold: 5 
Method: svmLinear 
Noise level:  10 %
Percentage of altered instances:  40 %
Using 170 indices (first 170 from shuffled list)
Loading noise data from: results/noise_injection/by_dataset/cardiotocography_V31_noise0.1.csv 
Using 170 indices for  40 % of instances
Calculate prediction
Confusion matrix
Dataset: cardiotocography 
Fold: 5 
Method: svmLinear 
Noise level:  10 %
Percentage of altered instances:  50 %
Using 212 indices (first 212 from shuffled list)
Loading noise data from: results/noise_injection/by_dataset/cardiotocography_V31_noise0.1.csv 
Using 212 indices for  50 % of instances
Calculate prediction
Confusion matrix
Dataset: cardiotocography 
Fold: 5 
Method: svmLinear 
Noise level:  10 %
Percentage of altered instances:  60 %
Using 254 indices (first 254 from shuffled list)
Loading noise data from: results/noise_injection/by_dataset/cardiotocography_V31_noise0.1.csv 
Using 254 indices for  60 % of instances
Calculate prediction
Confusion matrix
Dataset: cardiotocography 
Fold: 5 
Method: svmLinear 
Noise level:  10 %
Percentage of altered instances:  70 %
Using 297 indices (first 297 from shuffled list)
Loading noise data from: results/noise_injection/by_dataset/cardiotocography_V31_noise0.1.csv 
Using 297 indices for  70 % of instances
Calculate prediction
Confusion matrix
Dataset: cardiotocography 
Fold: 5 
Method: svmLinear 
Noise level:  10 %
Percentage of altered instances:  75 %
Using 318 indices (first 318 from shuffled list)
Loading noise data from: results/noise_injection/by_dataset/cardiotocography_V31_noise0.1.csv 
Using 318 indices for  75 % of instances
Calculate prediction
Confusion matrix
Dataset: cardiotocography 
Fold: 5 
Method: svmLinear 
Noise level:  10 %
Percentage of altered instances:  80 %
Using 339 indices (first 339 from shuffled list)
Loading noise data from: results/noise_injection/by_dataset/cardiotocography_V31_noise0.1.csv 
Using 339 indices for  80 % of instances
Calculate prediction
Confusion matrix
Dataset: cardiotocography 
Fold: 5 
Method: svmLinear 
Noise level:  10 %
Percentage of altered instances:  90 %
Using 382 indices (first 382 from shuffled list)
Loading noise data from: results/noise_injection/by_dataset/cardiotocography_V31_noise0.1.csv 
Using 382 indices for  90 % of instances
Calculate prediction
Confusion matrix
Dataset: cardiotocography 
Fold: 5 
Method: svmLinear 
Noise level:  10 %
Percentage of altered instances:  100 %
Using 424 indices (first 424 from shuffled list)
Loading noise data from: results/noise_injection/by_dataset/cardiotocography_V31_noise0.1.csv 
Using 424 indices for  100 % of instances
Calculate prediction
Confusion matrix

=== Training model with 20 % noise in training data ===
Critical percentage for training noise: 100 %
Loading training noise data from: results/noise_injection/by_dataset/cardiotocography_V31_noise0.2.csv 
Altering 1702 out of 1702 training instances
Dataset: cardiotocography 
Fold: 5 
Method: svmLinear 
Noise level:  20 %
Percentage of altered instances:  10 %
Using 42 indices (first 42 from shuffled list)
Loading noise data from: results/noise_injection/by_dataset/cardiotocography_V31_noise0.2.csv 
Using 42 indices for  10 % of instances
Calculate prediction
Confusion matrix
Dataset: cardiotocography 
Fold: 5 
Method: svmLinear 
Noise level:  20 %
Percentage of altered instances:  20 %
Using 85 indices (first 85 from shuffled list)
Loading noise data from: results/noise_injection/by_dataset/cardiotocography_V31_noise0.2.csv 
Using 85 indices for  20 % of instances
Calculate prediction
Confusion matrix
Dataset: cardiotocography 
Fold: 5 
Method: svmLinear 
Noise level:  20 %
Percentage of altered instances:  25 %
Using 106 indices (first 106 from shuffled list)
Loading noise data from: results/noise_injection/by_dataset/cardiotocography_V31_noise0.2.csv 
Using 106 indices for  25 % of instances
Calculate prediction
Confusion matrix
Dataset: cardiotocography 
Fold: 5 
Method: svmLinear 
Noise level:  20 %
Percentage of altered instances:  30 %
Using 127 indices (first 127 from shuffled list)
Loading noise data from: results/noise_injection/by_dataset/cardiotocography_V31_noise0.2.csv 
Using 127 indices for  30 % of instances
Calculate prediction
Confusion matrix
Dataset: cardiotocography 
Fold: 5 
Method: svmLinear 
Noise level:  20 %
Percentage of altered instances:  40 %
Using 170 indices (first 170 from shuffled list)
Loading noise data from: results/noise_injection/by_dataset/cardiotocography_V31_noise0.2.csv 
Using 170 indices for  40 % of instances
Calculate prediction
Confusion matrix
Dataset: cardiotocography 
Fold: 5 
Method: svmLinear 
Noise level:  20 %
Percentage of altered instances:  50 %
Using 212 indices (first 212 from shuffled list)
Loading noise data from: results/noise_injection/by_dataset/cardiotocography_V31_noise0.2.csv 
Using 212 indices for  50 % of instances
Calculate prediction
Confusion matrix
Dataset: cardiotocography 
Fold: 5 
Method: svmLinear 
Noise level:  20 %
Percentage of altered instances:  60 %
Using 254 indices (first 254 from shuffled list)
Loading noise data from: results/noise_injection/by_dataset/cardiotocography_V31_noise0.2.csv 
Using 254 indices for  60 % of instances
Calculate prediction
Confusion matrix
Dataset: cardiotocography 
Fold: 5 
Method: svmLinear 
Noise level:  20 %
Percentage of altered instances:  70 %
Using 297 indices (first 297 from shuffled list)
Loading noise data from: results/noise_injection/by_dataset/cardiotocography_V31_noise0.2.csv 
Using 297 indices for  70 % of instances
Calculate prediction
Confusion matrix
Dataset: cardiotocography 
Fold: 5 
Method: svmLinear 
Noise level:  20 %
Percentage of altered instances:  75 %
Using 318 indices (first 318 from shuffled list)
Loading noise data from: results/noise_injection/by_dataset/cardiotocography_V31_noise0.2.csv 
Using 318 indices for  75 % of instances
Calculate prediction
Confusion matrix
Dataset: cardiotocography 
Fold: 5 
Method: svmLinear 
Noise level:  20 %
Percentage of altered instances:  80 %
Using 339 indices (first 339 from shuffled list)
Loading noise data from: results/noise_injection/by_dataset/cardiotocography_V31_noise0.2.csv 
Using 339 indices for  80 % of instances
Calculate prediction
Confusion matrix
Dataset: cardiotocography 
Fold: 5 
Method: svmLinear 
Noise level:  20 %
Percentage of altered instances:  90 %
Using 382 indices (first 382 from shuffled list)
Loading noise data from: results/noise_injection/by_dataset/cardiotocography_V31_noise0.2.csv 
Using 382 indices for  90 % of instances
Calculate prediction
Confusion matrix
Dataset: cardiotocography 
Fold: 5 
Method: svmLinear 
Noise level:  20 %
Percentage of altered instances:  100 %
Using 424 indices (first 424 from shuffled list)
Loading noise data from: results/noise_injection/by_dataset/cardiotocography_V31_noise0.2.csv 
Using 424 indices for  100 % of instances
Calculate prediction
Confusion matrix

=== Training model with 30 % noise in training data ===
Critical percentage for training noise: 100 %
Loading training noise data from: results/noise_injection/by_dataset/cardiotocography_V31_noise0.3.csv 
Altering 1702 out of 1702 training instances
Dataset: cardiotocography 
Fold: 5 
Method: svmLinear 
Noise level:  30 %
Percentage of altered instances:  10 %
Using 42 indices (first 42 from shuffled list)
Loading noise data from: results/noise_injection/by_dataset/cardiotocography_V31_noise0.3.csv 
Using 42 indices for  10 % of instances
Calculate prediction
Confusion matrix
Dataset: cardiotocography 
Fold: 5 
Method: svmLinear 
Noise level:  30 %
Percentage of altered instances:  20 %
Using 85 indices (first 85 from shuffled list)
Loading noise data from: results/noise_injection/by_dataset/cardiotocography_V31_noise0.3.csv 
Using 85 indices for  20 % of instances
Calculate prediction
Confusion matrix
Dataset: cardiotocography 
Fold: 5 
Method: svmLinear 
Noise level:  30 %
Percentage of altered instances:  25 %
Using 106 indices (first 106 from shuffled list)
Loading noise data from: results/noise_injection/by_dataset/cardiotocography_V31_noise0.3.csv 
Using 106 indices for  25 % of instances
Calculate prediction
Confusion matrix
Dataset: cardiotocography 
Fold: 5 
Method: svmLinear 
Noise level:  30 %
Percentage of altered instances:  30 %
Using 127 indices (first 127 from shuffled list)
Loading noise data from: results/noise_injection/by_dataset/cardiotocography_V31_noise0.3.csv 
Using 127 indices for  30 % of instances
Calculate prediction
Confusion matrix
Dataset: cardiotocography 
Fold: 5 
Method: svmLinear 
Noise level:  30 %
Percentage of altered instances:  40 %
Using 170 indices (first 170 from shuffled list)
Loading noise data from: results/noise_injection/by_dataset/cardiotocography_V31_noise0.3.csv 
Using 170 indices for  40 % of instances
Calculate prediction
Confusion matrix
Dataset: cardiotocography 
Fold: 5 
Method: svmLinear 
Noise level:  30 %
Percentage of altered instances:  50 %
Using 212 indices (first 212 from shuffled list)
Loading noise data from: results/noise_injection/by_dataset/cardiotocography_V31_noise0.3.csv 
Using 212 indices for  50 % of instances
Calculate prediction
Confusion matrix
Dataset: cardiotocography 
Fold: 5 
Method: svmLinear 
Noise level:  30 %
Percentage of altered instances:  60 %
Using 254 indices (first 254 from shuffled list)
Loading noise data from: results/noise_injection/by_dataset/cardiotocography_V31_noise0.3.csv 
Using 254 indices for  60 % of instances
Calculate prediction
Confusion matrix
Dataset: cardiotocography 
Fold: 5 
Method: svmLinear 
Noise level:  30 %
Percentage of altered instances:  70 %
Using 297 indices (first 297 from shuffled list)
Loading noise data from: results/noise_injection/by_dataset/cardiotocography_V31_noise0.3.csv 
Using 297 indices for  70 % of instances
Calculate prediction
Confusion matrix
Dataset: cardiotocography 
Fold: 5 
Method: svmLinear 
Noise level:  30 %
Percentage of altered instances:  75 %
Using 318 indices (first 318 from shuffled list)
Loading noise data from: results/noise_injection/by_dataset/cardiotocography_V31_noise0.3.csv 
Using 318 indices for  75 % of instances
Calculate prediction
Confusion matrix
Dataset: cardiotocography 
Fold: 5 
Method: svmLinear 
Noise level:  30 %
Percentage of altered instances:  80 %
Using 339 indices (first 339 from shuffled list)
Loading noise data from: results/noise_injection/by_dataset/cardiotocography_V31_noise0.3.csv 
Using 339 indices for  80 % of instances
Calculate prediction
Confusion matrix
Dataset: cardiotocography 
Fold: 5 
Method: svmLinear 
Noise level:  30 %
Percentage of altered instances:  90 %
Using 382 indices (first 382 from shuffled list)
Loading noise data from: results/noise_injection/by_dataset/cardiotocography_V31_noise0.3.csv 
Using 382 indices for  90 % of instances
Calculate prediction
Confusion matrix
Dataset: cardiotocography 
Fold: 5 
Method: svmLinear 
Noise level:  30 %
Percentage of altered instances:  100 %
Using 424 indices (first 424 from shuffled list)
Loading noise data from: results/noise_injection/by_dataset/cardiotocography_V31_noise0.3.csv 
Using 424 indices for  100 % of instances
Calculate prediction
Confusion matrix
Saved results to: results/instances/train_noise/by_dataset/cardiotocography_svmLinear_results.csv 
----------------
Warning message:
In .local(x, ...) : Variable(s) `' constant. Cannot scale data.
****************************
Instances altered with noise
****************************
