Current working directory: /home/chris/github/kappa-threshold 
parameters.csv exists: TRUE 
parameters.csv absolute path: /home/chris/github/kappa-threshold/data/files/parameters.csv 
Processing model: multinom for dataset: cardiotocography 
Loaded 424 indices for fold 1 from: results/instances/original/vectors/cardiotocography_multinom_all_folds.csv 

=== Training model with 10 % noise in training data ===
Critical percentage for training noise: 100 %
Loading training noise data from: results/noise_injection/by_dataset/cardiotocography_V27_noise0.1.csv 
Altering 1702 out of 1702 training instances
# weights:  370 (324 variable)
initial  value 3918.999828 
iter  10 value 3389.549339
iter  20 value 2912.340313
iter  30 value 2253.152705
iter  40 value 1934.061052
iter  50 value 1596.804553
iter  60 value 1271.354062
iter  70 value 905.404700
iter  80 value 672.483044
iter  90 value 579.657060
iter 100 value 460.541977
final  value 460.541977 
stopped after 100 iterations
Dataset: cardiotocography 
Fold: 1 
Method: multinom 
Noise level:  10 %
Percentage of altered instances:  10 %
Using 42 indices (first 42 from shuffled list)
Loading noise data from: results/noise_injection/by_dataset/cardiotocography_V27_noise0.1.csv 
Using 42 indices for  10 % of instances
Calculate prediction
Confusion matrix
Dataset: cardiotocography 
Fold: 1 
Method: multinom 
Noise level:  10 %
Percentage of altered instances:  20 %
Using 85 indices (first 85 from shuffled list)
Loading noise data from: results/noise_injection/by_dataset/cardiotocography_V27_noise0.1.csv 
Using 85 indices for  20 % of instances
Calculate prediction
Confusion matrix
Dataset: cardiotocography 
Fold: 1 
Method: multinom 
Noise level:  10 %
Percentage of altered instances:  25 %
Using 106 indices (first 106 from shuffled list)
Loading noise data from: results/noise_injection/by_dataset/cardiotocography_V27_noise0.1.csv 
Using 106 indices for  25 % of instances
Calculate prediction
Confusion matrix
Dataset: cardiotocography 
Fold: 1 
Method: multinom 
Noise level:  10 %
Percentage of altered instances:  30 %
Using 127 indices (first 127 from shuffled list)
Loading noise data from: results/noise_injection/by_dataset/cardiotocography_V27_noise0.1.csv 
Using 127 indices for  30 % of instances
Calculate prediction
Confusion matrix
Dataset: cardiotocography 
Fold: 1 
Method: multinom 
Noise level:  10 %
Percentage of altered instances:  40 %
Using 170 indices (first 170 from shuffled list)
Loading noise data from: results/noise_injection/by_dataset/cardiotocography_V27_noise0.1.csv 
Using 170 indices for  40 % of instances
Calculate prediction
Confusion matrix
Dataset: cardiotocography 
Fold: 1 
Method: multinom 
Noise level:  10 %
Percentage of altered instances:  50 %
Using 212 indices (first 212 from shuffled list)
Loading noise data from: results/noise_injection/by_dataset/cardiotocography_V27_noise0.1.csv 
Using 212 indices for  50 % of instances
Calculate prediction
Confusion matrix
Dataset: cardiotocography 
Fold: 1 
Method: multinom 
Noise level:  10 %
Percentage of altered instances:  60 %
Using 254 indices (first 254 from shuffled list)
Loading noise data from: results/noise_injection/by_dataset/cardiotocography_V27_noise0.1.csv 
Using 254 indices for  60 % of instances
Calculate prediction
Confusion matrix
Dataset: cardiotocography 
Fold: 1 
Method: multinom 
Noise level:  10 %
Percentage of altered instances:  70 %
Using 297 indices (first 297 from shuffled list)
Loading noise data from: results/noise_injection/by_dataset/cardiotocography_V27_noise0.1.csv 
Using 297 indices for  70 % of instances
Calculate prediction
Confusion matrix
Dataset: cardiotocography 
Fold: 1 
Method: multinom 
Noise level:  10 %
Percentage of altered instances:  75 %
Using 318 indices (first 318 from shuffled list)
Loading noise data from: results/noise_injection/by_dataset/cardiotocography_V27_noise0.1.csv 
Using 318 indices for  75 % of instances
Calculate prediction
Confusion matrix
Dataset: cardiotocography 
Fold: 1 
Method: multinom 
Noise level:  10 %
Percentage of altered instances:  80 %
Using 339 indices (first 339 from shuffled list)
Loading noise data from: results/noise_injection/by_dataset/cardiotocography_V27_noise0.1.csv 
Using 339 indices for  80 % of instances
Calculate prediction
Confusion matrix
Dataset: cardiotocography 
Fold: 1 
Method: multinom 
Noise level:  10 %
Percentage of altered instances:  90 %
Using 382 indices (first 382 from shuffled list)
Loading noise data from: results/noise_injection/by_dataset/cardiotocography_V27_noise0.1.csv 
Using 382 indices for  90 % of instances
Calculate prediction
Confusion matrix
Dataset: cardiotocography 
Fold: 1 
Method: multinom 
Noise level:  10 %
Percentage of altered instances:  100 %
Using 424 indices (first 424 from shuffled list)
Loading noise data from: results/noise_injection/by_dataset/cardiotocography_V27_noise0.1.csv 
Using 424 indices for  100 % of instances
Calculate prediction
Confusion matrix

=== Training model with 20 % noise in training data ===
Critical percentage for training noise: 100 %
Loading training noise data from: results/noise_injection/by_dataset/cardiotocography_V27_noise0.2.csv 
Altering 1702 out of 1702 training instances
# weights:  370 (324 variable)
initial  value 3918.999828 
iter  10 value 3389.549772
iter  20 value 2912.345839
iter  30 value 2253.329905
iter  40 value 1935.748457
iter  50 value 1589.458777
iter  60 value 1215.398045
iter  70 value 900.739237
iter  80 value 753.992978
iter  90 value 661.004662
iter 100 value 476.072882
final  value 476.072882 
stopped after 100 iterations
Dataset: cardiotocography 
Fold: 1 
Method: multinom 
Noise level:  20 %
Percentage of altered instances:  10 %
Using 42 indices (first 42 from shuffled list)
Loading noise data from: results/noise_injection/by_dataset/cardiotocography_V27_noise0.2.csv 
Using 42 indices for  10 % of instances
Calculate prediction
Confusion matrix
Dataset: cardiotocography 
Fold: 1 
Method: multinom 
Noise level:  20 %
Percentage of altered instances:  20 %
Using 85 indices (first 85 from shuffled list)
Loading noise data from: results/noise_injection/by_dataset/cardiotocography_V27_noise0.2.csv 
Using 85 indices for  20 % of instances
Calculate prediction
Confusion matrix
Dataset: cardiotocography 
Fold: 1 
Method: multinom 
Noise level:  20 %
Percentage of altered instances:  25 %
Using 106 indices (first 106 from shuffled list)
Loading noise data from: results/noise_injection/by_dataset/cardiotocography_V27_noise0.2.csv 
Using 106 indices for  25 % of instances
Calculate prediction
Confusion matrix
Dataset: cardiotocography 
Fold: 1 
Method: multinom 
Noise level:  20 %
Percentage of altered instances:  30 %
Using 127 indices (first 127 from shuffled list)
Loading noise data from: results/noise_injection/by_dataset/cardiotocography_V27_noise0.2.csv 
Using 127 indices for  30 % of instances
Calculate prediction
Confusion matrix
Dataset: cardiotocography 
Fold: 1 
Method: multinom 
Noise level:  20 %
Percentage of altered instances:  40 %
Using 170 indices (first 170 from shuffled list)
Loading noise data from: results/noise_injection/by_dataset/cardiotocography_V27_noise0.2.csv 
Using 170 indices for  40 % of instances
Calculate prediction
Confusion matrix
Dataset: cardiotocography 
Fold: 1 
Method: multinom 
Noise level:  20 %
Percentage of altered instances:  50 %
Using 212 indices (first 212 from shuffled list)
Loading noise data from: results/noise_injection/by_dataset/cardiotocography_V27_noise0.2.csv 
Using 212 indices for  50 % of instances
Calculate prediction
Confusion matrix
Dataset: cardiotocography 
Fold: 1 
Method: multinom 
Noise level:  20 %
Percentage of altered instances:  60 %
Using 254 indices (first 254 from shuffled list)
Loading noise data from: results/noise_injection/by_dataset/cardiotocography_V27_noise0.2.csv 
Using 254 indices for  60 % of instances
Calculate prediction
Confusion matrix
Dataset: cardiotocography 
Fold: 1 
Method: multinom 
Noise level:  20 %
Percentage of altered instances:  70 %
Using 297 indices (first 297 from shuffled list)
Loading noise data from: results/noise_injection/by_dataset/cardiotocography_V27_noise0.2.csv 
Using 297 indices for  70 % of instances
Calculate prediction
Confusion matrix
Dataset: cardiotocography 
Fold: 1 
Method: multinom 
Noise level:  20 %
Percentage of altered instances:  75 %
Using 318 indices (first 318 from shuffled list)
Loading noise data from: results/noise_injection/by_dataset/cardiotocography_V27_noise0.2.csv 
Using 318 indices for  75 % of instances
Calculate prediction
Confusion matrix
Dataset: cardiotocography 
Fold: 1 
Method: multinom 
Noise level:  20 %
Percentage of altered instances:  80 %
Using 339 indices (first 339 from shuffled list)
Loading noise data from: results/noise_injection/by_dataset/cardiotocography_V27_noise0.2.csv 
Using 339 indices for  80 % of instances
Calculate prediction
Confusion matrix
Dataset: cardiotocography 
Fold: 1 
Method: multinom 
Noise level:  20 %
Percentage of altered instances:  90 %
Using 382 indices (first 382 from shuffled list)
Loading noise data from: results/noise_injection/by_dataset/cardiotocography_V27_noise0.2.csv 
Using 382 indices for  90 % of instances
Calculate prediction
Confusion matrix
Dataset: cardiotocography 
Fold: 1 
Method: multinom 
Noise level:  20 %
Percentage of altered instances:  100 %
Using 424 indices (first 424 from shuffled list)
Loading noise data from: results/noise_injection/by_dataset/cardiotocography_V27_noise0.2.csv 
Using 424 indices for  100 % of instances
Calculate prediction
Confusion matrix

=== Training model with 30 % noise in training data ===
Critical percentage for training noise: 100 %
Loading training noise data from: results/noise_injection/by_dataset/cardiotocography_V27_noise0.3.csv 
Altering 1702 out of 1702 training instances
# weights:  370 (324 variable)
initial  value 3918.999828 
iter  10 value 3389.549199
iter  20 value 2912.345679
iter  30 value 2253.131057
iter  40 value 1932.730086
iter  50 value 1630.092698
iter  60 value 1230.987293
iter  70 value 940.952820
iter  80 value 767.935056
iter  90 value 684.781150
iter 100 value 514.484936
final  value 514.484936 
stopped after 100 iterations
Dataset: cardiotocography 
Fold: 1 
Method: multinom 
Noise level:  30 %
Percentage of altered instances:  10 %
Using 42 indices (first 42 from shuffled list)
Loading noise data from: results/noise_injection/by_dataset/cardiotocography_V27_noise0.3.csv 
Using 42 indices for  10 % of instances
Calculate prediction
Confusion matrix
Dataset: cardiotocography 
Fold: 1 
Method: multinom 
Noise level:  30 %
Percentage of altered instances:  20 %
Using 85 indices (first 85 from shuffled list)
Loading noise data from: results/noise_injection/by_dataset/cardiotocography_V27_noise0.3.csv 
Using 85 indices for  20 % of instances
Calculate prediction
Confusion matrix
Dataset: cardiotocography 
Fold: 1 
Method: multinom 
Noise level:  30 %
Percentage of altered instances:  25 %
Using 106 indices (first 106 from shuffled list)
Loading noise data from: results/noise_injection/by_dataset/cardiotocography_V27_noise0.3.csv 
Using 106 indices for  25 % of instances
Calculate prediction
Confusion matrix
Dataset: cardiotocography 
Fold: 1 
Method: multinom 
Noise level:  30 %
Percentage of altered instances:  30 %
Using 127 indices (first 127 from shuffled list)
Loading noise data from: results/noise_injection/by_dataset/cardiotocography_V27_noise0.3.csv 
Using 127 indices for  30 % of instances
Calculate prediction
Confusion matrix
Dataset: cardiotocography 
Fold: 1 
Method: multinom 
Noise level:  30 %
Percentage of altered instances:  40 %
Using 170 indices (first 170 from shuffled list)
Loading noise data from: results/noise_injection/by_dataset/cardiotocography_V27_noise0.3.csv 
Using 170 indices for  40 % of instances
Calculate prediction
Confusion matrix
Dataset: cardiotocography 
Fold: 1 
Method: multinom 
Noise level:  30 %
Percentage of altered instances:  50 %
Using 212 indices (first 212 from shuffled list)
Loading noise data from: results/noise_injection/by_dataset/cardiotocography_V27_noise0.3.csv 
Using 212 indices for  50 % of instances
Calculate prediction
Confusion matrix
Dataset: cardiotocography 
Fold: 1 
Method: multinom 
Noise level:  30 %
Percentage of altered instances:  60 %
Using 254 indices (first 254 from shuffled list)
Loading noise data from: results/noise_injection/by_dataset/cardiotocography_V27_noise0.3.csv 
Using 254 indices for  60 % of instances
Calculate prediction
Confusion matrix
Dataset: cardiotocography 
Fold: 1 
Method: multinom 
Noise level:  30 %
Percentage of altered instances:  70 %
Using 297 indices (first 297 from shuffled list)
Loading noise data from: results/noise_injection/by_dataset/cardiotocography_V27_noise0.3.csv 
Using 297 indices for  70 % of instances
Calculate prediction
Confusion matrix
Dataset: cardiotocography 
Fold: 1 
Method: multinom 
Noise level:  30 %
Percentage of altered instances:  75 %
Using 318 indices (first 318 from shuffled list)
Loading noise data from: results/noise_injection/by_dataset/cardiotocography_V27_noise0.3.csv 
Using 318 indices for  75 % of instances
Calculate prediction
Confusion matrix
Dataset: cardiotocography 
Fold: 1 
Method: multinom 
Noise level:  30 %
Percentage of altered instances:  80 %
Using 339 indices (first 339 from shuffled list)
Loading noise data from: results/noise_injection/by_dataset/cardiotocography_V27_noise0.3.csv 
Using 339 indices for  80 % of instances
Calculate prediction
Confusion matrix
Dataset: cardiotocography 
Fold: 1 
Method: multinom 
Noise level:  30 %
Percentage of altered instances:  90 %
Using 382 indices (first 382 from shuffled list)
Loading noise data from: results/noise_injection/by_dataset/cardiotocography_V27_noise0.3.csv 
Using 382 indices for  90 % of instances
Calculate prediction
Confusion matrix
Dataset: cardiotocography 
Fold: 1 
Method: multinom 
Noise level:  30 %
Percentage of altered instances:  100 %
Using 424 indices (first 424 from shuffled list)
Loading noise data from: results/noise_injection/by_dataset/cardiotocography_V27_noise0.3.csv 
Using 424 indices for  100 % of instances
Calculate prediction
Confusion matrix
Loaded 426 indices for fold 2 from: results/instances/original/vectors/cardiotocography_multinom_all_folds.csv 

=== Training model with 10 % noise in training data ===
Critical percentage for training noise: 100 %
Loading training noise data from: results/noise_injection/by_dataset/cardiotocography_V27_noise0.1.csv 
Altering 1700 out of 1700 training instances
# weights:  370 (324 variable)
initial  value 3914.394658 
iter  10 value 3388.377245
iter  20 value 2773.106531
iter  30 value 2273.523535
iter  40 value 1959.058697
iter  50 value 1670.156541
iter  60 value 1324.895477
iter  70 value 919.845044
iter  80 value 593.830709
iter  90 value 457.211639
iter 100 value 366.652876
final  value 366.652876 
stopped after 100 iterations
Dataset: cardiotocography 
Fold: 2 
Method: multinom 
Noise level:  10 %
Percentage of altered instances:  10 %
Using 43 indices (first 43 from shuffled list)
Loading noise data from: results/noise_injection/by_dataset/cardiotocography_V27_noise0.1.csv 
Using 43 indices for  10 % of instances
Calculate prediction
Confusion matrix
Dataset: cardiotocography 
Fold: 2 
Method: multinom 
Noise level:  10 %
Percentage of altered instances:  20 %
Using 85 indices (first 85 from shuffled list)
Loading noise data from: results/noise_injection/by_dataset/cardiotocography_V27_noise0.1.csv 
Using 85 indices for  20 % of instances
Calculate prediction
Confusion matrix
Dataset: cardiotocography 
Fold: 2 
Method: multinom 
Noise level:  10 %
Percentage of altered instances:  25 %
Using 106 indices (first 106 from shuffled list)
Loading noise data from: results/noise_injection/by_dataset/cardiotocography_V27_noise0.1.csv 
Using 106 indices for  25 % of instances
Calculate prediction
Confusion matrix
Dataset: cardiotocography 
Fold: 2 
Method: multinom 
Noise level:  10 %
Percentage of altered instances:  30 %
Using 128 indices (first 128 from shuffled list)
Loading noise data from: results/noise_injection/by_dataset/cardiotocography_V27_noise0.1.csv 
Using 128 indices for  30 % of instances
Calculate prediction
Confusion matrix
Dataset: cardiotocography 
Fold: 2 
Method: multinom 
Noise level:  10 %
Percentage of altered instances:  40 %
Using 170 indices (first 170 from shuffled list)
Loading noise data from: results/noise_injection/by_dataset/cardiotocography_V27_noise0.1.csv 
Using 170 indices for  40 % of instances
Calculate prediction
Confusion matrix
Dataset: cardiotocography 
Fold: 2 
Method: multinom 
Noise level:  10 %
Percentage of altered instances:  50 %
Using 213 indices (first 213 from shuffled list)
Loading noise data from: results/noise_injection/by_dataset/cardiotocography_V27_noise0.1.csv 
Using 213 indices for  50 % of instances
Calculate prediction
Confusion matrix
Dataset: cardiotocography 
Fold: 2 
Method: multinom 
Noise level:  10 %
Percentage of altered instances:  60 %
Using 256 indices (first 256 from shuffled list)
Loading noise data from: results/noise_injection/by_dataset/cardiotocography_V27_noise0.1.csv 
Using 256 indices for  60 % of instances
Calculate prediction
Confusion matrix
Dataset: cardiotocography 
Fold: 2 
Method: multinom 
Noise level:  10 %
Percentage of altered instances:  70 %
Using 298 indices (first 298 from shuffled list)
Loading noise data from: results/noise_injection/by_dataset/cardiotocography_V27_noise0.1.csv 
Using 298 indices for  70 % of instances
Calculate prediction
Confusion matrix
Dataset: cardiotocography 
Fold: 2 
Method: multinom 
Noise level:  10 %
Percentage of altered instances:  75 %
Using 320 indices (first 320 from shuffled list)
Loading noise data from: results/noise_injection/by_dataset/cardiotocography_V27_noise0.1.csv 
Using 320 indices for  75 % of instances
Calculate prediction
Confusion matrix
Dataset: cardiotocography 
Fold: 2 
Method: multinom 
Noise level:  10 %
Percentage of altered instances:  80 %
Using 341 indices (first 341 from shuffled list)
Loading noise data from: results/noise_injection/by_dataset/cardiotocography_V27_noise0.1.csv 
Using 341 indices for  80 % of instances
Calculate prediction
Confusion matrix
Dataset: cardiotocography 
Fold: 2 
Method: multinom 
Noise level:  10 %
Percentage of altered instances:  90 %
Using 383 indices (first 383 from shuffled list)
Loading noise data from: results/noise_injection/by_dataset/cardiotocography_V27_noise0.1.csv 
Using 383 indices for  90 % of instances
Calculate prediction
Confusion matrix
Dataset: cardiotocography 
Fold: 2 
Method: multinom 
Noise level:  10 %
Percentage of altered instances:  100 %
Using 426 indices (first 426 from shuffled list)
Loading noise data from: results/noise_injection/by_dataset/cardiotocography_V27_noise0.1.csv 
Using 426 indices for  100 % of instances
Calculate prediction
Confusion matrix

=== Training model with 20 % noise in training data ===
Critical percentage for training noise: 100 %
Loading training noise data from: results/noise_injection/by_dataset/cardiotocography_V27_noise0.2.csv 
Altering 1700 out of 1700 training instances
# weights:  370 (324 variable)
initial  value 3914.394658 
iter  10 value 3388.377498
iter  20 value 2773.116099
iter  30 value 2273.705991
iter  40 value 1960.003815
iter  50 value 1674.946581
iter  60 value 1314.193300
iter  70 value 949.156244
iter  80 value 672.766781
iter  90 value 566.858614
iter 100 value 453.636279
final  value 453.636279 
stopped after 100 iterations
Dataset: cardiotocography 
Fold: 2 
Method: multinom 
Noise level:  20 %
Percentage of altered instances:  10 %
Using 43 indices (first 43 from shuffled list)
Loading noise data from: results/noise_injection/by_dataset/cardiotocography_V27_noise0.2.csv 
Using 43 indices for  10 % of instances
Calculate prediction
Confusion matrix
Dataset: cardiotocography 
Fold: 2 
Method: multinom 
Noise level:  20 %
Percentage of altered instances:  20 %
Using 85 indices (first 85 from shuffled list)
Loading noise data from: results/noise_injection/by_dataset/cardiotocography_V27_noise0.2.csv 
Using 85 indices for  20 % of instances
Calculate prediction
Confusion matrix
Dataset: cardiotocography 
Fold: 2 
Method: multinom 
Noise level:  20 %
Percentage of altered instances:  25 %
Using 106 indices (first 106 from shuffled list)
Loading noise data from: results/noise_injection/by_dataset/cardiotocography_V27_noise0.2.csv 
Using 106 indices for  25 % of instances
Calculate prediction
Confusion matrix
Dataset: cardiotocography 
Fold: 2 
Method: multinom 
Noise level:  20 %
Percentage of altered instances:  30 %
Using 128 indices (first 128 from shuffled list)
Loading noise data from: results/noise_injection/by_dataset/cardiotocography_V27_noise0.2.csv 
Using 128 indices for  30 % of instances
Calculate prediction
Confusion matrix
Dataset: cardiotocography 
Fold: 2 
Method: multinom 
Noise level:  20 %
Percentage of altered instances:  40 %
Using 170 indices (first 170 from shuffled list)
Loading noise data from: results/noise_injection/by_dataset/cardiotocography_V27_noise0.2.csv 
Using 170 indices for  40 % of instances
Calculate prediction
Confusion matrix
Dataset: cardiotocography 
Fold: 2 
Method: multinom 
Noise level:  20 %
Percentage of altered instances:  50 %
Using 213 indices (first 213 from shuffled list)
Loading noise data from: results/noise_injection/by_dataset/cardiotocography_V27_noise0.2.csv 
Using 213 indices for  50 % of instances
Calculate prediction
Confusion matrix
Dataset: cardiotocography 
Fold: 2 
Method: multinom 
Noise level:  20 %
Percentage of altered instances:  60 %
Using 256 indices (first 256 from shuffled list)
Loading noise data from: results/noise_injection/by_dataset/cardiotocography_V27_noise0.2.csv 
Using 256 indices for  60 % of instances
Calculate prediction
Confusion matrix
Dataset: cardiotocography 
Fold: 2 
Method: multinom 
Noise level:  20 %
Percentage of altered instances:  70 %
Using 298 indices (first 298 from shuffled list)
Loading noise data from: results/noise_injection/by_dataset/cardiotocography_V27_noise0.2.csv 
Using 298 indices for  70 % of instances
Calculate prediction
Confusion matrix
Dataset: cardiotocography 
Fold: 2 
Method: multinom 
Noise level:  20 %
Percentage of altered instances:  75 %
Using 320 indices (first 320 from shuffled list)
Loading noise data from: results/noise_injection/by_dataset/cardiotocography_V27_noise0.2.csv 
Using 320 indices for  75 % of instances
Calculate prediction
Confusion matrix
Dataset: cardiotocography 
Fold: 2 
Method: multinom 
Noise level:  20 %
Percentage of altered instances:  80 %
Using 341 indices (first 341 from shuffled list)
Loading noise data from: results/noise_injection/by_dataset/cardiotocography_V27_noise0.2.csv 
Using 341 indices for  80 % of instances
Calculate prediction
Confusion matrix
Dataset: cardiotocography 
Fold: 2 
Method: multinom 
Noise level:  20 %
Percentage of altered instances:  90 %
Using 383 indices (first 383 from shuffled list)
Loading noise data from: results/noise_injection/by_dataset/cardiotocography_V27_noise0.2.csv 
Using 383 indices for  90 % of instances
Calculate prediction
Confusion matrix
Dataset: cardiotocography 
Fold: 2 
Method: multinom 
Noise level:  20 %
Percentage of altered instances:  100 %
Using 426 indices (first 426 from shuffled list)
Loading noise data from: results/noise_injection/by_dataset/cardiotocography_V27_noise0.2.csv 
Using 426 indices for  100 % of instances
Calculate prediction
Confusion matrix

=== Training model with 30 % noise in training data ===
Critical percentage for training noise: 100 %
Loading training noise data from: results/noise_injection/by_dataset/cardiotocography_V27_noise0.3.csv 
Altering 1700 out of 1700 training instances
# weights:  370 (324 variable)
initial  value 3914.394658 
iter  10 value 3388.377361
iter  20 value 2773.109807
iter  30 value 2273.557890
iter  40 value 1959.235323
iter  50 value 1669.912888
iter  60 value 1309.840575
iter  70 value 927.082019
iter  80 value 664.683400
iter  90 value 531.211608
iter 100 value 416.835575
final  value 416.835575 
stopped after 100 iterations
Dataset: cardiotocography 
Fold: 2 
Method: multinom 
Noise level:  30 %
Percentage of altered instances:  10 %
Using 43 indices (first 43 from shuffled list)
Loading noise data from: results/noise_injection/by_dataset/cardiotocography_V27_noise0.3.csv 
Using 43 indices for  10 % of instances
Calculate prediction
Confusion matrix
Dataset: cardiotocography 
Fold: 2 
Method: multinom 
Noise level:  30 %
Percentage of altered instances:  20 %
Using 85 indices (first 85 from shuffled list)
Loading noise data from: results/noise_injection/by_dataset/cardiotocography_V27_noise0.3.csv 
Using 85 indices for  20 % of instances
Calculate prediction
Confusion matrix
Dataset: cardiotocography 
Fold: 2 
Method: multinom 
Noise level:  30 %
Percentage of altered instances:  25 %
Using 106 indices (first 106 from shuffled list)
Loading noise data from: results/noise_injection/by_dataset/cardiotocography_V27_noise0.3.csv 
Using 106 indices for  25 % of instances
Calculate prediction
Confusion matrix
Dataset: cardiotocography 
Fold: 2 
Method: multinom 
Noise level:  30 %
Percentage of altered instances:  30 %
Using 128 indices (first 128 from shuffled list)
Loading noise data from: results/noise_injection/by_dataset/cardiotocography_V27_noise0.3.csv 
Using 128 indices for  30 % of instances
Calculate prediction
Confusion matrix
Dataset: cardiotocography 
Fold: 2 
Method: multinom 
Noise level:  30 %
Percentage of altered instances:  40 %
Using 170 indices (first 170 from shuffled list)
Loading noise data from: results/noise_injection/by_dataset/cardiotocography_V27_noise0.3.csv 
Using 170 indices for  40 % of instances
Calculate prediction
Confusion matrix
Dataset: cardiotocography 
Fold: 2 
Method: multinom 
Noise level:  30 %
Percentage of altered instances:  50 %
Using 213 indices (first 213 from shuffled list)
Loading noise data from: results/noise_injection/by_dataset/cardiotocography_V27_noise0.3.csv 
Using 213 indices for  50 % of instances
Calculate prediction
Confusion matrix
Dataset: cardiotocography 
Fold: 2 
Method: multinom 
Noise level:  30 %
Percentage of altered instances:  60 %
Using 256 indices (first 256 from shuffled list)
Loading noise data from: results/noise_injection/by_dataset/cardiotocography_V27_noise0.3.csv 
Using 256 indices for  60 % of instances
Calculate prediction
Confusion matrix
Dataset: cardiotocography 
Fold: 2 
Method: multinom 
Noise level:  30 %
Percentage of altered instances:  70 %
Using 298 indices (first 298 from shuffled list)
Loading noise data from: results/noise_injection/by_dataset/cardiotocography_V27_noise0.3.csv 
Using 298 indices for  70 % of instances
Calculate prediction
Confusion matrix
Dataset: cardiotocography 
Fold: 2 
Method: multinom 
Noise level:  30 %
Percentage of altered instances:  75 %
Using 320 indices (first 320 from shuffled list)
Loading noise data from: results/noise_injection/by_dataset/cardiotocography_V27_noise0.3.csv 
Using 320 indices for  75 % of instances
Calculate prediction
Confusion matrix
Dataset: cardiotocography 
Fold: 2 
Method: multinom 
Noise level:  30 %
Percentage of altered instances:  80 %
Using 341 indices (first 341 from shuffled list)
Loading noise data from: results/noise_injection/by_dataset/cardiotocography_V27_noise0.3.csv 
Using 341 indices for  80 % of instances
Calculate prediction
Confusion matrix
Dataset: cardiotocography 
Fold: 2 
Method: multinom 
Noise level:  30 %
Percentage of altered instances:  90 %
Using 383 indices (first 383 from shuffled list)
Loading noise data from: results/noise_injection/by_dataset/cardiotocography_V27_noise0.3.csv 
Using 383 indices for  90 % of instances
Calculate prediction
Confusion matrix
Dataset: cardiotocography 
Fold: 2 
Method: multinom 
Noise level:  30 %
Percentage of altered instances:  100 %
Using 426 indices (first 426 from shuffled list)
Loading noise data from: results/noise_injection/by_dataset/cardiotocography_V27_noise0.3.csv 
Using 426 indices for  100 % of instances
Calculate prediction
Confusion matrix
Loaded 425 indices for fold 3 from: results/instances/original/vectors/cardiotocography_multinom_all_folds.csv 

=== Training model with 10 % noise in training data ===
Critical percentage for training noise: 100 %
Loading training noise data from: results/noise_injection/by_dataset/cardiotocography_V27_noise0.1.csv 
Altering 1701 out of 1701 training instances
# weights:  370 (324 variable)
initial  value 3916.697243 
iter  10 value 3377.955831
iter  20 value 2753.175543
iter  30 value 2277.233800
iter  40 value 1990.940533
iter  50 value 1711.836187
iter  60 value 1298.133077
iter  70 value 921.011019
iter  80 value 674.522634
iter  90 value 550.245556
iter 100 value 419.437383
final  value 419.437383 
stopped after 100 iterations
Dataset: cardiotocography 
Fold: 3 
Method: multinom 
Noise level:  10 %
Percentage of altered instances:  10 %
Using 42 indices (first 42 from shuffled list)
Loading noise data from: results/noise_injection/by_dataset/cardiotocography_V27_noise0.1.csv 
Using 42 indices for  10 % of instances
Calculate prediction
Confusion matrix
Dataset: cardiotocography 
Fold: 3 
Method: multinom 
Noise level:  10 %
Percentage of altered instances:  20 %
Using 85 indices (first 85 from shuffled list)
Loading noise data from: results/noise_injection/by_dataset/cardiotocography_V27_noise0.1.csv 
Using 85 indices for  20 % of instances
Calculate prediction
Confusion matrix
Dataset: cardiotocography 
Fold: 3 
Method: multinom 
Noise level:  10 %
Percentage of altered instances:  25 %
Using 106 indices (first 106 from shuffled list)
Loading noise data from: results/noise_injection/by_dataset/cardiotocography_V27_noise0.1.csv 
Using 106 indices for  25 % of instances
Calculate prediction
Confusion matrix
Dataset: cardiotocography 
Fold: 3 
Method: multinom 
Noise level:  10 %
Percentage of altered instances:  30 %
Using 128 indices (first 128 from shuffled list)
Loading noise data from: results/noise_injection/by_dataset/cardiotocography_V27_noise0.1.csv 
Using 128 indices for  30 % of instances
Calculate prediction
Confusion matrix
Dataset: cardiotocography 
Fold: 3 
Method: multinom 
Noise level:  10 %
Percentage of altered instances:  40 %
Using 170 indices (first 170 from shuffled list)
Loading noise data from: results/noise_injection/by_dataset/cardiotocography_V27_noise0.1.csv 
Using 170 indices for  40 % of instances
Calculate prediction
Confusion matrix
Dataset: cardiotocography 
Fold: 3 
Method: multinom 
Noise level:  10 %
Percentage of altered instances:  50 %
Using 212 indices (first 212 from shuffled list)
Loading noise data from: results/noise_injection/by_dataset/cardiotocography_V27_noise0.1.csv 
Using 212 indices for  50 % of instances
Calculate prediction
Confusion matrix
Dataset: cardiotocography 
Fold: 3 
Method: multinom 
Noise level:  10 %
Percentage of altered instances:  60 %
Using 255 indices (first 255 from shuffled list)
Loading noise data from: results/noise_injection/by_dataset/cardiotocography_V27_noise0.1.csv 
Using 255 indices for  60 % of instances
Calculate prediction
Confusion matrix
Dataset: cardiotocography 
Fold: 3 
Method: multinom 
Noise level:  10 %
Percentage of altered instances:  70 %
Using 298 indices (first 298 from shuffled list)
Loading noise data from: results/noise_injection/by_dataset/cardiotocography_V27_noise0.1.csv 
Using 298 indices for  70 % of instances
Calculate prediction
Confusion matrix
Dataset: cardiotocography 
Fold: 3 
Method: multinom 
Noise level:  10 %
Percentage of altered instances:  75 %
Using 319 indices (first 319 from shuffled list)
Loading noise data from: results/noise_injection/by_dataset/cardiotocography_V27_noise0.1.csv 
Using 319 indices for  75 % of instances
Calculate prediction
Confusion matrix
Dataset: cardiotocography 
Fold: 3 
Method: multinom 
Noise level:  10 %
Percentage of altered instances:  80 %
Using 340 indices (first 340 from shuffled list)
Loading noise data from: results/noise_injection/by_dataset/cardiotocography_V27_noise0.1.csv 
Using 340 indices for  80 % of instances
Calculate prediction
Confusion matrix
Dataset: cardiotocography 
Fold: 3 
Method: multinom 
Noise level:  10 %
Percentage of altered instances:  90 %
Using 382 indices (first 382 from shuffled list)
Loading noise data from: results/noise_injection/by_dataset/cardiotocography_V27_noise0.1.csv 
Using 382 indices for  90 % of instances
Calculate prediction
Confusion matrix
Dataset: cardiotocography 
Fold: 3 
Method: multinom 
Noise level:  10 %
Percentage of altered instances:  100 %
Using 425 indices (first 425 from shuffled list)
Loading noise data from: results/noise_injection/by_dataset/cardiotocography_V27_noise0.1.csv 
Using 425 indices for  100 % of instances
Calculate prediction
Confusion matrix

=== Training model with 20 % noise in training data ===
Critical percentage for training noise: 100 %
Loading training noise data from: results/noise_injection/by_dataset/cardiotocography_V27_noise0.2.csv 
Altering 1701 out of 1701 training instances
# weights:  370 (324 variable)
initial  value 3916.697243 
iter  10 value 3377.956274
iter  20 value 2753.194437
iter  30 value 2277.435469
iter  40 value 1991.466627
iter  50 value 1714.500972
iter  60 value 1303.621461
iter  70 value 931.234712
iter  80 value 637.185914
iter  90 value 545.442903
iter 100 value 420.658867
final  value 420.658867 
stopped after 100 iterations
Dataset: cardiotocography 
Fold: 3 
Method: multinom 
Noise level:  20 %
Percentage of altered instances:  10 %
Using 42 indices (first 42 from shuffled list)
Loading noise data from: results/noise_injection/by_dataset/cardiotocography_V27_noise0.2.csv 
Using 42 indices for  10 % of instances
Calculate prediction
Confusion matrix
Dataset: cardiotocography 
Fold: 3 
Method: multinom 
Noise level:  20 %
Percentage of altered instances:  20 %
Using 85 indices (first 85 from shuffled list)
Loading noise data from: results/noise_injection/by_dataset/cardiotocography_V27_noise0.2.csv 
Using 85 indices for  20 % of instances
Calculate prediction
Confusion matrix
Dataset: cardiotocography 
Fold: 3 
Method: multinom 
Noise level:  20 %
Percentage of altered instances:  25 %
Using 106 indices (first 106 from shuffled list)
Loading noise data from: results/noise_injection/by_dataset/cardiotocography_V27_noise0.2.csv 
Using 106 indices for  25 % of instances
Calculate prediction
Confusion matrix
Dataset: cardiotocography 
Fold: 3 
Method: multinom 
Noise level:  20 %
Percentage of altered instances:  30 %
Using 128 indices (first 128 from shuffled list)
Loading noise data from: results/noise_injection/by_dataset/cardiotocography_V27_noise0.2.csv 
Using 128 indices for  30 % of instances
Calculate prediction
Confusion matrix
Dataset: cardiotocography 
Fold: 3 
Method: multinom 
Noise level:  20 %
Percentage of altered instances:  40 %
Using 170 indices (first 170 from shuffled list)
Loading noise data from: results/noise_injection/by_dataset/cardiotocography_V27_noise0.2.csv 
Using 170 indices for  40 % of instances
Calculate prediction
Confusion matrix
Dataset: cardiotocography 
Fold: 3 
Method: multinom 
Noise level:  20 %
Percentage of altered instances:  50 %
Using 212 indices (first 212 from shuffled list)
Loading noise data from: results/noise_injection/by_dataset/cardiotocography_V27_noise0.2.csv 
Using 212 indices for  50 % of instances
Calculate prediction
Confusion matrix
Dataset: cardiotocography 
Fold: 3 
Method: multinom 
Noise level:  20 %
Percentage of altered instances:  60 %
Using 255 indices (first 255 from shuffled list)
Loading noise data from: results/noise_injection/by_dataset/cardiotocography_V27_noise0.2.csv 
Using 255 indices for  60 % of instances
Calculate prediction
Confusion matrix
Dataset: cardiotocography 
Fold: 3 
Method: multinom 
Noise level:  20 %
Percentage of altered instances:  70 %
Using 298 indices (first 298 from shuffled list)
Loading noise data from: results/noise_injection/by_dataset/cardiotocography_V27_noise0.2.csv 
Using 298 indices for  70 % of instances
Calculate prediction
Confusion matrix
Dataset: cardiotocography 
Fold: 3 
Method: multinom 
Noise level:  20 %
Percentage of altered instances:  75 %
Using 319 indices (first 319 from shuffled list)
Loading noise data from: results/noise_injection/by_dataset/cardiotocography_V27_noise0.2.csv 
Using 319 indices for  75 % of instances
Calculate prediction
Confusion matrix
Dataset: cardiotocography 
Fold: 3 
Method: multinom 
Noise level:  20 %
Percentage of altered instances:  80 %
Using 340 indices (first 340 from shuffled list)
Loading noise data from: results/noise_injection/by_dataset/cardiotocography_V27_noise0.2.csv 
Using 340 indices for  80 % of instances
Calculate prediction
Confusion matrix
Dataset: cardiotocography 
Fold: 3 
Method: multinom 
Noise level:  20 %
Percentage of altered instances:  90 %
Using 382 indices (first 382 from shuffled list)
Loading noise data from: results/noise_injection/by_dataset/cardiotocography_V27_noise0.2.csv 
Using 382 indices for  90 % of instances
Calculate prediction
Confusion matrix
Dataset: cardiotocography 
Fold: 3 
Method: multinom 
Noise level:  20 %
Percentage of altered instances:  100 %
Using 425 indices (first 425 from shuffled list)
Loading noise data from: results/noise_injection/by_dataset/cardiotocography_V27_noise0.2.csv 
Using 425 indices for  100 % of instances
Calculate prediction
Confusion matrix

=== Training model with 30 % noise in training data ===
Critical percentage for training noise: 100 %
Loading training noise data from: results/noise_injection/by_dataset/cardiotocography_V27_noise0.3.csv 
Altering 1701 out of 1701 training instances
# weights:  370 (324 variable)
initial  value 3916.697243 
iter  10 value 3377.955840
iter  20 value 2753.176847
iter  30 value 2277.238458
iter  40 value 1990.943067
iter  50 value 1712.364238
iter  60 value 1309.729714
iter  70 value 945.154970
iter  80 value 650.066699
iter  90 value 584.635483
iter 100 value 466.457208
final  value 466.457208 
stopped after 100 iterations
Dataset: cardiotocography 
Fold: 3 
Method: multinom 
Noise level:  30 %
Percentage of altered instances:  10 %
Using 42 indices (first 42 from shuffled list)
Loading noise data from: results/noise_injection/by_dataset/cardiotocography_V27_noise0.3.csv 
Using 42 indices for  10 % of instances
Calculate prediction
Confusion matrix
Dataset: cardiotocography 
Fold: 3 
Method: multinom 
Noise level:  30 %
Percentage of altered instances:  20 %
Using 85 indices (first 85 from shuffled list)
Loading noise data from: results/noise_injection/by_dataset/cardiotocography_V27_noise0.3.csv 
Using 85 indices for  20 % of instances
Calculate prediction
Confusion matrix
Dataset: cardiotocography 
Fold: 3 
Method: multinom 
Noise level:  30 %
Percentage of altered instances:  25 %
Using 106 indices (first 106 from shuffled list)
Loading noise data from: results/noise_injection/by_dataset/cardiotocography_V27_noise0.3.csv 
Using 106 indices for  25 % of instances
Calculate prediction
Confusion matrix
Dataset: cardiotocography 
Fold: 3 
Method: multinom 
Noise level:  30 %
Percentage of altered instances:  30 %
Using 128 indices (first 128 from shuffled list)
Loading noise data from: results/noise_injection/by_dataset/cardiotocography_V27_noise0.3.csv 
Using 128 indices for  30 % of instances
Calculate prediction
Confusion matrix
Dataset: cardiotocography 
Fold: 3 
Method: multinom 
Noise level:  30 %
Percentage of altered instances:  40 %
Using 170 indices (first 170 from shuffled list)
Loading noise data from: results/noise_injection/by_dataset/cardiotocography_V27_noise0.3.csv 
Using 170 indices for  40 % of instances
Calculate prediction
Confusion matrix
Dataset: cardiotocography 
Fold: 3 
Method: multinom 
Noise level:  30 %
Percentage of altered instances:  50 %
Using 212 indices (first 212 from shuffled list)
Loading noise data from: results/noise_injection/by_dataset/cardiotocography_V27_noise0.3.csv 
Using 212 indices for  50 % of instances
Calculate prediction
Confusion matrix
Dataset: cardiotocography 
Fold: 3 
Method: multinom 
Noise level:  30 %
Percentage of altered instances:  60 %
Using 255 indices (first 255 from shuffled list)
Loading noise data from: results/noise_injection/by_dataset/cardiotocography_V27_noise0.3.csv 
Using 255 indices for  60 % of instances
Calculate prediction
Confusion matrix
Dataset: cardiotocography 
Fold: 3 
Method: multinom 
Noise level:  30 %
Percentage of altered instances:  70 %
Using 298 indices (first 298 from shuffled list)
Loading noise data from: results/noise_injection/by_dataset/cardiotocography_V27_noise0.3.csv 
Using 298 indices for  70 % of instances
Calculate prediction
Confusion matrix
Dataset: cardiotocography 
Fold: 3 
Method: multinom 
Noise level:  30 %
Percentage of altered instances:  75 %
Using 319 indices (first 319 from shuffled list)
Loading noise data from: results/noise_injection/by_dataset/cardiotocography_V27_noise0.3.csv 
Using 319 indices for  75 % of instances
Calculate prediction
Confusion matrix
Dataset: cardiotocography 
Fold: 3 
Method: multinom 
Noise level:  30 %
Percentage of altered instances:  80 %
Using 340 indices (first 340 from shuffled list)
Loading noise data from: results/noise_injection/by_dataset/cardiotocography_V27_noise0.3.csv 
Using 340 indices for  80 % of instances
Calculate prediction
Confusion matrix
Dataset: cardiotocography 
Fold: 3 
Method: multinom 
Noise level:  30 %
Percentage of altered instances:  90 %
Using 382 indices (first 382 from shuffled list)
Loading noise data from: results/noise_injection/by_dataset/cardiotocography_V27_noise0.3.csv 
Using 382 indices for  90 % of instances
Calculate prediction
Confusion matrix
Dataset: cardiotocography 
Fold: 3 
Method: multinom 
Noise level:  30 %
Percentage of altered instances:  100 %
Using 425 indices (first 425 from shuffled list)
Loading noise data from: results/noise_injection/by_dataset/cardiotocography_V27_noise0.3.csv 
Using 425 indices for  100 % of instances
Calculate prediction
Confusion matrix
Loaded 427 indices for fold 4 from: results/instances/original/vectors/cardiotocography_multinom_all_folds.csv 

=== Training model with 10 % noise in training data ===
Critical percentage for training noise: 100 %
Loading training noise data from: results/noise_injection/by_dataset/cardiotocography_V27_noise0.1.csv 
Altering 1699 out of 1699 training instances
# weights:  370 (324 variable)
initial  value 3912.092073 
iter  10 value 3354.535193
iter  20 value 2669.326763
iter  30 value 2309.450170
iter  40 value 1981.994303
iter  50 value 1681.919612
iter  60 value 1329.841540
iter  70 value 943.761174
iter  80 value 703.974046
iter  90 value 636.709346
iter 100 value 495.255972
final  value 495.255972 
stopped after 100 iterations
Dataset: cardiotocography 
Fold: 4 
Method: multinom 
Noise level:  10 %
Percentage of altered instances:  10 %
Using 43 indices (first 43 from shuffled list)
Loading noise data from: results/noise_injection/by_dataset/cardiotocography_V27_noise0.1.csv 
Using 43 indices for  10 % of instances
Calculate prediction
Confusion matrix
Dataset: cardiotocography 
Fold: 4 
Method: multinom 
Noise level:  10 %
Percentage of altered instances:  20 %
Using 85 indices (first 85 from shuffled list)
Loading noise data from: results/noise_injection/by_dataset/cardiotocography_V27_noise0.1.csv 
Using 85 indices for  20 % of instances
Calculate prediction
Confusion matrix
Dataset: cardiotocography 
Fold: 4 
Method: multinom 
Noise level:  10 %
Percentage of altered instances:  25 %
Using 107 indices (first 107 from shuffled list)
Loading noise data from: results/noise_injection/by_dataset/cardiotocography_V27_noise0.1.csv 
Using 107 indices for  25 % of instances
Calculate prediction
Confusion matrix
Dataset: cardiotocography 
Fold: 4 
Method: multinom 
Noise level:  10 %
Percentage of altered instances:  30 %
Using 128 indices (first 128 from shuffled list)
Loading noise data from: results/noise_injection/by_dataset/cardiotocography_V27_noise0.1.csv 
Using 128 indices for  30 % of instances
Calculate prediction
Confusion matrix
Dataset: cardiotocography 
Fold: 4 
Method: multinom 
Noise level:  10 %
Percentage of altered instances:  40 %
Using 171 indices (first 171 from shuffled list)
Loading noise data from: results/noise_injection/by_dataset/cardiotocography_V27_noise0.1.csv 
Using 171 indices for  40 % of instances
Calculate prediction
Confusion matrix
Dataset: cardiotocography 
Fold: 4 
Method: multinom 
Noise level:  10 %
Percentage of altered instances:  50 %
Using 214 indices (first 214 from shuffled list)
Loading noise data from: results/noise_injection/by_dataset/cardiotocography_V27_noise0.1.csv 
Using 214 indices for  50 % of instances
Calculate prediction
Confusion matrix
Dataset: cardiotocography 
Fold: 4 
Method: multinom 
Noise level:  10 %
Percentage of altered instances:  60 %
Using 256 indices (first 256 from shuffled list)
Loading noise data from: results/noise_injection/by_dataset/cardiotocography_V27_noise0.1.csv 
Using 256 indices for  60 % of instances
Calculate prediction
Confusion matrix
Dataset: cardiotocography 
Fold: 4 
Method: multinom 
Noise level:  10 %
Percentage of altered instances:  70 %
Using 299 indices (first 299 from shuffled list)
Loading noise data from: results/noise_injection/by_dataset/cardiotocography_V27_noise0.1.csv 
Using 299 indices for  70 % of instances
Calculate prediction
Confusion matrix
Dataset: cardiotocography 
Fold: 4 
Method: multinom 
Noise level:  10 %
Percentage of altered instances:  75 %
Using 320 indices (first 320 from shuffled list)
Loading noise data from: results/noise_injection/by_dataset/cardiotocography_V27_noise0.1.csv 
Using 320 indices for  75 % of instances
Calculate prediction
Confusion matrix
Dataset: cardiotocography 
Fold: 4 
Method: multinom 
Noise level:  10 %
Percentage of altered instances:  80 %
Using 342 indices (first 342 from shuffled list)
Loading noise data from: results/noise_injection/by_dataset/cardiotocography_V27_noise0.1.csv 
Using 342 indices for  80 % of instances
Calculate prediction
Confusion matrix
Dataset: cardiotocography 
Fold: 4 
Method: multinom 
Noise level:  10 %
Percentage of altered instances:  90 %
Using 384 indices (first 384 from shuffled list)
Loading noise data from: results/noise_injection/by_dataset/cardiotocography_V27_noise0.1.csv 
Using 384 indices for  90 % of instances
Calculate prediction
Confusion matrix
Dataset: cardiotocography 
Fold: 4 
Method: multinom 
Noise level:  10 %
Percentage of altered instances:  100 %
Using 427 indices (first 427 from shuffled list)
Loading noise data from: results/noise_injection/by_dataset/cardiotocography_V27_noise0.1.csv 
Using 427 indices for  100 % of instances
Calculate prediction
Confusion matrix

=== Training model with 20 % noise in training data ===
Critical percentage for training noise: 100 %
Loading training noise data from: results/noise_injection/by_dataset/cardiotocography_V27_noise0.2.csv 
Altering 1699 out of 1699 training instances
# weights:  370 (324 variable)
initial  value 3912.092073 
iter  10 value 3354.535509
iter  20 value 2669.337588
iter  30 value 2309.454776
iter  40 value 1982.348906
iter  50 value 1643.858351
iter  60 value 1304.893034
iter  70 value 924.682105
iter  80 value 696.756215
iter  90 value 620.260137
iter 100 value 474.435681
final  value 474.435681 
stopped after 100 iterations
Dataset: cardiotocography 
Fold: 4 
Method: multinom 
Noise level:  20 %
Percentage of altered instances:  10 %
Using 43 indices (first 43 from shuffled list)
Loading noise data from: results/noise_injection/by_dataset/cardiotocography_V27_noise0.2.csv 
Using 43 indices for  10 % of instances
Calculate prediction
Confusion matrix
Dataset: cardiotocography 
Fold: 4 
Method: multinom 
Noise level:  20 %
Percentage of altered instances:  20 %
Using 85 indices (first 85 from shuffled list)
Loading noise data from: results/noise_injection/by_dataset/cardiotocography_V27_noise0.2.csv 
Using 85 indices for  20 % of instances
Calculate prediction
Confusion matrix
Dataset: cardiotocography 
Fold: 4 
Method: multinom 
Noise level:  20 %
Percentage of altered instances:  25 %
Using 107 indices (first 107 from shuffled list)
Loading noise data from: results/noise_injection/by_dataset/cardiotocography_V27_noise0.2.csv 
Using 107 indices for  25 % of instances
Calculate prediction
Confusion matrix
Dataset: cardiotocography 
Fold: 4 
Method: multinom 
Noise level:  20 %
Percentage of altered instances:  30 %
Using 128 indices (first 128 from shuffled list)
Loading noise data from: results/noise_injection/by_dataset/cardiotocography_V27_noise0.2.csv 
Using 128 indices for  30 % of instances
Calculate prediction
Confusion matrix
Dataset: cardiotocography 
Fold: 4 
Method: multinom 
Noise level:  20 %
Percentage of altered instances:  40 %
Using 171 indices (first 171 from shuffled list)
Loading noise data from: results/noise_injection/by_dataset/cardiotocography_V27_noise0.2.csv 
Using 171 indices for  40 % of instances
Calculate prediction
Confusion matrix
Dataset: cardiotocography 
Fold: 4 
Method: multinom 
Noise level:  20 %
Percentage of altered instances:  50 %
Using 214 indices (first 214 from shuffled list)
Loading noise data from: results/noise_injection/by_dataset/cardiotocography_V27_noise0.2.csv 
Using 214 indices for  50 % of instances
Calculate prediction
Confusion matrix
Dataset: cardiotocography 
Fold: 4 
Method: multinom 
Noise level:  20 %
Percentage of altered instances:  60 %
Using 256 indices (first 256 from shuffled list)
Loading noise data from: results/noise_injection/by_dataset/cardiotocography_V27_noise0.2.csv 
Using 256 indices for  60 % of instances
Calculate prediction
Confusion matrix
Dataset: cardiotocography 
Fold: 4 
Method: multinom 
Noise level:  20 %
Percentage of altered instances:  70 %
Using 299 indices (first 299 from shuffled list)
Loading noise data from: results/noise_injection/by_dataset/cardiotocography_V27_noise0.2.csv 
Using 299 indices for  70 % of instances
Calculate prediction
Confusion matrix
Dataset: cardiotocography 
Fold: 4 
Method: multinom 
Noise level:  20 %
Percentage of altered instances:  75 %
Using 320 indices (first 320 from shuffled list)
Loading noise data from: results/noise_injection/by_dataset/cardiotocography_V27_noise0.2.csv 
Using 320 indices for  75 % of instances
Calculate prediction
Confusion matrix
Dataset: cardiotocography 
Fold: 4 
Method: multinom 
Noise level:  20 %
Percentage of altered instances:  80 %
Using 342 indices (first 342 from shuffled list)
Loading noise data from: results/noise_injection/by_dataset/cardiotocography_V27_noise0.2.csv 
Using 342 indices for  80 % of instances
Calculate prediction
Confusion matrix
Dataset: cardiotocography 
Fold: 4 
Method: multinom 
Noise level:  20 %
Percentage of altered instances:  90 %
Using 384 indices (first 384 from shuffled list)
Loading noise data from: results/noise_injection/by_dataset/cardiotocography_V27_noise0.2.csv 
Using 384 indices for  90 % of instances
Calculate prediction
Confusion matrix
Dataset: cardiotocography 
Fold: 4 
Method: multinom 
Noise level:  20 %
Percentage of altered instances:  100 %
Using 427 indices (first 427 from shuffled list)
Loading noise data from: results/noise_injection/by_dataset/cardiotocography_V27_noise0.2.csv 
Using 427 indices for  100 % of instances
Calculate prediction
Confusion matrix

=== Training model with 30 % noise in training data ===
Critical percentage for training noise: 100 %
Loading training noise data from: results/noise_injection/by_dataset/cardiotocography_V27_noise0.3.csv 
Altering 1699 out of 1699 training instances
# weights:  370 (324 variable)
initial  value 3912.092073 
iter  10 value 3354.535112
iter  20 value 2669.325236
iter  30 value 2309.476175
iter  40 value 1982.078885
iter  50 value 1678.623277
iter  60 value 1327.771408
iter  70 value 946.386458
iter  80 value 743.482273
iter  90 value 667.142864
iter 100 value 494.317347
final  value 494.317347 
stopped after 100 iterations
Dataset: cardiotocography 
Fold: 4 
Method: multinom 
Noise level:  30 %
Percentage of altered instances:  10 %
Using 43 indices (first 43 from shuffled list)
Loading noise data from: results/noise_injection/by_dataset/cardiotocography_V27_noise0.3.csv 
Using 43 indices for  10 % of instances
Calculate prediction
Confusion matrix
Dataset: cardiotocography 
Fold: 4 
Method: multinom 
Noise level:  30 %
Percentage of altered instances:  20 %
Using 85 indices (first 85 from shuffled list)
Loading noise data from: results/noise_injection/by_dataset/cardiotocography_V27_noise0.3.csv 
Using 85 indices for  20 % of instances
Calculate prediction
Confusion matrix
Dataset: cardiotocography 
Fold: 4 
Method: multinom 
Noise level:  30 %
Percentage of altered instances:  25 %
Using 107 indices (first 107 from shuffled list)
Loading noise data from: results/noise_injection/by_dataset/cardiotocography_V27_noise0.3.csv 
Using 107 indices for  25 % of instances
Calculate prediction
Confusion matrix
Dataset: cardiotocography 
Fold: 4 
Method: multinom 
Noise level:  30 %
Percentage of altered instances:  30 %
Using 128 indices (first 128 from shuffled list)
Loading noise data from: results/noise_injection/by_dataset/cardiotocography_V27_noise0.3.csv 
Using 128 indices for  30 % of instances
Calculate prediction
Confusion matrix
Dataset: cardiotocography 
Fold: 4 
Method: multinom 
Noise level:  30 %
Percentage of altered instances:  40 %
Using 171 indices (first 171 from shuffled list)
Loading noise data from: results/noise_injection/by_dataset/cardiotocography_V27_noise0.3.csv 
Using 171 indices for  40 % of instances
Calculate prediction
Confusion matrix
Dataset: cardiotocography 
Fold: 4 
Method: multinom 
Noise level:  30 %
Percentage of altered instances:  50 %
Using 214 indices (first 214 from shuffled list)
Loading noise data from: results/noise_injection/by_dataset/cardiotocography_V27_noise0.3.csv 
Using 214 indices for  50 % of instances
Calculate prediction
Confusion matrix
Dataset: cardiotocography 
Fold: 4 
Method: multinom 
Noise level:  30 %
Percentage of altered instances:  60 %
Using 256 indices (first 256 from shuffled list)
Loading noise data from: results/noise_injection/by_dataset/cardiotocography_V27_noise0.3.csv 
Using 256 indices for  60 % of instances
Calculate prediction
Confusion matrix
Dataset: cardiotocography 
Fold: 4 
Method: multinom 
Noise level:  30 %
Percentage of altered instances:  70 %
Using 299 indices (first 299 from shuffled list)
Loading noise data from: results/noise_injection/by_dataset/cardiotocography_V27_noise0.3.csv 
Using 299 indices for  70 % of instances
Calculate prediction
Confusion matrix
Dataset: cardiotocography 
Fold: 4 
Method: multinom 
Noise level:  30 %
Percentage of altered instances:  75 %
Using 320 indices (first 320 from shuffled list)
Loading noise data from: results/noise_injection/by_dataset/cardiotocography_V27_noise0.3.csv 
Using 320 indices for  75 % of instances
Calculate prediction
Confusion matrix
Dataset: cardiotocography 
Fold: 4 
Method: multinom 
Noise level:  30 %
Percentage of altered instances:  80 %
Using 342 indices (first 342 from shuffled list)
Loading noise data from: results/noise_injection/by_dataset/cardiotocography_V27_noise0.3.csv 
Using 342 indices for  80 % of instances
Calculate prediction
Confusion matrix
Dataset: cardiotocography 
Fold: 4 
Method: multinom 
Noise level:  30 %
Percentage of altered instances:  90 %
Using 384 indices (first 384 from shuffled list)
Loading noise data from: results/noise_injection/by_dataset/cardiotocography_V27_noise0.3.csv 
Using 384 indices for  90 % of instances
Calculate prediction
Confusion matrix
Dataset: cardiotocography 
Fold: 4 
Method: multinom 
Noise level:  30 %
Percentage of altered instances:  100 %
Using 427 indices (first 427 from shuffled list)
Loading noise data from: results/noise_injection/by_dataset/cardiotocography_V27_noise0.3.csv 
Using 427 indices for  100 % of instances
Calculate prediction
Confusion matrix
Loaded 424 indices for fold 5 from: results/instances/original/vectors/cardiotocography_multinom_all_folds.csv 

=== Training model with 10 % noise in training data ===
Critical percentage for training noise: 100 %
Loading training noise data from: results/noise_injection/by_dataset/cardiotocography_V27_noise0.1.csv 
Altering 1702 out of 1702 training instances
# weights:  370 (324 variable)
initial  value 3918.999828 
iter  10 value 3372.323541
iter  20 value 2694.973858
iter  30 value 2270.473052
iter  40 value 1991.844884
iter  50 value 1758.410879
iter  60 value 1413.427163
iter  70 value 1015.736748
iter  80 value 687.335018
iter  90 value 562.847151
iter 100 value 460.992318
final  value 460.992318 
stopped after 100 iterations
Dataset: cardiotocography 
Fold: 5 
Method: multinom 
Noise level:  10 %
Percentage of altered instances:  10 %
Using 42 indices (first 42 from shuffled list)
Loading noise data from: results/noise_injection/by_dataset/cardiotocography_V27_noise0.1.csv 
Using 42 indices for  10 % of instances
Calculate prediction
Confusion matrix
Dataset: cardiotocography 
Fold: 5 
Method: multinom 
Noise level:  10 %
Percentage of altered instances:  20 %
Using 85 indices (first 85 from shuffled list)
Loading noise data from: results/noise_injection/by_dataset/cardiotocography_V27_noise0.1.csv 
Using 85 indices for  20 % of instances
Calculate prediction
Confusion matrix
Dataset: cardiotocography 
Fold: 5 
Method: multinom 
Noise level:  10 %
Percentage of altered instances:  25 %
Using 106 indices (first 106 from shuffled list)
Loading noise data from: results/noise_injection/by_dataset/cardiotocography_V27_noise0.1.csv 
Using 106 indices for  25 % of instances
Calculate prediction
Confusion matrix
Dataset: cardiotocography 
Fold: 5 
Method: multinom 
Noise level:  10 %
Percentage of altered instances:  30 %
Using 127 indices (first 127 from shuffled list)
Loading noise data from: results/noise_injection/by_dataset/cardiotocography_V27_noise0.1.csv 
Using 127 indices for  30 % of instances
Calculate prediction
Confusion matrix
Dataset: cardiotocography 
Fold: 5 
Method: multinom 
Noise level:  10 %
Percentage of altered instances:  40 %
Using 170 indices (first 170 from shuffled list)
Loading noise data from: results/noise_injection/by_dataset/cardiotocography_V27_noise0.1.csv 
Using 170 indices for  40 % of instances
Calculate prediction
Confusion matrix
Dataset: cardiotocography 
Fold: 5 
Method: multinom 
Noise level:  10 %
Percentage of altered instances:  50 %
Using 212 indices (first 212 from shuffled list)
Loading noise data from: results/noise_injection/by_dataset/cardiotocography_V27_noise0.1.csv 
Using 212 indices for  50 % of instances
Calculate prediction
Confusion matrix
Dataset: cardiotocography 
Fold: 5 
Method: multinom 
Noise level:  10 %
Percentage of altered instances:  60 %
Using 254 indices (first 254 from shuffled list)
Loading noise data from: results/noise_injection/by_dataset/cardiotocography_V27_noise0.1.csv 
Using 254 indices for  60 % of instances
Calculate prediction
Confusion matrix
Dataset: cardiotocography 
Fold: 5 
Method: multinom 
Noise level:  10 %
Percentage of altered instances:  70 %
Using 297 indices (first 297 from shuffled list)
Loading noise data from: results/noise_injection/by_dataset/cardiotocography_V27_noise0.1.csv 
Using 297 indices for  70 % of instances
Calculate prediction
Confusion matrix
Dataset: cardiotocography 
Fold: 5 
Method: multinom 
Noise level:  10 %
Percentage of altered instances:  75 %
Using 318 indices (first 318 from shuffled list)
Loading noise data from: results/noise_injection/by_dataset/cardiotocography_V27_noise0.1.csv 
Using 318 indices for  75 % of instances
Calculate prediction
Confusion matrix
Dataset: cardiotocography 
Fold: 5 
Method: multinom 
Noise level:  10 %
Percentage of altered instances:  80 %
Using 339 indices (first 339 from shuffled list)
Loading noise data from: results/noise_injection/by_dataset/cardiotocography_V27_noise0.1.csv 
Using 339 indices for  80 % of instances
Calculate prediction
Confusion matrix
Dataset: cardiotocography 
Fold: 5 
Method: multinom 
Noise level:  10 %
Percentage of altered instances:  90 %
Using 382 indices (first 382 from shuffled list)
Loading noise data from: results/noise_injection/by_dataset/cardiotocography_V27_noise0.1.csv 
Using 382 indices for  90 % of instances
Calculate prediction
Confusion matrix
Dataset: cardiotocography 
Fold: 5 
Method: multinom 
Noise level:  10 %
Percentage of altered instances:  100 %
Using 424 indices (first 424 from shuffled list)
Loading noise data from: results/noise_injection/by_dataset/cardiotocography_V27_noise0.1.csv 
Using 424 indices for  100 % of instances
Calculate prediction
Confusion matrix

=== Training model with 20 % noise in training data ===
Critical percentage for training noise: 100 %
Loading training noise data from: results/noise_injection/by_dataset/cardiotocography_V27_noise0.2.csv 
Altering 1702 out of 1702 training instances
# weights:  370 (324 variable)
initial  value 3918.999828 
iter  10 value 3372.323895
iter  20 value 2694.989938
iter  30 value 2270.699030
iter  40 value 1992.558963
iter  50 value 1764.850986
iter  60 value 1417.734622
iter  70 value 1074.846061
iter  80 value 791.349095
iter  90 value 694.346695
iter 100 value 542.848786
final  value 542.848786 
stopped after 100 iterations
Dataset: cardiotocography 
Fold: 5 
Method: multinom 
Noise level:  20 %
Percentage of altered instances:  10 %
Using 42 indices (first 42 from shuffled list)
Loading noise data from: results/noise_injection/by_dataset/cardiotocography_V27_noise0.2.csv 
Using 42 indices for  10 % of instances
Calculate prediction
Confusion matrix
Dataset: cardiotocography 
Fold: 5 
Method: multinom 
Noise level:  20 %
Percentage of altered instances:  20 %
Using 85 indices (first 85 from shuffled list)
Loading noise data from: results/noise_injection/by_dataset/cardiotocography_V27_noise0.2.csv 
Using 85 indices for  20 % of instances
Calculate prediction
Confusion matrix
Dataset: cardiotocography 
Fold: 5 
Method: multinom 
Noise level:  20 %
Percentage of altered instances:  25 %
Using 106 indices (first 106 from shuffled list)
Loading noise data from: results/noise_injection/by_dataset/cardiotocography_V27_noise0.2.csv 
Using 106 indices for  25 % of instances
Calculate prediction
Confusion matrix
Dataset: cardiotocography 
Fold: 5 
Method: multinom 
Noise level:  20 %
Percentage of altered instances:  30 %
Using 127 indices (first 127 from shuffled list)
Loading noise data from: results/noise_injection/by_dataset/cardiotocography_V27_noise0.2.csv 
Using 127 indices for  30 % of instances
Calculate prediction
Confusion matrix
Dataset: cardiotocography 
Fold: 5 
Method: multinom 
Noise level:  20 %
Percentage of altered instances:  40 %
Using 170 indices (first 170 from shuffled list)
Loading noise data from: results/noise_injection/by_dataset/cardiotocography_V27_noise0.2.csv 
Using 170 indices for  40 % of instances
Calculate prediction
Confusion matrix
Dataset: cardiotocography 
Fold: 5 
Method: multinom 
Noise level:  20 %
Percentage of altered instances:  50 %
Using 212 indices (first 212 from shuffled list)
Loading noise data from: results/noise_injection/by_dataset/cardiotocography_V27_noise0.2.csv 
Using 212 indices for  50 % of instances
Calculate prediction
Confusion matrix
Dataset: cardiotocography 
Fold: 5 
Method: multinom 
Noise level:  20 %
Percentage of altered instances:  60 %
Using 254 indices (first 254 from shuffled list)
Loading noise data from: results/noise_injection/by_dataset/cardiotocography_V27_noise0.2.csv 
Using 254 indices for  60 % of instances
Calculate prediction
Confusion matrix
Dataset: cardiotocography 
Fold: 5 
Method: multinom 
Noise level:  20 %
Percentage of altered instances:  70 %
Using 297 indices (first 297 from shuffled list)
Loading noise data from: results/noise_injection/by_dataset/cardiotocography_V27_noise0.2.csv 
Using 297 indices for  70 % of instances
Calculate prediction
Confusion matrix
Dataset: cardiotocography 
Fold: 5 
Method: multinom 
Noise level:  20 %
Percentage of altered instances:  75 %
Using 318 indices (first 318 from shuffled list)
Loading noise data from: results/noise_injection/by_dataset/cardiotocography_V27_noise0.2.csv 
Using 318 indices for  75 % of instances
Calculate prediction
Confusion matrix
Dataset: cardiotocography 
Fold: 5 
Method: multinom 
Noise level:  20 %
Percentage of altered instances:  80 %
Using 339 indices (first 339 from shuffled list)
Loading noise data from: results/noise_injection/by_dataset/cardiotocography_V27_noise0.2.csv 
Using 339 indices for  80 % of instances
Calculate prediction
Confusion matrix
Dataset: cardiotocography 
Fold: 5 
Method: multinom 
Noise level:  20 %
Percentage of altered instances:  90 %
Using 382 indices (first 382 from shuffled list)
Loading noise data from: results/noise_injection/by_dataset/cardiotocography_V27_noise0.2.csv 
Using 382 indices for  90 % of instances
Calculate prediction
Confusion matrix
Dataset: cardiotocography 
Fold: 5 
Method: multinom 
Noise level:  20 %
Percentage of altered instances:  100 %
Using 424 indices (first 424 from shuffled list)
Loading noise data from: results/noise_injection/by_dataset/cardiotocography_V27_noise0.2.csv 
Using 424 indices for  100 % of instances
Calculate prediction
Confusion matrix

=== Training model with 30 % noise in training data ===
Critical percentage for training noise: 100 %
Loading training noise data from: results/noise_injection/by_dataset/cardiotocography_V27_noise0.3.csv 
Altering 1702 out of 1702 training instances
# weights:  370 (324 variable)
initial  value 3918.999828 
iter  10 value 3372.323263
iter  20 value 2694.970298
iter  30 value 2270.368313
iter  40 value 1990.222303
iter  50 value 1760.352058
iter  60 value 1363.777758
iter  70 value 981.246818
iter  80 value 694.447403
iter  90 value 578.955733
iter 100 value 448.088200
final  value 448.088200 
stopped after 100 iterations
Dataset: cardiotocography 
Fold: 5 
Method: multinom 
Noise level:  30 %
Percentage of altered instances:  10 %
Using 42 indices (first 42 from shuffled list)
Loading noise data from: results/noise_injection/by_dataset/cardiotocography_V27_noise0.3.csv 
Using 42 indices for  10 % of instances
Calculate prediction
Confusion matrix
Dataset: cardiotocography 
Fold: 5 
Method: multinom 
Noise level:  30 %
Percentage of altered instances:  20 %
Using 85 indices (first 85 from shuffled list)
Loading noise data from: results/noise_injection/by_dataset/cardiotocography_V27_noise0.3.csv 
Using 85 indices for  20 % of instances
Calculate prediction
Confusion matrix
Dataset: cardiotocography 
Fold: 5 
Method: multinom 
Noise level:  30 %
Percentage of altered instances:  25 %
Using 106 indices (first 106 from shuffled list)
Loading noise data from: results/noise_injection/by_dataset/cardiotocography_V27_noise0.3.csv 
Using 106 indices for  25 % of instances
Calculate prediction
Confusion matrix
Dataset: cardiotocography 
Fold: 5 
Method: multinom 
Noise level:  30 %
Percentage of altered instances:  30 %
Using 127 indices (first 127 from shuffled list)
Loading noise data from: results/noise_injection/by_dataset/cardiotocography_V27_noise0.3.csv 
Using 127 indices for  30 % of instances
Calculate prediction
Confusion matrix
Dataset: cardiotocography 
Fold: 5 
Method: multinom 
Noise level:  30 %
Percentage of altered instances:  40 %
Using 170 indices (first 170 from shuffled list)
Loading noise data from: results/noise_injection/by_dataset/cardiotocography_V27_noise0.3.csv 
Using 170 indices for  40 % of instances
Calculate prediction
Confusion matrix
Dataset: cardiotocography 
Fold: 5 
Method: multinom 
Noise level:  30 %
Percentage of altered instances:  50 %
Using 212 indices (first 212 from shuffled list)
Loading noise data from: results/noise_injection/by_dataset/cardiotocography_V27_noise0.3.csv 
Using 212 indices for  50 % of instances
Calculate prediction
Confusion matrix
Dataset: cardiotocography 
Fold: 5 
Method: multinom 
Noise level:  30 %
Percentage of altered instances:  60 %
Using 254 indices (first 254 from shuffled list)
Loading noise data from: results/noise_injection/by_dataset/cardiotocography_V27_noise0.3.csv 
Using 254 indices for  60 % of instances
Calculate prediction
Confusion matrix
Dataset: cardiotocography 
Fold: 5 
Method: multinom 
Noise level:  30 %
Percentage of altered instances:  70 %
Using 297 indices (first 297 from shuffled list)
Loading noise data from: results/noise_injection/by_dataset/cardiotocography_V27_noise0.3.csv 
Using 297 indices for  70 % of instances
Calculate prediction
Confusion matrix
Dataset: cardiotocography 
Fold: 5 
Method: multinom 
Noise level:  30 %
Percentage of altered instances:  75 %
Using 318 indices (first 318 from shuffled list)
Loading noise data from: results/noise_injection/by_dataset/cardiotocography_V27_noise0.3.csv 
Using 318 indices for  75 % of instances
Calculate prediction
Confusion matrix
Dataset: cardiotocography 
Fold: 5 
Method: multinom 
Noise level:  30 %
Percentage of altered instances:  80 %
Using 339 indices (first 339 from shuffled list)
Loading noise data from: results/noise_injection/by_dataset/cardiotocography_V27_noise0.3.csv 
Using 339 indices for  80 % of instances
Calculate prediction
Confusion matrix
Dataset: cardiotocography 
Fold: 5 
Method: multinom 
Noise level:  30 %
Percentage of altered instances:  90 %
Using 382 indices (first 382 from shuffled list)
Loading noise data from: results/noise_injection/by_dataset/cardiotocography_V27_noise0.3.csv 
Using 382 indices for  90 % of instances
Calculate prediction
Confusion matrix
Dataset: cardiotocography 
Fold: 5 
Method: multinom 
Noise level:  30 %
Percentage of altered instances:  100 %
Using 424 indices (first 424 from shuffled list)
Loading noise data from: results/noise_injection/by_dataset/cardiotocography_V27_noise0.3.csv 
Using 424 indices for  100 % of instances
Calculate prediction
Confusion matrix
Saved results to: results/instances/train_noise/by_dataset/cardiotocography_multinom_results.csv 
----------------
****************************
Instances altered with noise
****************************
