Current working directory: /home/chris/github/kappa-threshold 
parameters.csv exists: TRUE 
parameters.csv absolute path: /home/chris/github/kappa-threshold/data/files/parameters.csv 
Processing model: multinom for dataset: cmc 
Loaded 295 indices for fold 1 from: results/instances/original/vectors/cmc_multinom_all_folds.csv 

=== Training model with 10 % noise in training data ===
Critical percentage for training noise: 100 %
Loading training noise data from: results/noise_injection/by_dataset/cmc_Number_of_children_ever_born_noise0.1.csv 
Altering 1178 out of 1178 training instances
# weights:  11 (10 variable)
initial  value 816.527379 
iter  10 value 714.595352
final  value 712.970481 
converged
Dataset: cmc 
Fold: 1 
Method: multinom 
Noise level:  10 %
Percentage of altered instances:  10 %
Using 30 indices (first 30 from shuffled list)
Loading noise data from: results/noise_injection/by_dataset/cmc_Number_of_children_ever_born_noise0.1.csv 
Using 30 indices for  10 % of instances
Calculate prediction
Confusion matrix
Dataset: cmc 
Fold: 1 
Method: multinom 
Noise level:  10 %
Percentage of altered instances:  20 %
Using 59 indices (first 59 from shuffled list)
Loading noise data from: results/noise_injection/by_dataset/cmc_Number_of_children_ever_born_noise0.1.csv 
Using 59 indices for  20 % of instances
Calculate prediction
Confusion matrix
Dataset: cmc 
Fold: 1 
Method: multinom 
Noise level:  10 %
Percentage of altered instances:  25 %
Using 74 indices (first 74 from shuffled list)
Loading noise data from: results/noise_injection/by_dataset/cmc_Number_of_children_ever_born_noise0.1.csv 
Using 74 indices for  25 % of instances
Calculate prediction
Confusion matrix
Dataset: cmc 
Fold: 1 
Method: multinom 
Noise level:  10 %
Percentage of altered instances:  30 %
Using 88 indices (first 88 from shuffled list)
Loading noise data from: results/noise_injection/by_dataset/cmc_Number_of_children_ever_born_noise0.1.csv 
Using 88 indices for  30 % of instances
Calculate prediction
Confusion matrix
Dataset: cmc 
Fold: 1 
Method: multinom 
Noise level:  10 %
Percentage of altered instances:  40 %
Using 118 indices (first 118 from shuffled list)
Loading noise data from: results/noise_injection/by_dataset/cmc_Number_of_children_ever_born_noise0.1.csv 
Using 118 indices for  40 % of instances
Calculate prediction
Confusion matrix
Dataset: cmc 
Fold: 1 
Method: multinom 
Noise level:  10 %
Percentage of altered instances:  50 %
Using 148 indices (first 148 from shuffled list)
Loading noise data from: results/noise_injection/by_dataset/cmc_Number_of_children_ever_born_noise0.1.csv 
Using 148 indices for  50 % of instances
Calculate prediction
Confusion matrix
Dataset: cmc 
Fold: 1 
Method: multinom 
Noise level:  10 %
Percentage of altered instances:  60 %
Using 177 indices (first 177 from shuffled list)
Loading noise data from: results/noise_injection/by_dataset/cmc_Number_of_children_ever_born_noise0.1.csv 
Using 177 indices for  60 % of instances
Calculate prediction
Confusion matrix
Dataset: cmc 
Fold: 1 
Method: multinom 
Noise level:  10 %
Percentage of altered instances:  70 %
Using 206 indices (first 206 from shuffled list)
Loading noise data from: results/noise_injection/by_dataset/cmc_Number_of_children_ever_born_noise0.1.csv 
Using 206 indices for  70 % of instances
Calculate prediction
Confusion matrix
Dataset: cmc 
Fold: 1 
Method: multinom 
Noise level:  10 %
Percentage of altered instances:  75 %
Using 221 indices (first 221 from shuffled list)
Loading noise data from: results/noise_injection/by_dataset/cmc_Number_of_children_ever_born_noise0.1.csv 
Using 221 indices for  75 % of instances
Calculate prediction
Confusion matrix
Dataset: cmc 
Fold: 1 
Method: multinom 
Noise level:  10 %
Percentage of altered instances:  80 %
Using 236 indices (first 236 from shuffled list)
Loading noise data from: results/noise_injection/by_dataset/cmc_Number_of_children_ever_born_noise0.1.csv 
Using 236 indices for  80 % of instances
Calculate prediction
Confusion matrix
Dataset: cmc 
Fold: 1 
Method: multinom 
Noise level:  10 %
Percentage of altered instances:  90 %
Using 266 indices (first 266 from shuffled list)
Loading noise data from: results/noise_injection/by_dataset/cmc_Number_of_children_ever_born_noise0.1.csv 
Using 266 indices for  90 % of instances
Calculate prediction
Confusion matrix
Dataset: cmc 
Fold: 1 
Method: multinom 
Noise level:  10 %
Percentage of altered instances:  100 %
Using 295 indices (first 295 from shuffled list)
Loading noise data from: results/noise_injection/by_dataset/cmc_Number_of_children_ever_born_noise0.1.csv 
Using 295 indices for  100 % of instances
Calculate prediction
Confusion matrix

=== Training model with 20 % noise in training data ===
Critical percentage for training noise: 50 %
Loading training noise data from: results/noise_injection/by_dataset/cmc_Number_of_children_ever_born_noise0.2.csv 
Altering 589 out of 1178 training instances
# weights:  11 (10 variable)
initial  value 816.527379 
iter  10 value 714.307276
final  value 712.265601 
converged
Dataset: cmc 
Fold: 1 
Method: multinom 
Noise level:  20 %
Percentage of altered instances:  10 %
Using 30 indices (first 30 from shuffled list)
Loading noise data from: results/noise_injection/by_dataset/cmc_Number_of_children_ever_born_noise0.2.csv 
Using 30 indices for  10 % of instances
Calculate prediction
Confusion matrix
Dataset: cmc 
Fold: 1 
Method: multinom 
Noise level:  20 %
Percentage of altered instances:  20 %
Using 59 indices (first 59 from shuffled list)
Loading noise data from: results/noise_injection/by_dataset/cmc_Number_of_children_ever_born_noise0.2.csv 
Using 59 indices for  20 % of instances
Calculate prediction
Confusion matrix
Dataset: cmc 
Fold: 1 
Method: multinom 
Noise level:  20 %
Percentage of altered instances:  25 %
Using 74 indices (first 74 from shuffled list)
Loading noise data from: results/noise_injection/by_dataset/cmc_Number_of_children_ever_born_noise0.2.csv 
Using 74 indices for  25 % of instances
Calculate prediction
Confusion matrix
Dataset: cmc 
Fold: 1 
Method: multinom 
Noise level:  20 %
Percentage of altered instances:  30 %
Using 88 indices (first 88 from shuffled list)
Loading noise data from: results/noise_injection/by_dataset/cmc_Number_of_children_ever_born_noise0.2.csv 
Using 88 indices for  30 % of instances
Calculate prediction
Confusion matrix
Dataset: cmc 
Fold: 1 
Method: multinom 
Noise level:  20 %
Percentage of altered instances:  40 %
Using 118 indices (first 118 from shuffled list)
Loading noise data from: results/noise_injection/by_dataset/cmc_Number_of_children_ever_born_noise0.2.csv 
Using 118 indices for  40 % of instances
Calculate prediction
Confusion matrix
Dataset: cmc 
Fold: 1 
Method: multinom 
Noise level:  20 %
Percentage of altered instances:  50 %
Using 148 indices (first 148 from shuffled list)
Loading noise data from: results/noise_injection/by_dataset/cmc_Number_of_children_ever_born_noise0.2.csv 
Using 148 indices for  50 % of instances
Calculate prediction
Confusion matrix
Dataset: cmc 
Fold: 1 
Method: multinom 
Noise level:  20 %
Percentage of altered instances:  60 %
Using 177 indices (first 177 from shuffled list)
Loading noise data from: results/noise_injection/by_dataset/cmc_Number_of_children_ever_born_noise0.2.csv 
Using 177 indices for  60 % of instances
Calculate prediction
Confusion matrix
Dataset: cmc 
Fold: 1 
Method: multinom 
Noise level:  20 %
Percentage of altered instances:  70 %
Using 206 indices (first 206 from shuffled list)
Loading noise data from: results/noise_injection/by_dataset/cmc_Number_of_children_ever_born_noise0.2.csv 
Using 206 indices for  70 % of instances
Calculate prediction
Confusion matrix
Dataset: cmc 
Fold: 1 
Method: multinom 
Noise level:  20 %
Percentage of altered instances:  75 %
Using 221 indices (first 221 from shuffled list)
Loading noise data from: results/noise_injection/by_dataset/cmc_Number_of_children_ever_born_noise0.2.csv 
Using 221 indices for  75 % of instances
Calculate prediction
Confusion matrix
Dataset: cmc 
Fold: 1 
Method: multinom 
Noise level:  20 %
Percentage of altered instances:  80 %
Using 236 indices (first 236 from shuffled list)
Loading noise data from: results/noise_injection/by_dataset/cmc_Number_of_children_ever_born_noise0.2.csv 
Using 236 indices for  80 % of instances
Calculate prediction
Confusion matrix
Dataset: cmc 
Fold: 1 
Method: multinom 
Noise level:  20 %
Percentage of altered instances:  90 %
Using 266 indices (first 266 from shuffled list)
Loading noise data from: results/noise_injection/by_dataset/cmc_Number_of_children_ever_born_noise0.2.csv 
Using 266 indices for  90 % of instances
Calculate prediction
Confusion matrix
Dataset: cmc 
Fold: 1 
Method: multinom 
Noise level:  20 %
Percentage of altered instances:  100 %
Using 295 indices (first 295 from shuffled list)
Loading noise data from: results/noise_injection/by_dataset/cmc_Number_of_children_ever_born_noise0.2.csv 
Using 295 indices for  100 % of instances
Calculate prediction
Confusion matrix

=== Training model with 30 % noise in training data ===
Critical percentage for training noise: 30 %
Loading training noise data from: results/noise_injection/by_dataset/cmc_Number_of_children_ever_born_noise0.3.csv 
Altering 353 out of 1178 training instances
# weights:  11 (10 variable)
initial  value 816.527379 
iter  10 value 715.884288
final  value 714.096312 
converged
Dataset: cmc 
Fold: 1 
Method: multinom 
Noise level:  30 %
Percentage of altered instances:  10 %
Using 30 indices (first 30 from shuffled list)
Loading noise data from: results/noise_injection/by_dataset/cmc_Number_of_children_ever_born_noise0.3.csv 
Using 30 indices for  10 % of instances
Calculate prediction
Confusion matrix
Dataset: cmc 
Fold: 1 
Method: multinom 
Noise level:  30 %
Percentage of altered instances:  20 %
Using 59 indices (first 59 from shuffled list)
Loading noise data from: results/noise_injection/by_dataset/cmc_Number_of_children_ever_born_noise0.3.csv 
Using 59 indices for  20 % of instances
Calculate prediction
Confusion matrix
Dataset: cmc 
Fold: 1 
Method: multinom 
Noise level:  30 %
Percentage of altered instances:  25 %
Using 74 indices (first 74 from shuffled list)
Loading noise data from: results/noise_injection/by_dataset/cmc_Number_of_children_ever_born_noise0.3.csv 
Using 74 indices for  25 % of instances
Calculate prediction
Confusion matrix
Dataset: cmc 
Fold: 1 
Method: multinom 
Noise level:  30 %
Percentage of altered instances:  30 %
Using 88 indices (first 88 from shuffled list)
Loading noise data from: results/noise_injection/by_dataset/cmc_Number_of_children_ever_born_noise0.3.csv 
Using 88 indices for  30 % of instances
Calculate prediction
Confusion matrix
Dataset: cmc 
Fold: 1 
Method: multinom 
Noise level:  30 %
Percentage of altered instances:  40 %
Using 118 indices (first 118 from shuffled list)
Loading noise data from: results/noise_injection/by_dataset/cmc_Number_of_children_ever_born_noise0.3.csv 
Using 118 indices for  40 % of instances
Calculate prediction
Confusion matrix
Dataset: cmc 
Fold: 1 
Method: multinom 
Noise level:  30 %
Percentage of altered instances:  50 %
Using 148 indices (first 148 from shuffled list)
Loading noise data from: results/noise_injection/by_dataset/cmc_Number_of_children_ever_born_noise0.3.csv 
Using 148 indices for  50 % of instances
Calculate prediction
Confusion matrix
Dataset: cmc 
Fold: 1 
Method: multinom 
Noise level:  30 %
Percentage of altered instances:  60 %
Using 177 indices (first 177 from shuffled list)
Loading noise data from: results/noise_injection/by_dataset/cmc_Number_of_children_ever_born_noise0.3.csv 
Using 177 indices for  60 % of instances
Calculate prediction
Confusion matrix
Dataset: cmc 
Fold: 1 
Method: multinom 
Noise level:  30 %
Percentage of altered instances:  70 %
Using 206 indices (first 206 from shuffled list)
Loading noise data from: results/noise_injection/by_dataset/cmc_Number_of_children_ever_born_noise0.3.csv 
Using 206 indices for  70 % of instances
Calculate prediction
Confusion matrix
Dataset: cmc 
Fold: 1 
Method: multinom 
Noise level:  30 %
Percentage of altered instances:  75 %
Using 221 indices (first 221 from shuffled list)
Loading noise data from: results/noise_injection/by_dataset/cmc_Number_of_children_ever_born_noise0.3.csv 
Using 221 indices for  75 % of instances
Calculate prediction
Confusion matrix
Dataset: cmc 
Fold: 1 
Method: multinom 
Noise level:  30 %
Percentage of altered instances:  80 %
Using 236 indices (first 236 from shuffled list)
Loading noise data from: results/noise_injection/by_dataset/cmc_Number_of_children_ever_born_noise0.3.csv 
Using 236 indices for  80 % of instances
Calculate prediction
Confusion matrix
Dataset: cmc 
Fold: 1 
Method: multinom 
Noise level:  30 %
Percentage of altered instances:  90 %
Using 266 indices (first 266 from shuffled list)
Loading noise data from: results/noise_injection/by_dataset/cmc_Number_of_children_ever_born_noise0.3.csv 
Using 266 indices for  90 % of instances
Calculate prediction
Confusion matrix
Dataset: cmc 
Fold: 1 
Method: multinom 
Noise level:  30 %
Percentage of altered instances:  100 %
Using 295 indices (first 295 from shuffled list)
Loading noise data from: results/noise_injection/by_dataset/cmc_Number_of_children_ever_born_noise0.3.csv 
Using 295 indices for  100 % of instances
Calculate prediction
Confusion matrix
Loaded 294 indices for fold 2 from: results/instances/original/vectors/cmc_multinom_all_folds.csv 

=== Training model with 10 % noise in training data ===
Critical percentage for training noise: 100 %
Loading training noise data from: results/noise_injection/by_dataset/cmc_Number_of_children_ever_born_noise0.1.csv 
Altering 1179 out of 1179 training instances
# weights:  11 (10 variable)
initial  value 817.220526 
iter  10 value 705.772350
final  value 704.478584 
converged
Dataset: cmc 
Fold: 2 
Method: multinom 
Noise level:  10 %
Percentage of altered instances:  10 %
Using 29 indices (first 29 from shuffled list)
Loading noise data from: results/noise_injection/by_dataset/cmc_Number_of_children_ever_born_noise0.1.csv 
Using 29 indices for  10 % of instances
Calculate prediction
Confusion matrix
Dataset: cmc 
Fold: 2 
Method: multinom 
Noise level:  10 %
Percentage of altered instances:  20 %
Using 59 indices (first 59 from shuffled list)
Loading noise data from: results/noise_injection/by_dataset/cmc_Number_of_children_ever_born_noise0.1.csv 
Using 59 indices for  20 % of instances
Calculate prediction
Confusion matrix
Dataset: cmc 
Fold: 2 
Method: multinom 
Noise level:  10 %
Percentage of altered instances:  25 %
Using 74 indices (first 74 from shuffled list)
Loading noise data from: results/noise_injection/by_dataset/cmc_Number_of_children_ever_born_noise0.1.csv 
Using 74 indices for  25 % of instances
Calculate prediction
Confusion matrix
Dataset: cmc 
Fold: 2 
Method: multinom 
Noise level:  10 %
Percentage of altered instances:  30 %
Using 88 indices (first 88 from shuffled list)
Loading noise data from: results/noise_injection/by_dataset/cmc_Number_of_children_ever_born_noise0.1.csv 
Using 88 indices for  30 % of instances
Calculate prediction
Confusion matrix
Dataset: cmc 
Fold: 2 
Method: multinom 
Noise level:  10 %
Percentage of altered instances:  40 %
Using 118 indices (first 118 from shuffled list)
Loading noise data from: results/noise_injection/by_dataset/cmc_Number_of_children_ever_born_noise0.1.csv 
Using 118 indices for  40 % of instances
Calculate prediction
Confusion matrix
Dataset: cmc 
Fold: 2 
Method: multinom 
Noise level:  10 %
Percentage of altered instances:  50 %
Using 147 indices (first 147 from shuffled list)
Loading noise data from: results/noise_injection/by_dataset/cmc_Number_of_children_ever_born_noise0.1.csv 
Using 147 indices for  50 % of instances
Calculate prediction
Confusion matrix
Dataset: cmc 
Fold: 2 
Method: multinom 
Noise level:  10 %
Percentage of altered instances:  60 %
Using 176 indices (first 176 from shuffled list)
Loading noise data from: results/noise_injection/by_dataset/cmc_Number_of_children_ever_born_noise0.1.csv 
Using 176 indices for  60 % of instances
Calculate prediction
Confusion matrix
Dataset: cmc 
Fold: 2 
Method: multinom 
Noise level:  10 %
Percentage of altered instances:  70 %
Using 206 indices (first 206 from shuffled list)
Loading noise data from: results/noise_injection/by_dataset/cmc_Number_of_children_ever_born_noise0.1.csv 
Using 206 indices for  70 % of instances
Calculate prediction
Confusion matrix
Dataset: cmc 
Fold: 2 
Method: multinom 
Noise level:  10 %
Percentage of altered instances:  75 %
Using 220 indices (first 220 from shuffled list)
Loading noise data from: results/noise_injection/by_dataset/cmc_Number_of_children_ever_born_noise0.1.csv 
Using 220 indices for  75 % of instances
Calculate prediction
Confusion matrix
Dataset: cmc 
Fold: 2 
Method: multinom 
Noise level:  10 %
Percentage of altered instances:  80 %
Using 235 indices (first 235 from shuffled list)
Loading noise data from: results/noise_injection/by_dataset/cmc_Number_of_children_ever_born_noise0.1.csv 
Using 235 indices for  80 % of instances
Calculate prediction
Confusion matrix
Dataset: cmc 
Fold: 2 
Method: multinom 
Noise level:  10 %
Percentage of altered instances:  90 %
Using 265 indices (first 265 from shuffled list)
Loading noise data from: results/noise_injection/by_dataset/cmc_Number_of_children_ever_born_noise0.1.csv 
Using 265 indices for  90 % of instances
Calculate prediction
Confusion matrix
Dataset: cmc 
Fold: 2 
Method: multinom 
Noise level:  10 %
Percentage of altered instances:  100 %
Using 294 indices (first 294 from shuffled list)
Loading noise data from: results/noise_injection/by_dataset/cmc_Number_of_children_ever_born_noise0.1.csv 
Using 294 indices for  100 % of instances
Calculate prediction
Confusion matrix

=== Training model with 20 % noise in training data ===
Critical percentage for training noise: 50 %
Loading training noise data from: results/noise_injection/by_dataset/cmc_Number_of_children_ever_born_noise0.2.csv 
Altering 590 out of 1179 training instances
# weights:  11 (10 variable)
initial  value 817.220526 
iter  10 value 703.298545
final  value 701.985756 
converged
Dataset: cmc 
Fold: 2 
Method: multinom 
Noise level:  20 %
Percentage of altered instances:  10 %
Using 29 indices (first 29 from shuffled list)
Loading noise data from: results/noise_injection/by_dataset/cmc_Number_of_children_ever_born_noise0.2.csv 
Using 29 indices for  10 % of instances
Calculate prediction
Confusion matrix
Dataset: cmc 
Fold: 2 
Method: multinom 
Noise level:  20 %
Percentage of altered instances:  20 %
Using 59 indices (first 59 from shuffled list)
Loading noise data from: results/noise_injection/by_dataset/cmc_Number_of_children_ever_born_noise0.2.csv 
Using 59 indices for  20 % of instances
Calculate prediction
Confusion matrix
Dataset: cmc 
Fold: 2 
Method: multinom 
Noise level:  20 %
Percentage of altered instances:  25 %
Using 74 indices (first 74 from shuffled list)
Loading noise data from: results/noise_injection/by_dataset/cmc_Number_of_children_ever_born_noise0.2.csv 
Using 74 indices for  25 % of instances
Calculate prediction
Confusion matrix
Dataset: cmc 
Fold: 2 
Method: multinom 
Noise level:  20 %
Percentage of altered instances:  30 %
Using 88 indices (first 88 from shuffled list)
Loading noise data from: results/noise_injection/by_dataset/cmc_Number_of_children_ever_born_noise0.2.csv 
Using 88 indices for  30 % of instances
Calculate prediction
Confusion matrix
Dataset: cmc 
Fold: 2 
Method: multinom 
Noise level:  20 %
Percentage of altered instances:  40 %
Using 118 indices (first 118 from shuffled list)
Loading noise data from: results/noise_injection/by_dataset/cmc_Number_of_children_ever_born_noise0.2.csv 
Using 118 indices for  40 % of instances
Calculate prediction
Confusion matrix
Dataset: cmc 
Fold: 2 
Method: multinom 
Noise level:  20 %
Percentage of altered instances:  50 %
Using 147 indices (first 147 from shuffled list)
Loading noise data from: results/noise_injection/by_dataset/cmc_Number_of_children_ever_born_noise0.2.csv 
Using 147 indices for  50 % of instances
Calculate prediction
Confusion matrix
Dataset: cmc 
Fold: 2 
Method: multinom 
Noise level:  20 %
Percentage of altered instances:  60 %
Using 176 indices (first 176 from shuffled list)
Loading noise data from: results/noise_injection/by_dataset/cmc_Number_of_children_ever_born_noise0.2.csv 
Using 176 indices for  60 % of instances
Calculate prediction
Confusion matrix
Dataset: cmc 
Fold: 2 
Method: multinom 
Noise level:  20 %
Percentage of altered instances:  70 %
Using 206 indices (first 206 from shuffled list)
Loading noise data from: results/noise_injection/by_dataset/cmc_Number_of_children_ever_born_noise0.2.csv 
Using 206 indices for  70 % of instances
Calculate prediction
Confusion matrix
Dataset: cmc 
Fold: 2 
Method: multinom 
Noise level:  20 %
Percentage of altered instances:  75 %
Using 220 indices (first 220 from shuffled list)
Loading noise data from: results/noise_injection/by_dataset/cmc_Number_of_children_ever_born_noise0.2.csv 
Using 220 indices for  75 % of instances
Calculate prediction
Confusion matrix
Dataset: cmc 
Fold: 2 
Method: multinom 
Noise level:  20 %
Percentage of altered instances:  80 %
Using 235 indices (first 235 from shuffled list)
Loading noise data from: results/noise_injection/by_dataset/cmc_Number_of_children_ever_born_noise0.2.csv 
Using 235 indices for  80 % of instances
Calculate prediction
Confusion matrix
Dataset: cmc 
Fold: 2 
Method: multinom 
Noise level:  20 %
Percentage of altered instances:  90 %
Using 265 indices (first 265 from shuffled list)
Loading noise data from: results/noise_injection/by_dataset/cmc_Number_of_children_ever_born_noise0.2.csv 
Using 265 indices for  90 % of instances
Calculate prediction
Confusion matrix
Dataset: cmc 
Fold: 2 
Method: multinom 
Noise level:  20 %
Percentage of altered instances:  100 %
Using 294 indices (first 294 from shuffled list)
Loading noise data from: results/noise_injection/by_dataset/cmc_Number_of_children_ever_born_noise0.2.csv 
Using 294 indices for  100 % of instances
Calculate prediction
Confusion matrix

=== Training model with 30 % noise in training data ===
Critical percentage for training noise: 30 %
Loading training noise data from: results/noise_injection/by_dataset/cmc_Number_of_children_ever_born_noise0.3.csv 
Altering 354 out of 1179 training instances
# weights:  11 (10 variable)
initial  value 817.220526 
iter  10 value 705.795498
final  value 704.236245 
converged
Dataset: cmc 
Fold: 2 
Method: multinom 
Noise level:  30 %
Percentage of altered instances:  10 %
Using 29 indices (first 29 from shuffled list)
Loading noise data from: results/noise_injection/by_dataset/cmc_Number_of_children_ever_born_noise0.3.csv 
Using 29 indices for  10 % of instances
Calculate prediction
Confusion matrix
Dataset: cmc 
Fold: 2 
Method: multinom 
Noise level:  30 %
Percentage of altered instances:  20 %
Using 59 indices (first 59 from shuffled list)
Loading noise data from: results/noise_injection/by_dataset/cmc_Number_of_children_ever_born_noise0.3.csv 
Using 59 indices for  20 % of instances
Calculate prediction
Confusion matrix
Dataset: cmc 
Fold: 2 
Method: multinom 
Noise level:  30 %
Percentage of altered instances:  25 %
Using 74 indices (first 74 from shuffled list)
Loading noise data from: results/noise_injection/by_dataset/cmc_Number_of_children_ever_born_noise0.3.csv 
Using 74 indices for  25 % of instances
Calculate prediction
Confusion matrix
Dataset: cmc 
Fold: 2 
Method: multinom 
Noise level:  30 %
Percentage of altered instances:  30 %
Using 88 indices (first 88 from shuffled list)
Loading noise data from: results/noise_injection/by_dataset/cmc_Number_of_children_ever_born_noise0.3.csv 
Using 88 indices for  30 % of instances
Calculate prediction
Confusion matrix
Dataset: cmc 
Fold: 2 
Method: multinom 
Noise level:  30 %
Percentage of altered instances:  40 %
Using 118 indices (first 118 from shuffled list)
Loading noise data from: results/noise_injection/by_dataset/cmc_Number_of_children_ever_born_noise0.3.csv 
Using 118 indices for  40 % of instances
Calculate prediction
Confusion matrix
Dataset: cmc 
Fold: 2 
Method: multinom 
Noise level:  30 %
Percentage of altered instances:  50 %
Using 147 indices (first 147 from shuffled list)
Loading noise data from: results/noise_injection/by_dataset/cmc_Number_of_children_ever_born_noise0.3.csv 
Using 147 indices for  50 % of instances
Calculate prediction
Confusion matrix
Dataset: cmc 
Fold: 2 
Method: multinom 
Noise level:  30 %
Percentage of altered instances:  60 %
Using 176 indices (first 176 from shuffled list)
Loading noise data from: results/noise_injection/by_dataset/cmc_Number_of_children_ever_born_noise0.3.csv 
Using 176 indices for  60 % of instances
Calculate prediction
Confusion matrix
Dataset: cmc 
Fold: 2 
Method: multinom 
Noise level:  30 %
Percentage of altered instances:  70 %
Using 206 indices (first 206 from shuffled list)
Loading noise data from: results/noise_injection/by_dataset/cmc_Number_of_children_ever_born_noise0.3.csv 
Using 206 indices for  70 % of instances
Calculate prediction
Confusion matrix
Dataset: cmc 
Fold: 2 
Method: multinom 
Noise level:  30 %
Percentage of altered instances:  75 %
Using 220 indices (first 220 from shuffled list)
Loading noise data from: results/noise_injection/by_dataset/cmc_Number_of_children_ever_born_noise0.3.csv 
Using 220 indices for  75 % of instances
Calculate prediction
Confusion matrix
Dataset: cmc 
Fold: 2 
Method: multinom 
Noise level:  30 %
Percentage of altered instances:  80 %
Using 235 indices (first 235 from shuffled list)
Loading noise data from: results/noise_injection/by_dataset/cmc_Number_of_children_ever_born_noise0.3.csv 
Using 235 indices for  80 % of instances
Calculate prediction
Confusion matrix
Dataset: cmc 
Fold: 2 
Method: multinom 
Noise level:  30 %
Percentage of altered instances:  90 %
Using 265 indices (first 265 from shuffled list)
Loading noise data from: results/noise_injection/by_dataset/cmc_Number_of_children_ever_born_noise0.3.csv 
Using 265 indices for  90 % of instances
Calculate prediction
Confusion matrix
Dataset: cmc 
Fold: 2 
Method: multinom 
Noise level:  30 %
Percentage of altered instances:  100 %
Using 294 indices (first 294 from shuffled list)
Loading noise data from: results/noise_injection/by_dataset/cmc_Number_of_children_ever_born_noise0.3.csv 
Using 294 indices for  100 % of instances
Calculate prediction
Confusion matrix
Loaded 295 indices for fold 3 from: results/instances/original/vectors/cmc_multinom_all_folds.csv 

=== Training model with 10 % noise in training data ===
Critical percentage for training noise: 100 %
Loading training noise data from: results/noise_injection/by_dataset/cmc_Number_of_children_ever_born_noise0.1.csv 
Altering 1178 out of 1178 training instances
# weights:  11 (10 variable)
initial  value 816.527379 
iter  10 value 706.925212
final  value 705.827467 
converged
Dataset: cmc 
Fold: 3 
Method: multinom 
Noise level:  10 %
Percentage of altered instances:  10 %
Using 30 indices (first 30 from shuffled list)
Loading noise data from: results/noise_injection/by_dataset/cmc_Number_of_children_ever_born_noise0.1.csv 
Using 30 indices for  10 % of instances
Calculate prediction
Confusion matrix
Dataset: cmc 
Fold: 3 
Method: multinom 
Noise level:  10 %
Percentage of altered instances:  20 %
Using 59 indices (first 59 from shuffled list)
Loading noise data from: results/noise_injection/by_dataset/cmc_Number_of_children_ever_born_noise0.1.csv 
Using 59 indices for  20 % of instances
Calculate prediction
Confusion matrix
Dataset: cmc 
Fold: 3 
Method: multinom 
Noise level:  10 %
Percentage of altered instances:  25 %
Using 74 indices (first 74 from shuffled list)
Loading noise data from: results/noise_injection/by_dataset/cmc_Number_of_children_ever_born_noise0.1.csv 
Using 74 indices for  25 % of instances
Calculate prediction
Confusion matrix
Dataset: cmc 
Fold: 3 
Method: multinom 
Noise level:  10 %
Percentage of altered instances:  30 %
Using 88 indices (first 88 from shuffled list)
Loading noise data from: results/noise_injection/by_dataset/cmc_Number_of_children_ever_born_noise0.1.csv 
Using 88 indices for  30 % of instances
Calculate prediction
Confusion matrix
Dataset: cmc 
Fold: 3 
Method: multinom 
Noise level:  10 %
Percentage of altered instances:  40 %
Using 118 indices (first 118 from shuffled list)
Loading noise data from: results/noise_injection/by_dataset/cmc_Number_of_children_ever_born_noise0.1.csv 
Using 118 indices for  40 % of instances
Calculate prediction
Confusion matrix
Dataset: cmc 
Fold: 3 
Method: multinom 
Noise level:  10 %
Percentage of altered instances:  50 %
Using 148 indices (first 148 from shuffled list)
Loading noise data from: results/noise_injection/by_dataset/cmc_Number_of_children_ever_born_noise0.1.csv 
Using 148 indices for  50 % of instances
Calculate prediction
Confusion matrix
Dataset: cmc 
Fold: 3 
Method: multinom 
Noise level:  10 %
Percentage of altered instances:  60 %
Using 177 indices (first 177 from shuffled list)
Loading noise data from: results/noise_injection/by_dataset/cmc_Number_of_children_ever_born_noise0.1.csv 
Using 177 indices for  60 % of instances
Calculate prediction
Confusion matrix
Dataset: cmc 
Fold: 3 
Method: multinom 
Noise level:  10 %
Percentage of altered instances:  70 %
Using 206 indices (first 206 from shuffled list)
Loading noise data from: results/noise_injection/by_dataset/cmc_Number_of_children_ever_born_noise0.1.csv 
Using 206 indices for  70 % of instances
Calculate prediction
Confusion matrix
Dataset: cmc 
Fold: 3 
Method: multinom 
Noise level:  10 %
Percentage of altered instances:  75 %
Using 221 indices (first 221 from shuffled list)
Loading noise data from: results/noise_injection/by_dataset/cmc_Number_of_children_ever_born_noise0.1.csv 
Using 221 indices for  75 % of instances
Calculate prediction
Confusion matrix
Dataset: cmc 
Fold: 3 
Method: multinom 
Noise level:  10 %
Percentage of altered instances:  80 %
Using 236 indices (first 236 from shuffled list)
Loading noise data from: results/noise_injection/by_dataset/cmc_Number_of_children_ever_born_noise0.1.csv 
Using 236 indices for  80 % of instances
Calculate prediction
Confusion matrix
Dataset: cmc 
Fold: 3 
Method: multinom 
Noise level:  10 %
Percentage of altered instances:  90 %
Using 266 indices (first 266 from shuffled list)
Loading noise data from: results/noise_injection/by_dataset/cmc_Number_of_children_ever_born_noise0.1.csv 
Using 266 indices for  90 % of instances
Calculate prediction
Confusion matrix
Dataset: cmc 
Fold: 3 
Method: multinom 
Noise level:  10 %
Percentage of altered instances:  100 %
Using 295 indices (first 295 from shuffled list)
Loading noise data from: results/noise_injection/by_dataset/cmc_Number_of_children_ever_born_noise0.1.csv 
Using 295 indices for  100 % of instances
Calculate prediction
Confusion matrix

=== Training model with 20 % noise in training data ===
Critical percentage for training noise: 50 %
Loading training noise data from: results/noise_injection/by_dataset/cmc_Number_of_children_ever_born_noise0.2.csv 
Altering 589 out of 1178 training instances
# weights:  11 (10 variable)
initial  value 816.527379 
iter  10 value 705.647585
final  value 704.035244 
converged
Dataset: cmc 
Fold: 3 
Method: multinom 
Noise level:  20 %
Percentage of altered instances:  10 %
Using 30 indices (first 30 from shuffled list)
Loading noise data from: results/noise_injection/by_dataset/cmc_Number_of_children_ever_born_noise0.2.csv 
Using 30 indices for  10 % of instances
Calculate prediction
Confusion matrix
Dataset: cmc 
Fold: 3 
Method: multinom 
Noise level:  20 %
Percentage of altered instances:  20 %
Using 59 indices (first 59 from shuffled list)
Loading noise data from: results/noise_injection/by_dataset/cmc_Number_of_children_ever_born_noise0.2.csv 
Using 59 indices for  20 % of instances
Calculate prediction
Confusion matrix
Dataset: cmc 
Fold: 3 
Method: multinom 
Noise level:  20 %
Percentage of altered instances:  25 %
Using 74 indices (first 74 from shuffled list)
Loading noise data from: results/noise_injection/by_dataset/cmc_Number_of_children_ever_born_noise0.2.csv 
Using 74 indices for  25 % of instances
Calculate prediction
Confusion matrix
Dataset: cmc 
Fold: 3 
Method: multinom 
Noise level:  20 %
Percentage of altered instances:  30 %
Using 88 indices (first 88 from shuffled list)
Loading noise data from: results/noise_injection/by_dataset/cmc_Number_of_children_ever_born_noise0.2.csv 
Using 88 indices for  30 % of instances
Calculate prediction
Confusion matrix
Dataset: cmc 
Fold: 3 
Method: multinom 
Noise level:  20 %
Percentage of altered instances:  40 %
Using 118 indices (first 118 from shuffled list)
Loading noise data from: results/noise_injection/by_dataset/cmc_Number_of_children_ever_born_noise0.2.csv 
Using 118 indices for  40 % of instances
Calculate prediction
Confusion matrix
Dataset: cmc 
Fold: 3 
Method: multinom 
Noise level:  20 %
Percentage of altered instances:  50 %
Using 148 indices (first 148 from shuffled list)
Loading noise data from: results/noise_injection/by_dataset/cmc_Number_of_children_ever_born_noise0.2.csv 
Using 148 indices for  50 % of instances
Calculate prediction
Confusion matrix
Dataset: cmc 
Fold: 3 
Method: multinom 
Noise level:  20 %
Percentage of altered instances:  60 %
Using 177 indices (first 177 from shuffled list)
Loading noise data from: results/noise_injection/by_dataset/cmc_Number_of_children_ever_born_noise0.2.csv 
Using 177 indices for  60 % of instances
Calculate prediction
Confusion matrix
Dataset: cmc 
Fold: 3 
Method: multinom 
Noise level:  20 %
Percentage of altered instances:  70 %
Using 206 indices (first 206 from shuffled list)
Loading noise data from: results/noise_injection/by_dataset/cmc_Number_of_children_ever_born_noise0.2.csv 
Using 206 indices for  70 % of instances
Calculate prediction
Confusion matrix
Dataset: cmc 
Fold: 3 
Method: multinom 
Noise level:  20 %
Percentage of altered instances:  75 %
Using 221 indices (first 221 from shuffled list)
Loading noise data from: results/noise_injection/by_dataset/cmc_Number_of_children_ever_born_noise0.2.csv 
Using 221 indices for  75 % of instances
Calculate prediction
Confusion matrix
Dataset: cmc 
Fold: 3 
Method: multinom 
Noise level:  20 %
Percentage of altered instances:  80 %
Using 236 indices (first 236 from shuffled list)
Loading noise data from: results/noise_injection/by_dataset/cmc_Number_of_children_ever_born_noise0.2.csv 
Using 236 indices for  80 % of instances
Calculate prediction
Confusion matrix
Dataset: cmc 
Fold: 3 
Method: multinom 
Noise level:  20 %
Percentage of altered instances:  90 %
Using 266 indices (first 266 from shuffled list)
Loading noise data from: results/noise_injection/by_dataset/cmc_Number_of_children_ever_born_noise0.2.csv 
Using 266 indices for  90 % of instances
Calculate prediction
Confusion matrix
Dataset: cmc 
Fold: 3 
Method: multinom 
Noise level:  20 %
Percentage of altered instances:  100 %
Using 295 indices (first 295 from shuffled list)
Loading noise data from: results/noise_injection/by_dataset/cmc_Number_of_children_ever_born_noise0.2.csv 
Using 295 indices for  100 % of instances
Calculate prediction
Confusion matrix

=== Training model with 30 % noise in training data ===
Critical percentage for training noise: 30 %
Loading training noise data from: results/noise_injection/by_dataset/cmc_Number_of_children_ever_born_noise0.3.csv 
Altering 353 out of 1178 training instances
# weights:  11 (10 variable)
initial  value 816.527379 
iter  10 value 706.697996
final  value 705.781676 
converged
Dataset: cmc 
Fold: 3 
Method: multinom 
Noise level:  30 %
Percentage of altered instances:  10 %
Using 30 indices (first 30 from shuffled list)
Loading noise data from: results/noise_injection/by_dataset/cmc_Number_of_children_ever_born_noise0.3.csv 
Using 30 indices for  10 % of instances
Calculate prediction
Confusion matrix
Dataset: cmc 
Fold: 3 
Method: multinom 
Noise level:  30 %
Percentage of altered instances:  20 %
Using 59 indices (first 59 from shuffled list)
Loading noise data from: results/noise_injection/by_dataset/cmc_Number_of_children_ever_born_noise0.3.csv 
Using 59 indices for  20 % of instances
Calculate prediction
Confusion matrix
Dataset: cmc 
Fold: 3 
Method: multinom 
Noise level:  30 %
Percentage of altered instances:  25 %
Using 74 indices (first 74 from shuffled list)
Loading noise data from: results/noise_injection/by_dataset/cmc_Number_of_children_ever_born_noise0.3.csv 
Using 74 indices for  25 % of instances
Calculate prediction
Confusion matrix
Dataset: cmc 
Fold: 3 
Method: multinom 
Noise level:  30 %
Percentage of altered instances:  30 %
Using 88 indices (first 88 from shuffled list)
Loading noise data from: results/noise_injection/by_dataset/cmc_Number_of_children_ever_born_noise0.3.csv 
Using 88 indices for  30 % of instances
Calculate prediction
Confusion matrix
Dataset: cmc 
Fold: 3 
Method: multinom 
Noise level:  30 %
Percentage of altered instances:  40 %
Using 118 indices (first 118 from shuffled list)
Loading noise data from: results/noise_injection/by_dataset/cmc_Number_of_children_ever_born_noise0.3.csv 
Using 118 indices for  40 % of instances
Calculate prediction
Confusion matrix
Dataset: cmc 
Fold: 3 
Method: multinom 
Noise level:  30 %
Percentage of altered instances:  50 %
Using 148 indices (first 148 from shuffled list)
Loading noise data from: results/noise_injection/by_dataset/cmc_Number_of_children_ever_born_noise0.3.csv 
Using 148 indices for  50 % of instances
Calculate prediction
Confusion matrix
Dataset: cmc 
Fold: 3 
Method: multinom 
Noise level:  30 %
Percentage of altered instances:  60 %
Using 177 indices (first 177 from shuffled list)
Loading noise data from: results/noise_injection/by_dataset/cmc_Number_of_children_ever_born_noise0.3.csv 
Using 177 indices for  60 % of instances
Calculate prediction
Confusion matrix
Dataset: cmc 
Fold: 3 
Method: multinom 
Noise level:  30 %
Percentage of altered instances:  70 %
Using 206 indices (first 206 from shuffled list)
Loading noise data from: results/noise_injection/by_dataset/cmc_Number_of_children_ever_born_noise0.3.csv 
Using 206 indices for  70 % of instances
Calculate prediction
Confusion matrix
Dataset: cmc 
Fold: 3 
Method: multinom 
Noise level:  30 %
Percentage of altered instances:  75 %
Using 221 indices (first 221 from shuffled list)
Loading noise data from: results/noise_injection/by_dataset/cmc_Number_of_children_ever_born_noise0.3.csv 
Using 221 indices for  75 % of instances
Calculate prediction
Confusion matrix
Dataset: cmc 
Fold: 3 
Method: multinom 
Noise level:  30 %
Percentage of altered instances:  80 %
Using 236 indices (first 236 from shuffled list)
Loading noise data from: results/noise_injection/by_dataset/cmc_Number_of_children_ever_born_noise0.3.csv 
Using 236 indices for  80 % of instances
Calculate prediction
Confusion matrix
Dataset: cmc 
Fold: 3 
Method: multinom 
Noise level:  30 %
Percentage of altered instances:  90 %
Using 266 indices (first 266 from shuffled list)
Loading noise data from: results/noise_injection/by_dataset/cmc_Number_of_children_ever_born_noise0.3.csv 
Using 266 indices for  90 % of instances
Calculate prediction
Confusion matrix
Dataset: cmc 
Fold: 3 
Method: multinom 
Noise level:  30 %
Percentage of altered instances:  100 %
Using 295 indices (first 295 from shuffled list)
Loading noise data from: results/noise_injection/by_dataset/cmc_Number_of_children_ever_born_noise0.3.csv 
Using 295 indices for  100 % of instances
Calculate prediction
Confusion matrix
Loaded 294 indices for fold 4 from: results/instances/original/vectors/cmc_multinom_all_folds.csv 

=== Training model with 10 % noise in training data ===
Critical percentage for training noise: 100 %
Loading training noise data from: results/noise_injection/by_dataset/cmc_Number_of_children_ever_born_noise0.1.csv 
Altering 1179 out of 1179 training instances
# weights:  11 (10 variable)
initial  value 817.220526 
iter  10 value 705.391020
final  value 704.251329 
converged
Dataset: cmc 
Fold: 4 
Method: multinom 
Noise level:  10 %
Percentage of altered instances:  10 %
Using 29 indices (first 29 from shuffled list)
Loading noise data from: results/noise_injection/by_dataset/cmc_Number_of_children_ever_born_noise0.1.csv 
Using 29 indices for  10 % of instances
Calculate prediction
Confusion matrix
Dataset: cmc 
Fold: 4 
Method: multinom 
Noise level:  10 %
Percentage of altered instances:  20 %
Using 59 indices (first 59 from shuffled list)
Loading noise data from: results/noise_injection/by_dataset/cmc_Number_of_children_ever_born_noise0.1.csv 
Using 59 indices for  20 % of instances
Calculate prediction
Confusion matrix
Dataset: cmc 
Fold: 4 
Method: multinom 
Noise level:  10 %
Percentage of altered instances:  25 %
Using 74 indices (first 74 from shuffled list)
Loading noise data from: results/noise_injection/by_dataset/cmc_Number_of_children_ever_born_noise0.1.csv 
Using 74 indices for  25 % of instances
Calculate prediction
Confusion matrix
Dataset: cmc 
Fold: 4 
Method: multinom 
Noise level:  10 %
Percentage of altered instances:  30 %
Using 88 indices (first 88 from shuffled list)
Loading noise data from: results/noise_injection/by_dataset/cmc_Number_of_children_ever_born_noise0.1.csv 
Using 88 indices for  30 % of instances
Calculate prediction
Confusion matrix
Dataset: cmc 
Fold: 4 
Method: multinom 
Noise level:  10 %
Percentage of altered instances:  40 %
Using 118 indices (first 118 from shuffled list)
Loading noise data from: results/noise_injection/by_dataset/cmc_Number_of_children_ever_born_noise0.1.csv 
Using 118 indices for  40 % of instances
Calculate prediction
Confusion matrix
Dataset: cmc 
Fold: 4 
Method: multinom 
Noise level:  10 %
Percentage of altered instances:  50 %
Using 147 indices (first 147 from shuffled list)
Loading noise data from: results/noise_injection/by_dataset/cmc_Number_of_children_ever_born_noise0.1.csv 
Using 147 indices for  50 % of instances
Calculate prediction
Confusion matrix
Dataset: cmc 
Fold: 4 
Method: multinom 
Noise level:  10 %
Percentage of altered instances:  60 %
Using 176 indices (first 176 from shuffled list)
Loading noise data from: results/noise_injection/by_dataset/cmc_Number_of_children_ever_born_noise0.1.csv 
Using 176 indices for  60 % of instances
Calculate prediction
Confusion matrix
Dataset: cmc 
Fold: 4 
Method: multinom 
Noise level:  10 %
Percentage of altered instances:  70 %
Using 206 indices (first 206 from shuffled list)
Loading noise data from: results/noise_injection/by_dataset/cmc_Number_of_children_ever_born_noise0.1.csv 
Using 206 indices for  70 % of instances
Calculate prediction
Confusion matrix
Dataset: cmc 
Fold: 4 
Method: multinom 
Noise level:  10 %
Percentage of altered instances:  75 %
Using 220 indices (first 220 from shuffled list)
Loading noise data from: results/noise_injection/by_dataset/cmc_Number_of_children_ever_born_noise0.1.csv 
Using 220 indices for  75 % of instances
Calculate prediction
Confusion matrix
Dataset: cmc 
Fold: 4 
Method: multinom 
Noise level:  10 %
Percentage of altered instances:  80 %
Using 235 indices (first 235 from shuffled list)
Loading noise data from: results/noise_injection/by_dataset/cmc_Number_of_children_ever_born_noise0.1.csv 
Using 235 indices for  80 % of instances
Calculate prediction
Confusion matrix
Dataset: cmc 
Fold: 4 
Method: multinom 
Noise level:  10 %
Percentage of altered instances:  90 %
Using 265 indices (first 265 from shuffled list)
Loading noise data from: results/noise_injection/by_dataset/cmc_Number_of_children_ever_born_noise0.1.csv 
Using 265 indices for  90 % of instances
Calculate prediction
Confusion matrix
Dataset: cmc 
Fold: 4 
Method: multinom 
Noise level:  10 %
Percentage of altered instances:  100 %
Using 294 indices (first 294 from shuffled list)
Loading noise data from: results/noise_injection/by_dataset/cmc_Number_of_children_ever_born_noise0.1.csv 
Using 294 indices for  100 % of instances
Calculate prediction
Confusion matrix

=== Training model with 20 % noise in training data ===
Critical percentage for training noise: 50 %
Loading training noise data from: results/noise_injection/by_dataset/cmc_Number_of_children_ever_born_noise0.2.csv 
Altering 590 out of 1179 training instances
# weights:  11 (10 variable)
initial  value 817.220526 
iter  10 value 704.577675
final  value 703.349862 
converged
Dataset: cmc 
Fold: 4 
Method: multinom 
Noise level:  20 %
Percentage of altered instances:  10 %
Using 29 indices (first 29 from shuffled list)
Loading noise data from: results/noise_injection/by_dataset/cmc_Number_of_children_ever_born_noise0.2.csv 
Using 29 indices for  10 % of instances
Calculate prediction
Confusion matrix
Dataset: cmc 
Fold: 4 
Method: multinom 
Noise level:  20 %
Percentage of altered instances:  20 %
Using 59 indices (first 59 from shuffled list)
Loading noise data from: results/noise_injection/by_dataset/cmc_Number_of_children_ever_born_noise0.2.csv 
Using 59 indices for  20 % of instances
Calculate prediction
Confusion matrix
Dataset: cmc 
Fold: 4 
Method: multinom 
Noise level:  20 %
Percentage of altered instances:  25 %
Using 74 indices (first 74 from shuffled list)
Loading noise data from: results/noise_injection/by_dataset/cmc_Number_of_children_ever_born_noise0.2.csv 
Using 74 indices for  25 % of instances
Calculate prediction
Confusion matrix
Dataset: cmc 
Fold: 4 
Method: multinom 
Noise level:  20 %
Percentage of altered instances:  30 %
Using 88 indices (first 88 from shuffled list)
Loading noise data from: results/noise_injection/by_dataset/cmc_Number_of_children_ever_born_noise0.2.csv 
Using 88 indices for  30 % of instances
Calculate prediction
Confusion matrix
Dataset: cmc 
Fold: 4 
Method: multinom 
Noise level:  20 %
Percentage of altered instances:  40 %
Using 118 indices (first 118 from shuffled list)
Loading noise data from: results/noise_injection/by_dataset/cmc_Number_of_children_ever_born_noise0.2.csv 
Using 118 indices for  40 % of instances
Calculate prediction
Confusion matrix
Dataset: cmc 
Fold: 4 
Method: multinom 
Noise level:  20 %
Percentage of altered instances:  50 %
Using 147 indices (first 147 from shuffled list)
Loading noise data from: results/noise_injection/by_dataset/cmc_Number_of_children_ever_born_noise0.2.csv 
Using 147 indices for  50 % of instances
Calculate prediction
Confusion matrix
Dataset: cmc 
Fold: 4 
Method: multinom 
Noise level:  20 %
Percentage of altered instances:  60 %
Using 176 indices (first 176 from shuffled list)
Loading noise data from: results/noise_injection/by_dataset/cmc_Number_of_children_ever_born_noise0.2.csv 
Using 176 indices for  60 % of instances
Calculate prediction
Confusion matrix
Dataset: cmc 
Fold: 4 
Method: multinom 
Noise level:  20 %
Percentage of altered instances:  70 %
Using 206 indices (first 206 from shuffled list)
Loading noise data from: results/noise_injection/by_dataset/cmc_Number_of_children_ever_born_noise0.2.csv 
Using 206 indices for  70 % of instances
Calculate prediction
Confusion matrix
Dataset: cmc 
Fold: 4 
Method: multinom 
Noise level:  20 %
Percentage of altered instances:  75 %
Using 220 indices (first 220 from shuffled list)
Loading noise data from: results/noise_injection/by_dataset/cmc_Number_of_children_ever_born_noise0.2.csv 
Using 220 indices for  75 % of instances
Calculate prediction
Confusion matrix
Dataset: cmc 
Fold: 4 
Method: multinom 
Noise level:  20 %
Percentage of altered instances:  80 %
Using 235 indices (first 235 from shuffled list)
Loading noise data from: results/noise_injection/by_dataset/cmc_Number_of_children_ever_born_noise0.2.csv 
Using 235 indices for  80 % of instances
Calculate prediction
Confusion matrix
Dataset: cmc 
Fold: 4 
Method: multinom 
Noise level:  20 %
Percentage of altered instances:  90 %
Using 265 indices (first 265 from shuffled list)
Loading noise data from: results/noise_injection/by_dataset/cmc_Number_of_children_ever_born_noise0.2.csv 
Using 265 indices for  90 % of instances
Calculate prediction
Confusion matrix
Dataset: cmc 
Fold: 4 
Method: multinom 
Noise level:  20 %
Percentage of altered instances:  100 %
Using 294 indices (first 294 from shuffled list)
Loading noise data from: results/noise_injection/by_dataset/cmc_Number_of_children_ever_born_noise0.2.csv 
Using 294 indices for  100 % of instances
Calculate prediction
Confusion matrix

=== Training model with 30 % noise in training data ===
Critical percentage for training noise: 30 %
Loading training noise data from: results/noise_injection/by_dataset/cmc_Number_of_children_ever_born_noise0.3.csv 
Altering 354 out of 1179 training instances
# weights:  11 (10 variable)
initial  value 817.220526 
iter  10 value 707.465537
final  value 706.344686 
converged
Dataset: cmc 
Fold: 4 
Method: multinom 
Noise level:  30 %
Percentage of altered instances:  10 %
Using 29 indices (first 29 from shuffled list)
Loading noise data from: results/noise_injection/by_dataset/cmc_Number_of_children_ever_born_noise0.3.csv 
Using 29 indices for  10 % of instances
Calculate prediction
Confusion matrix
Dataset: cmc 
Fold: 4 
Method: multinom 
Noise level:  30 %
Percentage of altered instances:  20 %
Using 59 indices (first 59 from shuffled list)
Loading noise data from: results/noise_injection/by_dataset/cmc_Number_of_children_ever_born_noise0.3.csv 
Using 59 indices for  20 % of instances
Calculate prediction
Confusion matrix
Dataset: cmc 
Fold: 4 
Method: multinom 
Noise level:  30 %
Percentage of altered instances:  25 %
Using 74 indices (first 74 from shuffled list)
Loading noise data from: results/noise_injection/by_dataset/cmc_Number_of_children_ever_born_noise0.3.csv 
Using 74 indices for  25 % of instances
Calculate prediction
Confusion matrix
Dataset: cmc 
Fold: 4 
Method: multinom 
Noise level:  30 %
Percentage of altered instances:  30 %
Using 88 indices (first 88 from shuffled list)
Loading noise data from: results/noise_injection/by_dataset/cmc_Number_of_children_ever_born_noise0.3.csv 
Using 88 indices for  30 % of instances
Calculate prediction
Confusion matrix
Dataset: cmc 
Fold: 4 
Method: multinom 
Noise level:  30 %
Percentage of altered instances:  40 %
Using 118 indices (first 118 from shuffled list)
Loading noise data from: results/noise_injection/by_dataset/cmc_Number_of_children_ever_born_noise0.3.csv 
Using 118 indices for  40 % of instances
Calculate prediction
Confusion matrix
Dataset: cmc 
Fold: 4 
Method: multinom 
Noise level:  30 %
Percentage of altered instances:  50 %
Using 147 indices (first 147 from shuffled list)
Loading noise data from: results/noise_injection/by_dataset/cmc_Number_of_children_ever_born_noise0.3.csv 
Using 147 indices for  50 % of instances
Calculate prediction
Confusion matrix
Dataset: cmc 
Fold: 4 
Method: multinom 
Noise level:  30 %
Percentage of altered instances:  60 %
Using 176 indices (first 176 from shuffled list)
Loading noise data from: results/noise_injection/by_dataset/cmc_Number_of_children_ever_born_noise0.3.csv 
Using 176 indices for  60 % of instances
Calculate prediction
Confusion matrix
Dataset: cmc 
Fold: 4 
Method: multinom 
Noise level:  30 %
Percentage of altered instances:  70 %
Using 206 indices (first 206 from shuffled list)
Loading noise data from: results/noise_injection/by_dataset/cmc_Number_of_children_ever_born_noise0.3.csv 
Using 206 indices for  70 % of instances
Calculate prediction
Confusion matrix
Dataset: cmc 
Fold: 4 
Method: multinom 
Noise level:  30 %
Percentage of altered instances:  75 %
Using 220 indices (first 220 from shuffled list)
Loading noise data from: results/noise_injection/by_dataset/cmc_Number_of_children_ever_born_noise0.3.csv 
Using 220 indices for  75 % of instances
Calculate prediction
Confusion matrix
Dataset: cmc 
Fold: 4 
Method: multinom 
Noise level:  30 %
Percentage of altered instances:  80 %
Using 235 indices (first 235 from shuffled list)
Loading noise data from: results/noise_injection/by_dataset/cmc_Number_of_children_ever_born_noise0.3.csv 
Using 235 indices for  80 % of instances
Calculate prediction
Confusion matrix
Dataset: cmc 
Fold: 4 
Method: multinom 
Noise level:  30 %
Percentage of altered instances:  90 %
Using 265 indices (first 265 from shuffled list)
Loading noise data from: results/noise_injection/by_dataset/cmc_Number_of_children_ever_born_noise0.3.csv 
Using 265 indices for  90 % of instances
Calculate prediction
Confusion matrix
Dataset: cmc 
Fold: 4 
Method: multinom 
Noise level:  30 %
Percentage of altered instances:  100 %
Using 294 indices (first 294 from shuffled list)
Loading noise data from: results/noise_injection/by_dataset/cmc_Number_of_children_ever_born_noise0.3.csv 
Using 294 indices for  100 % of instances
Calculate prediction
Confusion matrix
Loaded 295 indices for fold 5 from: results/instances/original/vectors/cmc_multinom_all_folds.csv 

=== Training model with 10 % noise in training data ===
Critical percentage for training noise: 100 %
Loading training noise data from: results/noise_injection/by_dataset/cmc_Number_of_children_ever_born_noise0.1.csv 
Altering 1178 out of 1178 training instances
# weights:  11 (10 variable)
initial  value 816.527379 
iter  10 value 720.861012
final  value 720.052366 
converged
Dataset: cmc 
Fold: 5 
Method: multinom 
Noise level:  10 %
Percentage of altered instances:  10 %
Using 30 indices (first 30 from shuffled list)
Loading noise data from: results/noise_injection/by_dataset/cmc_Number_of_children_ever_born_noise0.1.csv 
Using 30 indices for  10 % of instances
Calculate prediction
Confusion matrix
Dataset: cmc 
Fold: 5 
Method: multinom 
Noise level:  10 %
Percentage of altered instances:  20 %
Using 59 indices (first 59 from shuffled list)
Loading noise data from: results/noise_injection/by_dataset/cmc_Number_of_children_ever_born_noise0.1.csv 
Using 59 indices for  20 % of instances
Calculate prediction
Confusion matrix
Dataset: cmc 
Fold: 5 
Method: multinom 
Noise level:  10 %
Percentage of altered instances:  25 %
Using 74 indices (first 74 from shuffled list)
Loading noise data from: results/noise_injection/by_dataset/cmc_Number_of_children_ever_born_noise0.1.csv 
Using 74 indices for  25 % of instances
Calculate prediction
Confusion matrix
Dataset: cmc 
Fold: 5 
Method: multinom 
Noise level:  10 %
Percentage of altered instances:  30 %
Using 88 indices (first 88 from shuffled list)
Loading noise data from: results/noise_injection/by_dataset/cmc_Number_of_children_ever_born_noise0.1.csv 
Using 88 indices for  30 % of instances
Calculate prediction
Confusion matrix
Dataset: cmc 
Fold: 5 
Method: multinom 
Noise level:  10 %
Percentage of altered instances:  40 %
Using 118 indices (first 118 from shuffled list)
Loading noise data from: results/noise_injection/by_dataset/cmc_Number_of_children_ever_born_noise0.1.csv 
Using 118 indices for  40 % of instances
Calculate prediction
Confusion matrix
Dataset: cmc 
Fold: 5 
Method: multinom 
Noise level:  10 %
Percentage of altered instances:  50 %
Using 148 indices (first 148 from shuffled list)
Loading noise data from: results/noise_injection/by_dataset/cmc_Number_of_children_ever_born_noise0.1.csv 
Using 148 indices for  50 % of instances
Calculate prediction
Confusion matrix
Dataset: cmc 
Fold: 5 
Method: multinom 
Noise level:  10 %
Percentage of altered instances:  60 %
Using 177 indices (first 177 from shuffled list)
Loading noise data from: results/noise_injection/by_dataset/cmc_Number_of_children_ever_born_noise0.1.csv 
Using 177 indices for  60 % of instances
Calculate prediction
Confusion matrix
Dataset: cmc 
Fold: 5 
Method: multinom 
Noise level:  10 %
Percentage of altered instances:  70 %
Using 206 indices (first 206 from shuffled list)
Loading noise data from: results/noise_injection/by_dataset/cmc_Number_of_children_ever_born_noise0.1.csv 
Using 206 indices for  70 % of instances
Calculate prediction
Confusion matrix
Dataset: cmc 
Fold: 5 
Method: multinom 
Noise level:  10 %
Percentage of altered instances:  75 %
Using 221 indices (first 221 from shuffled list)
Loading noise data from: results/noise_injection/by_dataset/cmc_Number_of_children_ever_born_noise0.1.csv 
Using 221 indices for  75 % of instances
Calculate prediction
Confusion matrix
Dataset: cmc 
Fold: 5 
Method: multinom 
Noise level:  10 %
Percentage of altered instances:  80 %
Using 236 indices (first 236 from shuffled list)
Loading noise data from: results/noise_injection/by_dataset/cmc_Number_of_children_ever_born_noise0.1.csv 
Using 236 indices for  80 % of instances
Calculate prediction
Confusion matrix
Dataset: cmc 
Fold: 5 
Method: multinom 
Noise level:  10 %
Percentage of altered instances:  90 %
Using 266 indices (first 266 from shuffled list)
Loading noise data from: results/noise_injection/by_dataset/cmc_Number_of_children_ever_born_noise0.1.csv 
Using 266 indices for  90 % of instances
Calculate prediction
Confusion matrix
Dataset: cmc 
Fold: 5 
Method: multinom 
Noise level:  10 %
Percentage of altered instances:  100 %
Using 295 indices (first 295 from shuffled list)
Loading noise data from: results/noise_injection/by_dataset/cmc_Number_of_children_ever_born_noise0.1.csv 
Using 295 indices for  100 % of instances
Calculate prediction
Confusion matrix

=== Training model with 20 % noise in training data ===
Critical percentage for training noise: 50 %
Loading training noise data from: results/noise_injection/by_dataset/cmc_Number_of_children_ever_born_noise0.2.csv 
Altering 589 out of 1178 training instances
# weights:  11 (10 variable)
initial  value 816.527379 
iter  10 value 720.384840
final  value 719.559028 
converged
Dataset: cmc 
Fold: 5 
Method: multinom 
Noise level:  20 %
Percentage of altered instances:  10 %
Using 30 indices (first 30 from shuffled list)
Loading noise data from: results/noise_injection/by_dataset/cmc_Number_of_children_ever_born_noise0.2.csv 
Using 30 indices for  10 % of instances
Calculate prediction
Confusion matrix
Dataset: cmc 
Fold: 5 
Method: multinom 
Noise level:  20 %
Percentage of altered instances:  20 %
Using 59 indices (first 59 from shuffled list)
Loading noise data from: results/noise_injection/by_dataset/cmc_Number_of_children_ever_born_noise0.2.csv 
Using 59 indices for  20 % of instances
Calculate prediction
Confusion matrix
Dataset: cmc 
Fold: 5 
Method: multinom 
Noise level:  20 %
Percentage of altered instances:  25 %
Using 74 indices (first 74 from shuffled list)
Loading noise data from: results/noise_injection/by_dataset/cmc_Number_of_children_ever_born_noise0.2.csv 
Using 74 indices for  25 % of instances
Calculate prediction
Confusion matrix
Dataset: cmc 
Fold: 5 
Method: multinom 
Noise level:  20 %
Percentage of altered instances:  30 %
Using 88 indices (first 88 from shuffled list)
Loading noise data from: results/noise_injection/by_dataset/cmc_Number_of_children_ever_born_noise0.2.csv 
Using 88 indices for  30 % of instances
Calculate prediction
Confusion matrix
Dataset: cmc 
Fold: 5 
Method: multinom 
Noise level:  20 %
Percentage of altered instances:  40 %
Using 118 indices (first 118 from shuffled list)
Loading noise data from: results/noise_injection/by_dataset/cmc_Number_of_children_ever_born_noise0.2.csv 
Using 118 indices for  40 % of instances
Calculate prediction
Confusion matrix
Dataset: cmc 
Fold: 5 
Method: multinom 
Noise level:  20 %
Percentage of altered instances:  50 %
Using 148 indices (first 148 from shuffled list)
Loading noise data from: results/noise_injection/by_dataset/cmc_Number_of_children_ever_born_noise0.2.csv 
Using 148 indices for  50 % of instances
Calculate prediction
Confusion matrix
Dataset: cmc 
Fold: 5 
Method: multinom 
Noise level:  20 %
Percentage of altered instances:  60 %
Using 177 indices (first 177 from shuffled list)
Loading noise data from: results/noise_injection/by_dataset/cmc_Number_of_children_ever_born_noise0.2.csv 
Using 177 indices for  60 % of instances
Calculate prediction
Confusion matrix
Dataset: cmc 
Fold: 5 
Method: multinom 
Noise level:  20 %
Percentage of altered instances:  70 %
Using 206 indices (first 206 from shuffled list)
Loading noise data from: results/noise_injection/by_dataset/cmc_Number_of_children_ever_born_noise0.2.csv 
Using 206 indices for  70 % of instances
Calculate prediction
Confusion matrix
Dataset: cmc 
Fold: 5 
Method: multinom 
Noise level:  20 %
Percentage of altered instances:  75 %
Using 221 indices (first 221 from shuffled list)
Loading noise data from: results/noise_injection/by_dataset/cmc_Number_of_children_ever_born_noise0.2.csv 
Using 221 indices for  75 % of instances
Calculate prediction
Confusion matrix
Dataset: cmc 
Fold: 5 
Method: multinom 
Noise level:  20 %
Percentage of altered instances:  80 %
Using 236 indices (first 236 from shuffled list)
Loading noise data from: results/noise_injection/by_dataset/cmc_Number_of_children_ever_born_noise0.2.csv 
Using 236 indices for  80 % of instances
Calculate prediction
Confusion matrix
Dataset: cmc 
Fold: 5 
Method: multinom 
Noise level:  20 %
Percentage of altered instances:  90 %
Using 266 indices (first 266 from shuffled list)
Loading noise data from: results/noise_injection/by_dataset/cmc_Number_of_children_ever_born_noise0.2.csv 
Using 266 indices for  90 % of instances
Calculate prediction
Confusion matrix
Dataset: cmc 
Fold: 5 
Method: multinom 
Noise level:  20 %
Percentage of altered instances:  100 %
Using 295 indices (first 295 from shuffled list)
Loading noise data from: results/noise_injection/by_dataset/cmc_Number_of_children_ever_born_noise0.2.csv 
Using 295 indices for  100 % of instances
Calculate prediction
Confusion matrix

=== Training model with 30 % noise in training data ===
Critical percentage for training noise: 30 %
Loading training noise data from: results/noise_injection/by_dataset/cmc_Number_of_children_ever_born_noise0.3.csv 
Altering 353 out of 1178 training instances
# weights:  11 (10 variable)
initial  value 816.527379 
iter  10 value 722.737415
final  value 721.019496 
converged
Dataset: cmc 
Fold: 5 
Method: multinom 
Noise level:  30 %
Percentage of altered instances:  10 %
Using 30 indices (first 30 from shuffled list)
Loading noise data from: results/noise_injection/by_dataset/cmc_Number_of_children_ever_born_noise0.3.csv 
Using 30 indices for  10 % of instances
Calculate prediction
Confusion matrix
Dataset: cmc 
Fold: 5 
Method: multinom 
Noise level:  30 %
Percentage of altered instances:  20 %
Using 59 indices (first 59 from shuffled list)
Loading noise data from: results/noise_injection/by_dataset/cmc_Number_of_children_ever_born_noise0.3.csv 
Using 59 indices for  20 % of instances
Calculate prediction
Confusion matrix
Dataset: cmc 
Fold: 5 
Method: multinom 
Noise level:  30 %
Percentage of altered instances:  25 %
Using 74 indices (first 74 from shuffled list)
Loading noise data from: results/noise_injection/by_dataset/cmc_Number_of_children_ever_born_noise0.3.csv 
Using 74 indices for  25 % of instances
Calculate prediction
Confusion matrix
Dataset: cmc 
Fold: 5 
Method: multinom 
Noise level:  30 %
Percentage of altered instances:  30 %
Using 88 indices (first 88 from shuffled list)
Loading noise data from: results/noise_injection/by_dataset/cmc_Number_of_children_ever_born_noise0.3.csv 
Using 88 indices for  30 % of instances
Calculate prediction
Confusion matrix
Dataset: cmc 
Fold: 5 
Method: multinom 
Noise level:  30 %
Percentage of altered instances:  40 %
Using 118 indices (first 118 from shuffled list)
Loading noise data from: results/noise_injection/by_dataset/cmc_Number_of_children_ever_born_noise0.3.csv 
Using 118 indices for  40 % of instances
Calculate prediction
Confusion matrix
Dataset: cmc 
Fold: 5 
Method: multinom 
Noise level:  30 %
Percentage of altered instances:  50 %
Using 148 indices (first 148 from shuffled list)
Loading noise data from: results/noise_injection/by_dataset/cmc_Number_of_children_ever_born_noise0.3.csv 
Using 148 indices for  50 % of instances
Calculate prediction
Confusion matrix
Dataset: cmc 
Fold: 5 
Method: multinom 
Noise level:  30 %
Percentage of altered instances:  60 %
Using 177 indices (first 177 from shuffled list)
Loading noise data from: results/noise_injection/by_dataset/cmc_Number_of_children_ever_born_noise0.3.csv 
Using 177 indices for  60 % of instances
Calculate prediction
Confusion matrix
Dataset: cmc 
Fold: 5 
Method: multinom 
Noise level:  30 %
Percentage of altered instances:  70 %
Using 206 indices (first 206 from shuffled list)
Loading noise data from: results/noise_injection/by_dataset/cmc_Number_of_children_ever_born_noise0.3.csv 
Using 206 indices for  70 % of instances
Calculate prediction
Confusion matrix
Dataset: cmc 
Fold: 5 
Method: multinom 
Noise level:  30 %
Percentage of altered instances:  75 %
Using 221 indices (first 221 from shuffled list)
Loading noise data from: results/noise_injection/by_dataset/cmc_Number_of_children_ever_born_noise0.3.csv 
Using 221 indices for  75 % of instances
Calculate prediction
Confusion matrix
Dataset: cmc 
Fold: 5 
Method: multinom 
Noise level:  30 %
Percentage of altered instances:  80 %
Using 236 indices (first 236 from shuffled list)
Loading noise data from: results/noise_injection/by_dataset/cmc_Number_of_children_ever_born_noise0.3.csv 
Using 236 indices for  80 % of instances
Calculate prediction
Confusion matrix
Dataset: cmc 
Fold: 5 
Method: multinom 
Noise level:  30 %
Percentage of altered instances:  90 %
Using 266 indices (first 266 from shuffled list)
Loading noise data from: results/noise_injection/by_dataset/cmc_Number_of_children_ever_born_noise0.3.csv 
Using 266 indices for  90 % of instances
Calculate prediction
Confusion matrix
Dataset: cmc 
Fold: 5 
Method: multinom 
Noise level:  30 %
Percentage of altered instances:  100 %
Using 295 indices (first 295 from shuffled list)
Loading noise data from: results/noise_injection/by_dataset/cmc_Number_of_children_ever_born_noise0.3.csv 
Using 295 indices for  100 % of instances
Calculate prediction
Confusion matrix
Saved results to: results/instances/train_noise/by_dataset/cmc_multinom_results.csv 
----------------
****************************
Instances altered with noise
****************************
