Current working directory: /home/chris/github/kappa-threshold 
parameters.csv exists: TRUE 
parameters.csv absolute path: /home/chris/github/kappa-threshold/data/files/parameters.csv 
Processing model: multinom for dataset: diabetes 
Loaded 154 indices for fold 1 from: results/instances/original/vectors/diabetes_multinom_all_folds.csv 

=== Training model with 10 % noise in training data ===
Critical percentage for training noise: 100 %
Loading training noise data from: results/noise_injection/by_dataset/diabetes_plas_noise0.1.csv 
Altering 614 out of 614 training instances
# weights:  10 (9 variable)
initial  value 425.592369 
iter  10 value 311.099450
final  value 290.472698 
converged
Dataset: diabetes 
Fold: 1 
Method: multinom 
Noise level:  10 %
Percentage of altered instances:  10 %
Using 15 indices (first 15 from shuffled list)
Loading noise data from: results/noise_injection/by_dataset/diabetes_plas_noise0.1.csv 
Using 15 indices for  10 % of instances
Calculate prediction
Confusion matrix
Dataset: diabetes 
Fold: 1 
Method: multinom 
Noise level:  10 %
Percentage of altered instances:  20 %
Using 31 indices (first 31 from shuffled list)
Loading noise data from: results/noise_injection/by_dataset/diabetes_plas_noise0.1.csv 
Using 31 indices for  20 % of instances
Calculate prediction
Confusion matrix
Dataset: diabetes 
Fold: 1 
Method: multinom 
Noise level:  10 %
Percentage of altered instances:  25 %
Using 38 indices (first 38 from shuffled list)
Loading noise data from: results/noise_injection/by_dataset/diabetes_plas_noise0.1.csv 
Using 38 indices for  25 % of instances
Calculate prediction
Confusion matrix
Dataset: diabetes 
Fold: 1 
Method: multinom 
Noise level:  10 %
Percentage of altered instances:  30 %
Using 46 indices (first 46 from shuffled list)
Loading noise data from: results/noise_injection/by_dataset/diabetes_plas_noise0.1.csv 
Using 46 indices for  30 % of instances
Calculate prediction
Confusion matrix
Dataset: diabetes 
Fold: 1 
Method: multinom 
Noise level:  10 %
Percentage of altered instances:  40 %
Using 62 indices (first 62 from shuffled list)
Loading noise data from: results/noise_injection/by_dataset/diabetes_plas_noise0.1.csv 
Using 62 indices for  40 % of instances
Calculate prediction
Confusion matrix
Dataset: diabetes 
Fold: 1 
Method: multinom 
Noise level:  10 %
Percentage of altered instances:  50 %
Using 77 indices (first 77 from shuffled list)
Loading noise data from: results/noise_injection/by_dataset/diabetes_plas_noise0.1.csv 
Using 77 indices for  50 % of instances
Calculate prediction
Confusion matrix
Dataset: diabetes 
Fold: 1 
Method: multinom 
Noise level:  10 %
Percentage of altered instances:  60 %
Using 92 indices (first 92 from shuffled list)
Loading noise data from: results/noise_injection/by_dataset/diabetes_plas_noise0.1.csv 
Using 92 indices for  60 % of instances
Calculate prediction
Confusion matrix
Dataset: diabetes 
Fold: 1 
Method: multinom 
Noise level:  10 %
Percentage of altered instances:  70 %
Using 108 indices (first 108 from shuffled list)
Loading noise data from: results/noise_injection/by_dataset/diabetes_plas_noise0.1.csv 
Using 108 indices for  70 % of instances
Calculate prediction
Confusion matrix
Dataset: diabetes 
Fold: 1 
Method: multinom 
Noise level:  10 %
Percentage of altered instances:  75 %
Using 116 indices (first 116 from shuffled list)
Loading noise data from: results/noise_injection/by_dataset/diabetes_plas_noise0.1.csv 
Using 116 indices for  75 % of instances
Calculate prediction
Confusion matrix
Dataset: diabetes 
Fold: 1 
Method: multinom 
Noise level:  10 %
Percentage of altered instances:  80 %
Using 123 indices (first 123 from shuffled list)
Loading noise data from: results/noise_injection/by_dataset/diabetes_plas_noise0.1.csv 
Using 123 indices for  80 % of instances
Calculate prediction
Confusion matrix
Dataset: diabetes 
Fold: 1 
Method: multinom 
Noise level:  10 %
Percentage of altered instances:  90 %
Using 139 indices (first 139 from shuffled list)
Loading noise data from: results/noise_injection/by_dataset/diabetes_plas_noise0.1.csv 
Using 139 indices for  90 % of instances
Calculate prediction
Confusion matrix
Dataset: diabetes 
Fold: 1 
Method: multinom 
Noise level:  10 %
Percentage of altered instances:  100 %
Using 154 indices (first 154 from shuffled list)
Loading noise data from: results/noise_injection/by_dataset/diabetes_plas_noise0.1.csv 
Using 154 indices for  100 % of instances
Calculate prediction
Confusion matrix

=== Training model with 20 % noise in training data ===
Critical percentage for training noise: 80 %
Loading training noise data from: results/noise_injection/by_dataset/diabetes_plas_noise0.2.csv 
Altering 491 out of 614 training instances
# weights:  10 (9 variable)
initial  value 425.592369 
iter  10 value 309.018366
final  value 289.257988 
converged
Dataset: diabetes 
Fold: 1 
Method: multinom 
Noise level:  20 %
Percentage of altered instances:  10 %
Using 15 indices (first 15 from shuffled list)
Loading noise data from: results/noise_injection/by_dataset/diabetes_plas_noise0.2.csv 
Using 15 indices for  10 % of instances
Calculate prediction
Confusion matrix
Dataset: diabetes 
Fold: 1 
Method: multinom 
Noise level:  20 %
Percentage of altered instances:  20 %
Using 31 indices (first 31 from shuffled list)
Loading noise data from: results/noise_injection/by_dataset/diabetes_plas_noise0.2.csv 
Using 31 indices for  20 % of instances
Calculate prediction
Confusion matrix
Dataset: diabetes 
Fold: 1 
Method: multinom 
Noise level:  20 %
Percentage of altered instances:  25 %
Using 38 indices (first 38 from shuffled list)
Loading noise data from: results/noise_injection/by_dataset/diabetes_plas_noise0.2.csv 
Using 38 indices for  25 % of instances
Calculate prediction
Confusion matrix
Dataset: diabetes 
Fold: 1 
Method: multinom 
Noise level:  20 %
Percentage of altered instances:  30 %
Using 46 indices (first 46 from shuffled list)
Loading noise data from: results/noise_injection/by_dataset/diabetes_plas_noise0.2.csv 
Using 46 indices for  30 % of instances
Calculate prediction
Confusion matrix
Dataset: diabetes 
Fold: 1 
Method: multinom 
Noise level:  20 %
Percentage of altered instances:  40 %
Using 62 indices (first 62 from shuffled list)
Loading noise data from: results/noise_injection/by_dataset/diabetes_plas_noise0.2.csv 
Using 62 indices for  40 % of instances
Calculate prediction
Confusion matrix
Dataset: diabetes 
Fold: 1 
Method: multinom 
Noise level:  20 %
Percentage of altered instances:  50 %
Using 77 indices (first 77 from shuffled list)
Loading noise data from: results/noise_injection/by_dataset/diabetes_plas_noise0.2.csv 
Using 77 indices for  50 % of instances
Calculate prediction
Confusion matrix
Dataset: diabetes 
Fold: 1 
Method: multinom 
Noise level:  20 %
Percentage of altered instances:  60 %
Using 92 indices (first 92 from shuffled list)
Loading noise data from: results/noise_injection/by_dataset/diabetes_plas_noise0.2.csv 
Using 92 indices for  60 % of instances
Calculate prediction
Confusion matrix
Dataset: diabetes 
Fold: 1 
Method: multinom 
Noise level:  20 %
Percentage of altered instances:  70 %
Using 108 indices (first 108 from shuffled list)
Loading noise data from: results/noise_injection/by_dataset/diabetes_plas_noise0.2.csv 
Using 108 indices for  70 % of instances
Calculate prediction
Confusion matrix
Dataset: diabetes 
Fold: 1 
Method: multinom 
Noise level:  20 %
Percentage of altered instances:  75 %
Using 116 indices (first 116 from shuffled list)
Loading noise data from: results/noise_injection/by_dataset/diabetes_plas_noise0.2.csv 
Using 116 indices for  75 % of instances
Calculate prediction
Confusion matrix
Dataset: diabetes 
Fold: 1 
Method: multinom 
Noise level:  20 %
Percentage of altered instances:  80 %
Using 123 indices (first 123 from shuffled list)
Loading noise data from: results/noise_injection/by_dataset/diabetes_plas_noise0.2.csv 
Using 123 indices for  80 % of instances
Calculate prediction
Confusion matrix
Dataset: diabetes 
Fold: 1 
Method: multinom 
Noise level:  20 %
Percentage of altered instances:  90 %
Using 139 indices (first 139 from shuffled list)
Loading noise data from: results/noise_injection/by_dataset/diabetes_plas_noise0.2.csv 
Using 139 indices for  90 % of instances
Calculate prediction
Confusion matrix
Dataset: diabetes 
Fold: 1 
Method: multinom 
Noise level:  20 %
Percentage of altered instances:  100 %
Using 154 indices (first 154 from shuffled list)
Loading noise data from: results/noise_injection/by_dataset/diabetes_plas_noise0.2.csv 
Using 154 indices for  100 % of instances
Calculate prediction
Confusion matrix

=== Training model with 30 % noise in training data ===
Critical percentage for training noise: 40 %
Loading training noise data from: results/noise_injection/by_dataset/diabetes_plas_noise0.3.csv 
Altering 246 out of 614 training instances
# weights:  10 (9 variable)
initial  value 425.592369 
iter  10 value 313.924950
final  value 291.722442 
converged
Dataset: diabetes 
Fold: 1 
Method: multinom 
Noise level:  30 %
Percentage of altered instances:  10 %
Using 15 indices (first 15 from shuffled list)
Loading noise data from: results/noise_injection/by_dataset/diabetes_plas_noise0.3.csv 
Using 15 indices for  10 % of instances
Calculate prediction
Confusion matrix
Dataset: diabetes 
Fold: 1 
Method: multinom 
Noise level:  30 %
Percentage of altered instances:  20 %
Using 31 indices (first 31 from shuffled list)
Loading noise data from: results/noise_injection/by_dataset/diabetes_plas_noise0.3.csv 
Using 31 indices for  20 % of instances
Calculate prediction
Confusion matrix
Dataset: diabetes 
Fold: 1 
Method: multinom 
Noise level:  30 %
Percentage of altered instances:  25 %
Using 38 indices (first 38 from shuffled list)
Loading noise data from: results/noise_injection/by_dataset/diabetes_plas_noise0.3.csv 
Using 38 indices for  25 % of instances
Calculate prediction
Confusion matrix
Dataset: diabetes 
Fold: 1 
Method: multinom 
Noise level:  30 %
Percentage of altered instances:  30 %
Using 46 indices (first 46 from shuffled list)
Loading noise data from: results/noise_injection/by_dataset/diabetes_plas_noise0.3.csv 
Using 46 indices for  30 % of instances
Calculate prediction
Confusion matrix
Dataset: diabetes 
Fold: 1 
Method: multinom 
Noise level:  30 %
Percentage of altered instances:  40 %
Using 62 indices (first 62 from shuffled list)
Loading noise data from: results/noise_injection/by_dataset/diabetes_plas_noise0.3.csv 
Using 62 indices for  40 % of instances
Calculate prediction
Confusion matrix
Dataset: diabetes 
Fold: 1 
Method: multinom 
Noise level:  30 %
Percentage of altered instances:  50 %
Using 77 indices (first 77 from shuffled list)
Loading noise data from: results/noise_injection/by_dataset/diabetes_plas_noise0.3.csv 
Using 77 indices for  50 % of instances
Calculate prediction
Confusion matrix
Dataset: diabetes 
Fold: 1 
Method: multinom 
Noise level:  30 %
Percentage of altered instances:  60 %
Using 92 indices (first 92 from shuffled list)
Loading noise data from: results/noise_injection/by_dataset/diabetes_plas_noise0.3.csv 
Using 92 indices for  60 % of instances
Calculate prediction
Confusion matrix
Dataset: diabetes 
Fold: 1 
Method: multinom 
Noise level:  30 %
Percentage of altered instances:  70 %
Using 108 indices (first 108 from shuffled list)
Loading noise data from: results/noise_injection/by_dataset/diabetes_plas_noise0.3.csv 
Using 108 indices for  70 % of instances
Calculate prediction
Confusion matrix
Dataset: diabetes 
Fold: 1 
Method: multinom 
Noise level:  30 %
Percentage of altered instances:  75 %
Using 116 indices (first 116 from shuffled list)
Loading noise data from: results/noise_injection/by_dataset/diabetes_plas_noise0.3.csv 
Using 116 indices for  75 % of instances
Calculate prediction
Confusion matrix
Dataset: diabetes 
Fold: 1 
Method: multinom 
Noise level:  30 %
Percentage of altered instances:  80 %
Using 123 indices (first 123 from shuffled list)
Loading noise data from: results/noise_injection/by_dataset/diabetes_plas_noise0.3.csv 
Using 123 indices for  80 % of instances
Calculate prediction
Confusion matrix
Dataset: diabetes 
Fold: 1 
Method: multinom 
Noise level:  30 %
Percentage of altered instances:  90 %
Using 139 indices (first 139 from shuffled list)
Loading noise data from: results/noise_injection/by_dataset/diabetes_plas_noise0.3.csv 
Using 139 indices for  90 % of instances
Calculate prediction
Confusion matrix
Dataset: diabetes 
Fold: 1 
Method: multinom 
Noise level:  30 %
Percentage of altered instances:  100 %
Using 154 indices (first 154 from shuffled list)
Loading noise data from: results/noise_injection/by_dataset/diabetes_plas_noise0.3.csv 
Using 154 indices for  100 % of instances
Calculate prediction
Confusion matrix
Loaded 153 indices for fold 2 from: results/instances/original/vectors/diabetes_multinom_all_folds.csv 

=== Training model with 10 % noise in training data ===
Critical percentage for training noise: 100 %
Loading training noise data from: results/noise_injection/by_dataset/diabetes_plas_noise0.1.csv 
Altering 615 out of 615 training instances
# weights:  10 (9 variable)
initial  value 426.285516 
iter  10 value 284.668092
final  value 281.730104 
converged
Dataset: diabetes 
Fold: 2 
Method: multinom 
Noise level:  10 %
Percentage of altered instances:  10 %
Using 15 indices (first 15 from shuffled list)
Loading noise data from: results/noise_injection/by_dataset/diabetes_plas_noise0.1.csv 
Using 15 indices for  10 % of instances
Calculate prediction
Confusion matrix
Dataset: diabetes 
Fold: 2 
Method: multinom 
Noise level:  10 %
Percentage of altered instances:  20 %
Using 31 indices (first 31 from shuffled list)
Loading noise data from: results/noise_injection/by_dataset/diabetes_plas_noise0.1.csv 
Using 31 indices for  20 % of instances
Calculate prediction
Confusion matrix
Dataset: diabetes 
Fold: 2 
Method: multinom 
Noise level:  10 %
Percentage of altered instances:  25 %
Using 38 indices (first 38 from shuffled list)
Loading noise data from: results/noise_injection/by_dataset/diabetes_plas_noise0.1.csv 
Using 38 indices for  25 % of instances
Calculate prediction
Confusion matrix
Dataset: diabetes 
Fold: 2 
Method: multinom 
Noise level:  10 %
Percentage of altered instances:  30 %
Using 46 indices (first 46 from shuffled list)
Loading noise data from: results/noise_injection/by_dataset/diabetes_plas_noise0.1.csv 
Using 46 indices for  30 % of instances
Calculate prediction
Confusion matrix
Dataset: diabetes 
Fold: 2 
Method: multinom 
Noise level:  10 %
Percentage of altered instances:  40 %
Using 61 indices (first 61 from shuffled list)
Loading noise data from: results/noise_injection/by_dataset/diabetes_plas_noise0.1.csv 
Using 61 indices for  40 % of instances
Calculate prediction
Confusion matrix
Dataset: diabetes 
Fold: 2 
Method: multinom 
Noise level:  10 %
Percentage of altered instances:  50 %
Using 76 indices (first 76 from shuffled list)
Loading noise data from: results/noise_injection/by_dataset/diabetes_plas_noise0.1.csv 
Using 76 indices for  50 % of instances
Calculate prediction
Confusion matrix
Dataset: diabetes 
Fold: 2 
Method: multinom 
Noise level:  10 %
Percentage of altered instances:  60 %
Using 92 indices (first 92 from shuffled list)
Loading noise data from: results/noise_injection/by_dataset/diabetes_plas_noise0.1.csv 
Using 92 indices for  60 % of instances
Calculate prediction
Confusion matrix
Dataset: diabetes 
Fold: 2 
Method: multinom 
Noise level:  10 %
Percentage of altered instances:  70 %
Using 107 indices (first 107 from shuffled list)
Loading noise data from: results/noise_injection/by_dataset/diabetes_plas_noise0.1.csv 
Using 107 indices for  70 % of instances
Calculate prediction
Confusion matrix
Dataset: diabetes 
Fold: 2 
Method: multinom 
Noise level:  10 %
Percentage of altered instances:  75 %
Using 115 indices (first 115 from shuffled list)
Loading noise data from: results/noise_injection/by_dataset/diabetes_plas_noise0.1.csv 
Using 115 indices for  75 % of instances
Calculate prediction
Confusion matrix
Dataset: diabetes 
Fold: 2 
Method: multinom 
Noise level:  10 %
Percentage of altered instances:  80 %
Using 122 indices (first 122 from shuffled list)
Loading noise data from: results/noise_injection/by_dataset/diabetes_plas_noise0.1.csv 
Using 122 indices for  80 % of instances
Calculate prediction
Confusion matrix
Dataset: diabetes 
Fold: 2 
Method: multinom 
Noise level:  10 %
Percentage of altered instances:  90 %
Using 138 indices (first 138 from shuffled list)
Loading noise data from: results/noise_injection/by_dataset/diabetes_plas_noise0.1.csv 
Using 138 indices for  90 % of instances
Calculate prediction
Confusion matrix
Dataset: diabetes 
Fold: 2 
Method: multinom 
Noise level:  10 %
Percentage of altered instances:  100 %
Using 153 indices (first 153 from shuffled list)
Loading noise data from: results/noise_injection/by_dataset/diabetes_plas_noise0.1.csv 
Using 153 indices for  100 % of instances
Calculate prediction
Confusion matrix

=== Training model with 20 % noise in training data ===
Critical percentage for training noise: 80 %
Loading training noise data from: results/noise_injection/by_dataset/diabetes_plas_noise0.2.csv 
Altering 492 out of 615 training instances
# weights:  10 (9 variable)
initial  value 426.285516 
iter  10 value 285.231539
final  value 280.062625 
converged
Dataset: diabetes 
Fold: 2 
Method: multinom 
Noise level:  20 %
Percentage of altered instances:  10 %
Using 15 indices (first 15 from shuffled list)
Loading noise data from: results/noise_injection/by_dataset/diabetes_plas_noise0.2.csv 
Using 15 indices for  10 % of instances
Calculate prediction
Confusion matrix
Dataset: diabetes 
Fold: 2 
Method: multinom 
Noise level:  20 %
Percentage of altered instances:  20 %
Using 31 indices (first 31 from shuffled list)
Loading noise data from: results/noise_injection/by_dataset/diabetes_plas_noise0.2.csv 
Using 31 indices for  20 % of instances
Calculate prediction
Confusion matrix
Dataset: diabetes 
Fold: 2 
Method: multinom 
Noise level:  20 %
Percentage of altered instances:  25 %
Using 38 indices (first 38 from shuffled list)
Loading noise data from: results/noise_injection/by_dataset/diabetes_plas_noise0.2.csv 
Using 38 indices for  25 % of instances
Calculate prediction
Confusion matrix
Dataset: diabetes 
Fold: 2 
Method: multinom 
Noise level:  20 %
Percentage of altered instances:  30 %
Using 46 indices (first 46 from shuffled list)
Loading noise data from: results/noise_injection/by_dataset/diabetes_plas_noise0.2.csv 
Using 46 indices for  30 % of instances
Calculate prediction
Confusion matrix
Dataset: diabetes 
Fold: 2 
Method: multinom 
Noise level:  20 %
Percentage of altered instances:  40 %
Using 61 indices (first 61 from shuffled list)
Loading noise data from: results/noise_injection/by_dataset/diabetes_plas_noise0.2.csv 
Using 61 indices for  40 % of instances
Calculate prediction
Confusion matrix
Dataset: diabetes 
Fold: 2 
Method: multinom 
Noise level:  20 %
Percentage of altered instances:  50 %
Using 76 indices (first 76 from shuffled list)
Loading noise data from: results/noise_injection/by_dataset/diabetes_plas_noise0.2.csv 
Using 76 indices for  50 % of instances
Calculate prediction
Confusion matrix
Dataset: diabetes 
Fold: 2 
Method: multinom 
Noise level:  20 %
Percentage of altered instances:  60 %
Using 92 indices (first 92 from shuffled list)
Loading noise data from: results/noise_injection/by_dataset/diabetes_plas_noise0.2.csv 
Using 92 indices for  60 % of instances
Calculate prediction
Confusion matrix
Dataset: diabetes 
Fold: 2 
Method: multinom 
Noise level:  20 %
Percentage of altered instances:  70 %
Using 107 indices (first 107 from shuffled list)
Loading noise data from: results/noise_injection/by_dataset/diabetes_plas_noise0.2.csv 
Using 107 indices for  70 % of instances
Calculate prediction
Confusion matrix
Dataset: diabetes 
Fold: 2 
Method: multinom 
Noise level:  20 %
Percentage of altered instances:  75 %
Using 115 indices (first 115 from shuffled list)
Loading noise data from: results/noise_injection/by_dataset/diabetes_plas_noise0.2.csv 
Using 115 indices for  75 % of instances
Calculate prediction
Confusion matrix
Dataset: diabetes 
Fold: 2 
Method: multinom 
Noise level:  20 %
Percentage of altered instances:  80 %
Using 122 indices (first 122 from shuffled list)
Loading noise data from: results/noise_injection/by_dataset/diabetes_plas_noise0.2.csv 
Using 122 indices for  80 % of instances
Calculate prediction
Confusion matrix
Dataset: diabetes 
Fold: 2 
Method: multinom 
Noise level:  20 %
Percentage of altered instances:  90 %
Using 138 indices (first 138 from shuffled list)
Loading noise data from: results/noise_injection/by_dataset/diabetes_plas_noise0.2.csv 
Using 138 indices for  90 % of instances
Calculate prediction
Confusion matrix
Dataset: diabetes 
Fold: 2 
Method: multinom 
Noise level:  20 %
Percentage of altered instances:  100 %
Using 153 indices (first 153 from shuffled list)
Loading noise data from: results/noise_injection/by_dataset/diabetes_plas_noise0.2.csv 
Using 153 indices for  100 % of instances
Calculate prediction
Confusion matrix

=== Training model with 30 % noise in training data ===
Critical percentage for training noise: 40 %
Loading training noise data from: results/noise_injection/by_dataset/diabetes_plas_noise0.3.csv 
Altering 246 out of 615 training instances
# weights:  10 (9 variable)
initial  value 426.285516 
iter  10 value 288.755409
final  value 283.849124 
converged
Dataset: diabetes 
Fold: 2 
Method: multinom 
Noise level:  30 %
Percentage of altered instances:  10 %
Using 15 indices (first 15 from shuffled list)
Loading noise data from: results/noise_injection/by_dataset/diabetes_plas_noise0.3.csv 
Using 15 indices for  10 % of instances
Calculate prediction
Confusion matrix
Dataset: diabetes 
Fold: 2 
Method: multinom 
Noise level:  30 %
Percentage of altered instances:  20 %
Using 31 indices (first 31 from shuffled list)
Loading noise data from: results/noise_injection/by_dataset/diabetes_plas_noise0.3.csv 
Using 31 indices for  20 % of instances
Calculate prediction
Confusion matrix
Dataset: diabetes 
Fold: 2 
Method: multinom 
Noise level:  30 %
Percentage of altered instances:  25 %
Using 38 indices (first 38 from shuffled list)
Loading noise data from: results/noise_injection/by_dataset/diabetes_plas_noise0.3.csv 
Using 38 indices for  25 % of instances
Calculate prediction
Confusion matrix
Dataset: diabetes 
Fold: 2 
Method: multinom 
Noise level:  30 %
Percentage of altered instances:  30 %
Using 46 indices (first 46 from shuffled list)
Loading noise data from: results/noise_injection/by_dataset/diabetes_plas_noise0.3.csv 
Using 46 indices for  30 % of instances
Calculate prediction
Confusion matrix
Dataset: diabetes 
Fold: 2 
Method: multinom 
Noise level:  30 %
Percentage of altered instances:  40 %
Using 61 indices (first 61 from shuffled list)
Loading noise data from: results/noise_injection/by_dataset/diabetes_plas_noise0.3.csv 
Using 61 indices for  40 % of instances
Calculate prediction
Confusion matrix
Dataset: diabetes 
Fold: 2 
Method: multinom 
Noise level:  30 %
Percentage of altered instances:  50 %
Using 76 indices (first 76 from shuffled list)
Loading noise data from: results/noise_injection/by_dataset/diabetes_plas_noise0.3.csv 
Using 76 indices for  50 % of instances
Calculate prediction
Confusion matrix
Dataset: diabetes 
Fold: 2 
Method: multinom 
Noise level:  30 %
Percentage of altered instances:  60 %
Using 92 indices (first 92 from shuffled list)
Loading noise data from: results/noise_injection/by_dataset/diabetes_plas_noise0.3.csv 
Using 92 indices for  60 % of instances
Calculate prediction
Confusion matrix
Dataset: diabetes 
Fold: 2 
Method: multinom 
Noise level:  30 %
Percentage of altered instances:  70 %
Using 107 indices (first 107 from shuffled list)
Loading noise data from: results/noise_injection/by_dataset/diabetes_plas_noise0.3.csv 
Using 107 indices for  70 % of instances
Calculate prediction
Confusion matrix
Dataset: diabetes 
Fold: 2 
Method: multinom 
Noise level:  30 %
Percentage of altered instances:  75 %
Using 115 indices (first 115 from shuffled list)
Loading noise data from: results/noise_injection/by_dataset/diabetes_plas_noise0.3.csv 
Using 115 indices for  75 % of instances
Calculate prediction
Confusion matrix
Dataset: diabetes 
Fold: 2 
Method: multinom 
Noise level:  30 %
Percentage of altered instances:  80 %
Using 122 indices (first 122 from shuffled list)
Loading noise data from: results/noise_injection/by_dataset/diabetes_plas_noise0.3.csv 
Using 122 indices for  80 % of instances
Calculate prediction
Confusion matrix
Dataset: diabetes 
Fold: 2 
Method: multinom 
Noise level:  30 %
Percentage of altered instances:  90 %
Using 138 indices (first 138 from shuffled list)
Loading noise data from: results/noise_injection/by_dataset/diabetes_plas_noise0.3.csv 
Using 138 indices for  90 % of instances
Calculate prediction
Confusion matrix
Dataset: diabetes 
Fold: 2 
Method: multinom 
Noise level:  30 %
Percentage of altered instances:  100 %
Using 153 indices (first 153 from shuffled list)
Loading noise data from: results/noise_injection/by_dataset/diabetes_plas_noise0.3.csv 
Using 153 indices for  100 % of instances
Calculate prediction
Confusion matrix
Loaded 154 indices for fold 3 from: results/instances/original/vectors/diabetes_multinom_all_folds.csv 

=== Training model with 10 % noise in training data ===
Critical percentage for training noise: 100 %
Loading training noise data from: results/noise_injection/by_dataset/diabetes_plas_noise0.1.csv 
Altering 614 out of 614 training instances
# weights:  10 (9 variable)
initial  value 425.592369 
iter  10 value 307.079551
final  value 295.563006 
converged
Dataset: diabetes 
Fold: 3 
Method: multinom 
Noise level:  10 %
Percentage of altered instances:  10 %
Using 15 indices (first 15 from shuffled list)
Loading noise data from: results/noise_injection/by_dataset/diabetes_plas_noise0.1.csv 
Using 15 indices for  10 % of instances
Calculate prediction
Confusion matrix
Dataset: diabetes 
Fold: 3 
Method: multinom 
Noise level:  10 %
Percentage of altered instances:  20 %
Using 31 indices (first 31 from shuffled list)
Loading noise data from: results/noise_injection/by_dataset/diabetes_plas_noise0.1.csv 
Using 31 indices for  20 % of instances
Calculate prediction
Confusion matrix
Dataset: diabetes 
Fold: 3 
Method: multinom 
Noise level:  10 %
Percentage of altered instances:  25 %
Using 38 indices (first 38 from shuffled list)
Loading noise data from: results/noise_injection/by_dataset/diabetes_plas_noise0.1.csv 
Using 38 indices for  25 % of instances
Calculate prediction
Confusion matrix
Dataset: diabetes 
Fold: 3 
Method: multinom 
Noise level:  10 %
Percentage of altered instances:  30 %
Using 46 indices (first 46 from shuffled list)
Loading noise data from: results/noise_injection/by_dataset/diabetes_plas_noise0.1.csv 
Using 46 indices for  30 % of instances
Calculate prediction
Confusion matrix
Dataset: diabetes 
Fold: 3 
Method: multinom 
Noise level:  10 %
Percentage of altered instances:  40 %
Using 62 indices (first 62 from shuffled list)
Loading noise data from: results/noise_injection/by_dataset/diabetes_plas_noise0.1.csv 
Using 62 indices for  40 % of instances
Calculate prediction
Confusion matrix
Dataset: diabetes 
Fold: 3 
Method: multinom 
Noise level:  10 %
Percentage of altered instances:  50 %
Using 77 indices (first 77 from shuffled list)
Loading noise data from: results/noise_injection/by_dataset/diabetes_plas_noise0.1.csv 
Using 77 indices for  50 % of instances
Calculate prediction
Confusion matrix
Dataset: diabetes 
Fold: 3 
Method: multinom 
Noise level:  10 %
Percentage of altered instances:  60 %
Using 92 indices (first 92 from shuffled list)
Loading noise data from: results/noise_injection/by_dataset/diabetes_plas_noise0.1.csv 
Using 92 indices for  60 % of instances
Calculate prediction
Confusion matrix
Dataset: diabetes 
Fold: 3 
Method: multinom 
Noise level:  10 %
Percentage of altered instances:  70 %
Using 108 indices (first 108 from shuffled list)
Loading noise data from: results/noise_injection/by_dataset/diabetes_plas_noise0.1.csv 
Using 108 indices for  70 % of instances
Calculate prediction
Confusion matrix
Dataset: diabetes 
Fold: 3 
Method: multinom 
Noise level:  10 %
Percentage of altered instances:  75 %
Using 116 indices (first 116 from shuffled list)
Loading noise data from: results/noise_injection/by_dataset/diabetes_plas_noise0.1.csv 
Using 116 indices for  75 % of instances
Calculate prediction
Confusion matrix
Dataset: diabetes 
Fold: 3 
Method: multinom 
Noise level:  10 %
Percentage of altered instances:  80 %
Using 123 indices (first 123 from shuffled list)
Loading noise data from: results/noise_injection/by_dataset/diabetes_plas_noise0.1.csv 
Using 123 indices for  80 % of instances
Calculate prediction
Confusion matrix
Dataset: diabetes 
Fold: 3 
Method: multinom 
Noise level:  10 %
Percentage of altered instances:  90 %
Using 139 indices (first 139 from shuffled list)
Loading noise data from: results/noise_injection/by_dataset/diabetes_plas_noise0.1.csv 
Using 139 indices for  90 % of instances
Calculate prediction
Confusion matrix
Dataset: diabetes 
Fold: 3 
Method: multinom 
Noise level:  10 %
Percentage of altered instances:  100 %
Using 154 indices (first 154 from shuffled list)
Loading noise data from: results/noise_injection/by_dataset/diabetes_plas_noise0.1.csv 
Using 154 indices for  100 % of instances
Calculate prediction
Confusion matrix

=== Training model with 20 % noise in training data ===
Critical percentage for training noise: 80 %
Loading training noise data from: results/noise_injection/by_dataset/diabetes_plas_noise0.2.csv 
Altering 491 out of 614 training instances
# weights:  10 (9 variable)
initial  value 425.592369 
iter  10 value 304.220750
final  value 295.384752 
converged
Dataset: diabetes 
Fold: 3 
Method: multinom 
Noise level:  20 %
Percentage of altered instances:  10 %
Using 15 indices (first 15 from shuffled list)
Loading noise data from: results/noise_injection/by_dataset/diabetes_plas_noise0.2.csv 
Using 15 indices for  10 % of instances
Calculate prediction
Confusion matrix
Dataset: diabetes 
Fold: 3 
Method: multinom 
Noise level:  20 %
Percentage of altered instances:  20 %
Using 31 indices (first 31 from shuffled list)
Loading noise data from: results/noise_injection/by_dataset/diabetes_plas_noise0.2.csv 
Using 31 indices for  20 % of instances
Calculate prediction
Confusion matrix
Dataset: diabetes 
Fold: 3 
Method: multinom 
Noise level:  20 %
Percentage of altered instances:  25 %
Using 38 indices (first 38 from shuffled list)
Loading noise data from: results/noise_injection/by_dataset/diabetes_plas_noise0.2.csv 
Using 38 indices for  25 % of instances
Calculate prediction
Confusion matrix
Dataset: diabetes 
Fold: 3 
Method: multinom 
Noise level:  20 %
Percentage of altered instances:  30 %
Using 46 indices (first 46 from shuffled list)
Loading noise data from: results/noise_injection/by_dataset/diabetes_plas_noise0.2.csv 
Using 46 indices for  30 % of instances
Calculate prediction
Confusion matrix
Dataset: diabetes 
Fold: 3 
Method: multinom 
Noise level:  20 %
Percentage of altered instances:  40 %
Using 62 indices (first 62 from shuffled list)
Loading noise data from: results/noise_injection/by_dataset/diabetes_plas_noise0.2.csv 
Using 62 indices for  40 % of instances
Calculate prediction
Confusion matrix
Dataset: diabetes 
Fold: 3 
Method: multinom 
Noise level:  20 %
Percentage of altered instances:  50 %
Using 77 indices (first 77 from shuffled list)
Loading noise data from: results/noise_injection/by_dataset/diabetes_plas_noise0.2.csv 
Using 77 indices for  50 % of instances
Calculate prediction
Confusion matrix
Dataset: diabetes 
Fold: 3 
Method: multinom 
Noise level:  20 %
Percentage of altered instances:  60 %
Using 92 indices (first 92 from shuffled list)
Loading noise data from: results/noise_injection/by_dataset/diabetes_plas_noise0.2.csv 
Using 92 indices for  60 % of instances
Calculate prediction
Confusion matrix
Dataset: diabetes 
Fold: 3 
Method: multinom 
Noise level:  20 %
Percentage of altered instances:  70 %
Using 108 indices (first 108 from shuffled list)
Loading noise data from: results/noise_injection/by_dataset/diabetes_plas_noise0.2.csv 
Using 108 indices for  70 % of instances
Calculate prediction
Confusion matrix
Dataset: diabetes 
Fold: 3 
Method: multinom 
Noise level:  20 %
Percentage of altered instances:  75 %
Using 116 indices (first 116 from shuffled list)
Loading noise data from: results/noise_injection/by_dataset/diabetes_plas_noise0.2.csv 
Using 116 indices for  75 % of instances
Calculate prediction
Confusion matrix
Dataset: diabetes 
Fold: 3 
Method: multinom 
Noise level:  20 %
Percentage of altered instances:  80 %
Using 123 indices (first 123 from shuffled list)
Loading noise data from: results/noise_injection/by_dataset/diabetes_plas_noise0.2.csv 
Using 123 indices for  80 % of instances
Calculate prediction
Confusion matrix
Dataset: diabetes 
Fold: 3 
Method: multinom 
Noise level:  20 %
Percentage of altered instances:  90 %
Using 139 indices (first 139 from shuffled list)
Loading noise data from: results/noise_injection/by_dataset/diabetes_plas_noise0.2.csv 
Using 139 indices for  90 % of instances
Calculate prediction
Confusion matrix
Dataset: diabetes 
Fold: 3 
Method: multinom 
Noise level:  20 %
Percentage of altered instances:  100 %
Using 154 indices (first 154 from shuffled list)
Loading noise data from: results/noise_injection/by_dataset/diabetes_plas_noise0.2.csv 
Using 154 indices for  100 % of instances
Calculate prediction
Confusion matrix

=== Training model with 30 % noise in training data ===
Critical percentage for training noise: 40 %
Loading training noise data from: results/noise_injection/by_dataset/diabetes_plas_noise0.3.csv 
Altering 246 out of 614 training instances
# weights:  10 (9 variable)
initial  value 425.592369 
iter  10 value 356.983912
final  value 296.311697 
converged
Dataset: diabetes 
Fold: 3 
Method: multinom 
Noise level:  30 %
Percentage of altered instances:  10 %
Using 15 indices (first 15 from shuffled list)
Loading noise data from: results/noise_injection/by_dataset/diabetes_plas_noise0.3.csv 
Using 15 indices for  10 % of instances
Calculate prediction
Confusion matrix
Dataset: diabetes 
Fold: 3 
Method: multinom 
Noise level:  30 %
Percentage of altered instances:  20 %
Using 31 indices (first 31 from shuffled list)
Loading noise data from: results/noise_injection/by_dataset/diabetes_plas_noise0.3.csv 
Using 31 indices for  20 % of instances
Calculate prediction
Confusion matrix
Dataset: diabetes 
Fold: 3 
Method: multinom 
Noise level:  30 %
Percentage of altered instances:  25 %
Using 38 indices (first 38 from shuffled list)
Loading noise data from: results/noise_injection/by_dataset/diabetes_plas_noise0.3.csv 
Using 38 indices for  25 % of instances
Calculate prediction
Confusion matrix
Dataset: diabetes 
Fold: 3 
Method: multinom 
Noise level:  30 %
Percentage of altered instances:  30 %
Using 46 indices (first 46 from shuffled list)
Loading noise data from: results/noise_injection/by_dataset/diabetes_plas_noise0.3.csv 
Using 46 indices for  30 % of instances
Calculate prediction
Confusion matrix
Dataset: diabetes 
Fold: 3 
Method: multinom 
Noise level:  30 %
Percentage of altered instances:  40 %
Using 62 indices (first 62 from shuffled list)
Loading noise data from: results/noise_injection/by_dataset/diabetes_plas_noise0.3.csv 
Using 62 indices for  40 % of instances
Calculate prediction
Confusion matrix
Dataset: diabetes 
Fold: 3 
Method: multinom 
Noise level:  30 %
Percentage of altered instances:  50 %
Using 77 indices (first 77 from shuffled list)
Loading noise data from: results/noise_injection/by_dataset/diabetes_plas_noise0.3.csv 
Using 77 indices for  50 % of instances
Calculate prediction
Confusion matrix
Dataset: diabetes 
Fold: 3 
Method: multinom 
Noise level:  30 %
Percentage of altered instances:  60 %
Using 92 indices (first 92 from shuffled list)
Loading noise data from: results/noise_injection/by_dataset/diabetes_plas_noise0.3.csv 
Using 92 indices for  60 % of instances
Calculate prediction
Confusion matrix
Dataset: diabetes 
Fold: 3 
Method: multinom 
Noise level:  30 %
Percentage of altered instances:  70 %
Using 108 indices (first 108 from shuffled list)
Loading noise data from: results/noise_injection/by_dataset/diabetes_plas_noise0.3.csv 
Using 108 indices for  70 % of instances
Calculate prediction
Confusion matrix
Dataset: diabetes 
Fold: 3 
Method: multinom 
Noise level:  30 %
Percentage of altered instances:  75 %
Using 116 indices (first 116 from shuffled list)
Loading noise data from: results/noise_injection/by_dataset/diabetes_plas_noise0.3.csv 
Using 116 indices for  75 % of instances
Calculate prediction
Confusion matrix
Dataset: diabetes 
Fold: 3 
Method: multinom 
Noise level:  30 %
Percentage of altered instances:  80 %
Using 123 indices (first 123 from shuffled list)
Loading noise data from: results/noise_injection/by_dataset/diabetes_plas_noise0.3.csv 
Using 123 indices for  80 % of instances
Calculate prediction
Confusion matrix
Dataset: diabetes 
Fold: 3 
Method: multinom 
Noise level:  30 %
Percentage of altered instances:  90 %
Using 139 indices (first 139 from shuffled list)
Loading noise data from: results/noise_injection/by_dataset/diabetes_plas_noise0.3.csv 
Using 139 indices for  90 % of instances
Calculate prediction
Confusion matrix
Dataset: diabetes 
Fold: 3 
Method: multinom 
Noise level:  30 %
Percentage of altered instances:  100 %
Using 154 indices (first 154 from shuffled list)
Loading noise data from: results/noise_injection/by_dataset/diabetes_plas_noise0.3.csv 
Using 154 indices for  100 % of instances
Calculate prediction
Confusion matrix
Loaded 153 indices for fold 4 from: results/instances/original/vectors/diabetes_multinom_all_folds.csv 

=== Training model with 10 % noise in training data ===
Critical percentage for training noise: 100 %
Loading training noise data from: results/noise_injection/by_dataset/diabetes_plas_noise0.1.csv 
Altering 615 out of 615 training instances
# weights:  10 (9 variable)
initial  value 426.285516 
iter  10 value 296.236440
final  value 284.846260 
converged
Dataset: diabetes 
Fold: 4 
Method: multinom 
Noise level:  10 %
Percentage of altered instances:  10 %
Using 15 indices (first 15 from shuffled list)
Loading noise data from: results/noise_injection/by_dataset/diabetes_plas_noise0.1.csv 
Using 15 indices for  10 % of instances
Calculate prediction
Confusion matrix
Dataset: diabetes 
Fold: 4 
Method: multinom 
Noise level:  10 %
Percentage of altered instances:  20 %
Using 31 indices (first 31 from shuffled list)
Loading noise data from: results/noise_injection/by_dataset/diabetes_plas_noise0.1.csv 
Using 31 indices for  20 % of instances
Calculate prediction
Confusion matrix
Dataset: diabetes 
Fold: 4 
Method: multinom 
Noise level:  10 %
Percentage of altered instances:  25 %
Using 38 indices (first 38 from shuffled list)
Loading noise data from: results/noise_injection/by_dataset/diabetes_plas_noise0.1.csv 
Using 38 indices for  25 % of instances
Calculate prediction
Confusion matrix
Dataset: diabetes 
Fold: 4 
Method: multinom 
Noise level:  10 %
Percentage of altered instances:  30 %
Using 46 indices (first 46 from shuffled list)
Loading noise data from: results/noise_injection/by_dataset/diabetes_plas_noise0.1.csv 
Using 46 indices for  30 % of instances
Calculate prediction
Confusion matrix
Dataset: diabetes 
Fold: 4 
Method: multinom 
Noise level:  10 %
Percentage of altered instances:  40 %
Using 61 indices (first 61 from shuffled list)
Loading noise data from: results/noise_injection/by_dataset/diabetes_plas_noise0.1.csv 
Using 61 indices for  40 % of instances
Calculate prediction
Confusion matrix
Dataset: diabetes 
Fold: 4 
Method: multinom 
Noise level:  10 %
Percentage of altered instances:  50 %
Using 76 indices (first 76 from shuffled list)
Loading noise data from: results/noise_injection/by_dataset/diabetes_plas_noise0.1.csv 
Using 76 indices for  50 % of instances
Calculate prediction
Confusion matrix
Dataset: diabetes 
Fold: 4 
Method: multinom 
Noise level:  10 %
Percentage of altered instances:  60 %
Using 92 indices (first 92 from shuffled list)
Loading noise data from: results/noise_injection/by_dataset/diabetes_plas_noise0.1.csv 
Using 92 indices for  60 % of instances
Calculate prediction
Confusion matrix
Dataset: diabetes 
Fold: 4 
Method: multinom 
Noise level:  10 %
Percentage of altered instances:  70 %
Using 107 indices (first 107 from shuffled list)
Loading noise data from: results/noise_injection/by_dataset/diabetes_plas_noise0.1.csv 
Using 107 indices for  70 % of instances
Calculate prediction
Confusion matrix
Dataset: diabetes 
Fold: 4 
Method: multinom 
Noise level:  10 %
Percentage of altered instances:  75 %
Using 115 indices (first 115 from shuffled list)
Loading noise data from: results/noise_injection/by_dataset/diabetes_plas_noise0.1.csv 
Using 115 indices for  75 % of instances
Calculate prediction
Confusion matrix
Dataset: diabetes 
Fold: 4 
Method: multinom 
Noise level:  10 %
Percentage of altered instances:  80 %
Using 122 indices (first 122 from shuffled list)
Loading noise data from: results/noise_injection/by_dataset/diabetes_plas_noise0.1.csv 
Using 122 indices for  80 % of instances
Calculate prediction
Confusion matrix
Dataset: diabetes 
Fold: 4 
Method: multinom 
Noise level:  10 %
Percentage of altered instances:  90 %
Using 138 indices (first 138 from shuffled list)
Loading noise data from: results/noise_injection/by_dataset/diabetes_plas_noise0.1.csv 
Using 138 indices for  90 % of instances
Calculate prediction
Confusion matrix
Dataset: diabetes 
Fold: 4 
Method: multinom 
Noise level:  10 %
Percentage of altered instances:  100 %
Using 153 indices (first 153 from shuffled list)
Loading noise data from: results/noise_injection/by_dataset/diabetes_plas_noise0.1.csv 
Using 153 indices for  100 % of instances
Calculate prediction
Confusion matrix

=== Training model with 20 % noise in training data ===
Critical percentage for training noise: 80 %
Loading training noise data from: results/noise_injection/by_dataset/diabetes_plas_noise0.2.csv 
Altering 492 out of 615 training instances
# weights:  10 (9 variable)
initial  value 426.285516 
iter  10 value 293.148216
final  value 282.013222 
converged
Dataset: diabetes 
Fold: 4 
Method: multinom 
Noise level:  20 %
Percentage of altered instances:  10 %
Using 15 indices (first 15 from shuffled list)
Loading noise data from: results/noise_injection/by_dataset/diabetes_plas_noise0.2.csv 
Using 15 indices for  10 % of instances
Calculate prediction
Confusion matrix
Dataset: diabetes 
Fold: 4 
Method: multinom 
Noise level:  20 %
Percentage of altered instances:  20 %
Using 31 indices (first 31 from shuffled list)
Loading noise data from: results/noise_injection/by_dataset/diabetes_plas_noise0.2.csv 
Using 31 indices for  20 % of instances
Calculate prediction
Confusion matrix
Dataset: diabetes 
Fold: 4 
Method: multinom 
Noise level:  20 %
Percentage of altered instances:  25 %
Using 38 indices (first 38 from shuffled list)
Loading noise data from: results/noise_injection/by_dataset/diabetes_plas_noise0.2.csv 
Using 38 indices for  25 % of instances
Calculate prediction
Confusion matrix
Dataset: diabetes 
Fold: 4 
Method: multinom 
Noise level:  20 %
Percentage of altered instances:  30 %
Using 46 indices (first 46 from shuffled list)
Loading noise data from: results/noise_injection/by_dataset/diabetes_plas_noise0.2.csv 
Using 46 indices for  30 % of instances
Calculate prediction
Confusion matrix
Dataset: diabetes 
Fold: 4 
Method: multinom 
Noise level:  20 %
Percentage of altered instances:  40 %
Using 61 indices (first 61 from shuffled list)
Loading noise data from: results/noise_injection/by_dataset/diabetes_plas_noise0.2.csv 
Using 61 indices for  40 % of instances
Calculate prediction
Confusion matrix
Dataset: diabetes 
Fold: 4 
Method: multinom 
Noise level:  20 %
Percentage of altered instances:  50 %
Using 76 indices (first 76 from shuffled list)
Loading noise data from: results/noise_injection/by_dataset/diabetes_plas_noise0.2.csv 
Using 76 indices for  50 % of instances
Calculate prediction
Confusion matrix
Dataset: diabetes 
Fold: 4 
Method: multinom 
Noise level:  20 %
Percentage of altered instances:  60 %
Using 92 indices (first 92 from shuffled list)
Loading noise data from: results/noise_injection/by_dataset/diabetes_plas_noise0.2.csv 
Using 92 indices for  60 % of instances
Calculate prediction
Confusion matrix
Dataset: diabetes 
Fold: 4 
Method: multinom 
Noise level:  20 %
Percentage of altered instances:  70 %
Using 107 indices (first 107 from shuffled list)
Loading noise data from: results/noise_injection/by_dataset/diabetes_plas_noise0.2.csv 
Using 107 indices for  70 % of instances
Calculate prediction
Confusion matrix
Dataset: diabetes 
Fold: 4 
Method: multinom 
Noise level:  20 %
Percentage of altered instances:  75 %
Using 115 indices (first 115 from shuffled list)
Loading noise data from: results/noise_injection/by_dataset/diabetes_plas_noise0.2.csv 
Using 115 indices for  75 % of instances
Calculate prediction
Confusion matrix
Dataset: diabetes 
Fold: 4 
Method: multinom 
Noise level:  20 %
Percentage of altered instances:  80 %
Using 122 indices (first 122 from shuffled list)
Loading noise data from: results/noise_injection/by_dataset/diabetes_plas_noise0.2.csv 
Using 122 indices for  80 % of instances
Calculate prediction
Confusion matrix
Dataset: diabetes 
Fold: 4 
Method: multinom 
Noise level:  20 %
Percentage of altered instances:  90 %
Using 138 indices (first 138 from shuffled list)
Loading noise data from: results/noise_injection/by_dataset/diabetes_plas_noise0.2.csv 
Using 138 indices for  90 % of instances
Calculate prediction
Confusion matrix
Dataset: diabetes 
Fold: 4 
Method: multinom 
Noise level:  20 %
Percentage of altered instances:  100 %
Using 153 indices (first 153 from shuffled list)
Loading noise data from: results/noise_injection/by_dataset/diabetes_plas_noise0.2.csv 
Using 153 indices for  100 % of instances
Calculate prediction
Confusion matrix

=== Training model with 30 % noise in training data ===
Critical percentage for training noise: 40 %
Loading training noise data from: results/noise_injection/by_dataset/diabetes_plas_noise0.3.csv 
Altering 246 out of 615 training instances
# weights:  10 (9 variable)
initial  value 426.285516 
iter  10 value 299.949480
final  value 286.403115 
converged
Dataset: diabetes 
Fold: 4 
Method: multinom 
Noise level:  30 %
Percentage of altered instances:  10 %
Using 15 indices (first 15 from shuffled list)
Loading noise data from: results/noise_injection/by_dataset/diabetes_plas_noise0.3.csv 
Using 15 indices for  10 % of instances
Calculate prediction
Confusion matrix
Dataset: diabetes 
Fold: 4 
Method: multinom 
Noise level:  30 %
Percentage of altered instances:  20 %
Using 31 indices (first 31 from shuffled list)
Loading noise data from: results/noise_injection/by_dataset/diabetes_plas_noise0.3.csv 
Using 31 indices for  20 % of instances
Calculate prediction
Confusion matrix
Dataset: diabetes 
Fold: 4 
Method: multinom 
Noise level:  30 %
Percentage of altered instances:  25 %
Using 38 indices (first 38 from shuffled list)
Loading noise data from: results/noise_injection/by_dataset/diabetes_plas_noise0.3.csv 
Using 38 indices for  25 % of instances
Calculate prediction
Confusion matrix
Dataset: diabetes 
Fold: 4 
Method: multinom 
Noise level:  30 %
Percentage of altered instances:  30 %
Using 46 indices (first 46 from shuffled list)
Loading noise data from: results/noise_injection/by_dataset/diabetes_plas_noise0.3.csv 
Using 46 indices for  30 % of instances
Calculate prediction
Confusion matrix
Dataset: diabetes 
Fold: 4 
Method: multinom 
Noise level:  30 %
Percentage of altered instances:  40 %
Using 61 indices (first 61 from shuffled list)
Loading noise data from: results/noise_injection/by_dataset/diabetes_plas_noise0.3.csv 
Using 61 indices for  40 % of instances
Calculate prediction
Confusion matrix
Dataset: diabetes 
Fold: 4 
Method: multinom 
Noise level:  30 %
Percentage of altered instances:  50 %
Using 76 indices (first 76 from shuffled list)
Loading noise data from: results/noise_injection/by_dataset/diabetes_plas_noise0.3.csv 
Using 76 indices for  50 % of instances
Calculate prediction
Confusion matrix
Dataset: diabetes 
Fold: 4 
Method: multinom 
Noise level:  30 %
Percentage of altered instances:  60 %
Using 92 indices (first 92 from shuffled list)
Loading noise data from: results/noise_injection/by_dataset/diabetes_plas_noise0.3.csv 
Using 92 indices for  60 % of instances
Calculate prediction
Confusion matrix
Dataset: diabetes 
Fold: 4 
Method: multinom 
Noise level:  30 %
Percentage of altered instances:  70 %
Using 107 indices (first 107 from shuffled list)
Loading noise data from: results/noise_injection/by_dataset/diabetes_plas_noise0.3.csv 
Using 107 indices for  70 % of instances
Calculate prediction
Confusion matrix
Dataset: diabetes 
Fold: 4 
Method: multinom 
Noise level:  30 %
Percentage of altered instances:  75 %
Using 115 indices (first 115 from shuffled list)
Loading noise data from: results/noise_injection/by_dataset/diabetes_plas_noise0.3.csv 
Using 115 indices for  75 % of instances
Calculate prediction
Confusion matrix
Dataset: diabetes 
Fold: 4 
Method: multinom 
Noise level:  30 %
Percentage of altered instances:  80 %
Using 122 indices (first 122 from shuffled list)
Loading noise data from: results/noise_injection/by_dataset/diabetes_plas_noise0.3.csv 
Using 122 indices for  80 % of instances
Calculate prediction
Confusion matrix
Dataset: diabetes 
Fold: 4 
Method: multinom 
Noise level:  30 %
Percentage of altered instances:  90 %
Using 138 indices (first 138 from shuffled list)
Loading noise data from: results/noise_injection/by_dataset/diabetes_plas_noise0.3.csv 
Using 138 indices for  90 % of instances
Calculate prediction
Confusion matrix
Dataset: diabetes 
Fold: 4 
Method: multinom 
Noise level:  30 %
Percentage of altered instances:  100 %
Using 153 indices (first 153 from shuffled list)
Loading noise data from: results/noise_injection/by_dataset/diabetes_plas_noise0.3.csv 
Using 153 indices for  100 % of instances
Calculate prediction
Confusion matrix
Loaded 154 indices for fold 5 from: results/instances/original/vectors/diabetes_multinom_all_folds.csv 

=== Training model with 10 % noise in training data ===
Critical percentage for training noise: 100 %
Loading training noise data from: results/noise_injection/by_dataset/diabetes_plas_noise0.1.csv 
Altering 614 out of 614 training instances
# weights:  10 (9 variable)
initial  value 425.592369 
iter  10 value 297.489039
final  value 294.312569 
converged
Dataset: diabetes 
Fold: 5 
Method: multinom 
Noise level:  10 %
Percentage of altered instances:  10 %
Using 15 indices (first 15 from shuffled list)
Loading noise data from: results/noise_injection/by_dataset/diabetes_plas_noise0.1.csv 
Using 15 indices for  10 % of instances
Calculate prediction
Confusion matrix
Dataset: diabetes 
Fold: 5 
Method: multinom 
Noise level:  10 %
Percentage of altered instances:  20 %
Using 31 indices (first 31 from shuffled list)
Loading noise data from: results/noise_injection/by_dataset/diabetes_plas_noise0.1.csv 
Using 31 indices for  20 % of instances
Calculate prediction
Confusion matrix
Dataset: diabetes 
Fold: 5 
Method: multinom 
Noise level:  10 %
Percentage of altered instances:  25 %
Using 38 indices (first 38 from shuffled list)
Loading noise data from: results/noise_injection/by_dataset/diabetes_plas_noise0.1.csv 
Using 38 indices for  25 % of instances
Calculate prediction
Confusion matrix
Dataset: diabetes 
Fold: 5 
Method: multinom 
Noise level:  10 %
Percentage of altered instances:  30 %
Using 46 indices (first 46 from shuffled list)
Loading noise data from: results/noise_injection/by_dataset/diabetes_plas_noise0.1.csv 
Using 46 indices for  30 % of instances
Calculate prediction
Confusion matrix
Dataset: diabetes 
Fold: 5 
Method: multinom 
Noise level:  10 %
Percentage of altered instances:  40 %
Using 62 indices (first 62 from shuffled list)
Loading noise data from: results/noise_injection/by_dataset/diabetes_plas_noise0.1.csv 
Using 62 indices for  40 % of instances
Calculate prediction
Confusion matrix
Dataset: diabetes 
Fold: 5 
Method: multinom 
Noise level:  10 %
Percentage of altered instances:  50 %
Using 77 indices (first 77 from shuffled list)
Loading noise data from: results/noise_injection/by_dataset/diabetes_plas_noise0.1.csv 
Using 77 indices for  50 % of instances
Calculate prediction
Confusion matrix
Dataset: diabetes 
Fold: 5 
Method: multinom 
Noise level:  10 %
Percentage of altered instances:  60 %
Using 92 indices (first 92 from shuffled list)
Loading noise data from: results/noise_injection/by_dataset/diabetes_plas_noise0.1.csv 
Using 92 indices for  60 % of instances
Calculate prediction
Confusion matrix
Dataset: diabetes 
Fold: 5 
Method: multinom 
Noise level:  10 %
Percentage of altered instances:  70 %
Using 108 indices (first 108 from shuffled list)
Loading noise data from: results/noise_injection/by_dataset/diabetes_plas_noise0.1.csv 
Using 108 indices for  70 % of instances
Calculate prediction
Confusion matrix
Dataset: diabetes 
Fold: 5 
Method: multinom 
Noise level:  10 %
Percentage of altered instances:  75 %
Using 116 indices (first 116 from shuffled list)
Loading noise data from: results/noise_injection/by_dataset/diabetes_plas_noise0.1.csv 
Using 116 indices for  75 % of instances
Calculate prediction
Confusion matrix
Dataset: diabetes 
Fold: 5 
Method: multinom 
Noise level:  10 %
Percentage of altered instances:  80 %
Using 123 indices (first 123 from shuffled list)
Loading noise data from: results/noise_injection/by_dataset/diabetes_plas_noise0.1.csv 
Using 123 indices for  80 % of instances
Calculate prediction
Confusion matrix
Dataset: diabetes 
Fold: 5 
Method: multinom 
Noise level:  10 %
Percentage of altered instances:  90 %
Using 139 indices (first 139 from shuffled list)
Loading noise data from: results/noise_injection/by_dataset/diabetes_plas_noise0.1.csv 
Using 139 indices for  90 % of instances
Calculate prediction
Confusion matrix
Dataset: diabetes 
Fold: 5 
Method: multinom 
Noise level:  10 %
Percentage of altered instances:  100 %
Using 154 indices (first 154 from shuffled list)
Loading noise data from: results/noise_injection/by_dataset/diabetes_plas_noise0.1.csv 
Using 154 indices for  100 % of instances
Calculate prediction
Confusion matrix

=== Training model with 20 % noise in training data ===
Critical percentage for training noise: 80 %
Loading training noise data from: results/noise_injection/by_dataset/diabetes_plas_noise0.2.csv 
Altering 491 out of 614 training instances
# weights:  10 (9 variable)
initial  value 425.592369 
iter  10 value 296.336695
final  value 292.533520 
converged
Dataset: diabetes 
Fold: 5 
Method: multinom 
Noise level:  20 %
Percentage of altered instances:  10 %
Using 15 indices (first 15 from shuffled list)
Loading noise data from: results/noise_injection/by_dataset/diabetes_plas_noise0.2.csv 
Using 15 indices for  10 % of instances
Calculate prediction
Confusion matrix
Dataset: diabetes 
Fold: 5 
Method: multinom 
Noise level:  20 %
Percentage of altered instances:  20 %
Using 31 indices (first 31 from shuffled list)
Loading noise data from: results/noise_injection/by_dataset/diabetes_plas_noise0.2.csv 
Using 31 indices for  20 % of instances
Calculate prediction
Confusion matrix
Dataset: diabetes 
Fold: 5 
Method: multinom 
Noise level:  20 %
Percentage of altered instances:  25 %
Using 38 indices (first 38 from shuffled list)
Loading noise data from: results/noise_injection/by_dataset/diabetes_plas_noise0.2.csv 
Using 38 indices for  25 % of instances
Calculate prediction
Confusion matrix
Dataset: diabetes 
Fold: 5 
Method: multinom 
Noise level:  20 %
Percentage of altered instances:  30 %
Using 46 indices (first 46 from shuffled list)
Loading noise data from: results/noise_injection/by_dataset/diabetes_plas_noise0.2.csv 
Using 46 indices for  30 % of instances
Calculate prediction
Confusion matrix
Dataset: diabetes 
Fold: 5 
Method: multinom 
Noise level:  20 %
Percentage of altered instances:  40 %
Using 62 indices (first 62 from shuffled list)
Loading noise data from: results/noise_injection/by_dataset/diabetes_plas_noise0.2.csv 
Using 62 indices for  40 % of instances
Calculate prediction
Confusion matrix
Dataset: diabetes 
Fold: 5 
Method: multinom 
Noise level:  20 %
Percentage of altered instances:  50 %
Using 77 indices (first 77 from shuffled list)
Loading noise data from: results/noise_injection/by_dataset/diabetes_plas_noise0.2.csv 
Using 77 indices for  50 % of instances
Calculate prediction
Confusion matrix
Dataset: diabetes 
Fold: 5 
Method: multinom 
Noise level:  20 %
Percentage of altered instances:  60 %
Using 92 indices (first 92 from shuffled list)
Loading noise data from: results/noise_injection/by_dataset/diabetes_plas_noise0.2.csv 
Using 92 indices for  60 % of instances
Calculate prediction
Confusion matrix
Dataset: diabetes 
Fold: 5 
Method: multinom 
Noise level:  20 %
Percentage of altered instances:  70 %
Using 108 indices (first 108 from shuffled list)
Loading noise data from: results/noise_injection/by_dataset/diabetes_plas_noise0.2.csv 
Using 108 indices for  70 % of instances
Calculate prediction
Confusion matrix
Dataset: diabetes 
Fold: 5 
Method: multinom 
Noise level:  20 %
Percentage of altered instances:  75 %
Using 116 indices (first 116 from shuffled list)
Loading noise data from: results/noise_injection/by_dataset/diabetes_plas_noise0.2.csv 
Using 116 indices for  75 % of instances
Calculate prediction
Confusion matrix
Dataset: diabetes 
Fold: 5 
Method: multinom 
Noise level:  20 %
Percentage of altered instances:  80 %
Using 123 indices (first 123 from shuffled list)
Loading noise data from: results/noise_injection/by_dataset/diabetes_plas_noise0.2.csv 
Using 123 indices for  80 % of instances
Calculate prediction
Confusion matrix
Dataset: diabetes 
Fold: 5 
Method: multinom 
Noise level:  20 %
Percentage of altered instances:  90 %
Using 139 indices (first 139 from shuffled list)
Loading noise data from: results/noise_injection/by_dataset/diabetes_plas_noise0.2.csv 
Using 139 indices for  90 % of instances
Calculate prediction
Confusion matrix
Dataset: diabetes 
Fold: 5 
Method: multinom 
Noise level:  20 %
Percentage of altered instances:  100 %
Using 154 indices (first 154 from shuffled list)
Loading noise data from: results/noise_injection/by_dataset/diabetes_plas_noise0.2.csv 
Using 154 indices for  100 % of instances
Calculate prediction
Confusion matrix

=== Training model with 30 % noise in training data ===
Critical percentage for training noise: 40 %
Loading training noise data from: results/noise_injection/by_dataset/diabetes_plas_noise0.3.csv 
Altering 246 out of 614 training instances
# weights:  10 (9 variable)
initial  value 425.592369 
iter  10 value 297.937264
final  value 295.038799 
converged
Dataset: diabetes 
Fold: 5 
Method: multinom 
Noise level:  30 %
Percentage of altered instances:  10 %
Using 15 indices (first 15 from shuffled list)
Loading noise data from: results/noise_injection/by_dataset/diabetes_plas_noise0.3.csv 
Using 15 indices for  10 % of instances
Calculate prediction
Confusion matrix
Dataset: diabetes 
Fold: 5 
Method: multinom 
Noise level:  30 %
Percentage of altered instances:  20 %
Using 31 indices (first 31 from shuffled list)
Loading noise data from: results/noise_injection/by_dataset/diabetes_plas_noise0.3.csv 
Using 31 indices for  20 % of instances
Calculate prediction
Confusion matrix
Dataset: diabetes 
Fold: 5 
Method: multinom 
Noise level:  30 %
Percentage of altered instances:  25 %
Using 38 indices (first 38 from shuffled list)
Loading noise data from: results/noise_injection/by_dataset/diabetes_plas_noise0.3.csv 
Using 38 indices for  25 % of instances
Calculate prediction
Confusion matrix
Dataset: diabetes 
Fold: 5 
Method: multinom 
Noise level:  30 %
Percentage of altered instances:  30 %
Using 46 indices (first 46 from shuffled list)
Loading noise data from: results/noise_injection/by_dataset/diabetes_plas_noise0.3.csv 
Using 46 indices for  30 % of instances
Calculate prediction
Confusion matrix
Dataset: diabetes 
Fold: 5 
Method: multinom 
Noise level:  30 %
Percentage of altered instances:  40 %
Using 62 indices (first 62 from shuffled list)
Loading noise data from: results/noise_injection/by_dataset/diabetes_plas_noise0.3.csv 
Using 62 indices for  40 % of instances
Calculate prediction
Confusion matrix
Dataset: diabetes 
Fold: 5 
Method: multinom 
Noise level:  30 %
Percentage of altered instances:  50 %
Using 77 indices (first 77 from shuffled list)
Loading noise data from: results/noise_injection/by_dataset/diabetes_plas_noise0.3.csv 
Using 77 indices for  50 % of instances
Calculate prediction
Confusion matrix
Dataset: diabetes 
Fold: 5 
Method: multinom 
Noise level:  30 %
Percentage of altered instances:  60 %
Using 92 indices (first 92 from shuffled list)
Loading noise data from: results/noise_injection/by_dataset/diabetes_plas_noise0.3.csv 
Using 92 indices for  60 % of instances
Calculate prediction
Confusion matrix
Dataset: diabetes 
Fold: 5 
Method: multinom 
Noise level:  30 %
Percentage of altered instances:  70 %
Using 108 indices (first 108 from shuffled list)
Loading noise data from: results/noise_injection/by_dataset/diabetes_plas_noise0.3.csv 
Using 108 indices for  70 % of instances
Calculate prediction
Confusion matrix
Dataset: diabetes 
Fold: 5 
Method: multinom 
Noise level:  30 %
Percentage of altered instances:  75 %
Using 116 indices (first 116 from shuffled list)
Loading noise data from: results/noise_injection/by_dataset/diabetes_plas_noise0.3.csv 
Using 116 indices for  75 % of instances
Calculate prediction
Confusion matrix
Dataset: diabetes 
Fold: 5 
Method: multinom 
Noise level:  30 %
Percentage of altered instances:  80 %
Using 123 indices (first 123 from shuffled list)
Loading noise data from: results/noise_injection/by_dataset/diabetes_plas_noise0.3.csv 
Using 123 indices for  80 % of instances
Calculate prediction
Confusion matrix
Dataset: diabetes 
Fold: 5 
Method: multinom 
Noise level:  30 %
Percentage of altered instances:  90 %
Using 139 indices (first 139 from shuffled list)
Loading noise data from: results/noise_injection/by_dataset/diabetes_plas_noise0.3.csv 
Using 139 indices for  90 % of instances
Calculate prediction
Confusion matrix
Dataset: diabetes 
Fold: 5 
Method: multinom 
Noise level:  30 %
Percentage of altered instances:  100 %
Using 154 indices (first 154 from shuffled list)
Loading noise data from: results/noise_injection/by_dataset/diabetes_plas_noise0.3.csv 
Using 154 indices for  100 % of instances
Calculate prediction
Confusion matrix
Saved results to: results/instances/train_noise/by_dataset/diabetes_multinom_results.csv 
----------------
****************************
Instances altered with noise
****************************
