Current working directory: /home/chris/github/kappa-threshold 
parameters.csv exists: TRUE 
parameters.csv absolute path: /home/chris/github/kappa-threshold/data/files/parameters.csv 
Processing model: rda for dataset: eucalyptus 
Loaded 128 indices for fold 1 from: results/instances/original/vectors/eucalyptus_rda_all_folds.csv 

=== Training model with 10 % noise in training data ===
Critical percentage for training noise: 0 %
Training on clean data (critical_percentage = 0)
Dataset: eucalyptus 
Fold: 1 
Method: rda 
Noise level:  10 %
Percentage of altered instances:  10 %
Using 13 indices (first 13 from shuffled list)
Loading noise data from: results/noise_injection/by_dataset/eucalyptus_Vig_noise0.1.csv 
Using 13 indices for  10 % of instances
Calculate prediction
Confusion matrix
Dataset: eucalyptus 
Fold: 1 
Method: rda 
Noise level:  10 %
Percentage of altered instances:  20 %
Using 26 indices (first 26 from shuffled list)
Loading noise data from: results/noise_injection/by_dataset/eucalyptus_Vig_noise0.1.csv 
Using 26 indices for  20 % of instances
Calculate prediction
Confusion matrix
Dataset: eucalyptus 
Fold: 1 
Method: rda 
Noise level:  10 %
Percentage of altered instances:  25 %
Using 32 indices (first 32 from shuffled list)
Loading noise data from: results/noise_injection/by_dataset/eucalyptus_Vig_noise0.1.csv 
Using 32 indices for  25 % of instances
Calculate prediction
Confusion matrix
Dataset: eucalyptus 
Fold: 1 
Method: rda 
Noise level:  10 %
Percentage of altered instances:  30 %
Using 38 indices (first 38 from shuffled list)
Loading noise data from: results/noise_injection/by_dataset/eucalyptus_Vig_noise0.1.csv 
Using 38 indices for  30 % of instances
Calculate prediction
Confusion matrix
Dataset: eucalyptus 
Fold: 1 
Method: rda 
Noise level:  10 %
Percentage of altered instances:  40 %
Using 51 indices (first 51 from shuffled list)
Loading noise data from: results/noise_injection/by_dataset/eucalyptus_Vig_noise0.1.csv 
Using 51 indices for  40 % of instances
Calculate prediction
Confusion matrix
Dataset: eucalyptus 
Fold: 1 
Method: rda 
Noise level:  10 %
Percentage of altered instances:  50 %
Using 64 indices (first 64 from shuffled list)
Loading noise data from: results/noise_injection/by_dataset/eucalyptus_Vig_noise0.1.csv 
Using 64 indices for  50 % of instances
Calculate prediction
Confusion matrix
Dataset: eucalyptus 
Fold: 1 
Method: rda 
Noise level:  10 %
Percentage of altered instances:  60 %
Using 77 indices (first 77 from shuffled list)
Loading noise data from: results/noise_injection/by_dataset/eucalyptus_Vig_noise0.1.csv 
Using 77 indices for  60 % of instances
Calculate prediction
Confusion matrix
Dataset: eucalyptus 
Fold: 1 
Method: rda 
Noise level:  10 %
Percentage of altered instances:  70 %
Using 90 indices (first 90 from shuffled list)
Loading noise data from: results/noise_injection/by_dataset/eucalyptus_Vig_noise0.1.csv 
Using 90 indices for  70 % of instances
Calculate prediction
Confusion matrix
Dataset: eucalyptus 
Fold: 1 
Method: rda 
Noise level:  10 %
Percentage of altered instances:  75 %
Using 96 indices (first 96 from shuffled list)
Loading noise data from: results/noise_injection/by_dataset/eucalyptus_Vig_noise0.1.csv 
Using 96 indices for  75 % of instances
Calculate prediction
Confusion matrix
Dataset: eucalyptus 
Fold: 1 
Method: rda 
Noise level:  10 %
Percentage of altered instances:  80 %
Using 102 indices (first 102 from shuffled list)
Loading noise data from: results/noise_injection/by_dataset/eucalyptus_Vig_noise0.1.csv 
Using 102 indices for  80 % of instances
Calculate prediction
Confusion matrix
Dataset: eucalyptus 
Fold: 1 
Method: rda 
Noise level:  10 %
Percentage of altered instances:  90 %
Using 115 indices (first 115 from shuffled list)
Loading noise data from: results/noise_injection/by_dataset/eucalyptus_Vig_noise0.1.csv 
Using 115 indices for  90 % of instances
Calculate prediction
Confusion matrix
Dataset: eucalyptus 
Fold: 1 
Method: rda 
Noise level:  10 %
Percentage of altered instances:  100 %
Using 128 indices (first 128 from shuffled list)
Loading noise data from: results/noise_injection/by_dataset/eucalyptus_Vig_noise0.1.csv 
Using 128 indices for  100 % of instances
Calculate prediction
Confusion matrix

=== Training model with 20 % noise in training data ===
Critical percentage for training noise: 0 %
Training on clean data (critical_percentage = 0)
Dataset: eucalyptus 
Fold: 1 
Method: rda 
Noise level:  20 %
Percentage of altered instances:  10 %
Using 13 indices (first 13 from shuffled list)
Loading noise data from: results/noise_injection/by_dataset/eucalyptus_Vig_noise0.2.csv 
Using 13 indices for  10 % of instances
Calculate prediction
Confusion matrix
Dataset: eucalyptus 
Fold: 1 
Method: rda 
Noise level:  20 %
Percentage of altered instances:  20 %
Using 26 indices (first 26 from shuffled list)
Loading noise data from: results/noise_injection/by_dataset/eucalyptus_Vig_noise0.2.csv 
Using 26 indices for  20 % of instances
Calculate prediction
Confusion matrix
Dataset: eucalyptus 
Fold: 1 
Method: rda 
Noise level:  20 %
Percentage of altered instances:  25 %
Using 32 indices (first 32 from shuffled list)
Loading noise data from: results/noise_injection/by_dataset/eucalyptus_Vig_noise0.2.csv 
Using 32 indices for  25 % of instances
Calculate prediction
Confusion matrix
Dataset: eucalyptus 
Fold: 1 
Method: rda 
Noise level:  20 %
Percentage of altered instances:  30 %
Using 38 indices (first 38 from shuffled list)
Loading noise data from: results/noise_injection/by_dataset/eucalyptus_Vig_noise0.2.csv 
Using 38 indices for  30 % of instances
Calculate prediction
Confusion matrix
Dataset: eucalyptus 
Fold: 1 
Method: rda 
Noise level:  20 %
Percentage of altered instances:  40 %
Using 51 indices (first 51 from shuffled list)
Loading noise data from: results/noise_injection/by_dataset/eucalyptus_Vig_noise0.2.csv 
Using 51 indices for  40 % of instances
Calculate prediction
Confusion matrix
Dataset: eucalyptus 
Fold: 1 
Method: rda 
Noise level:  20 %
Percentage of altered instances:  50 %
Using 64 indices (first 64 from shuffled list)
Loading noise data from: results/noise_injection/by_dataset/eucalyptus_Vig_noise0.2.csv 
Using 64 indices for  50 % of instances
Calculate prediction
Confusion matrix
Dataset: eucalyptus 
Fold: 1 
Method: rda 
Noise level:  20 %
Percentage of altered instances:  60 %
Using 77 indices (first 77 from shuffled list)
Loading noise data from: results/noise_injection/by_dataset/eucalyptus_Vig_noise0.2.csv 
Using 77 indices for  60 % of instances
Calculate prediction
Confusion matrix
Dataset: eucalyptus 
Fold: 1 
Method: rda 
Noise level:  20 %
Percentage of altered instances:  70 %
Using 90 indices (first 90 from shuffled list)
Loading noise data from: results/noise_injection/by_dataset/eucalyptus_Vig_noise0.2.csv 
Using 90 indices for  70 % of instances
Calculate prediction
Confusion matrix
Dataset: eucalyptus 
Fold: 1 
Method: rda 
Noise level:  20 %
Percentage of altered instances:  75 %
Using 96 indices (first 96 from shuffled list)
Loading noise data from: results/noise_injection/by_dataset/eucalyptus_Vig_noise0.2.csv 
Using 96 indices for  75 % of instances
Calculate prediction
Confusion matrix
Dataset: eucalyptus 
Fold: 1 
Method: rda 
Noise level:  20 %
Percentage of altered instances:  80 %
Using 102 indices (first 102 from shuffled list)
Loading noise data from: results/noise_injection/by_dataset/eucalyptus_Vig_noise0.2.csv 
Using 102 indices for  80 % of instances
Calculate prediction
Confusion matrix
Dataset: eucalyptus 
Fold: 1 
Method: rda 
Noise level:  20 %
Percentage of altered instances:  90 %
Using 115 indices (first 115 from shuffled list)
Loading noise data from: results/noise_injection/by_dataset/eucalyptus_Vig_noise0.2.csv 
Using 115 indices for  90 % of instances
Calculate prediction
Confusion matrix
Dataset: eucalyptus 
Fold: 1 
Method: rda 
Noise level:  20 %
Percentage of altered instances:  100 %
Using 128 indices (first 128 from shuffled list)
Loading noise data from: results/noise_injection/by_dataset/eucalyptus_Vig_noise0.2.csv 
Using 128 indices for  100 % of instances
Calculate prediction
Confusion matrix

=== Training model with 30 % noise in training data ===
Critical percentage for training noise: 0 %
Training on clean data (critical_percentage = 0)
Dataset: eucalyptus 
Fold: 1 
Method: rda 
Noise level:  30 %
Percentage of altered instances:  10 %
Using 13 indices (first 13 from shuffled list)
Loading noise data from: results/noise_injection/by_dataset/eucalyptus_Vig_noise0.3.csv 
Using 13 indices for  10 % of instances
Calculate prediction
Confusion matrix
Dataset: eucalyptus 
Fold: 1 
Method: rda 
Noise level:  30 %
Percentage of altered instances:  20 %
Using 26 indices (first 26 from shuffled list)
Loading noise data from: results/noise_injection/by_dataset/eucalyptus_Vig_noise0.3.csv 
Using 26 indices for  20 % of instances
Calculate prediction
Confusion matrix
Dataset: eucalyptus 
Fold: 1 
Method: rda 
Noise level:  30 %
Percentage of altered instances:  25 %
Using 32 indices (first 32 from shuffled list)
Loading noise data from: results/noise_injection/by_dataset/eucalyptus_Vig_noise0.3.csv 
Using 32 indices for  25 % of instances
Calculate prediction
Confusion matrix
Dataset: eucalyptus 
Fold: 1 
Method: rda 
Noise level:  30 %
Percentage of altered instances:  30 %
Using 38 indices (first 38 from shuffled list)
Loading noise data from: results/noise_injection/by_dataset/eucalyptus_Vig_noise0.3.csv 
Using 38 indices for  30 % of instances
Calculate prediction
Confusion matrix
Dataset: eucalyptus 
Fold: 1 
Method: rda 
Noise level:  30 %
Percentage of altered instances:  40 %
Using 51 indices (first 51 from shuffled list)
Loading noise data from: results/noise_injection/by_dataset/eucalyptus_Vig_noise0.3.csv 
Using 51 indices for  40 % of instances
Calculate prediction
Confusion matrix
Dataset: eucalyptus 
Fold: 1 
Method: rda 
Noise level:  30 %
Percentage of altered instances:  50 %
Using 64 indices (first 64 from shuffled list)
Loading noise data from: results/noise_injection/by_dataset/eucalyptus_Vig_noise0.3.csv 
Using 64 indices for  50 % of instances
Calculate prediction
Confusion matrix
Dataset: eucalyptus 
Fold: 1 
Method: rda 
Noise level:  30 %
Percentage of altered instances:  60 %
Using 77 indices (first 77 from shuffled list)
Loading noise data from: results/noise_injection/by_dataset/eucalyptus_Vig_noise0.3.csv 
Using 77 indices for  60 % of instances
Calculate prediction
Confusion matrix
Dataset: eucalyptus 
Fold: 1 
Method: rda 
Noise level:  30 %
Percentage of altered instances:  70 %
Using 90 indices (first 90 from shuffled list)
Loading noise data from: results/noise_injection/by_dataset/eucalyptus_Vig_noise0.3.csv 
Using 90 indices for  70 % of instances
Calculate prediction
Confusion matrix
Dataset: eucalyptus 
Fold: 1 
Method: rda 
Noise level:  30 %
Percentage of altered instances:  75 %
Using 96 indices (first 96 from shuffled list)
Loading noise data from: results/noise_injection/by_dataset/eucalyptus_Vig_noise0.3.csv 
Using 96 indices for  75 % of instances
Calculate prediction
Confusion matrix
Dataset: eucalyptus 
Fold: 1 
Method: rda 
Noise level:  30 %
Percentage of altered instances:  80 %
Using 102 indices (first 102 from shuffled list)
Loading noise data from: results/noise_injection/by_dataset/eucalyptus_Vig_noise0.3.csv 
Using 102 indices for  80 % of instances
Calculate prediction
Confusion matrix
Dataset: eucalyptus 
Fold: 1 
Method: rda 
Noise level:  30 %
Percentage of altered instances:  90 %
Using 115 indices (first 115 from shuffled list)
Loading noise data from: results/noise_injection/by_dataset/eucalyptus_Vig_noise0.3.csv 
Using 115 indices for  90 % of instances
Calculate prediction
Confusion matrix
Dataset: eucalyptus 
Fold: 1 
Method: rda 
Noise level:  30 %
Percentage of altered instances:  100 %
Using 128 indices (first 128 from shuffled list)
Loading noise data from: results/noise_injection/by_dataset/eucalyptus_Vig_noise0.3.csv 
Using 128 indices for  100 % of instances
Calculate prediction
Confusion matrix
Loaded 127 indices for fold 2 from: results/instances/original/vectors/eucalyptus_rda_all_folds.csv 

=== Training model with 10 % noise in training data ===
Critical percentage for training noise: 0 %
Training on clean data (critical_percentage = 0)
Dataset: eucalyptus 
Fold: 2 
Method: rda 
Noise level:  10 %
Percentage of altered instances:  10 %
Using 13 indices (first 13 from shuffled list)
Loading noise data from: results/noise_injection/by_dataset/eucalyptus_Vig_noise0.1.csv 
Using 13 indices for  10 % of instances
Calculate prediction
Confusion matrix
Dataset: eucalyptus 
Fold: 2 
Method: rda 
Noise level:  10 %
Percentage of altered instances:  20 %
Using 25 indices (first 25 from shuffled list)
Loading noise data from: results/noise_injection/by_dataset/eucalyptus_Vig_noise0.1.csv 
Using 25 indices for  20 % of instances
Calculate prediction
Confusion matrix
Dataset: eucalyptus 
Fold: 2 
Method: rda 
Noise level:  10 %
Percentage of altered instances:  25 %
Using 32 indices (first 32 from shuffled list)
Loading noise data from: results/noise_injection/by_dataset/eucalyptus_Vig_noise0.1.csv 
Using 32 indices for  25 % of instances
Calculate prediction
Confusion matrix
Dataset: eucalyptus 
Fold: 2 
Method: rda 
Noise level:  10 %
Percentage of altered instances:  30 %
Using 38 indices (first 38 from shuffled list)
Loading noise data from: results/noise_injection/by_dataset/eucalyptus_Vig_noise0.1.csv 
Using 38 indices for  30 % of instances
Calculate prediction
Confusion matrix
Dataset: eucalyptus 
Fold: 2 
Method: rda 
Noise level:  10 %
Percentage of altered instances:  40 %
Using 51 indices (first 51 from shuffled list)
Loading noise data from: results/noise_injection/by_dataset/eucalyptus_Vig_noise0.1.csv 
Using 51 indices for  40 % of instances
Calculate prediction
Confusion matrix
Dataset: eucalyptus 
Fold: 2 
Method: rda 
Noise level:  10 %
Percentage of altered instances:  50 %
Using 64 indices (first 64 from shuffled list)
Loading noise data from: results/noise_injection/by_dataset/eucalyptus_Vig_noise0.1.csv 
Using 64 indices for  50 % of instances
Calculate prediction
Confusion matrix
Dataset: eucalyptus 
Fold: 2 
Method: rda 
Noise level:  10 %
Percentage of altered instances:  60 %
Using 76 indices (first 76 from shuffled list)
Loading noise data from: results/noise_injection/by_dataset/eucalyptus_Vig_noise0.1.csv 
Using 76 indices for  60 % of instances
Calculate prediction
Confusion matrix
Dataset: eucalyptus 
Fold: 2 
Method: rda 
Noise level:  10 %
Percentage of altered instances:  70 %
Using 89 indices (first 89 from shuffled list)
Loading noise data from: results/noise_injection/by_dataset/eucalyptus_Vig_noise0.1.csv 
Using 89 indices for  70 % of instances
Calculate prediction
Confusion matrix
Dataset: eucalyptus 
Fold: 2 
Method: rda 
Noise level:  10 %
Percentage of altered instances:  75 %
Using 95 indices (first 95 from shuffled list)
Loading noise data from: results/noise_injection/by_dataset/eucalyptus_Vig_noise0.1.csv 
Using 95 indices for  75 % of instances
Calculate prediction
Confusion matrix
Dataset: eucalyptus 
Fold: 2 
Method: rda 
Noise level:  10 %
Percentage of altered instances:  80 %
Using 102 indices (first 102 from shuffled list)
Loading noise data from: results/noise_injection/by_dataset/eucalyptus_Vig_noise0.1.csv 
Using 102 indices for  80 % of instances
Calculate prediction
Confusion matrix
Dataset: eucalyptus 
Fold: 2 
Method: rda 
Noise level:  10 %
Percentage of altered instances:  90 %
Using 114 indices (first 114 from shuffled list)
Loading noise data from: results/noise_injection/by_dataset/eucalyptus_Vig_noise0.1.csv 
Using 114 indices for  90 % of instances
Calculate prediction
Confusion matrix
Dataset: eucalyptus 
Fold: 2 
Method: rda 
Noise level:  10 %
Percentage of altered instances:  100 %
Using 127 indices (first 127 from shuffled list)
Loading noise data from: results/noise_injection/by_dataset/eucalyptus_Vig_noise0.1.csv 
Using 127 indices for  100 % of instances
Calculate prediction
Confusion matrix

=== Training model with 20 % noise in training data ===
Critical percentage for training noise: 0 %
Training on clean data (critical_percentage = 0)
Dataset: eucalyptus 
Fold: 2 
Method: rda 
Noise level:  20 %
Percentage of altered instances:  10 %
Using 13 indices (first 13 from shuffled list)
Loading noise data from: results/noise_injection/by_dataset/eucalyptus_Vig_noise0.2.csv 
Using 13 indices for  10 % of instances
Calculate prediction
Confusion matrix
Dataset: eucalyptus 
Fold: 2 
Method: rda 
Noise level:  20 %
Percentage of altered instances:  20 %
Using 25 indices (first 25 from shuffled list)
Loading noise data from: results/noise_injection/by_dataset/eucalyptus_Vig_noise0.2.csv 
Using 25 indices for  20 % of instances
Calculate prediction
Confusion matrix
Dataset: eucalyptus 
Fold: 2 
Method: rda 
Noise level:  20 %
Percentage of altered instances:  25 %
Using 32 indices (first 32 from shuffled list)
Loading noise data from: results/noise_injection/by_dataset/eucalyptus_Vig_noise0.2.csv 
Using 32 indices for  25 % of instances
Calculate prediction
Confusion matrix
Dataset: eucalyptus 
Fold: 2 
Method: rda 
Noise level:  20 %
Percentage of altered instances:  30 %
Using 38 indices (first 38 from shuffled list)
Loading noise data from: results/noise_injection/by_dataset/eucalyptus_Vig_noise0.2.csv 
Using 38 indices for  30 % of instances
Calculate prediction
Confusion matrix
Dataset: eucalyptus 
Fold: 2 
Method: rda 
Noise level:  20 %
Percentage of altered instances:  40 %
Using 51 indices (first 51 from shuffled list)
Loading noise data from: results/noise_injection/by_dataset/eucalyptus_Vig_noise0.2.csv 
Using 51 indices for  40 % of instances
Calculate prediction
Confusion matrix
Dataset: eucalyptus 
Fold: 2 
Method: rda 
Noise level:  20 %
Percentage of altered instances:  50 %
Using 64 indices (first 64 from shuffled list)
Loading noise data from: results/noise_injection/by_dataset/eucalyptus_Vig_noise0.2.csv 
Using 64 indices for  50 % of instances
Calculate prediction
Confusion matrix
Dataset: eucalyptus 
Fold: 2 
Method: rda 
Noise level:  20 %
Percentage of altered instances:  60 %
Using 76 indices (first 76 from shuffled list)
Loading noise data from: results/noise_injection/by_dataset/eucalyptus_Vig_noise0.2.csv 
Using 76 indices for  60 % of instances
Calculate prediction
Confusion matrix
Dataset: eucalyptus 
Fold: 2 
Method: rda 
Noise level:  20 %
Percentage of altered instances:  70 %
Using 89 indices (first 89 from shuffled list)
Loading noise data from: results/noise_injection/by_dataset/eucalyptus_Vig_noise0.2.csv 
Using 89 indices for  70 % of instances
Calculate prediction
Confusion matrix
Dataset: eucalyptus 
Fold: 2 
Method: rda 
Noise level:  20 %
Percentage of altered instances:  75 %
Using 95 indices (first 95 from shuffled list)
Loading noise data from: results/noise_injection/by_dataset/eucalyptus_Vig_noise0.2.csv 
Using 95 indices for  75 % of instances
Calculate prediction
Confusion matrix
Dataset: eucalyptus 
Fold: 2 
Method: rda 
Noise level:  20 %
Percentage of altered instances:  80 %
Using 102 indices (first 102 from shuffled list)
Loading noise data from: results/noise_injection/by_dataset/eucalyptus_Vig_noise0.2.csv 
Using 102 indices for  80 % of instances
Calculate prediction
Confusion matrix
Dataset: eucalyptus 
Fold: 2 
Method: rda 
Noise level:  20 %
Percentage of altered instances:  90 %
Using 114 indices (first 114 from shuffled list)
Loading noise data from: results/noise_injection/by_dataset/eucalyptus_Vig_noise0.2.csv 
Using 114 indices for  90 % of instances
Calculate prediction
Confusion matrix
Dataset: eucalyptus 
Fold: 2 
Method: rda 
Noise level:  20 %
Percentage of altered instances:  100 %
Using 127 indices (first 127 from shuffled list)
Loading noise data from: results/noise_injection/by_dataset/eucalyptus_Vig_noise0.2.csv 
Using 127 indices for  100 % of instances
Calculate prediction
Confusion matrix

=== Training model with 30 % noise in training data ===
Critical percentage for training noise: 0 %
Training on clean data (critical_percentage = 0)
Dataset: eucalyptus 
Fold: 2 
Method: rda 
Noise level:  30 %
Percentage of altered instances:  10 %
Using 13 indices (first 13 from shuffled list)
Loading noise data from: results/noise_injection/by_dataset/eucalyptus_Vig_noise0.3.csv 
Using 13 indices for  10 % of instances
Calculate prediction
Confusion matrix
Dataset: eucalyptus 
Fold: 2 
Method: rda 
Noise level:  30 %
Percentage of altered instances:  20 %
Using 25 indices (first 25 from shuffled list)
Loading noise data from: results/noise_injection/by_dataset/eucalyptus_Vig_noise0.3.csv 
Using 25 indices for  20 % of instances
Calculate prediction
Confusion matrix
Dataset: eucalyptus 
Fold: 2 
Method: rda 
Noise level:  30 %
Percentage of altered instances:  25 %
Using 32 indices (first 32 from shuffled list)
Loading noise data from: results/noise_injection/by_dataset/eucalyptus_Vig_noise0.3.csv 
Using 32 indices for  25 % of instances
Calculate prediction
Confusion matrix
Dataset: eucalyptus 
Fold: 2 
Method: rda 
Noise level:  30 %
Percentage of altered instances:  30 %
Using 38 indices (first 38 from shuffled list)
Loading noise data from: results/noise_injection/by_dataset/eucalyptus_Vig_noise0.3.csv 
Using 38 indices for  30 % of instances
Calculate prediction
Confusion matrix
Dataset: eucalyptus 
Fold: 2 
Method: rda 
Noise level:  30 %
Percentage of altered instances:  40 %
Using 51 indices (first 51 from shuffled list)
Loading noise data from: results/noise_injection/by_dataset/eucalyptus_Vig_noise0.3.csv 
Using 51 indices for  40 % of instances
Calculate prediction
Confusion matrix
Dataset: eucalyptus 
Fold: 2 
Method: rda 
Noise level:  30 %
Percentage of altered instances:  50 %
Using 64 indices (first 64 from shuffled list)
Loading noise data from: results/noise_injection/by_dataset/eucalyptus_Vig_noise0.3.csv 
Using 64 indices for  50 % of instances
Calculate prediction
Confusion matrix
Dataset: eucalyptus 
Fold: 2 
Method: rda 
Noise level:  30 %
Percentage of altered instances:  60 %
Using 76 indices (first 76 from shuffled list)
Loading noise data from: results/noise_injection/by_dataset/eucalyptus_Vig_noise0.3.csv 
Using 76 indices for  60 % of instances
Calculate prediction
Confusion matrix
Dataset: eucalyptus 
Fold: 2 
Method: rda 
Noise level:  30 %
Percentage of altered instances:  70 %
Using 89 indices (first 89 from shuffled list)
Loading noise data from: results/noise_injection/by_dataset/eucalyptus_Vig_noise0.3.csv 
Using 89 indices for  70 % of instances
Calculate prediction
Confusion matrix
Dataset: eucalyptus 
Fold: 2 
Method: rda 
Noise level:  30 %
Percentage of altered instances:  75 %
Using 95 indices (first 95 from shuffled list)
Loading noise data from: results/noise_injection/by_dataset/eucalyptus_Vig_noise0.3.csv 
Using 95 indices for  75 % of instances
Calculate prediction
Confusion matrix
Dataset: eucalyptus 
Fold: 2 
Method: rda 
Noise level:  30 %
Percentage of altered instances:  80 %
Using 102 indices (first 102 from shuffled list)
Loading noise data from: results/noise_injection/by_dataset/eucalyptus_Vig_noise0.3.csv 
Using 102 indices for  80 % of instances
Calculate prediction
Confusion matrix
Dataset: eucalyptus 
Fold: 2 
Method: rda 
Noise level:  30 %
Percentage of altered instances:  90 %
Using 114 indices (first 114 from shuffled list)
Loading noise data from: results/noise_injection/by_dataset/eucalyptus_Vig_noise0.3.csv 
Using 114 indices for  90 % of instances
Calculate prediction
Confusion matrix
Dataset: eucalyptus 
Fold: 2 
Method: rda 
Noise level:  30 %
Percentage of altered instances:  100 %
Using 127 indices (first 127 from shuffled list)
Loading noise data from: results/noise_injection/by_dataset/eucalyptus_Vig_noise0.3.csv 
Using 127 indices for  100 % of instances
Calculate prediction
Confusion matrix
Loaded 129 indices for fold 3 from: results/instances/original/vectors/eucalyptus_rda_all_folds.csv 

=== Training model with 10 % noise in training data ===
Critical percentage for training noise: 0 %
Training on clean data (critical_percentage = 0)
Dataset: eucalyptus 
Fold: 3 
Method: rda 
Noise level:  10 %
Percentage of altered instances:  10 %
Using 13 indices (first 13 from shuffled list)
Loading noise data from: results/noise_injection/by_dataset/eucalyptus_Vig_noise0.1.csv 
Using 13 indices for  10 % of instances
Calculate prediction
Confusion matrix
Dataset: eucalyptus 
Fold: 3 
Method: rda 
Noise level:  10 %
Percentage of altered instances:  20 %
Using 26 indices (first 26 from shuffled list)
Loading noise data from: results/noise_injection/by_dataset/eucalyptus_Vig_noise0.1.csv 
Using 26 indices for  20 % of instances
Calculate prediction
Confusion matrix
Dataset: eucalyptus 
Fold: 3 
Method: rda 
Noise level:  10 %
Percentage of altered instances:  25 %
Using 32 indices (first 32 from shuffled list)
Loading noise data from: results/noise_injection/by_dataset/eucalyptus_Vig_noise0.1.csv 
Using 32 indices for  25 % of instances
Calculate prediction
Confusion matrix
Dataset: eucalyptus 
Fold: 3 
Method: rda 
Noise level:  10 %
Percentage of altered instances:  30 %
Using 39 indices (first 39 from shuffled list)
Loading noise data from: results/noise_injection/by_dataset/eucalyptus_Vig_noise0.1.csv 
Using 39 indices for  30 % of instances
Calculate prediction
Confusion matrix
Dataset: eucalyptus 
Fold: 3 
Method: rda 
Noise level:  10 %
Percentage of altered instances:  40 %
Using 52 indices (first 52 from shuffled list)
Loading noise data from: results/noise_injection/by_dataset/eucalyptus_Vig_noise0.1.csv 
Using 52 indices for  40 % of instances
Calculate prediction
Confusion matrix
Dataset: eucalyptus 
Fold: 3 
Method: rda 
Noise level:  10 %
Percentage of altered instances:  50 %
Using 64 indices (first 64 from shuffled list)
Loading noise data from: results/noise_injection/by_dataset/eucalyptus_Vig_noise0.1.csv 
Using 64 indices for  50 % of instances
Calculate prediction
Confusion matrix
Dataset: eucalyptus 
Fold: 3 
Method: rda 
Noise level:  10 %
Percentage of altered instances:  60 %
Using 77 indices (first 77 from shuffled list)
Loading noise data from: results/noise_injection/by_dataset/eucalyptus_Vig_noise0.1.csv 
Using 77 indices for  60 % of instances
Calculate prediction
Confusion matrix
Dataset: eucalyptus 
Fold: 3 
Method: rda 
Noise level:  10 %
Percentage of altered instances:  70 %
Using 90 indices (first 90 from shuffled list)
Loading noise data from: results/noise_injection/by_dataset/eucalyptus_Vig_noise0.1.csv 
Using 90 indices for  70 % of instances
Calculate prediction
Confusion matrix
Dataset: eucalyptus 
Fold: 3 
Method: rda 
Noise level:  10 %
Percentage of altered instances:  75 %
Using 97 indices (first 97 from shuffled list)
Loading noise data from: results/noise_injection/by_dataset/eucalyptus_Vig_noise0.1.csv 
Using 97 indices for  75 % of instances
Calculate prediction
Confusion matrix
Dataset: eucalyptus 
Fold: 3 
Method: rda 
Noise level:  10 %
Percentage of altered instances:  80 %
Using 103 indices (first 103 from shuffled list)
Loading noise data from: results/noise_injection/by_dataset/eucalyptus_Vig_noise0.1.csv 
Using 103 indices for  80 % of instances
Calculate prediction
Confusion matrix
Dataset: eucalyptus 
Fold: 3 
Method: rda 
Noise level:  10 %
Percentage of altered instances:  90 %
Using 116 indices (first 116 from shuffled list)
Loading noise data from: results/noise_injection/by_dataset/eucalyptus_Vig_noise0.1.csv 
Using 116 indices for  90 % of instances
Calculate prediction
Confusion matrix
Dataset: eucalyptus 
Fold: 3 
Method: rda 
Noise level:  10 %
Percentage of altered instances:  100 %
Using 129 indices (first 129 from shuffled list)
Loading noise data from: results/noise_injection/by_dataset/eucalyptus_Vig_noise0.1.csv 
Using 129 indices for  100 % of instances
Calculate prediction
Confusion matrix

=== Training model with 20 % noise in training data ===
Critical percentage for training noise: 0 %
Training on clean data (critical_percentage = 0)
Dataset: eucalyptus 
Fold: 3 
Method: rda 
Noise level:  20 %
Percentage of altered instances:  10 %
Using 13 indices (first 13 from shuffled list)
Loading noise data from: results/noise_injection/by_dataset/eucalyptus_Vig_noise0.2.csv 
Using 13 indices for  10 % of instances
Calculate prediction
Confusion matrix
Dataset: eucalyptus 
Fold: 3 
Method: rda 
Noise level:  20 %
Percentage of altered instances:  20 %
Using 26 indices (first 26 from shuffled list)
Loading noise data from: results/noise_injection/by_dataset/eucalyptus_Vig_noise0.2.csv 
Using 26 indices for  20 % of instances
Calculate prediction
Confusion matrix
Dataset: eucalyptus 
Fold: 3 
Method: rda 
Noise level:  20 %
Percentage of altered instances:  25 %
Using 32 indices (first 32 from shuffled list)
Loading noise data from: results/noise_injection/by_dataset/eucalyptus_Vig_noise0.2.csv 
Using 32 indices for  25 % of instances
Calculate prediction
Confusion matrix
Dataset: eucalyptus 
Fold: 3 
Method: rda 
Noise level:  20 %
Percentage of altered instances:  30 %
Using 39 indices (first 39 from shuffled list)
Loading noise data from: results/noise_injection/by_dataset/eucalyptus_Vig_noise0.2.csv 
Using 39 indices for  30 % of instances
Calculate prediction
Confusion matrix
Dataset: eucalyptus 
Fold: 3 
Method: rda 
Noise level:  20 %
Percentage of altered instances:  40 %
Using 52 indices (first 52 from shuffled list)
Loading noise data from: results/noise_injection/by_dataset/eucalyptus_Vig_noise0.2.csv 
Using 52 indices for  40 % of instances
Calculate prediction
Confusion matrix
Dataset: eucalyptus 
Fold: 3 
Method: rda 
Noise level:  20 %
Percentage of altered instances:  50 %
Using 64 indices (first 64 from shuffled list)
Loading noise data from: results/noise_injection/by_dataset/eucalyptus_Vig_noise0.2.csv 
Using 64 indices for  50 % of instances
Calculate prediction
Confusion matrix
Dataset: eucalyptus 
Fold: 3 
Method: rda 
Noise level:  20 %
Percentage of altered instances:  60 %
Using 77 indices (first 77 from shuffled list)
Loading noise data from: results/noise_injection/by_dataset/eucalyptus_Vig_noise0.2.csv 
Using 77 indices for  60 % of instances
Calculate prediction
Confusion matrix
Dataset: eucalyptus 
Fold: 3 
Method: rda 
Noise level:  20 %
Percentage of altered instances:  70 %
Using 90 indices (first 90 from shuffled list)
Loading noise data from: results/noise_injection/by_dataset/eucalyptus_Vig_noise0.2.csv 
Using 90 indices for  70 % of instances
Calculate prediction
Confusion matrix
Dataset: eucalyptus 
Fold: 3 
Method: rda 
Noise level:  20 %
Percentage of altered instances:  75 %
Using 97 indices (first 97 from shuffled list)
Loading noise data from: results/noise_injection/by_dataset/eucalyptus_Vig_noise0.2.csv 
Using 97 indices for  75 % of instances
Calculate prediction
Confusion matrix
Dataset: eucalyptus 
Fold: 3 
Method: rda 
Noise level:  20 %
Percentage of altered instances:  80 %
Using 103 indices (first 103 from shuffled list)
Loading noise data from: results/noise_injection/by_dataset/eucalyptus_Vig_noise0.2.csv 
Using 103 indices for  80 % of instances
Calculate prediction
Confusion matrix
Dataset: eucalyptus 
Fold: 3 
Method: rda 
Noise level:  20 %
Percentage of altered instances:  90 %
Using 116 indices (first 116 from shuffled list)
Loading noise data from: results/noise_injection/by_dataset/eucalyptus_Vig_noise0.2.csv 
Using 116 indices for  90 % of instances
Calculate prediction
Confusion matrix
Dataset: eucalyptus 
Fold: 3 
Method: rda 
Noise level:  20 %
Percentage of altered instances:  100 %
Using 129 indices (first 129 from shuffled list)
Loading noise data from: results/noise_injection/by_dataset/eucalyptus_Vig_noise0.2.csv 
Using 129 indices for  100 % of instances
Calculate prediction
Confusion matrix

=== Training model with 30 % noise in training data ===
Critical percentage for training noise: 0 %
Training on clean data (critical_percentage = 0)
Dataset: eucalyptus 
Fold: 3 
Method: rda 
Noise level:  30 %
Percentage of altered instances:  10 %
Using 13 indices (first 13 from shuffled list)
Loading noise data from: results/noise_injection/by_dataset/eucalyptus_Vig_noise0.3.csv 
Using 13 indices for  10 % of instances
Calculate prediction
Confusion matrix
Dataset: eucalyptus 
Fold: 3 
Method: rda 
Noise level:  30 %
Percentage of altered instances:  20 %
Using 26 indices (first 26 from shuffled list)
Loading noise data from: results/noise_injection/by_dataset/eucalyptus_Vig_noise0.3.csv 
Using 26 indices for  20 % of instances
Calculate prediction
Confusion matrix
Dataset: eucalyptus 
Fold: 3 
Method: rda 
Noise level:  30 %
Percentage of altered instances:  25 %
Using 32 indices (first 32 from shuffled list)
Loading noise data from: results/noise_injection/by_dataset/eucalyptus_Vig_noise0.3.csv 
Using 32 indices for  25 % of instances
Calculate prediction
Confusion matrix
Dataset: eucalyptus 
Fold: 3 
Method: rda 
Noise level:  30 %
Percentage of altered instances:  30 %
Using 39 indices (first 39 from shuffled list)
Loading noise data from: results/noise_injection/by_dataset/eucalyptus_Vig_noise0.3.csv 
Using 39 indices for  30 % of instances
Calculate prediction
Confusion matrix
Dataset: eucalyptus 
Fold: 3 
Method: rda 
Noise level:  30 %
Percentage of altered instances:  40 %
Using 52 indices (first 52 from shuffled list)
Loading noise data from: results/noise_injection/by_dataset/eucalyptus_Vig_noise0.3.csv 
Using 52 indices for  40 % of instances
Calculate prediction
Confusion matrix
Dataset: eucalyptus 
Fold: 3 
Method: rda 
Noise level:  30 %
Percentage of altered instances:  50 %
Using 64 indices (first 64 from shuffled list)
Loading noise data from: results/noise_injection/by_dataset/eucalyptus_Vig_noise0.3.csv 
Using 64 indices for  50 % of instances
Calculate prediction
Confusion matrix
Dataset: eucalyptus 
Fold: 3 
Method: rda 
Noise level:  30 %
Percentage of altered instances:  60 %
Using 77 indices (first 77 from shuffled list)
Loading noise data from: results/noise_injection/by_dataset/eucalyptus_Vig_noise0.3.csv 
Using 77 indices for  60 % of instances
Calculate prediction
Confusion matrix
Dataset: eucalyptus 
Fold: 3 
Method: rda 
Noise level:  30 %
Percentage of altered instances:  70 %
Using 90 indices (first 90 from shuffled list)
Loading noise data from: results/noise_injection/by_dataset/eucalyptus_Vig_noise0.3.csv 
Using 90 indices for  70 % of instances
Calculate prediction
Confusion matrix
Dataset: eucalyptus 
Fold: 3 
Method: rda 
Noise level:  30 %
Percentage of altered instances:  75 %
Using 97 indices (first 97 from shuffled list)
Loading noise data from: results/noise_injection/by_dataset/eucalyptus_Vig_noise0.3.csv 
Using 97 indices for  75 % of instances
Calculate prediction
Confusion matrix
Dataset: eucalyptus 
Fold: 3 
Method: rda 
Noise level:  30 %
Percentage of altered instances:  80 %
Using 103 indices (first 103 from shuffled list)
Loading noise data from: results/noise_injection/by_dataset/eucalyptus_Vig_noise0.3.csv 
Using 103 indices for  80 % of instances
Calculate prediction
Confusion matrix
Dataset: eucalyptus 
Fold: 3 
Method: rda 
Noise level:  30 %
Percentage of altered instances:  90 %
Using 116 indices (first 116 from shuffled list)
Loading noise data from: results/noise_injection/by_dataset/eucalyptus_Vig_noise0.3.csv 
Using 116 indices for  90 % of instances
Calculate prediction
Confusion matrix
Dataset: eucalyptus 
Fold: 3 
Method: rda 
Noise level:  30 %
Percentage of altered instances:  100 %
Using 129 indices (first 129 from shuffled list)
Loading noise data from: results/noise_injection/by_dataset/eucalyptus_Vig_noise0.3.csv 
Using 129 indices for  100 % of instances
Calculate prediction
Confusion matrix
Loaded 129 indices for fold 4 from: results/instances/original/vectors/eucalyptus_rda_all_folds.csv 

=== Training model with 10 % noise in training data ===
Critical percentage for training noise: 0 %
Training on clean data (critical_percentage = 0)
Dataset: eucalyptus 
Fold: 4 
Method: rda 
Noise level:  10 %
Percentage of altered instances:  10 %
Using 13 indices (first 13 from shuffled list)
Loading noise data from: results/noise_injection/by_dataset/eucalyptus_Vig_noise0.1.csv 
Using 13 indices for  10 % of instances
Calculate prediction
Confusion matrix
Dataset: eucalyptus 
Fold: 4 
Method: rda 
Noise level:  10 %
Percentage of altered instances:  20 %
Using 26 indices (first 26 from shuffled list)
Loading noise data from: results/noise_injection/by_dataset/eucalyptus_Vig_noise0.1.csv 
Using 26 indices for  20 % of instances
Calculate prediction
Confusion matrix
Dataset: eucalyptus 
Fold: 4 
Method: rda 
Noise level:  10 %
Percentage of altered instances:  25 %
Using 32 indices (first 32 from shuffled list)
Loading noise data from: results/noise_injection/by_dataset/eucalyptus_Vig_noise0.1.csv 
Using 32 indices for  25 % of instances
Calculate prediction
Confusion matrix
Dataset: eucalyptus 
Fold: 4 
Method: rda 
Noise level:  10 %
Percentage of altered instances:  30 %
Using 39 indices (first 39 from shuffled list)
Loading noise data from: results/noise_injection/by_dataset/eucalyptus_Vig_noise0.1.csv 
Using 39 indices for  30 % of instances
Calculate prediction
Confusion matrix
Dataset: eucalyptus 
Fold: 4 
Method: rda 
Noise level:  10 %
Percentage of altered instances:  40 %
Using 52 indices (first 52 from shuffled list)
Loading noise data from: results/noise_injection/by_dataset/eucalyptus_Vig_noise0.1.csv 
Using 52 indices for  40 % of instances
Calculate prediction
Confusion matrix
Dataset: eucalyptus 
Fold: 4 
Method: rda 
Noise level:  10 %
Percentage of altered instances:  50 %
Using 64 indices (first 64 from shuffled list)
Loading noise data from: results/noise_injection/by_dataset/eucalyptus_Vig_noise0.1.csv 
Using 64 indices for  50 % of instances
Calculate prediction
Confusion matrix
Dataset: eucalyptus 
Fold: 4 
Method: rda 
Noise level:  10 %
Percentage of altered instances:  60 %
Using 77 indices (first 77 from shuffled list)
Loading noise data from: results/noise_injection/by_dataset/eucalyptus_Vig_noise0.1.csv 
Using 77 indices for  60 % of instances
Calculate prediction
Confusion matrix
Dataset: eucalyptus 
Fold: 4 
Method: rda 
Noise level:  10 %
Percentage of altered instances:  70 %
Using 90 indices (first 90 from shuffled list)
Loading noise data from: results/noise_injection/by_dataset/eucalyptus_Vig_noise0.1.csv 
Using 90 indices for  70 % of instances
Calculate prediction
Confusion matrix
Dataset: eucalyptus 
Fold: 4 
Method: rda 
Noise level:  10 %
Percentage of altered instances:  75 %
Using 97 indices (first 97 from shuffled list)
Loading noise data from: results/noise_injection/by_dataset/eucalyptus_Vig_noise0.1.csv 
Using 97 indices for  75 % of instances
Calculate prediction
Confusion matrix
Dataset: eucalyptus 
Fold: 4 
Method: rda 
Noise level:  10 %
Percentage of altered instances:  80 %
Using 103 indices (first 103 from shuffled list)
Loading noise data from: results/noise_injection/by_dataset/eucalyptus_Vig_noise0.1.csv 
Using 103 indices for  80 % of instances
Calculate prediction
Confusion matrix
Dataset: eucalyptus 
Fold: 4 
Method: rda 
Noise level:  10 %
Percentage of altered instances:  90 %
Using 116 indices (first 116 from shuffled list)
Loading noise data from: results/noise_injection/by_dataset/eucalyptus_Vig_noise0.1.csv 
Using 116 indices for  90 % of instances
Calculate prediction
Confusion matrix
Dataset: eucalyptus 
Fold: 4 
Method: rda 
Noise level:  10 %
Percentage of altered instances:  100 %
Using 129 indices (first 129 from shuffled list)
Loading noise data from: results/noise_injection/by_dataset/eucalyptus_Vig_noise0.1.csv 
Using 129 indices for  100 % of instances
Calculate prediction
Confusion matrix

=== Training model with 20 % noise in training data ===
Critical percentage for training noise: 0 %
Training on clean data (critical_percentage = 0)
Dataset: eucalyptus 
Fold: 4 
Method: rda 
Noise level:  20 %
Percentage of altered instances:  10 %
Using 13 indices (first 13 from shuffled list)
Loading noise data from: results/noise_injection/by_dataset/eucalyptus_Vig_noise0.2.csv 
Using 13 indices for  10 % of instances
Calculate prediction
Confusion matrix
Dataset: eucalyptus 
Fold: 4 
Method: rda 
Noise level:  20 %
Percentage of altered instances:  20 %
Using 26 indices (first 26 from shuffled list)
Loading noise data from: results/noise_injection/by_dataset/eucalyptus_Vig_noise0.2.csv 
Using 26 indices for  20 % of instances
Calculate prediction
Confusion matrix
Dataset: eucalyptus 
Fold: 4 
Method: rda 
Noise level:  20 %
Percentage of altered instances:  25 %
Using 32 indices (first 32 from shuffled list)
Loading noise data from: results/noise_injection/by_dataset/eucalyptus_Vig_noise0.2.csv 
Using 32 indices for  25 % of instances
Calculate prediction
Confusion matrix
Dataset: eucalyptus 
Fold: 4 
Method: rda 
Noise level:  20 %
Percentage of altered instances:  30 %
Using 39 indices (first 39 from shuffled list)
Loading noise data from: results/noise_injection/by_dataset/eucalyptus_Vig_noise0.2.csv 
Using 39 indices for  30 % of instances
Calculate prediction
Confusion matrix
Dataset: eucalyptus 
Fold: 4 
Method: rda 
Noise level:  20 %
Percentage of altered instances:  40 %
Using 52 indices (first 52 from shuffled list)
Loading noise data from: results/noise_injection/by_dataset/eucalyptus_Vig_noise0.2.csv 
Using 52 indices for  40 % of instances
Calculate prediction
Confusion matrix
Dataset: eucalyptus 
Fold: 4 
Method: rda 
Noise level:  20 %
Percentage of altered instances:  50 %
Using 64 indices (first 64 from shuffled list)
Loading noise data from: results/noise_injection/by_dataset/eucalyptus_Vig_noise0.2.csv 
Using 64 indices for  50 % of instances
Calculate prediction
Confusion matrix
Dataset: eucalyptus 
Fold: 4 
Method: rda 
Noise level:  20 %
Percentage of altered instances:  60 %
Using 77 indices (first 77 from shuffled list)
Loading noise data from: results/noise_injection/by_dataset/eucalyptus_Vig_noise0.2.csv 
Using 77 indices for  60 % of instances
Calculate prediction
Confusion matrix
Dataset: eucalyptus 
Fold: 4 
Method: rda 
Noise level:  20 %
Percentage of altered instances:  70 %
Using 90 indices (first 90 from shuffled list)
Loading noise data from: results/noise_injection/by_dataset/eucalyptus_Vig_noise0.2.csv 
Using 90 indices for  70 % of instances
Calculate prediction
Confusion matrix
Dataset: eucalyptus 
Fold: 4 
Method: rda 
Noise level:  20 %
Percentage of altered instances:  75 %
Using 97 indices (first 97 from shuffled list)
Loading noise data from: results/noise_injection/by_dataset/eucalyptus_Vig_noise0.2.csv 
Using 97 indices for  75 % of instances
Calculate prediction
Confusion matrix
Dataset: eucalyptus 
Fold: 4 
Method: rda 
Noise level:  20 %
Percentage of altered instances:  80 %
Using 103 indices (first 103 from shuffled list)
Loading noise data from: results/noise_injection/by_dataset/eucalyptus_Vig_noise0.2.csv 
Using 103 indices for  80 % of instances
Calculate prediction
Confusion matrix
Dataset: eucalyptus 
Fold: 4 
Method: rda 
Noise level:  20 %
Percentage of altered instances:  90 %
Using 116 indices (first 116 from shuffled list)
Loading noise data from: results/noise_injection/by_dataset/eucalyptus_Vig_noise0.2.csv 
Using 116 indices for  90 % of instances
Calculate prediction
Confusion matrix
Dataset: eucalyptus 
Fold: 4 
Method: rda 
Noise level:  20 %
Percentage of altered instances:  100 %
Using 129 indices (first 129 from shuffled list)
Loading noise data from: results/noise_injection/by_dataset/eucalyptus_Vig_noise0.2.csv 
Using 129 indices for  100 % of instances
Calculate prediction
Confusion matrix

=== Training model with 30 % noise in training data ===
Critical percentage for training noise: 0 %
Training on clean data (critical_percentage = 0)
Dataset: eucalyptus 
Fold: 4 
Method: rda 
Noise level:  30 %
Percentage of altered instances:  10 %
Using 13 indices (first 13 from shuffled list)
Loading noise data from: results/noise_injection/by_dataset/eucalyptus_Vig_noise0.3.csv 
Using 13 indices for  10 % of instances
Calculate prediction
Confusion matrix
Dataset: eucalyptus 
Fold: 4 
Method: rda 
Noise level:  30 %
Percentage of altered instances:  20 %
Using 26 indices (first 26 from shuffled list)
Loading noise data from: results/noise_injection/by_dataset/eucalyptus_Vig_noise0.3.csv 
Using 26 indices for  20 % of instances
Calculate prediction
Confusion matrix
Dataset: eucalyptus 
Fold: 4 
Method: rda 
Noise level:  30 %
Percentage of altered instances:  25 %
Using 32 indices (first 32 from shuffled list)
Loading noise data from: results/noise_injection/by_dataset/eucalyptus_Vig_noise0.3.csv 
Using 32 indices for  25 % of instances
Calculate prediction
Confusion matrix
Dataset: eucalyptus 
Fold: 4 
Method: rda 
Noise level:  30 %
Percentage of altered instances:  30 %
Using 39 indices (first 39 from shuffled list)
Loading noise data from: results/noise_injection/by_dataset/eucalyptus_Vig_noise0.3.csv 
Using 39 indices for  30 % of instances
Calculate prediction
Confusion matrix
Dataset: eucalyptus 
Fold: 4 
Method: rda 
Noise level:  30 %
Percentage of altered instances:  40 %
Using 52 indices (first 52 from shuffled list)
Loading noise data from: results/noise_injection/by_dataset/eucalyptus_Vig_noise0.3.csv 
Using 52 indices for  40 % of instances
Calculate prediction
Confusion matrix
Dataset: eucalyptus 
Fold: 4 
Method: rda 
Noise level:  30 %
Percentage of altered instances:  50 %
Using 64 indices (first 64 from shuffled list)
Loading noise data from: results/noise_injection/by_dataset/eucalyptus_Vig_noise0.3.csv 
Using 64 indices for  50 % of instances
Calculate prediction
Confusion matrix
Dataset: eucalyptus 
Fold: 4 
Method: rda 
Noise level:  30 %
Percentage of altered instances:  60 %
Using 77 indices (first 77 from shuffled list)
Loading noise data from: results/noise_injection/by_dataset/eucalyptus_Vig_noise0.3.csv 
Using 77 indices for  60 % of instances
Calculate prediction
Confusion matrix
Dataset: eucalyptus 
Fold: 4 
Method: rda 
Noise level:  30 %
Percentage of altered instances:  70 %
Using 90 indices (first 90 from shuffled list)
Loading noise data from: results/noise_injection/by_dataset/eucalyptus_Vig_noise0.3.csv 
Using 90 indices for  70 % of instances
Calculate prediction
Confusion matrix
Dataset: eucalyptus 
Fold: 4 
Method: rda 
Noise level:  30 %
Percentage of altered instances:  75 %
Using 97 indices (first 97 from shuffled list)
Loading noise data from: results/noise_injection/by_dataset/eucalyptus_Vig_noise0.3.csv 
Using 97 indices for  75 % of instances
Calculate prediction
Confusion matrix
Dataset: eucalyptus 
Fold: 4 
Method: rda 
Noise level:  30 %
Percentage of altered instances:  80 %
Using 103 indices (first 103 from shuffled list)
Loading noise data from: results/noise_injection/by_dataset/eucalyptus_Vig_noise0.3.csv 
Using 103 indices for  80 % of instances
Calculate prediction
Confusion matrix
Dataset: eucalyptus 
Fold: 4 
Method: rda 
Noise level:  30 %
Percentage of altered instances:  90 %
Using 116 indices (first 116 from shuffled list)
Loading noise data from: results/noise_injection/by_dataset/eucalyptus_Vig_noise0.3.csv 
Using 116 indices for  90 % of instances
Calculate prediction
Confusion matrix
Dataset: eucalyptus 
Fold: 4 
Method: rda 
Noise level:  30 %
Percentage of altered instances:  100 %
Using 129 indices (first 129 from shuffled list)
Loading noise data from: results/noise_injection/by_dataset/eucalyptus_Vig_noise0.3.csv 
Using 129 indices for  100 % of instances
Calculate prediction
Confusion matrix
Loaded 128 indices for fold 5 from: results/instances/original/vectors/eucalyptus_rda_all_folds.csv 

=== Training model with 10 % noise in training data ===
Critical percentage for training noise: 0 %
Training on clean data (critical_percentage = 0)
Dataset: eucalyptus 
Fold: 5 
Method: rda 
Noise level:  10 %
Percentage of altered instances:  10 %
Using 13 indices (first 13 from shuffled list)
Loading noise data from: results/noise_injection/by_dataset/eucalyptus_Vig_noise0.1.csv 
Using 13 indices for  10 % of instances
Calculate prediction
Error in model.frame.default(Terms, newdata, na.action = na.action, xlev = object$xlevels) : 
  factor Sp has new levels mn
Calls: do.call ... predict.train -> model.frame -> model.frame.default
In addition: There were 50 or more warnings (use warnings() to see the first 50)
Execution halted
