Current working directory: /home/chris/github/kappa-threshold 
parameters.csv exists: TRUE 
parameters.csv absolute path: /home/chris/github/kappa-threshold/data/files/parameters.csv 
Processing model: multinom for dataset: iris 
Loaded 30 indices for fold 1 from: results/instances/original/vectors/iris_multinom_all_folds.csv 

=== Training model with 10 % noise in training data ===
Critical percentage for training noise: 100 %
Loading training noise data from: results/noise_injection/by_dataset/iris_petallength_noise0.1.csv 
Altering 120 out of 120 training instances
# weights:  18 (10 variable)
initial  value 131.833475 
iter  10 value 16.157325
iter  20 value 5.810079
iter  30 value 3.760046
iter  40 value 3.247163
iter  50 value 2.507014
iter  60 value 2.314597
iter  70 value 1.711409
iter  80 value 1.476324
iter  90 value 1.115626
iter 100 value 1.079505
final  value 1.079505 
stopped after 100 iterations
Dataset: iris 
Fold: 1 
Method: multinom 
Noise level:  10 %
Percentage of altered instances:  10 %
Using 3 indices (first 3 from shuffled list)
Loading noise data from: results/noise_injection/by_dataset/iris_petallength_noise0.1.csv 
Using 3 indices for  10 % of instances
Calculate prediction
Confusion matrix
Dataset: iris 
Fold: 1 
Method: multinom 
Noise level:  10 %
Percentage of altered instances:  20 %
Using 6 indices (first 6 from shuffled list)
Loading noise data from: results/noise_injection/by_dataset/iris_petallength_noise0.1.csv 
Using 6 indices for  20 % of instances
Calculate prediction
Confusion matrix
Dataset: iris 
Fold: 1 
Method: multinom 
Noise level:  10 %
Percentage of altered instances:  25 %
Using 8 indices (first 8 from shuffled list)
Loading noise data from: results/noise_injection/by_dataset/iris_petallength_noise0.1.csv 
Using 8 indices for  25 % of instances
Calculate prediction
Confusion matrix
Dataset: iris 
Fold: 1 
Method: multinom 
Noise level:  10 %
Percentage of altered instances:  30 %
Using 9 indices (first 9 from shuffled list)
Loading noise data from: results/noise_injection/by_dataset/iris_petallength_noise0.1.csv 
Using 9 indices for  30 % of instances
Calculate prediction
Confusion matrix
Dataset: iris 
Fold: 1 
Method: multinom 
Noise level:  10 %
Percentage of altered instances:  40 %
Using 12 indices (first 12 from shuffled list)
Loading noise data from: results/noise_injection/by_dataset/iris_petallength_noise0.1.csv 
Using 12 indices for  40 % of instances
Calculate prediction
Confusion matrix
Dataset: iris 
Fold: 1 
Method: multinom 
Noise level:  10 %
Percentage of altered instances:  50 %
Using 15 indices (first 15 from shuffled list)
Loading noise data from: results/noise_injection/by_dataset/iris_petallength_noise0.1.csv 
Using 15 indices for  50 % of instances
Calculate prediction
Confusion matrix
Dataset: iris 
Fold: 1 
Method: multinom 
Noise level:  10 %
Percentage of altered instances:  60 %
Using 18 indices (first 18 from shuffled list)
Loading noise data from: results/noise_injection/by_dataset/iris_petallength_noise0.1.csv 
Using 18 indices for  60 % of instances
Calculate prediction
Confusion matrix
Dataset: iris 
Fold: 1 
Method: multinom 
Noise level:  10 %
Percentage of altered instances:  70 %
Using 21 indices (first 21 from shuffled list)
Loading noise data from: results/noise_injection/by_dataset/iris_petallength_noise0.1.csv 
Using 21 indices for  70 % of instances
Calculate prediction
Confusion matrix
Dataset: iris 
Fold: 1 
Method: multinom 
Noise level:  10 %
Percentage of altered instances:  75 %
Using 22 indices (first 22 from shuffled list)
Loading noise data from: results/noise_injection/by_dataset/iris_petallength_noise0.1.csv 
Using 22 indices for  75 % of instances
Calculate prediction
Confusion matrix
Dataset: iris 
Fold: 1 
Method: multinom 
Noise level:  10 %
Percentage of altered instances:  80 %
Using 24 indices (first 24 from shuffled list)
Loading noise data from: results/noise_injection/by_dataset/iris_petallength_noise0.1.csv 
Using 24 indices for  80 % of instances
Calculate prediction
Confusion matrix
Dataset: iris 
Fold: 1 
Method: multinom 
Noise level:  10 %
Percentage of altered instances:  90 %
Using 27 indices (first 27 from shuffled list)
Loading noise data from: results/noise_injection/by_dataset/iris_petallength_noise0.1.csv 
Using 27 indices for  90 % of instances
Calculate prediction
Confusion matrix
Dataset: iris 
Fold: 1 
Method: multinom 
Noise level:  10 %
Percentage of altered instances:  100 %
Using 30 indices (first 30 from shuffled list)
Loading noise data from: results/noise_injection/by_dataset/iris_petallength_noise0.1.csv 
Using 30 indices for  100 % of instances
Calculate prediction
Confusion matrix

=== Training model with 20 % noise in training data ===
Critical percentage for training noise: 80 %
Loading training noise data from: results/noise_injection/by_dataset/iris_petallength_noise0.2.csv 
Altering 96 out of 120 training instances
# weights:  18 (10 variable)
initial  value 131.833475 
iter  10 value 20.186568
iter  20 value 6.296138
iter  30 value 5.437094
iter  40 value 5.435069
iter  50 value 5.433537
iter  60 value 5.432445
iter  70 value 5.431417
iter  80 value 5.430632
iter  90 value 5.430559
iter 100 value 5.430319
final  value 5.430319 
stopped after 100 iterations
Dataset: iris 
Fold: 1 
Method: multinom 
Noise level:  20 %
Percentage of altered instances:  10 %
Using 3 indices (first 3 from shuffled list)
Loading noise data from: results/noise_injection/by_dataset/iris_petallength_noise0.2.csv 
Using 3 indices for  10 % of instances
Calculate prediction
Confusion matrix
Dataset: iris 
Fold: 1 
Method: multinom 
Noise level:  20 %
Percentage of altered instances:  20 %
Using 6 indices (first 6 from shuffled list)
Loading noise data from: results/noise_injection/by_dataset/iris_petallength_noise0.2.csv 
Using 6 indices for  20 % of instances
Calculate prediction
Confusion matrix
Dataset: iris 
Fold: 1 
Method: multinom 
Noise level:  20 %
Percentage of altered instances:  25 %
Using 8 indices (first 8 from shuffled list)
Loading noise data from: results/noise_injection/by_dataset/iris_petallength_noise0.2.csv 
Using 8 indices for  25 % of instances
Calculate prediction
Confusion matrix
Dataset: iris 
Fold: 1 
Method: multinom 
Noise level:  20 %
Percentage of altered instances:  30 %
Using 9 indices (first 9 from shuffled list)
Loading noise data from: results/noise_injection/by_dataset/iris_petallength_noise0.2.csv 
Using 9 indices for  30 % of instances
Calculate prediction
Confusion matrix
Dataset: iris 
Fold: 1 
Method: multinom 
Noise level:  20 %
Percentage of altered instances:  40 %
Using 12 indices (first 12 from shuffled list)
Loading noise data from: results/noise_injection/by_dataset/iris_petallength_noise0.2.csv 
Using 12 indices for  40 % of instances
Calculate prediction
Confusion matrix
Dataset: iris 
Fold: 1 
Method: multinom 
Noise level:  20 %
Percentage of altered instances:  50 %
Using 15 indices (first 15 from shuffled list)
Loading noise data from: results/noise_injection/by_dataset/iris_petallength_noise0.2.csv 
Using 15 indices for  50 % of instances
Calculate prediction
Confusion matrix
Dataset: iris 
Fold: 1 
Method: multinom 
Noise level:  20 %
Percentage of altered instances:  60 %
Using 18 indices (first 18 from shuffled list)
Loading noise data from: results/noise_injection/by_dataset/iris_petallength_noise0.2.csv 
Using 18 indices for  60 % of instances
Calculate prediction
Confusion matrix
Dataset: iris 
Fold: 1 
Method: multinom 
Noise level:  20 %
Percentage of altered instances:  70 %
Using 21 indices (first 21 from shuffled list)
Loading noise data from: results/noise_injection/by_dataset/iris_petallength_noise0.2.csv 
Using 21 indices for  70 % of instances
Calculate prediction
Confusion matrix
Dataset: iris 
Fold: 1 
Method: multinom 
Noise level:  20 %
Percentage of altered instances:  75 %
Using 22 indices (first 22 from shuffled list)
Loading noise data from: results/noise_injection/by_dataset/iris_petallength_noise0.2.csv 
Using 22 indices for  75 % of instances
Calculate prediction
Confusion matrix
Dataset: iris 
Fold: 1 
Method: multinom 
Noise level:  20 %
Percentage of altered instances:  80 %
Using 24 indices (first 24 from shuffled list)
Loading noise data from: results/noise_injection/by_dataset/iris_petallength_noise0.2.csv 
Using 24 indices for  80 % of instances
Calculate prediction
Confusion matrix
Dataset: iris 
Fold: 1 
Method: multinom 
Noise level:  20 %
Percentage of altered instances:  90 %
Using 27 indices (first 27 from shuffled list)
Loading noise data from: results/noise_injection/by_dataset/iris_petallength_noise0.2.csv 
Using 27 indices for  90 % of instances
Calculate prediction
Confusion matrix
Dataset: iris 
Fold: 1 
Method: multinom 
Noise level:  20 %
Percentage of altered instances:  100 %
Using 30 indices (first 30 from shuffled list)
Loading noise data from: results/noise_injection/by_dataset/iris_petallength_noise0.2.csv 
Using 30 indices for  100 % of instances
Calculate prediction
Confusion matrix

=== Training model with 30 % noise in training data ===
Critical percentage for training noise: 30 %
Loading training noise data from: results/noise_injection/by_dataset/iris_petallength_noise0.3.csv 
Altering 36 out of 120 training instances
# weights:  18 (10 variable)
initial  value 131.833475 
iter  10 value 16.613704
iter  20 value 6.718240
iter  30 value 5.203217
iter  40 value 5.061354
iter  50 value 4.950278
iter  60 value 4.937395
iter  70 value 4.929414
iter  80 value 4.923516
iter  90 value 4.908807
iter 100 value 4.906676
final  value 4.906676 
stopped after 100 iterations
Dataset: iris 
Fold: 1 
Method: multinom 
Noise level:  30 %
Percentage of altered instances:  10 %
Using 3 indices (first 3 from shuffled list)
Loading noise data from: results/noise_injection/by_dataset/iris_petallength_noise0.3.csv 
Using 3 indices for  10 % of instances
Calculate prediction
Confusion matrix
Dataset: iris 
Fold: 1 
Method: multinom 
Noise level:  30 %
Percentage of altered instances:  20 %
Using 6 indices (first 6 from shuffled list)
Loading noise data from: results/noise_injection/by_dataset/iris_petallength_noise0.3.csv 
Using 6 indices for  20 % of instances
Calculate prediction
Confusion matrix
Dataset: iris 
Fold: 1 
Method: multinom 
Noise level:  30 %
Percentage of altered instances:  25 %
Using 8 indices (first 8 from shuffled list)
Loading noise data from: results/noise_injection/by_dataset/iris_petallength_noise0.3.csv 
Using 8 indices for  25 % of instances
Calculate prediction
Confusion matrix
Dataset: iris 
Fold: 1 
Method: multinom 
Noise level:  30 %
Percentage of altered instances:  30 %
Using 9 indices (first 9 from shuffled list)
Loading noise data from: results/noise_injection/by_dataset/iris_petallength_noise0.3.csv 
Using 9 indices for  30 % of instances
Calculate prediction
Confusion matrix
Dataset: iris 
Fold: 1 
Method: multinom 
Noise level:  30 %
Percentage of altered instances:  40 %
Using 12 indices (first 12 from shuffled list)
Loading noise data from: results/noise_injection/by_dataset/iris_petallength_noise0.3.csv 
Using 12 indices for  40 % of instances
Calculate prediction
Confusion matrix
Dataset: iris 
Fold: 1 
Method: multinom 
Noise level:  30 %
Percentage of altered instances:  50 %
Using 15 indices (first 15 from shuffled list)
Loading noise data from: results/noise_injection/by_dataset/iris_petallength_noise0.3.csv 
Using 15 indices for  50 % of instances
Calculate prediction
Confusion matrix
Dataset: iris 
Fold: 1 
Method: multinom 
Noise level:  30 %
Percentage of altered instances:  60 %
Using 18 indices (first 18 from shuffled list)
Loading noise data from: results/noise_injection/by_dataset/iris_petallength_noise0.3.csv 
Using 18 indices for  60 % of instances
Calculate prediction
Confusion matrix
Dataset: iris 
Fold: 1 
Method: multinom 
Noise level:  30 %
Percentage of altered instances:  70 %
Using 21 indices (first 21 from shuffled list)
Loading noise data from: results/noise_injection/by_dataset/iris_petallength_noise0.3.csv 
Using 21 indices for  70 % of instances
Calculate prediction
Confusion matrix
Dataset: iris 
Fold: 1 
Method: multinom 
Noise level:  30 %
Percentage of altered instances:  75 %
Using 22 indices (first 22 from shuffled list)
Loading noise data from: results/noise_injection/by_dataset/iris_petallength_noise0.3.csv 
Using 22 indices for  75 % of instances
Calculate prediction
Confusion matrix
Dataset: iris 
Fold: 1 
Method: multinom 
Noise level:  30 %
Percentage of altered instances:  80 %
Using 24 indices (first 24 from shuffled list)
Loading noise data from: results/noise_injection/by_dataset/iris_petallength_noise0.3.csv 
Using 24 indices for  80 % of instances
Calculate prediction
Confusion matrix
Dataset: iris 
Fold: 1 
Method: multinom 
Noise level:  30 %
Percentage of altered instances:  90 %
Using 27 indices (first 27 from shuffled list)
Loading noise data from: results/noise_injection/by_dataset/iris_petallength_noise0.3.csv 
Using 27 indices for  90 % of instances
Calculate prediction
Confusion matrix
Dataset: iris 
Fold: 1 
Method: multinom 
Noise level:  30 %
Percentage of altered instances:  100 %
Using 30 indices (first 30 from shuffled list)
Loading noise data from: results/noise_injection/by_dataset/iris_petallength_noise0.3.csv 
Using 30 indices for  100 % of instances
Calculate prediction
Confusion matrix
Loaded 30 indices for fold 2 from: results/instances/original/vectors/iris_multinom_all_folds.csv 

=== Training model with 10 % noise in training data ===
Critical percentage for training noise: 100 %
Loading training noise data from: results/noise_injection/by_dataset/iris_petallength_noise0.1.csv 
Altering 120 out of 120 training instances
# weights:  18 (10 variable)
initial  value 131.833475 
iter  10 value 12.309585
iter  20 value 5.490017
iter  30 value 5.254819
iter  40 value 5.093516
iter  50 value 5.065851
iter  60 value 5.051233
iter  70 value 5.046416
iter  80 value 5.042319
iter  90 value 5.032215
iter 100 value 5.031714
final  value 5.031714 
stopped after 100 iterations
Dataset: iris 
Fold: 2 
Method: multinom 
Noise level:  10 %
Percentage of altered instances:  10 %
Using 3 indices (first 3 from shuffled list)
Loading noise data from: results/noise_injection/by_dataset/iris_petallength_noise0.1.csv 
Using 3 indices for  10 % of instances
Calculate prediction
Confusion matrix
Dataset: iris 
Fold: 2 
Method: multinom 
Noise level:  10 %
Percentage of altered instances:  20 %
Using 6 indices (first 6 from shuffled list)
Loading noise data from: results/noise_injection/by_dataset/iris_petallength_noise0.1.csv 
Using 6 indices for  20 % of instances
Calculate prediction
Confusion matrix
Dataset: iris 
Fold: 2 
Method: multinom 
Noise level:  10 %
Percentage of altered instances:  25 %
Using 8 indices (first 8 from shuffled list)
Loading noise data from: results/noise_injection/by_dataset/iris_petallength_noise0.1.csv 
Using 8 indices for  25 % of instances
Calculate prediction
Confusion matrix
Dataset: iris 
Fold: 2 
Method: multinom 
Noise level:  10 %
Percentage of altered instances:  30 %
Using 9 indices (first 9 from shuffled list)
Loading noise data from: results/noise_injection/by_dataset/iris_petallength_noise0.1.csv 
Using 9 indices for  30 % of instances
Calculate prediction
Confusion matrix
Dataset: iris 
Fold: 2 
Method: multinom 
Noise level:  10 %
Percentage of altered instances:  40 %
Using 12 indices (first 12 from shuffled list)
Loading noise data from: results/noise_injection/by_dataset/iris_petallength_noise0.1.csv 
Using 12 indices for  40 % of instances
Calculate prediction
Confusion matrix
Dataset: iris 
Fold: 2 
Method: multinom 
Noise level:  10 %
Percentage of altered instances:  50 %
Using 15 indices (first 15 from shuffled list)
Loading noise data from: results/noise_injection/by_dataset/iris_petallength_noise0.1.csv 
Using 15 indices for  50 % of instances
Calculate prediction
Confusion matrix
Dataset: iris 
Fold: 2 
Method: multinom 
Noise level:  10 %
Percentage of altered instances:  60 %
Using 18 indices (first 18 from shuffled list)
Loading noise data from: results/noise_injection/by_dataset/iris_petallength_noise0.1.csv 
Using 18 indices for  60 % of instances
Calculate prediction
Confusion matrix
Dataset: iris 
Fold: 2 
Method: multinom 
Noise level:  10 %
Percentage of altered instances:  70 %
Using 21 indices (first 21 from shuffled list)
Loading noise data from: results/noise_injection/by_dataset/iris_petallength_noise0.1.csv 
Using 21 indices for  70 % of instances
Calculate prediction
Confusion matrix
Dataset: iris 
Fold: 2 
Method: multinom 
Noise level:  10 %
Percentage of altered instances:  75 %
Using 22 indices (first 22 from shuffled list)
Loading noise data from: results/noise_injection/by_dataset/iris_petallength_noise0.1.csv 
Using 22 indices for  75 % of instances
Calculate prediction
Confusion matrix
Dataset: iris 
Fold: 2 
Method: multinom 
Noise level:  10 %
Percentage of altered instances:  80 %
Using 24 indices (first 24 from shuffled list)
Loading noise data from: results/noise_injection/by_dataset/iris_petallength_noise0.1.csv 
Using 24 indices for  80 % of instances
Calculate prediction
Confusion matrix
Dataset: iris 
Fold: 2 
Method: multinom 
Noise level:  10 %
Percentage of altered instances:  90 %
Using 27 indices (first 27 from shuffled list)
Loading noise data from: results/noise_injection/by_dataset/iris_petallength_noise0.1.csv 
Using 27 indices for  90 % of instances
Calculate prediction
Confusion matrix
Dataset: iris 
Fold: 2 
Method: multinom 
Noise level:  10 %
Percentage of altered instances:  100 %
Using 30 indices (first 30 from shuffled list)
Loading noise data from: results/noise_injection/by_dataset/iris_petallength_noise0.1.csv 
Using 30 indices for  100 % of instances
Calculate prediction
Confusion matrix

=== Training model with 20 % noise in training data ===
Critical percentage for training noise: 80 %
Loading training noise data from: results/noise_injection/by_dataset/iris_petallength_noise0.2.csv 
Altering 96 out of 120 training instances
# weights:  18 (10 variable)
initial  value 131.833475 
iter  10 value 14.611647
iter  20 value 6.618093
iter  30 value 6.028089
iter  40 value 5.924090
iter  50 value 5.917951
iter  60 value 5.909116
iter  70 value 5.907703
iter  80 value 5.905547
final  value 5.905410 
converged
Dataset: iris 
Fold: 2 
Method: multinom 
Noise level:  20 %
Percentage of altered instances:  10 %
Using 3 indices (first 3 from shuffled list)
Loading noise data from: results/noise_injection/by_dataset/iris_petallength_noise0.2.csv 
Using 3 indices for  10 % of instances
Calculate prediction
Confusion matrix
Dataset: iris 
Fold: 2 
Method: multinom 
Noise level:  20 %
Percentage of altered instances:  20 %
Using 6 indices (first 6 from shuffled list)
Loading noise data from: results/noise_injection/by_dataset/iris_petallength_noise0.2.csv 
Using 6 indices for  20 % of instances
Calculate prediction
Confusion matrix
Dataset: iris 
Fold: 2 
Method: multinom 
Noise level:  20 %
Percentage of altered instances:  25 %
Using 8 indices (first 8 from shuffled list)
Loading noise data from: results/noise_injection/by_dataset/iris_petallength_noise0.2.csv 
Using 8 indices for  25 % of instances
Calculate prediction
Confusion matrix
Dataset: iris 
Fold: 2 
Method: multinom 
Noise level:  20 %
Percentage of altered instances:  30 %
Using 9 indices (first 9 from shuffled list)
Loading noise data from: results/noise_injection/by_dataset/iris_petallength_noise0.2.csv 
Using 9 indices for  30 % of instances
Calculate prediction
Confusion matrix
Dataset: iris 
Fold: 2 
Method: multinom 
Noise level:  20 %
Percentage of altered instances:  40 %
Using 12 indices (first 12 from shuffled list)
Loading noise data from: results/noise_injection/by_dataset/iris_petallength_noise0.2.csv 
Using 12 indices for  40 % of instances
Calculate prediction
Confusion matrix
Dataset: iris 
Fold: 2 
Method: multinom 
Noise level:  20 %
Percentage of altered instances:  50 %
Using 15 indices (first 15 from shuffled list)
Loading noise data from: results/noise_injection/by_dataset/iris_petallength_noise0.2.csv 
Using 15 indices for  50 % of instances
Calculate prediction
Confusion matrix
Dataset: iris 
Fold: 2 
Method: multinom 
Noise level:  20 %
Percentage of altered instances:  60 %
Using 18 indices (first 18 from shuffled list)
Loading noise data from: results/noise_injection/by_dataset/iris_petallength_noise0.2.csv 
Using 18 indices for  60 % of instances
Calculate prediction
Confusion matrix
Dataset: iris 
Fold: 2 
Method: multinom 
Noise level:  20 %
Percentage of altered instances:  70 %
Using 21 indices (first 21 from shuffled list)
Loading noise data from: results/noise_injection/by_dataset/iris_petallength_noise0.2.csv 
Using 21 indices for  70 % of instances
Calculate prediction
Confusion matrix
Dataset: iris 
Fold: 2 
Method: multinom 
Noise level:  20 %
Percentage of altered instances:  75 %
Using 22 indices (first 22 from shuffled list)
Loading noise data from: results/noise_injection/by_dataset/iris_petallength_noise0.2.csv 
Using 22 indices for  75 % of instances
Calculate prediction
Confusion matrix
Dataset: iris 
Fold: 2 
Method: multinom 
Noise level:  20 %
Percentage of altered instances:  80 %
Using 24 indices (first 24 from shuffled list)
Loading noise data from: results/noise_injection/by_dataset/iris_petallength_noise0.2.csv 
Using 24 indices for  80 % of instances
Calculate prediction
Confusion matrix
Dataset: iris 
Fold: 2 
Method: multinom 
Noise level:  20 %
Percentage of altered instances:  90 %
Using 27 indices (first 27 from shuffled list)
Loading noise data from: results/noise_injection/by_dataset/iris_petallength_noise0.2.csv 
Using 27 indices for  90 % of instances
Calculate prediction
Confusion matrix
Dataset: iris 
Fold: 2 
Method: multinom 
Noise level:  20 %
Percentage of altered instances:  100 %
Using 30 indices (first 30 from shuffled list)
Loading noise data from: results/noise_injection/by_dataset/iris_petallength_noise0.2.csv 
Using 30 indices for  100 % of instances
Calculate prediction
Confusion matrix

=== Training model with 30 % noise in training data ===
Critical percentage for training noise: 30 %
Loading training noise data from: results/noise_injection/by_dataset/iris_petallength_noise0.3.csv 
Altering 36 out of 120 training instances
# weights:  18 (10 variable)
initial  value 131.833475 
iter  10 value 14.281097
iter  20 value 8.346291
iter  30 value 8.169275
iter  40 value 8.131933
iter  50 value 8.124417
iter  60 value 8.121906
iter  70 value 8.120395
iter  80 value 8.119722
iter  90 value 8.119076
iter 100 value 8.118824
final  value 8.118824 
stopped after 100 iterations
Dataset: iris 
Fold: 2 
Method: multinom 
Noise level:  30 %
Percentage of altered instances:  10 %
Using 3 indices (first 3 from shuffled list)
Loading noise data from: results/noise_injection/by_dataset/iris_petallength_noise0.3.csv 
Using 3 indices for  10 % of instances
Calculate prediction
Confusion matrix
Dataset: iris 
Fold: 2 
Method: multinom 
Noise level:  30 %
Percentage of altered instances:  20 %
Using 6 indices (first 6 from shuffled list)
Loading noise data from: results/noise_injection/by_dataset/iris_petallength_noise0.3.csv 
Using 6 indices for  20 % of instances
Calculate prediction
Confusion matrix
Dataset: iris 
Fold: 2 
Method: multinom 
Noise level:  30 %
Percentage of altered instances:  25 %
Using 8 indices (first 8 from shuffled list)
Loading noise data from: results/noise_injection/by_dataset/iris_petallength_noise0.3.csv 
Using 8 indices for  25 % of instances
Calculate prediction
Confusion matrix
Dataset: iris 
Fold: 2 
Method: multinom 
Noise level:  30 %
Percentage of altered instances:  30 %
Using 9 indices (first 9 from shuffled list)
Loading noise data from: results/noise_injection/by_dataset/iris_petallength_noise0.3.csv 
Using 9 indices for  30 % of instances
Calculate prediction
Confusion matrix
Dataset: iris 
Fold: 2 
Method: multinom 
Noise level:  30 %
Percentage of altered instances:  40 %
Using 12 indices (first 12 from shuffled list)
Loading noise data from: results/noise_injection/by_dataset/iris_petallength_noise0.3.csv 
Using 12 indices for  40 % of instances
Calculate prediction
Confusion matrix
Dataset: iris 
Fold: 2 
Method: multinom 
Noise level:  30 %
Percentage of altered instances:  50 %
Using 15 indices (first 15 from shuffled list)
Loading noise data from: results/noise_injection/by_dataset/iris_petallength_noise0.3.csv 
Using 15 indices for  50 % of instances
Calculate prediction
Confusion matrix
Dataset: iris 
Fold: 2 
Method: multinom 
Noise level:  30 %
Percentage of altered instances:  60 %
Using 18 indices (first 18 from shuffled list)
Loading noise data from: results/noise_injection/by_dataset/iris_petallength_noise0.3.csv 
Using 18 indices for  60 % of instances
Calculate prediction
Confusion matrix
Dataset: iris 
Fold: 2 
Method: multinom 
Noise level:  30 %
Percentage of altered instances:  70 %
Using 21 indices (first 21 from shuffled list)
Loading noise data from: results/noise_injection/by_dataset/iris_petallength_noise0.3.csv 
Using 21 indices for  70 % of instances
Calculate prediction
Confusion matrix
Dataset: iris 
Fold: 2 
Method: multinom 
Noise level:  30 %
Percentage of altered instances:  75 %
Using 22 indices (first 22 from shuffled list)
Loading noise data from: results/noise_injection/by_dataset/iris_petallength_noise0.3.csv 
Using 22 indices for  75 % of instances
Calculate prediction
Confusion matrix
Dataset: iris 
Fold: 2 
Method: multinom 
Noise level:  30 %
Percentage of altered instances:  80 %
Using 24 indices (first 24 from shuffled list)
Loading noise data from: results/noise_injection/by_dataset/iris_petallength_noise0.3.csv 
Using 24 indices for  80 % of instances
Calculate prediction
Confusion matrix
Dataset: iris 
Fold: 2 
Method: multinom 
Noise level:  30 %
Percentage of altered instances:  90 %
Using 27 indices (first 27 from shuffled list)
Loading noise data from: results/noise_injection/by_dataset/iris_petallength_noise0.3.csv 
Using 27 indices for  90 % of instances
Calculate prediction
Confusion matrix
Dataset: iris 
Fold: 2 
Method: multinom 
Noise level:  30 %
Percentage of altered instances:  100 %
Using 30 indices (first 30 from shuffled list)
Loading noise data from: results/noise_injection/by_dataset/iris_petallength_noise0.3.csv 
Using 30 indices for  100 % of instances
Calculate prediction
Confusion matrix
Loaded 30 indices for fold 3 from: results/instances/original/vectors/iris_multinom_all_folds.csv 

=== Training model with 10 % noise in training data ===
Critical percentage for training noise: 100 %
Loading training noise data from: results/noise_injection/by_dataset/iris_petallength_noise0.1.csv 
Altering 120 out of 120 training instances
# weights:  18 (10 variable)
initial  value 131.833475 
iter  10 value 14.443283
iter  20 value 7.285642
iter  30 value 7.168239
iter  40 value 7.136358
iter  50 value 7.134383
iter  60 value 7.130166
iter  70 value 7.128077
iter  80 value 7.127806
final  value 7.127793 
converged
Dataset: iris 
Fold: 3 
Method: multinom 
Noise level:  10 %
Percentage of altered instances:  10 %
Using 3 indices (first 3 from shuffled list)
Loading noise data from: results/noise_injection/by_dataset/iris_petallength_noise0.1.csv 
Using 3 indices for  10 % of instances
Calculate prediction
Confusion matrix
Dataset: iris 
Fold: 3 
Method: multinom 
Noise level:  10 %
Percentage of altered instances:  20 %
Using 6 indices (first 6 from shuffled list)
Loading noise data from: results/noise_injection/by_dataset/iris_petallength_noise0.1.csv 
Using 6 indices for  20 % of instances
Calculate prediction
Confusion matrix
Dataset: iris 
Fold: 3 
Method: multinom 
Noise level:  10 %
Percentage of altered instances:  25 %
Using 8 indices (first 8 from shuffled list)
Loading noise data from: results/noise_injection/by_dataset/iris_petallength_noise0.1.csv 
Using 8 indices for  25 % of instances
Calculate prediction
Confusion matrix
Dataset: iris 
Fold: 3 
Method: multinom 
Noise level:  10 %
Percentage of altered instances:  30 %
Using 9 indices (first 9 from shuffled list)
Loading noise data from: results/noise_injection/by_dataset/iris_petallength_noise0.1.csv 
Using 9 indices for  30 % of instances
Calculate prediction
Confusion matrix
Dataset: iris 
Fold: 3 
Method: multinom 
Noise level:  10 %
Percentage of altered instances:  40 %
Using 12 indices (first 12 from shuffled list)
Loading noise data from: results/noise_injection/by_dataset/iris_petallength_noise0.1.csv 
Using 12 indices for  40 % of instances
Calculate prediction
Confusion matrix
Dataset: iris 
Fold: 3 
Method: multinom 
Noise level:  10 %
Percentage of altered instances:  50 %
Using 15 indices (first 15 from shuffled list)
Loading noise data from: results/noise_injection/by_dataset/iris_petallength_noise0.1.csv 
Using 15 indices for  50 % of instances
Calculate prediction
Confusion matrix
Dataset: iris 
Fold: 3 
Method: multinom 
Noise level:  10 %
Percentage of altered instances:  60 %
Using 18 indices (first 18 from shuffled list)
Loading noise data from: results/noise_injection/by_dataset/iris_petallength_noise0.1.csv 
Using 18 indices for  60 % of instances
Calculate prediction
Confusion matrix
Dataset: iris 
Fold: 3 
Method: multinom 
Noise level:  10 %
Percentage of altered instances:  70 %
Using 21 indices (first 21 from shuffled list)
Loading noise data from: results/noise_injection/by_dataset/iris_petallength_noise0.1.csv 
Using 21 indices for  70 % of instances
Calculate prediction
Confusion matrix
Dataset: iris 
Fold: 3 
Method: multinom 
Noise level:  10 %
Percentage of altered instances:  75 %
Using 22 indices (first 22 from shuffled list)
Loading noise data from: results/noise_injection/by_dataset/iris_petallength_noise0.1.csv 
Using 22 indices for  75 % of instances
Calculate prediction
Confusion matrix
Dataset: iris 
Fold: 3 
Method: multinom 
Noise level:  10 %
Percentage of altered instances:  80 %
Using 24 indices (first 24 from shuffled list)
Loading noise data from: results/noise_injection/by_dataset/iris_petallength_noise0.1.csv 
Using 24 indices for  80 % of instances
Calculate prediction
Confusion matrix
Dataset: iris 
Fold: 3 
Method: multinom 
Noise level:  10 %
Percentage of altered instances:  90 %
Using 27 indices (first 27 from shuffled list)
Loading noise data from: results/noise_injection/by_dataset/iris_petallength_noise0.1.csv 
Using 27 indices for  90 % of instances
Calculate prediction
Confusion matrix
Dataset: iris 
Fold: 3 
Method: multinom 
Noise level:  10 %
Percentage of altered instances:  100 %
Using 30 indices (first 30 from shuffled list)
Loading noise data from: results/noise_injection/by_dataset/iris_petallength_noise0.1.csv 
Using 30 indices for  100 % of instances
Calculate prediction
Confusion matrix

=== Training model with 20 % noise in training data ===
Critical percentage for training noise: 80 %
Loading training noise data from: results/noise_injection/by_dataset/iris_petallength_noise0.2.csv 
Altering 96 out of 120 training instances
# weights:  18 (10 variable)
initial  value 131.833475 
iter  10 value 14.207750
iter  20 value 5.963365
iter  30 value 5.770229
iter  40 value 5.720768
iter  50 value 5.717028
iter  60 value 5.714081
iter  70 value 5.713299
iter  80 value 5.712715
iter  90 value 5.712499
iter 100 value 5.712241
final  value 5.712241 
stopped after 100 iterations
Dataset: iris 
Fold: 3 
Method: multinom 
Noise level:  20 %
Percentage of altered instances:  10 %
Using 3 indices (first 3 from shuffled list)
Loading noise data from: results/noise_injection/by_dataset/iris_petallength_noise0.2.csv 
Using 3 indices for  10 % of instances
Calculate prediction
Confusion matrix
Dataset: iris 
Fold: 3 
Method: multinom 
Noise level:  20 %
Percentage of altered instances:  20 %
Using 6 indices (first 6 from shuffled list)
Loading noise data from: results/noise_injection/by_dataset/iris_petallength_noise0.2.csv 
Using 6 indices for  20 % of instances
Calculate prediction
Confusion matrix
Dataset: iris 
Fold: 3 
Method: multinom 
Noise level:  20 %
Percentage of altered instances:  25 %
Using 8 indices (first 8 from shuffled list)
Loading noise data from: results/noise_injection/by_dataset/iris_petallength_noise0.2.csv 
Using 8 indices for  25 % of instances
Calculate prediction
Confusion matrix
Dataset: iris 
Fold: 3 
Method: multinom 
Noise level:  20 %
Percentage of altered instances:  30 %
Using 9 indices (first 9 from shuffled list)
Loading noise data from: results/noise_injection/by_dataset/iris_petallength_noise0.2.csv 
Using 9 indices for  30 % of instances
Calculate prediction
Confusion matrix
Dataset: iris 
Fold: 3 
Method: multinom 
Noise level:  20 %
Percentage of altered instances:  40 %
Using 12 indices (first 12 from shuffled list)
Loading noise data from: results/noise_injection/by_dataset/iris_petallength_noise0.2.csv 
Using 12 indices for  40 % of instances
Calculate prediction
Confusion matrix
Dataset: iris 
Fold: 3 
Method: multinom 
Noise level:  20 %
Percentage of altered instances:  50 %
Using 15 indices (first 15 from shuffled list)
Loading noise data from: results/noise_injection/by_dataset/iris_petallength_noise0.2.csv 
Using 15 indices for  50 % of instances
Calculate prediction
Confusion matrix
Dataset: iris 
Fold: 3 
Method: multinom 
Noise level:  20 %
Percentage of altered instances:  60 %
Using 18 indices (first 18 from shuffled list)
Loading noise data from: results/noise_injection/by_dataset/iris_petallength_noise0.2.csv 
Using 18 indices for  60 % of instances
Calculate prediction
Confusion matrix
Dataset: iris 
Fold: 3 
Method: multinom 
Noise level:  20 %
Percentage of altered instances:  70 %
Using 21 indices (first 21 from shuffled list)
Loading noise data from: results/noise_injection/by_dataset/iris_petallength_noise0.2.csv 
Using 21 indices for  70 % of instances
Calculate prediction
Confusion matrix
Dataset: iris 
Fold: 3 
Method: multinom 
Noise level:  20 %
Percentage of altered instances:  75 %
Using 22 indices (first 22 from shuffled list)
Loading noise data from: results/noise_injection/by_dataset/iris_petallength_noise0.2.csv 
Using 22 indices for  75 % of instances
Calculate prediction
Confusion matrix
Dataset: iris 
Fold: 3 
Method: multinom 
Noise level:  20 %
Percentage of altered instances:  80 %
Using 24 indices (first 24 from shuffled list)
Loading noise data from: results/noise_injection/by_dataset/iris_petallength_noise0.2.csv 
Using 24 indices for  80 % of instances
Calculate prediction
Confusion matrix
Dataset: iris 
Fold: 3 
Method: multinom 
Noise level:  20 %
Percentage of altered instances:  90 %
Using 27 indices (first 27 from shuffled list)
Loading noise data from: results/noise_injection/by_dataset/iris_petallength_noise0.2.csv 
Using 27 indices for  90 % of instances
Calculate prediction
Confusion matrix
Dataset: iris 
Fold: 3 
Method: multinom 
Noise level:  20 %
Percentage of altered instances:  100 %
Using 30 indices (first 30 from shuffled list)
Loading noise data from: results/noise_injection/by_dataset/iris_petallength_noise0.2.csv 
Using 30 indices for  100 % of instances
Calculate prediction
Confusion matrix

=== Training model with 30 % noise in training data ===
Critical percentage for training noise: 30 %
Loading training noise data from: results/noise_injection/by_dataset/iris_petallength_noise0.3.csv 
Altering 36 out of 120 training instances
# weights:  18 (10 variable)
initial  value 131.833475 
iter  10 value 13.982142
iter  20 value 6.206744
iter  30 value 6.132620
iter  40 value 6.100980
iter  50 value 6.098120
iter  60 value 6.096740
iter  70 value 6.096255
iter  80 value 6.095970
final  value 6.095935 
converged
Dataset: iris 
Fold: 3 
Method: multinom 
Noise level:  30 %
Percentage of altered instances:  10 %
Using 3 indices (first 3 from shuffled list)
Loading noise data from: results/noise_injection/by_dataset/iris_petallength_noise0.3.csv 
Using 3 indices for  10 % of instances
Calculate prediction
Confusion matrix
Dataset: iris 
Fold: 3 
Method: multinom 
Noise level:  30 %
Percentage of altered instances:  20 %
Using 6 indices (first 6 from shuffled list)
Loading noise data from: results/noise_injection/by_dataset/iris_petallength_noise0.3.csv 
Using 6 indices for  20 % of instances
Calculate prediction
Confusion matrix
Dataset: iris 
Fold: 3 
Method: multinom 
Noise level:  30 %
Percentage of altered instances:  25 %
Using 8 indices (first 8 from shuffled list)
Loading noise data from: results/noise_injection/by_dataset/iris_petallength_noise0.3.csv 
Using 8 indices for  25 % of instances
Calculate prediction
Confusion matrix
Dataset: iris 
Fold: 3 
Method: multinom 
Noise level:  30 %
Percentage of altered instances:  30 %
Using 9 indices (first 9 from shuffled list)
Loading noise data from: results/noise_injection/by_dataset/iris_petallength_noise0.3.csv 
Using 9 indices for  30 % of instances
Calculate prediction
Confusion matrix
Dataset: iris 
Fold: 3 
Method: multinom 
Noise level:  30 %
Percentage of altered instances:  40 %
Using 12 indices (first 12 from shuffled list)
Loading noise data from: results/noise_injection/by_dataset/iris_petallength_noise0.3.csv 
Using 12 indices for  40 % of instances
Calculate prediction
Confusion matrix
Dataset: iris 
Fold: 3 
Method: multinom 
Noise level:  30 %
Percentage of altered instances:  50 %
Using 15 indices (first 15 from shuffled list)
Loading noise data from: results/noise_injection/by_dataset/iris_petallength_noise0.3.csv 
Using 15 indices for  50 % of instances
Calculate prediction
Confusion matrix
Dataset: iris 
Fold: 3 
Method: multinom 
Noise level:  30 %
Percentage of altered instances:  60 %
Using 18 indices (first 18 from shuffled list)
Loading noise data from: results/noise_injection/by_dataset/iris_petallength_noise0.3.csv 
Using 18 indices for  60 % of instances
Calculate prediction
Confusion matrix
Dataset: iris 
Fold: 3 
Method: multinom 
Noise level:  30 %
Percentage of altered instances:  70 %
Using 21 indices (first 21 from shuffled list)
Loading noise data from: results/noise_injection/by_dataset/iris_petallength_noise0.3.csv 
Using 21 indices for  70 % of instances
Calculate prediction
Confusion matrix
Dataset: iris 
Fold: 3 
Method: multinom 
Noise level:  30 %
Percentage of altered instances:  75 %
Using 22 indices (first 22 from shuffled list)
Loading noise data from: results/noise_injection/by_dataset/iris_petallength_noise0.3.csv 
Using 22 indices for  75 % of instances
Calculate prediction
Confusion matrix
Dataset: iris 
Fold: 3 
Method: multinom 
Noise level:  30 %
Percentage of altered instances:  80 %
Using 24 indices (first 24 from shuffled list)
Loading noise data from: results/noise_injection/by_dataset/iris_petallength_noise0.3.csv 
Using 24 indices for  80 % of instances
Calculate prediction
Confusion matrix
Dataset: iris 
Fold: 3 
Method: multinom 
Noise level:  30 %
Percentage of altered instances:  90 %
Using 27 indices (first 27 from shuffled list)
Loading noise data from: results/noise_injection/by_dataset/iris_petallength_noise0.3.csv 
Using 27 indices for  90 % of instances
Calculate prediction
Confusion matrix
Dataset: iris 
Fold: 3 
Method: multinom 
Noise level:  30 %
Percentage of altered instances:  100 %
Using 30 indices (first 30 from shuffled list)
Loading noise data from: results/noise_injection/by_dataset/iris_petallength_noise0.3.csv 
Using 30 indices for  100 % of instances
Calculate prediction
Confusion matrix
Loaded 30 indices for fold 4 from: results/instances/original/vectors/iris_multinom_all_folds.csv 

=== Training model with 10 % noise in training data ===
Critical percentage for training noise: 100 %
Loading training noise data from: results/noise_injection/by_dataset/iris_petallength_noise0.1.csv 
Altering 120 out of 120 training instances
# weights:  18 (10 variable)
initial  value 131.833475 
iter  10 value 13.197627
iter  20 value 6.407846
iter  30 value 6.016001
iter  40 value 5.854028
iter  50 value 5.844643
iter  60 value 5.833335
iter  70 value 5.831142
iter  80 value 5.829344
iter  90 value 5.829210
iter 100 value 5.828535
final  value 5.828535 
stopped after 100 iterations
Dataset: iris 
Fold: 4 
Method: multinom 
Noise level:  10 %
Percentage of altered instances:  10 %
Using 3 indices (first 3 from shuffled list)
Loading noise data from: results/noise_injection/by_dataset/iris_petallength_noise0.1.csv 
Using 3 indices for  10 % of instances
Calculate prediction
Confusion matrix
Dataset: iris 
Fold: 4 
Method: multinom 
Noise level:  10 %
Percentage of altered instances:  20 %
Using 6 indices (first 6 from shuffled list)
Loading noise data from: results/noise_injection/by_dataset/iris_petallength_noise0.1.csv 
Using 6 indices for  20 % of instances
Calculate prediction
Confusion matrix
Dataset: iris 
Fold: 4 
Method: multinom 
Noise level:  10 %
Percentage of altered instances:  25 %
Using 8 indices (first 8 from shuffled list)
Loading noise data from: results/noise_injection/by_dataset/iris_petallength_noise0.1.csv 
Using 8 indices for  25 % of instances
Calculate prediction
Confusion matrix
Dataset: iris 
Fold: 4 
Method: multinom 
Noise level:  10 %
Percentage of altered instances:  30 %
Using 9 indices (first 9 from shuffled list)
Loading noise data from: results/noise_injection/by_dataset/iris_petallength_noise0.1.csv 
Using 9 indices for  30 % of instances
Calculate prediction
Confusion matrix
Dataset: iris 
Fold: 4 
Method: multinom 
Noise level:  10 %
Percentage of altered instances:  40 %
Using 12 indices (first 12 from shuffled list)
Loading noise data from: results/noise_injection/by_dataset/iris_petallength_noise0.1.csv 
Using 12 indices for  40 % of instances
Calculate prediction
Confusion matrix
Dataset: iris 
Fold: 4 
Method: multinom 
Noise level:  10 %
Percentage of altered instances:  50 %
Using 15 indices (first 15 from shuffled list)
Loading noise data from: results/noise_injection/by_dataset/iris_petallength_noise0.1.csv 
Using 15 indices for  50 % of instances
Calculate prediction
Confusion matrix
Dataset: iris 
Fold: 4 
Method: multinom 
Noise level:  10 %
Percentage of altered instances:  60 %
Using 18 indices (first 18 from shuffled list)
Loading noise data from: results/noise_injection/by_dataset/iris_petallength_noise0.1.csv 
Using 18 indices for  60 % of instances
Calculate prediction
Confusion matrix
Dataset: iris 
Fold: 4 
Method: multinom 
Noise level:  10 %
Percentage of altered instances:  70 %
Using 21 indices (first 21 from shuffled list)
Loading noise data from: results/noise_injection/by_dataset/iris_petallength_noise0.1.csv 
Using 21 indices for  70 % of instances
Calculate prediction
Confusion matrix
Dataset: iris 
Fold: 4 
Method: multinom 
Noise level:  10 %
Percentage of altered instances:  75 %
Using 22 indices (first 22 from shuffled list)
Loading noise data from: results/noise_injection/by_dataset/iris_petallength_noise0.1.csv 
Using 22 indices for  75 % of instances
Calculate prediction
Confusion matrix
Dataset: iris 
Fold: 4 
Method: multinom 
Noise level:  10 %
Percentage of altered instances:  80 %
Using 24 indices (first 24 from shuffled list)
Loading noise data from: results/noise_injection/by_dataset/iris_petallength_noise0.1.csv 
Using 24 indices for  80 % of instances
Calculate prediction
Confusion matrix
Dataset: iris 
Fold: 4 
Method: multinom 
Noise level:  10 %
Percentage of altered instances:  90 %
Using 27 indices (first 27 from shuffled list)
Loading noise data from: results/noise_injection/by_dataset/iris_petallength_noise0.1.csv 
Using 27 indices for  90 % of instances
Calculate prediction
Confusion matrix
Dataset: iris 
Fold: 4 
Method: multinom 
Noise level:  10 %
Percentage of altered instances:  100 %
Using 30 indices (first 30 from shuffled list)
Loading noise data from: results/noise_injection/by_dataset/iris_petallength_noise0.1.csv 
Using 30 indices for  100 % of instances
Calculate prediction
Confusion matrix

=== Training model with 20 % noise in training data ===
Critical percentage for training noise: 80 %
Loading training noise data from: results/noise_injection/by_dataset/iris_petallength_noise0.2.csv 
Altering 96 out of 120 training instances
# weights:  18 (10 variable)
initial  value 131.833475 
iter  10 value 14.618997
iter  20 value 7.671835
iter  30 value 7.290581
iter  40 value 7.245393
iter  50 value 7.235103
iter  60 value 7.234604
final  value 7.234575 
converged
Dataset: iris 
Fold: 4 
Method: multinom 
Noise level:  20 %
Percentage of altered instances:  10 %
Using 3 indices (first 3 from shuffled list)
Loading noise data from: results/noise_injection/by_dataset/iris_petallength_noise0.2.csv 
Using 3 indices for  10 % of instances
Calculate prediction
Confusion matrix
Dataset: iris 
Fold: 4 
Method: multinom 
Noise level:  20 %
Percentage of altered instances:  20 %
Using 6 indices (first 6 from shuffled list)
Loading noise data from: results/noise_injection/by_dataset/iris_petallength_noise0.2.csv 
Using 6 indices for  20 % of instances
Calculate prediction
Confusion matrix
Dataset: iris 
Fold: 4 
Method: multinom 
Noise level:  20 %
Percentage of altered instances:  25 %
Using 8 indices (first 8 from shuffled list)
Loading noise data from: results/noise_injection/by_dataset/iris_petallength_noise0.2.csv 
Using 8 indices for  25 % of instances
Calculate prediction
Confusion matrix
Dataset: iris 
Fold: 4 
Method: multinom 
Noise level:  20 %
Percentage of altered instances:  30 %
Using 9 indices (first 9 from shuffled list)
Loading noise data from: results/noise_injection/by_dataset/iris_petallength_noise0.2.csv 
Using 9 indices for  30 % of instances
Calculate prediction
Confusion matrix
Dataset: iris 
Fold: 4 
Method: multinom 
Noise level:  20 %
Percentage of altered instances:  40 %
Using 12 indices (first 12 from shuffled list)
Loading noise data from: results/noise_injection/by_dataset/iris_petallength_noise0.2.csv 
Using 12 indices for  40 % of instances
Calculate prediction
Confusion matrix
Dataset: iris 
Fold: 4 
Method: multinom 
Noise level:  20 %
Percentage of altered instances:  50 %
Using 15 indices (first 15 from shuffled list)
Loading noise data from: results/noise_injection/by_dataset/iris_petallength_noise0.2.csv 
Using 15 indices for  50 % of instances
Calculate prediction
Confusion matrix
Dataset: iris 
Fold: 4 
Method: multinom 
Noise level:  20 %
Percentage of altered instances:  60 %
Using 18 indices (first 18 from shuffled list)
Loading noise data from: results/noise_injection/by_dataset/iris_petallength_noise0.2.csv 
Using 18 indices for  60 % of instances
Calculate prediction
Confusion matrix
Dataset: iris 
Fold: 4 
Method: multinom 
Noise level:  20 %
Percentage of altered instances:  70 %
Using 21 indices (first 21 from shuffled list)
Loading noise data from: results/noise_injection/by_dataset/iris_petallength_noise0.2.csv 
Using 21 indices for  70 % of instances
Calculate prediction
Confusion matrix
Dataset: iris 
Fold: 4 
Method: multinom 
Noise level:  20 %
Percentage of altered instances:  75 %
Using 22 indices (first 22 from shuffled list)
Loading noise data from: results/noise_injection/by_dataset/iris_petallength_noise0.2.csv 
Using 22 indices for  75 % of instances
Calculate prediction
Confusion matrix
Dataset: iris 
Fold: 4 
Method: multinom 
Noise level:  20 %
Percentage of altered instances:  80 %
Using 24 indices (first 24 from shuffled list)
Loading noise data from: results/noise_injection/by_dataset/iris_petallength_noise0.2.csv 
Using 24 indices for  80 % of instances
Calculate prediction
Confusion matrix
Dataset: iris 
Fold: 4 
Method: multinom 
Noise level:  20 %
Percentage of altered instances:  90 %
Using 27 indices (first 27 from shuffled list)
Loading noise data from: results/noise_injection/by_dataset/iris_petallength_noise0.2.csv 
Using 27 indices for  90 % of instances
Calculate prediction
Confusion matrix
Dataset: iris 
Fold: 4 
Method: multinom 
Noise level:  20 %
Percentage of altered instances:  100 %
Using 30 indices (first 30 from shuffled list)
Loading noise data from: results/noise_injection/by_dataset/iris_petallength_noise0.2.csv 
Using 30 indices for  100 % of instances
Calculate prediction
Confusion matrix

=== Training model with 30 % noise in training data ===
Critical percentage for training noise: 30 %
Loading training noise data from: results/noise_injection/by_dataset/iris_petallength_noise0.3.csv 
Altering 36 out of 120 training instances
# weights:  18 (10 variable)
initial  value 131.833475 
iter  10 value 12.560076
iter  20 value 5.753919
iter  30 value 5.254449
iter  40 value 5.182370
iter  50 value 5.178120
iter  60 value 5.171016
iter  70 value 5.170125
iter  80 value 5.169323
iter  90 value 5.169298
iter 100 value 5.168963
final  value 5.168963 
stopped after 100 iterations
Dataset: iris 
Fold: 4 
Method: multinom 
Noise level:  30 %
Percentage of altered instances:  10 %
Using 3 indices (first 3 from shuffled list)
Loading noise data from: results/noise_injection/by_dataset/iris_petallength_noise0.3.csv 
Using 3 indices for  10 % of instances
Calculate prediction
Confusion matrix
Dataset: iris 
Fold: 4 
Method: multinom 
Noise level:  30 %
Percentage of altered instances:  20 %
Using 6 indices (first 6 from shuffled list)
Loading noise data from: results/noise_injection/by_dataset/iris_petallength_noise0.3.csv 
Using 6 indices for  20 % of instances
Calculate prediction
Confusion matrix
Dataset: iris 
Fold: 4 
Method: multinom 
Noise level:  30 %
Percentage of altered instances:  25 %
Using 8 indices (first 8 from shuffled list)
Loading noise data from: results/noise_injection/by_dataset/iris_petallength_noise0.3.csv 
Using 8 indices for  25 % of instances
Calculate prediction
Confusion matrix
Dataset: iris 
Fold: 4 
Method: multinom 
Noise level:  30 %
Percentage of altered instances:  30 %
Using 9 indices (first 9 from shuffled list)
Loading noise data from: results/noise_injection/by_dataset/iris_petallength_noise0.3.csv 
Using 9 indices for  30 % of instances
Calculate prediction
Confusion matrix
Dataset: iris 
Fold: 4 
Method: multinom 
Noise level:  30 %
Percentage of altered instances:  40 %
Using 12 indices (first 12 from shuffled list)
Loading noise data from: results/noise_injection/by_dataset/iris_petallength_noise0.3.csv 
Using 12 indices for  40 % of instances
Calculate prediction
Confusion matrix
Dataset: iris 
Fold: 4 
Method: multinom 
Noise level:  30 %
Percentage of altered instances:  50 %
Using 15 indices (first 15 from shuffled list)
Loading noise data from: results/noise_injection/by_dataset/iris_petallength_noise0.3.csv 
Using 15 indices for  50 % of instances
Calculate prediction
Confusion matrix
Dataset: iris 
Fold: 4 
Method: multinom 
Noise level:  30 %
Percentage of altered instances:  60 %
Using 18 indices (first 18 from shuffled list)
Loading noise data from: results/noise_injection/by_dataset/iris_petallength_noise0.3.csv 
Using 18 indices for  60 % of instances
Calculate prediction
Confusion matrix
Dataset: iris 
Fold: 4 
Method: multinom 
Noise level:  30 %
Percentage of altered instances:  70 %
Using 21 indices (first 21 from shuffled list)
Loading noise data from: results/noise_injection/by_dataset/iris_petallength_noise0.3.csv 
Using 21 indices for  70 % of instances
Calculate prediction
Confusion matrix
Dataset: iris 
Fold: 4 
Method: multinom 
Noise level:  30 %
Percentage of altered instances:  75 %
Using 22 indices (first 22 from shuffled list)
Loading noise data from: results/noise_injection/by_dataset/iris_petallength_noise0.3.csv 
Using 22 indices for  75 % of instances
Calculate prediction
Confusion matrix
Dataset: iris 
Fold: 4 
Method: multinom 
Noise level:  30 %
Percentage of altered instances:  80 %
Using 24 indices (first 24 from shuffled list)
Loading noise data from: results/noise_injection/by_dataset/iris_petallength_noise0.3.csv 
Using 24 indices for  80 % of instances
Calculate prediction
Confusion matrix
Dataset: iris 
Fold: 4 
Method: multinom 
Noise level:  30 %
Percentage of altered instances:  90 %
Using 27 indices (first 27 from shuffled list)
Loading noise data from: results/noise_injection/by_dataset/iris_petallength_noise0.3.csv 
Using 27 indices for  90 % of instances
Calculate prediction
Confusion matrix
Dataset: iris 
Fold: 4 
Method: multinom 
Noise level:  30 %
Percentage of altered instances:  100 %
Using 30 indices (first 30 from shuffled list)
Loading noise data from: results/noise_injection/by_dataset/iris_petallength_noise0.3.csv 
Using 30 indices for  100 % of instances
Calculate prediction
Confusion matrix
Loaded 30 indices for fold 5 from: results/instances/original/vectors/iris_multinom_all_folds.csv 

=== Training model with 10 % noise in training data ===
Critical percentage for training noise: 100 %
Loading training noise data from: results/noise_injection/by_dataset/iris_petallength_noise0.1.csv 
Altering 120 out of 120 training instances
# weights:  18 (10 variable)
initial  value 131.833475 
iter  10 value 15.182495
iter  20 value 7.420518
iter  30 value 6.866568
iter  40 value 6.784277
iter  50 value 6.782211
iter  60 value 6.778847
iter  70 value 6.777574
iter  80 value 6.776854
iter  90 value 6.776657
iter 100 value 6.776277
final  value 6.776277 
stopped after 100 iterations
Dataset: iris 
Fold: 5 
Method: multinom 
Noise level:  10 %
Percentage of altered instances:  10 %
Using 3 indices (first 3 from shuffled list)
Loading noise data from: results/noise_injection/by_dataset/iris_petallength_noise0.1.csv 
Using 3 indices for  10 % of instances
Calculate prediction
Confusion matrix
Dataset: iris 
Fold: 5 
Method: multinom 
Noise level:  10 %
Percentage of altered instances:  20 %
Using 6 indices (first 6 from shuffled list)
Loading noise data from: results/noise_injection/by_dataset/iris_petallength_noise0.1.csv 
Using 6 indices for  20 % of instances
Calculate prediction
Confusion matrix
Dataset: iris 
Fold: 5 
Method: multinom 
Noise level:  10 %
Percentage of altered instances:  25 %
Using 8 indices (first 8 from shuffled list)
Loading noise data from: results/noise_injection/by_dataset/iris_petallength_noise0.1.csv 
Using 8 indices for  25 % of instances
Calculate prediction
Confusion matrix
Dataset: iris 
Fold: 5 
Method: multinom 
Noise level:  10 %
Percentage of altered instances:  30 %
Using 9 indices (first 9 from shuffled list)
Loading noise data from: results/noise_injection/by_dataset/iris_petallength_noise0.1.csv 
Using 9 indices for  30 % of instances
Calculate prediction
Confusion matrix
Dataset: iris 
Fold: 5 
Method: multinom 
Noise level:  10 %
Percentage of altered instances:  40 %
Using 12 indices (first 12 from shuffled list)
Loading noise data from: results/noise_injection/by_dataset/iris_petallength_noise0.1.csv 
Using 12 indices for  40 % of instances
Calculate prediction
Confusion matrix
Dataset: iris 
Fold: 5 
Method: multinom 
Noise level:  10 %
Percentage of altered instances:  50 %
Using 15 indices (first 15 from shuffled list)
Loading noise data from: results/noise_injection/by_dataset/iris_petallength_noise0.1.csv 
Using 15 indices for  50 % of instances
Calculate prediction
Confusion matrix
Dataset: iris 
Fold: 5 
Method: multinom 
Noise level:  10 %
Percentage of altered instances:  60 %
Using 18 indices (first 18 from shuffled list)
Loading noise data from: results/noise_injection/by_dataset/iris_petallength_noise0.1.csv 
Using 18 indices for  60 % of instances
Calculate prediction
Confusion matrix
Dataset: iris 
Fold: 5 
Method: multinom 
Noise level:  10 %
Percentage of altered instances:  70 %
Using 21 indices (first 21 from shuffled list)
Loading noise data from: results/noise_injection/by_dataset/iris_petallength_noise0.1.csv 
Using 21 indices for  70 % of instances
Calculate prediction
Confusion matrix
Dataset: iris 
Fold: 5 
Method: multinom 
Noise level:  10 %
Percentage of altered instances:  75 %
Using 22 indices (first 22 from shuffled list)
Loading noise data from: results/noise_injection/by_dataset/iris_petallength_noise0.1.csv 
Using 22 indices for  75 % of instances
Calculate prediction
Confusion matrix
Dataset: iris 
Fold: 5 
Method: multinom 
Noise level:  10 %
Percentage of altered instances:  80 %
Using 24 indices (first 24 from shuffled list)
Loading noise data from: results/noise_injection/by_dataset/iris_petallength_noise0.1.csv 
Using 24 indices for  80 % of instances
Calculate prediction
Confusion matrix
Dataset: iris 
Fold: 5 
Method: multinom 
Noise level:  10 %
Percentage of altered instances:  90 %
Using 27 indices (first 27 from shuffled list)
Loading noise data from: results/noise_injection/by_dataset/iris_petallength_noise0.1.csv 
Using 27 indices for  90 % of instances
Calculate prediction
Confusion matrix
Dataset: iris 
Fold: 5 
Method: multinom 
Noise level:  10 %
Percentage of altered instances:  100 %
Using 30 indices (first 30 from shuffled list)
Loading noise data from: results/noise_injection/by_dataset/iris_petallength_noise0.1.csv 
Using 30 indices for  100 % of instances
Calculate prediction
Confusion matrix

=== Training model with 20 % noise in training data ===
Critical percentage for training noise: 80 %
Loading training noise data from: results/noise_injection/by_dataset/iris_petallength_noise0.2.csv 
Altering 96 out of 120 training instances
# weights:  18 (10 variable)
initial  value 131.833475 
iter  10 value 16.837161
iter  20 value 9.673363
iter  30 value 9.523824
iter  40 value 9.480323
iter  50 value 9.469146
iter  60 value 9.468910
final  value 9.468906 
converged
Dataset: iris 
Fold: 5 
Method: multinom 
Noise level:  20 %
Percentage of altered instances:  10 %
Using 3 indices (first 3 from shuffled list)
Loading noise data from: results/noise_injection/by_dataset/iris_petallength_noise0.2.csv 
Using 3 indices for  10 % of instances
Calculate prediction
Confusion matrix
Dataset: iris 
Fold: 5 
Method: multinom 
Noise level:  20 %
Percentage of altered instances:  20 %
Using 6 indices (first 6 from shuffled list)
Loading noise data from: results/noise_injection/by_dataset/iris_petallength_noise0.2.csv 
Using 6 indices for  20 % of instances
Calculate prediction
Confusion matrix
Dataset: iris 
Fold: 5 
Method: multinom 
Noise level:  20 %
Percentage of altered instances:  25 %
Using 8 indices (first 8 from shuffled list)
Loading noise data from: results/noise_injection/by_dataset/iris_petallength_noise0.2.csv 
Using 8 indices for  25 % of instances
Calculate prediction
Confusion matrix
Dataset: iris 
Fold: 5 
Method: multinom 
Noise level:  20 %
Percentage of altered instances:  30 %
Using 9 indices (first 9 from shuffled list)
Loading noise data from: results/noise_injection/by_dataset/iris_petallength_noise0.2.csv 
Using 9 indices for  30 % of instances
Calculate prediction
Confusion matrix
Dataset: iris 
Fold: 5 
Method: multinom 
Noise level:  20 %
Percentage of altered instances:  40 %
Using 12 indices (first 12 from shuffled list)
Loading noise data from: results/noise_injection/by_dataset/iris_petallength_noise0.2.csv 
Using 12 indices for  40 % of instances
Calculate prediction
Confusion matrix
Dataset: iris 
Fold: 5 
Method: multinom 
Noise level:  20 %
Percentage of altered instances:  50 %
Using 15 indices (first 15 from shuffled list)
Loading noise data from: results/noise_injection/by_dataset/iris_petallength_noise0.2.csv 
Using 15 indices for  50 % of instances
Calculate prediction
Confusion matrix
Dataset: iris 
Fold: 5 
Method: multinom 
Noise level:  20 %
Percentage of altered instances:  60 %
Using 18 indices (first 18 from shuffled list)
Loading noise data from: results/noise_injection/by_dataset/iris_petallength_noise0.2.csv 
Using 18 indices for  60 % of instances
Calculate prediction
Confusion matrix
Dataset: iris 
Fold: 5 
Method: multinom 
Noise level:  20 %
Percentage of altered instances:  70 %
Using 21 indices (first 21 from shuffled list)
Loading noise data from: results/noise_injection/by_dataset/iris_petallength_noise0.2.csv 
Using 21 indices for  70 % of instances
Calculate prediction
Confusion matrix
Dataset: iris 
Fold: 5 
Method: multinom 
Noise level:  20 %
Percentage of altered instances:  75 %
Using 22 indices (first 22 from shuffled list)
Loading noise data from: results/noise_injection/by_dataset/iris_petallength_noise0.2.csv 
Using 22 indices for  75 % of instances
Calculate prediction
Confusion matrix
Dataset: iris 
Fold: 5 
Method: multinom 
Noise level:  20 %
Percentage of altered instances:  80 %
Using 24 indices (first 24 from shuffled list)
Loading noise data from: results/noise_injection/by_dataset/iris_petallength_noise0.2.csv 
Using 24 indices for  80 % of instances
Calculate prediction
Confusion matrix
Dataset: iris 
Fold: 5 
Method: multinom 
Noise level:  20 %
Percentage of altered instances:  90 %
Using 27 indices (first 27 from shuffled list)
Loading noise data from: results/noise_injection/by_dataset/iris_petallength_noise0.2.csv 
Using 27 indices for  90 % of instances
Calculate prediction
Confusion matrix
Dataset: iris 
Fold: 5 
Method: multinom 
Noise level:  20 %
Percentage of altered instances:  100 %
Using 30 indices (first 30 from shuffled list)
Loading noise data from: results/noise_injection/by_dataset/iris_petallength_noise0.2.csv 
Using 30 indices for  100 % of instances
Calculate prediction
Confusion matrix

=== Training model with 30 % noise in training data ===
Critical percentage for training noise: 30 %
Loading training noise data from: results/noise_injection/by_dataset/iris_petallength_noise0.3.csv 
Altering 36 out of 120 training instances
# weights:  18 (10 variable)
initial  value 131.833475 
iter  10 value 14.815953
iter  20 value 5.501030
iter  30 value 4.542122
iter  40 value 4.480164
iter  50 value 4.466326
iter  60 value 4.463935
iter  70 value 4.462979
iter  80 value 4.462477
final  value 4.462461 
converged
Dataset: iris 
Fold: 5 
Method: multinom 
Noise level:  30 %
Percentage of altered instances:  10 %
Using 3 indices (first 3 from shuffled list)
Loading noise data from: results/noise_injection/by_dataset/iris_petallength_noise0.3.csv 
Using 3 indices for  10 % of instances
Calculate prediction
Confusion matrix
Dataset: iris 
Fold: 5 
Method: multinom 
Noise level:  30 %
Percentage of altered instances:  20 %
Using 6 indices (first 6 from shuffled list)
Loading noise data from: results/noise_injection/by_dataset/iris_petallength_noise0.3.csv 
Using 6 indices for  20 % of instances
Calculate prediction
Confusion matrix
Dataset: iris 
Fold: 5 
Method: multinom 
Noise level:  30 %
Percentage of altered instances:  25 %
Using 8 indices (first 8 from shuffled list)
Loading noise data from: results/noise_injection/by_dataset/iris_petallength_noise0.3.csv 
Using 8 indices for  25 % of instances
Calculate prediction
Confusion matrix
Dataset: iris 
Fold: 5 
Method: multinom 
Noise level:  30 %
Percentage of altered instances:  30 %
Using 9 indices (first 9 from shuffled list)
Loading noise data from: results/noise_injection/by_dataset/iris_petallength_noise0.3.csv 
Using 9 indices for  30 % of instances
Calculate prediction
Confusion matrix
Dataset: iris 
Fold: 5 
Method: multinom 
Noise level:  30 %
Percentage of altered instances:  40 %
Using 12 indices (first 12 from shuffled list)
Loading noise data from: results/noise_injection/by_dataset/iris_petallength_noise0.3.csv 
Using 12 indices for  40 % of instances
Calculate prediction
Confusion matrix
Dataset: iris 
Fold: 5 
Method: multinom 
Noise level:  30 %
Percentage of altered instances:  50 %
Using 15 indices (first 15 from shuffled list)
Loading noise data from: results/noise_injection/by_dataset/iris_petallength_noise0.3.csv 
Using 15 indices for  50 % of instances
Calculate prediction
Confusion matrix
Dataset: iris 
Fold: 5 
Method: multinom 
Noise level:  30 %
Percentage of altered instances:  60 %
Using 18 indices (first 18 from shuffled list)
Loading noise data from: results/noise_injection/by_dataset/iris_petallength_noise0.3.csv 
Using 18 indices for  60 % of instances
Calculate prediction
Confusion matrix
Dataset: iris 
Fold: 5 
Method: multinom 
Noise level:  30 %
Percentage of altered instances:  70 %
Using 21 indices (first 21 from shuffled list)
Loading noise data from: results/noise_injection/by_dataset/iris_petallength_noise0.3.csv 
Using 21 indices for  70 % of instances
Calculate prediction
Confusion matrix
Dataset: iris 
Fold: 5 
Method: multinom 
Noise level:  30 %
Percentage of altered instances:  75 %
Using 22 indices (first 22 from shuffled list)
Loading noise data from: results/noise_injection/by_dataset/iris_petallength_noise0.3.csv 
Using 22 indices for  75 % of instances
Calculate prediction
Confusion matrix
Dataset: iris 
Fold: 5 
Method: multinom 
Noise level:  30 %
Percentage of altered instances:  80 %
Using 24 indices (first 24 from shuffled list)
Loading noise data from: results/noise_injection/by_dataset/iris_petallength_noise0.3.csv 
Using 24 indices for  80 % of instances
Calculate prediction
Confusion matrix
Dataset: iris 
Fold: 5 
Method: multinom 
Noise level:  30 %
Percentage of altered instances:  90 %
Using 27 indices (first 27 from shuffled list)
Loading noise data from: results/noise_injection/by_dataset/iris_petallength_noise0.3.csv 
Using 27 indices for  90 % of instances
Calculate prediction
Confusion matrix
Dataset: iris 
Fold: 5 
Method: multinom 
Noise level:  30 %
Percentage of altered instances:  100 %
Using 30 indices (first 30 from shuffled list)
Loading noise data from: results/noise_injection/by_dataset/iris_petallength_noise0.3.csv 
Using 30 indices for  100 % of instances
Calculate prediction
Confusion matrix
Saved results to: results/instances/train_noise/by_dataset/iris_multinom_results.csv 
----------------
****************************
Instances altered with noise
****************************
