Current working directory: /home/chris/github/kappa-threshold 
parameters.csv exists: TRUE 
parameters.csv absolute path: /home/chris/github/kappa-threshold/data/files/parameters.csv 
Processing model: multinom for dataset: kc1 
Loaded 422 indices for fold 1 from: results/instances/original/vectors/kc1_multinom_all_folds.csv 

=== Training model with 10 % noise in training data ===
Critical percentage for training noise: 0 %
Training on clean data (critical_percentage = 0)
# weights:  23 (22 variable)
initial  value 1169.339294 
iter  10 value 745.174343
iter  20 value 599.222823
iter  30 value 567.516218
iter  40 value 562.424690
iter  50 value 562.421484
final  value 562.421139 
converged
Dataset: kc1 
Fold: 1 
Method: multinom 
Noise level:  10 %
Percentage of altered instances:  10 %
Using 42 indices (first 42 from shuffled list)
Loading noise data from: results/noise_injection/by_dataset/kc1_total_Op_noise0.1.csv 
Using 42 indices for  10 % of instances
Calculate prediction
Confusion matrix
Dataset: kc1 
Fold: 1 
Method: multinom 
Noise level:  10 %
Percentage of altered instances:  20 %
Using 84 indices (first 84 from shuffled list)
Loading noise data from: results/noise_injection/by_dataset/kc1_total_Op_noise0.1.csv 
Using 84 indices for  20 % of instances
Calculate prediction
Confusion matrix
Dataset: kc1 
Fold: 1 
Method: multinom 
Noise level:  10 %
Percentage of altered instances:  25 %
Using 106 indices (first 106 from shuffled list)
Loading noise data from: results/noise_injection/by_dataset/kc1_total_Op_noise0.1.csv 
Using 106 indices for  25 % of instances
Calculate prediction
Confusion matrix
Dataset: kc1 
Fold: 1 
Method: multinom 
Noise level:  10 %
Percentage of altered instances:  30 %
Using 127 indices (first 127 from shuffled list)
Loading noise data from: results/noise_injection/by_dataset/kc1_total_Op_noise0.1.csv 
Using 127 indices for  30 % of instances
Calculate prediction
Confusion matrix
Dataset: kc1 
Fold: 1 
Method: multinom 
Noise level:  10 %
Percentage of altered instances:  40 %
Using 169 indices (first 169 from shuffled list)
Loading noise data from: results/noise_injection/by_dataset/kc1_total_Op_noise0.1.csv 
Using 169 indices for  40 % of instances
Calculate prediction
Confusion matrix
Dataset: kc1 
Fold: 1 
Method: multinom 
Noise level:  10 %
Percentage of altered instances:  50 %
Using 211 indices (first 211 from shuffled list)
Loading noise data from: results/noise_injection/by_dataset/kc1_total_Op_noise0.1.csv 
Using 211 indices for  50 % of instances
Calculate prediction
Confusion matrix
Dataset: kc1 
Fold: 1 
Method: multinom 
Noise level:  10 %
Percentage of altered instances:  60 %
Using 253 indices (first 253 from shuffled list)
Loading noise data from: results/noise_injection/by_dataset/kc1_total_Op_noise0.1.csv 
Using 253 indices for  60 % of instances
Calculate prediction
Confusion matrix
Dataset: kc1 
Fold: 1 
Method: multinom 
Noise level:  10 %
Percentage of altered instances:  70 %
Using 295 indices (first 295 from shuffled list)
Loading noise data from: results/noise_injection/by_dataset/kc1_total_Op_noise0.1.csv 
Using 295 indices for  70 % of instances
Calculate prediction
Confusion matrix
Dataset: kc1 
Fold: 1 
Method: multinom 
Noise level:  10 %
Percentage of altered instances:  75 %
Using 316 indices (first 316 from shuffled list)
Loading noise data from: results/noise_injection/by_dataset/kc1_total_Op_noise0.1.csv 
Using 316 indices for  75 % of instances
Calculate prediction
Confusion matrix
Dataset: kc1 
Fold: 1 
Method: multinom 
Noise level:  10 %
Percentage of altered instances:  80 %
Using 338 indices (first 338 from shuffled list)
Loading noise data from: results/noise_injection/by_dataset/kc1_total_Op_noise0.1.csv 
Using 338 indices for  80 % of instances
Calculate prediction
Confusion matrix
Dataset: kc1 
Fold: 1 
Method: multinom 
Noise level:  10 %
Percentage of altered instances:  90 %
Using 380 indices (first 380 from shuffled list)
Loading noise data from: results/noise_injection/by_dataset/kc1_total_Op_noise0.1.csv 
Using 380 indices for  90 % of instances
Calculate prediction
Confusion matrix
Dataset: kc1 
Fold: 1 
Method: multinom 
Noise level:  10 %
Percentage of altered instances:  100 %
Using 422 indices (first 422 from shuffled list)
Loading noise data from: results/noise_injection/by_dataset/kc1_total_Op_noise0.1.csv 
Using 422 indices for  100 % of instances
Calculate prediction
Confusion matrix

=== Training model with 20 % noise in training data ===
Critical percentage for training noise: 0 %
Training on clean data (critical_percentage = 0)
# weights:  23 (22 variable)
initial  value 1169.339294 
iter  10 value 745.174343
iter  20 value 599.222823
iter  30 value 567.516218
iter  40 value 562.424690
iter  50 value 562.421484
final  value 562.421139 
converged
Dataset: kc1 
Fold: 1 
Method: multinom 
Noise level:  20 %
Percentage of altered instances:  10 %
Using 42 indices (first 42 from shuffled list)
Loading noise data from: results/noise_injection/by_dataset/kc1_total_Op_noise0.2.csv 
Using 42 indices for  10 % of instances
Calculate prediction
Confusion matrix
Dataset: kc1 
Fold: 1 
Method: multinom 
Noise level:  20 %
Percentage of altered instances:  20 %
Using 84 indices (first 84 from shuffled list)
Loading noise data from: results/noise_injection/by_dataset/kc1_total_Op_noise0.2.csv 
Using 84 indices for  20 % of instances
Calculate prediction
Confusion matrix
Dataset: kc1 
Fold: 1 
Method: multinom 
Noise level:  20 %
Percentage of altered instances:  25 %
Using 106 indices (first 106 from shuffled list)
Loading noise data from: results/noise_injection/by_dataset/kc1_total_Op_noise0.2.csv 
Using 106 indices for  25 % of instances
Calculate prediction
Confusion matrix
Dataset: kc1 
Fold: 1 
Method: multinom 
Noise level:  20 %
Percentage of altered instances:  30 %
Using 127 indices (first 127 from shuffled list)
Loading noise data from: results/noise_injection/by_dataset/kc1_total_Op_noise0.2.csv 
Using 127 indices for  30 % of instances
Calculate prediction
Confusion matrix
Dataset: kc1 
Fold: 1 
Method: multinom 
Noise level:  20 %
Percentage of altered instances:  40 %
Using 169 indices (first 169 from shuffled list)
Loading noise data from: results/noise_injection/by_dataset/kc1_total_Op_noise0.2.csv 
Using 169 indices for  40 % of instances
Calculate prediction
Confusion matrix
Dataset: kc1 
Fold: 1 
Method: multinom 
Noise level:  20 %
Percentage of altered instances:  50 %
Using 211 indices (first 211 from shuffled list)
Loading noise data from: results/noise_injection/by_dataset/kc1_total_Op_noise0.2.csv 
Using 211 indices for  50 % of instances
Calculate prediction
Confusion matrix
Dataset: kc1 
Fold: 1 
Method: multinom 
Noise level:  20 %
Percentage of altered instances:  60 %
Using 253 indices (first 253 from shuffled list)
Loading noise data from: results/noise_injection/by_dataset/kc1_total_Op_noise0.2.csv 
Using 253 indices for  60 % of instances
Calculate prediction
Confusion matrix
Dataset: kc1 
Fold: 1 
Method: multinom 
Noise level:  20 %
Percentage of altered instances:  70 %
Using 295 indices (first 295 from shuffled list)
Loading noise data from: results/noise_injection/by_dataset/kc1_total_Op_noise0.2.csv 
Using 295 indices for  70 % of instances
Calculate prediction
Confusion matrix
Dataset: kc1 
Fold: 1 
Method: multinom 
Noise level:  20 %
Percentage of altered instances:  75 %
Using 316 indices (first 316 from shuffled list)
Loading noise data from: results/noise_injection/by_dataset/kc1_total_Op_noise0.2.csv 
Using 316 indices for  75 % of instances
Calculate prediction
Confusion matrix
Dataset: kc1 
Fold: 1 
Method: multinom 
Noise level:  20 %
Percentage of altered instances:  80 %
Using 338 indices (first 338 from shuffled list)
Loading noise data from: results/noise_injection/by_dataset/kc1_total_Op_noise0.2.csv 
Using 338 indices for  80 % of instances
Calculate prediction
Confusion matrix
Dataset: kc1 
Fold: 1 
Method: multinom 
Noise level:  20 %
Percentage of altered instances:  90 %
Using 380 indices (first 380 from shuffled list)
Loading noise data from: results/noise_injection/by_dataset/kc1_total_Op_noise0.2.csv 
Using 380 indices for  90 % of instances
Calculate prediction
Confusion matrix
Dataset: kc1 
Fold: 1 
Method: multinom 
Noise level:  20 %
Percentage of altered instances:  100 %
Using 422 indices (first 422 from shuffled list)
Loading noise data from: results/noise_injection/by_dataset/kc1_total_Op_noise0.2.csv 
Using 422 indices for  100 % of instances
Calculate prediction
Confusion matrix

=== Training model with 30 % noise in training data ===
Critical percentage for training noise: 0 %
Training on clean data (critical_percentage = 0)
# weights:  23 (22 variable)
initial  value 1169.339294 
iter  10 value 745.174343
iter  20 value 599.222823
iter  30 value 567.516218
iter  40 value 562.424690
iter  50 value 562.421484
final  value 562.421139 
converged
Dataset: kc1 
Fold: 1 
Method: multinom 
Noise level:  30 %
Percentage of altered instances:  10 %
Using 42 indices (first 42 from shuffled list)
Loading noise data from: results/noise_injection/by_dataset/kc1_total_Op_noise0.3.csv 
Using 42 indices for  10 % of instances
Calculate prediction
Confusion matrix
Dataset: kc1 
Fold: 1 
Method: multinom 
Noise level:  30 %
Percentage of altered instances:  20 %
Using 84 indices (first 84 from shuffled list)
Loading noise data from: results/noise_injection/by_dataset/kc1_total_Op_noise0.3.csv 
Using 84 indices for  20 % of instances
Calculate prediction
Confusion matrix
Dataset: kc1 
Fold: 1 
Method: multinom 
Noise level:  30 %
Percentage of altered instances:  25 %
Using 106 indices (first 106 from shuffled list)
Loading noise data from: results/noise_injection/by_dataset/kc1_total_Op_noise0.3.csv 
Using 106 indices for  25 % of instances
Calculate prediction
Confusion matrix
Dataset: kc1 
Fold: 1 
Method: multinom 
Noise level:  30 %
Percentage of altered instances:  30 %
Using 127 indices (first 127 from shuffled list)
Loading noise data from: results/noise_injection/by_dataset/kc1_total_Op_noise0.3.csv 
Using 127 indices for  30 % of instances
Calculate prediction
Confusion matrix
Dataset: kc1 
Fold: 1 
Method: multinom 
Noise level:  30 %
Percentage of altered instances:  40 %
Using 169 indices (first 169 from shuffled list)
Loading noise data from: results/noise_injection/by_dataset/kc1_total_Op_noise0.3.csv 
Using 169 indices for  40 % of instances
Calculate prediction
Confusion matrix
Dataset: kc1 
Fold: 1 
Method: multinom 
Noise level:  30 %
Percentage of altered instances:  50 %
Using 211 indices (first 211 from shuffled list)
Loading noise data from: results/noise_injection/by_dataset/kc1_total_Op_noise0.3.csv 
Using 211 indices for  50 % of instances
Calculate prediction
Confusion matrix
Dataset: kc1 
Fold: 1 
Method: multinom 
Noise level:  30 %
Percentage of altered instances:  60 %
Using 253 indices (first 253 from shuffled list)
Loading noise data from: results/noise_injection/by_dataset/kc1_total_Op_noise0.3.csv 
Using 253 indices for  60 % of instances
Calculate prediction
Confusion matrix
Dataset: kc1 
Fold: 1 
Method: multinom 
Noise level:  30 %
Percentage of altered instances:  70 %
Using 295 indices (first 295 from shuffled list)
Loading noise data from: results/noise_injection/by_dataset/kc1_total_Op_noise0.3.csv 
Using 295 indices for  70 % of instances
Calculate prediction
Confusion matrix
Dataset: kc1 
Fold: 1 
Method: multinom 
Noise level:  30 %
Percentage of altered instances:  75 %
Using 316 indices (first 316 from shuffled list)
Loading noise data from: results/noise_injection/by_dataset/kc1_total_Op_noise0.3.csv 
Using 316 indices for  75 % of instances
Calculate prediction
Confusion matrix
Dataset: kc1 
Fold: 1 
Method: multinom 
Noise level:  30 %
Percentage of altered instances:  80 %
Using 338 indices (first 338 from shuffled list)
Loading noise data from: results/noise_injection/by_dataset/kc1_total_Op_noise0.3.csv 
Using 338 indices for  80 % of instances
Calculate prediction
Confusion matrix
Dataset: kc1 
Fold: 1 
Method: multinom 
Noise level:  30 %
Percentage of altered instances:  90 %
Using 380 indices (first 380 from shuffled list)
Loading noise data from: results/noise_injection/by_dataset/kc1_total_Op_noise0.3.csv 
Using 380 indices for  90 % of instances
Calculate prediction
Confusion matrix
Dataset: kc1 
Fold: 1 
Method: multinom 
Noise level:  30 %
Percentage of altered instances:  100 %
Using 422 indices (first 422 from shuffled list)
Loading noise data from: results/noise_injection/by_dataset/kc1_total_Op_noise0.3.csv 
Using 422 indices for  100 % of instances
Calculate prediction
Confusion matrix
Loaded 421 indices for fold 2 from: results/instances/original/vectors/kc1_multinom_all_folds.csv 

=== Training model with 10 % noise in training data ===
Critical percentage for training noise: 0 %
Training on clean data (critical_percentage = 0)
# weights:  23 (22 variable)
initial  value 1170.032441 
iter  10 value 738.596948
iter  20 value 583.964449
iter  30 value 567.606110
iter  40 value 561.613848
iter  50 value 561.540052
iter  60 value 561.530747
iter  70 value 561.519843
iter  80 value 561.406914
iter  90 value 561.348179
iter  90 value 561.348173
iter  90 value 561.348173
final  value 561.348173 
converged
Dataset: kc1 
Fold: 2 
Method: multinom 
Noise level:  10 %
Percentage of altered instances:  10 %
Using 42 indices (first 42 from shuffled list)
Loading noise data from: results/noise_injection/by_dataset/kc1_total_Op_noise0.1.csv 
Using 42 indices for  10 % of instances
Calculate prediction
Confusion matrix
Dataset: kc1 
Fold: 2 
Method: multinom 
Noise level:  10 %
Percentage of altered instances:  20 %
Using 84 indices (first 84 from shuffled list)
Loading noise data from: results/noise_injection/by_dataset/kc1_total_Op_noise0.1.csv 
Using 84 indices for  20 % of instances
Calculate prediction
Confusion matrix
Dataset: kc1 
Fold: 2 
Method: multinom 
Noise level:  10 %
Percentage of altered instances:  25 %
Using 105 indices (first 105 from shuffled list)
Loading noise data from: results/noise_injection/by_dataset/kc1_total_Op_noise0.1.csv 
Using 105 indices for  25 % of instances
Calculate prediction
Confusion matrix
Dataset: kc1 
Fold: 2 
Method: multinom 
Noise level:  10 %
Percentage of altered instances:  30 %
Using 126 indices (first 126 from shuffled list)
Loading noise data from: results/noise_injection/by_dataset/kc1_total_Op_noise0.1.csv 
Using 126 indices for  30 % of instances
Calculate prediction
Confusion matrix
Dataset: kc1 
Fold: 2 
Method: multinom 
Noise level:  10 %
Percentage of altered instances:  40 %
Using 168 indices (first 168 from shuffled list)
Loading noise data from: results/noise_injection/by_dataset/kc1_total_Op_noise0.1.csv 
Using 168 indices for  40 % of instances
Calculate prediction
Confusion matrix
Dataset: kc1 
Fold: 2 
Method: multinom 
Noise level:  10 %
Percentage of altered instances:  50 %
Using 210 indices (first 210 from shuffled list)
Loading noise data from: results/noise_injection/by_dataset/kc1_total_Op_noise0.1.csv 
Using 210 indices for  50 % of instances
Calculate prediction
Confusion matrix
Dataset: kc1 
Fold: 2 
Method: multinom 
Noise level:  10 %
Percentage of altered instances:  60 %
Using 253 indices (first 253 from shuffled list)
Loading noise data from: results/noise_injection/by_dataset/kc1_total_Op_noise0.1.csv 
Using 253 indices for  60 % of instances
Calculate prediction
Confusion matrix
Dataset: kc1 
Fold: 2 
Method: multinom 
Noise level:  10 %
Percentage of altered instances:  70 %
Using 295 indices (first 295 from shuffled list)
Loading noise data from: results/noise_injection/by_dataset/kc1_total_Op_noise0.1.csv 
Using 295 indices for  70 % of instances
Calculate prediction
Confusion matrix
Dataset: kc1 
Fold: 2 
Method: multinom 
Noise level:  10 %
Percentage of altered instances:  75 %
Using 316 indices (first 316 from shuffled list)
Loading noise data from: results/noise_injection/by_dataset/kc1_total_Op_noise0.1.csv 
Using 316 indices for  75 % of instances
Calculate prediction
Confusion matrix
Dataset: kc1 
Fold: 2 
Method: multinom 
Noise level:  10 %
Percentage of altered instances:  80 %
Using 337 indices (first 337 from shuffled list)
Loading noise data from: results/noise_injection/by_dataset/kc1_total_Op_noise0.1.csv 
Using 337 indices for  80 % of instances
Calculate prediction
Confusion matrix
Dataset: kc1 
Fold: 2 
Method: multinom 
Noise level:  10 %
Percentage of altered instances:  90 %
Using 379 indices (first 379 from shuffled list)
Loading noise data from: results/noise_injection/by_dataset/kc1_total_Op_noise0.1.csv 
Using 379 indices for  90 % of instances
Calculate prediction
Confusion matrix
Dataset: kc1 
Fold: 2 
Method: multinom 
Noise level:  10 %
Percentage of altered instances:  100 %
Using 421 indices (first 421 from shuffled list)
Loading noise data from: results/noise_injection/by_dataset/kc1_total_Op_noise0.1.csv 
Using 421 indices for  100 % of instances
Calculate prediction
Confusion matrix

=== Training model with 20 % noise in training data ===
Critical percentage for training noise: 0 %
Training on clean data (critical_percentage = 0)
# weights:  23 (22 variable)
initial  value 1170.032441 
iter  10 value 738.596948
iter  20 value 583.964449
iter  30 value 567.606110
iter  40 value 561.613848
iter  50 value 561.540052
iter  60 value 561.530747
iter  70 value 561.519843
iter  80 value 561.406914
iter  90 value 561.348179
iter  90 value 561.348173
iter  90 value 561.348173
final  value 561.348173 
converged
Dataset: kc1 
Fold: 2 
Method: multinom 
Noise level:  20 %
Percentage of altered instances:  10 %
Using 42 indices (first 42 from shuffled list)
Loading noise data from: results/noise_injection/by_dataset/kc1_total_Op_noise0.2.csv 
Using 42 indices for  10 % of instances
Calculate prediction
Confusion matrix
Dataset: kc1 
Fold: 2 
Method: multinom 
Noise level:  20 %
Percentage of altered instances:  20 %
Using 84 indices (first 84 from shuffled list)
Loading noise data from: results/noise_injection/by_dataset/kc1_total_Op_noise0.2.csv 
Using 84 indices for  20 % of instances
Calculate prediction
Confusion matrix
Dataset: kc1 
Fold: 2 
Method: multinom 
Noise level:  20 %
Percentage of altered instances:  25 %
Using 105 indices (first 105 from shuffled list)
Loading noise data from: results/noise_injection/by_dataset/kc1_total_Op_noise0.2.csv 
Using 105 indices for  25 % of instances
Calculate prediction
Confusion matrix
Dataset: kc1 
Fold: 2 
Method: multinom 
Noise level:  20 %
Percentage of altered instances:  30 %
Using 126 indices (first 126 from shuffled list)
Loading noise data from: results/noise_injection/by_dataset/kc1_total_Op_noise0.2.csv 
Using 126 indices for  30 % of instances
Calculate prediction
Confusion matrix
Dataset: kc1 
Fold: 2 
Method: multinom 
Noise level:  20 %
Percentage of altered instances:  40 %
Using 168 indices (first 168 from shuffled list)
Loading noise data from: results/noise_injection/by_dataset/kc1_total_Op_noise0.2.csv 
Using 168 indices for  40 % of instances
Calculate prediction
Confusion matrix
Dataset: kc1 
Fold: 2 
Method: multinom 
Noise level:  20 %
Percentage of altered instances:  50 %
Using 210 indices (first 210 from shuffled list)
Loading noise data from: results/noise_injection/by_dataset/kc1_total_Op_noise0.2.csv 
Using 210 indices for  50 % of instances
Calculate prediction
Confusion matrix
Dataset: kc1 
Fold: 2 
Method: multinom 
Noise level:  20 %
Percentage of altered instances:  60 %
Using 253 indices (first 253 from shuffled list)
Loading noise data from: results/noise_injection/by_dataset/kc1_total_Op_noise0.2.csv 
Using 253 indices for  60 % of instances
Calculate prediction
Confusion matrix
Dataset: kc1 
Fold: 2 
Method: multinom 
Noise level:  20 %
Percentage of altered instances:  70 %
Using 295 indices (first 295 from shuffled list)
Loading noise data from: results/noise_injection/by_dataset/kc1_total_Op_noise0.2.csv 
Using 295 indices for  70 % of instances
Calculate prediction
Confusion matrix
Dataset: kc1 
Fold: 2 
Method: multinom 
Noise level:  20 %
Percentage of altered instances:  75 %
Using 316 indices (first 316 from shuffled list)
Loading noise data from: results/noise_injection/by_dataset/kc1_total_Op_noise0.2.csv 
Using 316 indices for  75 % of instances
Calculate prediction
Confusion matrix
Dataset: kc1 
Fold: 2 
Method: multinom 
Noise level:  20 %
Percentage of altered instances:  80 %
Using 337 indices (first 337 from shuffled list)
Loading noise data from: results/noise_injection/by_dataset/kc1_total_Op_noise0.2.csv 
Using 337 indices for  80 % of instances
Calculate prediction
Confusion matrix
Dataset: kc1 
Fold: 2 
Method: multinom 
Noise level:  20 %
Percentage of altered instances:  90 %
Using 379 indices (first 379 from shuffled list)
Loading noise data from: results/noise_injection/by_dataset/kc1_total_Op_noise0.2.csv 
Using 379 indices for  90 % of instances
Calculate prediction
Confusion matrix
Dataset: kc1 
Fold: 2 
Method: multinom 
Noise level:  20 %
Percentage of altered instances:  100 %
Using 421 indices (first 421 from shuffled list)
Loading noise data from: results/noise_injection/by_dataset/kc1_total_Op_noise0.2.csv 
Using 421 indices for  100 % of instances
Calculate prediction
Confusion matrix

=== Training model with 30 % noise in training data ===
Critical percentage for training noise: 0 %
Training on clean data (critical_percentage = 0)
# weights:  23 (22 variable)
initial  value 1170.032441 
iter  10 value 738.596948
iter  20 value 583.964449
iter  30 value 567.606110
iter  40 value 561.613848
iter  50 value 561.540052
iter  60 value 561.530747
iter  70 value 561.519843
iter  80 value 561.406914
iter  90 value 561.348179
iter  90 value 561.348173
iter  90 value 561.348173
final  value 561.348173 
converged
Dataset: kc1 
Fold: 2 
Method: multinom 
Noise level:  30 %
Percentage of altered instances:  10 %
Using 42 indices (first 42 from shuffled list)
Loading noise data from: results/noise_injection/by_dataset/kc1_total_Op_noise0.3.csv 
Using 42 indices for  10 % of instances
Calculate prediction
Confusion matrix
Dataset: kc1 
Fold: 2 
Method: multinom 
Noise level:  30 %
Percentage of altered instances:  20 %
Using 84 indices (first 84 from shuffled list)
Loading noise data from: results/noise_injection/by_dataset/kc1_total_Op_noise0.3.csv 
Using 84 indices for  20 % of instances
Calculate prediction
Confusion matrix
Dataset: kc1 
Fold: 2 
Method: multinom 
Noise level:  30 %
Percentage of altered instances:  25 %
Using 105 indices (first 105 from shuffled list)
Loading noise data from: results/noise_injection/by_dataset/kc1_total_Op_noise0.3.csv 
Using 105 indices for  25 % of instances
Calculate prediction
Confusion matrix
Dataset: kc1 
Fold: 2 
Method: multinom 
Noise level:  30 %
Percentage of altered instances:  30 %
Using 126 indices (first 126 from shuffled list)
Loading noise data from: results/noise_injection/by_dataset/kc1_total_Op_noise0.3.csv 
Using 126 indices for  30 % of instances
Calculate prediction
Confusion matrix
Dataset: kc1 
Fold: 2 
Method: multinom 
Noise level:  30 %
Percentage of altered instances:  40 %
Using 168 indices (first 168 from shuffled list)
Loading noise data from: results/noise_injection/by_dataset/kc1_total_Op_noise0.3.csv 
Using 168 indices for  40 % of instances
Calculate prediction
Confusion matrix
Dataset: kc1 
Fold: 2 
Method: multinom 
Noise level:  30 %
Percentage of altered instances:  50 %
Using 210 indices (first 210 from shuffled list)
Loading noise data from: results/noise_injection/by_dataset/kc1_total_Op_noise0.3.csv 
Using 210 indices for  50 % of instances
Calculate prediction
Confusion matrix
Dataset: kc1 
Fold: 2 
Method: multinom 
Noise level:  30 %
Percentage of altered instances:  60 %
Using 253 indices (first 253 from shuffled list)
Loading noise data from: results/noise_injection/by_dataset/kc1_total_Op_noise0.3.csv 
Using 253 indices for  60 % of instances
Calculate prediction
Confusion matrix
Dataset: kc1 
Fold: 2 
Method: multinom 
Noise level:  30 %
Percentage of altered instances:  70 %
Using 295 indices (first 295 from shuffled list)
Loading noise data from: results/noise_injection/by_dataset/kc1_total_Op_noise0.3.csv 
Using 295 indices for  70 % of instances
Calculate prediction
Confusion matrix
Dataset: kc1 
Fold: 2 
Method: multinom 
Noise level:  30 %
Percentage of altered instances:  75 %
Using 316 indices (first 316 from shuffled list)
Loading noise data from: results/noise_injection/by_dataset/kc1_total_Op_noise0.3.csv 
Using 316 indices for  75 % of instances
Calculate prediction
Confusion matrix
Dataset: kc1 
Fold: 2 
Method: multinom 
Noise level:  30 %
Percentage of altered instances:  80 %
Using 337 indices (first 337 from shuffled list)
Loading noise data from: results/noise_injection/by_dataset/kc1_total_Op_noise0.3.csv 
Using 337 indices for  80 % of instances
Calculate prediction
Confusion matrix
Dataset: kc1 
Fold: 2 
Method: multinom 
Noise level:  30 %
Percentage of altered instances:  90 %
Using 379 indices (first 379 from shuffled list)
Loading noise data from: results/noise_injection/by_dataset/kc1_total_Op_noise0.3.csv 
Using 379 indices for  90 % of instances
Calculate prediction
Confusion matrix
Dataset: kc1 
Fold: 2 
Method: multinom 
Noise level:  30 %
Percentage of altered instances:  100 %
Using 421 indices (first 421 from shuffled list)
Loading noise data from: results/noise_injection/by_dataset/kc1_total_Op_noise0.3.csv 
Using 421 indices for  100 % of instances
Calculate prediction
Confusion matrix
Loaded 422 indices for fold 3 from: results/instances/original/vectors/kc1_multinom_all_folds.csv 

=== Training model with 10 % noise in training data ===
Critical percentage for training noise: 0 %
Training on clean data (critical_percentage = 0)
# weights:  23 (22 variable)
initial  value 1169.339294 
iter  10 value 734.231097
iter  20 value 578.686104
iter  30 value 556.004989
iter  40 value 549.858222
iter  50 value 549.569927
iter  60 value 549.563350
iter  70 value 549.430198
iter  80 value 549.288068
iter  90 value 549.168722
final  value 549.167448 
converged
Dataset: kc1 
Fold: 3 
Method: multinom 
Noise level:  10 %
Percentage of altered instances:  10 %
Using 42 indices (first 42 from shuffled list)
Loading noise data from: results/noise_injection/by_dataset/kc1_total_Op_noise0.1.csv 
Using 42 indices for  10 % of instances
Calculate prediction
Confusion matrix
Dataset: kc1 
Fold: 3 
Method: multinom 
Noise level:  10 %
Percentage of altered instances:  20 %
Using 84 indices (first 84 from shuffled list)
Loading noise data from: results/noise_injection/by_dataset/kc1_total_Op_noise0.1.csv 
Using 84 indices for  20 % of instances
Calculate prediction
Confusion matrix
Dataset: kc1 
Fold: 3 
Method: multinom 
Noise level:  10 %
Percentage of altered instances:  25 %
Using 106 indices (first 106 from shuffled list)
Loading noise data from: results/noise_injection/by_dataset/kc1_total_Op_noise0.1.csv 
Using 106 indices for  25 % of instances
Calculate prediction
Confusion matrix
Dataset: kc1 
Fold: 3 
Method: multinom 
Noise level:  10 %
Percentage of altered instances:  30 %
Using 127 indices (first 127 from shuffled list)
Loading noise data from: results/noise_injection/by_dataset/kc1_total_Op_noise0.1.csv 
Using 127 indices for  30 % of instances
Calculate prediction
Confusion matrix
Dataset: kc1 
Fold: 3 
Method: multinom 
Noise level:  10 %
Percentage of altered instances:  40 %
Using 169 indices (first 169 from shuffled list)
Loading noise data from: results/noise_injection/by_dataset/kc1_total_Op_noise0.1.csv 
Using 169 indices for  40 % of instances
Calculate prediction
Confusion matrix
Dataset: kc1 
Fold: 3 
Method: multinom 
Noise level:  10 %
Percentage of altered instances:  50 %
Using 211 indices (first 211 from shuffled list)
Loading noise data from: results/noise_injection/by_dataset/kc1_total_Op_noise0.1.csv 
Using 211 indices for  50 % of instances
Calculate prediction
Confusion matrix
Dataset: kc1 
Fold: 3 
Method: multinom 
Noise level:  10 %
Percentage of altered instances:  60 %
Using 253 indices (first 253 from shuffled list)
Loading noise data from: results/noise_injection/by_dataset/kc1_total_Op_noise0.1.csv 
Using 253 indices for  60 % of instances
Calculate prediction
Confusion matrix
Dataset: kc1 
Fold: 3 
Method: multinom 
Noise level:  10 %
Percentage of altered instances:  70 %
Using 295 indices (first 295 from shuffled list)
Loading noise data from: results/noise_injection/by_dataset/kc1_total_Op_noise0.1.csv 
Using 295 indices for  70 % of instances
Calculate prediction
Confusion matrix
Dataset: kc1 
Fold: 3 
Method: multinom 
Noise level:  10 %
Percentage of altered instances:  75 %
Using 316 indices (first 316 from shuffled list)
Loading noise data from: results/noise_injection/by_dataset/kc1_total_Op_noise0.1.csv 
Using 316 indices for  75 % of instances
Calculate prediction
Confusion matrix
Dataset: kc1 
Fold: 3 
Method: multinom 
Noise level:  10 %
Percentage of altered instances:  80 %
Using 338 indices (first 338 from shuffled list)
Loading noise data from: results/noise_injection/by_dataset/kc1_total_Op_noise0.1.csv 
Using 338 indices for  80 % of instances
Calculate prediction
Confusion matrix
Dataset: kc1 
Fold: 3 
Method: multinom 
Noise level:  10 %
Percentage of altered instances:  90 %
Using 380 indices (first 380 from shuffled list)
Loading noise data from: results/noise_injection/by_dataset/kc1_total_Op_noise0.1.csv 
Using 380 indices for  90 % of instances
Calculate prediction
Confusion matrix
Dataset: kc1 
Fold: 3 
Method: multinom 
Noise level:  10 %
Percentage of altered instances:  100 %
Using 422 indices (first 422 from shuffled list)
Loading noise data from: results/noise_injection/by_dataset/kc1_total_Op_noise0.1.csv 
Using 422 indices for  100 % of instances
Calculate prediction
Confusion matrix

=== Training model with 20 % noise in training data ===
Critical percentage for training noise: 0 %
Training on clean data (critical_percentage = 0)
# weights:  23 (22 variable)
initial  value 1169.339294 
iter  10 value 734.231097
iter  20 value 578.686104
iter  30 value 556.004989
iter  40 value 549.858222
iter  50 value 549.569927
iter  60 value 549.563350
iter  70 value 549.430198
iter  80 value 549.288068
iter  90 value 549.168722
final  value 549.167448 
converged
Dataset: kc1 
Fold: 3 
Method: multinom 
Noise level:  20 %
Percentage of altered instances:  10 %
Using 42 indices (first 42 from shuffled list)
Loading noise data from: results/noise_injection/by_dataset/kc1_total_Op_noise0.2.csv 
Using 42 indices for  10 % of instances
Calculate prediction
Confusion matrix
Dataset: kc1 
Fold: 3 
Method: multinom 
Noise level:  20 %
Percentage of altered instances:  20 %
Using 84 indices (first 84 from shuffled list)
Loading noise data from: results/noise_injection/by_dataset/kc1_total_Op_noise0.2.csv 
Using 84 indices for  20 % of instances
Calculate prediction
Confusion matrix
Dataset: kc1 
Fold: 3 
Method: multinom 
Noise level:  20 %
Percentage of altered instances:  25 %
Using 106 indices (first 106 from shuffled list)
Loading noise data from: results/noise_injection/by_dataset/kc1_total_Op_noise0.2.csv 
Using 106 indices for  25 % of instances
Calculate prediction
Confusion matrix
Dataset: kc1 
Fold: 3 
Method: multinom 
Noise level:  20 %
Percentage of altered instances:  30 %
Using 127 indices (first 127 from shuffled list)
Loading noise data from: results/noise_injection/by_dataset/kc1_total_Op_noise0.2.csv 
Using 127 indices for  30 % of instances
Calculate prediction
Confusion matrix
Dataset: kc1 
Fold: 3 
Method: multinom 
Noise level:  20 %
Percentage of altered instances:  40 %
Using 169 indices (first 169 from shuffled list)
Loading noise data from: results/noise_injection/by_dataset/kc1_total_Op_noise0.2.csv 
Using 169 indices for  40 % of instances
Calculate prediction
Confusion matrix
Dataset: kc1 
Fold: 3 
Method: multinom 
Noise level:  20 %
Percentage of altered instances:  50 %
Using 211 indices (first 211 from shuffled list)
Loading noise data from: results/noise_injection/by_dataset/kc1_total_Op_noise0.2.csv 
Using 211 indices for  50 % of instances
Calculate prediction
Confusion matrix
Dataset: kc1 
Fold: 3 
Method: multinom 
Noise level:  20 %
Percentage of altered instances:  60 %
Using 253 indices (first 253 from shuffled list)
Loading noise data from: results/noise_injection/by_dataset/kc1_total_Op_noise0.2.csv 
Using 253 indices for  60 % of instances
Calculate prediction
Confusion matrix
Dataset: kc1 
Fold: 3 
Method: multinom 
Noise level:  20 %
Percentage of altered instances:  70 %
Using 295 indices (first 295 from shuffled list)
Loading noise data from: results/noise_injection/by_dataset/kc1_total_Op_noise0.2.csv 
Using 295 indices for  70 % of instances
Calculate prediction
Confusion matrix
Dataset: kc1 
Fold: 3 
Method: multinom 
Noise level:  20 %
Percentage of altered instances:  75 %
Using 316 indices (first 316 from shuffled list)
Loading noise data from: results/noise_injection/by_dataset/kc1_total_Op_noise0.2.csv 
Using 316 indices for  75 % of instances
Calculate prediction
Confusion matrix
Dataset: kc1 
Fold: 3 
Method: multinom 
Noise level:  20 %
Percentage of altered instances:  80 %
Using 338 indices (first 338 from shuffled list)
Loading noise data from: results/noise_injection/by_dataset/kc1_total_Op_noise0.2.csv 
Using 338 indices for  80 % of instances
Calculate prediction
Confusion matrix
Dataset: kc1 
Fold: 3 
Method: multinom 
Noise level:  20 %
Percentage of altered instances:  90 %
Using 380 indices (first 380 from shuffled list)
Loading noise data from: results/noise_injection/by_dataset/kc1_total_Op_noise0.2.csv 
Using 380 indices for  90 % of instances
Calculate prediction
Confusion matrix
Dataset: kc1 
Fold: 3 
Method: multinom 
Noise level:  20 %
Percentage of altered instances:  100 %
Using 422 indices (first 422 from shuffled list)
Loading noise data from: results/noise_injection/by_dataset/kc1_total_Op_noise0.2.csv 
Using 422 indices for  100 % of instances
Calculate prediction
Confusion matrix

=== Training model with 30 % noise in training data ===
Critical percentage for training noise: 0 %
Training on clean data (critical_percentage = 0)
# weights:  23 (22 variable)
initial  value 1169.339294 
iter  10 value 734.231097
iter  20 value 578.686104
iter  30 value 556.004989
iter  40 value 549.858222
iter  50 value 549.569927
iter  60 value 549.563350
iter  70 value 549.430198
iter  80 value 549.288068
iter  90 value 549.168722
final  value 549.167448 
converged
Dataset: kc1 
Fold: 3 
Method: multinom 
Noise level:  30 %
Percentage of altered instances:  10 %
Using 42 indices (first 42 from shuffled list)
Loading noise data from: results/noise_injection/by_dataset/kc1_total_Op_noise0.3.csv 
Using 42 indices for  10 % of instances
Calculate prediction
Confusion matrix
Dataset: kc1 
Fold: 3 
Method: multinom 
Noise level:  30 %
Percentage of altered instances:  20 %
Using 84 indices (first 84 from shuffled list)
Loading noise data from: results/noise_injection/by_dataset/kc1_total_Op_noise0.3.csv 
Using 84 indices for  20 % of instances
Calculate prediction
Confusion matrix
Dataset: kc1 
Fold: 3 
Method: multinom 
Noise level:  30 %
Percentage of altered instances:  25 %
Using 106 indices (first 106 from shuffled list)
Loading noise data from: results/noise_injection/by_dataset/kc1_total_Op_noise0.3.csv 
Using 106 indices for  25 % of instances
Calculate prediction
Confusion matrix
Dataset: kc1 
Fold: 3 
Method: multinom 
Noise level:  30 %
Percentage of altered instances:  30 %
Using 127 indices (first 127 from shuffled list)
Loading noise data from: results/noise_injection/by_dataset/kc1_total_Op_noise0.3.csv 
Using 127 indices for  30 % of instances
Calculate prediction
Confusion matrix
Dataset: kc1 
Fold: 3 
Method: multinom 
Noise level:  30 %
Percentage of altered instances:  40 %
Using 169 indices (first 169 from shuffled list)
Loading noise data from: results/noise_injection/by_dataset/kc1_total_Op_noise0.3.csv 
Using 169 indices for  40 % of instances
Calculate prediction
Confusion matrix
Dataset: kc1 
Fold: 3 
Method: multinom 
Noise level:  30 %
Percentage of altered instances:  50 %
Using 211 indices (first 211 from shuffled list)
Loading noise data from: results/noise_injection/by_dataset/kc1_total_Op_noise0.3.csv 
Using 211 indices for  50 % of instances
Calculate prediction
Confusion matrix
Dataset: kc1 
Fold: 3 
Method: multinom 
Noise level:  30 %
Percentage of altered instances:  60 %
Using 253 indices (first 253 from shuffled list)
Loading noise data from: results/noise_injection/by_dataset/kc1_total_Op_noise0.3.csv 
Using 253 indices for  60 % of instances
Calculate prediction
Confusion matrix
Dataset: kc1 
Fold: 3 
Method: multinom 
Noise level:  30 %
Percentage of altered instances:  70 %
Using 295 indices (first 295 from shuffled list)
Loading noise data from: results/noise_injection/by_dataset/kc1_total_Op_noise0.3.csv 
Using 295 indices for  70 % of instances
Calculate prediction
Confusion matrix
Dataset: kc1 
Fold: 3 
Method: multinom 
Noise level:  30 %
Percentage of altered instances:  75 %
Using 316 indices (first 316 from shuffled list)
Loading noise data from: results/noise_injection/by_dataset/kc1_total_Op_noise0.3.csv 
Using 316 indices for  75 % of instances
Calculate prediction
Confusion matrix
Dataset: kc1 
Fold: 3 
Method: multinom 
Noise level:  30 %
Percentage of altered instances:  80 %
Using 338 indices (first 338 from shuffled list)
Loading noise data from: results/noise_injection/by_dataset/kc1_total_Op_noise0.3.csv 
Using 338 indices for  80 % of instances
Calculate prediction
Confusion matrix
Dataset: kc1 
Fold: 3 
Method: multinom 
Noise level:  30 %
Percentage of altered instances:  90 %
Using 380 indices (first 380 from shuffled list)
Loading noise data from: results/noise_injection/by_dataset/kc1_total_Op_noise0.3.csv 
Using 380 indices for  90 % of instances
Calculate prediction
Confusion matrix
Dataset: kc1 
Fold: 3 
Method: multinom 
Noise level:  30 %
Percentage of altered instances:  100 %
Using 422 indices (first 422 from shuffled list)
Loading noise data from: results/noise_injection/by_dataset/kc1_total_Op_noise0.3.csv 
Using 422 indices for  100 % of instances
Calculate prediction
Confusion matrix
Loaded 422 indices for fold 4 from: results/instances/original/vectors/kc1_multinom_all_folds.csv 

=== Training model with 10 % noise in training data ===
Critical percentage for training noise: 0 %
Training on clean data (critical_percentage = 0)
# weights:  23 (22 variable)
initial  value 1169.339294 
iter  10 value 758.338656
iter  20 value 610.602895
iter  30 value 571.874180
iter  40 value 569.766142
final  value 569.056484 
converged
Dataset: kc1 
Fold: 4 
Method: multinom 
Noise level:  10 %
Percentage of altered instances:  10 %
Using 42 indices (first 42 from shuffled list)
Loading noise data from: results/noise_injection/by_dataset/kc1_total_Op_noise0.1.csv 
Using 42 indices for  10 % of instances
Calculate prediction
Confusion matrix
Dataset: kc1 
Fold: 4 
Method: multinom 
Noise level:  10 %
Percentage of altered instances:  20 %
Using 84 indices (first 84 from shuffled list)
Loading noise data from: results/noise_injection/by_dataset/kc1_total_Op_noise0.1.csv 
Using 84 indices for  20 % of instances
Calculate prediction
Confusion matrix
Dataset: kc1 
Fold: 4 
Method: multinom 
Noise level:  10 %
Percentage of altered instances:  25 %
Using 106 indices (first 106 from shuffled list)
Loading noise data from: results/noise_injection/by_dataset/kc1_total_Op_noise0.1.csv 
Using 106 indices for  25 % of instances
Calculate prediction
Confusion matrix
Dataset: kc1 
Fold: 4 
Method: multinom 
Noise level:  10 %
Percentage of altered instances:  30 %
Using 127 indices (first 127 from shuffled list)
Loading noise data from: results/noise_injection/by_dataset/kc1_total_Op_noise0.1.csv 
Using 127 indices for  30 % of instances
Calculate prediction
Confusion matrix
Dataset: kc1 
Fold: 4 
Method: multinom 
Noise level:  10 %
Percentage of altered instances:  40 %
Using 169 indices (first 169 from shuffled list)
Loading noise data from: results/noise_injection/by_dataset/kc1_total_Op_noise0.1.csv 
Using 169 indices for  40 % of instances
Calculate prediction
Confusion matrix
Dataset: kc1 
Fold: 4 
Method: multinom 
Noise level:  10 %
Percentage of altered instances:  50 %
Using 211 indices (first 211 from shuffled list)
Loading noise data from: results/noise_injection/by_dataset/kc1_total_Op_noise0.1.csv 
Using 211 indices for  50 % of instances
Calculate prediction
Confusion matrix
Dataset: kc1 
Fold: 4 
Method: multinom 
Noise level:  10 %
Percentage of altered instances:  60 %
Using 253 indices (first 253 from shuffled list)
Loading noise data from: results/noise_injection/by_dataset/kc1_total_Op_noise0.1.csv 
Using 253 indices for  60 % of instances
Calculate prediction
Confusion matrix
Dataset: kc1 
Fold: 4 
Method: multinom 
Noise level:  10 %
Percentage of altered instances:  70 %
Using 295 indices (first 295 from shuffled list)
Loading noise data from: results/noise_injection/by_dataset/kc1_total_Op_noise0.1.csv 
Using 295 indices for  70 % of instances
Calculate prediction
Confusion matrix
Dataset: kc1 
Fold: 4 
Method: multinom 
Noise level:  10 %
Percentage of altered instances:  75 %
Using 316 indices (first 316 from shuffled list)
Loading noise data from: results/noise_injection/by_dataset/kc1_total_Op_noise0.1.csv 
Using 316 indices for  75 % of instances
Calculate prediction
Confusion matrix
Dataset: kc1 
Fold: 4 
Method: multinom 
Noise level:  10 %
Percentage of altered instances:  80 %
Using 338 indices (first 338 from shuffled list)
Loading noise data from: results/noise_injection/by_dataset/kc1_total_Op_noise0.1.csv 
Using 338 indices for  80 % of instances
Calculate prediction
Confusion matrix
Dataset: kc1 
Fold: 4 
Method: multinom 
Noise level:  10 %
Percentage of altered instances:  90 %
Using 380 indices (first 380 from shuffled list)
Loading noise data from: results/noise_injection/by_dataset/kc1_total_Op_noise0.1.csv 
Using 380 indices for  90 % of instances
Calculate prediction
Confusion matrix
Dataset: kc1 
Fold: 4 
Method: multinom 
Noise level:  10 %
Percentage of altered instances:  100 %
Using 422 indices (first 422 from shuffled list)
Loading noise data from: results/noise_injection/by_dataset/kc1_total_Op_noise0.1.csv 
Using 422 indices for  100 % of instances
Calculate prediction
Confusion matrix

=== Training model with 20 % noise in training data ===
Critical percentage for training noise: 0 %
Training on clean data (critical_percentage = 0)
# weights:  23 (22 variable)
initial  value 1169.339294 
iter  10 value 758.338656
iter  20 value 610.602895
iter  30 value 571.874180
iter  40 value 569.766142
final  value 569.056484 
converged
Dataset: kc1 
Fold: 4 
Method: multinom 
Noise level:  20 %
Percentage of altered instances:  10 %
Using 42 indices (first 42 from shuffled list)
Loading noise data from: results/noise_injection/by_dataset/kc1_total_Op_noise0.2.csv 
Using 42 indices for  10 % of instances
Calculate prediction
Confusion matrix
Dataset: kc1 
Fold: 4 
Method: multinom 
Noise level:  20 %
Percentage of altered instances:  20 %
Using 84 indices (first 84 from shuffled list)
Loading noise data from: results/noise_injection/by_dataset/kc1_total_Op_noise0.2.csv 
Using 84 indices for  20 % of instances
Calculate prediction
Confusion matrix
Dataset: kc1 
Fold: 4 
Method: multinom 
Noise level:  20 %
Percentage of altered instances:  25 %
Using 106 indices (first 106 from shuffled list)
Loading noise data from: results/noise_injection/by_dataset/kc1_total_Op_noise0.2.csv 
Using 106 indices for  25 % of instances
Calculate prediction
Confusion matrix
Dataset: kc1 
Fold: 4 
Method: multinom 
Noise level:  20 %
Percentage of altered instances:  30 %
Using 127 indices (first 127 from shuffled list)
Loading noise data from: results/noise_injection/by_dataset/kc1_total_Op_noise0.2.csv 
Using 127 indices for  30 % of instances
Calculate prediction
Confusion matrix
Dataset: kc1 
Fold: 4 
Method: multinom 
Noise level:  20 %
Percentage of altered instances:  40 %
Using 169 indices (first 169 from shuffled list)
Loading noise data from: results/noise_injection/by_dataset/kc1_total_Op_noise0.2.csv 
Using 169 indices for  40 % of instances
Calculate prediction
Confusion matrix
Dataset: kc1 
Fold: 4 
Method: multinom 
Noise level:  20 %
Percentage of altered instances:  50 %
Using 211 indices (first 211 from shuffled list)
Loading noise data from: results/noise_injection/by_dataset/kc1_total_Op_noise0.2.csv 
Using 211 indices for  50 % of instances
Calculate prediction
Confusion matrix
Dataset: kc1 
Fold: 4 
Method: multinom 
Noise level:  20 %
Percentage of altered instances:  60 %
Using 253 indices (first 253 from shuffled list)
Loading noise data from: results/noise_injection/by_dataset/kc1_total_Op_noise0.2.csv 
Using 253 indices for  60 % of instances
Calculate prediction
Confusion matrix
Dataset: kc1 
Fold: 4 
Method: multinom 
Noise level:  20 %
Percentage of altered instances:  70 %
Using 295 indices (first 295 from shuffled list)
Loading noise data from: results/noise_injection/by_dataset/kc1_total_Op_noise0.2.csv 
Using 295 indices for  70 % of instances
Calculate prediction
Confusion matrix
Dataset: kc1 
Fold: 4 
Method: multinom 
Noise level:  20 %
Percentage of altered instances:  75 %
Using 316 indices (first 316 from shuffled list)
Loading noise data from: results/noise_injection/by_dataset/kc1_total_Op_noise0.2.csv 
Using 316 indices for  75 % of instances
Calculate prediction
Confusion matrix
Dataset: kc1 
Fold: 4 
Method: multinom 
Noise level:  20 %
Percentage of altered instances:  80 %
Using 338 indices (first 338 from shuffled list)
Loading noise data from: results/noise_injection/by_dataset/kc1_total_Op_noise0.2.csv 
Using 338 indices for  80 % of instances
Calculate prediction
Confusion matrix
Dataset: kc1 
Fold: 4 
Method: multinom 
Noise level:  20 %
Percentage of altered instances:  90 %
Using 380 indices (first 380 from shuffled list)
Loading noise data from: results/noise_injection/by_dataset/kc1_total_Op_noise0.2.csv 
Using 380 indices for  90 % of instances
Calculate prediction
Confusion matrix
Dataset: kc1 
Fold: 4 
Method: multinom 
Noise level:  20 %
Percentage of altered instances:  100 %
Using 422 indices (first 422 from shuffled list)
Loading noise data from: results/noise_injection/by_dataset/kc1_total_Op_noise0.2.csv 
Using 422 indices for  100 % of instances
Calculate prediction
Confusion matrix

=== Training model with 30 % noise in training data ===
Critical percentage for training noise: 0 %
Training on clean data (critical_percentage = 0)
# weights:  23 (22 variable)
initial  value 1169.339294 
iter  10 value 758.338656
iter  20 value 610.602895
iter  30 value 571.874180
iter  40 value 569.766142
final  value 569.056484 
converged
Dataset: kc1 
Fold: 4 
Method: multinom 
Noise level:  30 %
Percentage of altered instances:  10 %
Using 42 indices (first 42 from shuffled list)
Loading noise data from: results/noise_injection/by_dataset/kc1_total_Op_noise0.3.csv 
Using 42 indices for  10 % of instances
Calculate prediction
Confusion matrix
Dataset: kc1 
Fold: 4 
Method: multinom 
Noise level:  30 %
Percentage of altered instances:  20 %
Using 84 indices (first 84 from shuffled list)
Loading noise data from: results/noise_injection/by_dataset/kc1_total_Op_noise0.3.csv 
Using 84 indices for  20 % of instances
Calculate prediction
Confusion matrix
Dataset: kc1 
Fold: 4 
Method: multinom 
Noise level:  30 %
Percentage of altered instances:  25 %
Using 106 indices (first 106 from shuffled list)
Loading noise data from: results/noise_injection/by_dataset/kc1_total_Op_noise0.3.csv 
Using 106 indices for  25 % of instances
Calculate prediction
Confusion matrix
Dataset: kc1 
Fold: 4 
Method: multinom 
Noise level:  30 %
Percentage of altered instances:  30 %
Using 127 indices (first 127 from shuffled list)
Loading noise data from: results/noise_injection/by_dataset/kc1_total_Op_noise0.3.csv 
Using 127 indices for  30 % of instances
Calculate prediction
Confusion matrix
Dataset: kc1 
Fold: 4 
Method: multinom 
Noise level:  30 %
Percentage of altered instances:  40 %
Using 169 indices (first 169 from shuffled list)
Loading noise data from: results/noise_injection/by_dataset/kc1_total_Op_noise0.3.csv 
Using 169 indices for  40 % of instances
Calculate prediction
Confusion matrix
Dataset: kc1 
Fold: 4 
Method: multinom 
Noise level:  30 %
Percentage of altered instances:  50 %
Using 211 indices (first 211 from shuffled list)
Loading noise data from: results/noise_injection/by_dataset/kc1_total_Op_noise0.3.csv 
Using 211 indices for  50 % of instances
Calculate prediction
Confusion matrix
Dataset: kc1 
Fold: 4 
Method: multinom 
Noise level:  30 %
Percentage of altered instances:  60 %
Using 253 indices (first 253 from shuffled list)
Loading noise data from: results/noise_injection/by_dataset/kc1_total_Op_noise0.3.csv 
Using 253 indices for  60 % of instances
Calculate prediction
Confusion matrix
Dataset: kc1 
Fold: 4 
Method: multinom 
Noise level:  30 %
Percentage of altered instances:  70 %
Using 295 indices (first 295 from shuffled list)
Loading noise data from: results/noise_injection/by_dataset/kc1_total_Op_noise0.3.csv 
Using 295 indices for  70 % of instances
Calculate prediction
Confusion matrix
Dataset: kc1 
Fold: 4 
Method: multinom 
Noise level:  30 %
Percentage of altered instances:  75 %
Using 316 indices (first 316 from shuffled list)
Loading noise data from: results/noise_injection/by_dataset/kc1_total_Op_noise0.3.csv 
Using 316 indices for  75 % of instances
Calculate prediction
Confusion matrix
Dataset: kc1 
Fold: 4 
Method: multinom 
Noise level:  30 %
Percentage of altered instances:  80 %
Using 338 indices (first 338 from shuffled list)
Loading noise data from: results/noise_injection/by_dataset/kc1_total_Op_noise0.3.csv 
Using 338 indices for  80 % of instances
Calculate prediction
Confusion matrix
Dataset: kc1 
Fold: 4 
Method: multinom 
Noise level:  30 %
Percentage of altered instances:  90 %
Using 380 indices (first 380 from shuffled list)
Loading noise data from: results/noise_injection/by_dataset/kc1_total_Op_noise0.3.csv 
Using 380 indices for  90 % of instances
Calculate prediction
Confusion matrix
Dataset: kc1 
Fold: 4 
Method: multinom 
Noise level:  30 %
Percentage of altered instances:  100 %
Using 422 indices (first 422 from shuffled list)
Loading noise data from: results/noise_injection/by_dataset/kc1_total_Op_noise0.3.csv 
Using 422 indices for  100 % of instances
Calculate prediction
Confusion matrix
Loaded 422 indices for fold 5 from: results/instances/original/vectors/kc1_multinom_all_folds.csv 

=== Training model with 10 % noise in training data ===
Critical percentage for training noise: 0 %
Training on clean data (critical_percentage = 0)
# weights:  23 (22 variable)
initial  value 1169.339294 
iter  10 value 745.521419
iter  20 value 592.477472
iter  30 value 564.053265
iter  40 value 560.317232
iter  50 value 560.028446
iter  60 value 560.009429
iter  70 value 559.951801
iter  80 value 559.864693
iter  90 value 559.819439
final  value 559.816166 
converged
Dataset: kc1 
Fold: 5 
Method: multinom 
Noise level:  10 %
Percentage of altered instances:  10 %
Using 42 indices (first 42 from shuffled list)
Loading noise data from: results/noise_injection/by_dataset/kc1_total_Op_noise0.1.csv 
Using 42 indices for  10 % of instances
Calculate prediction
Confusion matrix
Dataset: kc1 
Fold: 5 
Method: multinom 
Noise level:  10 %
Percentage of altered instances:  20 %
Using 84 indices (first 84 from shuffled list)
Loading noise data from: results/noise_injection/by_dataset/kc1_total_Op_noise0.1.csv 
Using 84 indices for  20 % of instances
Calculate prediction
Confusion matrix
Dataset: kc1 
Fold: 5 
Method: multinom 
Noise level:  10 %
Percentage of altered instances:  25 %
Using 106 indices (first 106 from shuffled list)
Loading noise data from: results/noise_injection/by_dataset/kc1_total_Op_noise0.1.csv 
Using 106 indices for  25 % of instances
Calculate prediction
Confusion matrix
Dataset: kc1 
Fold: 5 
Method: multinom 
Noise level:  10 %
Percentage of altered instances:  30 %
Using 127 indices (first 127 from shuffled list)
Loading noise data from: results/noise_injection/by_dataset/kc1_total_Op_noise0.1.csv 
Using 127 indices for  30 % of instances
Calculate prediction
Confusion matrix
Dataset: kc1 
Fold: 5 
Method: multinom 
Noise level:  10 %
Percentage of altered instances:  40 %
Using 169 indices (first 169 from shuffled list)
Loading noise data from: results/noise_injection/by_dataset/kc1_total_Op_noise0.1.csv 
Using 169 indices for  40 % of instances
Calculate prediction
Confusion matrix
Dataset: kc1 
Fold: 5 
Method: multinom 
Noise level:  10 %
Percentage of altered instances:  50 %
Using 211 indices (first 211 from shuffled list)
Loading noise data from: results/noise_injection/by_dataset/kc1_total_Op_noise0.1.csv 
Using 211 indices for  50 % of instances
Calculate prediction
Confusion matrix
Dataset: kc1 
Fold: 5 
Method: multinom 
Noise level:  10 %
Percentage of altered instances:  60 %
Using 253 indices (first 253 from shuffled list)
Loading noise data from: results/noise_injection/by_dataset/kc1_total_Op_noise0.1.csv 
Using 253 indices for  60 % of instances
Calculate prediction
Confusion matrix
Dataset: kc1 
Fold: 5 
Method: multinom 
Noise level:  10 %
Percentage of altered instances:  70 %
Using 295 indices (first 295 from shuffled list)
Loading noise data from: results/noise_injection/by_dataset/kc1_total_Op_noise0.1.csv 
Using 295 indices for  70 % of instances
Calculate prediction
Confusion matrix
Dataset: kc1 
Fold: 5 
Method: multinom 
Noise level:  10 %
Percentage of altered instances:  75 %
Using 316 indices (first 316 from shuffled list)
Loading noise data from: results/noise_injection/by_dataset/kc1_total_Op_noise0.1.csv 
Using 316 indices for  75 % of instances
Calculate prediction
Confusion matrix
Dataset: kc1 
Fold: 5 
Method: multinom 
Noise level:  10 %
Percentage of altered instances:  80 %
Using 338 indices (first 338 from shuffled list)
Loading noise data from: results/noise_injection/by_dataset/kc1_total_Op_noise0.1.csv 
Using 338 indices for  80 % of instances
Calculate prediction
Confusion matrix
Dataset: kc1 
Fold: 5 
Method: multinom 
Noise level:  10 %
Percentage of altered instances:  90 %
Using 380 indices (first 380 from shuffled list)
Loading noise data from: results/noise_injection/by_dataset/kc1_total_Op_noise0.1.csv 
Using 380 indices for  90 % of instances
Calculate prediction
Confusion matrix
Dataset: kc1 
Fold: 5 
Method: multinom 
Noise level:  10 %
Percentage of altered instances:  100 %
Using 422 indices (first 422 from shuffled list)
Loading noise data from: results/noise_injection/by_dataset/kc1_total_Op_noise0.1.csv 
Using 422 indices for  100 % of instances
Calculate prediction
Confusion matrix

=== Training model with 20 % noise in training data ===
Critical percentage for training noise: 0 %
Training on clean data (critical_percentage = 0)
# weights:  23 (22 variable)
initial  value 1169.339294 
iter  10 value 745.521419
iter  20 value 592.477472
iter  30 value 564.053265
iter  40 value 560.317232
iter  50 value 560.028446
iter  60 value 560.009429
iter  70 value 559.951801
iter  80 value 559.864693
iter  90 value 559.819439
final  value 559.816166 
converged
Dataset: kc1 
Fold: 5 
Method: multinom 
Noise level:  20 %
Percentage of altered instances:  10 %
Using 42 indices (first 42 from shuffled list)
Loading noise data from: results/noise_injection/by_dataset/kc1_total_Op_noise0.2.csv 
Using 42 indices for  10 % of instances
Calculate prediction
Confusion matrix
Dataset: kc1 
Fold: 5 
Method: multinom 
Noise level:  20 %
Percentage of altered instances:  20 %
Using 84 indices (first 84 from shuffled list)
Loading noise data from: results/noise_injection/by_dataset/kc1_total_Op_noise0.2.csv 
Using 84 indices for  20 % of instances
Calculate prediction
Confusion matrix
Dataset: kc1 
Fold: 5 
Method: multinom 
Noise level:  20 %
Percentage of altered instances:  25 %
Using 106 indices (first 106 from shuffled list)
Loading noise data from: results/noise_injection/by_dataset/kc1_total_Op_noise0.2.csv 
Using 106 indices for  25 % of instances
Calculate prediction
Confusion matrix
Dataset: kc1 
Fold: 5 
Method: multinom 
Noise level:  20 %
Percentage of altered instances:  30 %
Using 127 indices (first 127 from shuffled list)
Loading noise data from: results/noise_injection/by_dataset/kc1_total_Op_noise0.2.csv 
Using 127 indices for  30 % of instances
Calculate prediction
Confusion matrix
Dataset: kc1 
Fold: 5 
Method: multinom 
Noise level:  20 %
Percentage of altered instances:  40 %
Using 169 indices (first 169 from shuffled list)
Loading noise data from: results/noise_injection/by_dataset/kc1_total_Op_noise0.2.csv 
Using 169 indices for  40 % of instances
Calculate prediction
Confusion matrix
Dataset: kc1 
Fold: 5 
Method: multinom 
Noise level:  20 %
Percentage of altered instances:  50 %
Using 211 indices (first 211 from shuffled list)
Loading noise data from: results/noise_injection/by_dataset/kc1_total_Op_noise0.2.csv 
Using 211 indices for  50 % of instances
Calculate prediction
Confusion matrix
Dataset: kc1 
Fold: 5 
Method: multinom 
Noise level:  20 %
Percentage of altered instances:  60 %
Using 253 indices (first 253 from shuffled list)
Loading noise data from: results/noise_injection/by_dataset/kc1_total_Op_noise0.2.csv 
Using 253 indices for  60 % of instances
Calculate prediction
Confusion matrix
Dataset: kc1 
Fold: 5 
Method: multinom 
Noise level:  20 %
Percentage of altered instances:  70 %
Using 295 indices (first 295 from shuffled list)
Loading noise data from: results/noise_injection/by_dataset/kc1_total_Op_noise0.2.csv 
Using 295 indices for  70 % of instances
Calculate prediction
Confusion matrix
Dataset: kc1 
Fold: 5 
Method: multinom 
Noise level:  20 %
Percentage of altered instances:  75 %
Using 316 indices (first 316 from shuffled list)
Loading noise data from: results/noise_injection/by_dataset/kc1_total_Op_noise0.2.csv 
Using 316 indices for  75 % of instances
Calculate prediction
Confusion matrix
Dataset: kc1 
Fold: 5 
Method: multinom 
Noise level:  20 %
Percentage of altered instances:  80 %
Using 338 indices (first 338 from shuffled list)
Loading noise data from: results/noise_injection/by_dataset/kc1_total_Op_noise0.2.csv 
Using 338 indices for  80 % of instances
Calculate prediction
Confusion matrix
Dataset: kc1 
Fold: 5 
Method: multinom 
Noise level:  20 %
Percentage of altered instances:  90 %
Using 380 indices (first 380 from shuffled list)
Loading noise data from: results/noise_injection/by_dataset/kc1_total_Op_noise0.2.csv 
Using 380 indices for  90 % of instances
Calculate prediction
Confusion matrix
Dataset: kc1 
Fold: 5 
Method: multinom 
Noise level:  20 %
Percentage of altered instances:  100 %
Using 422 indices (first 422 from shuffled list)
Loading noise data from: results/noise_injection/by_dataset/kc1_total_Op_noise0.2.csv 
Using 422 indices for  100 % of instances
Calculate prediction
Confusion matrix

=== Training model with 30 % noise in training data ===
Critical percentage for training noise: 0 %
Training on clean data (critical_percentage = 0)
# weights:  23 (22 variable)
initial  value 1169.339294 
iter  10 value 745.521419
iter  20 value 592.477472
iter  30 value 564.053265
iter  40 value 560.317232
iter  50 value 560.028446
iter  60 value 560.009429
iter  70 value 559.951801
iter  80 value 559.864693
iter  90 value 559.819439
final  value 559.816166 
converged
Dataset: kc1 
Fold: 5 
Method: multinom 
Noise level:  30 %
Percentage of altered instances:  10 %
Using 42 indices (first 42 from shuffled list)
Loading noise data from: results/noise_injection/by_dataset/kc1_total_Op_noise0.3.csv 
Using 42 indices for  10 % of instances
Calculate prediction
Confusion matrix
Dataset: kc1 
Fold: 5 
Method: multinom 
Noise level:  30 %
Percentage of altered instances:  20 %
Using 84 indices (first 84 from shuffled list)
Loading noise data from: results/noise_injection/by_dataset/kc1_total_Op_noise0.3.csv 
Using 84 indices for  20 % of instances
Calculate prediction
Confusion matrix
Dataset: kc1 
Fold: 5 
Method: multinom 
Noise level:  30 %
Percentage of altered instances:  25 %
Using 106 indices (first 106 from shuffled list)
Loading noise data from: results/noise_injection/by_dataset/kc1_total_Op_noise0.3.csv 
Using 106 indices for  25 % of instances
Calculate prediction
Confusion matrix
Dataset: kc1 
Fold: 5 
Method: multinom 
Noise level:  30 %
Percentage of altered instances:  30 %
Using 127 indices (first 127 from shuffled list)
Loading noise data from: results/noise_injection/by_dataset/kc1_total_Op_noise0.3.csv 
Using 127 indices for  30 % of instances
Calculate prediction
Confusion matrix
Dataset: kc1 
Fold: 5 
Method: multinom 
Noise level:  30 %
Percentage of altered instances:  40 %
Using 169 indices (first 169 from shuffled list)
Loading noise data from: results/noise_injection/by_dataset/kc1_total_Op_noise0.3.csv 
Using 169 indices for  40 % of instances
Calculate prediction
Confusion matrix
Dataset: kc1 
Fold: 5 
Method: multinom 
Noise level:  30 %
Percentage of altered instances:  50 %
Using 211 indices (first 211 from shuffled list)
Loading noise data from: results/noise_injection/by_dataset/kc1_total_Op_noise0.3.csv 
Using 211 indices for  50 % of instances
Calculate prediction
Confusion matrix
Dataset: kc1 
Fold: 5 
Method: multinom 
Noise level:  30 %
Percentage of altered instances:  60 %
Using 253 indices (first 253 from shuffled list)
Loading noise data from: results/noise_injection/by_dataset/kc1_total_Op_noise0.3.csv 
Using 253 indices for  60 % of instances
Calculate prediction
Confusion matrix
Dataset: kc1 
Fold: 5 
Method: multinom 
Noise level:  30 %
Percentage of altered instances:  70 %
Using 295 indices (first 295 from shuffled list)
Loading noise data from: results/noise_injection/by_dataset/kc1_total_Op_noise0.3.csv 
Using 295 indices for  70 % of instances
Calculate prediction
Confusion matrix
Dataset: kc1 
Fold: 5 
Method: multinom 
Noise level:  30 %
Percentage of altered instances:  75 %
Using 316 indices (first 316 from shuffled list)
Loading noise data from: results/noise_injection/by_dataset/kc1_total_Op_noise0.3.csv 
Using 316 indices for  75 % of instances
Calculate prediction
Confusion matrix
Dataset: kc1 
Fold: 5 
Method: multinom 
Noise level:  30 %
Percentage of altered instances:  80 %
Using 338 indices (first 338 from shuffled list)
Loading noise data from: results/noise_injection/by_dataset/kc1_total_Op_noise0.3.csv 
Using 338 indices for  80 % of instances
Calculate prediction
Confusion matrix
Dataset: kc1 
Fold: 5 
Method: multinom 
Noise level:  30 %
Percentage of altered instances:  90 %
Using 380 indices (first 380 from shuffled list)
Loading noise data from: results/noise_injection/by_dataset/kc1_total_Op_noise0.3.csv 
Using 380 indices for  90 % of instances
Calculate prediction
Confusion matrix
Dataset: kc1 
Fold: 5 
Method: multinom 
Noise level:  30 %
Percentage of altered instances:  100 %
Using 422 indices (first 422 from shuffled list)
Loading noise data from: results/noise_injection/by_dataset/kc1_total_Op_noise0.3.csv 
Using 422 indices for  100 % of instances
Calculate prediction
Confusion matrix
Saved results to: results/instances/train_noise/by_dataset/kc1_multinom_results.csv 
----------------
****************************
Instances altered with noise
****************************
