Current working directory: /home/chris/github/kappa-threshold 
parameters.csv exists: TRUE 
parameters.csv absolute path: /home/chris/github/kappa-threshold/data/files/parameters.csv 
Processing model: svmRadial for dataset: liver-disorders 
Loaded 69 indices for fold 1 from: results/instances/original/vectors/liver-disorders_svmRadial_all_folds.csv 

=== Training model with 10 % noise in training data ===
Critical percentage for training noise: 40 %
Loading training noise data from: results/noise_injection/by_dataset/liver-disorders_sgpt_noise0.1.csv 
Altering 110 out of 276 training instances
Dataset: liver-disorders 
Fold: 1 
Method: svmRadial 
Noise level:  10 %
Percentage of altered instances:  10 %
Using 7 indices (first 7 from shuffled list)
Loading noise data from: results/noise_injection/by_dataset/liver-disorders_sgpt_noise0.1.csv 
Using 7 indices for  10 % of instances
Calculate prediction
Confusion matrix
Dataset: liver-disorders 
Fold: 1 
Method: svmRadial 
Noise level:  10 %
Percentage of altered instances:  20 %
Using 14 indices (first 14 from shuffled list)
Loading noise data from: results/noise_injection/by_dataset/liver-disorders_sgpt_noise0.1.csv 
Using 14 indices for  20 % of instances
Calculate prediction
Confusion matrix
Dataset: liver-disorders 
Fold: 1 
Method: svmRadial 
Noise level:  10 %
Percentage of altered instances:  25 %
Using 17 indices (first 17 from shuffled list)
Loading noise data from: results/noise_injection/by_dataset/liver-disorders_sgpt_noise0.1.csv 
Using 17 indices for  25 % of instances
Calculate prediction
Confusion matrix
Dataset: liver-disorders 
Fold: 1 
Method: svmRadial 
Noise level:  10 %
Percentage of altered instances:  30 %
Using 21 indices (first 21 from shuffled list)
Loading noise data from: results/noise_injection/by_dataset/liver-disorders_sgpt_noise0.1.csv 
Using 21 indices for  30 % of instances
Calculate prediction
Confusion matrix
Dataset: liver-disorders 
Fold: 1 
Method: svmRadial 
Noise level:  10 %
Percentage of altered instances:  40 %
Using 28 indices (first 28 from shuffled list)
Loading noise data from: results/noise_injection/by_dataset/liver-disorders_sgpt_noise0.1.csv 
Using 28 indices for  40 % of instances
Calculate prediction
Confusion matrix
Dataset: liver-disorders 
Fold: 1 
Method: svmRadial 
Noise level:  10 %
Percentage of altered instances:  50 %
Using 34 indices (first 34 from shuffled list)
Loading noise data from: results/noise_injection/by_dataset/liver-disorders_sgpt_noise0.1.csv 
Using 34 indices for  50 % of instances
Calculate prediction
Confusion matrix
Dataset: liver-disorders 
Fold: 1 
Method: svmRadial 
Noise level:  10 %
Percentage of altered instances:  60 %
Using 41 indices (first 41 from shuffled list)
Loading noise data from: results/noise_injection/by_dataset/liver-disorders_sgpt_noise0.1.csv 
Using 41 indices for  60 % of instances
Calculate prediction
Confusion matrix
Dataset: liver-disorders 
Fold: 1 
Method: svmRadial 
Noise level:  10 %
Percentage of altered instances:  70 %
Using 48 indices (first 48 from shuffled list)
Loading noise data from: results/noise_injection/by_dataset/liver-disorders_sgpt_noise0.1.csv 
Using 48 indices for  70 % of instances
Calculate prediction
Confusion matrix
Dataset: liver-disorders 
Fold: 1 
Method: svmRadial 
Noise level:  10 %
Percentage of altered instances:  75 %
Using 52 indices (first 52 from shuffled list)
Loading noise data from: results/noise_injection/by_dataset/liver-disorders_sgpt_noise0.1.csv 
Using 52 indices for  75 % of instances
Calculate prediction
Confusion matrix
Dataset: liver-disorders 
Fold: 1 
Method: svmRadial 
Noise level:  10 %
Percentage of altered instances:  80 %
Using 55 indices (first 55 from shuffled list)
Loading noise data from: results/noise_injection/by_dataset/liver-disorders_sgpt_noise0.1.csv 
Using 55 indices for  80 % of instances
Calculate prediction
Confusion matrix
Dataset: liver-disorders 
Fold: 1 
Method: svmRadial 
Noise level:  10 %
Percentage of altered instances:  90 %
Using 62 indices (first 62 from shuffled list)
Loading noise data from: results/noise_injection/by_dataset/liver-disorders_sgpt_noise0.1.csv 
Using 62 indices for  90 % of instances
Calculate prediction
Confusion matrix
Dataset: liver-disorders 
Fold: 1 
Method: svmRadial 
Noise level:  10 %
Percentage of altered instances:  100 %
Using 69 indices (first 69 from shuffled list)
Loading noise data from: results/noise_injection/by_dataset/liver-disorders_sgpt_noise0.1.csv 
Using 69 indices for  100 % of instances
Calculate prediction
Confusion matrix

=== Training model with 20 % noise in training data ===
Critical percentage for training noise: 30 %
Loading training noise data from: results/noise_injection/by_dataset/liver-disorders_sgpt_noise0.2.csv 
Altering 83 out of 276 training instances
Dataset: liver-disorders 
Fold: 1 
Method: svmRadial 
Noise level:  20 %
Percentage of altered instances:  10 %
Using 7 indices (first 7 from shuffled list)
Loading noise data from: results/noise_injection/by_dataset/liver-disorders_sgpt_noise0.2.csv 
Using 7 indices for  10 % of instances
Calculate prediction
Confusion matrix
Dataset: liver-disorders 
Fold: 1 
Method: svmRadial 
Noise level:  20 %
Percentage of altered instances:  20 %
Using 14 indices (first 14 from shuffled list)
Loading noise data from: results/noise_injection/by_dataset/liver-disorders_sgpt_noise0.2.csv 
Using 14 indices for  20 % of instances
Calculate prediction
Confusion matrix
Dataset: liver-disorders 
Fold: 1 
Method: svmRadial 
Noise level:  20 %
Percentage of altered instances:  25 %
Using 17 indices (first 17 from shuffled list)
Loading noise data from: results/noise_injection/by_dataset/liver-disorders_sgpt_noise0.2.csv 
Using 17 indices for  25 % of instances
Calculate prediction
Confusion matrix
Dataset: liver-disorders 
Fold: 1 
Method: svmRadial 
Noise level:  20 %
Percentage of altered instances:  30 %
Using 21 indices (first 21 from shuffled list)
Loading noise data from: results/noise_injection/by_dataset/liver-disorders_sgpt_noise0.2.csv 
Using 21 indices for  30 % of instances
Calculate prediction
Confusion matrix
Dataset: liver-disorders 
Fold: 1 
Method: svmRadial 
Noise level:  20 %
Percentage of altered instances:  40 %
Using 28 indices (first 28 from shuffled list)
Loading noise data from: results/noise_injection/by_dataset/liver-disorders_sgpt_noise0.2.csv 
Using 28 indices for  40 % of instances
Calculate prediction
Confusion matrix
Dataset: liver-disorders 
Fold: 1 
Method: svmRadial 
Noise level:  20 %
Percentage of altered instances:  50 %
Using 34 indices (first 34 from shuffled list)
Loading noise data from: results/noise_injection/by_dataset/liver-disorders_sgpt_noise0.2.csv 
Using 34 indices for  50 % of instances
Calculate prediction
Confusion matrix
Dataset: liver-disorders 
Fold: 1 
Method: svmRadial 
Noise level:  20 %
Percentage of altered instances:  60 %
Using 41 indices (first 41 from shuffled list)
Loading noise data from: results/noise_injection/by_dataset/liver-disorders_sgpt_noise0.2.csv 
Using 41 indices for  60 % of instances
Calculate prediction
Confusion matrix
Dataset: liver-disorders 
Fold: 1 
Method: svmRadial 
Noise level:  20 %
Percentage of altered instances:  70 %
Using 48 indices (first 48 from shuffled list)
Loading noise data from: results/noise_injection/by_dataset/liver-disorders_sgpt_noise0.2.csv 
Using 48 indices for  70 % of instances
Calculate prediction
Confusion matrix
Dataset: liver-disorders 
Fold: 1 
Method: svmRadial 
Noise level:  20 %
Percentage of altered instances:  75 %
Using 52 indices (first 52 from shuffled list)
Loading noise data from: results/noise_injection/by_dataset/liver-disorders_sgpt_noise0.2.csv 
Using 52 indices for  75 % of instances
Calculate prediction
Confusion matrix
Dataset: liver-disorders 
Fold: 1 
Method: svmRadial 
Noise level:  20 %
Percentage of altered instances:  80 %
Using 55 indices (first 55 from shuffled list)
Loading noise data from: results/noise_injection/by_dataset/liver-disorders_sgpt_noise0.2.csv 
Using 55 indices for  80 % of instances
Calculate prediction
Confusion matrix
Dataset: liver-disorders 
Fold: 1 
Method: svmRadial 
Noise level:  20 %
Percentage of altered instances:  90 %
Using 62 indices (first 62 from shuffled list)
Loading noise data from: results/noise_injection/by_dataset/liver-disorders_sgpt_noise0.2.csv 
Using 62 indices for  90 % of instances
Calculate prediction
Confusion matrix
Dataset: liver-disorders 
Fold: 1 
Method: svmRadial 
Noise level:  20 %
Percentage of altered instances:  100 %
Using 69 indices (first 69 from shuffled list)
Loading noise data from: results/noise_injection/by_dataset/liver-disorders_sgpt_noise0.2.csv 
Using 69 indices for  100 % of instances
Calculate prediction
Confusion matrix

=== Training model with 30 % noise in training data ===
Critical percentage for training noise: 25 %
Loading training noise data from: results/noise_injection/by_dataset/liver-disorders_sgpt_noise0.3.csv 
Altering 69 out of 276 training instances
Dataset: liver-disorders 
Fold: 1 
Method: svmRadial 
Noise level:  30 %
Percentage of altered instances:  10 %
Using 7 indices (first 7 from shuffled list)
Loading noise data from: results/noise_injection/by_dataset/liver-disorders_sgpt_noise0.3.csv 
Using 7 indices for  10 % of instances
Calculate prediction
Confusion matrix
Dataset: liver-disorders 
Fold: 1 
Method: svmRadial 
Noise level:  30 %
Percentage of altered instances:  20 %
Using 14 indices (first 14 from shuffled list)
Loading noise data from: results/noise_injection/by_dataset/liver-disorders_sgpt_noise0.3.csv 
Using 14 indices for  20 % of instances
Calculate prediction
Confusion matrix
Dataset: liver-disorders 
Fold: 1 
Method: svmRadial 
Noise level:  30 %
Percentage of altered instances:  25 %
Using 17 indices (first 17 from shuffled list)
Loading noise data from: results/noise_injection/by_dataset/liver-disorders_sgpt_noise0.3.csv 
Using 17 indices for  25 % of instances
Calculate prediction
Confusion matrix
Dataset: liver-disorders 
Fold: 1 
Method: svmRadial 
Noise level:  30 %
Percentage of altered instances:  30 %
Using 21 indices (first 21 from shuffled list)
Loading noise data from: results/noise_injection/by_dataset/liver-disorders_sgpt_noise0.3.csv 
Using 21 indices for  30 % of instances
Calculate prediction
Confusion matrix
Dataset: liver-disorders 
Fold: 1 
Method: svmRadial 
Noise level:  30 %
Percentage of altered instances:  40 %
Using 28 indices (first 28 from shuffled list)
Loading noise data from: results/noise_injection/by_dataset/liver-disorders_sgpt_noise0.3.csv 
Using 28 indices for  40 % of instances
Calculate prediction
Confusion matrix
Dataset: liver-disorders 
Fold: 1 
Method: svmRadial 
Noise level:  30 %
Percentage of altered instances:  50 %
Using 34 indices (first 34 from shuffled list)
Loading noise data from: results/noise_injection/by_dataset/liver-disorders_sgpt_noise0.3.csv 
Using 34 indices for  50 % of instances
Calculate prediction
Confusion matrix
Dataset: liver-disorders 
Fold: 1 
Method: svmRadial 
Noise level:  30 %
Percentage of altered instances:  60 %
Using 41 indices (first 41 from shuffled list)
Loading noise data from: results/noise_injection/by_dataset/liver-disorders_sgpt_noise0.3.csv 
Using 41 indices for  60 % of instances
Calculate prediction
Confusion matrix
Dataset: liver-disorders 
Fold: 1 
Method: svmRadial 
Noise level:  30 %
Percentage of altered instances:  70 %
Using 48 indices (first 48 from shuffled list)
Loading noise data from: results/noise_injection/by_dataset/liver-disorders_sgpt_noise0.3.csv 
Using 48 indices for  70 % of instances
Calculate prediction
Confusion matrix
Dataset: liver-disorders 
Fold: 1 
Method: svmRadial 
Noise level:  30 %
Percentage of altered instances:  75 %
Using 52 indices (first 52 from shuffled list)
Loading noise data from: results/noise_injection/by_dataset/liver-disorders_sgpt_noise0.3.csv 
Using 52 indices for  75 % of instances
Calculate prediction
Confusion matrix
Dataset: liver-disorders 
Fold: 1 
Method: svmRadial 
Noise level:  30 %
Percentage of altered instances:  80 %
Using 55 indices (first 55 from shuffled list)
Loading noise data from: results/noise_injection/by_dataset/liver-disorders_sgpt_noise0.3.csv 
Using 55 indices for  80 % of instances
Calculate prediction
Confusion matrix
Dataset: liver-disorders 
Fold: 1 
Method: svmRadial 
Noise level:  30 %
Percentage of altered instances:  90 %
Using 62 indices (first 62 from shuffled list)
Loading noise data from: results/noise_injection/by_dataset/liver-disorders_sgpt_noise0.3.csv 
Using 62 indices for  90 % of instances
Calculate prediction
Confusion matrix
Dataset: liver-disorders 
Fold: 1 
Method: svmRadial 
Noise level:  30 %
Percentage of altered instances:  100 %
Using 69 indices (first 69 from shuffled list)
Loading noise data from: results/noise_injection/by_dataset/liver-disorders_sgpt_noise0.3.csv 
Using 69 indices for  100 % of instances
Calculate prediction
Confusion matrix
Loaded 69 indices for fold 2 from: results/instances/original/vectors/liver-disorders_svmRadial_all_folds.csv 

=== Training model with 10 % noise in training data ===
Critical percentage for training noise: 40 %
Loading training noise data from: results/noise_injection/by_dataset/liver-disorders_sgpt_noise0.1.csv 
Altering 110 out of 276 training instances
Dataset: liver-disorders 
Fold: 2 
Method: svmRadial 
Noise level:  10 %
Percentage of altered instances:  10 %
Using 7 indices (first 7 from shuffled list)
Loading noise data from: results/noise_injection/by_dataset/liver-disorders_sgpt_noise0.1.csv 
Using 7 indices for  10 % of instances
Calculate prediction
Confusion matrix
Dataset: liver-disorders 
Fold: 2 
Method: svmRadial 
Noise level:  10 %
Percentage of altered instances:  20 %
Using 14 indices (first 14 from shuffled list)
Loading noise data from: results/noise_injection/by_dataset/liver-disorders_sgpt_noise0.1.csv 
Using 14 indices for  20 % of instances
Calculate prediction
Confusion matrix
Dataset: liver-disorders 
Fold: 2 
Method: svmRadial 
Noise level:  10 %
Percentage of altered instances:  25 %
Using 17 indices (first 17 from shuffled list)
Loading noise data from: results/noise_injection/by_dataset/liver-disorders_sgpt_noise0.1.csv 
Using 17 indices for  25 % of instances
Calculate prediction
Confusion matrix
Dataset: liver-disorders 
Fold: 2 
Method: svmRadial 
Noise level:  10 %
Percentage of altered instances:  30 %
Using 21 indices (first 21 from shuffled list)
Loading noise data from: results/noise_injection/by_dataset/liver-disorders_sgpt_noise0.1.csv 
Using 21 indices for  30 % of instances
Calculate prediction
Confusion matrix
Dataset: liver-disorders 
Fold: 2 
Method: svmRadial 
Noise level:  10 %
Percentage of altered instances:  40 %
Using 28 indices (first 28 from shuffled list)
Loading noise data from: results/noise_injection/by_dataset/liver-disorders_sgpt_noise0.1.csv 
Using 28 indices for  40 % of instances
Calculate prediction
Confusion matrix
Dataset: liver-disorders 
Fold: 2 
Method: svmRadial 
Noise level:  10 %
Percentage of altered instances:  50 %
Using 34 indices (first 34 from shuffled list)
Loading noise data from: results/noise_injection/by_dataset/liver-disorders_sgpt_noise0.1.csv 
Using 34 indices for  50 % of instances
Calculate prediction
Confusion matrix
Dataset: liver-disorders 
Fold: 2 
Method: svmRadial 
Noise level:  10 %
Percentage of altered instances:  60 %
Using 41 indices (first 41 from shuffled list)
Loading noise data from: results/noise_injection/by_dataset/liver-disorders_sgpt_noise0.1.csv 
Using 41 indices for  60 % of instances
Calculate prediction
Confusion matrix
Dataset: liver-disorders 
Fold: 2 
Method: svmRadial 
Noise level:  10 %
Percentage of altered instances:  70 %
Using 48 indices (first 48 from shuffled list)
Loading noise data from: results/noise_injection/by_dataset/liver-disorders_sgpt_noise0.1.csv 
Using 48 indices for  70 % of instances
Calculate prediction
Confusion matrix
Dataset: liver-disorders 
Fold: 2 
Method: svmRadial 
Noise level:  10 %
Percentage of altered instances:  75 %
Using 52 indices (first 52 from shuffled list)
Loading noise data from: results/noise_injection/by_dataset/liver-disorders_sgpt_noise0.1.csv 
Using 52 indices for  75 % of instances
Calculate prediction
Confusion matrix
Dataset: liver-disorders 
Fold: 2 
Method: svmRadial 
Noise level:  10 %
Percentage of altered instances:  80 %
Using 55 indices (first 55 from shuffled list)
Loading noise data from: results/noise_injection/by_dataset/liver-disorders_sgpt_noise0.1.csv 
Using 55 indices for  80 % of instances
Calculate prediction
Confusion matrix
Dataset: liver-disorders 
Fold: 2 
Method: svmRadial 
Noise level:  10 %
Percentage of altered instances:  90 %
Using 62 indices (first 62 from shuffled list)
Loading noise data from: results/noise_injection/by_dataset/liver-disorders_sgpt_noise0.1.csv 
Using 62 indices for  90 % of instances
Calculate prediction
Confusion matrix
Dataset: liver-disorders 
Fold: 2 
Method: svmRadial 
Noise level:  10 %
Percentage of altered instances:  100 %
Using 69 indices (first 69 from shuffled list)
Loading noise data from: results/noise_injection/by_dataset/liver-disorders_sgpt_noise0.1.csv 
Using 69 indices for  100 % of instances
Calculate prediction
Confusion matrix

=== Training model with 20 % noise in training data ===
Critical percentage for training noise: 30 %
Loading training noise data from: results/noise_injection/by_dataset/liver-disorders_sgpt_noise0.2.csv 
Altering 83 out of 276 training instances
Dataset: liver-disorders 
Fold: 2 
Method: svmRadial 
Noise level:  20 %
Percentage of altered instances:  10 %
Using 7 indices (first 7 from shuffled list)
Loading noise data from: results/noise_injection/by_dataset/liver-disorders_sgpt_noise0.2.csv 
Using 7 indices for  10 % of instances
Calculate prediction
Confusion matrix
Dataset: liver-disorders 
Fold: 2 
Method: svmRadial 
Noise level:  20 %
Percentage of altered instances:  20 %
Using 14 indices (first 14 from shuffled list)
Loading noise data from: results/noise_injection/by_dataset/liver-disorders_sgpt_noise0.2.csv 
Using 14 indices for  20 % of instances
Calculate prediction
Confusion matrix
Dataset: liver-disorders 
Fold: 2 
Method: svmRadial 
Noise level:  20 %
Percentage of altered instances:  25 %
Using 17 indices (first 17 from shuffled list)
Loading noise data from: results/noise_injection/by_dataset/liver-disorders_sgpt_noise0.2.csv 
Using 17 indices for  25 % of instances
Calculate prediction
Confusion matrix
Dataset: liver-disorders 
Fold: 2 
Method: svmRadial 
Noise level:  20 %
Percentage of altered instances:  30 %
Using 21 indices (first 21 from shuffled list)
Loading noise data from: results/noise_injection/by_dataset/liver-disorders_sgpt_noise0.2.csv 
Using 21 indices for  30 % of instances
Calculate prediction
Confusion matrix
Dataset: liver-disorders 
Fold: 2 
Method: svmRadial 
Noise level:  20 %
Percentage of altered instances:  40 %
Using 28 indices (first 28 from shuffled list)
Loading noise data from: results/noise_injection/by_dataset/liver-disorders_sgpt_noise0.2.csv 
Using 28 indices for  40 % of instances
Calculate prediction
Confusion matrix
Dataset: liver-disorders 
Fold: 2 
Method: svmRadial 
Noise level:  20 %
Percentage of altered instances:  50 %
Using 34 indices (first 34 from shuffled list)
Loading noise data from: results/noise_injection/by_dataset/liver-disorders_sgpt_noise0.2.csv 
Using 34 indices for  50 % of instances
Calculate prediction
Confusion matrix
Dataset: liver-disorders 
Fold: 2 
Method: svmRadial 
Noise level:  20 %
Percentage of altered instances:  60 %
Using 41 indices (first 41 from shuffled list)
Loading noise data from: results/noise_injection/by_dataset/liver-disorders_sgpt_noise0.2.csv 
Using 41 indices for  60 % of instances
Calculate prediction
Confusion matrix
Dataset: liver-disorders 
Fold: 2 
Method: svmRadial 
Noise level:  20 %
Percentage of altered instances:  70 %
Using 48 indices (first 48 from shuffled list)
Loading noise data from: results/noise_injection/by_dataset/liver-disorders_sgpt_noise0.2.csv 
Using 48 indices for  70 % of instances
Calculate prediction
Confusion matrix
Dataset: liver-disorders 
Fold: 2 
Method: svmRadial 
Noise level:  20 %
Percentage of altered instances:  75 %
Using 52 indices (first 52 from shuffled list)
Loading noise data from: results/noise_injection/by_dataset/liver-disorders_sgpt_noise0.2.csv 
Using 52 indices for  75 % of instances
Calculate prediction
Confusion matrix
Dataset: liver-disorders 
Fold: 2 
Method: svmRadial 
Noise level:  20 %
Percentage of altered instances:  80 %
Using 55 indices (first 55 from shuffled list)
Loading noise data from: results/noise_injection/by_dataset/liver-disorders_sgpt_noise0.2.csv 
Using 55 indices for  80 % of instances
Calculate prediction
Confusion matrix
Dataset: liver-disorders 
Fold: 2 
Method: svmRadial 
Noise level:  20 %
Percentage of altered instances:  90 %
Using 62 indices (first 62 from shuffled list)
Loading noise data from: results/noise_injection/by_dataset/liver-disorders_sgpt_noise0.2.csv 
Using 62 indices for  90 % of instances
Calculate prediction
Confusion matrix
Dataset: liver-disorders 
Fold: 2 
Method: svmRadial 
Noise level:  20 %
Percentage of altered instances:  100 %
Using 69 indices (first 69 from shuffled list)
Loading noise data from: results/noise_injection/by_dataset/liver-disorders_sgpt_noise0.2.csv 
Using 69 indices for  100 % of instances
Calculate prediction
Confusion matrix

=== Training model with 30 % noise in training data ===
Critical percentage for training noise: 25 %
Loading training noise data from: results/noise_injection/by_dataset/liver-disorders_sgpt_noise0.3.csv 
Altering 69 out of 276 training instances
Dataset: liver-disorders 
Fold: 2 
Method: svmRadial 
Noise level:  30 %
Percentage of altered instances:  10 %
Using 7 indices (first 7 from shuffled list)
Loading noise data from: results/noise_injection/by_dataset/liver-disorders_sgpt_noise0.3.csv 
Using 7 indices for  10 % of instances
Calculate prediction
Confusion matrix
Dataset: liver-disorders 
Fold: 2 
Method: svmRadial 
Noise level:  30 %
Percentage of altered instances:  20 %
Using 14 indices (first 14 from shuffled list)
Loading noise data from: results/noise_injection/by_dataset/liver-disorders_sgpt_noise0.3.csv 
Using 14 indices for  20 % of instances
Calculate prediction
Confusion matrix
Dataset: liver-disorders 
Fold: 2 
Method: svmRadial 
Noise level:  30 %
Percentage of altered instances:  25 %
Using 17 indices (first 17 from shuffled list)
Loading noise data from: results/noise_injection/by_dataset/liver-disorders_sgpt_noise0.3.csv 
Using 17 indices for  25 % of instances
Calculate prediction
Confusion matrix
Dataset: liver-disorders 
Fold: 2 
Method: svmRadial 
Noise level:  30 %
Percentage of altered instances:  30 %
Using 21 indices (first 21 from shuffled list)
Loading noise data from: results/noise_injection/by_dataset/liver-disorders_sgpt_noise0.3.csv 
Using 21 indices for  30 % of instances
Calculate prediction
Confusion matrix
Dataset: liver-disorders 
Fold: 2 
Method: svmRadial 
Noise level:  30 %
Percentage of altered instances:  40 %
Using 28 indices (first 28 from shuffled list)
Loading noise data from: results/noise_injection/by_dataset/liver-disorders_sgpt_noise0.3.csv 
Using 28 indices for  40 % of instances
Calculate prediction
Confusion matrix
Dataset: liver-disorders 
Fold: 2 
Method: svmRadial 
Noise level:  30 %
Percentage of altered instances:  50 %
Using 34 indices (first 34 from shuffled list)
Loading noise data from: results/noise_injection/by_dataset/liver-disorders_sgpt_noise0.3.csv 
Using 34 indices for  50 % of instances
Calculate prediction
Confusion matrix
Dataset: liver-disorders 
Fold: 2 
Method: svmRadial 
Noise level:  30 %
Percentage of altered instances:  60 %
Using 41 indices (first 41 from shuffled list)
Loading noise data from: results/noise_injection/by_dataset/liver-disorders_sgpt_noise0.3.csv 
Using 41 indices for  60 % of instances
Calculate prediction
Confusion matrix
Dataset: liver-disorders 
Fold: 2 
Method: svmRadial 
Noise level:  30 %
Percentage of altered instances:  70 %
Using 48 indices (first 48 from shuffled list)
Loading noise data from: results/noise_injection/by_dataset/liver-disorders_sgpt_noise0.3.csv 
Using 48 indices for  70 % of instances
Calculate prediction
Confusion matrix
Dataset: liver-disorders 
Fold: 2 
Method: svmRadial 
Noise level:  30 %
Percentage of altered instances:  75 %
Using 52 indices (first 52 from shuffled list)
Loading noise data from: results/noise_injection/by_dataset/liver-disorders_sgpt_noise0.3.csv 
Using 52 indices for  75 % of instances
Calculate prediction
Confusion matrix
Dataset: liver-disorders 
Fold: 2 
Method: svmRadial 
Noise level:  30 %
Percentage of altered instances:  80 %
Using 55 indices (first 55 from shuffled list)
Loading noise data from: results/noise_injection/by_dataset/liver-disorders_sgpt_noise0.3.csv 
Using 55 indices for  80 % of instances
Calculate prediction
Confusion matrix
Dataset: liver-disorders 
Fold: 2 
Method: svmRadial 
Noise level:  30 %
Percentage of altered instances:  90 %
Using 62 indices (first 62 from shuffled list)
Loading noise data from: results/noise_injection/by_dataset/liver-disorders_sgpt_noise0.3.csv 
Using 62 indices for  90 % of instances
Calculate prediction
Confusion matrix
Dataset: liver-disorders 
Fold: 2 
Method: svmRadial 
Noise level:  30 %
Percentage of altered instances:  100 %
Using 69 indices (first 69 from shuffled list)
Loading noise data from: results/noise_injection/by_dataset/liver-disorders_sgpt_noise0.3.csv 
Using 69 indices for  100 % of instances
Calculate prediction
Confusion matrix
Loaded 69 indices for fold 3 from: results/instances/original/vectors/liver-disorders_svmRadial_all_folds.csv 

=== Training model with 10 % noise in training data ===
Critical percentage for training noise: 40 %
Loading training noise data from: results/noise_injection/by_dataset/liver-disorders_sgpt_noise0.1.csv 
Altering 110 out of 276 training instances
Dataset: liver-disorders 
Fold: 3 
Method: svmRadial 
Noise level:  10 %
Percentage of altered instances:  10 %
Using 7 indices (first 7 from shuffled list)
Loading noise data from: results/noise_injection/by_dataset/liver-disorders_sgpt_noise0.1.csv 
Using 7 indices for  10 % of instances
Calculate prediction
Confusion matrix
Dataset: liver-disorders 
Fold: 3 
Method: svmRadial 
Noise level:  10 %
Percentage of altered instances:  20 %
Using 14 indices (first 14 from shuffled list)
Loading noise data from: results/noise_injection/by_dataset/liver-disorders_sgpt_noise0.1.csv 
Using 14 indices for  20 % of instances
Calculate prediction
Confusion matrix
Dataset: liver-disorders 
Fold: 3 
Method: svmRadial 
Noise level:  10 %
Percentage of altered instances:  25 %
Using 17 indices (first 17 from shuffled list)
Loading noise data from: results/noise_injection/by_dataset/liver-disorders_sgpt_noise0.1.csv 
Using 17 indices for  25 % of instances
Calculate prediction
Confusion matrix
Dataset: liver-disorders 
Fold: 3 
Method: svmRadial 
Noise level:  10 %
Percentage of altered instances:  30 %
Using 21 indices (first 21 from shuffled list)
Loading noise data from: results/noise_injection/by_dataset/liver-disorders_sgpt_noise0.1.csv 
Using 21 indices for  30 % of instances
Calculate prediction
Confusion matrix
Dataset: liver-disorders 
Fold: 3 
Method: svmRadial 
Noise level:  10 %
Percentage of altered instances:  40 %
Using 28 indices (first 28 from shuffled list)
Loading noise data from: results/noise_injection/by_dataset/liver-disorders_sgpt_noise0.1.csv 
Using 28 indices for  40 % of instances
Calculate prediction
Confusion matrix
Dataset: liver-disorders 
Fold: 3 
Method: svmRadial 
Noise level:  10 %
Percentage of altered instances:  50 %
Using 34 indices (first 34 from shuffled list)
Loading noise data from: results/noise_injection/by_dataset/liver-disorders_sgpt_noise0.1.csv 
Using 34 indices for  50 % of instances
Calculate prediction
Confusion matrix
Dataset: liver-disorders 
Fold: 3 
Method: svmRadial 
Noise level:  10 %
Percentage of altered instances:  60 %
Using 41 indices (first 41 from shuffled list)
Loading noise data from: results/noise_injection/by_dataset/liver-disorders_sgpt_noise0.1.csv 
Using 41 indices for  60 % of instances
Calculate prediction
Confusion matrix
Dataset: liver-disorders 
Fold: 3 
Method: svmRadial 
Noise level:  10 %
Percentage of altered instances:  70 %
Using 48 indices (first 48 from shuffled list)
Loading noise data from: results/noise_injection/by_dataset/liver-disorders_sgpt_noise0.1.csv 
Using 48 indices for  70 % of instances
Calculate prediction
Confusion matrix
Dataset: liver-disorders 
Fold: 3 
Method: svmRadial 
Noise level:  10 %
Percentage of altered instances:  75 %
Using 52 indices (first 52 from shuffled list)
Loading noise data from: results/noise_injection/by_dataset/liver-disorders_sgpt_noise0.1.csv 
Using 52 indices for  75 % of instances
Calculate prediction
Confusion matrix
Dataset: liver-disorders 
Fold: 3 
Method: svmRadial 
Noise level:  10 %
Percentage of altered instances:  80 %
Using 55 indices (first 55 from shuffled list)
Loading noise data from: results/noise_injection/by_dataset/liver-disorders_sgpt_noise0.1.csv 
Using 55 indices for  80 % of instances
Calculate prediction
Confusion matrix
Dataset: liver-disorders 
Fold: 3 
Method: svmRadial 
Noise level:  10 %
Percentage of altered instances:  90 %
Using 62 indices (first 62 from shuffled list)
Loading noise data from: results/noise_injection/by_dataset/liver-disorders_sgpt_noise0.1.csv 
Using 62 indices for  90 % of instances
Calculate prediction
Confusion matrix
Dataset: liver-disorders 
Fold: 3 
Method: svmRadial 
Noise level:  10 %
Percentage of altered instances:  100 %
Using 69 indices (first 69 from shuffled list)
Loading noise data from: results/noise_injection/by_dataset/liver-disorders_sgpt_noise0.1.csv 
Using 69 indices for  100 % of instances
Calculate prediction
Confusion matrix

=== Training model with 20 % noise in training data ===
Critical percentage for training noise: 30 %
Loading training noise data from: results/noise_injection/by_dataset/liver-disorders_sgpt_noise0.2.csv 
Altering 83 out of 276 training instances
Dataset: liver-disorders 
Fold: 3 
Method: svmRadial 
Noise level:  20 %
Percentage of altered instances:  10 %
Using 7 indices (first 7 from shuffled list)
Loading noise data from: results/noise_injection/by_dataset/liver-disorders_sgpt_noise0.2.csv 
Using 7 indices for  10 % of instances
Calculate prediction
Confusion matrix
Dataset: liver-disorders 
Fold: 3 
Method: svmRadial 
Noise level:  20 %
Percentage of altered instances:  20 %
Using 14 indices (first 14 from shuffled list)
Loading noise data from: results/noise_injection/by_dataset/liver-disorders_sgpt_noise0.2.csv 
Using 14 indices for  20 % of instances
Calculate prediction
Confusion matrix
Dataset: liver-disorders 
Fold: 3 
Method: svmRadial 
Noise level:  20 %
Percentage of altered instances:  25 %
Using 17 indices (first 17 from shuffled list)
Loading noise data from: results/noise_injection/by_dataset/liver-disorders_sgpt_noise0.2.csv 
Using 17 indices for  25 % of instances
Calculate prediction
Confusion matrix
Dataset: liver-disorders 
Fold: 3 
Method: svmRadial 
Noise level:  20 %
Percentage of altered instances:  30 %
Using 21 indices (first 21 from shuffled list)
Loading noise data from: results/noise_injection/by_dataset/liver-disorders_sgpt_noise0.2.csv 
Using 21 indices for  30 % of instances
Calculate prediction
Confusion matrix
Dataset: liver-disorders 
Fold: 3 
Method: svmRadial 
Noise level:  20 %
Percentage of altered instances:  40 %
Using 28 indices (first 28 from shuffled list)
Loading noise data from: results/noise_injection/by_dataset/liver-disorders_sgpt_noise0.2.csv 
Using 28 indices for  40 % of instances
Calculate prediction
Confusion matrix
Dataset: liver-disorders 
Fold: 3 
Method: svmRadial 
Noise level:  20 %
Percentage of altered instances:  50 %
Using 34 indices (first 34 from shuffled list)
Loading noise data from: results/noise_injection/by_dataset/liver-disorders_sgpt_noise0.2.csv 
Using 34 indices for  50 % of instances
Calculate prediction
Confusion matrix
Dataset: liver-disorders 
Fold: 3 
Method: svmRadial 
Noise level:  20 %
Percentage of altered instances:  60 %
Using 41 indices (first 41 from shuffled list)
Loading noise data from: results/noise_injection/by_dataset/liver-disorders_sgpt_noise0.2.csv 
Using 41 indices for  60 % of instances
Calculate prediction
Confusion matrix
Dataset: liver-disorders 
Fold: 3 
Method: svmRadial 
Noise level:  20 %
Percentage of altered instances:  70 %
Using 48 indices (first 48 from shuffled list)
Loading noise data from: results/noise_injection/by_dataset/liver-disorders_sgpt_noise0.2.csv 
Using 48 indices for  70 % of instances
Calculate prediction
Confusion matrix
Dataset: liver-disorders 
Fold: 3 
Method: svmRadial 
Noise level:  20 %
Percentage of altered instances:  75 %
Using 52 indices (first 52 from shuffled list)
Loading noise data from: results/noise_injection/by_dataset/liver-disorders_sgpt_noise0.2.csv 
Using 52 indices for  75 % of instances
Calculate prediction
Confusion matrix
Dataset: liver-disorders 
Fold: 3 
Method: svmRadial 
Noise level:  20 %
Percentage of altered instances:  80 %
Using 55 indices (first 55 from shuffled list)
Loading noise data from: results/noise_injection/by_dataset/liver-disorders_sgpt_noise0.2.csv 
Using 55 indices for  80 % of instances
Calculate prediction
Confusion matrix
Dataset: liver-disorders 
Fold: 3 
Method: svmRadial 
Noise level:  20 %
Percentage of altered instances:  90 %
Using 62 indices (first 62 from shuffled list)
Loading noise data from: results/noise_injection/by_dataset/liver-disorders_sgpt_noise0.2.csv 
Using 62 indices for  90 % of instances
Calculate prediction
Confusion matrix
Dataset: liver-disorders 
Fold: 3 
Method: svmRadial 
Noise level:  20 %
Percentage of altered instances:  100 %
Using 69 indices (first 69 from shuffled list)
Loading noise data from: results/noise_injection/by_dataset/liver-disorders_sgpt_noise0.2.csv 
Using 69 indices for  100 % of instances
Calculate prediction
Confusion matrix

=== Training model with 30 % noise in training data ===
Critical percentage for training noise: 25 %
Loading training noise data from: results/noise_injection/by_dataset/liver-disorders_sgpt_noise0.3.csv 
Altering 69 out of 276 training instances
Dataset: liver-disorders 
Fold: 3 
Method: svmRadial 
Noise level:  30 %
Percentage of altered instances:  10 %
Using 7 indices (first 7 from shuffled list)
Loading noise data from: results/noise_injection/by_dataset/liver-disorders_sgpt_noise0.3.csv 
Using 7 indices for  10 % of instances
Calculate prediction
Confusion matrix
Dataset: liver-disorders 
Fold: 3 
Method: svmRadial 
Noise level:  30 %
Percentage of altered instances:  20 %
Using 14 indices (first 14 from shuffled list)
Loading noise data from: results/noise_injection/by_dataset/liver-disorders_sgpt_noise0.3.csv 
Using 14 indices for  20 % of instances
Calculate prediction
Confusion matrix
Dataset: liver-disorders 
Fold: 3 
Method: svmRadial 
Noise level:  30 %
Percentage of altered instances:  25 %
Using 17 indices (first 17 from shuffled list)
Loading noise data from: results/noise_injection/by_dataset/liver-disorders_sgpt_noise0.3.csv 
Using 17 indices for  25 % of instances
Calculate prediction
Confusion matrix
Dataset: liver-disorders 
Fold: 3 
Method: svmRadial 
Noise level:  30 %
Percentage of altered instances:  30 %
Using 21 indices (first 21 from shuffled list)
Loading noise data from: results/noise_injection/by_dataset/liver-disorders_sgpt_noise0.3.csv 
Using 21 indices for  30 % of instances
Calculate prediction
Confusion matrix
Dataset: liver-disorders 
Fold: 3 
Method: svmRadial 
Noise level:  30 %
Percentage of altered instances:  40 %
Using 28 indices (first 28 from shuffled list)
Loading noise data from: results/noise_injection/by_dataset/liver-disorders_sgpt_noise0.3.csv 
Using 28 indices for  40 % of instances
Calculate prediction
Confusion matrix
Dataset: liver-disorders 
Fold: 3 
Method: svmRadial 
Noise level:  30 %
Percentage of altered instances:  50 %
Using 34 indices (first 34 from shuffled list)
Loading noise data from: results/noise_injection/by_dataset/liver-disorders_sgpt_noise0.3.csv 
Using 34 indices for  50 % of instances
Calculate prediction
Confusion matrix
Dataset: liver-disorders 
Fold: 3 
Method: svmRadial 
Noise level:  30 %
Percentage of altered instances:  60 %
Using 41 indices (first 41 from shuffled list)
Loading noise data from: results/noise_injection/by_dataset/liver-disorders_sgpt_noise0.3.csv 
Using 41 indices for  60 % of instances
Calculate prediction
Confusion matrix
Dataset: liver-disorders 
Fold: 3 
Method: svmRadial 
Noise level:  30 %
Percentage of altered instances:  70 %
Using 48 indices (first 48 from shuffled list)
Loading noise data from: results/noise_injection/by_dataset/liver-disorders_sgpt_noise0.3.csv 
Using 48 indices for  70 % of instances
Calculate prediction
Confusion matrix
Dataset: liver-disorders 
Fold: 3 
Method: svmRadial 
Noise level:  30 %
Percentage of altered instances:  75 %
Using 52 indices (first 52 from shuffled list)
Loading noise data from: results/noise_injection/by_dataset/liver-disorders_sgpt_noise0.3.csv 
Using 52 indices for  75 % of instances
Calculate prediction
Confusion matrix
Dataset: liver-disorders 
Fold: 3 
Method: svmRadial 
Noise level:  30 %
Percentage of altered instances:  80 %
Using 55 indices (first 55 from shuffled list)
Loading noise data from: results/noise_injection/by_dataset/liver-disorders_sgpt_noise0.3.csv 
Using 55 indices for  80 % of instances
Calculate prediction
Confusion matrix
Dataset: liver-disorders 
Fold: 3 
Method: svmRadial 
Noise level:  30 %
Percentage of altered instances:  90 %
Using 62 indices (first 62 from shuffled list)
Loading noise data from: results/noise_injection/by_dataset/liver-disorders_sgpt_noise0.3.csv 
Using 62 indices for  90 % of instances
Calculate prediction
Confusion matrix
Dataset: liver-disorders 
Fold: 3 
Method: svmRadial 
Noise level:  30 %
Percentage of altered instances:  100 %
Using 69 indices (first 69 from shuffled list)
Loading noise data from: results/noise_injection/by_dataset/liver-disorders_sgpt_noise0.3.csv 
Using 69 indices for  100 % of instances
Calculate prediction
Confusion matrix
Loaded 69 indices for fold 4 from: results/instances/original/vectors/liver-disorders_svmRadial_all_folds.csv 

=== Training model with 10 % noise in training data ===
Critical percentage for training noise: 40 %
Loading training noise data from: results/noise_injection/by_dataset/liver-disorders_sgpt_noise0.1.csv 
Altering 110 out of 276 training instances
Dataset: liver-disorders 
Fold: 4 
Method: svmRadial 
Noise level:  10 %
Percentage of altered instances:  10 %
Using 7 indices (first 7 from shuffled list)
Loading noise data from: results/noise_injection/by_dataset/liver-disorders_sgpt_noise0.1.csv 
Using 7 indices for  10 % of instances
Calculate prediction
Confusion matrix
Dataset: liver-disorders 
Fold: 4 
Method: svmRadial 
Noise level:  10 %
Percentage of altered instances:  20 %
Using 14 indices (first 14 from shuffled list)
Loading noise data from: results/noise_injection/by_dataset/liver-disorders_sgpt_noise0.1.csv 
Using 14 indices for  20 % of instances
Calculate prediction
Confusion matrix
Dataset: liver-disorders 
Fold: 4 
Method: svmRadial 
Noise level:  10 %
Percentage of altered instances:  25 %
Using 17 indices (first 17 from shuffled list)
Loading noise data from: results/noise_injection/by_dataset/liver-disorders_sgpt_noise0.1.csv 
Using 17 indices for  25 % of instances
Calculate prediction
Confusion matrix
Dataset: liver-disorders 
Fold: 4 
Method: svmRadial 
Noise level:  10 %
Percentage of altered instances:  30 %
Using 21 indices (first 21 from shuffled list)
Loading noise data from: results/noise_injection/by_dataset/liver-disorders_sgpt_noise0.1.csv 
Using 21 indices for  30 % of instances
Calculate prediction
Confusion matrix
Dataset: liver-disorders 
Fold: 4 
Method: svmRadial 
Noise level:  10 %
Percentage of altered instances:  40 %
Using 28 indices (first 28 from shuffled list)
Loading noise data from: results/noise_injection/by_dataset/liver-disorders_sgpt_noise0.1.csv 
Using 28 indices for  40 % of instances
Calculate prediction
Confusion matrix
Dataset: liver-disorders 
Fold: 4 
Method: svmRadial 
Noise level:  10 %
Percentage of altered instances:  50 %
Using 34 indices (first 34 from shuffled list)
Loading noise data from: results/noise_injection/by_dataset/liver-disorders_sgpt_noise0.1.csv 
Using 34 indices for  50 % of instances
Calculate prediction
Confusion matrix
Dataset: liver-disorders 
Fold: 4 
Method: svmRadial 
Noise level:  10 %
Percentage of altered instances:  60 %
Using 41 indices (first 41 from shuffled list)
Loading noise data from: results/noise_injection/by_dataset/liver-disorders_sgpt_noise0.1.csv 
Using 41 indices for  60 % of instances
Calculate prediction
Confusion matrix
Dataset: liver-disorders 
Fold: 4 
Method: svmRadial 
Noise level:  10 %
Percentage of altered instances:  70 %
Using 48 indices (first 48 from shuffled list)
Loading noise data from: results/noise_injection/by_dataset/liver-disorders_sgpt_noise0.1.csv 
Using 48 indices for  70 % of instances
Calculate prediction
Confusion matrix
Dataset: liver-disorders 
Fold: 4 
Method: svmRadial 
Noise level:  10 %
Percentage of altered instances:  75 %
Using 52 indices (first 52 from shuffled list)
Loading noise data from: results/noise_injection/by_dataset/liver-disorders_sgpt_noise0.1.csv 
Using 52 indices for  75 % of instances
Calculate prediction
Confusion matrix
Dataset: liver-disorders 
Fold: 4 
Method: svmRadial 
Noise level:  10 %
Percentage of altered instances:  80 %
Using 55 indices (first 55 from shuffled list)
Loading noise data from: results/noise_injection/by_dataset/liver-disorders_sgpt_noise0.1.csv 
Using 55 indices for  80 % of instances
Calculate prediction
Confusion matrix
Dataset: liver-disorders 
Fold: 4 
Method: svmRadial 
Noise level:  10 %
Percentage of altered instances:  90 %
Using 62 indices (first 62 from shuffled list)
Loading noise data from: results/noise_injection/by_dataset/liver-disorders_sgpt_noise0.1.csv 
Using 62 indices for  90 % of instances
Calculate prediction
Confusion matrix
Dataset: liver-disorders 
Fold: 4 
Method: svmRadial 
Noise level:  10 %
Percentage of altered instances:  100 %
Using 69 indices (first 69 from shuffled list)
Loading noise data from: results/noise_injection/by_dataset/liver-disorders_sgpt_noise0.1.csv 
Using 69 indices for  100 % of instances
Calculate prediction
Confusion matrix

=== Training model with 20 % noise in training data ===
Critical percentage for training noise: 30 %
Loading training noise data from: results/noise_injection/by_dataset/liver-disorders_sgpt_noise0.2.csv 
Altering 83 out of 276 training instances
Dataset: liver-disorders 
Fold: 4 
Method: svmRadial 
Noise level:  20 %
Percentage of altered instances:  10 %
Using 7 indices (first 7 from shuffled list)
Loading noise data from: results/noise_injection/by_dataset/liver-disorders_sgpt_noise0.2.csv 
Using 7 indices for  10 % of instances
Calculate prediction
Confusion matrix
Dataset: liver-disorders 
Fold: 4 
Method: svmRadial 
Noise level:  20 %
Percentage of altered instances:  20 %
Using 14 indices (first 14 from shuffled list)
Loading noise data from: results/noise_injection/by_dataset/liver-disorders_sgpt_noise0.2.csv 
Using 14 indices for  20 % of instances
Calculate prediction
Confusion matrix
Dataset: liver-disorders 
Fold: 4 
Method: svmRadial 
Noise level:  20 %
Percentage of altered instances:  25 %
Using 17 indices (first 17 from shuffled list)
Loading noise data from: results/noise_injection/by_dataset/liver-disorders_sgpt_noise0.2.csv 
Using 17 indices for  25 % of instances
Calculate prediction
Confusion matrix
Dataset: liver-disorders 
Fold: 4 
Method: svmRadial 
Noise level:  20 %
Percentage of altered instances:  30 %
Using 21 indices (first 21 from shuffled list)
Loading noise data from: results/noise_injection/by_dataset/liver-disorders_sgpt_noise0.2.csv 
Using 21 indices for  30 % of instances
Calculate prediction
Confusion matrix
Dataset: liver-disorders 
Fold: 4 
Method: svmRadial 
Noise level:  20 %
Percentage of altered instances:  40 %
Using 28 indices (first 28 from shuffled list)
Loading noise data from: results/noise_injection/by_dataset/liver-disorders_sgpt_noise0.2.csv 
Using 28 indices for  40 % of instances
Calculate prediction
Confusion matrix
Dataset: liver-disorders 
Fold: 4 
Method: svmRadial 
Noise level:  20 %
Percentage of altered instances:  50 %
Using 34 indices (first 34 from shuffled list)
Loading noise data from: results/noise_injection/by_dataset/liver-disorders_sgpt_noise0.2.csv 
Using 34 indices for  50 % of instances
Calculate prediction
Confusion matrix
Dataset: liver-disorders 
Fold: 4 
Method: svmRadial 
Noise level:  20 %
Percentage of altered instances:  60 %
Using 41 indices (first 41 from shuffled list)
Loading noise data from: results/noise_injection/by_dataset/liver-disorders_sgpt_noise0.2.csv 
Using 41 indices for  60 % of instances
Calculate prediction
Confusion matrix
Dataset: liver-disorders 
Fold: 4 
Method: svmRadial 
Noise level:  20 %
Percentage of altered instances:  70 %
Using 48 indices (first 48 from shuffled list)
Loading noise data from: results/noise_injection/by_dataset/liver-disorders_sgpt_noise0.2.csv 
Using 48 indices for  70 % of instances
Calculate prediction
Confusion matrix
Dataset: liver-disorders 
Fold: 4 
Method: svmRadial 
Noise level:  20 %
Percentage of altered instances:  75 %
Using 52 indices (first 52 from shuffled list)
Loading noise data from: results/noise_injection/by_dataset/liver-disorders_sgpt_noise0.2.csv 
Using 52 indices for  75 % of instances
Calculate prediction
Confusion matrix
Dataset: liver-disorders 
Fold: 4 
Method: svmRadial 
Noise level:  20 %
Percentage of altered instances:  80 %
Using 55 indices (first 55 from shuffled list)
Loading noise data from: results/noise_injection/by_dataset/liver-disorders_sgpt_noise0.2.csv 
Using 55 indices for  80 % of instances
Calculate prediction
Confusion matrix
Dataset: liver-disorders 
Fold: 4 
Method: svmRadial 
Noise level:  20 %
Percentage of altered instances:  90 %
Using 62 indices (first 62 from shuffled list)
Loading noise data from: results/noise_injection/by_dataset/liver-disorders_sgpt_noise0.2.csv 
Using 62 indices for  90 % of instances
Calculate prediction
Confusion matrix
Dataset: liver-disorders 
Fold: 4 
Method: svmRadial 
Noise level:  20 %
Percentage of altered instances:  100 %
Using 69 indices (first 69 from shuffled list)
Loading noise data from: results/noise_injection/by_dataset/liver-disorders_sgpt_noise0.2.csv 
Using 69 indices for  100 % of instances
Calculate prediction
Confusion matrix

=== Training model with 30 % noise in training data ===
Critical percentage for training noise: 25 %
Loading training noise data from: results/noise_injection/by_dataset/liver-disorders_sgpt_noise0.3.csv 
Altering 69 out of 276 training instances
Dataset: liver-disorders 
Fold: 4 
Method: svmRadial 
Noise level:  30 %
Percentage of altered instances:  10 %
Using 7 indices (first 7 from shuffled list)
Loading noise data from: results/noise_injection/by_dataset/liver-disorders_sgpt_noise0.3.csv 
Using 7 indices for  10 % of instances
Calculate prediction
Confusion matrix
Dataset: liver-disorders 
Fold: 4 
Method: svmRadial 
Noise level:  30 %
Percentage of altered instances:  20 %
Using 14 indices (first 14 from shuffled list)
Loading noise data from: results/noise_injection/by_dataset/liver-disorders_sgpt_noise0.3.csv 
Using 14 indices for  20 % of instances
Calculate prediction
Confusion matrix
Dataset: liver-disorders 
Fold: 4 
Method: svmRadial 
Noise level:  30 %
Percentage of altered instances:  25 %
Using 17 indices (first 17 from shuffled list)
Loading noise data from: results/noise_injection/by_dataset/liver-disorders_sgpt_noise0.3.csv 
Using 17 indices for  25 % of instances
Calculate prediction
Confusion matrix
Dataset: liver-disorders 
Fold: 4 
Method: svmRadial 
Noise level:  30 %
Percentage of altered instances:  30 %
Using 21 indices (first 21 from shuffled list)
Loading noise data from: results/noise_injection/by_dataset/liver-disorders_sgpt_noise0.3.csv 
Using 21 indices for  30 % of instances
Calculate prediction
Confusion matrix
Dataset: liver-disorders 
Fold: 4 
Method: svmRadial 
Noise level:  30 %
Percentage of altered instances:  40 %
Using 28 indices (first 28 from shuffled list)
Loading noise data from: results/noise_injection/by_dataset/liver-disorders_sgpt_noise0.3.csv 
Using 28 indices for  40 % of instances
Calculate prediction
Confusion matrix
Dataset: liver-disorders 
Fold: 4 
Method: svmRadial 
Noise level:  30 %
Percentage of altered instances:  50 %
Using 34 indices (first 34 from shuffled list)
Loading noise data from: results/noise_injection/by_dataset/liver-disorders_sgpt_noise0.3.csv 
Using 34 indices for  50 % of instances
Calculate prediction
Confusion matrix
Dataset: liver-disorders 
Fold: 4 
Method: svmRadial 
Noise level:  30 %
Percentage of altered instances:  60 %
Using 41 indices (first 41 from shuffled list)
Loading noise data from: results/noise_injection/by_dataset/liver-disorders_sgpt_noise0.3.csv 
Using 41 indices for  60 % of instances
Calculate prediction
Confusion matrix
Dataset: liver-disorders 
Fold: 4 
Method: svmRadial 
Noise level:  30 %
Percentage of altered instances:  70 %
Using 48 indices (first 48 from shuffled list)
Loading noise data from: results/noise_injection/by_dataset/liver-disorders_sgpt_noise0.3.csv 
Using 48 indices for  70 % of instances
Calculate prediction
Confusion matrix
Dataset: liver-disorders 
Fold: 4 
Method: svmRadial 
Noise level:  30 %
Percentage of altered instances:  75 %
Using 52 indices (first 52 from shuffled list)
Loading noise data from: results/noise_injection/by_dataset/liver-disorders_sgpt_noise0.3.csv 
Using 52 indices for  75 % of instances
Calculate prediction
Confusion matrix
Dataset: liver-disorders 
Fold: 4 
Method: svmRadial 
Noise level:  30 %
Percentage of altered instances:  80 %
Using 55 indices (first 55 from shuffled list)
Loading noise data from: results/noise_injection/by_dataset/liver-disorders_sgpt_noise0.3.csv 
Using 55 indices for  80 % of instances
Calculate prediction
Confusion matrix
Dataset: liver-disorders 
Fold: 4 
Method: svmRadial 
Noise level:  30 %
Percentage of altered instances:  90 %
Using 62 indices (first 62 from shuffled list)
Loading noise data from: results/noise_injection/by_dataset/liver-disorders_sgpt_noise0.3.csv 
Using 62 indices for  90 % of instances
Calculate prediction
Confusion matrix
Dataset: liver-disorders 
Fold: 4 
Method: svmRadial 
Noise level:  30 %
Percentage of altered instances:  100 %
Using 69 indices (first 69 from shuffled list)
Loading noise data from: results/noise_injection/by_dataset/liver-disorders_sgpt_noise0.3.csv 
Using 69 indices for  100 % of instances
Calculate prediction
Confusion matrix
Loaded 69 indices for fold 5 from: results/instances/original/vectors/liver-disorders_svmRadial_all_folds.csv 

=== Training model with 10 % noise in training data ===
Critical percentage for training noise: 40 %
Loading training noise data from: results/noise_injection/by_dataset/liver-disorders_sgpt_noise0.1.csv 
Altering 110 out of 276 training instances
Dataset: liver-disorders 
Fold: 5 
Method: svmRadial 
Noise level:  10 %
Percentage of altered instances:  10 %
Using 7 indices (first 7 from shuffled list)
Loading noise data from: results/noise_injection/by_dataset/liver-disorders_sgpt_noise0.1.csv 
Using 7 indices for  10 % of instances
Calculate prediction
Confusion matrix
Dataset: liver-disorders 
Fold: 5 
Method: svmRadial 
Noise level:  10 %
Percentage of altered instances:  20 %
Using 14 indices (first 14 from shuffled list)
Loading noise data from: results/noise_injection/by_dataset/liver-disorders_sgpt_noise0.1.csv 
Using 14 indices for  20 % of instances
Calculate prediction
Confusion matrix
Dataset: liver-disorders 
Fold: 5 
Method: svmRadial 
Noise level:  10 %
Percentage of altered instances:  25 %
Using 17 indices (first 17 from shuffled list)
Loading noise data from: results/noise_injection/by_dataset/liver-disorders_sgpt_noise0.1.csv 
Using 17 indices for  25 % of instances
Calculate prediction
Confusion matrix
Dataset: liver-disorders 
Fold: 5 
Method: svmRadial 
Noise level:  10 %
Percentage of altered instances:  30 %
Using 21 indices (first 21 from shuffled list)
Loading noise data from: results/noise_injection/by_dataset/liver-disorders_sgpt_noise0.1.csv 
Using 21 indices for  30 % of instances
Calculate prediction
Confusion matrix
Dataset: liver-disorders 
Fold: 5 
Method: svmRadial 
Noise level:  10 %
Percentage of altered instances:  40 %
Using 28 indices (first 28 from shuffled list)
Loading noise data from: results/noise_injection/by_dataset/liver-disorders_sgpt_noise0.1.csv 
Using 28 indices for  40 % of instances
Calculate prediction
Confusion matrix
Dataset: liver-disorders 
Fold: 5 
Method: svmRadial 
Noise level:  10 %
Percentage of altered instances:  50 %
Using 34 indices (first 34 from shuffled list)
Loading noise data from: results/noise_injection/by_dataset/liver-disorders_sgpt_noise0.1.csv 
Using 34 indices for  50 % of instances
Calculate prediction
Confusion matrix
Dataset: liver-disorders 
Fold: 5 
Method: svmRadial 
Noise level:  10 %
Percentage of altered instances:  60 %
Using 41 indices (first 41 from shuffled list)
Loading noise data from: results/noise_injection/by_dataset/liver-disorders_sgpt_noise0.1.csv 
Using 41 indices for  60 % of instances
Calculate prediction
Confusion matrix
Dataset: liver-disorders 
Fold: 5 
Method: svmRadial 
Noise level:  10 %
Percentage of altered instances:  70 %
Using 48 indices (first 48 from shuffled list)
Loading noise data from: results/noise_injection/by_dataset/liver-disorders_sgpt_noise0.1.csv 
Using 48 indices for  70 % of instances
Calculate prediction
Confusion matrix
Dataset: liver-disorders 
Fold: 5 
Method: svmRadial 
Noise level:  10 %
Percentage of altered instances:  75 %
Using 52 indices (first 52 from shuffled list)
Loading noise data from: results/noise_injection/by_dataset/liver-disorders_sgpt_noise0.1.csv 
Using 52 indices for  75 % of instances
Calculate prediction
Confusion matrix
Dataset: liver-disorders 
Fold: 5 
Method: svmRadial 
Noise level:  10 %
Percentage of altered instances:  80 %
Using 55 indices (first 55 from shuffled list)
Loading noise data from: results/noise_injection/by_dataset/liver-disorders_sgpt_noise0.1.csv 
Using 55 indices for  80 % of instances
Calculate prediction
Confusion matrix
Dataset: liver-disorders 
Fold: 5 
Method: svmRadial 
Noise level:  10 %
Percentage of altered instances:  90 %
Using 62 indices (first 62 from shuffled list)
Loading noise data from: results/noise_injection/by_dataset/liver-disorders_sgpt_noise0.1.csv 
Using 62 indices for  90 % of instances
Calculate prediction
Confusion matrix
Dataset: liver-disorders 
Fold: 5 
Method: svmRadial 
Noise level:  10 %
Percentage of altered instances:  100 %
Using 69 indices (first 69 from shuffled list)
Loading noise data from: results/noise_injection/by_dataset/liver-disorders_sgpt_noise0.1.csv 
Using 69 indices for  100 % of instances
Calculate prediction
Confusion matrix

=== Training model with 20 % noise in training data ===
Critical percentage for training noise: 30 %
Loading training noise data from: results/noise_injection/by_dataset/liver-disorders_sgpt_noise0.2.csv 
Altering 83 out of 276 training instances
Dataset: liver-disorders 
Fold: 5 
Method: svmRadial 
Noise level:  20 %
Percentage of altered instances:  10 %
Using 7 indices (first 7 from shuffled list)
Loading noise data from: results/noise_injection/by_dataset/liver-disorders_sgpt_noise0.2.csv 
Using 7 indices for  10 % of instances
Calculate prediction
Confusion matrix
Dataset: liver-disorders 
Fold: 5 
Method: svmRadial 
Noise level:  20 %
Percentage of altered instances:  20 %
Using 14 indices (first 14 from shuffled list)
Loading noise data from: results/noise_injection/by_dataset/liver-disorders_sgpt_noise0.2.csv 
Using 14 indices for  20 % of instances
Calculate prediction
Confusion matrix
Dataset: liver-disorders 
Fold: 5 
Method: svmRadial 
Noise level:  20 %
Percentage of altered instances:  25 %
Using 17 indices (first 17 from shuffled list)
Loading noise data from: results/noise_injection/by_dataset/liver-disorders_sgpt_noise0.2.csv 
Using 17 indices for  25 % of instances
Calculate prediction
Confusion matrix
Dataset: liver-disorders 
Fold: 5 
Method: svmRadial 
Noise level:  20 %
Percentage of altered instances:  30 %
Using 21 indices (first 21 from shuffled list)
Loading noise data from: results/noise_injection/by_dataset/liver-disorders_sgpt_noise0.2.csv 
Using 21 indices for  30 % of instances
Calculate prediction
Confusion matrix
Dataset: liver-disorders 
Fold: 5 
Method: svmRadial 
Noise level:  20 %
Percentage of altered instances:  40 %
Using 28 indices (first 28 from shuffled list)
Loading noise data from: results/noise_injection/by_dataset/liver-disorders_sgpt_noise0.2.csv 
Using 28 indices for  40 % of instances
Calculate prediction
Confusion matrix
Dataset: liver-disorders 
Fold: 5 
Method: svmRadial 
Noise level:  20 %
Percentage of altered instances:  50 %
Using 34 indices (first 34 from shuffled list)
Loading noise data from: results/noise_injection/by_dataset/liver-disorders_sgpt_noise0.2.csv 
Using 34 indices for  50 % of instances
Calculate prediction
Confusion matrix
Dataset: liver-disorders 
Fold: 5 
Method: svmRadial 
Noise level:  20 %
Percentage of altered instances:  60 %
Using 41 indices (first 41 from shuffled list)
Loading noise data from: results/noise_injection/by_dataset/liver-disorders_sgpt_noise0.2.csv 
Using 41 indices for  60 % of instances
Calculate prediction
Confusion matrix
Dataset: liver-disorders 
Fold: 5 
Method: svmRadial 
Noise level:  20 %
Percentage of altered instances:  70 %
Using 48 indices (first 48 from shuffled list)
Loading noise data from: results/noise_injection/by_dataset/liver-disorders_sgpt_noise0.2.csv 
Using 48 indices for  70 % of instances
Calculate prediction
Confusion matrix
Dataset: liver-disorders 
Fold: 5 
Method: svmRadial 
Noise level:  20 %
Percentage of altered instances:  75 %
Using 52 indices (first 52 from shuffled list)
Loading noise data from: results/noise_injection/by_dataset/liver-disorders_sgpt_noise0.2.csv 
Using 52 indices for  75 % of instances
Calculate prediction
Confusion matrix
Dataset: liver-disorders 
Fold: 5 
Method: svmRadial 
Noise level:  20 %
Percentage of altered instances:  80 %
Using 55 indices (first 55 from shuffled list)
Loading noise data from: results/noise_injection/by_dataset/liver-disorders_sgpt_noise0.2.csv 
Using 55 indices for  80 % of instances
Calculate prediction
Confusion matrix
Dataset: liver-disorders 
Fold: 5 
Method: svmRadial 
Noise level:  20 %
Percentage of altered instances:  90 %
Using 62 indices (first 62 from shuffled list)
Loading noise data from: results/noise_injection/by_dataset/liver-disorders_sgpt_noise0.2.csv 
Using 62 indices for  90 % of instances
Calculate prediction
Confusion matrix
Dataset: liver-disorders 
Fold: 5 
Method: svmRadial 
Noise level:  20 %
Percentage of altered instances:  100 %
Using 69 indices (first 69 from shuffled list)
Loading noise data from: results/noise_injection/by_dataset/liver-disorders_sgpt_noise0.2.csv 
Using 69 indices for  100 % of instances
Calculate prediction
Confusion matrix

=== Training model with 30 % noise in training data ===
Critical percentage for training noise: 25 %
Loading training noise data from: results/noise_injection/by_dataset/liver-disorders_sgpt_noise0.3.csv 
Altering 69 out of 276 training instances
Dataset: liver-disorders 
Fold: 5 
Method: svmRadial 
Noise level:  30 %
Percentage of altered instances:  10 %
Using 7 indices (first 7 from shuffled list)
Loading noise data from: results/noise_injection/by_dataset/liver-disorders_sgpt_noise0.3.csv 
Using 7 indices for  10 % of instances
Calculate prediction
Confusion matrix
Dataset: liver-disorders 
Fold: 5 
Method: svmRadial 
Noise level:  30 %
Percentage of altered instances:  20 %
Using 14 indices (first 14 from shuffled list)
Loading noise data from: results/noise_injection/by_dataset/liver-disorders_sgpt_noise0.3.csv 
Using 14 indices for  20 % of instances
Calculate prediction
Confusion matrix
Dataset: liver-disorders 
Fold: 5 
Method: svmRadial 
Noise level:  30 %
Percentage of altered instances:  25 %
Using 17 indices (first 17 from shuffled list)
Loading noise data from: results/noise_injection/by_dataset/liver-disorders_sgpt_noise0.3.csv 
Using 17 indices for  25 % of instances
Calculate prediction
Confusion matrix
Dataset: liver-disorders 
Fold: 5 
Method: svmRadial 
Noise level:  30 %
Percentage of altered instances:  30 %
Using 21 indices (first 21 from shuffled list)
Loading noise data from: results/noise_injection/by_dataset/liver-disorders_sgpt_noise0.3.csv 
Using 21 indices for  30 % of instances
Calculate prediction
Confusion matrix
Dataset: liver-disorders 
Fold: 5 
Method: svmRadial 
Noise level:  30 %
Percentage of altered instances:  40 %
Using 28 indices (first 28 from shuffled list)
Loading noise data from: results/noise_injection/by_dataset/liver-disorders_sgpt_noise0.3.csv 
Using 28 indices for  40 % of instances
Calculate prediction
Confusion matrix
Dataset: liver-disorders 
Fold: 5 
Method: svmRadial 
Noise level:  30 %
Percentage of altered instances:  50 %
Using 34 indices (first 34 from shuffled list)
Loading noise data from: results/noise_injection/by_dataset/liver-disorders_sgpt_noise0.3.csv 
Using 34 indices for  50 % of instances
Calculate prediction
Confusion matrix
Dataset: liver-disorders 
Fold: 5 
Method: svmRadial 
Noise level:  30 %
Percentage of altered instances:  60 %
Using 41 indices (first 41 from shuffled list)
Loading noise data from: results/noise_injection/by_dataset/liver-disorders_sgpt_noise0.3.csv 
Using 41 indices for  60 % of instances
Calculate prediction
Confusion matrix
Dataset: liver-disorders 
Fold: 5 
Method: svmRadial 
Noise level:  30 %
Percentage of altered instances:  70 %
Using 48 indices (first 48 from shuffled list)
Loading noise data from: results/noise_injection/by_dataset/liver-disorders_sgpt_noise0.3.csv 
Using 48 indices for  70 % of instances
Calculate prediction
Confusion matrix
Dataset: liver-disorders 
Fold: 5 
Method: svmRadial 
Noise level:  30 %
Percentage of altered instances:  75 %
Using 52 indices (first 52 from shuffled list)
Loading noise data from: results/noise_injection/by_dataset/liver-disorders_sgpt_noise0.3.csv 
Using 52 indices for  75 % of instances
Calculate prediction
Confusion matrix
Dataset: liver-disorders 
Fold: 5 
Method: svmRadial 
Noise level:  30 %
Percentage of altered instances:  80 %
Using 55 indices (first 55 from shuffled list)
Loading noise data from: results/noise_injection/by_dataset/liver-disorders_sgpt_noise0.3.csv 
Using 55 indices for  80 % of instances
Calculate prediction
Confusion matrix
Dataset: liver-disorders 
Fold: 5 
Method: svmRadial 
Noise level:  30 %
Percentage of altered instances:  90 %
Using 62 indices (first 62 from shuffled list)
Loading noise data from: results/noise_injection/by_dataset/liver-disorders_sgpt_noise0.3.csv 
Using 62 indices for  90 % of instances
Calculate prediction
Confusion matrix
Dataset: liver-disorders 
Fold: 5 
Method: svmRadial 
Noise level:  30 %
Percentage of altered instances:  100 %
Using 69 indices (first 69 from shuffled list)
Loading noise data from: results/noise_injection/by_dataset/liver-disorders_sgpt_noise0.3.csv 
Using 69 indices for  100 % of instances
Calculate prediction
Confusion matrix
Saved results to: results/instances/train_noise/by_dataset/liver-disorders_svmRadial_results.csv 
----------------
****************************
Instances altered with noise
****************************
