Current working directory: /home/chris/github/kappa-threshold 
parameters.csv exists: TRUE 
parameters.csv absolute path: /home/chris/github/kappa-threshold/data/files/parameters.csv 
Processing model: ctree for dataset: mfeat-karhunen 
Loaded 400 indices for fold 1 from: results/instances/original/vectors/mfeat-karhunen_ctree_all_folds.csv 

=== Training model with 10 % noise in training data ===
Critical percentage for training noise: 100 %
Loading training noise data from: results/noise_injection/by_dataset/mfeat-karhunen_att1_noise0.1.csv 
Altering 1600 out of 1600 training instances
Dataset: mfeat-karhunen 
Fold: 1 
Method: ctree 
Noise level:  10 %
Percentage of altered instances:  10 %
Using 40 indices (first 40 from shuffled list)
Loading noise data from: results/noise_injection/by_dataset/mfeat-karhunen_att1_noise0.1.csv 
Using 40 indices for  10 % of instances
Calculate prediction
Confusion matrix
Dataset: mfeat-karhunen 
Fold: 1 
Method: ctree 
Noise level:  10 %
Percentage of altered instances:  20 %
Using 80 indices (first 80 from shuffled list)
Loading noise data from: results/noise_injection/by_dataset/mfeat-karhunen_att1_noise0.1.csv 
Using 80 indices for  20 % of instances
Calculate prediction
Confusion matrix
Dataset: mfeat-karhunen 
Fold: 1 
Method: ctree 
Noise level:  10 %
Percentage of altered instances:  25 %
Using 100 indices (first 100 from shuffled list)
Loading noise data from: results/noise_injection/by_dataset/mfeat-karhunen_att1_noise0.1.csv 
Using 100 indices for  25 % of instances
Calculate prediction
Confusion matrix
Dataset: mfeat-karhunen 
Fold: 1 
Method: ctree 
Noise level:  10 %
Percentage of altered instances:  30 %
Using 120 indices (first 120 from shuffled list)
Loading noise data from: results/noise_injection/by_dataset/mfeat-karhunen_att1_noise0.1.csv 
Using 120 indices for  30 % of instances
Calculate prediction
Confusion matrix
Dataset: mfeat-karhunen 
Fold: 1 
Method: ctree 
Noise level:  10 %
Percentage of altered instances:  40 %
Using 160 indices (first 160 from shuffled list)
Loading noise data from: results/noise_injection/by_dataset/mfeat-karhunen_att1_noise0.1.csv 
Using 160 indices for  40 % of instances
Calculate prediction
Confusion matrix
Dataset: mfeat-karhunen 
Fold: 1 
Method: ctree 
Noise level:  10 %
Percentage of altered instances:  50 %
Using 200 indices (first 200 from shuffled list)
Loading noise data from: results/noise_injection/by_dataset/mfeat-karhunen_att1_noise0.1.csv 
Using 200 indices for  50 % of instances
Calculate prediction
Confusion matrix
Dataset: mfeat-karhunen 
Fold: 1 
Method: ctree 
Noise level:  10 %
Percentage of altered instances:  60 %
Using 240 indices (first 240 from shuffled list)
Loading noise data from: results/noise_injection/by_dataset/mfeat-karhunen_att1_noise0.1.csv 
Using 240 indices for  60 % of instances
Calculate prediction
Confusion matrix
Dataset: mfeat-karhunen 
Fold: 1 
Method: ctree 
Noise level:  10 %
Percentage of altered instances:  70 %
Using 280 indices (first 280 from shuffled list)
Loading noise data from: results/noise_injection/by_dataset/mfeat-karhunen_att1_noise0.1.csv 
Using 280 indices for  70 % of instances
Calculate prediction
Confusion matrix
Dataset: mfeat-karhunen 
Fold: 1 
Method: ctree 
Noise level:  10 %
Percentage of altered instances:  75 %
Using 300 indices (first 300 from shuffled list)
Loading noise data from: results/noise_injection/by_dataset/mfeat-karhunen_att1_noise0.1.csv 
Using 300 indices for  75 % of instances
Calculate prediction
Confusion matrix
Dataset: mfeat-karhunen 
Fold: 1 
Method: ctree 
Noise level:  10 %
Percentage of altered instances:  80 %
Using 320 indices (first 320 from shuffled list)
Loading noise data from: results/noise_injection/by_dataset/mfeat-karhunen_att1_noise0.1.csv 
Using 320 indices for  80 % of instances
Calculate prediction
Confusion matrix
Dataset: mfeat-karhunen 
Fold: 1 
Method: ctree 
Noise level:  10 %
Percentage of altered instances:  90 %
Using 360 indices (first 360 from shuffled list)
Loading noise data from: results/noise_injection/by_dataset/mfeat-karhunen_att1_noise0.1.csv 
Using 360 indices for  90 % of instances
Calculate prediction
Confusion matrix
Dataset: mfeat-karhunen 
Fold: 1 
Method: ctree 
Noise level:  10 %
Percentage of altered instances:  100 %
Using 400 indices (first 400 from shuffled list)
Loading noise data from: results/noise_injection/by_dataset/mfeat-karhunen_att1_noise0.1.csv 
Using 400 indices for  100 % of instances
Calculate prediction
Confusion matrix

=== Training model with 20 % noise in training data ===
Critical percentage for training noise: 75 %
Loading training noise data from: results/noise_injection/by_dataset/mfeat-karhunen_att1_noise0.2.csv 
Altering 1200 out of 1600 training instances
Dataset: mfeat-karhunen 
Fold: 1 
Method: ctree 
Noise level:  20 %
Percentage of altered instances:  10 %
Using 40 indices (first 40 from shuffled list)
Loading noise data from: results/noise_injection/by_dataset/mfeat-karhunen_att1_noise0.2.csv 
Using 40 indices for  10 % of instances
Calculate prediction
Confusion matrix
Dataset: mfeat-karhunen 
Fold: 1 
Method: ctree 
Noise level:  20 %
Percentage of altered instances:  20 %
Using 80 indices (first 80 from shuffled list)
Loading noise data from: results/noise_injection/by_dataset/mfeat-karhunen_att1_noise0.2.csv 
Using 80 indices for  20 % of instances
Calculate prediction
Confusion matrix
Dataset: mfeat-karhunen 
Fold: 1 
Method: ctree 
Noise level:  20 %
Percentage of altered instances:  25 %
Using 100 indices (first 100 from shuffled list)
Loading noise data from: results/noise_injection/by_dataset/mfeat-karhunen_att1_noise0.2.csv 
Using 100 indices for  25 % of instances
Calculate prediction
Confusion matrix
Dataset: mfeat-karhunen 
Fold: 1 
Method: ctree 
Noise level:  20 %
Percentage of altered instances:  30 %
Using 120 indices (first 120 from shuffled list)
Loading noise data from: results/noise_injection/by_dataset/mfeat-karhunen_att1_noise0.2.csv 
Using 120 indices for  30 % of instances
Calculate prediction
Confusion matrix
Dataset: mfeat-karhunen 
Fold: 1 
Method: ctree 
Noise level:  20 %
Percentage of altered instances:  40 %
Using 160 indices (first 160 from shuffled list)
Loading noise data from: results/noise_injection/by_dataset/mfeat-karhunen_att1_noise0.2.csv 
Using 160 indices for  40 % of instances
Calculate prediction
Confusion matrix
Dataset: mfeat-karhunen 
Fold: 1 
Method: ctree 
Noise level:  20 %
Percentage of altered instances:  50 %
Using 200 indices (first 200 from shuffled list)
Loading noise data from: results/noise_injection/by_dataset/mfeat-karhunen_att1_noise0.2.csv 
Using 200 indices for  50 % of instances
Calculate prediction
Confusion matrix
Dataset: mfeat-karhunen 
Fold: 1 
Method: ctree 
Noise level:  20 %
Percentage of altered instances:  60 %
Using 240 indices (first 240 from shuffled list)
Loading noise data from: results/noise_injection/by_dataset/mfeat-karhunen_att1_noise0.2.csv 
Using 240 indices for  60 % of instances
Calculate prediction
Confusion matrix
Dataset: mfeat-karhunen 
Fold: 1 
Method: ctree 
Noise level:  20 %
Percentage of altered instances:  70 %
Using 280 indices (first 280 from shuffled list)
Loading noise data from: results/noise_injection/by_dataset/mfeat-karhunen_att1_noise0.2.csv 
Using 280 indices for  70 % of instances
Calculate prediction
Confusion matrix
Dataset: mfeat-karhunen 
Fold: 1 
Method: ctree 
Noise level:  20 %
Percentage of altered instances:  75 %
Using 300 indices (first 300 from shuffled list)
Loading noise data from: results/noise_injection/by_dataset/mfeat-karhunen_att1_noise0.2.csv 
Using 300 indices for  75 % of instances
Calculate prediction
Confusion matrix
Dataset: mfeat-karhunen 
Fold: 1 
Method: ctree 
Noise level:  20 %
Percentage of altered instances:  80 %
Using 320 indices (first 320 from shuffled list)
Loading noise data from: results/noise_injection/by_dataset/mfeat-karhunen_att1_noise0.2.csv 
Using 320 indices for  80 % of instances
Calculate prediction
Confusion matrix
Dataset: mfeat-karhunen 
Fold: 1 
Method: ctree 
Noise level:  20 %
Percentage of altered instances:  90 %
Using 360 indices (first 360 from shuffled list)
Loading noise data from: results/noise_injection/by_dataset/mfeat-karhunen_att1_noise0.2.csv 
Using 360 indices for  90 % of instances
Calculate prediction
Confusion matrix
Dataset: mfeat-karhunen 
Fold: 1 
Method: ctree 
Noise level:  20 %
Percentage of altered instances:  100 %
Using 400 indices (first 400 from shuffled list)
Loading noise data from: results/noise_injection/by_dataset/mfeat-karhunen_att1_noise0.2.csv 
Using 400 indices for  100 % of instances
Calculate prediction
Confusion matrix

=== Training model with 30 % noise in training data ===
Critical percentage for training noise: 40 %
Loading training noise data from: results/noise_injection/by_dataset/mfeat-karhunen_att1_noise0.3.csv 
Altering 640 out of 1600 training instances
Dataset: mfeat-karhunen 
Fold: 1 
Method: ctree 
Noise level:  30 %
Percentage of altered instances:  10 %
Using 40 indices (first 40 from shuffled list)
Loading noise data from: results/noise_injection/by_dataset/mfeat-karhunen_att1_noise0.3.csv 
Using 40 indices for  10 % of instances
Calculate prediction
Confusion matrix
Dataset: mfeat-karhunen 
Fold: 1 
Method: ctree 
Noise level:  30 %
Percentage of altered instances:  20 %
Using 80 indices (first 80 from shuffled list)
Loading noise data from: results/noise_injection/by_dataset/mfeat-karhunen_att1_noise0.3.csv 
Using 80 indices for  20 % of instances
Calculate prediction
Confusion matrix
Dataset: mfeat-karhunen 
Fold: 1 
Method: ctree 
Noise level:  30 %
Percentage of altered instances:  25 %
Using 100 indices (first 100 from shuffled list)
Loading noise data from: results/noise_injection/by_dataset/mfeat-karhunen_att1_noise0.3.csv 
Using 100 indices for  25 % of instances
Calculate prediction
Confusion matrix
Dataset: mfeat-karhunen 
Fold: 1 
Method: ctree 
Noise level:  30 %
Percentage of altered instances:  30 %
Using 120 indices (first 120 from shuffled list)
Loading noise data from: results/noise_injection/by_dataset/mfeat-karhunen_att1_noise0.3.csv 
Using 120 indices for  30 % of instances
Calculate prediction
Confusion matrix
Dataset: mfeat-karhunen 
Fold: 1 
Method: ctree 
Noise level:  30 %
Percentage of altered instances:  40 %
Using 160 indices (first 160 from shuffled list)
Loading noise data from: results/noise_injection/by_dataset/mfeat-karhunen_att1_noise0.3.csv 
Using 160 indices for  40 % of instances
Calculate prediction
Confusion matrix
Dataset: mfeat-karhunen 
Fold: 1 
Method: ctree 
Noise level:  30 %
Percentage of altered instances:  50 %
Using 200 indices (first 200 from shuffled list)
Loading noise data from: results/noise_injection/by_dataset/mfeat-karhunen_att1_noise0.3.csv 
Using 200 indices for  50 % of instances
Calculate prediction
Confusion matrix
Dataset: mfeat-karhunen 
Fold: 1 
Method: ctree 
Noise level:  30 %
Percentage of altered instances:  60 %
Using 240 indices (first 240 from shuffled list)
Loading noise data from: results/noise_injection/by_dataset/mfeat-karhunen_att1_noise0.3.csv 
Using 240 indices for  60 % of instances
Calculate prediction
Confusion matrix
Dataset: mfeat-karhunen 
Fold: 1 
Method: ctree 
Noise level:  30 %
Percentage of altered instances:  70 %
Using 280 indices (first 280 from shuffled list)
Loading noise data from: results/noise_injection/by_dataset/mfeat-karhunen_att1_noise0.3.csv 
Using 280 indices for  70 % of instances
Calculate prediction
Confusion matrix
Dataset: mfeat-karhunen 
Fold: 1 
Method: ctree 
Noise level:  30 %
Percentage of altered instances:  75 %
Using 300 indices (first 300 from shuffled list)
Loading noise data from: results/noise_injection/by_dataset/mfeat-karhunen_att1_noise0.3.csv 
Using 300 indices for  75 % of instances
Calculate prediction
Confusion matrix
Dataset: mfeat-karhunen 
Fold: 1 
Method: ctree 
Noise level:  30 %
Percentage of altered instances:  80 %
Using 320 indices (first 320 from shuffled list)
Loading noise data from: results/noise_injection/by_dataset/mfeat-karhunen_att1_noise0.3.csv 
Using 320 indices for  80 % of instances
Calculate prediction
Confusion matrix
Dataset: mfeat-karhunen 
Fold: 1 
Method: ctree 
Noise level:  30 %
Percentage of altered instances:  90 %
Using 360 indices (first 360 from shuffled list)
Loading noise data from: results/noise_injection/by_dataset/mfeat-karhunen_att1_noise0.3.csv 
Using 360 indices for  90 % of instances
Calculate prediction
Confusion matrix
Dataset: mfeat-karhunen 
Fold: 1 
Method: ctree 
Noise level:  30 %
Percentage of altered instances:  100 %
Using 400 indices (first 400 from shuffled list)
Loading noise data from: results/noise_injection/by_dataset/mfeat-karhunen_att1_noise0.3.csv 
Using 400 indices for  100 % of instances
Calculate prediction
Confusion matrix
Loaded 400 indices for fold 2 from: results/instances/original/vectors/mfeat-karhunen_ctree_all_folds.csv 

=== Training model with 10 % noise in training data ===
Critical percentage for training noise: 100 %
Loading training noise data from: results/noise_injection/by_dataset/mfeat-karhunen_att1_noise0.1.csv 
Altering 1600 out of 1600 training instances
Dataset: mfeat-karhunen 
Fold: 2 
Method: ctree 
Noise level:  10 %
Percentage of altered instances:  10 %
Using 40 indices (first 40 from shuffled list)
Loading noise data from: results/noise_injection/by_dataset/mfeat-karhunen_att1_noise0.1.csv 
Using 40 indices for  10 % of instances
Calculate prediction
Confusion matrix
Dataset: mfeat-karhunen 
Fold: 2 
Method: ctree 
Noise level:  10 %
Percentage of altered instances:  20 %
Using 80 indices (first 80 from shuffled list)
Loading noise data from: results/noise_injection/by_dataset/mfeat-karhunen_att1_noise0.1.csv 
Using 80 indices for  20 % of instances
Calculate prediction
Confusion matrix
Dataset: mfeat-karhunen 
Fold: 2 
Method: ctree 
Noise level:  10 %
Percentage of altered instances:  25 %
Using 100 indices (first 100 from shuffled list)
Loading noise data from: results/noise_injection/by_dataset/mfeat-karhunen_att1_noise0.1.csv 
Using 100 indices for  25 % of instances
Calculate prediction
Confusion matrix
Dataset: mfeat-karhunen 
Fold: 2 
Method: ctree 
Noise level:  10 %
Percentage of altered instances:  30 %
Using 120 indices (first 120 from shuffled list)
Loading noise data from: results/noise_injection/by_dataset/mfeat-karhunen_att1_noise0.1.csv 
Using 120 indices for  30 % of instances
Calculate prediction
Confusion matrix
Dataset: mfeat-karhunen 
Fold: 2 
Method: ctree 
Noise level:  10 %
Percentage of altered instances:  40 %
Using 160 indices (first 160 from shuffled list)
Loading noise data from: results/noise_injection/by_dataset/mfeat-karhunen_att1_noise0.1.csv 
Using 160 indices for  40 % of instances
Calculate prediction
Confusion matrix
Dataset: mfeat-karhunen 
Fold: 2 
Method: ctree 
Noise level:  10 %
Percentage of altered instances:  50 %
Using 200 indices (first 200 from shuffled list)
Loading noise data from: results/noise_injection/by_dataset/mfeat-karhunen_att1_noise0.1.csv 
Using 200 indices for  50 % of instances
Calculate prediction
Confusion matrix
Dataset: mfeat-karhunen 
Fold: 2 
Method: ctree 
Noise level:  10 %
Percentage of altered instances:  60 %
Using 240 indices (first 240 from shuffled list)
Loading noise data from: results/noise_injection/by_dataset/mfeat-karhunen_att1_noise0.1.csv 
Using 240 indices for  60 % of instances
Calculate prediction
Confusion matrix
Dataset: mfeat-karhunen 
Fold: 2 
Method: ctree 
Noise level:  10 %
Percentage of altered instances:  70 %
Using 280 indices (first 280 from shuffled list)
Loading noise data from: results/noise_injection/by_dataset/mfeat-karhunen_att1_noise0.1.csv 
Using 280 indices for  70 % of instances
Calculate prediction
Confusion matrix
Dataset: mfeat-karhunen 
Fold: 2 
Method: ctree 
Noise level:  10 %
Percentage of altered instances:  75 %
Using 300 indices (first 300 from shuffled list)
Loading noise data from: results/noise_injection/by_dataset/mfeat-karhunen_att1_noise0.1.csv 
Using 300 indices for  75 % of instances
Calculate prediction
Confusion matrix
Dataset: mfeat-karhunen 
Fold: 2 
Method: ctree 
Noise level:  10 %
Percentage of altered instances:  80 %
Using 320 indices (first 320 from shuffled list)
Loading noise data from: results/noise_injection/by_dataset/mfeat-karhunen_att1_noise0.1.csv 
Using 320 indices for  80 % of instances
Calculate prediction
Confusion matrix
Dataset: mfeat-karhunen 
Fold: 2 
Method: ctree 
Noise level:  10 %
Percentage of altered instances:  90 %
Using 360 indices (first 360 from shuffled list)
Loading noise data from: results/noise_injection/by_dataset/mfeat-karhunen_att1_noise0.1.csv 
Using 360 indices for  90 % of instances
Calculate prediction
Confusion matrix
Dataset: mfeat-karhunen 
Fold: 2 
Method: ctree 
Noise level:  10 %
Percentage of altered instances:  100 %
Using 400 indices (first 400 from shuffled list)
Loading noise data from: results/noise_injection/by_dataset/mfeat-karhunen_att1_noise0.1.csv 
Using 400 indices for  100 % of instances
Calculate prediction
Confusion matrix

=== Training model with 20 % noise in training data ===
Critical percentage for training noise: 75 %
Loading training noise data from: results/noise_injection/by_dataset/mfeat-karhunen_att1_noise0.2.csv 
Altering 1200 out of 1600 training instances
Dataset: mfeat-karhunen 
Fold: 2 
Method: ctree 
Noise level:  20 %
Percentage of altered instances:  10 %
Using 40 indices (first 40 from shuffled list)
Loading noise data from: results/noise_injection/by_dataset/mfeat-karhunen_att1_noise0.2.csv 
Using 40 indices for  10 % of instances
Calculate prediction
Confusion matrix
Dataset: mfeat-karhunen 
Fold: 2 
Method: ctree 
Noise level:  20 %
Percentage of altered instances:  20 %
Using 80 indices (first 80 from shuffled list)
Loading noise data from: results/noise_injection/by_dataset/mfeat-karhunen_att1_noise0.2.csv 
Using 80 indices for  20 % of instances
Calculate prediction
Confusion matrix
Dataset: mfeat-karhunen 
Fold: 2 
Method: ctree 
Noise level:  20 %
Percentage of altered instances:  25 %
Using 100 indices (first 100 from shuffled list)
Loading noise data from: results/noise_injection/by_dataset/mfeat-karhunen_att1_noise0.2.csv 
Using 100 indices for  25 % of instances
Calculate prediction
Confusion matrix
Dataset: mfeat-karhunen 
Fold: 2 
Method: ctree 
Noise level:  20 %
Percentage of altered instances:  30 %
Using 120 indices (first 120 from shuffled list)
Loading noise data from: results/noise_injection/by_dataset/mfeat-karhunen_att1_noise0.2.csv 
Using 120 indices for  30 % of instances
Calculate prediction
Confusion matrix
Dataset: mfeat-karhunen 
Fold: 2 
Method: ctree 
Noise level:  20 %
Percentage of altered instances:  40 %
Using 160 indices (first 160 from shuffled list)
Loading noise data from: results/noise_injection/by_dataset/mfeat-karhunen_att1_noise0.2.csv 
Using 160 indices for  40 % of instances
Calculate prediction
Confusion matrix
Dataset: mfeat-karhunen 
Fold: 2 
Method: ctree 
Noise level:  20 %
Percentage of altered instances:  50 %
Using 200 indices (first 200 from shuffled list)
Loading noise data from: results/noise_injection/by_dataset/mfeat-karhunen_att1_noise0.2.csv 
Using 200 indices for  50 % of instances
Calculate prediction
Confusion matrix
Dataset: mfeat-karhunen 
Fold: 2 
Method: ctree 
Noise level:  20 %
Percentage of altered instances:  60 %
Using 240 indices (first 240 from shuffled list)
Loading noise data from: results/noise_injection/by_dataset/mfeat-karhunen_att1_noise0.2.csv 
Using 240 indices for  60 % of instances
Calculate prediction
Confusion matrix
Dataset: mfeat-karhunen 
Fold: 2 
Method: ctree 
Noise level:  20 %
Percentage of altered instances:  70 %
Using 280 indices (first 280 from shuffled list)
Loading noise data from: results/noise_injection/by_dataset/mfeat-karhunen_att1_noise0.2.csv 
Using 280 indices for  70 % of instances
Calculate prediction
Confusion matrix
Dataset: mfeat-karhunen 
Fold: 2 
Method: ctree 
Noise level:  20 %
Percentage of altered instances:  75 %
Using 300 indices (first 300 from shuffled list)
Loading noise data from: results/noise_injection/by_dataset/mfeat-karhunen_att1_noise0.2.csv 
Using 300 indices for  75 % of instances
Calculate prediction
Confusion matrix
Dataset: mfeat-karhunen 
Fold: 2 
Method: ctree 
Noise level:  20 %
Percentage of altered instances:  80 %
Using 320 indices (first 320 from shuffled list)
Loading noise data from: results/noise_injection/by_dataset/mfeat-karhunen_att1_noise0.2.csv 
Using 320 indices for  80 % of instances
Calculate prediction
Confusion matrix
Dataset: mfeat-karhunen 
Fold: 2 
Method: ctree 
Noise level:  20 %
Percentage of altered instances:  90 %
Using 360 indices (first 360 from shuffled list)
Loading noise data from: results/noise_injection/by_dataset/mfeat-karhunen_att1_noise0.2.csv 
Using 360 indices for  90 % of instances
Calculate prediction
Confusion matrix
Dataset: mfeat-karhunen 
Fold: 2 
Method: ctree 
Noise level:  20 %
Percentage of altered instances:  100 %
Using 400 indices (first 400 from shuffled list)
Loading noise data from: results/noise_injection/by_dataset/mfeat-karhunen_att1_noise0.2.csv 
Using 400 indices for  100 % of instances
Calculate prediction
Confusion matrix

=== Training model with 30 % noise in training data ===
Critical percentage for training noise: 40 %
Loading training noise data from: results/noise_injection/by_dataset/mfeat-karhunen_att1_noise0.3.csv 
Altering 640 out of 1600 training instances
Dataset: mfeat-karhunen 
Fold: 2 
Method: ctree 
Noise level:  30 %
Percentage of altered instances:  10 %
Using 40 indices (first 40 from shuffled list)
Loading noise data from: results/noise_injection/by_dataset/mfeat-karhunen_att1_noise0.3.csv 
Using 40 indices for  10 % of instances
Calculate prediction
Confusion matrix
Dataset: mfeat-karhunen 
Fold: 2 
Method: ctree 
Noise level:  30 %
Percentage of altered instances:  20 %
Using 80 indices (first 80 from shuffled list)
Loading noise data from: results/noise_injection/by_dataset/mfeat-karhunen_att1_noise0.3.csv 
Using 80 indices for  20 % of instances
Calculate prediction
Confusion matrix
Dataset: mfeat-karhunen 
Fold: 2 
Method: ctree 
Noise level:  30 %
Percentage of altered instances:  25 %
Using 100 indices (first 100 from shuffled list)
Loading noise data from: results/noise_injection/by_dataset/mfeat-karhunen_att1_noise0.3.csv 
Using 100 indices for  25 % of instances
Calculate prediction
Confusion matrix
Dataset: mfeat-karhunen 
Fold: 2 
Method: ctree 
Noise level:  30 %
Percentage of altered instances:  30 %
Using 120 indices (first 120 from shuffled list)
Loading noise data from: results/noise_injection/by_dataset/mfeat-karhunen_att1_noise0.3.csv 
Using 120 indices for  30 % of instances
Calculate prediction
Confusion matrix
Dataset: mfeat-karhunen 
Fold: 2 
Method: ctree 
Noise level:  30 %
Percentage of altered instances:  40 %
Using 160 indices (first 160 from shuffled list)
Loading noise data from: results/noise_injection/by_dataset/mfeat-karhunen_att1_noise0.3.csv 
Using 160 indices for  40 % of instances
Calculate prediction
Confusion matrix
Dataset: mfeat-karhunen 
Fold: 2 
Method: ctree 
Noise level:  30 %
Percentage of altered instances:  50 %
Using 200 indices (first 200 from shuffled list)
Loading noise data from: results/noise_injection/by_dataset/mfeat-karhunen_att1_noise0.3.csv 
Using 200 indices for  50 % of instances
Calculate prediction
Confusion matrix
Dataset: mfeat-karhunen 
Fold: 2 
Method: ctree 
Noise level:  30 %
Percentage of altered instances:  60 %
Using 240 indices (first 240 from shuffled list)
Loading noise data from: results/noise_injection/by_dataset/mfeat-karhunen_att1_noise0.3.csv 
Using 240 indices for  60 % of instances
Calculate prediction
Confusion matrix
Dataset: mfeat-karhunen 
Fold: 2 
Method: ctree 
Noise level:  30 %
Percentage of altered instances:  70 %
Using 280 indices (first 280 from shuffled list)
Loading noise data from: results/noise_injection/by_dataset/mfeat-karhunen_att1_noise0.3.csv 
Using 280 indices for  70 % of instances
Calculate prediction
Confusion matrix
Dataset: mfeat-karhunen 
Fold: 2 
Method: ctree 
Noise level:  30 %
Percentage of altered instances:  75 %
Using 300 indices (first 300 from shuffled list)
Loading noise data from: results/noise_injection/by_dataset/mfeat-karhunen_att1_noise0.3.csv 
Using 300 indices for  75 % of instances
Calculate prediction
Confusion matrix
Dataset: mfeat-karhunen 
Fold: 2 
Method: ctree 
Noise level:  30 %
Percentage of altered instances:  80 %
Using 320 indices (first 320 from shuffled list)
Loading noise data from: results/noise_injection/by_dataset/mfeat-karhunen_att1_noise0.3.csv 
Using 320 indices for  80 % of instances
Calculate prediction
Confusion matrix
Dataset: mfeat-karhunen 
Fold: 2 
Method: ctree 
Noise level:  30 %
Percentage of altered instances:  90 %
Using 360 indices (first 360 from shuffled list)
Loading noise data from: results/noise_injection/by_dataset/mfeat-karhunen_att1_noise0.3.csv 
Using 360 indices for  90 % of instances
Calculate prediction
Confusion matrix
Dataset: mfeat-karhunen 
Fold: 2 
Method: ctree 
Noise level:  30 %
Percentage of altered instances:  100 %
Using 400 indices (first 400 from shuffled list)
Loading noise data from: results/noise_injection/by_dataset/mfeat-karhunen_att1_noise0.3.csv 
Using 400 indices for  100 % of instances
Calculate prediction
Confusion matrix
Loaded 400 indices for fold 3 from: results/instances/original/vectors/mfeat-karhunen_ctree_all_folds.csv 

=== Training model with 10 % noise in training data ===
Critical percentage for training noise: 100 %
Loading training noise data from: results/noise_injection/by_dataset/mfeat-karhunen_att1_noise0.1.csv 
Altering 1600 out of 1600 training instances
Dataset: mfeat-karhunen 
Fold: 3 
Method: ctree 
Noise level:  10 %
Percentage of altered instances:  10 %
Using 40 indices (first 40 from shuffled list)
Loading noise data from: results/noise_injection/by_dataset/mfeat-karhunen_att1_noise0.1.csv 
Using 40 indices for  10 % of instances
Calculate prediction
Confusion matrix
Dataset: mfeat-karhunen 
Fold: 3 
Method: ctree 
Noise level:  10 %
Percentage of altered instances:  20 %
Using 80 indices (first 80 from shuffled list)
Loading noise data from: results/noise_injection/by_dataset/mfeat-karhunen_att1_noise0.1.csv 
Using 80 indices for  20 % of instances
Calculate prediction
Confusion matrix
Dataset: mfeat-karhunen 
Fold: 3 
Method: ctree 
Noise level:  10 %
Percentage of altered instances:  25 %
Using 100 indices (first 100 from shuffled list)
Loading noise data from: results/noise_injection/by_dataset/mfeat-karhunen_att1_noise0.1.csv 
Using 100 indices for  25 % of instances
Calculate prediction
Confusion matrix
Dataset: mfeat-karhunen 
Fold: 3 
Method: ctree 
Noise level:  10 %
Percentage of altered instances:  30 %
Using 120 indices (first 120 from shuffled list)
Loading noise data from: results/noise_injection/by_dataset/mfeat-karhunen_att1_noise0.1.csv 
Using 120 indices for  30 % of instances
Calculate prediction
Confusion matrix
Dataset: mfeat-karhunen 
Fold: 3 
Method: ctree 
Noise level:  10 %
Percentage of altered instances:  40 %
Using 160 indices (first 160 from shuffled list)
Loading noise data from: results/noise_injection/by_dataset/mfeat-karhunen_att1_noise0.1.csv 
Using 160 indices for  40 % of instances
Calculate prediction
Confusion matrix
Dataset: mfeat-karhunen 
Fold: 3 
Method: ctree 
Noise level:  10 %
Percentage of altered instances:  50 %
Using 200 indices (first 200 from shuffled list)
Loading noise data from: results/noise_injection/by_dataset/mfeat-karhunen_att1_noise0.1.csv 
Using 200 indices for  50 % of instances
Calculate prediction
Confusion matrix
Dataset: mfeat-karhunen 
Fold: 3 
Method: ctree 
Noise level:  10 %
Percentage of altered instances:  60 %
Using 240 indices (first 240 from shuffled list)
Loading noise data from: results/noise_injection/by_dataset/mfeat-karhunen_att1_noise0.1.csv 
Using 240 indices for  60 % of instances
Calculate prediction
Confusion matrix
Dataset: mfeat-karhunen 
Fold: 3 
Method: ctree 
Noise level:  10 %
Percentage of altered instances:  70 %
Using 280 indices (first 280 from shuffled list)
Loading noise data from: results/noise_injection/by_dataset/mfeat-karhunen_att1_noise0.1.csv 
Using 280 indices for  70 % of instances
Calculate prediction
Confusion matrix
Dataset: mfeat-karhunen 
Fold: 3 
Method: ctree 
Noise level:  10 %
Percentage of altered instances:  75 %
Using 300 indices (first 300 from shuffled list)
Loading noise data from: results/noise_injection/by_dataset/mfeat-karhunen_att1_noise0.1.csv 
Using 300 indices for  75 % of instances
Calculate prediction
Confusion matrix
Dataset: mfeat-karhunen 
Fold: 3 
Method: ctree 
Noise level:  10 %
Percentage of altered instances:  80 %
Using 320 indices (first 320 from shuffled list)
Loading noise data from: results/noise_injection/by_dataset/mfeat-karhunen_att1_noise0.1.csv 
Using 320 indices for  80 % of instances
Calculate prediction
Confusion matrix
Dataset: mfeat-karhunen 
Fold: 3 
Method: ctree 
Noise level:  10 %
Percentage of altered instances:  90 %
Using 360 indices (first 360 from shuffled list)
Loading noise data from: results/noise_injection/by_dataset/mfeat-karhunen_att1_noise0.1.csv 
Using 360 indices for  90 % of instances
Calculate prediction
Confusion matrix
Dataset: mfeat-karhunen 
Fold: 3 
Method: ctree 
Noise level:  10 %
Percentage of altered instances:  100 %
Using 400 indices (first 400 from shuffled list)
Loading noise data from: results/noise_injection/by_dataset/mfeat-karhunen_att1_noise0.1.csv 
Using 400 indices for  100 % of instances
Calculate prediction
Confusion matrix

=== Training model with 20 % noise in training data ===
Critical percentage for training noise: 75 %
Loading training noise data from: results/noise_injection/by_dataset/mfeat-karhunen_att1_noise0.2.csv 
Altering 1200 out of 1600 training instances
Dataset: mfeat-karhunen 
Fold: 3 
Method: ctree 
Noise level:  20 %
Percentage of altered instances:  10 %
Using 40 indices (first 40 from shuffled list)
Loading noise data from: results/noise_injection/by_dataset/mfeat-karhunen_att1_noise0.2.csv 
Using 40 indices for  10 % of instances
Calculate prediction
Confusion matrix
Dataset: mfeat-karhunen 
Fold: 3 
Method: ctree 
Noise level:  20 %
Percentage of altered instances:  20 %
Using 80 indices (first 80 from shuffled list)
Loading noise data from: results/noise_injection/by_dataset/mfeat-karhunen_att1_noise0.2.csv 
Using 80 indices for  20 % of instances
Calculate prediction
Confusion matrix
Dataset: mfeat-karhunen 
Fold: 3 
Method: ctree 
Noise level:  20 %
Percentage of altered instances:  25 %
Using 100 indices (first 100 from shuffled list)
Loading noise data from: results/noise_injection/by_dataset/mfeat-karhunen_att1_noise0.2.csv 
Using 100 indices for  25 % of instances
Calculate prediction
Confusion matrix
Dataset: mfeat-karhunen 
Fold: 3 
Method: ctree 
Noise level:  20 %
Percentage of altered instances:  30 %
Using 120 indices (first 120 from shuffled list)
Loading noise data from: results/noise_injection/by_dataset/mfeat-karhunen_att1_noise0.2.csv 
Using 120 indices for  30 % of instances
Calculate prediction
Confusion matrix
Dataset: mfeat-karhunen 
Fold: 3 
Method: ctree 
Noise level:  20 %
Percentage of altered instances:  40 %
Using 160 indices (first 160 from shuffled list)
Loading noise data from: results/noise_injection/by_dataset/mfeat-karhunen_att1_noise0.2.csv 
Using 160 indices for  40 % of instances
Calculate prediction
Confusion matrix
Dataset: mfeat-karhunen 
Fold: 3 
Method: ctree 
Noise level:  20 %
Percentage of altered instances:  50 %
Using 200 indices (first 200 from shuffled list)
Loading noise data from: results/noise_injection/by_dataset/mfeat-karhunen_att1_noise0.2.csv 
Using 200 indices for  50 % of instances
Calculate prediction
Confusion matrix
Dataset: mfeat-karhunen 
Fold: 3 
Method: ctree 
Noise level:  20 %
Percentage of altered instances:  60 %
Using 240 indices (first 240 from shuffled list)
Loading noise data from: results/noise_injection/by_dataset/mfeat-karhunen_att1_noise0.2.csv 
Using 240 indices for  60 % of instances
Calculate prediction
Confusion matrix
Dataset: mfeat-karhunen 
Fold: 3 
Method: ctree 
Noise level:  20 %
Percentage of altered instances:  70 %
Using 280 indices (first 280 from shuffled list)
Loading noise data from: results/noise_injection/by_dataset/mfeat-karhunen_att1_noise0.2.csv 
Using 280 indices for  70 % of instances
Calculate prediction
Confusion matrix
Dataset: mfeat-karhunen 
Fold: 3 
Method: ctree 
Noise level:  20 %
Percentage of altered instances:  75 %
Using 300 indices (first 300 from shuffled list)
Loading noise data from: results/noise_injection/by_dataset/mfeat-karhunen_att1_noise0.2.csv 
Using 300 indices for  75 % of instances
Calculate prediction
Confusion matrix
Dataset: mfeat-karhunen 
Fold: 3 
Method: ctree 
Noise level:  20 %
Percentage of altered instances:  80 %
Using 320 indices (first 320 from shuffled list)
Loading noise data from: results/noise_injection/by_dataset/mfeat-karhunen_att1_noise0.2.csv 
Using 320 indices for  80 % of instances
Calculate prediction
Confusion matrix
Dataset: mfeat-karhunen 
Fold: 3 
Method: ctree 
Noise level:  20 %
Percentage of altered instances:  90 %
Using 360 indices (first 360 from shuffled list)
Loading noise data from: results/noise_injection/by_dataset/mfeat-karhunen_att1_noise0.2.csv 
Using 360 indices for  90 % of instances
Calculate prediction
Confusion matrix
Dataset: mfeat-karhunen 
Fold: 3 
Method: ctree 
Noise level:  20 %
Percentage of altered instances:  100 %
Using 400 indices (first 400 from shuffled list)
Loading noise data from: results/noise_injection/by_dataset/mfeat-karhunen_att1_noise0.2.csv 
Using 400 indices for  100 % of instances
Calculate prediction
Confusion matrix

=== Training model with 30 % noise in training data ===
Critical percentage for training noise: 40 %
Loading training noise data from: results/noise_injection/by_dataset/mfeat-karhunen_att1_noise0.3.csv 
Altering 640 out of 1600 training instances
Dataset: mfeat-karhunen 
Fold: 3 
Method: ctree 
Noise level:  30 %
Percentage of altered instances:  10 %
Using 40 indices (first 40 from shuffled list)
Loading noise data from: results/noise_injection/by_dataset/mfeat-karhunen_att1_noise0.3.csv 
Using 40 indices for  10 % of instances
Calculate prediction
Confusion matrix
Dataset: mfeat-karhunen 
Fold: 3 
Method: ctree 
Noise level:  30 %
Percentage of altered instances:  20 %
Using 80 indices (first 80 from shuffled list)
Loading noise data from: results/noise_injection/by_dataset/mfeat-karhunen_att1_noise0.3.csv 
Using 80 indices for  20 % of instances
Calculate prediction
Confusion matrix
Dataset: mfeat-karhunen 
Fold: 3 
Method: ctree 
Noise level:  30 %
Percentage of altered instances:  25 %
Using 100 indices (first 100 from shuffled list)
Loading noise data from: results/noise_injection/by_dataset/mfeat-karhunen_att1_noise0.3.csv 
Using 100 indices for  25 % of instances
Calculate prediction
Confusion matrix
Dataset: mfeat-karhunen 
Fold: 3 
Method: ctree 
Noise level:  30 %
Percentage of altered instances:  30 %
Using 120 indices (first 120 from shuffled list)
Loading noise data from: results/noise_injection/by_dataset/mfeat-karhunen_att1_noise0.3.csv 
Using 120 indices for  30 % of instances
Calculate prediction
Confusion matrix
Dataset: mfeat-karhunen 
Fold: 3 
Method: ctree 
Noise level:  30 %
Percentage of altered instances:  40 %
Using 160 indices (first 160 from shuffled list)
Loading noise data from: results/noise_injection/by_dataset/mfeat-karhunen_att1_noise0.3.csv 
Using 160 indices for  40 % of instances
Calculate prediction
Confusion matrix
Dataset: mfeat-karhunen 
Fold: 3 
Method: ctree 
Noise level:  30 %
Percentage of altered instances:  50 %
Using 200 indices (first 200 from shuffled list)
Loading noise data from: results/noise_injection/by_dataset/mfeat-karhunen_att1_noise0.3.csv 
Using 200 indices for  50 % of instances
Calculate prediction
Confusion matrix
Dataset: mfeat-karhunen 
Fold: 3 
Method: ctree 
Noise level:  30 %
Percentage of altered instances:  60 %
Using 240 indices (first 240 from shuffled list)
Loading noise data from: results/noise_injection/by_dataset/mfeat-karhunen_att1_noise0.3.csv 
Using 240 indices for  60 % of instances
Calculate prediction
Confusion matrix
Dataset: mfeat-karhunen 
Fold: 3 
Method: ctree 
Noise level:  30 %
Percentage of altered instances:  70 %
Using 280 indices (first 280 from shuffled list)
Loading noise data from: results/noise_injection/by_dataset/mfeat-karhunen_att1_noise0.3.csv 
Using 280 indices for  70 % of instances
Calculate prediction
Confusion matrix
Dataset: mfeat-karhunen 
Fold: 3 
Method: ctree 
Noise level:  30 %
Percentage of altered instances:  75 %
Using 300 indices (first 300 from shuffled list)
Loading noise data from: results/noise_injection/by_dataset/mfeat-karhunen_att1_noise0.3.csv 
Using 300 indices for  75 % of instances
Calculate prediction
Confusion matrix
Dataset: mfeat-karhunen 
Fold: 3 
Method: ctree 
Noise level:  30 %
Percentage of altered instances:  80 %
Using 320 indices (first 320 from shuffled list)
Loading noise data from: results/noise_injection/by_dataset/mfeat-karhunen_att1_noise0.3.csv 
Using 320 indices for  80 % of instances
Calculate prediction
Confusion matrix
Dataset: mfeat-karhunen 
Fold: 3 
Method: ctree 
Noise level:  30 %
Percentage of altered instances:  90 %
Using 360 indices (first 360 from shuffled list)
Loading noise data from: results/noise_injection/by_dataset/mfeat-karhunen_att1_noise0.3.csv 
Using 360 indices for  90 % of instances
Calculate prediction
Confusion matrix
Dataset: mfeat-karhunen 
Fold: 3 
Method: ctree 
Noise level:  30 %
Percentage of altered instances:  100 %
Using 400 indices (first 400 from shuffled list)
Loading noise data from: results/noise_injection/by_dataset/mfeat-karhunen_att1_noise0.3.csv 
Using 400 indices for  100 % of instances
Calculate prediction
Confusion matrix
Loaded 400 indices for fold 4 from: results/instances/original/vectors/mfeat-karhunen_ctree_all_folds.csv 

=== Training model with 10 % noise in training data ===
Critical percentage for training noise: 100 %
Loading training noise data from: results/noise_injection/by_dataset/mfeat-karhunen_att1_noise0.1.csv 
Altering 1600 out of 1600 training instances
Dataset: mfeat-karhunen 
Fold: 4 
Method: ctree 
Noise level:  10 %
Percentage of altered instances:  10 %
Using 40 indices (first 40 from shuffled list)
Loading noise data from: results/noise_injection/by_dataset/mfeat-karhunen_att1_noise0.1.csv 
Using 40 indices for  10 % of instances
Calculate prediction
Confusion matrix
Dataset: mfeat-karhunen 
Fold: 4 
Method: ctree 
Noise level:  10 %
Percentage of altered instances:  20 %
Using 80 indices (first 80 from shuffled list)
Loading noise data from: results/noise_injection/by_dataset/mfeat-karhunen_att1_noise0.1.csv 
Using 80 indices for  20 % of instances
Calculate prediction
Confusion matrix
Dataset: mfeat-karhunen 
Fold: 4 
Method: ctree 
Noise level:  10 %
Percentage of altered instances:  25 %
Using 100 indices (first 100 from shuffled list)
Loading noise data from: results/noise_injection/by_dataset/mfeat-karhunen_att1_noise0.1.csv 
Using 100 indices for  25 % of instances
Calculate prediction
Confusion matrix
Dataset: mfeat-karhunen 
Fold: 4 
Method: ctree 
Noise level:  10 %
Percentage of altered instances:  30 %
Using 120 indices (first 120 from shuffled list)
Loading noise data from: results/noise_injection/by_dataset/mfeat-karhunen_att1_noise0.1.csv 
Using 120 indices for  30 % of instances
Calculate prediction
Confusion matrix
Dataset: mfeat-karhunen 
Fold: 4 
Method: ctree 
Noise level:  10 %
Percentage of altered instances:  40 %
Using 160 indices (first 160 from shuffled list)
Loading noise data from: results/noise_injection/by_dataset/mfeat-karhunen_att1_noise0.1.csv 
Using 160 indices for  40 % of instances
Calculate prediction
Confusion matrix
Dataset: mfeat-karhunen 
Fold: 4 
Method: ctree 
Noise level:  10 %
Percentage of altered instances:  50 %
Using 200 indices (first 200 from shuffled list)
Loading noise data from: results/noise_injection/by_dataset/mfeat-karhunen_att1_noise0.1.csv 
Using 200 indices for  50 % of instances
Calculate prediction
Confusion matrix
Dataset: mfeat-karhunen 
Fold: 4 
Method: ctree 
Noise level:  10 %
Percentage of altered instances:  60 %
Using 240 indices (first 240 from shuffled list)
Loading noise data from: results/noise_injection/by_dataset/mfeat-karhunen_att1_noise0.1.csv 
Using 240 indices for  60 % of instances
Calculate prediction
Confusion matrix
Dataset: mfeat-karhunen 
Fold: 4 
Method: ctree 
Noise level:  10 %
Percentage of altered instances:  70 %
Using 280 indices (first 280 from shuffled list)
Loading noise data from: results/noise_injection/by_dataset/mfeat-karhunen_att1_noise0.1.csv 
Using 280 indices for  70 % of instances
Calculate prediction
Confusion matrix
Dataset: mfeat-karhunen 
Fold: 4 
Method: ctree 
Noise level:  10 %
Percentage of altered instances:  75 %
Using 300 indices (first 300 from shuffled list)
Loading noise data from: results/noise_injection/by_dataset/mfeat-karhunen_att1_noise0.1.csv 
Using 300 indices for  75 % of instances
Calculate prediction
Confusion matrix
Dataset: mfeat-karhunen 
Fold: 4 
Method: ctree 
Noise level:  10 %
Percentage of altered instances:  80 %
Using 320 indices (first 320 from shuffled list)
Loading noise data from: results/noise_injection/by_dataset/mfeat-karhunen_att1_noise0.1.csv 
Using 320 indices for  80 % of instances
Calculate prediction
Confusion matrix
Dataset: mfeat-karhunen 
Fold: 4 
Method: ctree 
Noise level:  10 %
Percentage of altered instances:  90 %
Using 360 indices (first 360 from shuffled list)
Loading noise data from: results/noise_injection/by_dataset/mfeat-karhunen_att1_noise0.1.csv 
Using 360 indices for  90 % of instances
Calculate prediction
Confusion matrix
Dataset: mfeat-karhunen 
Fold: 4 
Method: ctree 
Noise level:  10 %
Percentage of altered instances:  100 %
Using 400 indices (first 400 from shuffled list)
Loading noise data from: results/noise_injection/by_dataset/mfeat-karhunen_att1_noise0.1.csv 
Using 400 indices for  100 % of instances
Calculate prediction
Confusion matrix

=== Training model with 20 % noise in training data ===
Critical percentage for training noise: 75 %
Loading training noise data from: results/noise_injection/by_dataset/mfeat-karhunen_att1_noise0.2.csv 
Altering 1200 out of 1600 training instances
Dataset: mfeat-karhunen 
Fold: 4 
Method: ctree 
Noise level:  20 %
Percentage of altered instances:  10 %
Using 40 indices (first 40 from shuffled list)
Loading noise data from: results/noise_injection/by_dataset/mfeat-karhunen_att1_noise0.2.csv 
Using 40 indices for  10 % of instances
Calculate prediction
Confusion matrix
Dataset: mfeat-karhunen 
Fold: 4 
Method: ctree 
Noise level:  20 %
Percentage of altered instances:  20 %
Using 80 indices (first 80 from shuffled list)
Loading noise data from: results/noise_injection/by_dataset/mfeat-karhunen_att1_noise0.2.csv 
Using 80 indices for  20 % of instances
Calculate prediction
Confusion matrix
Dataset: mfeat-karhunen 
Fold: 4 
Method: ctree 
Noise level:  20 %
Percentage of altered instances:  25 %
Using 100 indices (first 100 from shuffled list)
Loading noise data from: results/noise_injection/by_dataset/mfeat-karhunen_att1_noise0.2.csv 
Using 100 indices for  25 % of instances
Calculate prediction
Confusion matrix
Dataset: mfeat-karhunen 
Fold: 4 
Method: ctree 
Noise level:  20 %
Percentage of altered instances:  30 %
Using 120 indices (first 120 from shuffled list)
Loading noise data from: results/noise_injection/by_dataset/mfeat-karhunen_att1_noise0.2.csv 
Using 120 indices for  30 % of instances
Calculate prediction
Confusion matrix
Dataset: mfeat-karhunen 
Fold: 4 
Method: ctree 
Noise level:  20 %
Percentage of altered instances:  40 %
Using 160 indices (first 160 from shuffled list)
Loading noise data from: results/noise_injection/by_dataset/mfeat-karhunen_att1_noise0.2.csv 
Using 160 indices for  40 % of instances
Calculate prediction
Confusion matrix
Dataset: mfeat-karhunen 
Fold: 4 
Method: ctree 
Noise level:  20 %
Percentage of altered instances:  50 %
Using 200 indices (first 200 from shuffled list)
Loading noise data from: results/noise_injection/by_dataset/mfeat-karhunen_att1_noise0.2.csv 
Using 200 indices for  50 % of instances
Calculate prediction
Confusion matrix
Dataset: mfeat-karhunen 
Fold: 4 
Method: ctree 
Noise level:  20 %
Percentage of altered instances:  60 %
Using 240 indices (first 240 from shuffled list)
Loading noise data from: results/noise_injection/by_dataset/mfeat-karhunen_att1_noise0.2.csv 
Using 240 indices for  60 % of instances
Calculate prediction
Confusion matrix
Dataset: mfeat-karhunen 
Fold: 4 
Method: ctree 
Noise level:  20 %
Percentage of altered instances:  70 %
Using 280 indices (first 280 from shuffled list)
Loading noise data from: results/noise_injection/by_dataset/mfeat-karhunen_att1_noise0.2.csv 
Using 280 indices for  70 % of instances
Calculate prediction
Confusion matrix
Dataset: mfeat-karhunen 
Fold: 4 
Method: ctree 
Noise level:  20 %
Percentage of altered instances:  75 %
Using 300 indices (first 300 from shuffled list)
Loading noise data from: results/noise_injection/by_dataset/mfeat-karhunen_att1_noise0.2.csv 
Using 300 indices for  75 % of instances
Calculate prediction
Confusion matrix
Dataset: mfeat-karhunen 
Fold: 4 
Method: ctree 
Noise level:  20 %
Percentage of altered instances:  80 %
Using 320 indices (first 320 from shuffled list)
Loading noise data from: results/noise_injection/by_dataset/mfeat-karhunen_att1_noise0.2.csv 
Using 320 indices for  80 % of instances
Calculate prediction
Confusion matrix
Dataset: mfeat-karhunen 
Fold: 4 
Method: ctree 
Noise level:  20 %
Percentage of altered instances:  90 %
Using 360 indices (first 360 from shuffled list)
Loading noise data from: results/noise_injection/by_dataset/mfeat-karhunen_att1_noise0.2.csv 
Using 360 indices for  90 % of instances
Calculate prediction
Confusion matrix
Dataset: mfeat-karhunen 
Fold: 4 
Method: ctree 
Noise level:  20 %
Percentage of altered instances:  100 %
Using 400 indices (first 400 from shuffled list)
Loading noise data from: results/noise_injection/by_dataset/mfeat-karhunen_att1_noise0.2.csv 
Using 400 indices for  100 % of instances
Calculate prediction
Confusion matrix

=== Training model with 30 % noise in training data ===
Critical percentage for training noise: 40 %
Loading training noise data from: results/noise_injection/by_dataset/mfeat-karhunen_att1_noise0.3.csv 
Altering 640 out of 1600 training instances
Dataset: mfeat-karhunen 
Fold: 4 
Method: ctree 
Noise level:  30 %
Percentage of altered instances:  10 %
Using 40 indices (first 40 from shuffled list)
Loading noise data from: results/noise_injection/by_dataset/mfeat-karhunen_att1_noise0.3.csv 
Using 40 indices for  10 % of instances
Calculate prediction
Confusion matrix
Dataset: mfeat-karhunen 
Fold: 4 
Method: ctree 
Noise level:  30 %
Percentage of altered instances:  20 %
Using 80 indices (first 80 from shuffled list)
Loading noise data from: results/noise_injection/by_dataset/mfeat-karhunen_att1_noise0.3.csv 
Using 80 indices for  20 % of instances
Calculate prediction
Confusion matrix
Dataset: mfeat-karhunen 
Fold: 4 
Method: ctree 
Noise level:  30 %
Percentage of altered instances:  25 %
Using 100 indices (first 100 from shuffled list)
Loading noise data from: results/noise_injection/by_dataset/mfeat-karhunen_att1_noise0.3.csv 
Using 100 indices for  25 % of instances
Calculate prediction
Confusion matrix
Dataset: mfeat-karhunen 
Fold: 4 
Method: ctree 
Noise level:  30 %
Percentage of altered instances:  30 %
Using 120 indices (first 120 from shuffled list)
Loading noise data from: results/noise_injection/by_dataset/mfeat-karhunen_att1_noise0.3.csv 
Using 120 indices for  30 % of instances
Calculate prediction
Confusion matrix
Dataset: mfeat-karhunen 
Fold: 4 
Method: ctree 
Noise level:  30 %
Percentage of altered instances:  40 %
Using 160 indices (first 160 from shuffled list)
Loading noise data from: results/noise_injection/by_dataset/mfeat-karhunen_att1_noise0.3.csv 
Using 160 indices for  40 % of instances
Calculate prediction
Confusion matrix
Dataset: mfeat-karhunen 
Fold: 4 
Method: ctree 
Noise level:  30 %
Percentage of altered instances:  50 %
Using 200 indices (first 200 from shuffled list)
Loading noise data from: results/noise_injection/by_dataset/mfeat-karhunen_att1_noise0.3.csv 
Using 200 indices for  50 % of instances
Calculate prediction
Confusion matrix
Dataset: mfeat-karhunen 
Fold: 4 
Method: ctree 
Noise level:  30 %
Percentage of altered instances:  60 %
Using 240 indices (first 240 from shuffled list)
Loading noise data from: results/noise_injection/by_dataset/mfeat-karhunen_att1_noise0.3.csv 
Using 240 indices for  60 % of instances
Calculate prediction
Confusion matrix
Dataset: mfeat-karhunen 
Fold: 4 
Method: ctree 
Noise level:  30 %
Percentage of altered instances:  70 %
Using 280 indices (first 280 from shuffled list)
Loading noise data from: results/noise_injection/by_dataset/mfeat-karhunen_att1_noise0.3.csv 
Using 280 indices for  70 % of instances
Calculate prediction
Confusion matrix
Dataset: mfeat-karhunen 
Fold: 4 
Method: ctree 
Noise level:  30 %
Percentage of altered instances:  75 %
Using 300 indices (first 300 from shuffled list)
Loading noise data from: results/noise_injection/by_dataset/mfeat-karhunen_att1_noise0.3.csv 
Using 300 indices for  75 % of instances
Calculate prediction
Confusion matrix
Dataset: mfeat-karhunen 
Fold: 4 
Method: ctree 
Noise level:  30 %
Percentage of altered instances:  80 %
Using 320 indices (first 320 from shuffled list)
Loading noise data from: results/noise_injection/by_dataset/mfeat-karhunen_att1_noise0.3.csv 
Using 320 indices for  80 % of instances
Calculate prediction
Confusion matrix
Dataset: mfeat-karhunen 
Fold: 4 
Method: ctree 
Noise level:  30 %
Percentage of altered instances:  90 %
Using 360 indices (first 360 from shuffled list)
Loading noise data from: results/noise_injection/by_dataset/mfeat-karhunen_att1_noise0.3.csv 
Using 360 indices for  90 % of instances
Calculate prediction
Confusion matrix
Dataset: mfeat-karhunen 
Fold: 4 
Method: ctree 
Noise level:  30 %
Percentage of altered instances:  100 %
Using 400 indices (first 400 from shuffled list)
Loading noise data from: results/noise_injection/by_dataset/mfeat-karhunen_att1_noise0.3.csv 
Using 400 indices for  100 % of instances
Calculate prediction
Confusion matrix
Loaded 400 indices for fold 5 from: results/instances/original/vectors/mfeat-karhunen_ctree_all_folds.csv 

=== Training model with 10 % noise in training data ===
Critical percentage for training noise: 100 %
Loading training noise data from: results/noise_injection/by_dataset/mfeat-karhunen_att1_noise0.1.csv 
Altering 1600 out of 1600 training instances
Dataset: mfeat-karhunen 
Fold: 5 
Method: ctree 
Noise level:  10 %
Percentage of altered instances:  10 %
Using 40 indices (first 40 from shuffled list)
Loading noise data from: results/noise_injection/by_dataset/mfeat-karhunen_att1_noise0.1.csv 
Using 40 indices for  10 % of instances
Calculate prediction
Confusion matrix
Dataset: mfeat-karhunen 
Fold: 5 
Method: ctree 
Noise level:  10 %
Percentage of altered instances:  20 %
Using 80 indices (first 80 from shuffled list)
Loading noise data from: results/noise_injection/by_dataset/mfeat-karhunen_att1_noise0.1.csv 
Using 80 indices for  20 % of instances
Calculate prediction
Confusion matrix
Dataset: mfeat-karhunen 
Fold: 5 
Method: ctree 
Noise level:  10 %
Percentage of altered instances:  25 %
Using 100 indices (first 100 from shuffled list)
Loading noise data from: results/noise_injection/by_dataset/mfeat-karhunen_att1_noise0.1.csv 
Using 100 indices for  25 % of instances
Calculate prediction
Confusion matrix
Dataset: mfeat-karhunen 
Fold: 5 
Method: ctree 
Noise level:  10 %
Percentage of altered instances:  30 %
Using 120 indices (first 120 from shuffled list)
Loading noise data from: results/noise_injection/by_dataset/mfeat-karhunen_att1_noise0.1.csv 
Using 120 indices for  30 % of instances
Calculate prediction
Confusion matrix
Dataset: mfeat-karhunen 
Fold: 5 
Method: ctree 
Noise level:  10 %
Percentage of altered instances:  40 %
Using 160 indices (first 160 from shuffled list)
Loading noise data from: results/noise_injection/by_dataset/mfeat-karhunen_att1_noise0.1.csv 
Using 160 indices for  40 % of instances
Calculate prediction
Confusion matrix
Dataset: mfeat-karhunen 
Fold: 5 
Method: ctree 
Noise level:  10 %
Percentage of altered instances:  50 %
Using 200 indices (first 200 from shuffled list)
Loading noise data from: results/noise_injection/by_dataset/mfeat-karhunen_att1_noise0.1.csv 
Using 200 indices for  50 % of instances
Calculate prediction
Confusion matrix
Dataset: mfeat-karhunen 
Fold: 5 
Method: ctree 
Noise level:  10 %
Percentage of altered instances:  60 %
Using 240 indices (first 240 from shuffled list)
Loading noise data from: results/noise_injection/by_dataset/mfeat-karhunen_att1_noise0.1.csv 
Using 240 indices for  60 % of instances
Calculate prediction
Confusion matrix
Dataset: mfeat-karhunen 
Fold: 5 
Method: ctree 
Noise level:  10 %
Percentage of altered instances:  70 %
Using 280 indices (first 280 from shuffled list)
Loading noise data from: results/noise_injection/by_dataset/mfeat-karhunen_att1_noise0.1.csv 
Using 280 indices for  70 % of instances
Calculate prediction
Confusion matrix
Dataset: mfeat-karhunen 
Fold: 5 
Method: ctree 
Noise level:  10 %
Percentage of altered instances:  75 %
Using 300 indices (first 300 from shuffled list)
Loading noise data from: results/noise_injection/by_dataset/mfeat-karhunen_att1_noise0.1.csv 
Using 300 indices for  75 % of instances
Calculate prediction
Confusion matrix
Dataset: mfeat-karhunen 
Fold: 5 
Method: ctree 
Noise level:  10 %
Percentage of altered instances:  80 %
Using 320 indices (first 320 from shuffled list)
Loading noise data from: results/noise_injection/by_dataset/mfeat-karhunen_att1_noise0.1.csv 
Using 320 indices for  80 % of instances
Calculate prediction
Confusion matrix
Dataset: mfeat-karhunen 
Fold: 5 
Method: ctree 
Noise level:  10 %
Percentage of altered instances:  90 %
Using 360 indices (first 360 from shuffled list)
Loading noise data from: results/noise_injection/by_dataset/mfeat-karhunen_att1_noise0.1.csv 
Using 360 indices for  90 % of instances
Calculate prediction
Confusion matrix
Dataset: mfeat-karhunen 
Fold: 5 
Method: ctree 
Noise level:  10 %
Percentage of altered instances:  100 %
Using 400 indices (first 400 from shuffled list)
Loading noise data from: results/noise_injection/by_dataset/mfeat-karhunen_att1_noise0.1.csv 
Using 400 indices for  100 % of instances
Calculate prediction
Confusion matrix

=== Training model with 20 % noise in training data ===
Critical percentage for training noise: 75 %
Loading training noise data from: results/noise_injection/by_dataset/mfeat-karhunen_att1_noise0.2.csv 
Altering 1200 out of 1600 training instances
Dataset: mfeat-karhunen 
Fold: 5 
Method: ctree 
Noise level:  20 %
Percentage of altered instances:  10 %
Using 40 indices (first 40 from shuffled list)
Loading noise data from: results/noise_injection/by_dataset/mfeat-karhunen_att1_noise0.2.csv 
Using 40 indices for  10 % of instances
Calculate prediction
Confusion matrix
Dataset: mfeat-karhunen 
Fold: 5 
Method: ctree 
Noise level:  20 %
Percentage of altered instances:  20 %
Using 80 indices (first 80 from shuffled list)
Loading noise data from: results/noise_injection/by_dataset/mfeat-karhunen_att1_noise0.2.csv 
Using 80 indices for  20 % of instances
Calculate prediction
Confusion matrix
Dataset: mfeat-karhunen 
Fold: 5 
Method: ctree 
Noise level:  20 %
Percentage of altered instances:  25 %
Using 100 indices (first 100 from shuffled list)
Loading noise data from: results/noise_injection/by_dataset/mfeat-karhunen_att1_noise0.2.csv 
Using 100 indices for  25 % of instances
Calculate prediction
Confusion matrix
Dataset: mfeat-karhunen 
Fold: 5 
Method: ctree 
Noise level:  20 %
Percentage of altered instances:  30 %
Using 120 indices (first 120 from shuffled list)
Loading noise data from: results/noise_injection/by_dataset/mfeat-karhunen_att1_noise0.2.csv 
Using 120 indices for  30 % of instances
Calculate prediction
Confusion matrix
Dataset: mfeat-karhunen 
Fold: 5 
Method: ctree 
Noise level:  20 %
Percentage of altered instances:  40 %
Using 160 indices (first 160 from shuffled list)
Loading noise data from: results/noise_injection/by_dataset/mfeat-karhunen_att1_noise0.2.csv 
Using 160 indices for  40 % of instances
Calculate prediction
Confusion matrix
Dataset: mfeat-karhunen 
Fold: 5 
Method: ctree 
Noise level:  20 %
Percentage of altered instances:  50 %
Using 200 indices (first 200 from shuffled list)
Loading noise data from: results/noise_injection/by_dataset/mfeat-karhunen_att1_noise0.2.csv 
Using 200 indices for  50 % of instances
Calculate prediction
Confusion matrix
Dataset: mfeat-karhunen 
Fold: 5 
Method: ctree 
Noise level:  20 %
Percentage of altered instances:  60 %
Using 240 indices (first 240 from shuffled list)
Loading noise data from: results/noise_injection/by_dataset/mfeat-karhunen_att1_noise0.2.csv 
Using 240 indices for  60 % of instances
Calculate prediction
Confusion matrix
Dataset: mfeat-karhunen 
Fold: 5 
Method: ctree 
Noise level:  20 %
Percentage of altered instances:  70 %
Using 280 indices (first 280 from shuffled list)
Loading noise data from: results/noise_injection/by_dataset/mfeat-karhunen_att1_noise0.2.csv 
Using 280 indices for  70 % of instances
Calculate prediction
Confusion matrix
Dataset: mfeat-karhunen 
Fold: 5 
Method: ctree 
Noise level:  20 %
Percentage of altered instances:  75 %
Using 300 indices (first 300 from shuffled list)
Loading noise data from: results/noise_injection/by_dataset/mfeat-karhunen_att1_noise0.2.csv 
Using 300 indices for  75 % of instances
Calculate prediction
Confusion matrix
Dataset: mfeat-karhunen 
Fold: 5 
Method: ctree 
Noise level:  20 %
Percentage of altered instances:  80 %
Using 320 indices (first 320 from shuffled list)
Loading noise data from: results/noise_injection/by_dataset/mfeat-karhunen_att1_noise0.2.csv 
Using 320 indices for  80 % of instances
Calculate prediction
Confusion matrix
Dataset: mfeat-karhunen 
Fold: 5 
Method: ctree 
Noise level:  20 %
Percentage of altered instances:  90 %
Using 360 indices (first 360 from shuffled list)
Loading noise data from: results/noise_injection/by_dataset/mfeat-karhunen_att1_noise0.2.csv 
Using 360 indices for  90 % of instances
Calculate prediction
Confusion matrix
Dataset: mfeat-karhunen 
Fold: 5 
Method: ctree 
Noise level:  20 %
Percentage of altered instances:  100 %
Using 400 indices (first 400 from shuffled list)
Loading noise data from: results/noise_injection/by_dataset/mfeat-karhunen_att1_noise0.2.csv 
Using 400 indices for  100 % of instances
Calculate prediction
Confusion matrix

=== Training model with 30 % noise in training data ===
Critical percentage for training noise: 40 %
Loading training noise data from: results/noise_injection/by_dataset/mfeat-karhunen_att1_noise0.3.csv 
Altering 640 out of 1600 training instances
Dataset: mfeat-karhunen 
Fold: 5 
Method: ctree 
Noise level:  30 %
Percentage of altered instances:  10 %
Using 40 indices (first 40 from shuffled list)
Loading noise data from: results/noise_injection/by_dataset/mfeat-karhunen_att1_noise0.3.csv 
Using 40 indices for  10 % of instances
Calculate prediction
Confusion matrix
Dataset: mfeat-karhunen 
Fold: 5 
Method: ctree 
Noise level:  30 %
Percentage of altered instances:  20 %
Using 80 indices (first 80 from shuffled list)
Loading noise data from: results/noise_injection/by_dataset/mfeat-karhunen_att1_noise0.3.csv 
Using 80 indices for  20 % of instances
Calculate prediction
Confusion matrix
Dataset: mfeat-karhunen 
Fold: 5 
Method: ctree 
Noise level:  30 %
Percentage of altered instances:  25 %
Using 100 indices (first 100 from shuffled list)
Loading noise data from: results/noise_injection/by_dataset/mfeat-karhunen_att1_noise0.3.csv 
Using 100 indices for  25 % of instances
Calculate prediction
Confusion matrix
Dataset: mfeat-karhunen 
Fold: 5 
Method: ctree 
Noise level:  30 %
Percentage of altered instances:  30 %
Using 120 indices (first 120 from shuffled list)
Loading noise data from: results/noise_injection/by_dataset/mfeat-karhunen_att1_noise0.3.csv 
Using 120 indices for  30 % of instances
Calculate prediction
Confusion matrix
Dataset: mfeat-karhunen 
Fold: 5 
Method: ctree 
Noise level:  30 %
Percentage of altered instances:  40 %
Using 160 indices (first 160 from shuffled list)
Loading noise data from: results/noise_injection/by_dataset/mfeat-karhunen_att1_noise0.3.csv 
Using 160 indices for  40 % of instances
Calculate prediction
Confusion matrix
Dataset: mfeat-karhunen 
Fold: 5 
Method: ctree 
Noise level:  30 %
Percentage of altered instances:  50 %
Using 200 indices (first 200 from shuffled list)
Loading noise data from: results/noise_injection/by_dataset/mfeat-karhunen_att1_noise0.3.csv 
Using 200 indices for  50 % of instances
Calculate prediction
Confusion matrix
Dataset: mfeat-karhunen 
Fold: 5 
Method: ctree 
Noise level:  30 %
Percentage of altered instances:  60 %
Using 240 indices (first 240 from shuffled list)
Loading noise data from: results/noise_injection/by_dataset/mfeat-karhunen_att1_noise0.3.csv 
Using 240 indices for  60 % of instances
Calculate prediction
Confusion matrix
Dataset: mfeat-karhunen 
Fold: 5 
Method: ctree 
Noise level:  30 %
Percentage of altered instances:  70 %
Using 280 indices (first 280 from shuffled list)
Loading noise data from: results/noise_injection/by_dataset/mfeat-karhunen_att1_noise0.3.csv 
Using 280 indices for  70 % of instances
Calculate prediction
Confusion matrix
Dataset: mfeat-karhunen 
Fold: 5 
Method: ctree 
Noise level:  30 %
Percentage of altered instances:  75 %
Using 300 indices (first 300 from shuffled list)
Loading noise data from: results/noise_injection/by_dataset/mfeat-karhunen_att1_noise0.3.csv 
Using 300 indices for  75 % of instances
Calculate prediction
Confusion matrix
Dataset: mfeat-karhunen 
Fold: 5 
Method: ctree 
Noise level:  30 %
Percentage of altered instances:  80 %
Using 320 indices (first 320 from shuffled list)
Loading noise data from: results/noise_injection/by_dataset/mfeat-karhunen_att1_noise0.3.csv 
Using 320 indices for  80 % of instances
Calculate prediction
Confusion matrix
Dataset: mfeat-karhunen 
Fold: 5 
Method: ctree 
Noise level:  30 %
Percentage of altered instances:  90 %
Using 360 indices (first 360 from shuffled list)
Loading noise data from: results/noise_injection/by_dataset/mfeat-karhunen_att1_noise0.3.csv 
Using 360 indices for  90 % of instances
Calculate prediction
Confusion matrix
Dataset: mfeat-karhunen 
Fold: 5 
Method: ctree 
Noise level:  30 %
Percentage of altered instances:  100 %
Using 400 indices (first 400 from shuffled list)
Loading noise data from: results/noise_injection/by_dataset/mfeat-karhunen_att1_noise0.3.csv 
Using 400 indices for  100 % of instances
Calculate prediction
Confusion matrix
Saved results to: results/instances/train_noise/by_dataset/mfeat-karhunen_ctree_results.csv 
----------------
****************************
Instances altered with noise
****************************
