Current working directory: /home/chris/github/kappa-threshold 
parameters.csv exists: TRUE 
parameters.csv absolute path: /home/chris/github/kappa-threshold/data/files/parameters.csv 
Processing model: multinom for dataset: mfeat-karhunen 
Loaded 400 indices for fold 1 from: results/instances/original/vectors/mfeat-karhunen_multinom_all_folds.csv 

=== Training model with 10 % noise in training data ===
Critical percentage for training noise: 100 %
Loading training noise data from: results/noise_injection/by_dataset/mfeat-karhunen_att1_noise0.1.csv 
Altering 1600 out of 1600 training instances
# weights:  660 (585 variable)
initial  value 3684.136149 
iter  10 value 254.481125
iter  20 value 167.771524
iter  30 value 141.688479
iter  40 value 121.228739
iter  50 value 95.800852
iter  60 value 67.475074
iter  70 value 57.127596
iter  80 value 50.663251
iter  90 value 45.348347
iter 100 value 37.379913
final  value 37.379913 
stopped after 100 iterations
Dataset: mfeat-karhunen 
Fold: 1 
Method: multinom 
Noise level:  10 %
Percentage of altered instances:  10 %
Using 40 indices (first 40 from shuffled list)
Loading noise data from: results/noise_injection/by_dataset/mfeat-karhunen_att1_noise0.1.csv 
Using 40 indices for  10 % of instances
Calculate prediction
Confusion matrix
Dataset: mfeat-karhunen 
Fold: 1 
Method: multinom 
Noise level:  10 %
Percentage of altered instances:  20 %
Using 80 indices (first 80 from shuffled list)
Loading noise data from: results/noise_injection/by_dataset/mfeat-karhunen_att1_noise0.1.csv 
Using 80 indices for  20 % of instances
Calculate prediction
Confusion matrix
Dataset: mfeat-karhunen 
Fold: 1 
Method: multinom 
Noise level:  10 %
Percentage of altered instances:  25 %
Using 100 indices (first 100 from shuffled list)
Loading noise data from: results/noise_injection/by_dataset/mfeat-karhunen_att1_noise0.1.csv 
Using 100 indices for  25 % of instances
Calculate prediction
Confusion matrix
Dataset: mfeat-karhunen 
Fold: 1 
Method: multinom 
Noise level:  10 %
Percentage of altered instances:  30 %
Using 120 indices (first 120 from shuffled list)
Loading noise data from: results/noise_injection/by_dataset/mfeat-karhunen_att1_noise0.1.csv 
Using 120 indices for  30 % of instances
Calculate prediction
Confusion matrix
Dataset: mfeat-karhunen 
Fold: 1 
Method: multinom 
Noise level:  10 %
Percentage of altered instances:  40 %
Using 160 indices (first 160 from shuffled list)
Loading noise data from: results/noise_injection/by_dataset/mfeat-karhunen_att1_noise0.1.csv 
Using 160 indices for  40 % of instances
Calculate prediction
Confusion matrix
Dataset: mfeat-karhunen 
Fold: 1 
Method: multinom 
Noise level:  10 %
Percentage of altered instances:  50 %
Using 200 indices (first 200 from shuffled list)
Loading noise data from: results/noise_injection/by_dataset/mfeat-karhunen_att1_noise0.1.csv 
Using 200 indices for  50 % of instances
Calculate prediction
Confusion matrix
Dataset: mfeat-karhunen 
Fold: 1 
Method: multinom 
Noise level:  10 %
Percentage of altered instances:  60 %
Using 240 indices (first 240 from shuffled list)
Loading noise data from: results/noise_injection/by_dataset/mfeat-karhunen_att1_noise0.1.csv 
Using 240 indices for  60 % of instances
Calculate prediction
Confusion matrix
Dataset: mfeat-karhunen 
Fold: 1 
Method: multinom 
Noise level:  10 %
Percentage of altered instances:  70 %
Using 280 indices (first 280 from shuffled list)
Loading noise data from: results/noise_injection/by_dataset/mfeat-karhunen_att1_noise0.1.csv 
Using 280 indices for  70 % of instances
Calculate prediction
Confusion matrix
Dataset: mfeat-karhunen 
Fold: 1 
Method: multinom 
Noise level:  10 %
Percentage of altered instances:  75 %
Using 300 indices (first 300 from shuffled list)
Loading noise data from: results/noise_injection/by_dataset/mfeat-karhunen_att1_noise0.1.csv 
Using 300 indices for  75 % of instances
Calculate prediction
Confusion matrix
Dataset: mfeat-karhunen 
Fold: 1 
Method: multinom 
Noise level:  10 %
Percentage of altered instances:  80 %
Using 320 indices (first 320 from shuffled list)
Loading noise data from: results/noise_injection/by_dataset/mfeat-karhunen_att1_noise0.1.csv 
Using 320 indices for  80 % of instances
Calculate prediction
Confusion matrix
Dataset: mfeat-karhunen 
Fold: 1 
Method: multinom 
Noise level:  10 %
Percentage of altered instances:  90 %
Using 360 indices (first 360 from shuffled list)
Loading noise data from: results/noise_injection/by_dataset/mfeat-karhunen_att1_noise0.1.csv 
Using 360 indices for  90 % of instances
Calculate prediction
Confusion matrix
Dataset: mfeat-karhunen 
Fold: 1 
Method: multinom 
Noise level:  10 %
Percentage of altered instances:  100 %
Using 400 indices (first 400 from shuffled list)
Loading noise data from: results/noise_injection/by_dataset/mfeat-karhunen_att1_noise0.1.csv 
Using 400 indices for  100 % of instances
Calculate prediction
Confusion matrix

=== Training model with 20 % noise in training data ===
Critical percentage for training noise: 100 %
Loading training noise data from: results/noise_injection/by_dataset/mfeat-karhunen_att1_noise0.2.csv 
Altering 1600 out of 1600 training instances
# weights:  660 (585 variable)
initial  value 3684.136149 
iter  10 value 252.814732
iter  20 value 160.706275
iter  30 value 133.604283
iter  40 value 119.265892
iter  50 value 89.434063
iter  60 value 65.399428
iter  70 value 56.866648
iter  80 value 51.594568
iter  90 value 46.484691
iter 100 value 38.764325
final  value 38.764325 
stopped after 100 iterations
Dataset: mfeat-karhunen 
Fold: 1 
Method: multinom 
Noise level:  20 %
Percentage of altered instances:  10 %
Using 40 indices (first 40 from shuffled list)
Loading noise data from: results/noise_injection/by_dataset/mfeat-karhunen_att1_noise0.2.csv 
Using 40 indices for  10 % of instances
Calculate prediction
Confusion matrix
Dataset: mfeat-karhunen 
Fold: 1 
Method: multinom 
Noise level:  20 %
Percentage of altered instances:  20 %
Using 80 indices (first 80 from shuffled list)
Loading noise data from: results/noise_injection/by_dataset/mfeat-karhunen_att1_noise0.2.csv 
Using 80 indices for  20 % of instances
Calculate prediction
Confusion matrix
Dataset: mfeat-karhunen 
Fold: 1 
Method: multinom 
Noise level:  20 %
Percentage of altered instances:  25 %
Using 100 indices (first 100 from shuffled list)
Loading noise data from: results/noise_injection/by_dataset/mfeat-karhunen_att1_noise0.2.csv 
Using 100 indices for  25 % of instances
Calculate prediction
Confusion matrix
Dataset: mfeat-karhunen 
Fold: 1 
Method: multinom 
Noise level:  20 %
Percentage of altered instances:  30 %
Using 120 indices (first 120 from shuffled list)
Loading noise data from: results/noise_injection/by_dataset/mfeat-karhunen_att1_noise0.2.csv 
Using 120 indices for  30 % of instances
Calculate prediction
Confusion matrix
Dataset: mfeat-karhunen 
Fold: 1 
Method: multinom 
Noise level:  20 %
Percentage of altered instances:  40 %
Using 160 indices (first 160 from shuffled list)
Loading noise data from: results/noise_injection/by_dataset/mfeat-karhunen_att1_noise0.2.csv 
Using 160 indices for  40 % of instances
Calculate prediction
Confusion matrix
Dataset: mfeat-karhunen 
Fold: 1 
Method: multinom 
Noise level:  20 %
Percentage of altered instances:  50 %
Using 200 indices (first 200 from shuffled list)
Loading noise data from: results/noise_injection/by_dataset/mfeat-karhunen_att1_noise0.2.csv 
Using 200 indices for  50 % of instances
Calculate prediction
Confusion matrix
Dataset: mfeat-karhunen 
Fold: 1 
Method: multinom 
Noise level:  20 %
Percentage of altered instances:  60 %
Using 240 indices (first 240 from shuffled list)
Loading noise data from: results/noise_injection/by_dataset/mfeat-karhunen_att1_noise0.2.csv 
Using 240 indices for  60 % of instances
Calculate prediction
Confusion matrix
Dataset: mfeat-karhunen 
Fold: 1 
Method: multinom 
Noise level:  20 %
Percentage of altered instances:  70 %
Using 280 indices (first 280 from shuffled list)
Loading noise data from: results/noise_injection/by_dataset/mfeat-karhunen_att1_noise0.2.csv 
Using 280 indices for  70 % of instances
Calculate prediction
Confusion matrix
Dataset: mfeat-karhunen 
Fold: 1 
Method: multinom 
Noise level:  20 %
Percentage of altered instances:  75 %
Using 300 indices (first 300 from shuffled list)
Loading noise data from: results/noise_injection/by_dataset/mfeat-karhunen_att1_noise0.2.csv 
Using 300 indices for  75 % of instances
Calculate prediction
Confusion matrix
Dataset: mfeat-karhunen 
Fold: 1 
Method: multinom 
Noise level:  20 %
Percentage of altered instances:  80 %
Using 320 indices (first 320 from shuffled list)
Loading noise data from: results/noise_injection/by_dataset/mfeat-karhunen_att1_noise0.2.csv 
Using 320 indices for  80 % of instances
Calculate prediction
Confusion matrix
Dataset: mfeat-karhunen 
Fold: 1 
Method: multinom 
Noise level:  20 %
Percentage of altered instances:  90 %
Using 360 indices (first 360 from shuffled list)
Loading noise data from: results/noise_injection/by_dataset/mfeat-karhunen_att1_noise0.2.csv 
Using 360 indices for  90 % of instances
Calculate prediction
Confusion matrix
Dataset: mfeat-karhunen 
Fold: 1 
Method: multinom 
Noise level:  20 %
Percentage of altered instances:  100 %
Using 400 indices (first 400 from shuffled list)
Loading noise data from: results/noise_injection/by_dataset/mfeat-karhunen_att1_noise0.2.csv 
Using 400 indices for  100 % of instances
Calculate prediction
Confusion matrix

=== Training model with 30 % noise in training data ===
Critical percentage for training noise: 100 %
Loading training noise data from: results/noise_injection/by_dataset/mfeat-karhunen_att1_noise0.3.csv 
Altering 1600 out of 1600 training instances
# weights:  660 (585 variable)
initial  value 3684.136149 
iter  10 value 242.958934
iter  20 value 159.578781
iter  30 value 131.280153
iter  40 value 115.794808
iter  50 value 86.537899
iter  60 value 65.979035
iter  70 value 57.252110
iter  80 value 51.339589
iter  90 value 45.726280
iter 100 value 39.455295
final  value 39.455295 
stopped after 100 iterations
Dataset: mfeat-karhunen 
Fold: 1 
Method: multinom 
Noise level:  30 %
Percentage of altered instances:  10 %
Using 40 indices (first 40 from shuffled list)
Loading noise data from: results/noise_injection/by_dataset/mfeat-karhunen_att1_noise0.3.csv 
Using 40 indices for  10 % of instances
Calculate prediction
Confusion matrix
Dataset: mfeat-karhunen 
Fold: 1 
Method: multinom 
Noise level:  30 %
Percentage of altered instances:  20 %
Using 80 indices (first 80 from shuffled list)
Loading noise data from: results/noise_injection/by_dataset/mfeat-karhunen_att1_noise0.3.csv 
Using 80 indices for  20 % of instances
Calculate prediction
Confusion matrix
Dataset: mfeat-karhunen 
Fold: 1 
Method: multinom 
Noise level:  30 %
Percentage of altered instances:  25 %
Using 100 indices (first 100 from shuffled list)
Loading noise data from: results/noise_injection/by_dataset/mfeat-karhunen_att1_noise0.3.csv 
Using 100 indices for  25 % of instances
Calculate prediction
Confusion matrix
Dataset: mfeat-karhunen 
Fold: 1 
Method: multinom 
Noise level:  30 %
Percentage of altered instances:  30 %
Using 120 indices (first 120 from shuffled list)
Loading noise data from: results/noise_injection/by_dataset/mfeat-karhunen_att1_noise0.3.csv 
Using 120 indices for  30 % of instances
Calculate prediction
Confusion matrix
Dataset: mfeat-karhunen 
Fold: 1 
Method: multinom 
Noise level:  30 %
Percentage of altered instances:  40 %
Using 160 indices (first 160 from shuffled list)
Loading noise data from: results/noise_injection/by_dataset/mfeat-karhunen_att1_noise0.3.csv 
Using 160 indices for  40 % of instances
Calculate prediction
Confusion matrix
Dataset: mfeat-karhunen 
Fold: 1 
Method: multinom 
Noise level:  30 %
Percentage of altered instances:  50 %
Using 200 indices (first 200 from shuffled list)
Loading noise data from: results/noise_injection/by_dataset/mfeat-karhunen_att1_noise0.3.csv 
Using 200 indices for  50 % of instances
Calculate prediction
Confusion matrix
Dataset: mfeat-karhunen 
Fold: 1 
Method: multinom 
Noise level:  30 %
Percentage of altered instances:  60 %
Using 240 indices (first 240 from shuffled list)
Loading noise data from: results/noise_injection/by_dataset/mfeat-karhunen_att1_noise0.3.csv 
Using 240 indices for  60 % of instances
Calculate prediction
Confusion matrix
Dataset: mfeat-karhunen 
Fold: 1 
Method: multinom 
Noise level:  30 %
Percentage of altered instances:  70 %
Using 280 indices (first 280 from shuffled list)
Loading noise data from: results/noise_injection/by_dataset/mfeat-karhunen_att1_noise0.3.csv 
Using 280 indices for  70 % of instances
Calculate prediction
Confusion matrix
Dataset: mfeat-karhunen 
Fold: 1 
Method: multinom 
Noise level:  30 %
Percentage of altered instances:  75 %
Using 300 indices (first 300 from shuffled list)
Loading noise data from: results/noise_injection/by_dataset/mfeat-karhunen_att1_noise0.3.csv 
Using 300 indices for  75 % of instances
Calculate prediction
Confusion matrix
Dataset: mfeat-karhunen 
Fold: 1 
Method: multinom 
Noise level:  30 %
Percentage of altered instances:  80 %
Using 320 indices (first 320 from shuffled list)
Loading noise data from: results/noise_injection/by_dataset/mfeat-karhunen_att1_noise0.3.csv 
Using 320 indices for  80 % of instances
Calculate prediction
Confusion matrix
Dataset: mfeat-karhunen 
Fold: 1 
Method: multinom 
Noise level:  30 %
Percentage of altered instances:  90 %
Using 360 indices (first 360 from shuffled list)
Loading noise data from: results/noise_injection/by_dataset/mfeat-karhunen_att1_noise0.3.csv 
Using 360 indices for  90 % of instances
Calculate prediction
Confusion matrix
Dataset: mfeat-karhunen 
Fold: 1 
Method: multinom 
Noise level:  30 %
Percentage of altered instances:  100 %
Using 400 indices (first 400 from shuffled list)
Loading noise data from: results/noise_injection/by_dataset/mfeat-karhunen_att1_noise0.3.csv 
Using 400 indices for  100 % of instances
Calculate prediction
Confusion matrix
Loaded 400 indices for fold 2 from: results/instances/original/vectors/mfeat-karhunen_multinom_all_folds.csv 

=== Training model with 10 % noise in training data ===
Critical percentage for training noise: 100 %
Loading training noise data from: results/noise_injection/by_dataset/mfeat-karhunen_att1_noise0.1.csv 
Altering 1600 out of 1600 training instances
# weights:  660 (585 variable)
initial  value 3684.136149 
iter  10 value 223.503731
iter  20 value 145.445647
iter  30 value 124.476195
iter  40 value 110.082726
iter  50 value 78.758088
iter  60 value 57.858316
iter  70 value 49.337757
iter  80 value 43.311588
iter  90 value 38.018377
iter 100 value 31.054982
final  value 31.054982 
stopped after 100 iterations
Dataset: mfeat-karhunen 
Fold: 2 
Method: multinom 
Noise level:  10 %
Percentage of altered instances:  10 %
Using 40 indices (first 40 from shuffled list)
Loading noise data from: results/noise_injection/by_dataset/mfeat-karhunen_att1_noise0.1.csv 
Using 40 indices for  10 % of instances
Calculate prediction
Confusion matrix
Dataset: mfeat-karhunen 
Fold: 2 
Method: multinom 
Noise level:  10 %
Percentage of altered instances:  20 %
Using 80 indices (first 80 from shuffled list)
Loading noise data from: results/noise_injection/by_dataset/mfeat-karhunen_att1_noise0.1.csv 
Using 80 indices for  20 % of instances
Calculate prediction
Confusion matrix
Dataset: mfeat-karhunen 
Fold: 2 
Method: multinom 
Noise level:  10 %
Percentage of altered instances:  25 %
Using 100 indices (first 100 from shuffled list)
Loading noise data from: results/noise_injection/by_dataset/mfeat-karhunen_att1_noise0.1.csv 
Using 100 indices for  25 % of instances
Calculate prediction
Confusion matrix
Dataset: mfeat-karhunen 
Fold: 2 
Method: multinom 
Noise level:  10 %
Percentage of altered instances:  30 %
Using 120 indices (first 120 from shuffled list)
Loading noise data from: results/noise_injection/by_dataset/mfeat-karhunen_att1_noise0.1.csv 
Using 120 indices for  30 % of instances
Calculate prediction
Confusion matrix
Dataset: mfeat-karhunen 
Fold: 2 
Method: multinom 
Noise level:  10 %
Percentage of altered instances:  40 %
Using 160 indices (first 160 from shuffled list)
Loading noise data from: results/noise_injection/by_dataset/mfeat-karhunen_att1_noise0.1.csv 
Using 160 indices for  40 % of instances
Calculate prediction
Confusion matrix
Dataset: mfeat-karhunen 
Fold: 2 
Method: multinom 
Noise level:  10 %
Percentage of altered instances:  50 %
Using 200 indices (first 200 from shuffled list)
Loading noise data from: results/noise_injection/by_dataset/mfeat-karhunen_att1_noise0.1.csv 
Using 200 indices for  50 % of instances
Calculate prediction
Confusion matrix
Dataset: mfeat-karhunen 
Fold: 2 
Method: multinom 
Noise level:  10 %
Percentage of altered instances:  60 %
Using 240 indices (first 240 from shuffled list)
Loading noise data from: results/noise_injection/by_dataset/mfeat-karhunen_att1_noise0.1.csv 
Using 240 indices for  60 % of instances
Calculate prediction
Confusion matrix
Dataset: mfeat-karhunen 
Fold: 2 
Method: multinom 
Noise level:  10 %
Percentage of altered instances:  70 %
Using 280 indices (first 280 from shuffled list)
Loading noise data from: results/noise_injection/by_dataset/mfeat-karhunen_att1_noise0.1.csv 
Using 280 indices for  70 % of instances
Calculate prediction
Confusion matrix
Dataset: mfeat-karhunen 
Fold: 2 
Method: multinom 
Noise level:  10 %
Percentage of altered instances:  75 %
Using 300 indices (first 300 from shuffled list)
Loading noise data from: results/noise_injection/by_dataset/mfeat-karhunen_att1_noise0.1.csv 
Using 300 indices for  75 % of instances
Calculate prediction
Confusion matrix
Dataset: mfeat-karhunen 
Fold: 2 
Method: multinom 
Noise level:  10 %
Percentage of altered instances:  80 %
Using 320 indices (first 320 from shuffled list)
Loading noise data from: results/noise_injection/by_dataset/mfeat-karhunen_att1_noise0.1.csv 
Using 320 indices for  80 % of instances
Calculate prediction
Confusion matrix
Dataset: mfeat-karhunen 
Fold: 2 
Method: multinom 
Noise level:  10 %
Percentage of altered instances:  90 %
Using 360 indices (first 360 from shuffled list)
Loading noise data from: results/noise_injection/by_dataset/mfeat-karhunen_att1_noise0.1.csv 
Using 360 indices for  90 % of instances
Calculate prediction
Confusion matrix
Dataset: mfeat-karhunen 
Fold: 2 
Method: multinom 
Noise level:  10 %
Percentage of altered instances:  100 %
Using 400 indices (first 400 from shuffled list)
Loading noise data from: results/noise_injection/by_dataset/mfeat-karhunen_att1_noise0.1.csv 
Using 400 indices for  100 % of instances
Calculate prediction
Confusion matrix

=== Training model with 20 % noise in training data ===
Critical percentage for training noise: 100 %
Loading training noise data from: results/noise_injection/by_dataset/mfeat-karhunen_att1_noise0.2.csv 
Altering 1600 out of 1600 training instances
# weights:  660 (585 variable)
initial  value 3684.136149 
iter  10 value 252.358810
iter  20 value 161.987626
iter  30 value 130.480716
iter  40 value 113.863856
iter  50 value 83.962315
iter  60 value 60.739072
iter  70 value 52.233657
iter  80 value 45.744448
iter  90 value 41.121406
iter 100 value 33.738894
final  value 33.738894 
stopped after 100 iterations
Dataset: mfeat-karhunen 
Fold: 2 
Method: multinom 
Noise level:  20 %
Percentage of altered instances:  10 %
Using 40 indices (first 40 from shuffled list)
Loading noise data from: results/noise_injection/by_dataset/mfeat-karhunen_att1_noise0.2.csv 
Using 40 indices for  10 % of instances
Calculate prediction
Confusion matrix
Dataset: mfeat-karhunen 
Fold: 2 
Method: multinom 
Noise level:  20 %
Percentage of altered instances:  20 %
Using 80 indices (first 80 from shuffled list)
Loading noise data from: results/noise_injection/by_dataset/mfeat-karhunen_att1_noise0.2.csv 
Using 80 indices for  20 % of instances
Calculate prediction
Confusion matrix
Dataset: mfeat-karhunen 
Fold: 2 
Method: multinom 
Noise level:  20 %
Percentage of altered instances:  25 %
Using 100 indices (first 100 from shuffled list)
Loading noise data from: results/noise_injection/by_dataset/mfeat-karhunen_att1_noise0.2.csv 
Using 100 indices for  25 % of instances
Calculate prediction
Confusion matrix
Dataset: mfeat-karhunen 
Fold: 2 
Method: multinom 
Noise level:  20 %
Percentage of altered instances:  30 %
Using 120 indices (first 120 from shuffled list)
Loading noise data from: results/noise_injection/by_dataset/mfeat-karhunen_att1_noise0.2.csv 
Using 120 indices for  30 % of instances
Calculate prediction
Confusion matrix
Dataset: mfeat-karhunen 
Fold: 2 
Method: multinom 
Noise level:  20 %
Percentage of altered instances:  40 %
Using 160 indices (first 160 from shuffled list)
Loading noise data from: results/noise_injection/by_dataset/mfeat-karhunen_att1_noise0.2.csv 
Using 160 indices for  40 % of instances
Calculate prediction
Confusion matrix
Dataset: mfeat-karhunen 
Fold: 2 
Method: multinom 
Noise level:  20 %
Percentage of altered instances:  50 %
Using 200 indices (first 200 from shuffled list)
Loading noise data from: results/noise_injection/by_dataset/mfeat-karhunen_att1_noise0.2.csv 
Using 200 indices for  50 % of instances
Calculate prediction
Confusion matrix
Dataset: mfeat-karhunen 
Fold: 2 
Method: multinom 
Noise level:  20 %
Percentage of altered instances:  60 %
Using 240 indices (first 240 from shuffled list)
Loading noise data from: results/noise_injection/by_dataset/mfeat-karhunen_att1_noise0.2.csv 
Using 240 indices for  60 % of instances
Calculate prediction
Confusion matrix
Dataset: mfeat-karhunen 
Fold: 2 
Method: multinom 
Noise level:  20 %
Percentage of altered instances:  70 %
Using 280 indices (first 280 from shuffled list)
Loading noise data from: results/noise_injection/by_dataset/mfeat-karhunen_att1_noise0.2.csv 
Using 280 indices for  70 % of instances
Calculate prediction
Confusion matrix
Dataset: mfeat-karhunen 
Fold: 2 
Method: multinom 
Noise level:  20 %
Percentage of altered instances:  75 %
Using 300 indices (first 300 from shuffled list)
Loading noise data from: results/noise_injection/by_dataset/mfeat-karhunen_att1_noise0.2.csv 
Using 300 indices for  75 % of instances
Calculate prediction
Confusion matrix
Dataset: mfeat-karhunen 
Fold: 2 
Method: multinom 
Noise level:  20 %
Percentage of altered instances:  80 %
Using 320 indices (first 320 from shuffled list)
Loading noise data from: results/noise_injection/by_dataset/mfeat-karhunen_att1_noise0.2.csv 
Using 320 indices for  80 % of instances
Calculate prediction
Confusion matrix
Dataset: mfeat-karhunen 
Fold: 2 
Method: multinom 
Noise level:  20 %
Percentage of altered instances:  90 %
Using 360 indices (first 360 from shuffled list)
Loading noise data from: results/noise_injection/by_dataset/mfeat-karhunen_att1_noise0.2.csv 
Using 360 indices for  90 % of instances
Calculate prediction
Confusion matrix
Dataset: mfeat-karhunen 
Fold: 2 
Method: multinom 
Noise level:  20 %
Percentage of altered instances:  100 %
Using 400 indices (first 400 from shuffled list)
Loading noise data from: results/noise_injection/by_dataset/mfeat-karhunen_att1_noise0.2.csv 
Using 400 indices for  100 % of instances
Calculate prediction
Confusion matrix

=== Training model with 30 % noise in training data ===
Critical percentage for training noise: 100 %
Loading training noise data from: results/noise_injection/by_dataset/mfeat-karhunen_att1_noise0.3.csv 
Altering 1600 out of 1600 training instances
# weights:  660 (585 variable)
initial  value 3684.136149 
iter  10 value 247.771418
iter  20 value 160.887752
iter  30 value 129.827791
iter  40 value 114.392092
iter  50 value 88.433546
iter  60 value 60.888452
iter  70 value 51.284811
iter  80 value 46.114856
iter  90 value 41.328424
iter 100 value 34.128093
final  value 34.128093 
stopped after 100 iterations
Dataset: mfeat-karhunen 
Fold: 2 
Method: multinom 
Noise level:  30 %
Percentage of altered instances:  10 %
Using 40 indices (first 40 from shuffled list)
Loading noise data from: results/noise_injection/by_dataset/mfeat-karhunen_att1_noise0.3.csv 
Using 40 indices for  10 % of instances
Calculate prediction
Confusion matrix
Dataset: mfeat-karhunen 
Fold: 2 
Method: multinom 
Noise level:  30 %
Percentage of altered instances:  20 %
Using 80 indices (first 80 from shuffled list)
Loading noise data from: results/noise_injection/by_dataset/mfeat-karhunen_att1_noise0.3.csv 
Using 80 indices for  20 % of instances
Calculate prediction
Confusion matrix
Dataset: mfeat-karhunen 
Fold: 2 
Method: multinom 
Noise level:  30 %
Percentage of altered instances:  25 %
Using 100 indices (first 100 from shuffled list)
Loading noise data from: results/noise_injection/by_dataset/mfeat-karhunen_att1_noise0.3.csv 
Using 100 indices for  25 % of instances
Calculate prediction
Confusion matrix
Dataset: mfeat-karhunen 
Fold: 2 
Method: multinom 
Noise level:  30 %
Percentage of altered instances:  30 %
Using 120 indices (first 120 from shuffled list)
Loading noise data from: results/noise_injection/by_dataset/mfeat-karhunen_att1_noise0.3.csv 
Using 120 indices for  30 % of instances
Calculate prediction
Confusion matrix
Dataset: mfeat-karhunen 
Fold: 2 
Method: multinom 
Noise level:  30 %
Percentage of altered instances:  40 %
Using 160 indices (first 160 from shuffled list)
Loading noise data from: results/noise_injection/by_dataset/mfeat-karhunen_att1_noise0.3.csv 
Using 160 indices for  40 % of instances
Calculate prediction
Confusion matrix
Dataset: mfeat-karhunen 
Fold: 2 
Method: multinom 
Noise level:  30 %
Percentage of altered instances:  50 %
Using 200 indices (first 200 from shuffled list)
Loading noise data from: results/noise_injection/by_dataset/mfeat-karhunen_att1_noise0.3.csv 
Using 200 indices for  50 % of instances
Calculate prediction
Confusion matrix
Dataset: mfeat-karhunen 
Fold: 2 
Method: multinom 
Noise level:  30 %
Percentage of altered instances:  60 %
Using 240 indices (first 240 from shuffled list)
Loading noise data from: results/noise_injection/by_dataset/mfeat-karhunen_att1_noise0.3.csv 
Using 240 indices for  60 % of instances
Calculate prediction
Confusion matrix
Dataset: mfeat-karhunen 
Fold: 2 
Method: multinom 
Noise level:  30 %
Percentage of altered instances:  70 %
Using 280 indices (first 280 from shuffled list)
Loading noise data from: results/noise_injection/by_dataset/mfeat-karhunen_att1_noise0.3.csv 
Using 280 indices for  70 % of instances
Calculate prediction
Confusion matrix
Dataset: mfeat-karhunen 
Fold: 2 
Method: multinom 
Noise level:  30 %
Percentage of altered instances:  75 %
Using 300 indices (first 300 from shuffled list)
Loading noise data from: results/noise_injection/by_dataset/mfeat-karhunen_att1_noise0.3.csv 
Using 300 indices for  75 % of instances
Calculate prediction
Confusion matrix
Dataset: mfeat-karhunen 
Fold: 2 
Method: multinom 
Noise level:  30 %
Percentage of altered instances:  80 %
Using 320 indices (first 320 from shuffled list)
Loading noise data from: results/noise_injection/by_dataset/mfeat-karhunen_att1_noise0.3.csv 
Using 320 indices for  80 % of instances
Calculate prediction
Confusion matrix
Dataset: mfeat-karhunen 
Fold: 2 
Method: multinom 
Noise level:  30 %
Percentage of altered instances:  90 %
Using 360 indices (first 360 from shuffled list)
Loading noise data from: results/noise_injection/by_dataset/mfeat-karhunen_att1_noise0.3.csv 
Using 360 indices for  90 % of instances
Calculate prediction
Confusion matrix
Dataset: mfeat-karhunen 
Fold: 2 
Method: multinom 
Noise level:  30 %
Percentage of altered instances:  100 %
Using 400 indices (first 400 from shuffled list)
Loading noise data from: results/noise_injection/by_dataset/mfeat-karhunen_att1_noise0.3.csv 
Using 400 indices for  100 % of instances
Calculate prediction
Confusion matrix
Loaded 400 indices for fold 3 from: results/instances/original/vectors/mfeat-karhunen_multinom_all_folds.csv 

=== Training model with 10 % noise in training data ===
Critical percentage for training noise: 100 %
Loading training noise data from: results/noise_injection/by_dataset/mfeat-karhunen_att1_noise0.1.csv 
Altering 1600 out of 1600 training instances
# weights:  660 (585 variable)
initial  value 3684.136149 
iter  10 value 250.470333
iter  20 value 165.899261
iter  30 value 132.955773
iter  40 value 112.655801
iter  50 value 77.914784
iter  60 value 55.953800
iter  70 value 46.898989
iter  80 value 40.729556
iter  90 value 33.384003
iter 100 value 27.275412
final  value 27.275412 
stopped after 100 iterations
Dataset: mfeat-karhunen 
Fold: 3 
Method: multinom 
Noise level:  10 %
Percentage of altered instances:  10 %
Using 40 indices (first 40 from shuffled list)
Loading noise data from: results/noise_injection/by_dataset/mfeat-karhunen_att1_noise0.1.csv 
Using 40 indices for  10 % of instances
Calculate prediction
Confusion matrix
Dataset: mfeat-karhunen 
Fold: 3 
Method: multinom 
Noise level:  10 %
Percentage of altered instances:  20 %
Using 80 indices (first 80 from shuffled list)
Loading noise data from: results/noise_injection/by_dataset/mfeat-karhunen_att1_noise0.1.csv 
Using 80 indices for  20 % of instances
Calculate prediction
Confusion matrix
Dataset: mfeat-karhunen 
Fold: 3 
Method: multinom 
Noise level:  10 %
Percentage of altered instances:  25 %
Using 100 indices (first 100 from shuffled list)
Loading noise data from: results/noise_injection/by_dataset/mfeat-karhunen_att1_noise0.1.csv 
Using 100 indices for  25 % of instances
Calculate prediction
Confusion matrix
Dataset: mfeat-karhunen 
Fold: 3 
Method: multinom 
Noise level:  10 %
Percentage of altered instances:  30 %
Using 120 indices (first 120 from shuffled list)
Loading noise data from: results/noise_injection/by_dataset/mfeat-karhunen_att1_noise0.1.csv 
Using 120 indices for  30 % of instances
Calculate prediction
Confusion matrix
Dataset: mfeat-karhunen 
Fold: 3 
Method: multinom 
Noise level:  10 %
Percentage of altered instances:  40 %
Using 160 indices (first 160 from shuffled list)
Loading noise data from: results/noise_injection/by_dataset/mfeat-karhunen_att1_noise0.1.csv 
Using 160 indices for  40 % of instances
Calculate prediction
Confusion matrix
Dataset: mfeat-karhunen 
Fold: 3 
Method: multinom 
Noise level:  10 %
Percentage of altered instances:  50 %
Using 200 indices (first 200 from shuffled list)
Loading noise data from: results/noise_injection/by_dataset/mfeat-karhunen_att1_noise0.1.csv 
Using 200 indices for  50 % of instances
Calculate prediction
Confusion matrix
Dataset: mfeat-karhunen 
Fold: 3 
Method: multinom 
Noise level:  10 %
Percentage of altered instances:  60 %
Using 240 indices (first 240 from shuffled list)
Loading noise data from: results/noise_injection/by_dataset/mfeat-karhunen_att1_noise0.1.csv 
Using 240 indices for  60 % of instances
Calculate prediction
Confusion matrix
Dataset: mfeat-karhunen 
Fold: 3 
Method: multinom 
Noise level:  10 %
Percentage of altered instances:  70 %
Using 280 indices (first 280 from shuffled list)
Loading noise data from: results/noise_injection/by_dataset/mfeat-karhunen_att1_noise0.1.csv 
Using 280 indices for  70 % of instances
Calculate prediction
Confusion matrix
Dataset: mfeat-karhunen 
Fold: 3 
Method: multinom 
Noise level:  10 %
Percentage of altered instances:  75 %
Using 300 indices (first 300 from shuffled list)
Loading noise data from: results/noise_injection/by_dataset/mfeat-karhunen_att1_noise0.1.csv 
Using 300 indices for  75 % of instances
Calculate prediction
Confusion matrix
Dataset: mfeat-karhunen 
Fold: 3 
Method: multinom 
Noise level:  10 %
Percentage of altered instances:  80 %
Using 320 indices (first 320 from shuffled list)
Loading noise data from: results/noise_injection/by_dataset/mfeat-karhunen_att1_noise0.1.csv 
Using 320 indices for  80 % of instances
Calculate prediction
Confusion matrix
Dataset: mfeat-karhunen 
Fold: 3 
Method: multinom 
Noise level:  10 %
Percentage of altered instances:  90 %
Using 360 indices (first 360 from shuffled list)
Loading noise data from: results/noise_injection/by_dataset/mfeat-karhunen_att1_noise0.1.csv 
Using 360 indices for  90 % of instances
Calculate prediction
Confusion matrix
Dataset: mfeat-karhunen 
Fold: 3 
Method: multinom 
Noise level:  10 %
Percentage of altered instances:  100 %
Using 400 indices (first 400 from shuffled list)
Loading noise data from: results/noise_injection/by_dataset/mfeat-karhunen_att1_noise0.1.csv 
Using 400 indices for  100 % of instances
Calculate prediction
Confusion matrix

=== Training model with 20 % noise in training data ===
Critical percentage for training noise: 100 %
Loading training noise data from: results/noise_injection/by_dataset/mfeat-karhunen_att1_noise0.2.csv 
Altering 1600 out of 1600 training instances
# weights:  660 (585 variable)
initial  value 3684.136149 
iter  10 value 275.031665
iter  20 value 166.385636
iter  30 value 131.174567
iter  40 value 109.342549
iter  50 value 70.046663
iter  60 value 53.141526
iter  70 value 46.509018
iter  80 value 40.553549
iter  90 value 34.360608
iter 100 value 27.253646
final  value 27.253646 
stopped after 100 iterations
Dataset: mfeat-karhunen 
Fold: 3 
Method: multinom 
Noise level:  20 %
Percentage of altered instances:  10 %
Using 40 indices (first 40 from shuffled list)
Loading noise data from: results/noise_injection/by_dataset/mfeat-karhunen_att1_noise0.2.csv 
Using 40 indices for  10 % of instances
Calculate prediction
Confusion matrix
Dataset: mfeat-karhunen 
Fold: 3 
Method: multinom 
Noise level:  20 %
Percentage of altered instances:  20 %
Using 80 indices (first 80 from shuffled list)
Loading noise data from: results/noise_injection/by_dataset/mfeat-karhunen_att1_noise0.2.csv 
Using 80 indices for  20 % of instances
Calculate prediction
Confusion matrix
Dataset: mfeat-karhunen 
Fold: 3 
Method: multinom 
Noise level:  20 %
Percentage of altered instances:  25 %
Using 100 indices (first 100 from shuffled list)
Loading noise data from: results/noise_injection/by_dataset/mfeat-karhunen_att1_noise0.2.csv 
Using 100 indices for  25 % of instances
Calculate prediction
Confusion matrix
Dataset: mfeat-karhunen 
Fold: 3 
Method: multinom 
Noise level:  20 %
Percentage of altered instances:  30 %
Using 120 indices (first 120 from shuffled list)
Loading noise data from: results/noise_injection/by_dataset/mfeat-karhunen_att1_noise0.2.csv 
Using 120 indices for  30 % of instances
Calculate prediction
Confusion matrix
Dataset: mfeat-karhunen 
Fold: 3 
Method: multinom 
Noise level:  20 %
Percentage of altered instances:  40 %
Using 160 indices (first 160 from shuffled list)
Loading noise data from: results/noise_injection/by_dataset/mfeat-karhunen_att1_noise0.2.csv 
Using 160 indices for  40 % of instances
Calculate prediction
Confusion matrix
Dataset: mfeat-karhunen 
Fold: 3 
Method: multinom 
Noise level:  20 %
Percentage of altered instances:  50 %
Using 200 indices (first 200 from shuffled list)
Loading noise data from: results/noise_injection/by_dataset/mfeat-karhunen_att1_noise0.2.csv 
Using 200 indices for  50 % of instances
Calculate prediction
Confusion matrix
Dataset: mfeat-karhunen 
Fold: 3 
Method: multinom 
Noise level:  20 %
Percentage of altered instances:  60 %
Using 240 indices (first 240 from shuffled list)
Loading noise data from: results/noise_injection/by_dataset/mfeat-karhunen_att1_noise0.2.csv 
Using 240 indices for  60 % of instances
Calculate prediction
Confusion matrix
Dataset: mfeat-karhunen 
Fold: 3 
Method: multinom 
Noise level:  20 %
Percentage of altered instances:  70 %
Using 280 indices (first 280 from shuffled list)
Loading noise data from: results/noise_injection/by_dataset/mfeat-karhunen_att1_noise0.2.csv 
Using 280 indices for  70 % of instances
Calculate prediction
Confusion matrix
Dataset: mfeat-karhunen 
Fold: 3 
Method: multinom 
Noise level:  20 %
Percentage of altered instances:  75 %
Using 300 indices (first 300 from shuffled list)
Loading noise data from: results/noise_injection/by_dataset/mfeat-karhunen_att1_noise0.2.csv 
Using 300 indices for  75 % of instances
Calculate prediction
Confusion matrix
Dataset: mfeat-karhunen 
Fold: 3 
Method: multinom 
Noise level:  20 %
Percentage of altered instances:  80 %
Using 320 indices (first 320 from shuffled list)
Loading noise data from: results/noise_injection/by_dataset/mfeat-karhunen_att1_noise0.2.csv 
Using 320 indices for  80 % of instances
Calculate prediction
Confusion matrix
Dataset: mfeat-karhunen 
Fold: 3 
Method: multinom 
Noise level:  20 %
Percentage of altered instances:  90 %
Using 360 indices (first 360 from shuffled list)
Loading noise data from: results/noise_injection/by_dataset/mfeat-karhunen_att1_noise0.2.csv 
Using 360 indices for  90 % of instances
Calculate prediction
Confusion matrix
Dataset: mfeat-karhunen 
Fold: 3 
Method: multinom 
Noise level:  20 %
Percentage of altered instances:  100 %
Using 400 indices (first 400 from shuffled list)
Loading noise data from: results/noise_injection/by_dataset/mfeat-karhunen_att1_noise0.2.csv 
Using 400 indices for  100 % of instances
Calculate prediction
Confusion matrix

=== Training model with 30 % noise in training data ===
Critical percentage for training noise: 100 %
Loading training noise data from: results/noise_injection/by_dataset/mfeat-karhunen_att1_noise0.3.csv 
Altering 1600 out of 1600 training instances
# weights:  660 (585 variable)
initial  value 3684.136149 
iter  10 value 261.607957
iter  20 value 162.940849
iter  30 value 128.749537
iter  40 value 112.622226
iter  50 value 82.465352
iter  60 value 57.458190
iter  70 value 48.065880
iter  80 value 42.189622
iter  90 value 36.684979
iter 100 value 28.776661
final  value 28.776661 
stopped after 100 iterations
Dataset: mfeat-karhunen 
Fold: 3 
Method: multinom 
Noise level:  30 %
Percentage of altered instances:  10 %
Using 40 indices (first 40 from shuffled list)
Loading noise data from: results/noise_injection/by_dataset/mfeat-karhunen_att1_noise0.3.csv 
Using 40 indices for  10 % of instances
Calculate prediction
Confusion matrix
Dataset: mfeat-karhunen 
Fold: 3 
Method: multinom 
Noise level:  30 %
Percentage of altered instances:  20 %
Using 80 indices (first 80 from shuffled list)
Loading noise data from: results/noise_injection/by_dataset/mfeat-karhunen_att1_noise0.3.csv 
Using 80 indices for  20 % of instances
Calculate prediction
Confusion matrix
Dataset: mfeat-karhunen 
Fold: 3 
Method: multinom 
Noise level:  30 %
Percentage of altered instances:  25 %
Using 100 indices (first 100 from shuffled list)
Loading noise data from: results/noise_injection/by_dataset/mfeat-karhunen_att1_noise0.3.csv 
Using 100 indices for  25 % of instances
Calculate prediction
Confusion matrix
Dataset: mfeat-karhunen 
Fold: 3 
Method: multinom 
Noise level:  30 %
Percentage of altered instances:  30 %
Using 120 indices (first 120 from shuffled list)
Loading noise data from: results/noise_injection/by_dataset/mfeat-karhunen_att1_noise0.3.csv 
Using 120 indices for  30 % of instances
Calculate prediction
Confusion matrix
Dataset: mfeat-karhunen 
Fold: 3 
Method: multinom 
Noise level:  30 %
Percentage of altered instances:  40 %
Using 160 indices (first 160 from shuffled list)
Loading noise data from: results/noise_injection/by_dataset/mfeat-karhunen_att1_noise0.3.csv 
Using 160 indices for  40 % of instances
Calculate prediction
Confusion matrix
Dataset: mfeat-karhunen 
Fold: 3 
Method: multinom 
Noise level:  30 %
Percentage of altered instances:  50 %
Using 200 indices (first 200 from shuffled list)
Loading noise data from: results/noise_injection/by_dataset/mfeat-karhunen_att1_noise0.3.csv 
Using 200 indices for  50 % of instances
Calculate prediction
Confusion matrix
Dataset: mfeat-karhunen 
Fold: 3 
Method: multinom 
Noise level:  30 %
Percentage of altered instances:  60 %
Using 240 indices (first 240 from shuffled list)
Loading noise data from: results/noise_injection/by_dataset/mfeat-karhunen_att1_noise0.3.csv 
Using 240 indices for  60 % of instances
Calculate prediction
Confusion matrix
Dataset: mfeat-karhunen 
Fold: 3 
Method: multinom 
Noise level:  30 %
Percentage of altered instances:  70 %
Using 280 indices (first 280 from shuffled list)
Loading noise data from: results/noise_injection/by_dataset/mfeat-karhunen_att1_noise0.3.csv 
Using 280 indices for  70 % of instances
Calculate prediction
Confusion matrix
Dataset: mfeat-karhunen 
Fold: 3 
Method: multinom 
Noise level:  30 %
Percentage of altered instances:  75 %
Using 300 indices (first 300 from shuffled list)
Loading noise data from: results/noise_injection/by_dataset/mfeat-karhunen_att1_noise0.3.csv 
Using 300 indices for  75 % of instances
Calculate prediction
Confusion matrix
Dataset: mfeat-karhunen 
Fold: 3 
Method: multinom 
Noise level:  30 %
Percentage of altered instances:  80 %
Using 320 indices (first 320 from shuffled list)
Loading noise data from: results/noise_injection/by_dataset/mfeat-karhunen_att1_noise0.3.csv 
Using 320 indices for  80 % of instances
Calculate prediction
Confusion matrix
Dataset: mfeat-karhunen 
Fold: 3 
Method: multinom 
Noise level:  30 %
Percentage of altered instances:  90 %
Using 360 indices (first 360 from shuffled list)
Loading noise data from: results/noise_injection/by_dataset/mfeat-karhunen_att1_noise0.3.csv 
Using 360 indices for  90 % of instances
Calculate prediction
Confusion matrix
Dataset: mfeat-karhunen 
Fold: 3 
Method: multinom 
Noise level:  30 %
Percentage of altered instances:  100 %
Using 400 indices (first 400 from shuffled list)
Loading noise data from: results/noise_injection/by_dataset/mfeat-karhunen_att1_noise0.3.csv 
Using 400 indices for  100 % of instances
Calculate prediction
Confusion matrix
Loaded 400 indices for fold 4 from: results/instances/original/vectors/mfeat-karhunen_multinom_all_folds.csv 

=== Training model with 10 % noise in training data ===
Critical percentage for training noise: 100 %
Loading training noise data from: results/noise_injection/by_dataset/mfeat-karhunen_att1_noise0.1.csv 
Altering 1600 out of 1600 training instances
# weights:  660 (585 variable)
initial  value 3684.136149 
iter  10 value 240.581770
iter  20 value 154.925116
iter  30 value 127.415546
iter  40 value 106.016391
iter  50 value 69.760369
iter  60 value 48.369049
iter  70 value 40.784547
iter  80 value 35.777282
iter  90 value 29.428015
iter 100 value 24.194587
final  value 24.194587 
stopped after 100 iterations
Dataset: mfeat-karhunen 
Fold: 4 
Method: multinom 
Noise level:  10 %
Percentage of altered instances:  10 %
Using 40 indices (first 40 from shuffled list)
Loading noise data from: results/noise_injection/by_dataset/mfeat-karhunen_att1_noise0.1.csv 
Using 40 indices for  10 % of instances
Calculate prediction
Confusion matrix
Dataset: mfeat-karhunen 
Fold: 4 
Method: multinom 
Noise level:  10 %
Percentage of altered instances:  20 %
Using 80 indices (first 80 from shuffled list)
Loading noise data from: results/noise_injection/by_dataset/mfeat-karhunen_att1_noise0.1.csv 
Using 80 indices for  20 % of instances
Calculate prediction
Confusion matrix
Dataset: mfeat-karhunen 
Fold: 4 
Method: multinom 
Noise level:  10 %
Percentage of altered instances:  25 %
Using 100 indices (first 100 from shuffled list)
Loading noise data from: results/noise_injection/by_dataset/mfeat-karhunen_att1_noise0.1.csv 
Using 100 indices for  25 % of instances
Calculate prediction
Confusion matrix
Dataset: mfeat-karhunen 
Fold: 4 
Method: multinom 
Noise level:  10 %
Percentage of altered instances:  30 %
Using 120 indices (first 120 from shuffled list)
Loading noise data from: results/noise_injection/by_dataset/mfeat-karhunen_att1_noise0.1.csv 
Using 120 indices for  30 % of instances
Calculate prediction
Confusion matrix
Dataset: mfeat-karhunen 
Fold: 4 
Method: multinom 
Noise level:  10 %
Percentage of altered instances:  40 %
Using 160 indices (first 160 from shuffled list)
Loading noise data from: results/noise_injection/by_dataset/mfeat-karhunen_att1_noise0.1.csv 
Using 160 indices for  40 % of instances
Calculate prediction
Confusion matrix
Dataset: mfeat-karhunen 
Fold: 4 
Method: multinom 
Noise level:  10 %
Percentage of altered instances:  50 %
Using 200 indices (first 200 from shuffled list)
Loading noise data from: results/noise_injection/by_dataset/mfeat-karhunen_att1_noise0.1.csv 
Using 200 indices for  50 % of instances
Calculate prediction
Confusion matrix
Dataset: mfeat-karhunen 
Fold: 4 
Method: multinom 
Noise level:  10 %
Percentage of altered instances:  60 %
Using 240 indices (first 240 from shuffled list)
Loading noise data from: results/noise_injection/by_dataset/mfeat-karhunen_att1_noise0.1.csv 
Using 240 indices for  60 % of instances
Calculate prediction
Confusion matrix
Dataset: mfeat-karhunen 
Fold: 4 
Method: multinom 
Noise level:  10 %
Percentage of altered instances:  70 %
Using 280 indices (first 280 from shuffled list)
Loading noise data from: results/noise_injection/by_dataset/mfeat-karhunen_att1_noise0.1.csv 
Using 280 indices for  70 % of instances
Calculate prediction
Confusion matrix
Dataset: mfeat-karhunen 
Fold: 4 
Method: multinom 
Noise level:  10 %
Percentage of altered instances:  75 %
Using 300 indices (first 300 from shuffled list)
Loading noise data from: results/noise_injection/by_dataset/mfeat-karhunen_att1_noise0.1.csv 
Using 300 indices for  75 % of instances
Calculate prediction
Confusion matrix
Dataset: mfeat-karhunen 
Fold: 4 
Method: multinom 
Noise level:  10 %
Percentage of altered instances:  80 %
Using 320 indices (first 320 from shuffled list)
Loading noise data from: results/noise_injection/by_dataset/mfeat-karhunen_att1_noise0.1.csv 
Using 320 indices for  80 % of instances
Calculate prediction
Confusion matrix
Dataset: mfeat-karhunen 
Fold: 4 
Method: multinom 
Noise level:  10 %
Percentage of altered instances:  90 %
Using 360 indices (first 360 from shuffled list)
Loading noise data from: results/noise_injection/by_dataset/mfeat-karhunen_att1_noise0.1.csv 
Using 360 indices for  90 % of instances
Calculate prediction
Confusion matrix
Dataset: mfeat-karhunen 
Fold: 4 
Method: multinom 
Noise level:  10 %
Percentage of altered instances:  100 %
Using 400 indices (first 400 from shuffled list)
Loading noise data from: results/noise_injection/by_dataset/mfeat-karhunen_att1_noise0.1.csv 
Using 400 indices for  100 % of instances
Calculate prediction
Confusion matrix

=== Training model with 20 % noise in training data ===
Critical percentage for training noise: 100 %
Loading training noise data from: results/noise_injection/by_dataset/mfeat-karhunen_att1_noise0.2.csv 
Altering 1600 out of 1600 training instances
# weights:  660 (585 variable)
initial  value 3684.136149 
iter  10 value 235.567163
iter  20 value 142.216677
iter  30 value 117.042743
iter  40 value 96.953088
iter  50 value 63.918682
iter  60 value 48.397366
iter  70 value 41.477832
iter  80 value 35.496746
iter  90 value 28.803368
iter 100 value 23.600714
final  value 23.600714 
stopped after 100 iterations
Dataset: mfeat-karhunen 
Fold: 4 
Method: multinom 
Noise level:  20 %
Percentage of altered instances:  10 %
Using 40 indices (first 40 from shuffled list)
Loading noise data from: results/noise_injection/by_dataset/mfeat-karhunen_att1_noise0.2.csv 
Using 40 indices for  10 % of instances
Calculate prediction
Confusion matrix
Dataset: mfeat-karhunen 
Fold: 4 
Method: multinom 
Noise level:  20 %
Percentage of altered instances:  20 %
Using 80 indices (first 80 from shuffled list)
Loading noise data from: results/noise_injection/by_dataset/mfeat-karhunen_att1_noise0.2.csv 
Using 80 indices for  20 % of instances
Calculate prediction
Confusion matrix
Dataset: mfeat-karhunen 
Fold: 4 
Method: multinom 
Noise level:  20 %
Percentage of altered instances:  25 %
Using 100 indices (first 100 from shuffled list)
Loading noise data from: results/noise_injection/by_dataset/mfeat-karhunen_att1_noise0.2.csv 
Using 100 indices for  25 % of instances
Calculate prediction
Confusion matrix
Dataset: mfeat-karhunen 
Fold: 4 
Method: multinom 
Noise level:  20 %
Percentage of altered instances:  30 %
Using 120 indices (first 120 from shuffled list)
Loading noise data from: results/noise_injection/by_dataset/mfeat-karhunen_att1_noise0.2.csv 
Using 120 indices for  30 % of instances
Calculate prediction
Confusion matrix
Dataset: mfeat-karhunen 
Fold: 4 
Method: multinom 
Noise level:  20 %
Percentage of altered instances:  40 %
Using 160 indices (first 160 from shuffled list)
Loading noise data from: results/noise_injection/by_dataset/mfeat-karhunen_att1_noise0.2.csv 
Using 160 indices for  40 % of instances
Calculate prediction
Confusion matrix
Dataset: mfeat-karhunen 
Fold: 4 
Method: multinom 
Noise level:  20 %
Percentage of altered instances:  50 %
Using 200 indices (first 200 from shuffled list)
Loading noise data from: results/noise_injection/by_dataset/mfeat-karhunen_att1_noise0.2.csv 
Using 200 indices for  50 % of instances
Calculate prediction
Confusion matrix
Dataset: mfeat-karhunen 
Fold: 4 
Method: multinom 
Noise level:  20 %
Percentage of altered instances:  60 %
Using 240 indices (first 240 from shuffled list)
Loading noise data from: results/noise_injection/by_dataset/mfeat-karhunen_att1_noise0.2.csv 
Using 240 indices for  60 % of instances
Calculate prediction
Confusion matrix
Dataset: mfeat-karhunen 
Fold: 4 
Method: multinom 
Noise level:  20 %
Percentage of altered instances:  70 %
Using 280 indices (first 280 from shuffled list)
Loading noise data from: results/noise_injection/by_dataset/mfeat-karhunen_att1_noise0.2.csv 
Using 280 indices for  70 % of instances
Calculate prediction
Confusion matrix
Dataset: mfeat-karhunen 
Fold: 4 
Method: multinom 
Noise level:  20 %
Percentage of altered instances:  75 %
Using 300 indices (first 300 from shuffled list)
Loading noise data from: results/noise_injection/by_dataset/mfeat-karhunen_att1_noise0.2.csv 
Using 300 indices for  75 % of instances
Calculate prediction
Confusion matrix
Dataset: mfeat-karhunen 
Fold: 4 
Method: multinom 
Noise level:  20 %
Percentage of altered instances:  80 %
Using 320 indices (first 320 from shuffled list)
Loading noise data from: results/noise_injection/by_dataset/mfeat-karhunen_att1_noise0.2.csv 
Using 320 indices for  80 % of instances
Calculate prediction
Confusion matrix
Dataset: mfeat-karhunen 
Fold: 4 
Method: multinom 
Noise level:  20 %
Percentage of altered instances:  90 %
Using 360 indices (first 360 from shuffled list)
Loading noise data from: results/noise_injection/by_dataset/mfeat-karhunen_att1_noise0.2.csv 
Using 360 indices for  90 % of instances
Calculate prediction
Confusion matrix
Dataset: mfeat-karhunen 
Fold: 4 
Method: multinom 
Noise level:  20 %
Percentage of altered instances:  100 %
Using 400 indices (first 400 from shuffled list)
Loading noise data from: results/noise_injection/by_dataset/mfeat-karhunen_att1_noise0.2.csv 
Using 400 indices for  100 % of instances
Calculate prediction
Confusion matrix

=== Training model with 30 % noise in training data ===
Critical percentage for training noise: 100 %
Loading training noise data from: results/noise_injection/by_dataset/mfeat-karhunen_att1_noise0.3.csv 
Altering 1600 out of 1600 training instances
# weights:  660 (585 variable)
initial  value 3684.136149 
iter  10 value 221.709095
iter  20 value 149.056260
iter  30 value 125.027379
iter  40 value 102.242353
iter  50 value 61.428277
iter  60 value 46.469581
iter  70 value 40.414579
iter  80 value 36.489029
iter  90 value 31.265437
iter 100 value 24.372459
final  value 24.372459 
stopped after 100 iterations
Dataset: mfeat-karhunen 
Fold: 4 
Method: multinom 
Noise level:  30 %
Percentage of altered instances:  10 %
Using 40 indices (first 40 from shuffled list)
Loading noise data from: results/noise_injection/by_dataset/mfeat-karhunen_att1_noise0.3.csv 
Using 40 indices for  10 % of instances
Calculate prediction
Confusion matrix
Dataset: mfeat-karhunen 
Fold: 4 
Method: multinom 
Noise level:  30 %
Percentage of altered instances:  20 %
Using 80 indices (first 80 from shuffled list)
Loading noise data from: results/noise_injection/by_dataset/mfeat-karhunen_att1_noise0.3.csv 
Using 80 indices for  20 % of instances
Calculate prediction
Confusion matrix
Dataset: mfeat-karhunen 
Fold: 4 
Method: multinom 
Noise level:  30 %
Percentage of altered instances:  25 %
Using 100 indices (first 100 from shuffled list)
Loading noise data from: results/noise_injection/by_dataset/mfeat-karhunen_att1_noise0.3.csv 
Using 100 indices for  25 % of instances
Calculate prediction
Confusion matrix
Dataset: mfeat-karhunen 
Fold: 4 
Method: multinom 
Noise level:  30 %
Percentage of altered instances:  30 %
Using 120 indices (first 120 from shuffled list)
Loading noise data from: results/noise_injection/by_dataset/mfeat-karhunen_att1_noise0.3.csv 
Using 120 indices for  30 % of instances
Calculate prediction
Confusion matrix
Dataset: mfeat-karhunen 
Fold: 4 
Method: multinom 
Noise level:  30 %
Percentage of altered instances:  40 %
Using 160 indices (first 160 from shuffled list)
Loading noise data from: results/noise_injection/by_dataset/mfeat-karhunen_att1_noise0.3.csv 
Using 160 indices for  40 % of instances
Calculate prediction
Confusion matrix
Dataset: mfeat-karhunen 
Fold: 4 
Method: multinom 
Noise level:  30 %
Percentage of altered instances:  50 %
Using 200 indices (first 200 from shuffled list)
Loading noise data from: results/noise_injection/by_dataset/mfeat-karhunen_att1_noise0.3.csv 
Using 200 indices for  50 % of instances
Calculate prediction
Confusion matrix
Dataset: mfeat-karhunen 
Fold: 4 
Method: multinom 
Noise level:  30 %
Percentage of altered instances:  60 %
Using 240 indices (first 240 from shuffled list)
Loading noise data from: results/noise_injection/by_dataset/mfeat-karhunen_att1_noise0.3.csv 
Using 240 indices for  60 % of instances
Calculate prediction
Confusion matrix
Dataset: mfeat-karhunen 
Fold: 4 
Method: multinom 
Noise level:  30 %
Percentage of altered instances:  70 %
Using 280 indices (first 280 from shuffled list)
Loading noise data from: results/noise_injection/by_dataset/mfeat-karhunen_att1_noise0.3.csv 
Using 280 indices for  70 % of instances
Calculate prediction
Confusion matrix
Dataset: mfeat-karhunen 
Fold: 4 
Method: multinom 
Noise level:  30 %
Percentage of altered instances:  75 %
Using 300 indices (first 300 from shuffled list)
Loading noise data from: results/noise_injection/by_dataset/mfeat-karhunen_att1_noise0.3.csv 
Using 300 indices for  75 % of instances
Calculate prediction
Confusion matrix
Dataset: mfeat-karhunen 
Fold: 4 
Method: multinom 
Noise level:  30 %
Percentage of altered instances:  80 %
Using 320 indices (first 320 from shuffled list)
Loading noise data from: results/noise_injection/by_dataset/mfeat-karhunen_att1_noise0.3.csv 
Using 320 indices for  80 % of instances
Calculate prediction
Confusion matrix
Dataset: mfeat-karhunen 
Fold: 4 
Method: multinom 
Noise level:  30 %
Percentage of altered instances:  90 %
Using 360 indices (first 360 from shuffled list)
Loading noise data from: results/noise_injection/by_dataset/mfeat-karhunen_att1_noise0.3.csv 
Using 360 indices for  90 % of instances
Calculate prediction
Confusion matrix
Dataset: mfeat-karhunen 
Fold: 4 
Method: multinom 
Noise level:  30 %
Percentage of altered instances:  100 %
Using 400 indices (first 400 from shuffled list)
Loading noise data from: results/noise_injection/by_dataset/mfeat-karhunen_att1_noise0.3.csv 
Using 400 indices for  100 % of instances
Calculate prediction
Confusion matrix
Loaded 400 indices for fold 5 from: results/instances/original/vectors/mfeat-karhunen_multinom_all_folds.csv 

=== Training model with 10 % noise in training data ===
Critical percentage for training noise: 100 %
Loading training noise data from: results/noise_injection/by_dataset/mfeat-karhunen_att1_noise0.1.csv 
Altering 1600 out of 1600 training instances
# weights:  660 (585 variable)
initial  value 3684.136149 
iter  10 value 329.101276
iter  20 value 197.936441
iter  30 value 153.243373
iter  40 value 128.301102
iter  50 value 99.358661
iter  60 value 64.686257
iter  70 value 53.280863
iter  80 value 46.514483
iter  90 value 41.048073
iter 100 value 34.621508
final  value 34.621508 
stopped after 100 iterations
Dataset: mfeat-karhunen 
Fold: 5 
Method: multinom 
Noise level:  10 %
Percentage of altered instances:  10 %
Using 40 indices (first 40 from shuffled list)
Loading noise data from: results/noise_injection/by_dataset/mfeat-karhunen_att1_noise0.1.csv 
Using 40 indices for  10 % of instances
Calculate prediction
Confusion matrix
Dataset: mfeat-karhunen 
Fold: 5 
Method: multinom 
Noise level:  10 %
Percentage of altered instances:  20 %
Using 80 indices (first 80 from shuffled list)
Loading noise data from: results/noise_injection/by_dataset/mfeat-karhunen_att1_noise0.1.csv 
Using 80 indices for  20 % of instances
Calculate prediction
Confusion matrix
Dataset: mfeat-karhunen 
Fold: 5 
Method: multinom 
Noise level:  10 %
Percentage of altered instances:  25 %
Using 100 indices (first 100 from shuffled list)
Loading noise data from: results/noise_injection/by_dataset/mfeat-karhunen_att1_noise0.1.csv 
Using 100 indices for  25 % of instances
Calculate prediction
Confusion matrix
Dataset: mfeat-karhunen 
Fold: 5 
Method: multinom 
Noise level:  10 %
Percentage of altered instances:  30 %
Using 120 indices (first 120 from shuffled list)
Loading noise data from: results/noise_injection/by_dataset/mfeat-karhunen_att1_noise0.1.csv 
Using 120 indices for  30 % of instances
Calculate prediction
Confusion matrix
Dataset: mfeat-karhunen 
Fold: 5 
Method: multinom 
Noise level:  10 %
Percentage of altered instances:  40 %
Using 160 indices (first 160 from shuffled list)
Loading noise data from: results/noise_injection/by_dataset/mfeat-karhunen_att1_noise0.1.csv 
Using 160 indices for  40 % of instances
Calculate prediction
Confusion matrix
Dataset: mfeat-karhunen 
Fold: 5 
Method: multinom 
Noise level:  10 %
Percentage of altered instances:  50 %
Using 200 indices (first 200 from shuffled list)
Loading noise data from: results/noise_injection/by_dataset/mfeat-karhunen_att1_noise0.1.csv 
Using 200 indices for  50 % of instances
Calculate prediction
Confusion matrix
Dataset: mfeat-karhunen 
Fold: 5 
Method: multinom 
Noise level:  10 %
Percentage of altered instances:  60 %
Using 240 indices (first 240 from shuffled list)
Loading noise data from: results/noise_injection/by_dataset/mfeat-karhunen_att1_noise0.1.csv 
Using 240 indices for  60 % of instances
Calculate prediction
Confusion matrix
Dataset: mfeat-karhunen 
Fold: 5 
Method: multinom 
Noise level:  10 %
Percentage of altered instances:  70 %
Using 280 indices (first 280 from shuffled list)
Loading noise data from: results/noise_injection/by_dataset/mfeat-karhunen_att1_noise0.1.csv 
Using 280 indices for  70 % of instances
Calculate prediction
Confusion matrix
Dataset: mfeat-karhunen 
Fold: 5 
Method: multinom 
Noise level:  10 %
Percentage of altered instances:  75 %
Using 300 indices (first 300 from shuffled list)
Loading noise data from: results/noise_injection/by_dataset/mfeat-karhunen_att1_noise0.1.csv 
Using 300 indices for  75 % of instances
Calculate prediction
Confusion matrix
Dataset: mfeat-karhunen 
Fold: 5 
Method: multinom 
Noise level:  10 %
Percentage of altered instances:  80 %
Using 320 indices (first 320 from shuffled list)
Loading noise data from: results/noise_injection/by_dataset/mfeat-karhunen_att1_noise0.1.csv 
Using 320 indices for  80 % of instances
Calculate prediction
Confusion matrix
Dataset: mfeat-karhunen 
Fold: 5 
Method: multinom 
Noise level:  10 %
Percentage of altered instances:  90 %
Using 360 indices (first 360 from shuffled list)
Loading noise data from: results/noise_injection/by_dataset/mfeat-karhunen_att1_noise0.1.csv 
Using 360 indices for  90 % of instances
Calculate prediction
Confusion matrix
Dataset: mfeat-karhunen 
Fold: 5 
Method: multinom 
Noise level:  10 %
Percentage of altered instances:  100 %
Using 400 indices (first 400 from shuffled list)
Loading noise data from: results/noise_injection/by_dataset/mfeat-karhunen_att1_noise0.1.csv 
Using 400 indices for  100 % of instances
Calculate prediction
Confusion matrix

=== Training model with 20 % noise in training data ===
Critical percentage for training noise: 100 %
Loading training noise data from: results/noise_injection/by_dataset/mfeat-karhunen_att1_noise0.2.csv 
Altering 1600 out of 1600 training instances
# weights:  660 (585 variable)
initial  value 3684.136149 
iter  10 value 251.849697
iter  20 value 144.015054
iter  30 value 120.566117
iter  40 value 104.425695
iter  50 value 73.636497
iter  60 value 57.239859
iter  70 value 50.222613
iter  80 value 44.019772
iter  90 value 38.233091
iter 100 value 29.681189
final  value 29.681189 
stopped after 100 iterations
Dataset: mfeat-karhunen 
Fold: 5 
Method: multinom 
Noise level:  20 %
Percentage of altered instances:  10 %
Using 40 indices (first 40 from shuffled list)
Loading noise data from: results/noise_injection/by_dataset/mfeat-karhunen_att1_noise0.2.csv 
Using 40 indices for  10 % of instances
Calculate prediction
Confusion matrix
Dataset: mfeat-karhunen 
Fold: 5 
Method: multinom 
Noise level:  20 %
Percentage of altered instances:  20 %
Using 80 indices (first 80 from shuffled list)
Loading noise data from: results/noise_injection/by_dataset/mfeat-karhunen_att1_noise0.2.csv 
Using 80 indices for  20 % of instances
Calculate prediction
Confusion matrix
Dataset: mfeat-karhunen 
Fold: 5 
Method: multinom 
Noise level:  20 %
Percentage of altered instances:  25 %
Using 100 indices (first 100 from shuffled list)
Loading noise data from: results/noise_injection/by_dataset/mfeat-karhunen_att1_noise0.2.csv 
Using 100 indices for  25 % of instances
Calculate prediction
Confusion matrix
Dataset: mfeat-karhunen 
Fold: 5 
Method: multinom 
Noise level:  20 %
Percentage of altered instances:  30 %
Using 120 indices (first 120 from shuffled list)
Loading noise data from: results/noise_injection/by_dataset/mfeat-karhunen_att1_noise0.2.csv 
Using 120 indices for  30 % of instances
Calculate prediction
Confusion matrix
Dataset: mfeat-karhunen 
Fold: 5 
Method: multinom 
Noise level:  20 %
Percentage of altered instances:  40 %
Using 160 indices (first 160 from shuffled list)
Loading noise data from: results/noise_injection/by_dataset/mfeat-karhunen_att1_noise0.2.csv 
Using 160 indices for  40 % of instances
Calculate prediction
Confusion matrix
Dataset: mfeat-karhunen 
Fold: 5 
Method: multinom 
Noise level:  20 %
Percentage of altered instances:  50 %
Using 200 indices (first 200 from shuffled list)
Loading noise data from: results/noise_injection/by_dataset/mfeat-karhunen_att1_noise0.2.csv 
Using 200 indices for  50 % of instances
Calculate prediction
Confusion matrix
Dataset: mfeat-karhunen 
Fold: 5 
Method: multinom 
Noise level:  20 %
Percentage of altered instances:  60 %
Using 240 indices (first 240 from shuffled list)
Loading noise data from: results/noise_injection/by_dataset/mfeat-karhunen_att1_noise0.2.csv 
Using 240 indices for  60 % of instances
Calculate prediction
Confusion matrix
Dataset: mfeat-karhunen 
Fold: 5 
Method: multinom 
Noise level:  20 %
Percentage of altered instances:  70 %
Using 280 indices (first 280 from shuffled list)
Loading noise data from: results/noise_injection/by_dataset/mfeat-karhunen_att1_noise0.2.csv 
Using 280 indices for  70 % of instances
Calculate prediction
Confusion matrix
Dataset: mfeat-karhunen 
Fold: 5 
Method: multinom 
Noise level:  20 %
Percentage of altered instances:  75 %
Using 300 indices (first 300 from shuffled list)
Loading noise data from: results/noise_injection/by_dataset/mfeat-karhunen_att1_noise0.2.csv 
Using 300 indices for  75 % of instances
Calculate prediction
Confusion matrix
Dataset: mfeat-karhunen 
Fold: 5 
Method: multinom 
Noise level:  20 %
Percentage of altered instances:  80 %
Using 320 indices (first 320 from shuffled list)
Loading noise data from: results/noise_injection/by_dataset/mfeat-karhunen_att1_noise0.2.csv 
Using 320 indices for  80 % of instances
Calculate prediction
Confusion matrix
Dataset: mfeat-karhunen 
Fold: 5 
Method: multinom 
Noise level:  20 %
Percentage of altered instances:  90 %
Using 360 indices (first 360 from shuffled list)
Loading noise data from: results/noise_injection/by_dataset/mfeat-karhunen_att1_noise0.2.csv 
Using 360 indices for  90 % of instances
Calculate prediction
Confusion matrix
Dataset: mfeat-karhunen 
Fold: 5 
Method: multinom 
Noise level:  20 %
Percentage of altered instances:  100 %
Using 400 indices (first 400 from shuffled list)
Loading noise data from: results/noise_injection/by_dataset/mfeat-karhunen_att1_noise0.2.csv 
Using 400 indices for  100 % of instances
Calculate prediction
Confusion matrix

=== Training model with 30 % noise in training data ===
Critical percentage for training noise: 100 %
Loading training noise data from: results/noise_injection/by_dataset/mfeat-karhunen_att1_noise0.3.csv 
Altering 1600 out of 1600 training instances
# weights:  660 (585 variable)
initial  value 3684.136149 
iter  10 value 265.402427
iter  20 value 182.277255
iter  30 value 148.419956
iter  40 value 124.883726
iter  50 value 92.926339
iter  60 value 63.449709
iter  70 value 52.753234
iter  80 value 46.814220
iter  90 value 41.791797
iter 100 value 33.908019
final  value 33.908019 
stopped after 100 iterations
Dataset: mfeat-karhunen 
Fold: 5 
Method: multinom 
Noise level:  30 %
Percentage of altered instances:  10 %
Using 40 indices (first 40 from shuffled list)
Loading noise data from: results/noise_injection/by_dataset/mfeat-karhunen_att1_noise0.3.csv 
Using 40 indices for  10 % of instances
Calculate prediction
Confusion matrix
Dataset: mfeat-karhunen 
Fold: 5 
Method: multinom 
Noise level:  30 %
Percentage of altered instances:  20 %
Using 80 indices (first 80 from shuffled list)
Loading noise data from: results/noise_injection/by_dataset/mfeat-karhunen_att1_noise0.3.csv 
Using 80 indices for  20 % of instances
Calculate prediction
Confusion matrix
Dataset: mfeat-karhunen 
Fold: 5 
Method: multinom 
Noise level:  30 %
Percentage of altered instances:  25 %
Using 100 indices (first 100 from shuffled list)
Loading noise data from: results/noise_injection/by_dataset/mfeat-karhunen_att1_noise0.3.csv 
Using 100 indices for  25 % of instances
Calculate prediction
Confusion matrix
Dataset: mfeat-karhunen 
Fold: 5 
Method: multinom 
Noise level:  30 %
Percentage of altered instances:  30 %
Using 120 indices (first 120 from shuffled list)
Loading noise data from: results/noise_injection/by_dataset/mfeat-karhunen_att1_noise0.3.csv 
Using 120 indices for  30 % of instances
Calculate prediction
Confusion matrix
Dataset: mfeat-karhunen 
Fold: 5 
Method: multinom 
Noise level:  30 %
Percentage of altered instances:  40 %
Using 160 indices (first 160 from shuffled list)
Loading noise data from: results/noise_injection/by_dataset/mfeat-karhunen_att1_noise0.3.csv 
Using 160 indices for  40 % of instances
Calculate prediction
Confusion matrix
Dataset: mfeat-karhunen 
Fold: 5 
Method: multinom 
Noise level:  30 %
Percentage of altered instances:  50 %
Using 200 indices (first 200 from shuffled list)
Loading noise data from: results/noise_injection/by_dataset/mfeat-karhunen_att1_noise0.3.csv 
Using 200 indices for  50 % of instances
Calculate prediction
Confusion matrix
Dataset: mfeat-karhunen 
Fold: 5 
Method: multinom 
Noise level:  30 %
Percentage of altered instances:  60 %
Using 240 indices (first 240 from shuffled list)
Loading noise data from: results/noise_injection/by_dataset/mfeat-karhunen_att1_noise0.3.csv 
Using 240 indices for  60 % of instances
Calculate prediction
Confusion matrix
Dataset: mfeat-karhunen 
Fold: 5 
Method: multinom 
Noise level:  30 %
Percentage of altered instances:  70 %
Using 280 indices (first 280 from shuffled list)
Loading noise data from: results/noise_injection/by_dataset/mfeat-karhunen_att1_noise0.3.csv 
Using 280 indices for  70 % of instances
Calculate prediction
Confusion matrix
Dataset: mfeat-karhunen 
Fold: 5 
Method: multinom 
Noise level:  30 %
Percentage of altered instances:  75 %
Using 300 indices (first 300 from shuffled list)
Loading noise data from: results/noise_injection/by_dataset/mfeat-karhunen_att1_noise0.3.csv 
Using 300 indices for  75 % of instances
Calculate prediction
Confusion matrix
Dataset: mfeat-karhunen 
Fold: 5 
Method: multinom 
Noise level:  30 %
Percentage of altered instances:  80 %
Using 320 indices (first 320 from shuffled list)
Loading noise data from: results/noise_injection/by_dataset/mfeat-karhunen_att1_noise0.3.csv 
Using 320 indices for  80 % of instances
Calculate prediction
Confusion matrix
Dataset: mfeat-karhunen 
Fold: 5 
Method: multinom 
Noise level:  30 %
Percentage of altered instances:  90 %
Using 360 indices (first 360 from shuffled list)
Loading noise data from: results/noise_injection/by_dataset/mfeat-karhunen_att1_noise0.3.csv 
Using 360 indices for  90 % of instances
Calculate prediction
Confusion matrix
Dataset: mfeat-karhunen 
Fold: 5 
Method: multinom 
Noise level:  30 %
Percentage of altered instances:  100 %
Using 400 indices (first 400 from shuffled list)
Loading noise data from: results/noise_injection/by_dataset/mfeat-karhunen_att1_noise0.3.csv 
Using 400 indices for  100 % of instances
Calculate prediction
Confusion matrix
Saved results to: results/instances/train_noise/by_dataset/mfeat-karhunen_multinom_results.csv 
----------------
****************************
Instances altered with noise
****************************
