Current working directory: /home/chris/github/kappa-threshold 
parameters.csv exists: TRUE 
parameters.csv absolute path: /home/chris/github/kappa-threshold/data/files/parameters.csv 
Processing model: gbm for dataset: mfeat-factors 
Loaded 400 indices for fold 1 from: results/instances/original/vectors/mfeat-factors_gbm_all_folds.csv 

=== Training model with 10 % noise in training data ===
Critical percentage for training noise: 0 %
Training on clean data (critical_percentage = 0)
Iter   TrainDeviance   ValidDeviance   StepSize   Improve
     1        2.3026            -nan     0.1000    0.9003
     2        1.7838            -nan     0.1000    0.4486
     3        1.5268            -nan     0.1000    0.2938
     4        1.3546            -nan     0.1000    0.2271
     5        1.2168            -nan     0.1000    0.1880
     6        1.1026            -nan     0.1000    0.1692
     7        1.0028            -nan     0.1000    0.1247
     8        0.9285            -nan     0.1000    0.1040
     9        0.8643            -nan     0.1000    0.0906
    10        0.8102            -nan     0.1000    0.0759
    20        0.4516            -nan     0.1000    0.0265
    40        0.2120            -nan     0.1000    0.0069
    60        0.1244            -nan     0.1000    0.0023
    80        0.0800            -nan     0.1000    0.0009
   100        0.0548            -nan     0.1000    0.0004
   120        0.0393            -nan     0.1000   -0.0008
   140        0.0278            -nan     0.1000    0.0001
   150        0.0238            -nan     0.1000    0.0001

Iter   TrainDeviance   ValidDeviance   StepSize   Improve
     1        2.3026            -nan     0.1000    1.0675
     2        1.6577            -nan     0.1000    0.5130
     3        1.3523            -nan     0.1000    0.3380
     4        1.1581            -nan     0.1000    0.2529
     5        1.0054            -nan     0.1000    0.2063
     6        0.8841            -nan     0.1000    0.1693
     7        0.7816            -nan     0.1000    0.1354
     8        0.6983            -nan     0.1000    0.1112
     9        0.6288            -nan     0.1000    0.1036
    10        0.5631            -nan     0.1000    0.0826
    20        0.2461            -nan     0.1000    0.0239
    40        0.0861            -nan     0.1000    0.0012
    60        0.0408            -nan     0.1000    0.0004
    80        0.0208            -nan     0.1000    0.0004
   100        0.0110            -nan     0.1000    0.0001
   120        0.0061            -nan     0.1000   -0.0000
   140        0.0035            -nan     0.1000    0.0000
   150        0.0026            -nan     0.1000   -0.0000

Iter   TrainDeviance   ValidDeviance   StepSize   Improve
     1        2.3026            -nan     0.1000    1.1640
     2        1.5941            -nan     0.1000    0.5250
     3        1.2805            -nan     0.1000    0.3430
     4        1.0685            -nan     0.1000    0.2621
     5        0.9080            -nan     0.1000    0.1924
     6        0.7834            -nan     0.1000    0.1645
     7        0.6827            -nan     0.1000    0.1277
     8        0.6024            -nan     0.1000    0.1105
     9        0.5299            -nan     0.1000    0.0893
    10        0.4713            -nan     0.1000    0.0723
    20        0.1785            -nan     0.1000    0.0210
    40        0.0437            -nan     0.1000    0.0015
    60        0.0160            -nan     0.1000    0.0003
    80        0.0065            -nan     0.1000    0.0001
   100        0.0028            -nan     0.1000    0.0001
   120        0.0012            -nan     0.1000    0.0000
   140        0.0005            -nan     0.1000    0.0000
   150        0.0004            -nan     0.1000    0.0000

Iter   TrainDeviance   ValidDeviance   StepSize   Improve
     1        2.3026            -nan     0.1000    0.9086
     2        1.7703            -nan     0.1000    0.4342
     3        1.5119            -nan     0.1000    0.3041
     4        1.3324            -nan     0.1000    0.2383
     5        1.1943            -nan     0.1000    0.1924
     6        1.0806            -nan     0.1000    0.1680
     7        0.9815            -nan     0.1000    0.1401
     8        0.8996            -nan     0.1000    0.1242
     9        0.8261            -nan     0.1000    0.0923
    10        0.7672            -nan     0.1000    0.0779
    20        0.4263            -nan     0.1000    0.0322
    40        0.2019            -nan     0.1000    0.0072
    60        0.1213            -nan     0.1000    0.0001
    80        0.0782            -nan     0.1000    0.0000
   100        0.0556            -nan     0.1000    0.0002
   120        0.0386            -nan     0.1000    0.0002
   140        0.0276            -nan     0.1000    0.0000
   150        0.0236            -nan     0.1000   -0.0003

Iter   TrainDeviance   ValidDeviance   StepSize   Improve
     1        2.3026            -nan     0.1000    1.1227
     2        1.6413            -nan     0.1000    0.4822
     3        1.3542            -nan     0.1000    0.3492
     4        1.1454            -nan     0.1000    0.2723
     5        0.9836            -nan     0.1000    0.2021
     6        0.8640            -nan     0.1000    0.1826
     7        0.7545            -nan     0.1000    0.1338
     8        0.6710            -nan     0.1000    0.1153
     9        0.6007            -nan     0.1000    0.0891
    10        0.5440            -nan     0.1000    0.0804
    20        0.2327            -nan     0.1000    0.0239
    40        0.0768            -nan     0.1000    0.0019
    60        0.0345            -nan     0.1000   -0.0002
    80        0.0176            -nan     0.1000    0.0001
   100        0.0098            -nan     0.1000    0.0000
   120        0.0056            -nan     0.1000    0.0001
   140        0.0032            -nan     0.1000    0.0000
   150        0.0024            -nan     0.1000    0.0000

Iter   TrainDeviance   ValidDeviance   StepSize   Improve
     1        2.3026            -nan     0.1000    1.2011
     2        1.5711            -nan     0.1000    0.5289
     3        1.2617            -nan     0.1000    0.3505
     4        1.0537            -nan     0.1000    0.2669
     5        0.8903            -nan     0.1000    0.2026
     6        0.7629            -nan     0.1000    0.1677
     7        0.6600            -nan     0.1000    0.1334
     8        0.5760            -nan     0.1000    0.1085
     9        0.5069            -nan     0.1000    0.0902
    10        0.4482            -nan     0.1000    0.0778
    20        0.1678            -nan     0.1000    0.0138
    40        0.0412            -nan     0.1000    0.0016
    60        0.0145            -nan     0.1000    0.0003
    80        0.0060            -nan     0.1000    0.0001
   100        0.0026            -nan     0.1000    0.0000
   120        0.0012            -nan     0.1000    0.0000
   140        0.0006            -nan     0.1000    0.0000
   150        0.0004            -nan     0.1000    0.0000

Iter   TrainDeviance   ValidDeviance   StepSize   Improve
     1        2.3026            -nan     0.1000    0.8162
     2        1.8065            -nan     0.1000    0.4432
     3        1.5458            -nan     0.1000    0.3339
     4        1.3568            -nan     0.1000    0.2335
     5        1.2196            -nan     0.1000    0.1890
     6        1.1087            -nan     0.1000    0.1626
     7        1.0103            -nan     0.1000    0.1222
     8        0.9350            -nan     0.1000    0.1141
     9        0.8662            -nan     0.1000    0.1039
    10        0.8009            -nan     0.1000    0.0728
    20        0.4405            -nan     0.1000    0.0288
    40        0.2134            -nan     0.1000    0.0042
    60        0.1294            -nan     0.1000    0.0002
    80        0.0843            -nan     0.1000   -0.0003
   100        0.0602            -nan     0.1000    0.0002
   120        0.0436            -nan     0.1000    0.0006
   140        0.0312            -nan     0.1000   -0.0001
   150        0.0267            -nan     0.1000   -0.0001

Iter   TrainDeviance   ValidDeviance   StepSize   Improve
     1        2.3026            -nan     0.1000    1.0705
     2        1.6460            -nan     0.1000    0.4876
     3        1.3501            -nan     0.1000    0.3449
     4        1.1445            -nan     0.1000    0.2570
     5        0.9840            -nan     0.1000    0.1831
     6        0.8704            -nan     0.1000    0.1594
     7        0.7687            -nan     0.1000    0.1324
     8        0.6861            -nan     0.1000    0.1225
     9        0.6109            -nan     0.1000    0.0956
    10        0.5503            -nan     0.1000    0.0789
    20        0.2375            -nan     0.1000    0.0212
    40        0.0849            -nan     0.1000    0.0016
    60        0.0397            -nan     0.1000    0.0006
    80        0.0208            -nan     0.1000    0.0001
   100        0.0118            -nan     0.1000   -0.0000
   120        0.0069            -nan     0.1000    0.0001
   140        0.0039            -nan     0.1000    0.0000
   150        0.0031            -nan     0.1000    0.0000

Iter   TrainDeviance   ValidDeviance   StepSize   Improve
     1        2.3026            -nan     0.1000    1.1509
     2        1.5933            -nan     0.1000    0.5263
     3        1.2756            -nan     0.1000    0.3429
     4        1.0677            -nan     0.1000    0.2694
     5        0.9038            -nan     0.1000    0.2000
     6        0.7796            -nan     0.1000    0.1826
     7        0.6693            -nan     0.1000    0.1237
     8        0.5919            -nan     0.1000    0.1141
     9        0.5187            -nan     0.1000    0.0891
    10        0.4624            -nan     0.1000    0.0721
    20        0.1789            -nan     0.1000    0.0156
    40        0.0472            -nan     0.1000    0.0017
    60        0.0174            -nan     0.1000    0.0003
    80        0.0073            -nan     0.1000    0.0001
   100        0.0031            -nan     0.1000   -0.0000
   120        0.0014            -nan     0.1000    0.0000
   140        0.0007            -nan     0.1000    0.0000
   150        0.0005            -nan     0.1000    0.0000

Iter   TrainDeviance   ValidDeviance   StepSize   Improve
     1        2.3026            -nan     0.1000    0.8653
     2        1.7994            -nan     0.1000    0.4430
     3        1.5436            -nan     0.1000    0.3169
     4        1.3565            -nan     0.1000    0.2066
     5        1.2301            -nan     0.1000    0.1848
     6        1.1181            -nan     0.1000    0.1596
     7        1.0206            -nan     0.1000    0.1272
     8        0.9411            -nan     0.1000    0.1289
     9        0.8643            -nan     0.1000    0.1141
    10        0.7959            -nan     0.1000    0.0797
    20        0.4401            -nan     0.1000    0.0273
    40        0.2049            -nan     0.1000    0.0048
    60        0.1213            -nan     0.1000    0.0018
    80        0.0788            -nan     0.1000    0.0003
   100        0.0537            -nan     0.1000    0.0006
   120        0.0380            -nan     0.1000    0.0002
   140        0.0268            -nan     0.1000   -0.0001
   150        0.0230            -nan     0.1000   -0.0001

Iter   TrainDeviance   ValidDeviance   StepSize   Improve
     1        2.3026            -nan     0.1000    1.0085
     2        1.6824            -nan     0.1000    0.4908
     3        1.3800            -nan     0.1000    0.3195
     4        1.1849            -nan     0.1000    0.2597
     5        1.0280            -nan     0.1000    0.2080
     6        0.9026            -nan     0.1000    0.1532
     7        0.8049            -nan     0.1000    0.1512
     8        0.7087            -nan     0.1000    0.1230
     9        0.6343            -nan     0.1000    0.0966
    10        0.5701            -nan     0.1000    0.0896
    20        0.2407            -nan     0.1000    0.0215
    40        0.0777            -nan     0.1000    0.0033
    60        0.0351            -nan     0.1000    0.0007
    80        0.0173            -nan     0.1000    0.0002
   100        0.0094            -nan     0.1000    0.0002
   120        0.0051            -nan     0.1000    0.0000
   140        0.0028            -nan     0.1000    0.0000
   150        0.0022            -nan     0.1000    0.0000

Iter   TrainDeviance   ValidDeviance   StepSize   Improve
     1        2.3026            -nan     0.1000    1.1606
     2        1.5862            -nan     0.1000    0.5278
     3        1.2684            -nan     0.1000    0.3478
     4        1.0606            -nan     0.1000    0.2769
     5        0.8956            -nan     0.1000    0.2025
     6        0.7694            -nan     0.1000    0.1688
     7        0.6669            -nan     0.1000    0.1357
     8        0.5817            -nan     0.1000    0.1167
     9        0.5094            -nan     0.1000    0.0929
    10        0.4486            -nan     0.1000    0.0750
    20        0.1641            -nan     0.1000    0.0174
    40        0.0397            -nan     0.1000    0.0016
    60        0.0146            -nan     0.1000    0.0004
    80        0.0061            -nan     0.1000    0.0002
   100        0.0026            -nan     0.1000    0.0001
   120        0.0012            -nan     0.1000    0.0000
   140        0.0005            -nan     0.1000    0.0000
   150        0.0004            -nan     0.1000    0.0000

Iter   TrainDeviance   ValidDeviance   StepSize   Improve
     1        2.3026            -nan     0.1000    0.7909
     2        1.8051            -nan     0.1000    0.4275
     3        1.5578            -nan     0.1000    0.2879
     4        1.3883            -nan     0.1000    0.2393
     5        1.2480            -nan     0.1000    0.1796
     6        1.1399            -nan     0.1000    0.1551
     7        1.0451            -nan     0.1000    0.1287
     8        0.9663            -nan     0.1000    0.1164
     9        0.8961            -nan     0.1000    0.0835
    10        0.8400            -nan     0.1000    0.0750
    20        0.4838            -nan     0.1000    0.0341
    40        0.2349            -nan     0.1000    0.0062
    60        0.1384            -nan     0.1000    0.0001
    80        0.0916            -nan     0.1000    0.0008
   100        0.0656            -nan     0.1000    0.0005
   120        0.0473            -nan     0.1000    0.0001
   140        0.0342            -nan     0.1000   -0.0004
   150        0.0294            -nan     0.1000   -0.0001

Iter   TrainDeviance   ValidDeviance   StepSize   Improve
     1        2.3026            -nan     0.1000    1.0505
     2        1.6644            -nan     0.1000    0.4912
     3        1.3676            -nan     0.1000    0.3471
     4        1.1641            -nan     0.1000    0.2625
     5        1.0095            -nan     0.1000    0.2122
     6        0.8828            -nan     0.1000    0.1522
     7        0.7894            -nan     0.1000    0.1446
     8        0.7014            -nan     0.1000    0.1033
     9        0.6324            -nan     0.1000    0.0996
    10        0.5699            -nan     0.1000    0.0861
    20        0.2621            -nan     0.1000    0.0201
    40        0.0955            -nan     0.1000    0.0037
    60        0.0447            -nan     0.1000    0.0001
    80        0.0241            -nan     0.1000    0.0001
   100        0.0133            -nan     0.1000    0.0001
   120        0.0077            -nan     0.1000   -0.0000
   140        0.0046            -nan     0.1000   -0.0000
   150        0.0035            -nan     0.1000    0.0000

Iter   TrainDeviance   ValidDeviance   StepSize   Improve
     1        2.3026            -nan     0.1000    1.1846
     2        1.5926            -nan     0.1000    0.5384
     3        1.2723            -nan     0.1000    0.3364
     4        1.0717            -nan     0.1000    0.2598
     5        0.9110            -nan     0.1000    0.2009
     6        0.7875            -nan     0.1000    0.1632
     7        0.6872            -nan     0.1000    0.1288
     8        0.6036            -nan     0.1000    0.1137
     9        0.5300            -nan     0.1000    0.0909
    10        0.4682            -nan     0.1000    0.0785
    20        0.1827            -nan     0.1000    0.0103
    40        0.0510            -nan     0.1000    0.0015
    60        0.0202            -nan     0.1000    0.0004
    80        0.0087            -nan     0.1000    0.0002
   100        0.0040            -nan     0.1000    0.0001
   120        0.0019            -nan     0.1000    0.0000
   140        0.0009            -nan     0.1000    0.0000
   150        0.0007            -nan     0.1000    0.0000

Iter   TrainDeviance   ValidDeviance   StepSize   Improve
     1        2.3026            -nan     0.1000    0.8836
     2        1.7855            -nan     0.1000    0.4644
     3        1.5222            -nan     0.1000    0.3273
     4        1.3348            -nan     0.1000    0.2473
     5        1.1907            -nan     0.1000    0.1824
     6        1.0812            -nan     0.1000    0.1564
     7        0.9861            -nan     0.1000    0.1274
     8        0.9065            -nan     0.1000    0.1058
     9        0.8400            -nan     0.1000    0.1031
    10        0.7754            -nan     0.1000    0.0909
    20        0.4160            -nan     0.1000    0.0271
    40        0.1922            -nan     0.1000    0.0044
    60        0.1134            -nan     0.1000   -0.0006
    80        0.0763            -nan     0.1000   -0.0001
   100        0.0516            -nan     0.1000   -0.0003
   120        0.0361            -nan     0.1000    0.0002
   140        0.0261            -nan     0.1000    0.0003
   150        0.0222            -nan     0.1000   -0.0002

Iter   TrainDeviance   ValidDeviance   StepSize   Improve
     1        2.3026            -nan     0.1000    1.0838
     2        1.6536            -nan     0.1000    0.5207
     3        1.3426            -nan     0.1000    0.3295
     4        1.1442            -nan     0.1000    0.2585
     5        0.9910            -nan     0.1000    0.2078
     6        0.8674            -nan     0.1000    0.1704
     7        0.7630            -nan     0.1000    0.1433
     8        0.6741            -nan     0.1000    0.1101
     9        0.6072            -nan     0.1000    0.0956
    10        0.5474            -nan     0.1000    0.0820
    20        0.2343            -nan     0.1000    0.0243
    40        0.0812            -nan     0.1000    0.0036
    60        0.0364            -nan     0.1000   -0.0003
    80        0.0195            -nan     0.1000   -0.0000
   100        0.0108            -nan     0.1000    0.0000
   120        0.0061            -nan     0.1000   -0.0001
   140        0.0035            -nan     0.1000   -0.0000
   150        0.0027            -nan     0.1000    0.0000

Iter   TrainDeviance   ValidDeviance   StepSize   Improve
     1        2.3026            -nan     0.1000    1.1775
     2        1.5729            -nan     0.1000    0.5439
     3        1.2559            -nan     0.1000    0.3578
     4        1.0437            -nan     0.1000    0.2564
     5        0.8891            -nan     0.1000    0.2075
     6        0.7628            -nan     0.1000    0.1655
     7        0.6607            -nan     0.1000    0.1252
     8        0.5801            -nan     0.1000    0.1042
     9        0.5128            -nan     0.1000    0.0899
    10        0.4552            -nan     0.1000    0.0827
    20        0.1654            -nan     0.1000    0.0170
    40        0.0412            -nan     0.1000    0.0015
    60        0.0150            -nan     0.1000   -0.0002
    80        0.0060            -nan     0.1000   -0.0000
   100        0.0028            -nan     0.1000    0.0000
   120        0.0013            -nan     0.1000    0.0000
   140        0.0006            -nan     0.1000   -0.0000
   150        0.0004            -nan     0.1000    0.0000

Iter   TrainDeviance   ValidDeviance   StepSize   Improve
     1        2.3026            -nan     0.1000    0.8544
     2        1.7873            -nan     0.1000    0.4568
     3        1.5154            -nan     0.1000    0.2957
     4        1.3403            -nan     0.1000    0.2258
     5        1.2038            -nan     0.1000    0.1946
     6        1.0887            -nan     0.1000    0.1599
     7        0.9923            -nan     0.1000    0.1300
     8        0.9140            -nan     0.1000    0.1270
     9        0.8382            -nan     0.1000    0.0996
    10        0.7778            -nan     0.1000    0.0796
    20        0.4259            -nan     0.1000    0.0283
    40        0.2063            -nan     0.1000    0.0041
    60        0.1271            -nan     0.1000   -0.0014
    80        0.0808            -nan     0.1000    0.0000
   100        0.0563            -nan     0.1000    0.0002
   120        0.0411            -nan     0.1000   -0.0001
   140        0.0296            -nan     0.1000   -0.0001
   150        0.0254            -nan     0.1000    0.0001

Iter   TrainDeviance   ValidDeviance   StepSize   Improve
     1        2.3026            -nan     0.1000    1.0448
     2        1.6532            -nan     0.1000    0.4780
     3        1.3675            -nan     0.1000    0.3265
     4        1.1677            -nan     0.1000    0.2758
     5        1.0037            -nan     0.1000    0.2028
     6        0.8800            -nan     0.1000    0.1629
     7        0.7803            -nan     0.1000    0.1427
     8        0.6946            -nan     0.1000    0.1212
     9        0.6196            -nan     0.1000    0.0968
    10        0.5574            -nan     0.1000    0.0816
    20        0.2396            -nan     0.1000    0.0165
    40        0.0873            -nan     0.1000    0.0023
    60        0.0401            -nan     0.1000   -0.0000
    80        0.0216            -nan     0.1000    0.0003
   100        0.0114            -nan     0.1000    0.0002
   120        0.0065            -nan     0.1000   -0.0000
   140        0.0038            -nan     0.1000    0.0000
   150        0.0028            -nan     0.1000    0.0001

Iter   TrainDeviance   ValidDeviance   StepSize   Improve
     1        2.3026            -nan     0.1000    1.1642
     2        1.5891            -nan     0.1000    0.5220
     3        1.2769            -nan     0.1000    0.3317
     4        1.0739            -nan     0.1000    0.2652
     5        0.9084            -nan     0.1000    0.2020
     6        0.7838            -nan     0.1000    0.1649
     7        0.6812            -nan     0.1000    0.1374
     8        0.5966            -nan     0.1000    0.1168
     9        0.5223            -nan     0.1000    0.0979
    10        0.4596            -nan     0.1000    0.0689
    20        0.1727            -nan     0.1000    0.0178
    40        0.0433            -nan     0.1000    0.0020
    60        0.0167            -nan     0.1000    0.0002
    80        0.0073            -nan     0.1000    0.0001
   100        0.0033            -nan     0.1000    0.0001
   120        0.0015            -nan     0.1000    0.0000
   140        0.0007            -nan     0.1000    0.0000
   150        0.0005            -nan     0.1000   -0.0000

Iter   TrainDeviance   ValidDeviance   StepSize   Improve
     1        2.3026            -nan     0.1000    0.8453
     2        1.7942            -nan     0.1000    0.4616
     3        1.5264            -nan     0.1000    0.3090
     4        1.3465            -nan     0.1000    0.2354
     5        1.2062            -nan     0.1000    0.1951
     6        1.0894            -nan     0.1000    0.1586
     7        0.9944            -nan     0.1000    0.1253
     8        0.9171            -nan     0.1000    0.1148
     9        0.8468            -nan     0.1000    0.0983
    10        0.7845            -nan     0.1000    0.0957
    20        0.4254            -nan     0.1000    0.0277
    40        0.2013            -nan     0.1000    0.0040
    60        0.1200            -nan     0.1000    0.0012
    80        0.0780            -nan     0.1000   -0.0004
   100        0.0548            -nan     0.1000   -0.0004
   120        0.0392            -nan     0.1000    0.0001
   140        0.0287            -nan     0.1000   -0.0004
   150        0.0247            -nan     0.1000   -0.0002

Iter   TrainDeviance   ValidDeviance   StepSize   Improve
     1        2.3026            -nan     0.1000    1.0452
     2        1.6693            -nan     0.1000    0.5043
     3        1.3679            -nan     0.1000    0.3491
     4        1.1576            -nan     0.1000    0.2469
     5        1.0096            -nan     0.1000    0.2089
     6        0.8842            -nan     0.1000    0.1739
     7        0.7782            -nan     0.1000    0.1437
     8        0.6897            -nan     0.1000    0.1186
     9        0.6177            -nan     0.1000    0.1066
    10        0.5510            -nan     0.1000    0.0808
    20        0.2363            -nan     0.1000    0.0198
    40        0.0809            -nan     0.1000    0.0027
    60        0.0360            -nan     0.1000    0.0009
    80        0.0194            -nan     0.1000    0.0002
   100        0.0108            -nan     0.1000   -0.0002
   120        0.0060            -nan     0.1000   -0.0000
   140        0.0034            -nan     0.1000    0.0000
   150        0.0026            -nan     0.1000    0.0000

Iter   TrainDeviance   ValidDeviance   StepSize   Improve
     1        2.3026            -nan     0.1000    1.2180
     2        1.5654            -nan     0.1000    0.5113
     3        1.2545            -nan     0.1000    0.3399
     4        1.0496            -nan     0.1000    0.2752
     5        0.8857            -nan     0.1000    0.2150
     6        0.7569            -nan     0.1000    0.1687
     7        0.6524            -nan     0.1000    0.1351
     8        0.5672            -nan     0.1000    0.1116
     9        0.4971            -nan     0.1000    0.0841
    10        0.4409            -nan     0.1000    0.0751
    20        0.1659            -nan     0.1000    0.0170
    40        0.0418            -nan     0.1000    0.0019
    60        0.0153            -nan     0.1000    0.0003
    80        0.0061            -nan     0.1000    0.0001
   100        0.0027            -nan     0.1000    0.0000
   120        0.0012            -nan     0.1000    0.0000
   140        0.0006            -nan     0.1000    0.0000
   150        0.0004            -nan     0.1000   -0.0000

Iter   TrainDeviance   ValidDeviance   StepSize   Improve
     1        2.3026            -nan     0.1000    0.8548
     2        1.8046            -nan     0.1000    0.4222
     3        1.5524            -nan     0.1000    0.3237
     4        1.3578            -nan     0.1000    0.2358
     5        1.2119            -nan     0.1000    0.1936
     6        1.0959            -nan     0.1000    0.1601
     7        0.9979            -nan     0.1000    0.1280
     8        0.9168            -nan     0.1000    0.1155
     9        0.8441            -nan     0.1000    0.0943
    10        0.7856            -nan     0.1000    0.0826
    20        0.4193            -nan     0.1000    0.0301
    40        0.1921            -nan     0.1000    0.0050
    60        0.1100            -nan     0.1000    0.0005
    80        0.0732            -nan     0.1000    0.0016
   100        0.0492            -nan     0.1000    0.0004
   120        0.0351            -nan     0.1000   -0.0004
   140        0.0244            -nan     0.1000    0.0001
   150        0.0207            -nan     0.1000   -0.0002

Iter   TrainDeviance   ValidDeviance   StepSize   Improve
     1        2.3026            -nan     0.1000    1.0469
     2        1.6615            -nan     0.1000    0.5104
     3        1.3579            -nan     0.1000    0.3332
     4        1.1568            -nan     0.1000    0.2814
     5        0.9895            -nan     0.1000    0.1960
     6        0.8730            -nan     0.1000    0.1895
     7        0.7606            -nan     0.1000    0.1376
     8        0.6772            -nan     0.1000    0.1146
     9        0.6052            -nan     0.1000    0.1027
    10        0.5397            -nan     0.1000    0.0835
    20        0.2267            -nan     0.1000    0.0180
    40        0.0767            -nan     0.1000    0.0028
    60        0.0349            -nan     0.1000    0.0007
    80        0.0178            -nan     0.1000    0.0003
   100        0.0096            -nan     0.1000    0.0001
   120        0.0053            -nan     0.1000    0.0001
   140        0.0029            -nan     0.1000   -0.0000
   150        0.0022            -nan     0.1000   -0.0000

Iter   TrainDeviance   ValidDeviance   StepSize   Improve
     1        2.3026            -nan     0.1000    1.0897
     2        1.6294            -nan     0.1000    0.5574
     3        1.2948            -nan     0.1000    0.3631
     4        1.0782            -nan     0.1000    0.2728
     5        0.9124            -nan     0.1000    0.2188
     6        0.7792            -nan     0.1000    0.1649
     7        0.6771            -nan     0.1000    0.1409
     8        0.5909            -nan     0.1000    0.1194
     9        0.5176            -nan     0.1000    0.0990
    10        0.4558            -nan     0.1000    0.0814
    20        0.1666            -nan     0.1000    0.0147
    40        0.0392            -nan     0.1000    0.0011
    60        0.0146            -nan     0.1000    0.0002
    80        0.0059            -nan     0.1000    0.0000
   100        0.0025            -nan     0.1000   -0.0000
   120        0.0011            -nan     0.1000    0.0000
   140        0.0005            -nan     0.1000    0.0000
   150        0.0003            -nan     0.1000    0.0000

Iter   TrainDeviance   ValidDeviance   StepSize   Improve
     1        2.3026            -nan     0.1000    0.8462
     2        1.7995            -nan     0.1000    0.4290
     3        1.5425            -nan     0.1000    0.3035
     4        1.3642            -nan     0.1000    0.2169
     5        1.2310            -nan     0.1000    0.1835
     6        1.1169            -nan     0.1000    0.1718
     7        1.0113            -nan     0.1000    0.1244
     8        0.9349            -nan     0.1000    0.1178
     9        0.8627            -nan     0.1000    0.0995
    10        0.8016            -nan     0.1000    0.0875
    20        0.4520            -nan     0.1000    0.0286
    40        0.2065            -nan     0.1000    0.0089
    60        0.1211            -nan     0.1000    0.0008
    80        0.0773            -nan     0.1000    0.0009
   100        0.0502            -nan     0.1000    0.0004
   120        0.0343            -nan     0.1000    0.0001
   140        0.0241            -nan     0.1000    0.0000
   150        0.0203            -nan     0.1000   -0.0000

Iter   TrainDeviance   ValidDeviance   StepSize   Improve
     1        2.3026            -nan     0.1000    1.0724
     2        1.6496            -nan     0.1000    0.4786
     3        1.3562            -nan     0.1000    0.3405
     4        1.1539            -nan     0.1000    0.2549
     5        1.0012            -nan     0.1000    0.2159
     6        0.8679            -nan     0.1000    0.1627
     7        0.7692            -nan     0.1000    0.1383
     8        0.6812            -nan     0.1000    0.1165
     9        0.6056            -nan     0.1000    0.0890
    10        0.5497            -nan     0.1000    0.0829
    20        0.2382            -nan     0.1000    0.0168
    40        0.0782            -nan     0.1000    0.0035
    60        0.0346            -nan     0.1000    0.0005
    80        0.0177            -nan     0.1000    0.0003
   100        0.0096            -nan     0.1000    0.0002
   120        0.0053            -nan     0.1000    0.0000
   140        0.0031            -nan     0.1000    0.0000
   150        0.0023            -nan     0.1000    0.0000

Iter   TrainDeviance   ValidDeviance   StepSize   Improve
     1        2.3026            -nan     0.1000    1.1559
     2        1.6045            -nan     0.1000    0.5499
     3        1.2865            -nan     0.1000    0.3767
     4        1.0658            -nan     0.1000    0.2805
     5        0.8973            -nan     0.1000    0.2116
     6        0.7705            -nan     0.1000    0.1532
     7        0.6720            -nan     0.1000    0.1320
     8        0.5896            -nan     0.1000    0.1160
     9        0.5174            -nan     0.1000    0.1010
    10        0.4541            -nan     0.1000    0.0856
    20        0.1671            -nan     0.1000    0.0145
    40        0.0414            -nan     0.1000    0.0018
    60        0.0145            -nan     0.1000    0.0006
    80        0.0062            -nan     0.1000    0.0002
   100        0.0027            -nan     0.1000    0.0000
   120        0.0012            -nan     0.1000    0.0000
   140        0.0005            -nan     0.1000    0.0000
   150        0.0004            -nan     0.1000    0.0000

Iter   TrainDeviance   ValidDeviance   StepSize   Improve
     1        2.3026            -nan     0.1000    0.8714
     2        1.7930            -nan     0.1000    0.4471
     3        1.5350            -nan     0.1000    0.2852
     4        1.3641            -nan     0.1000    0.2523
     5        1.2195            -nan     0.1000    0.2084
     6        1.0975            -nan     0.1000    0.1646
     7        1.0023            -nan     0.1000    0.1226
     8        0.9274            -nan     0.1000    0.1078
     9        0.8598            -nan     0.1000    0.0943
    10        0.7989            -nan     0.1000    0.0907
    20        0.4431            -nan     0.1000    0.0237
    40        0.2148            -nan     0.1000    0.0053
    60        0.1274            -nan     0.1000    0.0022
    80        0.0838            -nan     0.1000    0.0009
   100        0.0549            -nan     0.1000   -0.0002
   120        0.0391            -nan     0.1000    0.0005
   140        0.0282            -nan     0.1000   -0.0004
   150        0.0239            -nan     0.1000    0.0000

Iter   TrainDeviance   ValidDeviance   StepSize   Improve
     1        2.3026            -nan     0.1000    1.0588
     2        1.6606            -nan     0.1000    0.5002
     3        1.3630            -nan     0.1000    0.3283
     4        1.1657            -nan     0.1000    0.2745
     5        1.0031            -nan     0.1000    0.2096
     6        0.8764            -nan     0.1000    0.1725
     7        0.7699            -nan     0.1000    0.1465
     8        0.6821            -nan     0.1000    0.1235
     9        0.6062            -nan     0.1000    0.0990
    10        0.5429            -nan     0.1000    0.0825
    20        0.2338            -nan     0.1000    0.0216
    40        0.0803            -nan     0.1000    0.0022
    60        0.0360            -nan     0.1000    0.0001
    80        0.0178            -nan     0.1000    0.0003
   100        0.0098            -nan     0.1000    0.0001
   120        0.0053            -nan     0.1000    0.0000
   140        0.0031            -nan     0.1000    0.0000
   150        0.0023            -nan     0.1000    0.0000

Iter   TrainDeviance   ValidDeviance   StepSize   Improve
     1        2.3026            -nan     0.1000    1.1422
     2        1.5945            -nan     0.1000    0.5068
     3        1.2888            -nan     0.1000    0.3693
     4        1.0678            -nan     0.1000    0.2645
     5        0.9075            -nan     0.1000    0.2108
     6        0.7786            -nan     0.1000    0.1727
     7        0.6751            -nan     0.1000    0.1398
     8        0.5870            -nan     0.1000    0.1115
     9        0.5160            -nan     0.1000    0.0958
    10        0.4544            -nan     0.1000    0.0759
    20        0.1667            -nan     0.1000    0.0150
    40        0.0412            -nan     0.1000    0.0010
    60        0.0148            -nan     0.1000    0.0008
    80        0.0060            -nan     0.1000    0.0002
   100        0.0027            -nan     0.1000    0.0000
   120        0.0012            -nan     0.1000   -0.0000
   140        0.0006            -nan     0.1000    0.0000
   150        0.0004            -nan     0.1000    0.0000

Iter   TrainDeviance   ValidDeviance   StepSize   Improve
     1        2.3026            -nan     0.1000    0.8589
     2        1.7962            -nan     0.1000    0.4459
     3        1.5400            -nan     0.1000    0.3045
     4        1.3609            -nan     0.1000    0.2550
     5        1.2141            -nan     0.1000    0.1816
     6        1.1074            -nan     0.1000    0.1574
     7        1.0113            -nan     0.1000    0.1331
     8        0.9298            -nan     0.1000    0.1106
     9        0.8632            -nan     0.1000    0.0846
    10        0.8084            -nan     0.1000    0.0938
    20        0.4435            -nan     0.1000    0.0344
    40        0.2164            -nan     0.1000    0.0014
    60        0.1336            -nan     0.1000    0.0012
    80        0.0901            -nan     0.1000    0.0004
   100        0.0637            -nan     0.1000   -0.0006
   120        0.0467            -nan     0.1000   -0.0001
   140        0.0346            -nan     0.1000   -0.0003
   150        0.0298            -nan     0.1000   -0.0001

Iter   TrainDeviance   ValidDeviance   StepSize   Improve
     1        2.3026            -nan     0.1000    1.0433
     2        1.6563            -nan     0.1000    0.5097
     3        1.3535            -nan     0.1000    0.3344
     4        1.1499            -nan     0.1000    0.2494
     5        1.0006            -nan     0.1000    0.2122
     6        0.8719            -nan     0.1000    0.1665
     7        0.7708            -nan     0.1000    0.1283
     8        0.6912            -nan     0.1000    0.1181
     9        0.6183            -nan     0.1000    0.0963
    10        0.5581            -nan     0.1000    0.0793
    20        0.2516            -nan     0.1000    0.0101
    40        0.0966            -nan     0.1000    0.0019
    60        0.0467            -nan     0.1000   -0.0002
    80        0.0248            -nan     0.1000    0.0005
   100        0.0142            -nan     0.1000    0.0001
   120        0.0081            -nan     0.1000   -0.0000
   140        0.0049            -nan     0.1000    0.0000
   150        0.0039            -nan     0.1000    0.0000

Iter   TrainDeviance   ValidDeviance   StepSize   Improve
     1        2.3026            -nan     0.1000    1.2182
     2        1.5650            -nan     0.1000    0.5226
     3        1.2555            -nan     0.1000    0.3340
     4        1.0558            -nan     0.1000    0.2717
     5        0.8969            -nan     0.1000    0.1941
     6        0.7766            -nan     0.1000    0.1703
     7        0.6729            -nan     0.1000    0.1334
     8        0.5882            -nan     0.1000    0.1053
     9        0.5215            -nan     0.1000    0.0860
    10        0.4673            -nan     0.1000    0.0687
    20        0.1835            -nan     0.1000    0.0146
    40        0.0491            -nan     0.1000    0.0002
    60        0.0195            -nan     0.1000    0.0004
    80        0.0084            -nan     0.1000    0.0002
   100        0.0040            -nan     0.1000   -0.0000
   120        0.0020            -nan     0.1000    0.0001
   140        0.0010            -nan     0.1000    0.0000
   150        0.0007            -nan     0.1000    0.0000

Iter   TrainDeviance   ValidDeviance   StepSize   Improve
     1        2.3026            -nan     0.1000    0.8318
     2        1.8014            -nan     0.1000    0.3957
     3        1.5672            -nan     0.1000    0.3064
     4        1.3848            -nan     0.1000    0.2262
     5        1.2488            -nan     0.1000    0.1881
     6        1.1348            -nan     0.1000    0.1638
     7        1.0374            -nan     0.1000    0.1323
     8        0.9549            -nan     0.1000    0.1172
     9        0.8799            -nan     0.1000    0.1016
    10        0.8191            -nan     0.1000    0.0871
    20        0.4636            -nan     0.1000    0.0302
    40        0.2231            -nan     0.1000    0.0034
    60        0.1350            -nan     0.1000    0.0009
    80        0.0913            -nan     0.1000    0.0013
   100        0.0637            -nan     0.1000   -0.0007
   120        0.0459            -nan     0.1000   -0.0004
   140        0.0338            -nan     0.1000   -0.0001
   150        0.0295            -nan     0.1000   -0.0005

Iter   TrainDeviance   ValidDeviance   StepSize   Improve
     1        2.3026            -nan     0.1000    1.0581
     2        1.6660            -nan     0.1000    0.5063
     3        1.3680            -nan     0.1000    0.3345
     4        1.1659            -nan     0.1000    0.2619
     5        1.0088            -nan     0.1000    0.2077
     6        0.8837            -nan     0.1000    0.1630
     7        0.7833            -nan     0.1000    0.1406
     8        0.6978            -nan     0.1000    0.1098
     9        0.6291            -nan     0.1000    0.0983
    10        0.5710            -nan     0.1000    0.0874
    20        0.2559            -nan     0.1000    0.0193
    40        0.0938            -nan     0.1000    0.0025
    60        0.0452            -nan     0.1000    0.0002
    80        0.0234            -nan     0.1000   -0.0001
   100        0.0132            -nan     0.1000    0.0001
   120        0.0080            -nan     0.1000    0.0002
   140        0.0046            -nan     0.1000   -0.0000
   150        0.0037            -nan     0.1000    0.0000

Iter   TrainDeviance   ValidDeviance   StepSize   Improve
     1        2.3026            -nan     0.1000    1.1297
     2        1.6024            -nan     0.1000    0.5335
     3        1.2886            -nan     0.1000    0.3330
     4        1.0842            -nan     0.1000    0.2626
     5        0.9243            -nan     0.1000    0.2131
     6        0.7909            -nan     0.1000    0.1595
     7        0.6909            -nan     0.1000    0.1362
     8        0.6031            -nan     0.1000    0.0992
     9        0.5389            -nan     0.1000    0.0968
    10        0.4780            -nan     0.1000    0.0874
    20        0.1871            -nan     0.1000    0.0192
    40        0.0523            -nan     0.1000    0.0022
    60        0.0212            -nan     0.1000    0.0000
    80        0.0095            -nan     0.1000    0.0000
   100        0.0043            -nan     0.1000    0.0001
   120        0.0021            -nan     0.1000   -0.0000
   140        0.0010            -nan     0.1000    0.0000
   150        0.0007            -nan     0.1000    0.0000

Iter   TrainDeviance   ValidDeviance   StepSize   Improve
     1        2.3026            -nan     0.1000    0.8417
     2        1.7891            -nan     0.1000    0.4217
     3        1.5375            -nan     0.1000    0.3159
     4        1.3528            -nan     0.1000    0.2260
     5        1.2169            -nan     0.1000    0.1906
     6        1.1036            -nan     0.1000    0.1639
     7        1.0063            -nan     0.1000    0.1370
     8        0.9228            -nan     0.1000    0.1100
     9        0.8545            -nan     0.1000    0.1008
    10        0.7927            -nan     0.1000    0.0794
    20        0.4322            -nan     0.1000    0.0349
    40        0.1984            -nan     0.1000    0.0069
    60        0.1117            -nan     0.1000    0.0011
    80        0.0718            -nan     0.1000    0.0005
   100        0.0485            -nan     0.1000   -0.0002
   120        0.0334            -nan     0.1000   -0.0000
   140        0.0244            -nan     0.1000   -0.0001
   150        0.0206            -nan     0.1000   -0.0001

Iter   TrainDeviance   ValidDeviance   StepSize   Improve
     1        2.3026            -nan     0.1000    1.1011
     2        1.6369            -nan     0.1000    0.5093
     3        1.3425            -nan     0.1000    0.3229
     4        1.1508            -nan     0.1000    0.2707
     5        0.9931            -nan     0.1000    0.2169
     6        0.8618            -nan     0.1000    0.1586
     7        0.7645            -nan     0.1000    0.1401
     8        0.6767            -nan     0.1000    0.1067
     9        0.6091            -nan     0.1000    0.0967
    10        0.5470            -nan     0.1000    0.0722
    20        0.2292            -nan     0.1000    0.0208
    40        0.0744            -nan     0.1000    0.0020
    60        0.0320            -nan     0.1000    0.0005
    80        0.0164            -nan     0.1000    0.0003
   100        0.0086            -nan     0.1000    0.0002
   120        0.0049            -nan     0.1000   -0.0000
   140        0.0027            -nan     0.1000    0.0000
   150        0.0020            -nan     0.1000   -0.0000

Iter   TrainDeviance   ValidDeviance   StepSize   Improve
     1        2.3026            -nan     0.1000    1.1837
     2        1.5926            -nan     0.1000    0.5407
     3        1.2758            -nan     0.1000    0.3553
     4        1.0630            -nan     0.1000    0.2598
     5        0.9076            -nan     0.1000    0.2143
     6        0.7774            -nan     0.1000    0.1704
     7        0.6727            -nan     0.1000    0.1352
     8        0.5882            -nan     0.1000    0.1161
     9        0.5157            -nan     0.1000    0.0955
    10        0.4544            -nan     0.1000    0.0807
    20        0.1726            -nan     0.1000    0.0149
    40        0.0424            -nan     0.1000    0.0024
    60        0.0149            -nan     0.1000    0.0004
    80        0.0061            -nan     0.1000    0.0002
   100        0.0027            -nan     0.1000    0.0001
   120        0.0012            -nan     0.1000    0.0000
   140        0.0006            -nan     0.1000   -0.0000
   150        0.0004            -nan     0.1000    0.0000

Iter   TrainDeviance   ValidDeviance   StepSize   Improve
     1        2.3026            -nan     0.1000    0.8666
     2        1.8025            -nan     0.1000    0.4383
     3        1.5435            -nan     0.1000    0.3026
     4        1.3654            -nan     0.1000    0.2626
     5        1.2086            -nan     0.1000    0.1899
     6        1.0948            -nan     0.1000    0.1546
     7        1.0011            -nan     0.1000    0.1242
     8        0.9263            -nan     0.1000    0.1025
     9        0.8636            -nan     0.1000    0.0968
    10        0.8032            -nan     0.1000    0.0930
    20        0.4360            -nan     0.1000    0.0371
    40        0.2096            -nan     0.1000    0.0039
    60        0.1283            -nan     0.1000    0.0000
    80        0.0832            -nan     0.1000    0.0002
   100        0.0578            -nan     0.1000    0.0003
   120        0.0404            -nan     0.1000   -0.0001
   140        0.0291            -nan     0.1000    0.0000
   150        0.0250            -nan     0.1000   -0.0000

Iter   TrainDeviance   ValidDeviance   StepSize   Improve
     1        2.3026            -nan     0.1000    1.1037
     2        1.6524            -nan     0.1000    0.5078
     3        1.3476            -nan     0.1000    0.3687
     4        1.1354            -nan     0.1000    0.2634
     5        0.9807            -nan     0.1000    0.1978
     6        0.8623            -nan     0.1000    0.1596
     7        0.7635            -nan     0.1000    0.1347
     8        0.6814            -nan     0.1000    0.1214
     9        0.6068            -nan     0.1000    0.1020
    10        0.5464            -nan     0.1000    0.0811
    20        0.2370            -nan     0.1000    0.0243
    40        0.0868            -nan     0.1000    0.0022
    60        0.0408            -nan     0.1000    0.0003
    80        0.0220            -nan     0.1000   -0.0001
   100        0.0120            -nan     0.1000    0.0001
   120        0.0072            -nan     0.1000    0.0001
   140        0.0043            -nan     0.1000    0.0001
   150        0.0033            -nan     0.1000    0.0000

Iter   TrainDeviance   ValidDeviance   StepSize   Improve
     1        2.3026            -nan     0.1000    1.1428
     2        1.5961            -nan     0.1000    0.5494
     3        1.2735            -nan     0.1000    0.3487
     4        1.0598            -nan     0.1000    0.2583
     5        0.9031            -nan     0.1000    0.2117
     6        0.7771            -nan     0.1000    0.1657
     7        0.6735            -nan     0.1000    0.1358
     8        0.5891            -nan     0.1000    0.1146
     9        0.5159            -nan     0.1000    0.0926
    10        0.4572            -nan     0.1000    0.0776
    20        0.1694            -nan     0.1000    0.0147
    40        0.0465            -nan     0.1000    0.0007
    60        0.0184            -nan     0.1000    0.0001
    80        0.0079            -nan     0.1000    0.0001
   100        0.0036            -nan     0.1000    0.0000
   120        0.0018            -nan     0.1000    0.0000
   140        0.0008            -nan     0.1000    0.0000
   150        0.0006            -nan     0.1000    0.0000

Iter   TrainDeviance   ValidDeviance   StepSize   Improve
     1        2.3026            -nan     0.1000    0.8631
     2        1.7879            -nan     0.1000    0.4252
     3        1.5392            -nan     0.1000    0.3030
     4        1.3560            -nan     0.1000    0.2316
     5        1.2164            -nan     0.1000    0.1929
     6        1.1041            -nan     0.1000    0.1645
     7        1.0039            -nan     0.1000    0.1245
     8        0.9284            -nan     0.1000    0.1135
     9        0.8574            -nan     0.1000    0.0892
    10        0.7982            -nan     0.1000    0.0869
    20        0.4458            -nan     0.1000    0.0271
    40        0.2157            -nan     0.1000    0.0064
    60        0.1278            -nan     0.1000    0.0003
    80        0.0829            -nan     0.1000   -0.0005
   100        0.0553            -nan     0.1000    0.0004
   120        0.0389            -nan     0.1000   -0.0005
   140        0.0276            -nan     0.1000    0.0002
   150        0.0233            -nan     0.1000    0.0000

Iter   TrainDeviance   ValidDeviance   StepSize   Improve
     1        2.3026            -nan     0.1000    1.0591
     2        1.6826            -nan     0.1000    0.5167
     3        1.3781            -nan     0.1000    0.3551
     4        1.1669            -nan     0.1000    0.2526
     5        1.0118            -nan     0.1000    0.2030
     6        0.8887            -nan     0.1000    0.1853
     7        0.7762            -nan     0.1000    0.1328
     8        0.6920            -nan     0.1000    0.1105
     9        0.6228            -nan     0.1000    0.0901
    10        0.5670            -nan     0.1000    0.0847
    20        0.2518            -nan     0.1000    0.0177
    40        0.0824            -nan     0.1000    0.0026
    60        0.0368            -nan     0.1000    0.0004
    80        0.0199            -nan     0.1000    0.0004
   100        0.0102            -nan     0.1000    0.0002
   120        0.0056            -nan     0.1000    0.0001
   140        0.0032            -nan     0.1000    0.0000
   150        0.0023            -nan     0.1000    0.0000

Iter   TrainDeviance   ValidDeviance   StepSize   Improve
     1        2.3026            -nan     0.1000    1.1980
     2        1.5756            -nan     0.1000    0.5039
     3        1.2714            -nan     0.1000    0.3343
     4        1.0663            -nan     0.1000    0.2577
     5        0.9059            -nan     0.1000    0.2057
     6        0.7816            -nan     0.1000    0.1700
     7        0.6791            -nan     0.1000    0.1405
     8        0.5940            -nan     0.1000    0.1118
     9        0.5238            -nan     0.1000    0.0919
    10        0.4645            -nan     0.1000    0.0763
    20        0.1752            -nan     0.1000    0.0168
    40        0.0449            -nan     0.1000    0.0020
    60        0.0157            -nan     0.1000    0.0001
    80        0.0063            -nan     0.1000    0.0002
   100        0.0027            -nan     0.1000    0.0001
   120        0.0012            -nan     0.1000    0.0000
   140        0.0005            -nan     0.1000    0.0000
   150        0.0004            -nan     0.1000    0.0000

Iter   TrainDeviance   ValidDeviance   StepSize   Improve
     1        2.3026            -nan     0.1000    0.9008
     2        1.7761            -nan     0.1000    0.4771
     3        1.5045            -nan     0.1000    0.3286
     4        1.3146            -nan     0.1000    0.2503
     5        1.1746            -nan     0.1000    0.1932
     6        1.0613            -nan     0.1000    0.1462
     7        0.9732            -nan     0.1000    0.1207
     8        0.8988            -nan     0.1000    0.1146
     9        0.8279            -nan     0.1000    0.0811
    10        0.7762            -nan     0.1000    0.0851
    20        0.4179            -nan     0.1000    0.0260
    40        0.1930            -nan     0.1000    0.0053
    60        0.1129            -nan     0.1000    0.0000
    80        0.0731            -nan     0.1000    0.0003
   100        0.0501            -nan     0.1000   -0.0000
   120        0.0350            -nan     0.1000    0.0003
   140        0.0251            -nan     0.1000    0.0000
   150        0.0212            -nan     0.1000   -0.0001

Iter   TrainDeviance   ValidDeviance   StepSize   Improve
     1        2.3026            -nan     0.1000    1.1057
     2        1.6419            -nan     0.1000    0.5023
     3        1.3430            -nan     0.1000    0.3278
     4        1.1482            -nan     0.1000    0.2603
     5        0.9877            -nan     0.1000    0.2151
     6        0.8599            -nan     0.1000    0.1632
     7        0.7616            -nan     0.1000    0.1399
     8        0.6770            -nan     0.1000    0.1272
     9        0.5970            -nan     0.1000    0.0975
    10        0.5350            -nan     0.1000    0.0752
    20        0.2296            -nan     0.1000    0.0207
    40        0.0775            -nan     0.1000    0.0033
    60        0.0362            -nan     0.1000    0.0009
    80        0.0183            -nan     0.1000    0.0004
   100        0.0097            -nan     0.1000    0.0001
   120        0.0054            -nan     0.1000    0.0000
   140        0.0030            -nan     0.1000    0.0000
   150        0.0022            -nan     0.1000    0.0000

Iter   TrainDeviance   ValidDeviance   StepSize   Improve
     1        2.3026            -nan     0.1000    1.1747
     2        1.5838            -nan     0.1000    0.5536
     3        1.2612            -nan     0.1000    0.3462
     4        1.0523            -nan     0.1000    0.2650
     5        0.8917            -nan     0.1000    0.2235
     6        0.7595            -nan     0.1000    0.1559
     7        0.6633            -nan     0.1000    0.1336
     8        0.5800            -nan     0.1000    0.1081
     9        0.5117            -nan     0.1000    0.0955
    10        0.4514            -nan     0.1000    0.0777
    20        0.1725            -nan     0.1000    0.0170
    40        0.0421            -nan     0.1000    0.0019
    60        0.0159            -nan     0.1000    0.0005
    80        0.0066            -nan     0.1000    0.0002
   100        0.0028            -nan     0.1000    0.0001
   120        0.0012            -nan     0.1000    0.0000
   140        0.0006            -nan     0.1000    0.0000
   150        0.0004            -nan     0.1000    0.0000

Iter   TrainDeviance   ValidDeviance   StepSize   Improve
     1        2.3026            -nan     0.1000    0.8370
     2        1.7924            -nan     0.1000    0.4746
     3        1.5189            -nan     0.1000    0.3131
     4        1.3301            -nan     0.1000    0.2356
     5        1.1900            -nan     0.1000    0.1900
     6        1.0781            -nan     0.1000    0.1538
     7        0.9816            -nan     0.1000    0.1196
     8        0.9066            -nan     0.1000    0.1232
     9        0.8339            -nan     0.1000    0.1013
    10        0.7693            -nan     0.1000    0.0854
    20        0.4206            -nan     0.1000    0.0318
    40        0.1914            -nan     0.1000    0.0055
    60        0.1083            -nan     0.1000    0.0006
    80        0.0686            -nan     0.1000    0.0012
   100        0.0461            -nan     0.1000   -0.0000
   120        0.0317            -nan     0.1000   -0.0005
   140        0.0226            -nan     0.1000   -0.0003
   150        0.0193            -nan     0.1000    0.0001

Iter   TrainDeviance   ValidDeviance   StepSize   Improve
     1        2.3026            -nan     0.1000    1.0049
     2        1.6791            -nan     0.1000    0.5209
     3        1.3637            -nan     0.1000    0.3239
     4        1.1644            -nan     0.1000    0.2527
     5        1.0134            -nan     0.1000    0.2173
     6        0.8796            -nan     0.1000    0.1765
     7        0.7740            -nan     0.1000    0.1445
     8        0.6870            -nan     0.1000    0.1123
     9        0.6169            -nan     0.1000    0.0958
    10        0.5556            -nan     0.1000    0.0831
    20        0.2335            -nan     0.1000    0.0232
    40        0.0743            -nan     0.1000    0.0037
    60        0.0315            -nan     0.1000    0.0008
    80        0.0155            -nan     0.1000    0.0001
   100        0.0079            -nan     0.1000    0.0001
   120        0.0044            -nan     0.1000    0.0000
   140        0.0024            -nan     0.1000    0.0000
   150        0.0018            -nan     0.1000    0.0000

Iter   TrainDeviance   ValidDeviance   StepSize   Improve
     1        2.3026            -nan     0.1000    1.1102
     2        1.6043            -nan     0.1000    0.5030
     3        1.2885            -nan     0.1000    0.3630
     4        1.0719            -nan     0.1000    0.2697
     5        0.9057            -nan     0.1000    0.1984
     6        0.7825            -nan     0.1000    0.1700
     7        0.6761            -nan     0.1000    0.1394
     8        0.5893            -nan     0.1000    0.1180
     9        0.5143            -nan     0.1000    0.0970
    10        0.4526            -nan     0.1000    0.0701
    20        0.1600            -nan     0.1000    0.0161
    40        0.0380            -nan     0.1000    0.0017
    60        0.0132            -nan     0.1000    0.0001
    80        0.0050            -nan     0.1000    0.0002
   100        0.0021            -nan     0.1000    0.0000
   120        0.0009            -nan     0.1000    0.0000
   140        0.0004            -nan     0.1000    0.0000
   150        0.0003            -nan     0.1000    0.0000

Iter   TrainDeviance   ValidDeviance   StepSize   Improve
     1        2.3026            -nan     0.1000    0.8680
     2        1.7908            -nan     0.1000    0.4601
     3        1.5202            -nan     0.1000    0.3155
     4        1.3385            -nan     0.1000    0.2312
     5        1.1982            -nan     0.1000    0.1871
     6        1.0857            -nan     0.1000    0.1765
     7        0.9838            -nan     0.1000    0.1259
     8        0.9053            -nan     0.1000    0.1011
     9        0.8415            -nan     0.1000    0.1035
    10        0.7771            -nan     0.1000    0.0799
    20        0.4203            -nan     0.1000    0.0337
    40        0.1914            -nan     0.1000    0.0062
    60        0.1132            -nan     0.1000    0.0014
    80        0.0719            -nan     0.1000   -0.0005
   100        0.0515            -nan     0.1000    0.0006
   120        0.0352            -nan     0.1000    0.0000
   140        0.0252            -nan     0.1000   -0.0002
   150        0.0213            -nan     0.1000    0.0000

Iter   TrainDeviance   ValidDeviance   StepSize   Improve
     1        2.3026            -nan     0.1000    1.0276
     2        1.6592            -nan     0.1000    0.5001
     3        1.3674            -nan     0.1000    0.3203
     4        1.1745            -nan     0.1000    0.2834
     5        1.0075            -nan     0.1000    0.2095
     6        0.8811            -nan     0.1000    0.1747
     7        0.7735            -nan     0.1000    0.1530
     8        0.6803            -nan     0.1000    0.1223
     9        0.6065            -nan     0.1000    0.0998
    10        0.5441            -nan     0.1000    0.0867
    20        0.2200            -nan     0.1000    0.0151
    40        0.0766            -nan     0.1000    0.0022
    60        0.0341            -nan     0.1000    0.0008
    80        0.0171            -nan     0.1000    0.0002
   100        0.0091            -nan     0.1000    0.0002
   120        0.0049            -nan     0.1000    0.0000
   140        0.0027            -nan     0.1000    0.0000
   150        0.0020            -nan     0.1000   -0.0000

Iter   TrainDeviance   ValidDeviance   StepSize   Improve
     1        2.3026            -nan     0.1000    1.1517
     2        1.5976            -nan     0.1000    0.5230
     3        1.2841            -nan     0.1000    0.3691
     4        1.0653            -nan     0.1000    0.2761
     5        0.8998            -nan     0.1000    0.2122
     6        0.7699            -nan     0.1000    0.1691
     7        0.6658            -nan     0.1000    0.1258
     8        0.5879            -nan     0.1000    0.1151
     9        0.5147            -nan     0.1000    0.0980
    10        0.4538            -nan     0.1000    0.0817
    20        0.1690            -nan     0.1000    0.0182
    40        0.0420            -nan     0.1000    0.0019
    60        0.0158            -nan     0.1000    0.0003
    80        0.0063            -nan     0.1000    0.0000
   100        0.0028            -nan     0.1000    0.0000
   120        0.0012            -nan     0.1000   -0.0000
   140        0.0006            -nan     0.1000    0.0000
   150        0.0004            -nan     0.1000    0.0000

Iter   TrainDeviance   ValidDeviance   StepSize   Improve
     1        2.3026            -nan     0.1000    0.8640
     2        1.7863            -nan     0.1000    0.4567
     3        1.5183            -nan     0.1000    0.3172
     4        1.3325            -nan     0.1000    0.2304
     5        1.1987            -nan     0.1000    0.1709
     6        1.0932            -nan     0.1000    0.1701
     7        0.9891            -nan     0.1000    0.1364
     8        0.9072            -nan     0.1000    0.1052
     9        0.8410            -nan     0.1000    0.0851
    10        0.7875            -nan     0.1000    0.0757
    20        0.4383            -nan     0.1000    0.0352
    40        0.2016            -nan     0.1000    0.0066
    60        0.1231            -nan     0.1000    0.0007
    80        0.0799            -nan     0.1000    0.0008
   100        0.0546            -nan     0.1000    0.0000
   120        0.0390            -nan     0.1000    0.0003
   140        0.0288            -nan     0.1000   -0.0000
   150        0.0245            -nan     0.1000   -0.0002

Iter   TrainDeviance   ValidDeviance   StepSize   Improve
     1        2.3026            -nan     0.1000    1.0378
     2        1.6716            -nan     0.1000    0.4934
     3        1.3759            -nan     0.1000    0.3398
     4        1.1727            -nan     0.1000    0.2565
     5        1.0173            -nan     0.1000    0.2072
     6        0.8917            -nan     0.1000    0.1669
     7        0.7910            -nan     0.1000    0.1418
     8        0.7054            -nan     0.1000    0.1133
     9        0.6340            -nan     0.1000    0.0896
    10        0.5732            -nan     0.1000    0.0872
    20        0.2501            -nan     0.1000    0.0166
    40        0.0860            -nan     0.1000    0.0013
    60        0.0412            -nan     0.1000   -0.0000
    80        0.0206            -nan     0.1000    0.0001
   100        0.0112            -nan     0.1000   -0.0000
   120        0.0062            -nan     0.1000    0.0000
   140        0.0036            -nan     0.1000    0.0000
   150        0.0028            -nan     0.1000    0.0000

Iter   TrainDeviance   ValidDeviance   StepSize   Improve
     1        2.3026            -nan     0.1000    1.1487
     2        1.6118            -nan     0.1000    0.5277
     3        1.2959            -nan     0.1000    0.3702
     4        1.0735            -nan     0.1000    0.2792
     5        0.9063            -nan     0.1000    0.2099
     6        0.7775            -nan     0.1000    0.1598
     7        0.6792            -nan     0.1000    0.1393
     8        0.5925            -nan     0.1000    0.1016
     9        0.5240            -nan     0.1000    0.0959
    10        0.4641            -nan     0.1000    0.0700
    20        0.1767            -nan     0.1000    0.0175
    40        0.0473            -nan     0.1000    0.0012
    60        0.0180            -nan     0.1000    0.0001
    80        0.0073            -nan     0.1000    0.0002
   100        0.0031            -nan     0.1000    0.0000
   120        0.0014            -nan     0.1000    0.0000
   140        0.0006            -nan     0.1000    0.0000
   150        0.0004            -nan     0.1000    0.0000

Iter   TrainDeviance   ValidDeviance   StepSize   Improve
     1        2.3026            -nan     0.1000    0.8854
     2        1.7763            -nan     0.1000    0.4350
     3        1.5171            -nan     0.1000    0.3093
     4        1.3346            -nan     0.1000    0.2377
     5        1.1915            -nan     0.1000    0.1954
     6        1.0753            -nan     0.1000    0.1558
     7        0.9807            -nan     0.1000    0.1316
     8        0.9009            -nan     0.1000    0.1049
     9        0.8354            -nan     0.1000    0.0942
    10        0.7777            -nan     0.1000    0.0870
    20        0.4386            -nan     0.1000    0.0296
    40        0.2054            -nan     0.1000    0.0028
    60        0.1247            -nan     0.1000    0.0019
    80        0.0854            -nan     0.1000    0.0012
   100        0.0597            -nan     0.1000   -0.0009
   120        0.0450            -nan     0.1000   -0.0001
   140        0.0325            -nan     0.1000   -0.0001
   150        0.0285            -nan     0.1000   -0.0001

Iter   TrainDeviance   ValidDeviance   StepSize   Improve
     1        2.3026            -nan     0.1000    1.0714
     2        1.6515            -nan     0.1000    0.4849
     3        1.3629            -nan     0.1000    0.3834
     4        1.1438            -nan     0.1000    0.2643
     5        0.9833            -nan     0.1000    0.1991
     6        0.8621            -nan     0.1000    0.1596
     7        0.7644            -nan     0.1000    0.1403
     8        0.6776            -nan     0.1000    0.1143
     9        0.6072            -nan     0.1000    0.0880
    10        0.5512            -nan     0.1000    0.0880
    20        0.2409            -nan     0.1000    0.0190
    40        0.0848            -nan     0.1000    0.0011
    60        0.0401            -nan     0.1000    0.0002
    80        0.0220            -nan     0.1000    0.0003
   100        0.0126            -nan     0.1000    0.0001
   120        0.0074            -nan     0.1000    0.0000
   140        0.0045            -nan     0.1000    0.0000
   150        0.0034            -nan     0.1000    0.0000

Iter   TrainDeviance   ValidDeviance   StepSize   Improve
     1        2.3026            -nan     0.1000    1.1502
     2        1.6005            -nan     0.1000    0.5696
     3        1.2637            -nan     0.1000    0.3522
     4        1.0495            -nan     0.1000    0.2605
     5        0.8906            -nan     0.1000    0.2126
     6        0.7616            -nan     0.1000    0.1721
     7        0.6567            -nan     0.1000    0.1339
     8        0.5711            -nan     0.1000    0.1149
     9        0.4989            -nan     0.1000    0.0871
    10        0.4424            -nan     0.1000    0.0727
    20        0.1704            -nan     0.1000    0.0147
    40        0.0475            -nan     0.1000    0.0018
    60        0.0198            -nan     0.1000    0.0001
    80        0.0086            -nan     0.1000   -0.0000
   100        0.0042            -nan     0.1000   -0.0000
   120        0.0020            -nan     0.1000    0.0000
   140        0.0010            -nan     0.1000   -0.0000
   150        0.0008            -nan     0.1000   -0.0000

Iter   TrainDeviance   ValidDeviance   StepSize   Improve
     1        2.3026            -nan     0.1000    0.8361
     2        1.8145            -nan     0.1000    0.4662
     3        1.5472            -nan     0.1000    0.3260
     4        1.3591            -nan     0.1000    0.2563
     5        1.2120            -nan     0.1000    0.1934
     6        1.0960            -nan     0.1000    0.1625
     7        1.0024            -nan     0.1000    0.1298
     8        0.9224            -nan     0.1000    0.1163
     9        0.8532            -nan     0.1000    0.0821
    10        0.7998            -nan     0.1000    0.0779
    20        0.4457            -nan     0.1000    0.0264
    40        0.2122            -nan     0.1000    0.0082
    60        0.1266            -nan     0.1000    0.0019
    80        0.0866            -nan     0.1000   -0.0001
   100        0.0617            -nan     0.1000   -0.0001
   120        0.0443            -nan     0.1000    0.0001
   140        0.0313            -nan     0.1000    0.0000
   150        0.0269            -nan     0.1000   -0.0001

Iter   TrainDeviance   ValidDeviance   StepSize   Improve
     1        2.3026            -nan     0.1000    1.0422
     2        1.6686            -nan     0.1000    0.4955
     3        1.3710            -nan     0.1000    0.3330
     4        1.1767            -nan     0.1000    0.2390
     5        1.0312            -nan     0.1000    0.2292
     6        0.8975            -nan     0.1000    0.1849
     7        0.7884            -nan     0.1000    0.1440
     8        0.7023            -nan     0.1000    0.1195
     9        0.6274            -nan     0.1000    0.0875
    10        0.5728            -nan     0.1000    0.1071
    20        0.2512            -nan     0.1000    0.0153
    40        0.0902            -nan     0.1000    0.0019
    60        0.0437            -nan     0.1000    0.0002
    80        0.0223            -nan     0.1000    0.0004
   100        0.0125            -nan     0.1000    0.0001
   120        0.0069            -nan     0.1000    0.0001
   140        0.0040            -nan     0.1000    0.0000
   150        0.0031            -nan     0.1000    0.0001

Iter   TrainDeviance   ValidDeviance   StepSize   Improve
     1        2.3026            -nan     0.1000    1.1539
     2        1.5973            -nan     0.1000    0.5318
     3        1.2832            -nan     0.1000    0.3684
     4        1.0597            -nan     0.1000    0.2579
     5        0.8978            -nan     0.1000    0.2045
     6        0.7729            -nan     0.1000    0.1706
     7        0.6705            -nan     0.1000    0.1357
     8        0.5829            -nan     0.1000    0.1105
     9        0.5133            -nan     0.1000    0.0983
    10        0.4528            -nan     0.1000    0.0709
    20        0.1707            -nan     0.1000    0.0152
    40        0.0449            -nan     0.1000    0.0015
    60        0.0175            -nan     0.1000    0.0005
    80        0.0079            -nan     0.1000    0.0001
   100        0.0036            -nan     0.1000    0.0000
   120        0.0016            -nan     0.1000    0.0000
   140        0.0008            -nan     0.1000    0.0000
   150        0.0005            -nan     0.1000    0.0000

Iter   TrainDeviance   ValidDeviance   StepSize   Improve
     1        2.3026            -nan     0.1000    0.8713
     2        1.7858            -nan     0.1000    0.4534
     3        1.5239            -nan     0.1000    0.3028
     4        1.3456            -nan     0.1000    0.2219
     5        1.2135            -nan     0.1000    0.1812
     6        1.1049            -nan     0.1000    0.1644
     7        1.0079            -nan     0.1000    0.1331
     8        0.9288            -nan     0.1000    0.1242
     9        0.8564            -nan     0.1000    0.1090
    10        0.7928            -nan     0.1000    0.0911
    20        0.4388            -nan     0.1000    0.0351
    40        0.2100            -nan     0.1000    0.0069
    60        0.1208            -nan     0.1000    0.0017
    80        0.0796            -nan     0.1000    0.0006
   100        0.0543            -nan     0.1000    0.0003
   120        0.0384            -nan     0.1000    0.0002
   140        0.0276            -nan     0.1000   -0.0001
   150        0.0238            -nan     0.1000   -0.0002

Iter   TrainDeviance   ValidDeviance   StepSize   Improve
     1        2.3026            -nan     0.1000    1.1151
     2        1.6467            -nan     0.1000    0.4842
     3        1.3616            -nan     0.1000    0.3487
     4        1.1565            -nan     0.1000    0.2509
     5        1.0066            -nan     0.1000    0.1936
     6        0.8867            -nan     0.1000    0.1639
     7        0.7874            -nan     0.1000    0.1368
     8        0.7033            -nan     0.1000    0.1218
     9        0.6276            -nan     0.1000    0.0885
    10        0.5672            -nan     0.1000    0.0859
    20        0.2511            -nan     0.1000    0.0247
    40        0.0866            -nan     0.1000    0.0031
    60        0.0385            -nan     0.1000    0.0006
    80        0.0188            -nan     0.1000    0.0003
   100        0.0099            -nan     0.1000    0.0001
   120        0.0057            -nan     0.1000    0.0000
   140        0.0031            -nan     0.1000    0.0000
   150        0.0024            -nan     0.1000    0.0000

Iter   TrainDeviance   ValidDeviance   StepSize   Improve
     1        2.3026            -nan     0.1000    1.1843
     2        1.5955            -nan     0.1000    0.5272
     3        1.2847            -nan     0.1000    0.3539
     4        1.0778            -nan     0.1000    0.2575
     5        0.9235            -nan     0.1000    0.2055
     6        0.7955            -nan     0.1000    0.1691
     7        0.6917            -nan     0.1000    0.1401
     8        0.6060            -nan     0.1000    0.1074
     9        0.5392            -nan     0.1000    0.0929
    10        0.4801            -nan     0.1000    0.0678
    20        0.1803            -nan     0.1000    0.0177
    40        0.0457            -nan     0.1000    0.0014
    60        0.0168            -nan     0.1000    0.0007
    80        0.0068            -nan     0.1000    0.0001
   100        0.0030            -nan     0.1000    0.0000
   120        0.0013            -nan     0.1000    0.0000
   140        0.0006            -nan     0.1000    0.0000
   150        0.0004            -nan     0.1000    0.0000

Iter   TrainDeviance   ValidDeviance   StepSize   Improve
     1        2.3026            -nan     0.1000    0.8478
     2        1.8027            -nan     0.1000    0.4313
     3        1.5539            -nan     0.1000    0.3137
     4        1.3698            -nan     0.1000    0.2279
     5        1.2296            -nan     0.1000    0.1821
     6        1.1176            -nan     0.1000    0.1604
     7        1.0207            -nan     0.1000    0.1277
     8        0.9409            -nan     0.1000    0.1095
     9        0.8733            -nan     0.1000    0.0986
    10        0.8134            -nan     0.1000    0.0969
    20        0.4600            -nan     0.1000    0.0284
    40        0.2217            -nan     0.1000    0.0047
    60        0.1394            -nan     0.1000    0.0016
    80        0.0933            -nan     0.1000    0.0013
   100        0.0641            -nan     0.1000    0.0008
   120        0.0451            -nan     0.1000    0.0004
   140        0.0322            -nan     0.1000    0.0001
   150        0.0274            -nan     0.1000   -0.0000

Iter   TrainDeviance   ValidDeviance   StepSize   Improve
     1        2.3026            -nan     0.1000    1.0810
     2        1.6612            -nan     0.1000    0.4856
     3        1.3697            -nan     0.1000    0.3557
     4        1.1542            -nan     0.1000    0.2463
     5        1.0030            -nan     0.1000    0.1849
     6        0.8880            -nan     0.1000    0.1600
     7        0.7884            -nan     0.1000    0.1314
     8        0.7077            -nan     0.1000    0.1192
     9        0.6348            -nan     0.1000    0.0971
    10        0.5752            -nan     0.1000    0.0861
    20        0.2494            -nan     0.1000    0.0182
    40        0.0897            -nan     0.1000    0.0025
    60        0.0424            -nan     0.1000    0.0004
    80        0.0229            -nan     0.1000    0.0003
   100        0.0129            -nan     0.1000    0.0000
   120        0.0072            -nan     0.1000   -0.0000
   140        0.0041            -nan     0.1000    0.0000
   150        0.0032            -nan     0.1000    0.0000

Iter   TrainDeviance   ValidDeviance   StepSize   Improve
     1        2.3026            -nan     0.1000    1.1644
     2        1.6033            -nan     0.1000    0.5158
     3        1.3012            -nan     0.1000    0.3475
     4        1.0929            -nan     0.1000    0.2662
     5        0.9295            -nan     0.1000    0.2045
     6        0.8052            -nan     0.1000    0.1722
     7        0.7000            -nan     0.1000    0.1321
     8        0.6151            -nan     0.1000    0.0980
     9        0.5505            -nan     0.1000    0.0999
    10        0.4861            -nan     0.1000    0.0786
    20        0.1831            -nan     0.1000    0.0169
    40        0.0481            -nan     0.1000    0.0020
    60        0.0176            -nan     0.1000    0.0004
    80        0.0073            -nan     0.1000    0.0002
   100        0.0032            -nan     0.1000    0.0001
   120        0.0015            -nan     0.1000    0.0000
   140        0.0007            -nan     0.1000    0.0000
   150        0.0005            -nan     0.1000    0.0000

Iter   TrainDeviance   ValidDeviance   StepSize   Improve
     1        2.3026            -nan     0.1000    0.8568
     2        1.7940            -nan     0.1000    0.4682
     3        1.5208            -nan     0.1000    0.2973
     4        1.3469            -nan     0.1000    0.2255
     5        1.2082            -nan     0.1000    0.1906
     6        1.0964            -nan     0.1000    0.1514
     7        1.0054            -nan     0.1000    0.1272
     8        0.9268            -nan     0.1000    0.1202
     9        0.8533            -nan     0.1000    0.0885
    10        0.7984            -nan     0.1000    0.0751
    20        0.4495            -nan     0.1000    0.0348
    40        0.2118            -nan     0.1000    0.0070
    60        0.1253            -nan     0.1000    0.0018
    80        0.0825            -nan     0.1000   -0.0001
   100        0.0554            -nan     0.1000    0.0001
   120        0.0390            -nan     0.1000   -0.0000
   140        0.0269            -nan     0.1000   -0.0001
   150        0.0229            -nan     0.1000   -0.0001

Iter   TrainDeviance   ValidDeviance   StepSize   Improve
     1        2.3026            -nan     0.1000    1.0321
     2        1.6645            -nan     0.1000    0.5138
     3        1.3612            -nan     0.1000    0.3548
     4        1.1513            -nan     0.1000    0.2436
     5        1.0009            -nan     0.1000    0.2073
     6        0.8768            -nan     0.1000    0.1647
     7        0.7728            -nan     0.1000    0.1389
     8        0.6862            -nan     0.1000    0.1162
     9        0.6141            -nan     0.1000    0.1014
    10        0.5503            -nan     0.1000    0.0755
    20        0.2432            -nan     0.1000    0.0174
    40        0.0814            -nan     0.1000    0.0026
    60        0.0361            -nan     0.1000    0.0013
    80        0.0175            -nan     0.1000    0.0002
   100        0.0090            -nan     0.1000    0.0001
   120        0.0050            -nan     0.1000    0.0000
   140        0.0028            -nan     0.1000    0.0001
   150        0.0021            -nan     0.1000    0.0000

Iter   TrainDeviance   ValidDeviance   StepSize   Improve
     1        2.3026            -nan     0.1000    1.1515
     2        1.5971            -nan     0.1000    0.5192
     3        1.2854            -nan     0.1000    0.3687
     4        1.0693            -nan     0.1000    0.2603
     5        0.9098            -nan     0.1000    0.2093
     6        0.7815            -nan     0.1000    0.1679
     7        0.6780            -nan     0.1000    0.1293
     8        0.5955            -nan     0.1000    0.1155
     9        0.5225            -nan     0.1000    0.0945
    10        0.4616            -nan     0.1000    0.0681
    20        0.1647            -nan     0.1000    0.0185
    40        0.0403            -nan     0.1000    0.0017
    60        0.0144            -nan     0.1000    0.0004
    80        0.0058            -nan     0.1000    0.0000
   100        0.0024            -nan     0.1000    0.0000
   120        0.0011            -nan     0.1000    0.0000
   140        0.0005            -nan     0.1000    0.0000
   150        0.0003            -nan     0.1000   -0.0000

Iter   TrainDeviance   ValidDeviance   StepSize   Improve
     1        2.3026            -nan     0.1000    1.0622
     2        1.6379            -nan     0.1000    0.5422
     3        1.3212            -nan     0.1000    0.3490
     4        1.1071            -nan     0.1000    0.2501
     5        0.9509            -nan     0.1000    0.2055
     6        0.8243            -nan     0.1000    0.1631
     7        0.7208            -nan     0.1000    0.1306
     8        0.6349            -nan     0.1000    0.1041
     9        0.5663            -nan     0.1000    0.0911
    10        0.5051            -nan     0.1000    0.0686
    20        0.2097            -nan     0.1000    0.0138
    40        0.0664            -nan     0.1000    0.0002
    60        0.0292            -nan     0.1000    0.0003
    80        0.0143            -nan     0.1000   -0.0001
   100        0.0075            -nan     0.1000   -0.0000
   120        0.0041            -nan     0.1000    0.0000
   140        0.0022            -nan     0.1000   -0.0000
   150        0.0017            -nan     0.1000   -0.0001

Dataset: mfeat-factors 
Fold: 1 
Method: gbm 
Noise level:  10 %
Percentage of altered instances:  10 %
Using 40 indices (first 40 from shuffled list)
Loading noise data from: results/noise_injection/by_dataset/mfeat-factors_NA_noise0.1.csv 
Error in process_instance(dataset, fold_index, method, mia, noise, percent,  : 
  Noise CSV file not found: results/noise_injection/by_dataset/mfeat-factors_NA_noise0.1.csv
Calls: do.call -> lapply -> FUN -> process_model -> process_instance
Execution halted
