Current working directory: /home/chris/github/kappa-threshold 
parameters.csv exists: TRUE 
parameters.csv absolute path: /home/chris/github/kappa-threshold/data/files/parameters.csv 
Processing model: multinom for dataset: ozone-level-8hr 
Loaded 507 indices for fold 1 from: results/instances/original/vectors/ozone-level-8hr_multinom_all_folds.csv 

=== Training model with 10 % noise in training data ===
Critical percentage for training noise: 10 %
Loading training noise data from: results/noise_injection/by_dataset/ozone-level-8hr_V31_noise0.1.csv 
Altering 203 out of 2027 training instances
# weights:  74 (73 variable)
initial  value 1405.009335 
iter  10 value 312.304226
iter  20 value 284.411901
iter  30 value 272.177888
iter  40 value 263.729765
iter  50 value 258.790947
iter  60 value 255.779332
iter  70 value 255.697932
iter  80 value 255.433167
iter  90 value 249.730291
final  value 249.730284 
converged
Dataset: ozone-level-8hr 
Fold: 1 
Method: multinom 
Noise level:  10 %
Percentage of altered instances:  10 %
Using 51 indices (first 51 from shuffled list)
Loading noise data from: results/noise_injection/by_dataset/ozone-level-8hr_V31_noise0.1.csv 
Using 51 indices for  10 % of instances
Calculate prediction
Confusion matrix
Dataset: ozone-level-8hr 
Fold: 1 
Method: multinom 
Noise level:  10 %
Percentage of altered instances:  20 %
Using 101 indices (first 101 from shuffled list)
Loading noise data from: results/noise_injection/by_dataset/ozone-level-8hr_V31_noise0.1.csv 
Using 101 indices for  20 % of instances
Calculate prediction
Confusion matrix
Dataset: ozone-level-8hr 
Fold: 1 
Method: multinom 
Noise level:  10 %
Percentage of altered instances:  25 %
Using 127 indices (first 127 from shuffled list)
Loading noise data from: results/noise_injection/by_dataset/ozone-level-8hr_V31_noise0.1.csv 
Using 127 indices for  25 % of instances
Calculate prediction
Confusion matrix
Dataset: ozone-level-8hr 
Fold: 1 
Method: multinom 
Noise level:  10 %
Percentage of altered instances:  30 %
Using 152 indices (first 152 from shuffled list)
Loading noise data from: results/noise_injection/by_dataset/ozone-level-8hr_V31_noise0.1.csv 
Using 152 indices for  30 % of instances
Calculate prediction
Confusion matrix
Dataset: ozone-level-8hr 
Fold: 1 
Method: multinom 
Noise level:  10 %
Percentage of altered instances:  40 %
Using 203 indices (first 203 from shuffled list)
Loading noise data from: results/noise_injection/by_dataset/ozone-level-8hr_V31_noise0.1.csv 
Using 203 indices for  40 % of instances
Calculate prediction
Confusion matrix
Dataset: ozone-level-8hr 
Fold: 1 
Method: multinom 
Noise level:  10 %
Percentage of altered instances:  50 %
Using 254 indices (first 254 from shuffled list)
Loading noise data from: results/noise_injection/by_dataset/ozone-level-8hr_V31_noise0.1.csv 
Using 254 indices for  50 % of instances
Calculate prediction
Confusion matrix
Dataset: ozone-level-8hr 
Fold: 1 
Method: multinom 
Noise level:  10 %
Percentage of altered instances:  60 %
Using 304 indices (first 304 from shuffled list)
Loading noise data from: results/noise_injection/by_dataset/ozone-level-8hr_V31_noise0.1.csv 
Using 304 indices for  60 % of instances
Calculate prediction
Confusion matrix
Dataset: ozone-level-8hr 
Fold: 1 
Method: multinom 
Noise level:  10 %
Percentage of altered instances:  70 %
Using 355 indices (first 355 from shuffled list)
Loading noise data from: results/noise_injection/by_dataset/ozone-level-8hr_V31_noise0.1.csv 
Using 355 indices for  70 % of instances
Calculate prediction
Confusion matrix
Dataset: ozone-level-8hr 
Fold: 1 
Method: multinom 
Noise level:  10 %
Percentage of altered instances:  75 %
Using 380 indices (first 380 from shuffled list)
Loading noise data from: results/noise_injection/by_dataset/ozone-level-8hr_V31_noise0.1.csv 
Using 380 indices for  75 % of instances
Calculate prediction
Confusion matrix
Dataset: ozone-level-8hr 
Fold: 1 
Method: multinom 
Noise level:  10 %
Percentage of altered instances:  80 %
Using 406 indices (first 406 from shuffled list)
Loading noise data from: results/noise_injection/by_dataset/ozone-level-8hr_V31_noise0.1.csv 
Using 406 indices for  80 % of instances
Calculate prediction
Confusion matrix
Dataset: ozone-level-8hr 
Fold: 1 
Method: multinom 
Noise level:  10 %
Percentage of altered instances:  90 %
Using 456 indices (first 456 from shuffled list)
Loading noise data from: results/noise_injection/by_dataset/ozone-level-8hr_V31_noise0.1.csv 
Using 456 indices for  90 % of instances
Calculate prediction
Confusion matrix
Dataset: ozone-level-8hr 
Fold: 1 
Method: multinom 
Noise level:  10 %
Percentage of altered instances:  100 %
Using 507 indices (first 507 from shuffled list)
Loading noise data from: results/noise_injection/by_dataset/ozone-level-8hr_V31_noise0.1.csv 
Using 507 indices for  100 % of instances
Calculate prediction
Confusion matrix

=== Training model with 20 % noise in training data ===
Critical percentage for training noise: 10 %
Loading training noise data from: results/noise_injection/by_dataset/ozone-level-8hr_V31_noise0.2.csv 
Altering 203 out of 2027 training instances
# weights:  74 (73 variable)
initial  value 1405.009335 
iter  10 value 312.419272
iter  20 value 283.945775
iter  30 value 271.806296
iter  40 value 263.874345
iter  50 value 259.553243
iter  60 value 255.820950
iter  70 value 255.705539
iter  80 value 255.684423
iter  90 value 249.723298
final  value 249.721354 
converged
Dataset: ozone-level-8hr 
Fold: 1 
Method: multinom 
Noise level:  20 %
Percentage of altered instances:  10 %
Using 51 indices (first 51 from shuffled list)
Loading noise data from: results/noise_injection/by_dataset/ozone-level-8hr_V31_noise0.2.csv 
Using 51 indices for  10 % of instances
Calculate prediction
Confusion matrix
Dataset: ozone-level-8hr 
Fold: 1 
Method: multinom 
Noise level:  20 %
Percentage of altered instances:  20 %
Using 101 indices (first 101 from shuffled list)
Loading noise data from: results/noise_injection/by_dataset/ozone-level-8hr_V31_noise0.2.csv 
Using 101 indices for  20 % of instances
Calculate prediction
Confusion matrix
Dataset: ozone-level-8hr 
Fold: 1 
Method: multinom 
Noise level:  20 %
Percentage of altered instances:  25 %
Using 127 indices (first 127 from shuffled list)
Loading noise data from: results/noise_injection/by_dataset/ozone-level-8hr_V31_noise0.2.csv 
Using 127 indices for  25 % of instances
Calculate prediction
Confusion matrix
Dataset: ozone-level-8hr 
Fold: 1 
Method: multinom 
Noise level:  20 %
Percentage of altered instances:  30 %
Using 152 indices (first 152 from shuffled list)
Loading noise data from: results/noise_injection/by_dataset/ozone-level-8hr_V31_noise0.2.csv 
Using 152 indices for  30 % of instances
Calculate prediction
Confusion matrix
Dataset: ozone-level-8hr 
Fold: 1 
Method: multinom 
Noise level:  20 %
Percentage of altered instances:  40 %
Using 203 indices (first 203 from shuffled list)
Loading noise data from: results/noise_injection/by_dataset/ozone-level-8hr_V31_noise0.2.csv 
Using 203 indices for  40 % of instances
Calculate prediction
Confusion matrix
Dataset: ozone-level-8hr 
Fold: 1 
Method: multinom 
Noise level:  20 %
Percentage of altered instances:  50 %
Using 254 indices (first 254 from shuffled list)
Loading noise data from: results/noise_injection/by_dataset/ozone-level-8hr_V31_noise0.2.csv 
Using 254 indices for  50 % of instances
Calculate prediction
Confusion matrix
Dataset: ozone-level-8hr 
Fold: 1 
Method: multinom 
Noise level:  20 %
Percentage of altered instances:  60 %
Using 304 indices (first 304 from shuffled list)
Loading noise data from: results/noise_injection/by_dataset/ozone-level-8hr_V31_noise0.2.csv 
Using 304 indices for  60 % of instances
Calculate prediction
Confusion matrix
Dataset: ozone-level-8hr 
Fold: 1 
Method: multinom 
Noise level:  20 %
Percentage of altered instances:  70 %
Using 355 indices (first 355 from shuffled list)
Loading noise data from: results/noise_injection/by_dataset/ozone-level-8hr_V31_noise0.2.csv 
Using 355 indices for  70 % of instances
Calculate prediction
Confusion matrix
Dataset: ozone-level-8hr 
Fold: 1 
Method: multinom 
Noise level:  20 %
Percentage of altered instances:  75 %
Using 380 indices (first 380 from shuffled list)
Loading noise data from: results/noise_injection/by_dataset/ozone-level-8hr_V31_noise0.2.csv 
Using 380 indices for  75 % of instances
Calculate prediction
Confusion matrix
Dataset: ozone-level-8hr 
Fold: 1 
Method: multinom 
Noise level:  20 %
Percentage of altered instances:  80 %
Using 406 indices (first 406 from shuffled list)
Loading noise data from: results/noise_injection/by_dataset/ozone-level-8hr_V31_noise0.2.csv 
Using 406 indices for  80 % of instances
Calculate prediction
Confusion matrix
Dataset: ozone-level-8hr 
Fold: 1 
Method: multinom 
Noise level:  20 %
Percentage of altered instances:  90 %
Using 456 indices (first 456 from shuffled list)
Loading noise data from: results/noise_injection/by_dataset/ozone-level-8hr_V31_noise0.2.csv 
Using 456 indices for  90 % of instances
Calculate prediction
Confusion matrix
Dataset: ozone-level-8hr 
Fold: 1 
Method: multinom 
Noise level:  20 %
Percentage of altered instances:  100 %
Using 507 indices (first 507 from shuffled list)
Loading noise data from: results/noise_injection/by_dataset/ozone-level-8hr_V31_noise0.2.csv 
Using 507 indices for  100 % of instances
Calculate prediction
Confusion matrix

=== Training model with 30 % noise in training data ===
Critical percentage for training noise: 10 %
Loading training noise data from: results/noise_injection/by_dataset/ozone-level-8hr_V31_noise0.3.csv 
Altering 203 out of 2027 training instances
# weights:  74 (73 variable)
initial  value 1405.009335 
iter  10 value 312.065202
iter  20 value 284.413982
iter  30 value 270.153099
iter  40 value 263.664616
iter  50 value 259.297263
iter  60 value 255.587095
iter  70 value 255.499909
iter  80 value 255.414020
iter  90 value 249.369383
final  value 249.369355 
converged
Dataset: ozone-level-8hr 
Fold: 1 
Method: multinom 
Noise level:  30 %
Percentage of altered instances:  10 %
Using 51 indices (first 51 from shuffled list)
Loading noise data from: results/noise_injection/by_dataset/ozone-level-8hr_V31_noise0.3.csv 
Using 51 indices for  10 % of instances
Calculate prediction
Confusion matrix
Dataset: ozone-level-8hr 
Fold: 1 
Method: multinom 
Noise level:  30 %
Percentage of altered instances:  20 %
Using 101 indices (first 101 from shuffled list)
Loading noise data from: results/noise_injection/by_dataset/ozone-level-8hr_V31_noise0.3.csv 
Using 101 indices for  20 % of instances
Calculate prediction
Confusion matrix
Dataset: ozone-level-8hr 
Fold: 1 
Method: multinom 
Noise level:  30 %
Percentage of altered instances:  25 %
Using 127 indices (first 127 from shuffled list)
Loading noise data from: results/noise_injection/by_dataset/ozone-level-8hr_V31_noise0.3.csv 
Using 127 indices for  25 % of instances
Calculate prediction
Confusion matrix
Dataset: ozone-level-8hr 
Fold: 1 
Method: multinom 
Noise level:  30 %
Percentage of altered instances:  30 %
Using 152 indices (first 152 from shuffled list)
Loading noise data from: results/noise_injection/by_dataset/ozone-level-8hr_V31_noise0.3.csv 
Using 152 indices for  30 % of instances
Calculate prediction
Confusion matrix
Dataset: ozone-level-8hr 
Fold: 1 
Method: multinom 
Noise level:  30 %
Percentage of altered instances:  40 %
Using 203 indices (first 203 from shuffled list)
Loading noise data from: results/noise_injection/by_dataset/ozone-level-8hr_V31_noise0.3.csv 
Using 203 indices for  40 % of instances
Calculate prediction
Confusion matrix
Dataset: ozone-level-8hr 
Fold: 1 
Method: multinom 
Noise level:  30 %
Percentage of altered instances:  50 %
Using 254 indices (first 254 from shuffled list)
Loading noise data from: results/noise_injection/by_dataset/ozone-level-8hr_V31_noise0.3.csv 
Using 254 indices for  50 % of instances
Calculate prediction
Confusion matrix
Dataset: ozone-level-8hr 
Fold: 1 
Method: multinom 
Noise level:  30 %
Percentage of altered instances:  60 %
Using 304 indices (first 304 from shuffled list)
Loading noise data from: results/noise_injection/by_dataset/ozone-level-8hr_V31_noise0.3.csv 
Using 304 indices for  60 % of instances
Calculate prediction
Confusion matrix
Dataset: ozone-level-8hr 
Fold: 1 
Method: multinom 
Noise level:  30 %
Percentage of altered instances:  70 %
Using 355 indices (first 355 from shuffled list)
Loading noise data from: results/noise_injection/by_dataset/ozone-level-8hr_V31_noise0.3.csv 
Using 355 indices for  70 % of instances
Calculate prediction
Confusion matrix
Dataset: ozone-level-8hr 
Fold: 1 
Method: multinom 
Noise level:  30 %
Percentage of altered instances:  75 %
Using 380 indices (first 380 from shuffled list)
Loading noise data from: results/noise_injection/by_dataset/ozone-level-8hr_V31_noise0.3.csv 
Using 380 indices for  75 % of instances
Calculate prediction
Confusion matrix
Dataset: ozone-level-8hr 
Fold: 1 
Method: multinom 
Noise level:  30 %
Percentage of altered instances:  80 %
Using 406 indices (first 406 from shuffled list)
Loading noise data from: results/noise_injection/by_dataset/ozone-level-8hr_V31_noise0.3.csv 
Using 406 indices for  80 % of instances
Calculate prediction
Confusion matrix
Dataset: ozone-level-8hr 
Fold: 1 
Method: multinom 
Noise level:  30 %
Percentage of altered instances:  90 %
Using 456 indices (first 456 from shuffled list)
Loading noise data from: results/noise_injection/by_dataset/ozone-level-8hr_V31_noise0.3.csv 
Using 456 indices for  90 % of instances
Calculate prediction
Confusion matrix
Dataset: ozone-level-8hr 
Fold: 1 
Method: multinom 
Noise level:  30 %
Percentage of altered instances:  100 %
Using 507 indices (first 507 from shuffled list)
Loading noise data from: results/noise_injection/by_dataset/ozone-level-8hr_V31_noise0.3.csv 
Using 507 indices for  100 % of instances
Calculate prediction
Confusion matrix
Loaded 506 indices for fold 2 from: results/instances/original/vectors/ozone-level-8hr_multinom_all_folds.csv 

=== Training model with 10 % noise in training data ===
Critical percentage for training noise: 10 %
Loading training noise data from: results/noise_injection/by_dataset/ozone-level-8hr_V31_noise0.1.csv 
Altering 203 out of 2028 training instances
# weights:  74 (73 variable)
initial  value 1405.702482 
iter  10 value 314.522167
iter  20 value 288.489953
iter  30 value 266.490851
iter  40 value 254.782279
iter  50 value 250.105832
iter  60 value 246.284803
iter  70 value 246.228138
iter  80 value 246.119752
iter  90 value 240.283962
final  value 240.283655 
converged
Dataset: ozone-level-8hr 
Fold: 2 
Method: multinom 
Noise level:  10 %
Percentage of altered instances:  10 %
Using 51 indices (first 51 from shuffled list)
Loading noise data from: results/noise_injection/by_dataset/ozone-level-8hr_V31_noise0.1.csv 
Using 51 indices for  10 % of instances
Calculate prediction
Confusion matrix
Dataset: ozone-level-8hr 
Fold: 2 
Method: multinom 
Noise level:  10 %
Percentage of altered instances:  20 %
Using 101 indices (first 101 from shuffled list)
Loading noise data from: results/noise_injection/by_dataset/ozone-level-8hr_V31_noise0.1.csv 
Using 101 indices for  20 % of instances
Calculate prediction
Confusion matrix
Dataset: ozone-level-8hr 
Fold: 2 
Method: multinom 
Noise level:  10 %
Percentage of altered instances:  25 %
Using 126 indices (first 126 from shuffled list)
Loading noise data from: results/noise_injection/by_dataset/ozone-level-8hr_V31_noise0.1.csv 
Using 126 indices for  25 % of instances
Calculate prediction
Confusion matrix
Dataset: ozone-level-8hr 
Fold: 2 
Method: multinom 
Noise level:  10 %
Percentage of altered instances:  30 %
Using 152 indices (first 152 from shuffled list)
Loading noise data from: results/noise_injection/by_dataset/ozone-level-8hr_V31_noise0.1.csv 
Using 152 indices for  30 % of instances
Calculate prediction
Confusion matrix
Dataset: ozone-level-8hr 
Fold: 2 
Method: multinom 
Noise level:  10 %
Percentage of altered instances:  40 %
Using 202 indices (first 202 from shuffled list)
Loading noise data from: results/noise_injection/by_dataset/ozone-level-8hr_V31_noise0.1.csv 
Using 202 indices for  40 % of instances
Calculate prediction
Confusion matrix
Dataset: ozone-level-8hr 
Fold: 2 
Method: multinom 
Noise level:  10 %
Percentage of altered instances:  50 %
Using 253 indices (first 253 from shuffled list)
Loading noise data from: results/noise_injection/by_dataset/ozone-level-8hr_V31_noise0.1.csv 
Using 253 indices for  50 % of instances
Calculate prediction
Confusion matrix
Dataset: ozone-level-8hr 
Fold: 2 
Method: multinom 
Noise level:  10 %
Percentage of altered instances:  60 %
Using 304 indices (first 304 from shuffled list)
Loading noise data from: results/noise_injection/by_dataset/ozone-level-8hr_V31_noise0.1.csv 
Using 304 indices for  60 % of instances
Calculate prediction
Confusion matrix
Dataset: ozone-level-8hr 
Fold: 2 
Method: multinom 
Noise level:  10 %
Percentage of altered instances:  70 %
Using 354 indices (first 354 from shuffled list)
Loading noise data from: results/noise_injection/by_dataset/ozone-level-8hr_V31_noise0.1.csv 
Using 354 indices for  70 % of instances
Calculate prediction
Confusion matrix
Dataset: ozone-level-8hr 
Fold: 2 
Method: multinom 
Noise level:  10 %
Percentage of altered instances:  75 %
Using 380 indices (first 380 from shuffled list)
Loading noise data from: results/noise_injection/by_dataset/ozone-level-8hr_V31_noise0.1.csv 
Using 380 indices for  75 % of instances
Calculate prediction
Confusion matrix
Dataset: ozone-level-8hr 
Fold: 2 
Method: multinom 
Noise level:  10 %
Percentage of altered instances:  80 %
Using 405 indices (first 405 from shuffled list)
Loading noise data from: results/noise_injection/by_dataset/ozone-level-8hr_V31_noise0.1.csv 
Using 405 indices for  80 % of instances
Calculate prediction
Confusion matrix
Dataset: ozone-level-8hr 
Fold: 2 
Method: multinom 
Noise level:  10 %
Percentage of altered instances:  90 %
Using 455 indices (first 455 from shuffled list)
Loading noise data from: results/noise_injection/by_dataset/ozone-level-8hr_V31_noise0.1.csv 
Using 455 indices for  90 % of instances
Calculate prediction
Confusion matrix
Dataset: ozone-level-8hr 
Fold: 2 
Method: multinom 
Noise level:  10 %
Percentage of altered instances:  100 %
Using 506 indices (first 506 from shuffled list)
Loading noise data from: results/noise_injection/by_dataset/ozone-level-8hr_V31_noise0.1.csv 
Using 506 indices for  100 % of instances
Calculate prediction
Confusion matrix

=== Training model with 20 % noise in training data ===
Critical percentage for training noise: 10 %
Loading training noise data from: results/noise_injection/by_dataset/ozone-level-8hr_V31_noise0.2.csv 
Altering 203 out of 2028 training instances
# weights:  74 (73 variable)
initial  value 1405.702482 
iter  10 value 314.673747
iter  20 value 288.419416
iter  30 value 265.709763
iter  40 value 254.796926
iter  50 value 250.453066
iter  60 value 246.353276
iter  70 value 246.294724
iter  80 value 246.059718
iter  90 value 240.656539
final  value 240.656527 
converged
Dataset: ozone-level-8hr 
Fold: 2 
Method: multinom 
Noise level:  20 %
Percentage of altered instances:  10 %
Using 51 indices (first 51 from shuffled list)
Loading noise data from: results/noise_injection/by_dataset/ozone-level-8hr_V31_noise0.2.csv 
Using 51 indices for  10 % of instances
Calculate prediction
Confusion matrix
Dataset: ozone-level-8hr 
Fold: 2 
Method: multinom 
Noise level:  20 %
Percentage of altered instances:  20 %
Using 101 indices (first 101 from shuffled list)
Loading noise data from: results/noise_injection/by_dataset/ozone-level-8hr_V31_noise0.2.csv 
Using 101 indices for  20 % of instances
Calculate prediction
Confusion matrix
Dataset: ozone-level-8hr 
Fold: 2 
Method: multinom 
Noise level:  20 %
Percentage of altered instances:  25 %
Using 126 indices (first 126 from shuffled list)
Loading noise data from: results/noise_injection/by_dataset/ozone-level-8hr_V31_noise0.2.csv 
Using 126 indices for  25 % of instances
Calculate prediction
Confusion matrix
Dataset: ozone-level-8hr 
Fold: 2 
Method: multinom 
Noise level:  20 %
Percentage of altered instances:  30 %
Using 152 indices (first 152 from shuffled list)
Loading noise data from: results/noise_injection/by_dataset/ozone-level-8hr_V31_noise0.2.csv 
Using 152 indices for  30 % of instances
Calculate prediction
Confusion matrix
Dataset: ozone-level-8hr 
Fold: 2 
Method: multinom 
Noise level:  20 %
Percentage of altered instances:  40 %
Using 202 indices (first 202 from shuffled list)
Loading noise data from: results/noise_injection/by_dataset/ozone-level-8hr_V31_noise0.2.csv 
Using 202 indices for  40 % of instances
Calculate prediction
Confusion matrix
Dataset: ozone-level-8hr 
Fold: 2 
Method: multinom 
Noise level:  20 %
Percentage of altered instances:  50 %
Using 253 indices (first 253 from shuffled list)
Loading noise data from: results/noise_injection/by_dataset/ozone-level-8hr_V31_noise0.2.csv 
Using 253 indices for  50 % of instances
Calculate prediction
Confusion matrix
Dataset: ozone-level-8hr 
Fold: 2 
Method: multinom 
Noise level:  20 %
Percentage of altered instances:  60 %
Using 304 indices (first 304 from shuffled list)
Loading noise data from: results/noise_injection/by_dataset/ozone-level-8hr_V31_noise0.2.csv 
Using 304 indices for  60 % of instances
Calculate prediction
Confusion matrix
Dataset: ozone-level-8hr 
Fold: 2 
Method: multinom 
Noise level:  20 %
Percentage of altered instances:  70 %
Using 354 indices (first 354 from shuffled list)
Loading noise data from: results/noise_injection/by_dataset/ozone-level-8hr_V31_noise0.2.csv 
Using 354 indices for  70 % of instances
Calculate prediction
Confusion matrix
Dataset: ozone-level-8hr 
Fold: 2 
Method: multinom 
Noise level:  20 %
Percentage of altered instances:  75 %
Using 380 indices (first 380 from shuffled list)
Loading noise data from: results/noise_injection/by_dataset/ozone-level-8hr_V31_noise0.2.csv 
Using 380 indices for  75 % of instances
Calculate prediction
Confusion matrix
Dataset: ozone-level-8hr 
Fold: 2 
Method: multinom 
Noise level:  20 %
Percentage of altered instances:  80 %
Using 405 indices (first 405 from shuffled list)
Loading noise data from: results/noise_injection/by_dataset/ozone-level-8hr_V31_noise0.2.csv 
Using 405 indices for  80 % of instances
Calculate prediction
Confusion matrix
Dataset: ozone-level-8hr 
Fold: 2 
Method: multinom 
Noise level:  20 %
Percentage of altered instances:  90 %
Using 455 indices (first 455 from shuffled list)
Loading noise data from: results/noise_injection/by_dataset/ozone-level-8hr_V31_noise0.2.csv 
Using 455 indices for  90 % of instances
Calculate prediction
Confusion matrix
Dataset: ozone-level-8hr 
Fold: 2 
Method: multinom 
Noise level:  20 %
Percentage of altered instances:  100 %
Using 506 indices (first 506 from shuffled list)
Loading noise data from: results/noise_injection/by_dataset/ozone-level-8hr_V31_noise0.2.csv 
Using 506 indices for  100 % of instances
Calculate prediction
Confusion matrix

=== Training model with 30 % noise in training data ===
Critical percentage for training noise: 10 %
Loading training noise data from: results/noise_injection/by_dataset/ozone-level-8hr_V31_noise0.3.csv 
Altering 203 out of 2028 training instances
# weights:  74 (73 variable)
initial  value 1405.702482 
iter  10 value 315.393948
iter  20 value 290.071797
iter  30 value 268.069771
iter  40 value 256.559135
iter  50 value 252.024438
iter  60 value 248.064870
iter  70 value 247.994520
iter  80 value 247.883999
iter  90 value 242.459390
final  value 242.459201 
converged
Dataset: ozone-level-8hr 
Fold: 2 
Method: multinom 
Noise level:  30 %
Percentage of altered instances:  10 %
Using 51 indices (first 51 from shuffled list)
Loading noise data from: results/noise_injection/by_dataset/ozone-level-8hr_V31_noise0.3.csv 
Using 51 indices for  10 % of instances
Calculate prediction
Confusion matrix
Dataset: ozone-level-8hr 
Fold: 2 
Method: multinom 
Noise level:  30 %
Percentage of altered instances:  20 %
Using 101 indices (first 101 from shuffled list)
Loading noise data from: results/noise_injection/by_dataset/ozone-level-8hr_V31_noise0.3.csv 
Using 101 indices for  20 % of instances
Calculate prediction
Confusion matrix
Dataset: ozone-level-8hr 
Fold: 2 
Method: multinom 
Noise level:  30 %
Percentage of altered instances:  25 %
Using 126 indices (first 126 from shuffled list)
Loading noise data from: results/noise_injection/by_dataset/ozone-level-8hr_V31_noise0.3.csv 
Using 126 indices for  25 % of instances
Calculate prediction
Confusion matrix
Dataset: ozone-level-8hr 
Fold: 2 
Method: multinom 
Noise level:  30 %
Percentage of altered instances:  30 %
Using 152 indices (first 152 from shuffled list)
Loading noise data from: results/noise_injection/by_dataset/ozone-level-8hr_V31_noise0.3.csv 
Using 152 indices for  30 % of instances
Calculate prediction
Confusion matrix
Dataset: ozone-level-8hr 
Fold: 2 
Method: multinom 
Noise level:  30 %
Percentage of altered instances:  40 %
Using 202 indices (first 202 from shuffled list)
Loading noise data from: results/noise_injection/by_dataset/ozone-level-8hr_V31_noise0.3.csv 
Using 202 indices for  40 % of instances
Calculate prediction
Confusion matrix
Dataset: ozone-level-8hr 
Fold: 2 
Method: multinom 
Noise level:  30 %
Percentage of altered instances:  50 %
Using 253 indices (first 253 from shuffled list)
Loading noise data from: results/noise_injection/by_dataset/ozone-level-8hr_V31_noise0.3.csv 
Using 253 indices for  50 % of instances
Calculate prediction
Confusion matrix
Dataset: ozone-level-8hr 
Fold: 2 
Method: multinom 
Noise level:  30 %
Percentage of altered instances:  60 %
Using 304 indices (first 304 from shuffled list)
Loading noise data from: results/noise_injection/by_dataset/ozone-level-8hr_V31_noise0.3.csv 
Using 304 indices for  60 % of instances
Calculate prediction
Confusion matrix
Dataset: ozone-level-8hr 
Fold: 2 
Method: multinom 
Noise level:  30 %
Percentage of altered instances:  70 %
Using 354 indices (first 354 from shuffled list)
Loading noise data from: results/noise_injection/by_dataset/ozone-level-8hr_V31_noise0.3.csv 
Using 354 indices for  70 % of instances
Calculate prediction
Confusion matrix
Dataset: ozone-level-8hr 
Fold: 2 
Method: multinom 
Noise level:  30 %
Percentage of altered instances:  75 %
Using 380 indices (first 380 from shuffled list)
Loading noise data from: results/noise_injection/by_dataset/ozone-level-8hr_V31_noise0.3.csv 
Using 380 indices for  75 % of instances
Calculate prediction
Confusion matrix
Dataset: ozone-level-8hr 
Fold: 2 
Method: multinom 
Noise level:  30 %
Percentage of altered instances:  80 %
Using 405 indices (first 405 from shuffled list)
Loading noise data from: results/noise_injection/by_dataset/ozone-level-8hr_V31_noise0.3.csv 
Using 405 indices for  80 % of instances
Calculate prediction
Confusion matrix
Dataset: ozone-level-8hr 
Fold: 2 
Method: multinom 
Noise level:  30 %
Percentage of altered instances:  90 %
Using 455 indices (first 455 from shuffled list)
Loading noise data from: results/noise_injection/by_dataset/ozone-level-8hr_V31_noise0.3.csv 
Using 455 indices for  90 % of instances
Calculate prediction
Confusion matrix
Dataset: ozone-level-8hr 
Fold: 2 
Method: multinom 
Noise level:  30 %
Percentage of altered instances:  100 %
Using 506 indices (first 506 from shuffled list)
Loading noise data from: results/noise_injection/by_dataset/ozone-level-8hr_V31_noise0.3.csv 
Using 506 indices for  100 % of instances
Calculate prediction
Confusion matrix
Loaded 507 indices for fold 3 from: results/instances/original/vectors/ozone-level-8hr_multinom_all_folds.csv 

=== Training model with 10 % noise in training data ===
Critical percentage for training noise: 10 %
Loading training noise data from: results/noise_injection/by_dataset/ozone-level-8hr_V31_noise0.1.csv 
Altering 203 out of 2027 training instances
# weights:  74 (73 variable)
initial  value 1405.009335 
iter  10 value 320.648758
iter  20 value 298.486937
iter  30 value 278.254524
iter  40 value 267.478213
iter  50 value 264.083454
iter  60 value 260.187819
iter  70 value 260.091339
iter  80 value 260.082116
iter  90 value 255.783245
final  value 255.745630 
converged
Dataset: ozone-level-8hr 
Fold: 3 
Method: multinom 
Noise level:  10 %
Percentage of altered instances:  10 %
Using 51 indices (first 51 from shuffled list)
Loading noise data from: results/noise_injection/by_dataset/ozone-level-8hr_V31_noise0.1.csv 
Using 51 indices for  10 % of instances
Calculate prediction
Confusion matrix
Dataset: ozone-level-8hr 
Fold: 3 
Method: multinom 
Noise level:  10 %
Percentage of altered instances:  20 %
Using 101 indices (first 101 from shuffled list)
Loading noise data from: results/noise_injection/by_dataset/ozone-level-8hr_V31_noise0.1.csv 
Using 101 indices for  20 % of instances
Calculate prediction
Confusion matrix
Dataset: ozone-level-8hr 
Fold: 3 
Method: multinom 
Noise level:  10 %
Percentage of altered instances:  25 %
Using 127 indices (first 127 from shuffled list)
Loading noise data from: results/noise_injection/by_dataset/ozone-level-8hr_V31_noise0.1.csv 
Using 127 indices for  25 % of instances
Calculate prediction
Confusion matrix
Dataset: ozone-level-8hr 
Fold: 3 
Method: multinom 
Noise level:  10 %
Percentage of altered instances:  30 %
Using 152 indices (first 152 from shuffled list)
Loading noise data from: results/noise_injection/by_dataset/ozone-level-8hr_V31_noise0.1.csv 
Using 152 indices for  30 % of instances
Calculate prediction
Confusion matrix
Dataset: ozone-level-8hr 
Fold: 3 
Method: multinom 
Noise level:  10 %
Percentage of altered instances:  40 %
Using 203 indices (first 203 from shuffled list)
Loading noise data from: results/noise_injection/by_dataset/ozone-level-8hr_V31_noise0.1.csv 
Using 203 indices for  40 % of instances
Calculate prediction
Confusion matrix
Dataset: ozone-level-8hr 
Fold: 3 
Method: multinom 
Noise level:  10 %
Percentage of altered instances:  50 %
Using 254 indices (first 254 from shuffled list)
Loading noise data from: results/noise_injection/by_dataset/ozone-level-8hr_V31_noise0.1.csv 
Using 254 indices for  50 % of instances
Calculate prediction
Confusion matrix
Dataset: ozone-level-8hr 
Fold: 3 
Method: multinom 
Noise level:  10 %
Percentage of altered instances:  60 %
Using 304 indices (first 304 from shuffled list)
Loading noise data from: results/noise_injection/by_dataset/ozone-level-8hr_V31_noise0.1.csv 
Using 304 indices for  60 % of instances
Calculate prediction
Confusion matrix
Dataset: ozone-level-8hr 
Fold: 3 
Method: multinom 
Noise level:  10 %
Percentage of altered instances:  70 %
Using 355 indices (first 355 from shuffled list)
Loading noise data from: results/noise_injection/by_dataset/ozone-level-8hr_V31_noise0.1.csv 
Using 355 indices for  70 % of instances
Calculate prediction
Confusion matrix
Dataset: ozone-level-8hr 
Fold: 3 
Method: multinom 
Noise level:  10 %
Percentage of altered instances:  75 %
Using 380 indices (first 380 from shuffled list)
Loading noise data from: results/noise_injection/by_dataset/ozone-level-8hr_V31_noise0.1.csv 
Using 380 indices for  75 % of instances
Calculate prediction
Confusion matrix
Dataset: ozone-level-8hr 
Fold: 3 
Method: multinom 
Noise level:  10 %
Percentage of altered instances:  80 %
Using 406 indices (first 406 from shuffled list)
Loading noise data from: results/noise_injection/by_dataset/ozone-level-8hr_V31_noise0.1.csv 
Using 406 indices for  80 % of instances
Calculate prediction
Confusion matrix
Dataset: ozone-level-8hr 
Fold: 3 
Method: multinom 
Noise level:  10 %
Percentage of altered instances:  90 %
Using 456 indices (first 456 from shuffled list)
Loading noise data from: results/noise_injection/by_dataset/ozone-level-8hr_V31_noise0.1.csv 
Using 456 indices for  90 % of instances
Calculate prediction
Confusion matrix
Dataset: ozone-level-8hr 
Fold: 3 
Method: multinom 
Noise level:  10 %
Percentage of altered instances:  100 %
Using 507 indices (first 507 from shuffled list)
Loading noise data from: results/noise_injection/by_dataset/ozone-level-8hr_V31_noise0.1.csv 
Using 507 indices for  100 % of instances
Calculate prediction
Confusion matrix

=== Training model with 20 % noise in training data ===
Critical percentage for training noise: 10 %
Loading training noise data from: results/noise_injection/by_dataset/ozone-level-8hr_V31_noise0.2.csv 
Altering 203 out of 2027 training instances
# weights:  74 (73 variable)
initial  value 1405.009335 
iter  10 value 320.312141
iter  20 value 297.898471
iter  30 value 274.621458
iter  40 value 265.835449
iter  50 value 261.332625
iter  60 value 258.387683
iter  70 value 258.351236
iter  80 value 258.313519
iter  90 value 253.678300
final  value 253.674789 
converged
Dataset: ozone-level-8hr 
Fold: 3 
Method: multinom 
Noise level:  20 %
Percentage of altered instances:  10 %
Using 51 indices (first 51 from shuffled list)
Loading noise data from: results/noise_injection/by_dataset/ozone-level-8hr_V31_noise0.2.csv 
Using 51 indices for  10 % of instances
Calculate prediction
Confusion matrix
Dataset: ozone-level-8hr 
Fold: 3 
Method: multinom 
Noise level:  20 %
Percentage of altered instances:  20 %
Using 101 indices (first 101 from shuffled list)
Loading noise data from: results/noise_injection/by_dataset/ozone-level-8hr_V31_noise0.2.csv 
Using 101 indices for  20 % of instances
Calculate prediction
Confusion matrix
Dataset: ozone-level-8hr 
Fold: 3 
Method: multinom 
Noise level:  20 %
Percentage of altered instances:  25 %
Using 127 indices (first 127 from shuffled list)
Loading noise data from: results/noise_injection/by_dataset/ozone-level-8hr_V31_noise0.2.csv 
Using 127 indices for  25 % of instances
Calculate prediction
Confusion matrix
Dataset: ozone-level-8hr 
Fold: 3 
Method: multinom 
Noise level:  20 %
Percentage of altered instances:  30 %
Using 152 indices (first 152 from shuffled list)
Loading noise data from: results/noise_injection/by_dataset/ozone-level-8hr_V31_noise0.2.csv 
Using 152 indices for  30 % of instances
Calculate prediction
Confusion matrix
Dataset: ozone-level-8hr 
Fold: 3 
Method: multinom 
Noise level:  20 %
Percentage of altered instances:  40 %
Using 203 indices (first 203 from shuffled list)
Loading noise data from: results/noise_injection/by_dataset/ozone-level-8hr_V31_noise0.2.csv 
Using 203 indices for  40 % of instances
Calculate prediction
Confusion matrix
Dataset: ozone-level-8hr 
Fold: 3 
Method: multinom 
Noise level:  20 %
Percentage of altered instances:  50 %
Using 254 indices (first 254 from shuffled list)
Loading noise data from: results/noise_injection/by_dataset/ozone-level-8hr_V31_noise0.2.csv 
Using 254 indices for  50 % of instances
Calculate prediction
Confusion matrix
Dataset: ozone-level-8hr 
Fold: 3 
Method: multinom 
Noise level:  20 %
Percentage of altered instances:  60 %
Using 304 indices (first 304 from shuffled list)
Loading noise data from: results/noise_injection/by_dataset/ozone-level-8hr_V31_noise0.2.csv 
Using 304 indices for  60 % of instances
Calculate prediction
Confusion matrix
Dataset: ozone-level-8hr 
Fold: 3 
Method: multinom 
Noise level:  20 %
Percentage of altered instances:  70 %
Using 355 indices (first 355 from shuffled list)
Loading noise data from: results/noise_injection/by_dataset/ozone-level-8hr_V31_noise0.2.csv 
Using 355 indices for  70 % of instances
Calculate prediction
Confusion matrix
Dataset: ozone-level-8hr 
Fold: 3 
Method: multinom 
Noise level:  20 %
Percentage of altered instances:  75 %
Using 380 indices (first 380 from shuffled list)
Loading noise data from: results/noise_injection/by_dataset/ozone-level-8hr_V31_noise0.2.csv 
Using 380 indices for  75 % of instances
Calculate prediction
Confusion matrix
Dataset: ozone-level-8hr 
Fold: 3 
Method: multinom 
Noise level:  20 %
Percentage of altered instances:  80 %
Using 406 indices (first 406 from shuffled list)
Loading noise data from: results/noise_injection/by_dataset/ozone-level-8hr_V31_noise0.2.csv 
Using 406 indices for  80 % of instances
Calculate prediction
Confusion matrix
Dataset: ozone-level-8hr 
Fold: 3 
Method: multinom 
Noise level:  20 %
Percentage of altered instances:  90 %
Using 456 indices (first 456 from shuffled list)
Loading noise data from: results/noise_injection/by_dataset/ozone-level-8hr_V31_noise0.2.csv 
Using 456 indices for  90 % of instances
Calculate prediction
Confusion matrix
Dataset: ozone-level-8hr 
Fold: 3 
Method: multinom 
Noise level:  20 %
Percentage of altered instances:  100 %
Using 507 indices (first 507 from shuffled list)
Loading noise data from: results/noise_injection/by_dataset/ozone-level-8hr_V31_noise0.2.csv 
Using 507 indices for  100 % of instances
Calculate prediction
Confusion matrix

=== Training model with 30 % noise in training data ===
Critical percentage for training noise: 10 %
Loading training noise data from: results/noise_injection/by_dataset/ozone-level-8hr_V31_noise0.3.csv 
Altering 203 out of 2027 training instances
# weights:  74 (73 variable)
initial  value 1405.009335 
iter  10 value 320.658272
iter  20 value 298.652537
iter  30 value 276.115231
iter  40 value 267.212698
iter  50 value 263.593227
iter  60 value 260.224888
iter  70 value 260.149864
iter  80 value 260.121848
iter  90 value 255.616442
final  value 255.606669 
converged
Dataset: ozone-level-8hr 
Fold: 3 
Method: multinom 
Noise level:  30 %
Percentage of altered instances:  10 %
Using 51 indices (first 51 from shuffled list)
Loading noise data from: results/noise_injection/by_dataset/ozone-level-8hr_V31_noise0.3.csv 
Using 51 indices for  10 % of instances
Calculate prediction
Confusion matrix
Dataset: ozone-level-8hr 
Fold: 3 
Method: multinom 
Noise level:  30 %
Percentage of altered instances:  20 %
Using 101 indices (first 101 from shuffled list)
Loading noise data from: results/noise_injection/by_dataset/ozone-level-8hr_V31_noise0.3.csv 
Using 101 indices for  20 % of instances
Calculate prediction
Confusion matrix
Dataset: ozone-level-8hr 
Fold: 3 
Method: multinom 
Noise level:  30 %
Percentage of altered instances:  25 %
Using 127 indices (first 127 from shuffled list)
Loading noise data from: results/noise_injection/by_dataset/ozone-level-8hr_V31_noise0.3.csv 
Using 127 indices for  25 % of instances
Calculate prediction
Confusion matrix
Dataset: ozone-level-8hr 
Fold: 3 
Method: multinom 
Noise level:  30 %
Percentage of altered instances:  30 %
Using 152 indices (first 152 from shuffled list)
Loading noise data from: results/noise_injection/by_dataset/ozone-level-8hr_V31_noise0.3.csv 
Using 152 indices for  30 % of instances
Calculate prediction
Confusion matrix
Dataset: ozone-level-8hr 
Fold: 3 
Method: multinom 
Noise level:  30 %
Percentage of altered instances:  40 %
Using 203 indices (first 203 from shuffled list)
Loading noise data from: results/noise_injection/by_dataset/ozone-level-8hr_V31_noise0.3.csv 
Using 203 indices for  40 % of instances
Calculate prediction
Confusion matrix
Dataset: ozone-level-8hr 
Fold: 3 
Method: multinom 
Noise level:  30 %
Percentage of altered instances:  50 %
Using 254 indices (first 254 from shuffled list)
Loading noise data from: results/noise_injection/by_dataset/ozone-level-8hr_V31_noise0.3.csv 
Using 254 indices for  50 % of instances
Calculate prediction
Confusion matrix
Dataset: ozone-level-8hr 
Fold: 3 
Method: multinom 
Noise level:  30 %
Percentage of altered instances:  60 %
Using 304 indices (first 304 from shuffled list)
Loading noise data from: results/noise_injection/by_dataset/ozone-level-8hr_V31_noise0.3.csv 
Using 304 indices for  60 % of instances
Calculate prediction
Confusion matrix
Dataset: ozone-level-8hr 
Fold: 3 
Method: multinom 
Noise level:  30 %
Percentage of altered instances:  70 %
Using 355 indices (first 355 from shuffled list)
Loading noise data from: results/noise_injection/by_dataset/ozone-level-8hr_V31_noise0.3.csv 
Using 355 indices for  70 % of instances
Calculate prediction
Confusion matrix
Dataset: ozone-level-8hr 
Fold: 3 
Method: multinom 
Noise level:  30 %
Percentage of altered instances:  75 %
Using 380 indices (first 380 from shuffled list)
Loading noise data from: results/noise_injection/by_dataset/ozone-level-8hr_V31_noise0.3.csv 
Using 380 indices for  75 % of instances
Calculate prediction
Confusion matrix
Dataset: ozone-level-8hr 
Fold: 3 
Method: multinom 
Noise level:  30 %
Percentage of altered instances:  80 %
Using 406 indices (first 406 from shuffled list)
Loading noise data from: results/noise_injection/by_dataset/ozone-level-8hr_V31_noise0.3.csv 
Using 406 indices for  80 % of instances
Calculate prediction
Confusion matrix
Dataset: ozone-level-8hr 
Fold: 3 
Method: multinom 
Noise level:  30 %
Percentage of altered instances:  90 %
Using 456 indices (first 456 from shuffled list)
Loading noise data from: results/noise_injection/by_dataset/ozone-level-8hr_V31_noise0.3.csv 
Using 456 indices for  90 % of instances
Calculate prediction
Confusion matrix
Dataset: ozone-level-8hr 
Fold: 3 
Method: multinom 
Noise level:  30 %
Percentage of altered instances:  100 %
Using 507 indices (first 507 from shuffled list)
Loading noise data from: results/noise_injection/by_dataset/ozone-level-8hr_V31_noise0.3.csv 
Using 507 indices for  100 % of instances
Calculate prediction
Confusion matrix
Loaded 507 indices for fold 4 from: results/instances/original/vectors/ozone-level-8hr_multinom_all_folds.csv 

=== Training model with 10 % noise in training data ===
Critical percentage for training noise: 10 %
Loading training noise data from: results/noise_injection/by_dataset/ozone-level-8hr_V31_noise0.1.csv 
Altering 203 out of 2027 training instances
# weights:  74 (73 variable)
initial  value 1405.009335 
iter  10 value 331.444572
iter  20 value 307.908498
iter  30 value 282.282894
iter  40 value 271.750628
iter  50 value 268.174314
iter  60 value 265.139414
iter  70 value 265.048527
iter  80 value 264.847518
iter  90 value 257.513922
final  value 257.513754 
converged
Dataset: ozone-level-8hr 
Fold: 4 
Method: multinom 
Noise level:  10 %
Percentage of altered instances:  10 %
Using 51 indices (first 51 from shuffled list)
Loading noise data from: results/noise_injection/by_dataset/ozone-level-8hr_V31_noise0.1.csv 
Using 51 indices for  10 % of instances
Calculate prediction
Confusion matrix
Dataset: ozone-level-8hr 
Fold: 4 
Method: multinom 
Noise level:  10 %
Percentage of altered instances:  20 %
Using 101 indices (first 101 from shuffled list)
Loading noise data from: results/noise_injection/by_dataset/ozone-level-8hr_V31_noise0.1.csv 
Using 101 indices for  20 % of instances
Calculate prediction
Confusion matrix
Dataset: ozone-level-8hr 
Fold: 4 
Method: multinom 
Noise level:  10 %
Percentage of altered instances:  25 %
Using 127 indices (first 127 from shuffled list)
Loading noise data from: results/noise_injection/by_dataset/ozone-level-8hr_V31_noise0.1.csv 
Using 127 indices for  25 % of instances
Calculate prediction
Confusion matrix
Dataset: ozone-level-8hr 
Fold: 4 
Method: multinom 
Noise level:  10 %
Percentage of altered instances:  30 %
Using 152 indices (first 152 from shuffled list)
Loading noise data from: results/noise_injection/by_dataset/ozone-level-8hr_V31_noise0.1.csv 
Using 152 indices for  30 % of instances
Calculate prediction
Confusion matrix
Dataset: ozone-level-8hr 
Fold: 4 
Method: multinom 
Noise level:  10 %
Percentage of altered instances:  40 %
Using 203 indices (first 203 from shuffled list)
Loading noise data from: results/noise_injection/by_dataset/ozone-level-8hr_V31_noise0.1.csv 
Using 203 indices for  40 % of instances
Calculate prediction
Confusion matrix
Dataset: ozone-level-8hr 
Fold: 4 
Method: multinom 
Noise level:  10 %
Percentage of altered instances:  50 %
Using 254 indices (first 254 from shuffled list)
Loading noise data from: results/noise_injection/by_dataset/ozone-level-8hr_V31_noise0.1.csv 
Using 254 indices for  50 % of instances
Calculate prediction
Confusion matrix
Dataset: ozone-level-8hr 
Fold: 4 
Method: multinom 
Noise level:  10 %
Percentage of altered instances:  60 %
Using 304 indices (first 304 from shuffled list)
Loading noise data from: results/noise_injection/by_dataset/ozone-level-8hr_V31_noise0.1.csv 
Using 304 indices for  60 % of instances
Calculate prediction
Confusion matrix
Dataset: ozone-level-8hr 
Fold: 4 
Method: multinom 
Noise level:  10 %
Percentage of altered instances:  70 %
Using 355 indices (first 355 from shuffled list)
Loading noise data from: results/noise_injection/by_dataset/ozone-level-8hr_V31_noise0.1.csv 
Using 355 indices for  70 % of instances
Calculate prediction
Confusion matrix
Dataset: ozone-level-8hr 
Fold: 4 
Method: multinom 
Noise level:  10 %
Percentage of altered instances:  75 %
Using 380 indices (first 380 from shuffled list)
Loading noise data from: results/noise_injection/by_dataset/ozone-level-8hr_V31_noise0.1.csv 
Using 380 indices for  75 % of instances
Calculate prediction
Confusion matrix
Dataset: ozone-level-8hr 
Fold: 4 
Method: multinom 
Noise level:  10 %
Percentage of altered instances:  80 %
Using 406 indices (first 406 from shuffled list)
Loading noise data from: results/noise_injection/by_dataset/ozone-level-8hr_V31_noise0.1.csv 
Using 406 indices for  80 % of instances
Calculate prediction
Confusion matrix
Dataset: ozone-level-8hr 
Fold: 4 
Method: multinom 
Noise level:  10 %
Percentage of altered instances:  90 %
Using 456 indices (first 456 from shuffled list)
Loading noise data from: results/noise_injection/by_dataset/ozone-level-8hr_V31_noise0.1.csv 
Using 456 indices for  90 % of instances
Calculate prediction
Confusion matrix
Dataset: ozone-level-8hr 
Fold: 4 
Method: multinom 
Noise level:  10 %
Percentage of altered instances:  100 %
Using 507 indices (first 507 from shuffled list)
Loading noise data from: results/noise_injection/by_dataset/ozone-level-8hr_V31_noise0.1.csv 
Using 507 indices for  100 % of instances
Calculate prediction
Confusion matrix

=== Training model with 20 % noise in training data ===
Critical percentage for training noise: 10 %
Loading training noise data from: results/noise_injection/by_dataset/ozone-level-8hr_V31_noise0.2.csv 
Altering 203 out of 2027 training instances
# weights:  74 (73 variable)
initial  value 1405.009335 
iter  10 value 330.597336
iter  20 value 306.512861
iter  30 value 279.666522
iter  40 value 270.892742
iter  50 value 267.791303
iter  60 value 263.865052
iter  70 value 263.586056
iter  80 value 263.373962
iter  90 value 256.445305
final  value 256.445067 
converged
Dataset: ozone-level-8hr 
Fold: 4 
Method: multinom 
Noise level:  20 %
Percentage of altered instances:  10 %
Using 51 indices (first 51 from shuffled list)
Loading noise data from: results/noise_injection/by_dataset/ozone-level-8hr_V31_noise0.2.csv 
Using 51 indices for  10 % of instances
Calculate prediction
Confusion matrix
Dataset: ozone-level-8hr 
Fold: 4 
Method: multinom 
Noise level:  20 %
Percentage of altered instances:  20 %
Using 101 indices (first 101 from shuffled list)
Loading noise data from: results/noise_injection/by_dataset/ozone-level-8hr_V31_noise0.2.csv 
Using 101 indices for  20 % of instances
Calculate prediction
Confusion matrix
Dataset: ozone-level-8hr 
Fold: 4 
Method: multinom 
Noise level:  20 %
Percentage of altered instances:  25 %
Using 127 indices (first 127 from shuffled list)
Loading noise data from: results/noise_injection/by_dataset/ozone-level-8hr_V31_noise0.2.csv 
Using 127 indices for  25 % of instances
Calculate prediction
Confusion matrix
Dataset: ozone-level-8hr 
Fold: 4 
Method: multinom 
Noise level:  20 %
Percentage of altered instances:  30 %
Using 152 indices (first 152 from shuffled list)
Loading noise data from: results/noise_injection/by_dataset/ozone-level-8hr_V31_noise0.2.csv 
Using 152 indices for  30 % of instances
Calculate prediction
Confusion matrix
Dataset: ozone-level-8hr 
Fold: 4 
Method: multinom 
Noise level:  20 %
Percentage of altered instances:  40 %
Using 203 indices (first 203 from shuffled list)
Loading noise data from: results/noise_injection/by_dataset/ozone-level-8hr_V31_noise0.2.csv 
Using 203 indices for  40 % of instances
Calculate prediction
Confusion matrix
Dataset: ozone-level-8hr 
Fold: 4 
Method: multinom 
Noise level:  20 %
Percentage of altered instances:  50 %
Using 254 indices (first 254 from shuffled list)
Loading noise data from: results/noise_injection/by_dataset/ozone-level-8hr_V31_noise0.2.csv 
Using 254 indices for  50 % of instances
Calculate prediction
Confusion matrix
Dataset: ozone-level-8hr 
Fold: 4 
Method: multinom 
Noise level:  20 %
Percentage of altered instances:  60 %
Using 304 indices (first 304 from shuffled list)
Loading noise data from: results/noise_injection/by_dataset/ozone-level-8hr_V31_noise0.2.csv 
Using 304 indices for  60 % of instances
Calculate prediction
Confusion matrix
Dataset: ozone-level-8hr 
Fold: 4 
Method: multinom 
Noise level:  20 %
Percentage of altered instances:  70 %
Using 355 indices (first 355 from shuffled list)
Loading noise data from: results/noise_injection/by_dataset/ozone-level-8hr_V31_noise0.2.csv 
Using 355 indices for  70 % of instances
Calculate prediction
Confusion matrix
Dataset: ozone-level-8hr 
Fold: 4 
Method: multinom 
Noise level:  20 %
Percentage of altered instances:  75 %
Using 380 indices (first 380 from shuffled list)
Loading noise data from: results/noise_injection/by_dataset/ozone-level-8hr_V31_noise0.2.csv 
Using 380 indices for  75 % of instances
Calculate prediction
Confusion matrix
Dataset: ozone-level-8hr 
Fold: 4 
Method: multinom 
Noise level:  20 %
Percentage of altered instances:  80 %
Using 406 indices (first 406 from shuffled list)
Loading noise data from: results/noise_injection/by_dataset/ozone-level-8hr_V31_noise0.2.csv 
Using 406 indices for  80 % of instances
Calculate prediction
Confusion matrix
Dataset: ozone-level-8hr 
Fold: 4 
Method: multinom 
Noise level:  20 %
Percentage of altered instances:  90 %
Using 456 indices (first 456 from shuffled list)
Loading noise data from: results/noise_injection/by_dataset/ozone-level-8hr_V31_noise0.2.csv 
Using 456 indices for  90 % of instances
Calculate prediction
Confusion matrix
Dataset: ozone-level-8hr 
Fold: 4 
Method: multinom 
Noise level:  20 %
Percentage of altered instances:  100 %
Using 507 indices (first 507 from shuffled list)
Loading noise data from: results/noise_injection/by_dataset/ozone-level-8hr_V31_noise0.2.csv 
Using 507 indices for  100 % of instances
Calculate prediction
Confusion matrix

=== Training model with 30 % noise in training data ===
Critical percentage for training noise: 10 %
Loading training noise data from: results/noise_injection/by_dataset/ozone-level-8hr_V31_noise0.3.csv 
Altering 203 out of 2027 training instances
# weights:  74 (73 variable)
initial  value 1405.009335 
iter  10 value 331.301155
iter  20 value 307.904750
iter  30 value 281.038671
iter  40 value 272.310139
iter  50 value 269.662699
iter  60 value 266.028003
iter  70 value 265.845381
iter  80 value 265.750563
iter  90 value 258.357446
final  value 258.352564 
converged
Dataset: ozone-level-8hr 
Fold: 4 
Method: multinom 
Noise level:  30 %
Percentage of altered instances:  10 %
Using 51 indices (first 51 from shuffled list)
Loading noise data from: results/noise_injection/by_dataset/ozone-level-8hr_V31_noise0.3.csv 
Using 51 indices for  10 % of instances
Calculate prediction
Confusion matrix
Dataset: ozone-level-8hr 
Fold: 4 
Method: multinom 
Noise level:  30 %
Percentage of altered instances:  20 %
Using 101 indices (first 101 from shuffled list)
Loading noise data from: results/noise_injection/by_dataset/ozone-level-8hr_V31_noise0.3.csv 
Using 101 indices for  20 % of instances
Calculate prediction
Confusion matrix
Dataset: ozone-level-8hr 
Fold: 4 
Method: multinom 
Noise level:  30 %
Percentage of altered instances:  25 %
Using 127 indices (first 127 from shuffled list)
Loading noise data from: results/noise_injection/by_dataset/ozone-level-8hr_V31_noise0.3.csv 
Using 127 indices for  25 % of instances
Calculate prediction
Confusion matrix
Dataset: ozone-level-8hr 
Fold: 4 
Method: multinom 
Noise level:  30 %
Percentage of altered instances:  30 %
Using 152 indices (first 152 from shuffled list)
Loading noise data from: results/noise_injection/by_dataset/ozone-level-8hr_V31_noise0.3.csv 
Using 152 indices for  30 % of instances
Calculate prediction
Confusion matrix
Dataset: ozone-level-8hr 
Fold: 4 
Method: multinom 
Noise level:  30 %
Percentage of altered instances:  40 %
Using 203 indices (first 203 from shuffled list)
Loading noise data from: results/noise_injection/by_dataset/ozone-level-8hr_V31_noise0.3.csv 
Using 203 indices for  40 % of instances
Calculate prediction
Confusion matrix
Dataset: ozone-level-8hr 
Fold: 4 
Method: multinom 
Noise level:  30 %
Percentage of altered instances:  50 %
Using 254 indices (first 254 from shuffled list)
Loading noise data from: results/noise_injection/by_dataset/ozone-level-8hr_V31_noise0.3.csv 
Using 254 indices for  50 % of instances
Calculate prediction
Confusion matrix
Dataset: ozone-level-8hr 
Fold: 4 
Method: multinom 
Noise level:  30 %
Percentage of altered instances:  60 %
Using 304 indices (first 304 from shuffled list)
Loading noise data from: results/noise_injection/by_dataset/ozone-level-8hr_V31_noise0.3.csv 
Using 304 indices for  60 % of instances
Calculate prediction
Confusion matrix
Dataset: ozone-level-8hr 
Fold: 4 
Method: multinom 
Noise level:  30 %
Percentage of altered instances:  70 %
Using 355 indices (first 355 from shuffled list)
Loading noise data from: results/noise_injection/by_dataset/ozone-level-8hr_V31_noise0.3.csv 
Using 355 indices for  70 % of instances
Calculate prediction
Confusion matrix
Dataset: ozone-level-8hr 
Fold: 4 
Method: multinom 
Noise level:  30 %
Percentage of altered instances:  75 %
Using 380 indices (first 380 from shuffled list)
Loading noise data from: results/noise_injection/by_dataset/ozone-level-8hr_V31_noise0.3.csv 
Using 380 indices for  75 % of instances
Calculate prediction
Confusion matrix
Dataset: ozone-level-8hr 
Fold: 4 
Method: multinom 
Noise level:  30 %
Percentage of altered instances:  80 %
Using 406 indices (first 406 from shuffled list)
Loading noise data from: results/noise_injection/by_dataset/ozone-level-8hr_V31_noise0.3.csv 
Using 406 indices for  80 % of instances
Calculate prediction
Confusion matrix
Dataset: ozone-level-8hr 
Fold: 4 
Method: multinom 
Noise level:  30 %
Percentage of altered instances:  90 %
Using 456 indices (first 456 from shuffled list)
Loading noise data from: results/noise_injection/by_dataset/ozone-level-8hr_V31_noise0.3.csv 
Using 456 indices for  90 % of instances
Calculate prediction
Confusion matrix
Dataset: ozone-level-8hr 
Fold: 4 
Method: multinom 
Noise level:  30 %
Percentage of altered instances:  100 %
Using 507 indices (first 507 from shuffled list)
Loading noise data from: results/noise_injection/by_dataset/ozone-level-8hr_V31_noise0.3.csv 
Using 507 indices for  100 % of instances
Calculate prediction
Confusion matrix
Loaded 507 indices for fold 5 from: results/instances/original/vectors/ozone-level-8hr_multinom_all_folds.csv 

=== Training model with 10 % noise in training data ===
Critical percentage for training noise: 10 %
Loading training noise data from: results/noise_injection/by_dataset/ozone-level-8hr_V31_noise0.1.csv 
Altering 203 out of 2027 training instances
# weights:  74 (73 variable)
initial  value 1405.009335 
iter  10 value 311.540498
iter  20 value 287.409703
iter  30 value 268.538716
iter  40 value 261.337402
iter  50 value 256.131312
iter  60 value 253.015232
iter  70 value 252.951047
iter  80 value 252.906286
iter  90 value 244.181627
final  value 243.752166 
converged
Dataset: ozone-level-8hr 
Fold: 5 
Method: multinom 
Noise level:  10 %
Percentage of altered instances:  10 %
Using 51 indices (first 51 from shuffled list)
Loading noise data from: results/noise_injection/by_dataset/ozone-level-8hr_V31_noise0.1.csv 
Using 51 indices for  10 % of instances
Calculate prediction
Confusion matrix
Dataset: ozone-level-8hr 
Fold: 5 
Method: multinom 
Noise level:  10 %
Percentage of altered instances:  20 %
Using 101 indices (first 101 from shuffled list)
Loading noise data from: results/noise_injection/by_dataset/ozone-level-8hr_V31_noise0.1.csv 
Using 101 indices for  20 % of instances
Calculate prediction
Confusion matrix
Dataset: ozone-level-8hr 
Fold: 5 
Method: multinom 
Noise level:  10 %
Percentage of altered instances:  25 %
Using 127 indices (first 127 from shuffled list)
Loading noise data from: results/noise_injection/by_dataset/ozone-level-8hr_V31_noise0.1.csv 
Using 127 indices for  25 % of instances
Calculate prediction
Confusion matrix
Dataset: ozone-level-8hr 
Fold: 5 
Method: multinom 
Noise level:  10 %
Percentage of altered instances:  30 %
Using 152 indices (first 152 from shuffled list)
Loading noise data from: results/noise_injection/by_dataset/ozone-level-8hr_V31_noise0.1.csv 
Using 152 indices for  30 % of instances
Calculate prediction
Confusion matrix
Dataset: ozone-level-8hr 
Fold: 5 
Method: multinom 
Noise level:  10 %
Percentage of altered instances:  40 %
Using 203 indices (first 203 from shuffled list)
Loading noise data from: results/noise_injection/by_dataset/ozone-level-8hr_V31_noise0.1.csv 
Using 203 indices for  40 % of instances
Calculate prediction
Confusion matrix
Dataset: ozone-level-8hr 
Fold: 5 
Method: multinom 
Noise level:  10 %
Percentage of altered instances:  50 %
Using 254 indices (first 254 from shuffled list)
Loading noise data from: results/noise_injection/by_dataset/ozone-level-8hr_V31_noise0.1.csv 
Using 254 indices for  50 % of instances
Calculate prediction
Confusion matrix
Dataset: ozone-level-8hr 
Fold: 5 
Method: multinom 
Noise level:  10 %
Percentage of altered instances:  60 %
Using 304 indices (first 304 from shuffled list)
Loading noise data from: results/noise_injection/by_dataset/ozone-level-8hr_V31_noise0.1.csv 
Using 304 indices for  60 % of instances
Calculate prediction
Confusion matrix
Dataset: ozone-level-8hr 
Fold: 5 
Method: multinom 
Noise level:  10 %
Percentage of altered instances:  70 %
Using 355 indices (first 355 from shuffled list)
Loading noise data from: results/noise_injection/by_dataset/ozone-level-8hr_V31_noise0.1.csv 
Using 355 indices for  70 % of instances
Calculate prediction
Confusion matrix
Dataset: ozone-level-8hr 
Fold: 5 
Method: multinom 
Noise level:  10 %
Percentage of altered instances:  75 %
Using 380 indices (first 380 from shuffled list)
Loading noise data from: results/noise_injection/by_dataset/ozone-level-8hr_V31_noise0.1.csv 
Using 380 indices for  75 % of instances
Calculate prediction
Confusion matrix
Dataset: ozone-level-8hr 
Fold: 5 
Method: multinom 
Noise level:  10 %
Percentage of altered instances:  80 %
Using 406 indices (first 406 from shuffled list)
Loading noise data from: results/noise_injection/by_dataset/ozone-level-8hr_V31_noise0.1.csv 
Using 406 indices for  80 % of instances
Calculate prediction
Confusion matrix
Dataset: ozone-level-8hr 
Fold: 5 
Method: multinom 
Noise level:  10 %
Percentage of altered instances:  90 %
Using 456 indices (first 456 from shuffled list)
Loading noise data from: results/noise_injection/by_dataset/ozone-level-8hr_V31_noise0.1.csv 
Using 456 indices for  90 % of instances
Calculate prediction
Confusion matrix
Dataset: ozone-level-8hr 
Fold: 5 
Method: multinom 
Noise level:  10 %
Percentage of altered instances:  100 %
Using 507 indices (first 507 from shuffled list)
Loading noise data from: results/noise_injection/by_dataset/ozone-level-8hr_V31_noise0.1.csv 
Using 507 indices for  100 % of instances
Calculate prediction
Confusion matrix

=== Training model with 20 % noise in training data ===
Critical percentage for training noise: 10 %
Loading training noise data from: results/noise_injection/by_dataset/ozone-level-8hr_V31_noise0.2.csv 
Altering 203 out of 2027 training instances
# weights:  74 (73 variable)
initial  value 1405.009335 
iter  10 value 311.999856
iter  20 value 287.695014
iter  30 value 268.991762
iter  40 value 261.672492
iter  50 value 257.274035
iter  60 value 253.374124
iter  70 value 253.281636
iter  80 value 253.255811
iter  90 value 244.103192
final  value 244.031229 
converged
Dataset: ozone-level-8hr 
Fold: 5 
Method: multinom 
Noise level:  20 %
Percentage of altered instances:  10 %
Using 51 indices (first 51 from shuffled list)
Loading noise data from: results/noise_injection/by_dataset/ozone-level-8hr_V31_noise0.2.csv 
Using 51 indices for  10 % of instances
Calculate prediction
Confusion matrix
Dataset: ozone-level-8hr 
Fold: 5 
Method: multinom 
Noise level:  20 %
Percentage of altered instances:  20 %
Using 101 indices (first 101 from shuffled list)
Loading noise data from: results/noise_injection/by_dataset/ozone-level-8hr_V31_noise0.2.csv 
Using 101 indices for  20 % of instances
Calculate prediction
Confusion matrix
Dataset: ozone-level-8hr 
Fold: 5 
Method: multinom 
Noise level:  20 %
Percentage of altered instances:  25 %
Using 127 indices (first 127 from shuffled list)
Loading noise data from: results/noise_injection/by_dataset/ozone-level-8hr_V31_noise0.2.csv 
Using 127 indices for  25 % of instances
Calculate prediction
Confusion matrix
Dataset: ozone-level-8hr 
Fold: 5 
Method: multinom 
Noise level:  20 %
Percentage of altered instances:  30 %
Using 152 indices (first 152 from shuffled list)
Loading noise data from: results/noise_injection/by_dataset/ozone-level-8hr_V31_noise0.2.csv 
Using 152 indices for  30 % of instances
Calculate prediction
Confusion matrix
Dataset: ozone-level-8hr 
Fold: 5 
Method: multinom 
Noise level:  20 %
Percentage of altered instances:  40 %
Using 203 indices (first 203 from shuffled list)
Loading noise data from: results/noise_injection/by_dataset/ozone-level-8hr_V31_noise0.2.csv 
Using 203 indices for  40 % of instances
Calculate prediction
Confusion matrix
Dataset: ozone-level-8hr 
Fold: 5 
Method: multinom 
Noise level:  20 %
Percentage of altered instances:  50 %
Using 254 indices (first 254 from shuffled list)
Loading noise data from: results/noise_injection/by_dataset/ozone-level-8hr_V31_noise0.2.csv 
Using 254 indices for  50 % of instances
Calculate prediction
Confusion matrix
Dataset: ozone-level-8hr 
Fold: 5 
Method: multinom 
Noise level:  20 %
Percentage of altered instances:  60 %
Using 304 indices (first 304 from shuffled list)
Loading noise data from: results/noise_injection/by_dataset/ozone-level-8hr_V31_noise0.2.csv 
Using 304 indices for  60 % of instances
Calculate prediction
Confusion matrix
Dataset: ozone-level-8hr 
Fold: 5 
Method: multinom 
Noise level:  20 %
Percentage of altered instances:  70 %
Using 355 indices (first 355 from shuffled list)
Loading noise data from: results/noise_injection/by_dataset/ozone-level-8hr_V31_noise0.2.csv 
Using 355 indices for  70 % of instances
Calculate prediction
Confusion matrix
Dataset: ozone-level-8hr 
Fold: 5 
Method: multinom 
Noise level:  20 %
Percentage of altered instances:  75 %
Using 380 indices (first 380 from shuffled list)
Loading noise data from: results/noise_injection/by_dataset/ozone-level-8hr_V31_noise0.2.csv 
Using 380 indices for  75 % of instances
Calculate prediction
Confusion matrix
Dataset: ozone-level-8hr 
Fold: 5 
Method: multinom 
Noise level:  20 %
Percentage of altered instances:  80 %
Using 406 indices (first 406 from shuffled list)
Loading noise data from: results/noise_injection/by_dataset/ozone-level-8hr_V31_noise0.2.csv 
Using 406 indices for  80 % of instances
Calculate prediction
Confusion matrix
Dataset: ozone-level-8hr 
Fold: 5 
Method: multinom 
Noise level:  20 %
Percentage of altered instances:  90 %
Using 456 indices (first 456 from shuffled list)
Loading noise data from: results/noise_injection/by_dataset/ozone-level-8hr_V31_noise0.2.csv 
Using 456 indices for  90 % of instances
Calculate prediction
Confusion matrix
Dataset: ozone-level-8hr 
Fold: 5 
Method: multinom 
Noise level:  20 %
Percentage of altered instances:  100 %
Using 507 indices (first 507 from shuffled list)
Loading noise data from: results/noise_injection/by_dataset/ozone-level-8hr_V31_noise0.2.csv 
Using 507 indices for  100 % of instances
Calculate prediction
Confusion matrix

=== Training model with 30 % noise in training data ===
Critical percentage for training noise: 10 %
Loading training noise data from: results/noise_injection/by_dataset/ozone-level-8hr_V31_noise0.3.csv 
Altering 203 out of 2027 training instances
# weights:  74 (73 variable)
initial  value 1405.009335 
iter  10 value 311.565950
iter  20 value 287.770835
iter  30 value 268.568958
iter  40 value 261.687000
iter  50 value 257.398794
iter  60 value 253.413283
iter  70 value 253.306169
iter  80 value 253.045461
iter  90 value 244.031918
final  value 244.031461 
converged
Dataset: ozone-level-8hr 
Fold: 5 
Method: multinom 
Noise level:  30 %
Percentage of altered instances:  10 %
Using 51 indices (first 51 from shuffled list)
Loading noise data from: results/noise_injection/by_dataset/ozone-level-8hr_V31_noise0.3.csv 
Using 51 indices for  10 % of instances
Calculate prediction
Confusion matrix
Dataset: ozone-level-8hr 
Fold: 5 
Method: multinom 
Noise level:  30 %
Percentage of altered instances:  20 %
Using 101 indices (first 101 from shuffled list)
Loading noise data from: results/noise_injection/by_dataset/ozone-level-8hr_V31_noise0.3.csv 
Using 101 indices for  20 % of instances
Calculate prediction
Confusion matrix
Dataset: ozone-level-8hr 
Fold: 5 
Method: multinom 
Noise level:  30 %
Percentage of altered instances:  25 %
Using 127 indices (first 127 from shuffled list)
Loading noise data from: results/noise_injection/by_dataset/ozone-level-8hr_V31_noise0.3.csv 
Using 127 indices for  25 % of instances
Calculate prediction
Confusion matrix
Dataset: ozone-level-8hr 
Fold: 5 
Method: multinom 
Noise level:  30 %
Percentage of altered instances:  30 %
Using 152 indices (first 152 from shuffled list)
Loading noise data from: results/noise_injection/by_dataset/ozone-level-8hr_V31_noise0.3.csv 
Using 152 indices for  30 % of instances
Calculate prediction
Confusion matrix
Dataset: ozone-level-8hr 
Fold: 5 
Method: multinom 
Noise level:  30 %
Percentage of altered instances:  40 %
Using 203 indices (first 203 from shuffled list)
Loading noise data from: results/noise_injection/by_dataset/ozone-level-8hr_V31_noise0.3.csv 
Using 203 indices for  40 % of instances
Calculate prediction
Confusion matrix
Dataset: ozone-level-8hr 
Fold: 5 
Method: multinom 
Noise level:  30 %
Percentage of altered instances:  50 %
Using 254 indices (first 254 from shuffled list)
Loading noise data from: results/noise_injection/by_dataset/ozone-level-8hr_V31_noise0.3.csv 
Using 254 indices for  50 % of instances
Calculate prediction
Confusion matrix
Dataset: ozone-level-8hr 
Fold: 5 
Method: multinom 
Noise level:  30 %
Percentage of altered instances:  60 %
Using 304 indices (first 304 from shuffled list)
Loading noise data from: results/noise_injection/by_dataset/ozone-level-8hr_V31_noise0.3.csv 
Using 304 indices for  60 % of instances
Calculate prediction
Confusion matrix
Dataset: ozone-level-8hr 
Fold: 5 
Method: multinom 
Noise level:  30 %
Percentage of altered instances:  70 %
Using 355 indices (first 355 from shuffled list)
Loading noise data from: results/noise_injection/by_dataset/ozone-level-8hr_V31_noise0.3.csv 
Using 355 indices for  70 % of instances
Calculate prediction
Confusion matrix
Dataset: ozone-level-8hr 
Fold: 5 
Method: multinom 
Noise level:  30 %
Percentage of altered instances:  75 %
Using 380 indices (first 380 from shuffled list)
Loading noise data from: results/noise_injection/by_dataset/ozone-level-8hr_V31_noise0.3.csv 
Using 380 indices for  75 % of instances
Calculate prediction
Confusion matrix
Dataset: ozone-level-8hr 
Fold: 5 
Method: multinom 
Noise level:  30 %
Percentage of altered instances:  80 %
Using 406 indices (first 406 from shuffled list)
Loading noise data from: results/noise_injection/by_dataset/ozone-level-8hr_V31_noise0.3.csv 
Using 406 indices for  80 % of instances
Calculate prediction
Confusion matrix
Dataset: ozone-level-8hr 
Fold: 5 
Method: multinom 
Noise level:  30 %
Percentage of altered instances:  90 %
Using 456 indices (first 456 from shuffled list)
Loading noise data from: results/noise_injection/by_dataset/ozone-level-8hr_V31_noise0.3.csv 
Using 456 indices for  90 % of instances
Calculate prediction
Confusion matrix
Dataset: ozone-level-8hr 
Fold: 5 
Method: multinom 
Noise level:  30 %
Percentage of altered instances:  100 %
Using 507 indices (first 507 from shuffled list)
Loading noise data from: results/noise_injection/by_dataset/ozone-level-8hr_V31_noise0.3.csv 
Using 507 indices for  100 % of instances
Calculate prediction
Confusion matrix
Saved results to: results/instances/train_noise/by_dataset/ozone-level-8hr_multinom_results.csv 
----------------
****************************
Instances altered with noise
****************************
