Current working directory: /home/chris/github/kappa-threshold 
parameters.csv exists: TRUE 
parameters.csv absolute path: /home/chris/github/kappa-threshold/data/files/parameters.csv 
Processing model: ctree for dataset: ozone-level-8hr 
Loaded 507 indices for fold 1 from: results/instances/original/vectors/ozone-level-8hr_ctree_all_folds.csv 

=== Training model with 10 % noise in training data ===
Critical percentage for training noise: 30 %
Loading training noise data from: results/noise_injection/by_dataset/ozone-level-8hr_V42_noise0.1.csv 
Altering 608 out of 2027 training instances
Dataset: ozone-level-8hr 
Fold: 1 
Method: ctree 
Noise level:  10 %
Percentage of altered instances:  10 %
Using 51 indices (first 51 from shuffled list)
Loading noise data from: results/noise_injection/by_dataset/ozone-level-8hr_V42_noise0.1.csv 
Using 51 indices for  10 % of instances
Calculate prediction
Confusion matrix
Dataset: ozone-level-8hr 
Fold: 1 
Method: ctree 
Noise level:  10 %
Percentage of altered instances:  20 %
Using 101 indices (first 101 from shuffled list)
Loading noise data from: results/noise_injection/by_dataset/ozone-level-8hr_V42_noise0.1.csv 
Using 101 indices for  20 % of instances
Calculate prediction
Confusion matrix
Dataset: ozone-level-8hr 
Fold: 1 
Method: ctree 
Noise level:  10 %
Percentage of altered instances:  25 %
Using 127 indices (first 127 from shuffled list)
Loading noise data from: results/noise_injection/by_dataset/ozone-level-8hr_V42_noise0.1.csv 
Using 127 indices for  25 % of instances
Calculate prediction
Confusion matrix
Dataset: ozone-level-8hr 
Fold: 1 
Method: ctree 
Noise level:  10 %
Percentage of altered instances:  30 %
Using 152 indices (first 152 from shuffled list)
Loading noise data from: results/noise_injection/by_dataset/ozone-level-8hr_V42_noise0.1.csv 
Using 152 indices for  30 % of instances
Calculate prediction
Confusion matrix
Dataset: ozone-level-8hr 
Fold: 1 
Method: ctree 
Noise level:  10 %
Percentage of altered instances:  40 %
Using 203 indices (first 203 from shuffled list)
Loading noise data from: results/noise_injection/by_dataset/ozone-level-8hr_V42_noise0.1.csv 
Using 203 indices for  40 % of instances
Calculate prediction
Confusion matrix
Dataset: ozone-level-8hr 
Fold: 1 
Method: ctree 
Noise level:  10 %
Percentage of altered instances:  50 %
Using 254 indices (first 254 from shuffled list)
Loading noise data from: results/noise_injection/by_dataset/ozone-level-8hr_V42_noise0.1.csv 
Using 254 indices for  50 % of instances
Calculate prediction
Confusion matrix
Dataset: ozone-level-8hr 
Fold: 1 
Method: ctree 
Noise level:  10 %
Percentage of altered instances:  60 %
Using 304 indices (first 304 from shuffled list)
Loading noise data from: results/noise_injection/by_dataset/ozone-level-8hr_V42_noise0.1.csv 
Using 304 indices for  60 % of instances
Calculate prediction
Confusion matrix
Dataset: ozone-level-8hr 
Fold: 1 
Method: ctree 
Noise level:  10 %
Percentage of altered instances:  70 %
Using 355 indices (first 355 from shuffled list)
Loading noise data from: results/noise_injection/by_dataset/ozone-level-8hr_V42_noise0.1.csv 
Using 355 indices for  70 % of instances
Calculate prediction
Confusion matrix
Dataset: ozone-level-8hr 
Fold: 1 
Method: ctree 
Noise level:  10 %
Percentage of altered instances:  75 %
Using 380 indices (first 380 from shuffled list)
Loading noise data from: results/noise_injection/by_dataset/ozone-level-8hr_V42_noise0.1.csv 
Using 380 indices for  75 % of instances
Calculate prediction
Confusion matrix
Dataset: ozone-level-8hr 
Fold: 1 
Method: ctree 
Noise level:  10 %
Percentage of altered instances:  80 %
Using 406 indices (first 406 from shuffled list)
Loading noise data from: results/noise_injection/by_dataset/ozone-level-8hr_V42_noise0.1.csv 
Using 406 indices for  80 % of instances
Calculate prediction
Confusion matrix
Dataset: ozone-level-8hr 
Fold: 1 
Method: ctree 
Noise level:  10 %
Percentage of altered instances:  90 %
Using 456 indices (first 456 from shuffled list)
Loading noise data from: results/noise_injection/by_dataset/ozone-level-8hr_V42_noise0.1.csv 
Using 456 indices for  90 % of instances
Calculate prediction
Confusion matrix
Dataset: ozone-level-8hr 
Fold: 1 
Method: ctree 
Noise level:  10 %
Percentage of altered instances:  100 %
Using 507 indices (first 507 from shuffled list)
Loading noise data from: results/noise_injection/by_dataset/ozone-level-8hr_V42_noise0.1.csv 
Using 507 indices for  100 % of instances
Calculate prediction
Confusion matrix

=== Training model with 20 % noise in training data ===
Critical percentage for training noise: 10 %
Loading training noise data from: results/noise_injection/by_dataset/ozone-level-8hr_V42_noise0.2.csv 
Altering 203 out of 2027 training instances
Dataset: ozone-level-8hr 
Fold: 1 
Method: ctree 
Noise level:  20 %
Percentage of altered instances:  10 %
Using 51 indices (first 51 from shuffled list)
Loading noise data from: results/noise_injection/by_dataset/ozone-level-8hr_V42_noise0.2.csv 
Using 51 indices for  10 % of instances
Calculate prediction
Confusion matrix
Dataset: ozone-level-8hr 
Fold: 1 
Method: ctree 
Noise level:  20 %
Percentage of altered instances:  20 %
Using 101 indices (first 101 from shuffled list)
Loading noise data from: results/noise_injection/by_dataset/ozone-level-8hr_V42_noise0.2.csv 
Using 101 indices for  20 % of instances
Calculate prediction
Confusion matrix
Dataset: ozone-level-8hr 
Fold: 1 
Method: ctree 
Noise level:  20 %
Percentage of altered instances:  25 %
Using 127 indices (first 127 from shuffled list)
Loading noise data from: results/noise_injection/by_dataset/ozone-level-8hr_V42_noise0.2.csv 
Using 127 indices for  25 % of instances
Calculate prediction
Confusion matrix
Dataset: ozone-level-8hr 
Fold: 1 
Method: ctree 
Noise level:  20 %
Percentage of altered instances:  30 %
Using 152 indices (first 152 from shuffled list)
Loading noise data from: results/noise_injection/by_dataset/ozone-level-8hr_V42_noise0.2.csv 
Using 152 indices for  30 % of instances
Calculate prediction
Confusion matrix
Dataset: ozone-level-8hr 
Fold: 1 
Method: ctree 
Noise level:  20 %
Percentage of altered instances:  40 %
Using 203 indices (first 203 from shuffled list)
Loading noise data from: results/noise_injection/by_dataset/ozone-level-8hr_V42_noise0.2.csv 
Using 203 indices for  40 % of instances
Calculate prediction
Confusion matrix
Dataset: ozone-level-8hr 
Fold: 1 
Method: ctree 
Noise level:  20 %
Percentage of altered instances:  50 %
Using 254 indices (first 254 from shuffled list)
Loading noise data from: results/noise_injection/by_dataset/ozone-level-8hr_V42_noise0.2.csv 
Using 254 indices for  50 % of instances
Calculate prediction
Confusion matrix
Dataset: ozone-level-8hr 
Fold: 1 
Method: ctree 
Noise level:  20 %
Percentage of altered instances:  60 %
Using 304 indices (first 304 from shuffled list)
Loading noise data from: results/noise_injection/by_dataset/ozone-level-8hr_V42_noise0.2.csv 
Using 304 indices for  60 % of instances
Calculate prediction
Confusion matrix
Dataset: ozone-level-8hr 
Fold: 1 
Method: ctree 
Noise level:  20 %
Percentage of altered instances:  70 %
Using 355 indices (first 355 from shuffled list)
Loading noise data from: results/noise_injection/by_dataset/ozone-level-8hr_V42_noise0.2.csv 
Using 355 indices for  70 % of instances
Calculate prediction
Confusion matrix
Dataset: ozone-level-8hr 
Fold: 1 
Method: ctree 
Noise level:  20 %
Percentage of altered instances:  75 %
Using 380 indices (first 380 from shuffled list)
Loading noise data from: results/noise_injection/by_dataset/ozone-level-8hr_V42_noise0.2.csv 
Using 380 indices for  75 % of instances
Calculate prediction
Confusion matrix
Dataset: ozone-level-8hr 
Fold: 1 
Method: ctree 
Noise level:  20 %
Percentage of altered instances:  80 %
Using 406 indices (first 406 from shuffled list)
Loading noise data from: results/noise_injection/by_dataset/ozone-level-8hr_V42_noise0.2.csv 
Using 406 indices for  80 % of instances
Calculate prediction
Confusion matrix
Dataset: ozone-level-8hr 
Fold: 1 
Method: ctree 
Noise level:  20 %
Percentage of altered instances:  90 %
Using 456 indices (first 456 from shuffled list)
Loading noise data from: results/noise_injection/by_dataset/ozone-level-8hr_V42_noise0.2.csv 
Using 456 indices for  90 % of instances
Calculate prediction
Confusion matrix
Dataset: ozone-level-8hr 
Fold: 1 
Method: ctree 
Noise level:  20 %
Percentage of altered instances:  100 %
Using 507 indices (first 507 from shuffled list)
Loading noise data from: results/noise_injection/by_dataset/ozone-level-8hr_V42_noise0.2.csv 
Using 507 indices for  100 % of instances
Calculate prediction
Confusion matrix

=== Training model with 30 % noise in training data ===
Critical percentage for training noise: 0 %
Training on clean data (critical_percentage = 0)
Dataset: ozone-level-8hr 
Fold: 1 
Method: ctree 
Noise level:  30 %
Percentage of altered instances:  10 %
Using 51 indices (first 51 from shuffled list)
Loading noise data from: results/noise_injection/by_dataset/ozone-level-8hr_V42_noise0.3.csv 
Using 51 indices for  10 % of instances
Calculate prediction
Confusion matrix
Dataset: ozone-level-8hr 
Fold: 1 
Method: ctree 
Noise level:  30 %
Percentage of altered instances:  20 %
Using 101 indices (first 101 from shuffled list)
Loading noise data from: results/noise_injection/by_dataset/ozone-level-8hr_V42_noise0.3.csv 
Using 101 indices for  20 % of instances
Calculate prediction
Confusion matrix
Dataset: ozone-level-8hr 
Fold: 1 
Method: ctree 
Noise level:  30 %
Percentage of altered instances:  25 %
Using 127 indices (first 127 from shuffled list)
Loading noise data from: results/noise_injection/by_dataset/ozone-level-8hr_V42_noise0.3.csv 
Using 127 indices for  25 % of instances
Calculate prediction
Confusion matrix
Dataset: ozone-level-8hr 
Fold: 1 
Method: ctree 
Noise level:  30 %
Percentage of altered instances:  30 %
Using 152 indices (first 152 from shuffled list)
Loading noise data from: results/noise_injection/by_dataset/ozone-level-8hr_V42_noise0.3.csv 
Using 152 indices for  30 % of instances
Calculate prediction
Confusion matrix
Dataset: ozone-level-8hr 
Fold: 1 
Method: ctree 
Noise level:  30 %
Percentage of altered instances:  40 %
Using 203 indices (first 203 from shuffled list)
Loading noise data from: results/noise_injection/by_dataset/ozone-level-8hr_V42_noise0.3.csv 
Using 203 indices for  40 % of instances
Calculate prediction
Confusion matrix
Dataset: ozone-level-8hr 
Fold: 1 
Method: ctree 
Noise level:  30 %
Percentage of altered instances:  50 %
Using 254 indices (first 254 from shuffled list)
Loading noise data from: results/noise_injection/by_dataset/ozone-level-8hr_V42_noise0.3.csv 
Using 254 indices for  50 % of instances
Calculate prediction
Confusion matrix
Dataset: ozone-level-8hr 
Fold: 1 
Method: ctree 
Noise level:  30 %
Percentage of altered instances:  60 %
Using 304 indices (first 304 from shuffled list)
Loading noise data from: results/noise_injection/by_dataset/ozone-level-8hr_V42_noise0.3.csv 
Using 304 indices for  60 % of instances
Calculate prediction
Confusion matrix
Dataset: ozone-level-8hr 
Fold: 1 
Method: ctree 
Noise level:  30 %
Percentage of altered instances:  70 %
Using 355 indices (first 355 from shuffled list)
Loading noise data from: results/noise_injection/by_dataset/ozone-level-8hr_V42_noise0.3.csv 
Using 355 indices for  70 % of instances
Calculate prediction
Confusion matrix
Dataset: ozone-level-8hr 
Fold: 1 
Method: ctree 
Noise level:  30 %
Percentage of altered instances:  75 %
Using 380 indices (first 380 from shuffled list)
Loading noise data from: results/noise_injection/by_dataset/ozone-level-8hr_V42_noise0.3.csv 
Using 380 indices for  75 % of instances
Calculate prediction
Confusion matrix
Dataset: ozone-level-8hr 
Fold: 1 
Method: ctree 
Noise level:  30 %
Percentage of altered instances:  80 %
Using 406 indices (first 406 from shuffled list)
Loading noise data from: results/noise_injection/by_dataset/ozone-level-8hr_V42_noise0.3.csv 
Using 406 indices for  80 % of instances
Calculate prediction
Confusion matrix
Dataset: ozone-level-8hr 
Fold: 1 
Method: ctree 
Noise level:  30 %
Percentage of altered instances:  90 %
Using 456 indices (first 456 from shuffled list)
Loading noise data from: results/noise_injection/by_dataset/ozone-level-8hr_V42_noise0.3.csv 
Using 456 indices for  90 % of instances
Calculate prediction
Confusion matrix
Dataset: ozone-level-8hr 
Fold: 1 
Method: ctree 
Noise level:  30 %
Percentage of altered instances:  100 %
Using 507 indices (first 507 from shuffled list)
Loading noise data from: results/noise_injection/by_dataset/ozone-level-8hr_V42_noise0.3.csv 
Using 507 indices for  100 % of instances
Calculate prediction
Confusion matrix
Loaded 506 indices for fold 2 from: results/instances/original/vectors/ozone-level-8hr_ctree_all_folds.csv 

=== Training model with 10 % noise in training data ===
Critical percentage for training noise: 30 %
Loading training noise data from: results/noise_injection/by_dataset/ozone-level-8hr_V42_noise0.1.csv 
Altering 608 out of 2028 training instances
Dataset: ozone-level-8hr 
Fold: 2 
Method: ctree 
Noise level:  10 %
Percentage of altered instances:  10 %
Using 51 indices (first 51 from shuffled list)
Loading noise data from: results/noise_injection/by_dataset/ozone-level-8hr_V42_noise0.1.csv 
Using 51 indices for  10 % of instances
Calculate prediction
Confusion matrix
Dataset: ozone-level-8hr 
Fold: 2 
Method: ctree 
Noise level:  10 %
Percentage of altered instances:  20 %
Using 101 indices (first 101 from shuffled list)
Loading noise data from: results/noise_injection/by_dataset/ozone-level-8hr_V42_noise0.1.csv 
Using 101 indices for  20 % of instances
Calculate prediction
Confusion matrix
Dataset: ozone-level-8hr 
Fold: 2 
Method: ctree 
Noise level:  10 %
Percentage of altered instances:  25 %
Using 126 indices (first 126 from shuffled list)
Loading noise data from: results/noise_injection/by_dataset/ozone-level-8hr_V42_noise0.1.csv 
Using 126 indices for  25 % of instances
Calculate prediction
Confusion matrix
Dataset: ozone-level-8hr 
Fold: 2 
Method: ctree 
Noise level:  10 %
Percentage of altered instances:  30 %
Using 152 indices (first 152 from shuffled list)
Loading noise data from: results/noise_injection/by_dataset/ozone-level-8hr_V42_noise0.1.csv 
Using 152 indices for  30 % of instances
Calculate prediction
Confusion matrix
Dataset: ozone-level-8hr 
Fold: 2 
Method: ctree 
Noise level:  10 %
Percentage of altered instances:  40 %
Using 202 indices (first 202 from shuffled list)
Loading noise data from: results/noise_injection/by_dataset/ozone-level-8hr_V42_noise0.1.csv 
Using 202 indices for  40 % of instances
Calculate prediction
Confusion matrix
Dataset: ozone-level-8hr 
Fold: 2 
Method: ctree 
Noise level:  10 %
Percentage of altered instances:  50 %
Using 253 indices (first 253 from shuffled list)
Loading noise data from: results/noise_injection/by_dataset/ozone-level-8hr_V42_noise0.1.csv 
Using 253 indices for  50 % of instances
Calculate prediction
Confusion matrix
Dataset: ozone-level-8hr 
Fold: 2 
Method: ctree 
Noise level:  10 %
Percentage of altered instances:  60 %
Using 304 indices (first 304 from shuffled list)
Loading noise data from: results/noise_injection/by_dataset/ozone-level-8hr_V42_noise0.1.csv 
Using 304 indices for  60 % of instances
Calculate prediction
Confusion matrix
Dataset: ozone-level-8hr 
Fold: 2 
Method: ctree 
Noise level:  10 %
Percentage of altered instances:  70 %
Using 354 indices (first 354 from shuffled list)
Loading noise data from: results/noise_injection/by_dataset/ozone-level-8hr_V42_noise0.1.csv 
Using 354 indices for  70 % of instances
Calculate prediction
Confusion matrix
Dataset: ozone-level-8hr 
Fold: 2 
Method: ctree 
Noise level:  10 %
Percentage of altered instances:  75 %
Using 380 indices (first 380 from shuffled list)
Loading noise data from: results/noise_injection/by_dataset/ozone-level-8hr_V42_noise0.1.csv 
Using 380 indices for  75 % of instances
Calculate prediction
Confusion matrix
Dataset: ozone-level-8hr 
Fold: 2 
Method: ctree 
Noise level:  10 %
Percentage of altered instances:  80 %
Using 405 indices (first 405 from shuffled list)
Loading noise data from: results/noise_injection/by_dataset/ozone-level-8hr_V42_noise0.1.csv 
Using 405 indices for  80 % of instances
Calculate prediction
Confusion matrix
Dataset: ozone-level-8hr 
Fold: 2 
Method: ctree 
Noise level:  10 %
Percentage of altered instances:  90 %
Using 455 indices (first 455 from shuffled list)
Loading noise data from: results/noise_injection/by_dataset/ozone-level-8hr_V42_noise0.1.csv 
Using 455 indices for  90 % of instances
Calculate prediction
Confusion matrix
Dataset: ozone-level-8hr 
Fold: 2 
Method: ctree 
Noise level:  10 %
Percentage of altered instances:  100 %
Using 506 indices (first 506 from shuffled list)
Loading noise data from: results/noise_injection/by_dataset/ozone-level-8hr_V42_noise0.1.csv 
Using 506 indices for  100 % of instances
Calculate prediction
Confusion matrix

=== Training model with 20 % noise in training data ===
Critical percentage for training noise: 10 %
Loading training noise data from: results/noise_injection/by_dataset/ozone-level-8hr_V42_noise0.2.csv 
Altering 203 out of 2028 training instances
Dataset: ozone-level-8hr 
Fold: 2 
Method: ctree 
Noise level:  20 %
Percentage of altered instances:  10 %
Using 51 indices (first 51 from shuffled list)
Loading noise data from: results/noise_injection/by_dataset/ozone-level-8hr_V42_noise0.2.csv 
Using 51 indices for  10 % of instances
Calculate prediction
Confusion matrix
Dataset: ozone-level-8hr 
Fold: 2 
Method: ctree 
Noise level:  20 %
Percentage of altered instances:  20 %
Using 101 indices (first 101 from shuffled list)
Loading noise data from: results/noise_injection/by_dataset/ozone-level-8hr_V42_noise0.2.csv 
Using 101 indices for  20 % of instances
Calculate prediction
Confusion matrix
Dataset: ozone-level-8hr 
Fold: 2 
Method: ctree 
Noise level:  20 %
Percentage of altered instances:  25 %
Using 126 indices (first 126 from shuffled list)
Loading noise data from: results/noise_injection/by_dataset/ozone-level-8hr_V42_noise0.2.csv 
Using 126 indices for  25 % of instances
Calculate prediction
Confusion matrix
Dataset: ozone-level-8hr 
Fold: 2 
Method: ctree 
Noise level:  20 %
Percentage of altered instances:  30 %
Using 152 indices (first 152 from shuffled list)
Loading noise data from: results/noise_injection/by_dataset/ozone-level-8hr_V42_noise0.2.csv 
Using 152 indices for  30 % of instances
Calculate prediction
Confusion matrix
Dataset: ozone-level-8hr 
Fold: 2 
Method: ctree 
Noise level:  20 %
Percentage of altered instances:  40 %
Using 202 indices (first 202 from shuffled list)
Loading noise data from: results/noise_injection/by_dataset/ozone-level-8hr_V42_noise0.2.csv 
Using 202 indices for  40 % of instances
Calculate prediction
Confusion matrix
Dataset: ozone-level-8hr 
Fold: 2 
Method: ctree 
Noise level:  20 %
Percentage of altered instances:  50 %
Using 253 indices (first 253 from shuffled list)
Loading noise data from: results/noise_injection/by_dataset/ozone-level-8hr_V42_noise0.2.csv 
Using 253 indices for  50 % of instances
Calculate prediction
Confusion matrix
Dataset: ozone-level-8hr 
Fold: 2 
Method: ctree 
Noise level:  20 %
Percentage of altered instances:  60 %
Using 304 indices (first 304 from shuffled list)
Loading noise data from: results/noise_injection/by_dataset/ozone-level-8hr_V42_noise0.2.csv 
Using 304 indices for  60 % of instances
Calculate prediction
Confusion matrix
Dataset: ozone-level-8hr 
Fold: 2 
Method: ctree 
Noise level:  20 %
Percentage of altered instances:  70 %
Using 354 indices (first 354 from shuffled list)
Loading noise data from: results/noise_injection/by_dataset/ozone-level-8hr_V42_noise0.2.csv 
Using 354 indices for  70 % of instances
Calculate prediction
Confusion matrix
Dataset: ozone-level-8hr 
Fold: 2 
Method: ctree 
Noise level:  20 %
Percentage of altered instances:  75 %
Using 380 indices (first 380 from shuffled list)
Loading noise data from: results/noise_injection/by_dataset/ozone-level-8hr_V42_noise0.2.csv 
Using 380 indices for  75 % of instances
Calculate prediction
Confusion matrix
Dataset: ozone-level-8hr 
Fold: 2 
Method: ctree 
Noise level:  20 %
Percentage of altered instances:  80 %
Using 405 indices (first 405 from shuffled list)
Loading noise data from: results/noise_injection/by_dataset/ozone-level-8hr_V42_noise0.2.csv 
Using 405 indices for  80 % of instances
Calculate prediction
Confusion matrix
Dataset: ozone-level-8hr 
Fold: 2 
Method: ctree 
Noise level:  20 %
Percentage of altered instances:  90 %
Using 455 indices (first 455 from shuffled list)
Loading noise data from: results/noise_injection/by_dataset/ozone-level-8hr_V42_noise0.2.csv 
Using 455 indices for  90 % of instances
Calculate prediction
Confusion matrix
Dataset: ozone-level-8hr 
Fold: 2 
Method: ctree 
Noise level:  20 %
Percentage of altered instances:  100 %
Using 506 indices (first 506 from shuffled list)
Loading noise data from: results/noise_injection/by_dataset/ozone-level-8hr_V42_noise0.2.csv 
Using 506 indices for  100 % of instances
Calculate prediction
Confusion matrix

=== Training model with 30 % noise in training data ===
Critical percentage for training noise: 0 %
Training on clean data (critical_percentage = 0)
Dataset: ozone-level-8hr 
Fold: 2 
Method: ctree 
Noise level:  30 %
Percentage of altered instances:  10 %
Using 51 indices (first 51 from shuffled list)
Loading noise data from: results/noise_injection/by_dataset/ozone-level-8hr_V42_noise0.3.csv 
Using 51 indices for  10 % of instances
Calculate prediction
Confusion matrix
Dataset: ozone-level-8hr 
Fold: 2 
Method: ctree 
Noise level:  30 %
Percentage of altered instances:  20 %
Using 101 indices (first 101 from shuffled list)
Loading noise data from: results/noise_injection/by_dataset/ozone-level-8hr_V42_noise0.3.csv 
Using 101 indices for  20 % of instances
Calculate prediction
Confusion matrix
Dataset: ozone-level-8hr 
Fold: 2 
Method: ctree 
Noise level:  30 %
Percentage of altered instances:  25 %
Using 126 indices (first 126 from shuffled list)
Loading noise data from: results/noise_injection/by_dataset/ozone-level-8hr_V42_noise0.3.csv 
Using 126 indices for  25 % of instances
Calculate prediction
Confusion matrix
Dataset: ozone-level-8hr 
Fold: 2 
Method: ctree 
Noise level:  30 %
Percentage of altered instances:  30 %
Using 152 indices (first 152 from shuffled list)
Loading noise data from: results/noise_injection/by_dataset/ozone-level-8hr_V42_noise0.3.csv 
Using 152 indices for  30 % of instances
Calculate prediction
Confusion matrix
Dataset: ozone-level-8hr 
Fold: 2 
Method: ctree 
Noise level:  30 %
Percentage of altered instances:  40 %
Using 202 indices (first 202 from shuffled list)
Loading noise data from: results/noise_injection/by_dataset/ozone-level-8hr_V42_noise0.3.csv 
Using 202 indices for  40 % of instances
Calculate prediction
Confusion matrix
Dataset: ozone-level-8hr 
Fold: 2 
Method: ctree 
Noise level:  30 %
Percentage of altered instances:  50 %
Using 253 indices (first 253 from shuffled list)
Loading noise data from: results/noise_injection/by_dataset/ozone-level-8hr_V42_noise0.3.csv 
Using 253 indices for  50 % of instances
Calculate prediction
Confusion matrix
Dataset: ozone-level-8hr 
Fold: 2 
Method: ctree 
Noise level:  30 %
Percentage of altered instances:  60 %
Using 304 indices (first 304 from shuffled list)
Loading noise data from: results/noise_injection/by_dataset/ozone-level-8hr_V42_noise0.3.csv 
Using 304 indices for  60 % of instances
Calculate prediction
Confusion matrix
Dataset: ozone-level-8hr 
Fold: 2 
Method: ctree 
Noise level:  30 %
Percentage of altered instances:  70 %
Using 354 indices (first 354 from shuffled list)
Loading noise data from: results/noise_injection/by_dataset/ozone-level-8hr_V42_noise0.3.csv 
Using 354 indices for  70 % of instances
Calculate prediction
Confusion matrix
Dataset: ozone-level-8hr 
Fold: 2 
Method: ctree 
Noise level:  30 %
Percentage of altered instances:  75 %
Using 380 indices (first 380 from shuffled list)
Loading noise data from: results/noise_injection/by_dataset/ozone-level-8hr_V42_noise0.3.csv 
Using 380 indices for  75 % of instances
Calculate prediction
Confusion matrix
Dataset: ozone-level-8hr 
Fold: 2 
Method: ctree 
Noise level:  30 %
Percentage of altered instances:  80 %
Using 405 indices (first 405 from shuffled list)
Loading noise data from: results/noise_injection/by_dataset/ozone-level-8hr_V42_noise0.3.csv 
Using 405 indices for  80 % of instances
Calculate prediction
Confusion matrix
Dataset: ozone-level-8hr 
Fold: 2 
Method: ctree 
Noise level:  30 %
Percentage of altered instances:  90 %
Using 455 indices (first 455 from shuffled list)
Loading noise data from: results/noise_injection/by_dataset/ozone-level-8hr_V42_noise0.3.csv 
Using 455 indices for  90 % of instances
Calculate prediction
Confusion matrix
Dataset: ozone-level-8hr 
Fold: 2 
Method: ctree 
Noise level:  30 %
Percentage of altered instances:  100 %
Using 506 indices (first 506 from shuffled list)
Loading noise data from: results/noise_injection/by_dataset/ozone-level-8hr_V42_noise0.3.csv 
Using 506 indices for  100 % of instances
Calculate prediction
Confusion matrix
Loaded 507 indices for fold 3 from: results/instances/original/vectors/ozone-level-8hr_ctree_all_folds.csv 

=== Training model with 10 % noise in training data ===
Critical percentage for training noise: 30 %
Loading training noise data from: results/noise_injection/by_dataset/ozone-level-8hr_V42_noise0.1.csv 
Altering 608 out of 2027 training instances
Dataset: ozone-level-8hr 
Fold: 3 
Method: ctree 
Noise level:  10 %
Percentage of altered instances:  10 %
Using 51 indices (first 51 from shuffled list)
Loading noise data from: results/noise_injection/by_dataset/ozone-level-8hr_V42_noise0.1.csv 
Using 51 indices for  10 % of instances
Calculate prediction
Confusion matrix
Dataset: ozone-level-8hr 
Fold: 3 
Method: ctree 
Noise level:  10 %
Percentage of altered instances:  20 %
Using 101 indices (first 101 from shuffled list)
Loading noise data from: results/noise_injection/by_dataset/ozone-level-8hr_V42_noise0.1.csv 
Using 101 indices for  20 % of instances
Calculate prediction
Confusion matrix
Dataset: ozone-level-8hr 
Fold: 3 
Method: ctree 
Noise level:  10 %
Percentage of altered instances:  25 %
Using 127 indices (first 127 from shuffled list)
Loading noise data from: results/noise_injection/by_dataset/ozone-level-8hr_V42_noise0.1.csv 
Using 127 indices for  25 % of instances
Calculate prediction
Confusion matrix
Dataset: ozone-level-8hr 
Fold: 3 
Method: ctree 
Noise level:  10 %
Percentage of altered instances:  30 %
Using 152 indices (first 152 from shuffled list)
Loading noise data from: results/noise_injection/by_dataset/ozone-level-8hr_V42_noise0.1.csv 
Using 152 indices for  30 % of instances
Calculate prediction
Confusion matrix
Dataset: ozone-level-8hr 
Fold: 3 
Method: ctree 
Noise level:  10 %
Percentage of altered instances:  40 %
Using 203 indices (first 203 from shuffled list)
Loading noise data from: results/noise_injection/by_dataset/ozone-level-8hr_V42_noise0.1.csv 
Using 203 indices for  40 % of instances
Calculate prediction
Confusion matrix
Dataset: ozone-level-8hr 
Fold: 3 
Method: ctree 
Noise level:  10 %
Percentage of altered instances:  50 %
Using 254 indices (first 254 from shuffled list)
Loading noise data from: results/noise_injection/by_dataset/ozone-level-8hr_V42_noise0.1.csv 
Using 254 indices for  50 % of instances
Calculate prediction
Confusion matrix
Dataset: ozone-level-8hr 
Fold: 3 
Method: ctree 
Noise level:  10 %
Percentage of altered instances:  60 %
Using 304 indices (first 304 from shuffled list)
Loading noise data from: results/noise_injection/by_dataset/ozone-level-8hr_V42_noise0.1.csv 
Using 304 indices for  60 % of instances
Calculate prediction
Confusion matrix
Dataset: ozone-level-8hr 
Fold: 3 
Method: ctree 
Noise level:  10 %
Percentage of altered instances:  70 %
Using 355 indices (first 355 from shuffled list)
Loading noise data from: results/noise_injection/by_dataset/ozone-level-8hr_V42_noise0.1.csv 
Using 355 indices for  70 % of instances
Calculate prediction
Confusion matrix
Dataset: ozone-level-8hr 
Fold: 3 
Method: ctree 
Noise level:  10 %
Percentage of altered instances:  75 %
Using 380 indices (first 380 from shuffled list)
Loading noise data from: results/noise_injection/by_dataset/ozone-level-8hr_V42_noise0.1.csv 
Using 380 indices for  75 % of instances
Calculate prediction
Confusion matrix
Dataset: ozone-level-8hr 
Fold: 3 
Method: ctree 
Noise level:  10 %
Percentage of altered instances:  80 %
Using 406 indices (first 406 from shuffled list)
Loading noise data from: results/noise_injection/by_dataset/ozone-level-8hr_V42_noise0.1.csv 
Using 406 indices for  80 % of instances
Calculate prediction
Confusion matrix
Dataset: ozone-level-8hr 
Fold: 3 
Method: ctree 
Noise level:  10 %
Percentage of altered instances:  90 %
Using 456 indices (first 456 from shuffled list)
Loading noise data from: results/noise_injection/by_dataset/ozone-level-8hr_V42_noise0.1.csv 
Using 456 indices for  90 % of instances
Calculate prediction
Confusion matrix
Dataset: ozone-level-8hr 
Fold: 3 
Method: ctree 
Noise level:  10 %
Percentage of altered instances:  100 %
Using 507 indices (first 507 from shuffled list)
Loading noise data from: results/noise_injection/by_dataset/ozone-level-8hr_V42_noise0.1.csv 
Using 507 indices for  100 % of instances
Calculate prediction
Confusion matrix

=== Training model with 20 % noise in training data ===
Critical percentage for training noise: 10 %
Loading training noise data from: results/noise_injection/by_dataset/ozone-level-8hr_V42_noise0.2.csv 
Altering 203 out of 2027 training instances
Dataset: ozone-level-8hr 
Fold: 3 
Method: ctree 
Noise level:  20 %
Percentage of altered instances:  10 %
Using 51 indices (first 51 from shuffled list)
Loading noise data from: results/noise_injection/by_dataset/ozone-level-8hr_V42_noise0.2.csv 
Using 51 indices for  10 % of instances
Calculate prediction
Confusion matrix
Dataset: ozone-level-8hr 
Fold: 3 
Method: ctree 
Noise level:  20 %
Percentage of altered instances:  20 %
Using 101 indices (first 101 from shuffled list)
Loading noise data from: results/noise_injection/by_dataset/ozone-level-8hr_V42_noise0.2.csv 
Using 101 indices for  20 % of instances
Calculate prediction
Confusion matrix
Dataset: ozone-level-8hr 
Fold: 3 
Method: ctree 
Noise level:  20 %
Percentage of altered instances:  25 %
Using 127 indices (first 127 from shuffled list)
Loading noise data from: results/noise_injection/by_dataset/ozone-level-8hr_V42_noise0.2.csv 
Using 127 indices for  25 % of instances
Calculate prediction
Confusion matrix
Dataset: ozone-level-8hr 
Fold: 3 
Method: ctree 
Noise level:  20 %
Percentage of altered instances:  30 %
Using 152 indices (first 152 from shuffled list)
Loading noise data from: results/noise_injection/by_dataset/ozone-level-8hr_V42_noise0.2.csv 
Using 152 indices for  30 % of instances
Calculate prediction
Confusion matrix
Dataset: ozone-level-8hr 
Fold: 3 
Method: ctree 
Noise level:  20 %
Percentage of altered instances:  40 %
Using 203 indices (first 203 from shuffled list)
Loading noise data from: results/noise_injection/by_dataset/ozone-level-8hr_V42_noise0.2.csv 
Using 203 indices for  40 % of instances
Calculate prediction
Confusion matrix
Dataset: ozone-level-8hr 
Fold: 3 
Method: ctree 
Noise level:  20 %
Percentage of altered instances:  50 %
Using 254 indices (first 254 from shuffled list)
Loading noise data from: results/noise_injection/by_dataset/ozone-level-8hr_V42_noise0.2.csv 
Using 254 indices for  50 % of instances
Calculate prediction
Confusion matrix
Dataset: ozone-level-8hr 
Fold: 3 
Method: ctree 
Noise level:  20 %
Percentage of altered instances:  60 %
Using 304 indices (first 304 from shuffled list)
Loading noise data from: results/noise_injection/by_dataset/ozone-level-8hr_V42_noise0.2.csv 
Using 304 indices for  60 % of instances
Calculate prediction
Confusion matrix
Dataset: ozone-level-8hr 
Fold: 3 
Method: ctree 
Noise level:  20 %
Percentage of altered instances:  70 %
Using 355 indices (first 355 from shuffled list)
Loading noise data from: results/noise_injection/by_dataset/ozone-level-8hr_V42_noise0.2.csv 
Using 355 indices for  70 % of instances
Calculate prediction
Confusion matrix
Dataset: ozone-level-8hr 
Fold: 3 
Method: ctree 
Noise level:  20 %
Percentage of altered instances:  75 %
Using 380 indices (first 380 from shuffled list)
Loading noise data from: results/noise_injection/by_dataset/ozone-level-8hr_V42_noise0.2.csv 
Using 380 indices for  75 % of instances
Calculate prediction
Confusion matrix
Dataset: ozone-level-8hr 
Fold: 3 
Method: ctree 
Noise level:  20 %
Percentage of altered instances:  80 %
Using 406 indices (first 406 from shuffled list)
Loading noise data from: results/noise_injection/by_dataset/ozone-level-8hr_V42_noise0.2.csv 
Using 406 indices for  80 % of instances
Calculate prediction
Confusion matrix
Dataset: ozone-level-8hr 
Fold: 3 
Method: ctree 
Noise level:  20 %
Percentage of altered instances:  90 %
Using 456 indices (first 456 from shuffled list)
Loading noise data from: results/noise_injection/by_dataset/ozone-level-8hr_V42_noise0.2.csv 
Using 456 indices for  90 % of instances
Calculate prediction
Confusion matrix
Dataset: ozone-level-8hr 
Fold: 3 
Method: ctree 
Noise level:  20 %
Percentage of altered instances:  100 %
Using 507 indices (first 507 from shuffled list)
Loading noise data from: results/noise_injection/by_dataset/ozone-level-8hr_V42_noise0.2.csv 
Using 507 indices for  100 % of instances
Calculate prediction
Confusion matrix

=== Training model with 30 % noise in training data ===
Critical percentage for training noise: 0 %
Training on clean data (critical_percentage = 0)
Dataset: ozone-level-8hr 
Fold: 3 
Method: ctree 
Noise level:  30 %
Percentage of altered instances:  10 %
Using 51 indices (first 51 from shuffled list)
Loading noise data from: results/noise_injection/by_dataset/ozone-level-8hr_V42_noise0.3.csv 
Using 51 indices for  10 % of instances
Calculate prediction
Confusion matrix
Dataset: ozone-level-8hr 
Fold: 3 
Method: ctree 
Noise level:  30 %
Percentage of altered instances:  20 %
Using 101 indices (first 101 from shuffled list)
Loading noise data from: results/noise_injection/by_dataset/ozone-level-8hr_V42_noise0.3.csv 
Using 101 indices for  20 % of instances
Calculate prediction
Confusion matrix
Dataset: ozone-level-8hr 
Fold: 3 
Method: ctree 
Noise level:  30 %
Percentage of altered instances:  25 %
Using 127 indices (first 127 from shuffled list)
Loading noise data from: results/noise_injection/by_dataset/ozone-level-8hr_V42_noise0.3.csv 
Using 127 indices for  25 % of instances
Calculate prediction
Confusion matrix
Dataset: ozone-level-8hr 
Fold: 3 
Method: ctree 
Noise level:  30 %
Percentage of altered instances:  30 %
Using 152 indices (first 152 from shuffled list)
Loading noise data from: results/noise_injection/by_dataset/ozone-level-8hr_V42_noise0.3.csv 
Using 152 indices for  30 % of instances
Calculate prediction
Confusion matrix
Dataset: ozone-level-8hr 
Fold: 3 
Method: ctree 
Noise level:  30 %
Percentage of altered instances:  40 %
Using 203 indices (first 203 from shuffled list)
Loading noise data from: results/noise_injection/by_dataset/ozone-level-8hr_V42_noise0.3.csv 
Using 203 indices for  40 % of instances
Calculate prediction
Confusion matrix
Dataset: ozone-level-8hr 
Fold: 3 
Method: ctree 
Noise level:  30 %
Percentage of altered instances:  50 %
Using 254 indices (first 254 from shuffled list)
Loading noise data from: results/noise_injection/by_dataset/ozone-level-8hr_V42_noise0.3.csv 
Using 254 indices for  50 % of instances
Calculate prediction
Confusion matrix
Dataset: ozone-level-8hr 
Fold: 3 
Method: ctree 
Noise level:  30 %
Percentage of altered instances:  60 %
Using 304 indices (first 304 from shuffled list)
Loading noise data from: results/noise_injection/by_dataset/ozone-level-8hr_V42_noise0.3.csv 
Using 304 indices for  60 % of instances
Calculate prediction
Confusion matrix
Dataset: ozone-level-8hr 
Fold: 3 
Method: ctree 
Noise level:  30 %
Percentage of altered instances:  70 %
Using 355 indices (first 355 from shuffled list)
Loading noise data from: results/noise_injection/by_dataset/ozone-level-8hr_V42_noise0.3.csv 
Using 355 indices for  70 % of instances
Calculate prediction
Confusion matrix
Dataset: ozone-level-8hr 
Fold: 3 
Method: ctree 
Noise level:  30 %
Percentage of altered instances:  75 %
Using 380 indices (first 380 from shuffled list)
Loading noise data from: results/noise_injection/by_dataset/ozone-level-8hr_V42_noise0.3.csv 
Using 380 indices for  75 % of instances
Calculate prediction
Confusion matrix
Dataset: ozone-level-8hr 
Fold: 3 
Method: ctree 
Noise level:  30 %
Percentage of altered instances:  80 %
Using 406 indices (first 406 from shuffled list)
Loading noise data from: results/noise_injection/by_dataset/ozone-level-8hr_V42_noise0.3.csv 
Using 406 indices for  80 % of instances
Calculate prediction
Confusion matrix
Dataset: ozone-level-8hr 
Fold: 3 
Method: ctree 
Noise level:  30 %
Percentage of altered instances:  90 %
Using 456 indices (first 456 from shuffled list)
Loading noise data from: results/noise_injection/by_dataset/ozone-level-8hr_V42_noise0.3.csv 
Using 456 indices for  90 % of instances
Calculate prediction
Confusion matrix
Dataset: ozone-level-8hr 
Fold: 3 
Method: ctree 
Noise level:  30 %
Percentage of altered instances:  100 %
Using 507 indices (first 507 from shuffled list)
Loading noise data from: results/noise_injection/by_dataset/ozone-level-8hr_V42_noise0.3.csv 
Using 507 indices for  100 % of instances
Calculate prediction
Confusion matrix
Loaded 507 indices for fold 4 from: results/instances/original/vectors/ozone-level-8hr_ctree_all_folds.csv 

=== Training model with 10 % noise in training data ===
Critical percentage for training noise: 30 %
Loading training noise data from: results/noise_injection/by_dataset/ozone-level-8hr_V42_noise0.1.csv 
Altering 608 out of 2027 training instances
Dataset: ozone-level-8hr 
Fold: 4 
Method: ctree 
Noise level:  10 %
Percentage of altered instances:  10 %
Using 51 indices (first 51 from shuffled list)
Loading noise data from: results/noise_injection/by_dataset/ozone-level-8hr_V42_noise0.1.csv 
Using 51 indices for  10 % of instances
Calculate prediction
Confusion matrix
Dataset: ozone-level-8hr 
Fold: 4 
Method: ctree 
Noise level:  10 %
Percentage of altered instances:  20 %
Using 101 indices (first 101 from shuffled list)
Loading noise data from: results/noise_injection/by_dataset/ozone-level-8hr_V42_noise0.1.csv 
Using 101 indices for  20 % of instances
Calculate prediction
Confusion matrix
Dataset: ozone-level-8hr 
Fold: 4 
Method: ctree 
Noise level:  10 %
Percentage of altered instances:  25 %
Using 127 indices (first 127 from shuffled list)
Loading noise data from: results/noise_injection/by_dataset/ozone-level-8hr_V42_noise0.1.csv 
Using 127 indices for  25 % of instances
Calculate prediction
Confusion matrix
Dataset: ozone-level-8hr 
Fold: 4 
Method: ctree 
Noise level:  10 %
Percentage of altered instances:  30 %
Using 152 indices (first 152 from shuffled list)
Loading noise data from: results/noise_injection/by_dataset/ozone-level-8hr_V42_noise0.1.csv 
Using 152 indices for  30 % of instances
Calculate prediction
Confusion matrix
Dataset: ozone-level-8hr 
Fold: 4 
Method: ctree 
Noise level:  10 %
Percentage of altered instances:  40 %
Using 203 indices (first 203 from shuffled list)
Loading noise data from: results/noise_injection/by_dataset/ozone-level-8hr_V42_noise0.1.csv 
Using 203 indices for  40 % of instances
Calculate prediction
Confusion matrix
Dataset: ozone-level-8hr 
Fold: 4 
Method: ctree 
Noise level:  10 %
Percentage of altered instances:  50 %
Using 254 indices (first 254 from shuffled list)
Loading noise data from: results/noise_injection/by_dataset/ozone-level-8hr_V42_noise0.1.csv 
Using 254 indices for  50 % of instances
Calculate prediction
Confusion matrix
Dataset: ozone-level-8hr 
Fold: 4 
Method: ctree 
Noise level:  10 %
Percentage of altered instances:  60 %
Using 304 indices (first 304 from shuffled list)
Loading noise data from: results/noise_injection/by_dataset/ozone-level-8hr_V42_noise0.1.csv 
Using 304 indices for  60 % of instances
Calculate prediction
Confusion matrix
Dataset: ozone-level-8hr 
Fold: 4 
Method: ctree 
Noise level:  10 %
Percentage of altered instances:  70 %
Using 355 indices (first 355 from shuffled list)
Loading noise data from: results/noise_injection/by_dataset/ozone-level-8hr_V42_noise0.1.csv 
Using 355 indices for  70 % of instances
Calculate prediction
Confusion matrix
Dataset: ozone-level-8hr 
Fold: 4 
Method: ctree 
Noise level:  10 %
Percentage of altered instances:  75 %
Using 380 indices (first 380 from shuffled list)
Loading noise data from: results/noise_injection/by_dataset/ozone-level-8hr_V42_noise0.1.csv 
Using 380 indices for  75 % of instances
Calculate prediction
Confusion matrix
Dataset: ozone-level-8hr 
Fold: 4 
Method: ctree 
Noise level:  10 %
Percentage of altered instances:  80 %
Using 406 indices (first 406 from shuffled list)
Loading noise data from: results/noise_injection/by_dataset/ozone-level-8hr_V42_noise0.1.csv 
Using 406 indices for  80 % of instances
Calculate prediction
Confusion matrix
Dataset: ozone-level-8hr 
Fold: 4 
Method: ctree 
Noise level:  10 %
Percentage of altered instances:  90 %
Using 456 indices (first 456 from shuffled list)
Loading noise data from: results/noise_injection/by_dataset/ozone-level-8hr_V42_noise0.1.csv 
Using 456 indices for  90 % of instances
Calculate prediction
Confusion matrix
Dataset: ozone-level-8hr 
Fold: 4 
Method: ctree 
Noise level:  10 %
Percentage of altered instances:  100 %
Using 507 indices (first 507 from shuffled list)
Loading noise data from: results/noise_injection/by_dataset/ozone-level-8hr_V42_noise0.1.csv 
Using 507 indices for  100 % of instances
Calculate prediction
Confusion matrix

=== Training model with 20 % noise in training data ===
Critical percentage for training noise: 10 %
Loading training noise data from: results/noise_injection/by_dataset/ozone-level-8hr_V42_noise0.2.csv 
Altering 203 out of 2027 training instances
Dataset: ozone-level-8hr 
Fold: 4 
Method: ctree 
Noise level:  20 %
Percentage of altered instances:  10 %
Using 51 indices (first 51 from shuffled list)
Loading noise data from: results/noise_injection/by_dataset/ozone-level-8hr_V42_noise0.2.csv 
Using 51 indices for  10 % of instances
Calculate prediction
Confusion matrix
Dataset: ozone-level-8hr 
Fold: 4 
Method: ctree 
Noise level:  20 %
Percentage of altered instances:  20 %
Using 101 indices (first 101 from shuffled list)
Loading noise data from: results/noise_injection/by_dataset/ozone-level-8hr_V42_noise0.2.csv 
Using 101 indices for  20 % of instances
Calculate prediction
Confusion matrix
Dataset: ozone-level-8hr 
Fold: 4 
Method: ctree 
Noise level:  20 %
Percentage of altered instances:  25 %
Using 127 indices (first 127 from shuffled list)
Loading noise data from: results/noise_injection/by_dataset/ozone-level-8hr_V42_noise0.2.csv 
Using 127 indices for  25 % of instances
Calculate prediction
Confusion matrix
Dataset: ozone-level-8hr 
Fold: 4 
Method: ctree 
Noise level:  20 %
Percentage of altered instances:  30 %
Using 152 indices (first 152 from shuffled list)
Loading noise data from: results/noise_injection/by_dataset/ozone-level-8hr_V42_noise0.2.csv 
Using 152 indices for  30 % of instances
Calculate prediction
Confusion matrix
Dataset: ozone-level-8hr 
Fold: 4 
Method: ctree 
Noise level:  20 %
Percentage of altered instances:  40 %
Using 203 indices (first 203 from shuffled list)
Loading noise data from: results/noise_injection/by_dataset/ozone-level-8hr_V42_noise0.2.csv 
Using 203 indices for  40 % of instances
Calculate prediction
Confusion matrix
Dataset: ozone-level-8hr 
Fold: 4 
Method: ctree 
Noise level:  20 %
Percentage of altered instances:  50 %
Using 254 indices (first 254 from shuffled list)
Loading noise data from: results/noise_injection/by_dataset/ozone-level-8hr_V42_noise0.2.csv 
Using 254 indices for  50 % of instances
Calculate prediction
Confusion matrix
Dataset: ozone-level-8hr 
Fold: 4 
Method: ctree 
Noise level:  20 %
Percentage of altered instances:  60 %
Using 304 indices (first 304 from shuffled list)
Loading noise data from: results/noise_injection/by_dataset/ozone-level-8hr_V42_noise0.2.csv 
Using 304 indices for  60 % of instances
Calculate prediction
Confusion matrix
Dataset: ozone-level-8hr 
Fold: 4 
Method: ctree 
Noise level:  20 %
Percentage of altered instances:  70 %
Using 355 indices (first 355 from shuffled list)
Loading noise data from: results/noise_injection/by_dataset/ozone-level-8hr_V42_noise0.2.csv 
Using 355 indices for  70 % of instances
Calculate prediction
Confusion matrix
Dataset: ozone-level-8hr 
Fold: 4 
Method: ctree 
Noise level:  20 %
Percentage of altered instances:  75 %
Using 380 indices (first 380 from shuffled list)
Loading noise data from: results/noise_injection/by_dataset/ozone-level-8hr_V42_noise0.2.csv 
Using 380 indices for  75 % of instances
Calculate prediction
Confusion matrix
Dataset: ozone-level-8hr 
Fold: 4 
Method: ctree 
Noise level:  20 %
Percentage of altered instances:  80 %
Using 406 indices (first 406 from shuffled list)
Loading noise data from: results/noise_injection/by_dataset/ozone-level-8hr_V42_noise0.2.csv 
Using 406 indices for  80 % of instances
Calculate prediction
Confusion matrix
Dataset: ozone-level-8hr 
Fold: 4 
Method: ctree 
Noise level:  20 %
Percentage of altered instances:  90 %
Using 456 indices (first 456 from shuffled list)
Loading noise data from: results/noise_injection/by_dataset/ozone-level-8hr_V42_noise0.2.csv 
Using 456 indices for  90 % of instances
Calculate prediction
Confusion matrix
Dataset: ozone-level-8hr 
Fold: 4 
Method: ctree 
Noise level:  20 %
Percentage of altered instances:  100 %
Using 507 indices (first 507 from shuffled list)
Loading noise data from: results/noise_injection/by_dataset/ozone-level-8hr_V42_noise0.2.csv 
Using 507 indices for  100 % of instances
Calculate prediction
Confusion matrix

=== Training model with 30 % noise in training data ===
Critical percentage for training noise: 0 %
Training on clean data (critical_percentage = 0)
Dataset: ozone-level-8hr 
Fold: 4 
Method: ctree 
Noise level:  30 %
Percentage of altered instances:  10 %
Using 51 indices (first 51 from shuffled list)
Loading noise data from: results/noise_injection/by_dataset/ozone-level-8hr_V42_noise0.3.csv 
Using 51 indices for  10 % of instances
Calculate prediction
Confusion matrix
Dataset: ozone-level-8hr 
Fold: 4 
Method: ctree 
Noise level:  30 %
Percentage of altered instances:  20 %
Using 101 indices (first 101 from shuffled list)
Loading noise data from: results/noise_injection/by_dataset/ozone-level-8hr_V42_noise0.3.csv 
Using 101 indices for  20 % of instances
Calculate prediction
Confusion matrix
Dataset: ozone-level-8hr 
Fold: 4 
Method: ctree 
Noise level:  30 %
Percentage of altered instances:  25 %
Using 127 indices (first 127 from shuffled list)
Loading noise data from: results/noise_injection/by_dataset/ozone-level-8hr_V42_noise0.3.csv 
Using 127 indices for  25 % of instances
Calculate prediction
Confusion matrix
Dataset: ozone-level-8hr 
Fold: 4 
Method: ctree 
Noise level:  30 %
Percentage of altered instances:  30 %
Using 152 indices (first 152 from shuffled list)
Loading noise data from: results/noise_injection/by_dataset/ozone-level-8hr_V42_noise0.3.csv 
Using 152 indices for  30 % of instances
Calculate prediction
Confusion matrix
Dataset: ozone-level-8hr 
Fold: 4 
Method: ctree 
Noise level:  30 %
Percentage of altered instances:  40 %
Using 203 indices (first 203 from shuffled list)
Loading noise data from: results/noise_injection/by_dataset/ozone-level-8hr_V42_noise0.3.csv 
Using 203 indices for  40 % of instances
Calculate prediction
Confusion matrix
Dataset: ozone-level-8hr 
Fold: 4 
Method: ctree 
Noise level:  30 %
Percentage of altered instances:  50 %
Using 254 indices (first 254 from shuffled list)
Loading noise data from: results/noise_injection/by_dataset/ozone-level-8hr_V42_noise0.3.csv 
Using 254 indices for  50 % of instances
Calculate prediction
Confusion matrix
Dataset: ozone-level-8hr 
Fold: 4 
Method: ctree 
Noise level:  30 %
Percentage of altered instances:  60 %
Using 304 indices (first 304 from shuffled list)
Loading noise data from: results/noise_injection/by_dataset/ozone-level-8hr_V42_noise0.3.csv 
Using 304 indices for  60 % of instances
Calculate prediction
Confusion matrix
Dataset: ozone-level-8hr 
Fold: 4 
Method: ctree 
Noise level:  30 %
Percentage of altered instances:  70 %
Using 355 indices (first 355 from shuffled list)
Loading noise data from: results/noise_injection/by_dataset/ozone-level-8hr_V42_noise0.3.csv 
Using 355 indices for  70 % of instances
Calculate prediction
Confusion matrix
Dataset: ozone-level-8hr 
Fold: 4 
Method: ctree 
Noise level:  30 %
Percentage of altered instances:  75 %
Using 380 indices (first 380 from shuffled list)
Loading noise data from: results/noise_injection/by_dataset/ozone-level-8hr_V42_noise0.3.csv 
Using 380 indices for  75 % of instances
Calculate prediction
Confusion matrix
Dataset: ozone-level-8hr 
Fold: 4 
Method: ctree 
Noise level:  30 %
Percentage of altered instances:  80 %
Using 406 indices (first 406 from shuffled list)
Loading noise data from: results/noise_injection/by_dataset/ozone-level-8hr_V42_noise0.3.csv 
Using 406 indices for  80 % of instances
Calculate prediction
Confusion matrix
Dataset: ozone-level-8hr 
Fold: 4 
Method: ctree 
Noise level:  30 %
Percentage of altered instances:  90 %
Using 456 indices (first 456 from shuffled list)
Loading noise data from: results/noise_injection/by_dataset/ozone-level-8hr_V42_noise0.3.csv 
Using 456 indices for  90 % of instances
Calculate prediction
Confusion matrix
Dataset: ozone-level-8hr 
Fold: 4 
Method: ctree 
Noise level:  30 %
Percentage of altered instances:  100 %
Using 507 indices (first 507 from shuffled list)
Loading noise data from: results/noise_injection/by_dataset/ozone-level-8hr_V42_noise0.3.csv 
Using 507 indices for  100 % of instances
Calculate prediction
Confusion matrix
Loaded 507 indices for fold 5 from: results/instances/original/vectors/ozone-level-8hr_ctree_all_folds.csv 

=== Training model with 10 % noise in training data ===
Critical percentage for training noise: 30 %
Loading training noise data from: results/noise_injection/by_dataset/ozone-level-8hr_V42_noise0.1.csv 
Altering 608 out of 2027 training instances
Dataset: ozone-level-8hr 
Fold: 5 
Method: ctree 
Noise level:  10 %
Percentage of altered instances:  10 %
Using 51 indices (first 51 from shuffled list)
Loading noise data from: results/noise_injection/by_dataset/ozone-level-8hr_V42_noise0.1.csv 
Using 51 indices for  10 % of instances
Calculate prediction
Confusion matrix
Dataset: ozone-level-8hr 
Fold: 5 
Method: ctree 
Noise level:  10 %
Percentage of altered instances:  20 %
Using 101 indices (first 101 from shuffled list)
Loading noise data from: results/noise_injection/by_dataset/ozone-level-8hr_V42_noise0.1.csv 
Using 101 indices for  20 % of instances
Calculate prediction
Confusion matrix
Dataset: ozone-level-8hr 
Fold: 5 
Method: ctree 
Noise level:  10 %
Percentage of altered instances:  25 %
Using 127 indices (first 127 from shuffled list)
Loading noise data from: results/noise_injection/by_dataset/ozone-level-8hr_V42_noise0.1.csv 
Using 127 indices for  25 % of instances
Calculate prediction
Confusion matrix
Dataset: ozone-level-8hr 
Fold: 5 
Method: ctree 
Noise level:  10 %
Percentage of altered instances:  30 %
Using 152 indices (first 152 from shuffled list)
Loading noise data from: results/noise_injection/by_dataset/ozone-level-8hr_V42_noise0.1.csv 
Using 152 indices for  30 % of instances
Calculate prediction
Confusion matrix
Dataset: ozone-level-8hr 
Fold: 5 
Method: ctree 
Noise level:  10 %
Percentage of altered instances:  40 %
Using 203 indices (first 203 from shuffled list)
Loading noise data from: results/noise_injection/by_dataset/ozone-level-8hr_V42_noise0.1.csv 
Using 203 indices for  40 % of instances
Calculate prediction
Confusion matrix
Dataset: ozone-level-8hr 
Fold: 5 
Method: ctree 
Noise level:  10 %
Percentage of altered instances:  50 %
Using 254 indices (first 254 from shuffled list)
Loading noise data from: results/noise_injection/by_dataset/ozone-level-8hr_V42_noise0.1.csv 
Using 254 indices for  50 % of instances
Calculate prediction
Confusion matrix
Dataset: ozone-level-8hr 
Fold: 5 
Method: ctree 
Noise level:  10 %
Percentage of altered instances:  60 %
Using 304 indices (first 304 from shuffled list)
Loading noise data from: results/noise_injection/by_dataset/ozone-level-8hr_V42_noise0.1.csv 
Using 304 indices for  60 % of instances
Calculate prediction
Confusion matrix
Dataset: ozone-level-8hr 
Fold: 5 
Method: ctree 
Noise level:  10 %
Percentage of altered instances:  70 %
Using 355 indices (first 355 from shuffled list)
Loading noise data from: results/noise_injection/by_dataset/ozone-level-8hr_V42_noise0.1.csv 
Using 355 indices for  70 % of instances
Calculate prediction
Confusion matrix
Dataset: ozone-level-8hr 
Fold: 5 
Method: ctree 
Noise level:  10 %
Percentage of altered instances:  75 %
Using 380 indices (first 380 from shuffled list)
Loading noise data from: results/noise_injection/by_dataset/ozone-level-8hr_V42_noise0.1.csv 
Using 380 indices for  75 % of instances
Calculate prediction
Confusion matrix
Dataset: ozone-level-8hr 
Fold: 5 
Method: ctree 
Noise level:  10 %
Percentage of altered instances:  80 %
Using 406 indices (first 406 from shuffled list)
Loading noise data from: results/noise_injection/by_dataset/ozone-level-8hr_V42_noise0.1.csv 
Using 406 indices for  80 % of instances
Calculate prediction
Confusion matrix
Dataset: ozone-level-8hr 
Fold: 5 
Method: ctree 
Noise level:  10 %
Percentage of altered instances:  90 %
Using 456 indices (first 456 from shuffled list)
Loading noise data from: results/noise_injection/by_dataset/ozone-level-8hr_V42_noise0.1.csv 
Using 456 indices for  90 % of instances
Calculate prediction
Confusion matrix
Dataset: ozone-level-8hr 
Fold: 5 
Method: ctree 
Noise level:  10 %
Percentage of altered instances:  100 %
Using 507 indices (first 507 from shuffled list)
Loading noise data from: results/noise_injection/by_dataset/ozone-level-8hr_V42_noise0.1.csv 
Using 507 indices for  100 % of instances
Calculate prediction
Confusion matrix

=== Training model with 20 % noise in training data ===
Critical percentage for training noise: 10 %
Loading training noise data from: results/noise_injection/by_dataset/ozone-level-8hr_V42_noise0.2.csv 
Altering 203 out of 2027 training instances
Dataset: ozone-level-8hr 
Fold: 5 
Method: ctree 
Noise level:  20 %
Percentage of altered instances:  10 %
Using 51 indices (first 51 from shuffled list)
Loading noise data from: results/noise_injection/by_dataset/ozone-level-8hr_V42_noise0.2.csv 
Using 51 indices for  10 % of instances
Calculate prediction
Confusion matrix
Dataset: ozone-level-8hr 
Fold: 5 
Method: ctree 
Noise level:  20 %
Percentage of altered instances:  20 %
Using 101 indices (first 101 from shuffled list)
Loading noise data from: results/noise_injection/by_dataset/ozone-level-8hr_V42_noise0.2.csv 
Using 101 indices for  20 % of instances
Calculate prediction
Confusion matrix
Dataset: ozone-level-8hr 
Fold: 5 
Method: ctree 
Noise level:  20 %
Percentage of altered instances:  25 %
Using 127 indices (first 127 from shuffled list)
Loading noise data from: results/noise_injection/by_dataset/ozone-level-8hr_V42_noise0.2.csv 
Using 127 indices for  25 % of instances
Calculate prediction
Confusion matrix
Dataset: ozone-level-8hr 
Fold: 5 
Method: ctree 
Noise level:  20 %
Percentage of altered instances:  30 %
Using 152 indices (first 152 from shuffled list)
Loading noise data from: results/noise_injection/by_dataset/ozone-level-8hr_V42_noise0.2.csv 
Using 152 indices for  30 % of instances
Calculate prediction
Confusion matrix
Dataset: ozone-level-8hr 
Fold: 5 
Method: ctree 
Noise level:  20 %
Percentage of altered instances:  40 %
Using 203 indices (first 203 from shuffled list)
Loading noise data from: results/noise_injection/by_dataset/ozone-level-8hr_V42_noise0.2.csv 
Using 203 indices for  40 % of instances
Calculate prediction
Confusion matrix
Dataset: ozone-level-8hr 
Fold: 5 
Method: ctree 
Noise level:  20 %
Percentage of altered instances:  50 %
Using 254 indices (first 254 from shuffled list)
Loading noise data from: results/noise_injection/by_dataset/ozone-level-8hr_V42_noise0.2.csv 
Using 254 indices for  50 % of instances
Calculate prediction
Confusion matrix
Dataset: ozone-level-8hr 
Fold: 5 
Method: ctree 
Noise level:  20 %
Percentage of altered instances:  60 %
Using 304 indices (first 304 from shuffled list)
Loading noise data from: results/noise_injection/by_dataset/ozone-level-8hr_V42_noise0.2.csv 
Using 304 indices for  60 % of instances
Calculate prediction
Confusion matrix
Dataset: ozone-level-8hr 
Fold: 5 
Method: ctree 
Noise level:  20 %
Percentage of altered instances:  70 %
Using 355 indices (first 355 from shuffled list)
Loading noise data from: results/noise_injection/by_dataset/ozone-level-8hr_V42_noise0.2.csv 
Using 355 indices for  70 % of instances
Calculate prediction
Confusion matrix
Dataset: ozone-level-8hr 
Fold: 5 
Method: ctree 
Noise level:  20 %
Percentage of altered instances:  75 %
Using 380 indices (first 380 from shuffled list)
Loading noise data from: results/noise_injection/by_dataset/ozone-level-8hr_V42_noise0.2.csv 
Using 380 indices for  75 % of instances
Calculate prediction
Confusion matrix
Dataset: ozone-level-8hr 
Fold: 5 
Method: ctree 
Noise level:  20 %
Percentage of altered instances:  80 %
Using 406 indices (first 406 from shuffled list)
Loading noise data from: results/noise_injection/by_dataset/ozone-level-8hr_V42_noise0.2.csv 
Using 406 indices for  80 % of instances
Calculate prediction
Confusion matrix
Dataset: ozone-level-8hr 
Fold: 5 
Method: ctree 
Noise level:  20 %
Percentage of altered instances:  90 %
Using 456 indices (first 456 from shuffled list)
Loading noise data from: results/noise_injection/by_dataset/ozone-level-8hr_V42_noise0.2.csv 
Using 456 indices for  90 % of instances
Calculate prediction
Confusion matrix
Dataset: ozone-level-8hr 
Fold: 5 
Method: ctree 
Noise level:  20 %
Percentage of altered instances:  100 %
Using 507 indices (first 507 from shuffled list)
Loading noise data from: results/noise_injection/by_dataset/ozone-level-8hr_V42_noise0.2.csv 
Using 507 indices for  100 % of instances
Calculate prediction
Confusion matrix

=== Training model with 30 % noise in training data ===
Critical percentage for training noise: 0 %
Training on clean data (critical_percentage = 0)
Dataset: ozone-level-8hr 
Fold: 5 
Method: ctree 
Noise level:  30 %
Percentage of altered instances:  10 %
Using 51 indices (first 51 from shuffled list)
Loading noise data from: results/noise_injection/by_dataset/ozone-level-8hr_V42_noise0.3.csv 
Using 51 indices for  10 % of instances
Calculate prediction
Confusion matrix
Dataset: ozone-level-8hr 
Fold: 5 
Method: ctree 
Noise level:  30 %
Percentage of altered instances:  20 %
Using 101 indices (first 101 from shuffled list)
Loading noise data from: results/noise_injection/by_dataset/ozone-level-8hr_V42_noise0.3.csv 
Using 101 indices for  20 % of instances
Calculate prediction
Confusion matrix
Dataset: ozone-level-8hr 
Fold: 5 
Method: ctree 
Noise level:  30 %
Percentage of altered instances:  25 %
Using 127 indices (first 127 from shuffled list)
Loading noise data from: results/noise_injection/by_dataset/ozone-level-8hr_V42_noise0.3.csv 
Using 127 indices for  25 % of instances
Calculate prediction
Confusion matrix
Dataset: ozone-level-8hr 
Fold: 5 
Method: ctree 
Noise level:  30 %
Percentage of altered instances:  30 %
Using 152 indices (first 152 from shuffled list)
Loading noise data from: results/noise_injection/by_dataset/ozone-level-8hr_V42_noise0.3.csv 
Using 152 indices for  30 % of instances
Calculate prediction
Confusion matrix
Dataset: ozone-level-8hr 
Fold: 5 
Method: ctree 
Noise level:  30 %
Percentage of altered instances:  40 %
Using 203 indices (first 203 from shuffled list)
Loading noise data from: results/noise_injection/by_dataset/ozone-level-8hr_V42_noise0.3.csv 
Using 203 indices for  40 % of instances
Calculate prediction
Confusion matrix
Dataset: ozone-level-8hr 
Fold: 5 
Method: ctree 
Noise level:  30 %
Percentage of altered instances:  50 %
Using 254 indices (first 254 from shuffled list)
Loading noise data from: results/noise_injection/by_dataset/ozone-level-8hr_V42_noise0.3.csv 
Using 254 indices for  50 % of instances
Calculate prediction
Confusion matrix
Dataset: ozone-level-8hr 
Fold: 5 
Method: ctree 
Noise level:  30 %
Percentage of altered instances:  60 %
Using 304 indices (first 304 from shuffled list)
Loading noise data from: results/noise_injection/by_dataset/ozone-level-8hr_V42_noise0.3.csv 
Using 304 indices for  60 % of instances
Calculate prediction
Confusion matrix
Dataset: ozone-level-8hr 
Fold: 5 
Method: ctree 
Noise level:  30 %
Percentage of altered instances:  70 %
Using 355 indices (first 355 from shuffled list)
Loading noise data from: results/noise_injection/by_dataset/ozone-level-8hr_V42_noise0.3.csv 
Using 355 indices for  70 % of instances
Calculate prediction
Confusion matrix
Dataset: ozone-level-8hr 
Fold: 5 
Method: ctree 
Noise level:  30 %
Percentage of altered instances:  75 %
Using 380 indices (first 380 from shuffled list)
Loading noise data from: results/noise_injection/by_dataset/ozone-level-8hr_V42_noise0.3.csv 
Using 380 indices for  75 % of instances
Calculate prediction
Confusion matrix
Dataset: ozone-level-8hr 
Fold: 5 
Method: ctree 
Noise level:  30 %
Percentage of altered instances:  80 %
Using 406 indices (first 406 from shuffled list)
Loading noise data from: results/noise_injection/by_dataset/ozone-level-8hr_V42_noise0.3.csv 
Using 406 indices for  80 % of instances
Calculate prediction
Confusion matrix
Dataset: ozone-level-8hr 
Fold: 5 
Method: ctree 
Noise level:  30 %
Percentage of altered instances:  90 %
Using 456 indices (first 456 from shuffled list)
Loading noise data from: results/noise_injection/by_dataset/ozone-level-8hr_V42_noise0.3.csv 
Using 456 indices for  90 % of instances
Calculate prediction
Confusion matrix
Dataset: ozone-level-8hr 
Fold: 5 
Method: ctree 
Noise level:  30 %
Percentage of altered instances:  100 %
Using 507 indices (first 507 from shuffled list)
Loading noise data from: results/noise_injection/by_dataset/ozone-level-8hr_V42_noise0.3.csv 
Using 507 indices for  100 % of instances
Calculate prediction
Confusion matrix
Saved results to: results/instances/train_noise/by_dataset/ozone-level-8hr_ctree_results.csv 
----------------
****************************
Instances altered with noise
****************************
