Current working directory: /home/chris/github/kappa-threshold 
parameters.csv exists: TRUE 
parameters.csv absolute path: /home/chris/github/kappa-threshold/data/files/parameters.csv 
Processing model: multinom for dataset: qsar-biodeg 
Loaded 211 indices for fold 1 from: results/instances/original/vectors/qsar-biodeg_multinom_all_folds.csv 

=== Training model with 10 % noise in training data ===
Critical percentage for training noise: 100 %
Loading training noise data from: results/noise_injection/by_dataset/qsar-biodeg_V7_noise0.1.csv 
Altering 844 out of 844 training instances
# weights:  43 (42 variable)
initial  value 585.016220 
iter  10 value 335.528097
iter  20 value 270.416168
iter  30 value 234.814829
iter  40 value 230.835452
iter  50 value 230.428211
iter  60 value 230.346219
iter  70 value 230.325406
iter  80 value 230.277092
iter  90 value 230.270990
iter 100 value 230.270354
final  value 230.270354 
stopped after 100 iterations
Dataset: qsar-biodeg 
Fold: 1 
Method: multinom 
Noise level:  10 %
Percentage of altered instances:  10 %
Using 21 indices (first 21 from shuffled list)
Loading noise data from: results/noise_injection/by_dataset/qsar-biodeg_V7_noise0.1.csv 
Using 21 indices for  10 % of instances
Calculate prediction
Confusion matrix
Dataset: qsar-biodeg 
Fold: 1 
Method: multinom 
Noise level:  10 %
Percentage of altered instances:  20 %
Using 42 indices (first 42 from shuffled list)
Loading noise data from: results/noise_injection/by_dataset/qsar-biodeg_V7_noise0.1.csv 
Using 42 indices for  20 % of instances
Calculate prediction
Confusion matrix
Dataset: qsar-biodeg 
Fold: 1 
Method: multinom 
Noise level:  10 %
Percentage of altered instances:  25 %
Using 53 indices (first 53 from shuffled list)
Loading noise data from: results/noise_injection/by_dataset/qsar-biodeg_V7_noise0.1.csv 
Using 53 indices for  25 % of instances
Calculate prediction
Confusion matrix
Dataset: qsar-biodeg 
Fold: 1 
Method: multinom 
Noise level:  10 %
Percentage of altered instances:  30 %
Using 63 indices (first 63 from shuffled list)
Loading noise data from: results/noise_injection/by_dataset/qsar-biodeg_V7_noise0.1.csv 
Using 63 indices for  30 % of instances
Calculate prediction
Confusion matrix
Dataset: qsar-biodeg 
Fold: 1 
Method: multinom 
Noise level:  10 %
Percentage of altered instances:  40 %
Using 84 indices (first 84 from shuffled list)
Loading noise data from: results/noise_injection/by_dataset/qsar-biodeg_V7_noise0.1.csv 
Using 84 indices for  40 % of instances
Calculate prediction
Confusion matrix
Dataset: qsar-biodeg 
Fold: 1 
Method: multinom 
Noise level:  10 %
Percentage of altered instances:  50 %
Using 106 indices (first 106 from shuffled list)
Loading noise data from: results/noise_injection/by_dataset/qsar-biodeg_V7_noise0.1.csv 
Using 106 indices for  50 % of instances
Calculate prediction
Confusion matrix
Dataset: qsar-biodeg 
Fold: 1 
Method: multinom 
Noise level:  10 %
Percentage of altered instances:  60 %
Using 127 indices (first 127 from shuffled list)
Loading noise data from: results/noise_injection/by_dataset/qsar-biodeg_V7_noise0.1.csv 
Using 127 indices for  60 % of instances
Calculate prediction
Confusion matrix
Dataset: qsar-biodeg 
Fold: 1 
Method: multinom 
Noise level:  10 %
Percentage of altered instances:  70 %
Using 148 indices (first 148 from shuffled list)
Loading noise data from: results/noise_injection/by_dataset/qsar-biodeg_V7_noise0.1.csv 
Using 148 indices for  70 % of instances
Calculate prediction
Confusion matrix
Dataset: qsar-biodeg 
Fold: 1 
Method: multinom 
Noise level:  10 %
Percentage of altered instances:  75 %
Using 158 indices (first 158 from shuffled list)
Loading noise data from: results/noise_injection/by_dataset/qsar-biodeg_V7_noise0.1.csv 
Using 158 indices for  75 % of instances
Calculate prediction
Confusion matrix
Dataset: qsar-biodeg 
Fold: 1 
Method: multinom 
Noise level:  10 %
Percentage of altered instances:  80 %
Using 169 indices (first 169 from shuffled list)
Loading noise data from: results/noise_injection/by_dataset/qsar-biodeg_V7_noise0.1.csv 
Using 169 indices for  80 % of instances
Calculate prediction
Confusion matrix
Dataset: qsar-biodeg 
Fold: 1 
Method: multinom 
Noise level:  10 %
Percentage of altered instances:  90 %
Using 190 indices (first 190 from shuffled list)
Loading noise data from: results/noise_injection/by_dataset/qsar-biodeg_V7_noise0.1.csv 
Using 190 indices for  90 % of instances
Calculate prediction
Confusion matrix
Dataset: qsar-biodeg 
Fold: 1 
Method: multinom 
Noise level:  10 %
Percentage of altered instances:  100 %
Using 211 indices (first 211 from shuffled list)
Loading noise data from: results/noise_injection/by_dataset/qsar-biodeg_V7_noise0.1.csv 
Using 211 indices for  100 % of instances
Calculate prediction
Confusion matrix

=== Training model with 20 % noise in training data ===
Critical percentage for training noise: 80 %
Loading training noise data from: results/noise_injection/by_dataset/qsar-biodeg_V7_noise0.2.csv 
Altering 675 out of 844 training instances
# weights:  43 (42 variable)
initial  value 585.016220 
iter  10 value 335.798833
iter  20 value 271.183777
iter  30 value 236.081258
iter  40 value 231.464220
iter  50 value 230.994370
iter  60 value 230.923772
iter  70 value 230.902206
iter  80 value 230.845614
iter  90 value 230.836355
iter 100 value 230.835852
final  value 230.835852 
stopped after 100 iterations
Dataset: qsar-biodeg 
Fold: 1 
Method: multinom 
Noise level:  20 %
Percentage of altered instances:  10 %
Using 21 indices (first 21 from shuffled list)
Loading noise data from: results/noise_injection/by_dataset/qsar-biodeg_V7_noise0.2.csv 
Using 21 indices for  10 % of instances
Calculate prediction
Confusion matrix
Dataset: qsar-biodeg 
Fold: 1 
Method: multinom 
Noise level:  20 %
Percentage of altered instances:  20 %
Using 42 indices (first 42 from shuffled list)
Loading noise data from: results/noise_injection/by_dataset/qsar-biodeg_V7_noise0.2.csv 
Using 42 indices for  20 % of instances
Calculate prediction
Confusion matrix
Dataset: qsar-biodeg 
Fold: 1 
Method: multinom 
Noise level:  20 %
Percentage of altered instances:  25 %
Using 53 indices (first 53 from shuffled list)
Loading noise data from: results/noise_injection/by_dataset/qsar-biodeg_V7_noise0.2.csv 
Using 53 indices for  25 % of instances
Calculate prediction
Confusion matrix
Dataset: qsar-biodeg 
Fold: 1 
Method: multinom 
Noise level:  20 %
Percentage of altered instances:  30 %
Using 63 indices (first 63 from shuffled list)
Loading noise data from: results/noise_injection/by_dataset/qsar-biodeg_V7_noise0.2.csv 
Using 63 indices for  30 % of instances
Calculate prediction
Confusion matrix
Dataset: qsar-biodeg 
Fold: 1 
Method: multinom 
Noise level:  20 %
Percentage of altered instances:  40 %
Using 84 indices (first 84 from shuffled list)
Loading noise data from: results/noise_injection/by_dataset/qsar-biodeg_V7_noise0.2.csv 
Using 84 indices for  40 % of instances
Calculate prediction
Confusion matrix
Dataset: qsar-biodeg 
Fold: 1 
Method: multinom 
Noise level:  20 %
Percentage of altered instances:  50 %
Using 106 indices (first 106 from shuffled list)
Loading noise data from: results/noise_injection/by_dataset/qsar-biodeg_V7_noise0.2.csv 
Using 106 indices for  50 % of instances
Calculate prediction
Confusion matrix
Dataset: qsar-biodeg 
Fold: 1 
Method: multinom 
Noise level:  20 %
Percentage of altered instances:  60 %
Using 127 indices (first 127 from shuffled list)
Loading noise data from: results/noise_injection/by_dataset/qsar-biodeg_V7_noise0.2.csv 
Using 127 indices for  60 % of instances
Calculate prediction
Confusion matrix
Dataset: qsar-biodeg 
Fold: 1 
Method: multinom 
Noise level:  20 %
Percentage of altered instances:  70 %
Using 148 indices (first 148 from shuffled list)
Loading noise data from: results/noise_injection/by_dataset/qsar-biodeg_V7_noise0.2.csv 
Using 148 indices for  70 % of instances
Calculate prediction
Confusion matrix
Dataset: qsar-biodeg 
Fold: 1 
Method: multinom 
Noise level:  20 %
Percentage of altered instances:  75 %
Using 158 indices (first 158 from shuffled list)
Loading noise data from: results/noise_injection/by_dataset/qsar-biodeg_V7_noise0.2.csv 
Using 158 indices for  75 % of instances
Calculate prediction
Confusion matrix
Dataset: qsar-biodeg 
Fold: 1 
Method: multinom 
Noise level:  20 %
Percentage of altered instances:  80 %
Using 169 indices (first 169 from shuffled list)
Loading noise data from: results/noise_injection/by_dataset/qsar-biodeg_V7_noise0.2.csv 
Using 169 indices for  80 % of instances
Calculate prediction
Confusion matrix
Dataset: qsar-biodeg 
Fold: 1 
Method: multinom 
Noise level:  20 %
Percentage of altered instances:  90 %
Using 190 indices (first 190 from shuffled list)
Loading noise data from: results/noise_injection/by_dataset/qsar-biodeg_V7_noise0.2.csv 
Using 190 indices for  90 % of instances
Calculate prediction
Confusion matrix
Dataset: qsar-biodeg 
Fold: 1 
Method: multinom 
Noise level:  20 %
Percentage of altered instances:  100 %
Using 211 indices (first 211 from shuffled list)
Loading noise data from: results/noise_injection/by_dataset/qsar-biodeg_V7_noise0.2.csv 
Using 211 indices for  100 % of instances
Calculate prediction
Confusion matrix

=== Training model with 30 % noise in training data ===
Critical percentage for training noise: 50 %
Loading training noise data from: results/noise_injection/by_dataset/qsar-biodeg_V7_noise0.3.csv 
Altering 422 out of 844 training instances
# weights:  43 (42 variable)
initial  value 585.016220 
iter  10 value 338.817060
iter  20 value 268.032816
iter  30 value 234.761942
iter  40 value 230.314298
iter  50 value 230.007591
iter  60 value 229.970070
iter  70 value 229.927358
iter  80 value 229.894982
iter  90 value 229.883556
iter 100 value 229.880873
final  value 229.880873 
stopped after 100 iterations
Dataset: qsar-biodeg 
Fold: 1 
Method: multinom 
Noise level:  30 %
Percentage of altered instances:  10 %
Using 21 indices (first 21 from shuffled list)
Loading noise data from: results/noise_injection/by_dataset/qsar-biodeg_V7_noise0.3.csv 
Using 21 indices for  10 % of instances
Calculate prediction
Confusion matrix
Dataset: qsar-biodeg 
Fold: 1 
Method: multinom 
Noise level:  30 %
Percentage of altered instances:  20 %
Using 42 indices (first 42 from shuffled list)
Loading noise data from: results/noise_injection/by_dataset/qsar-biodeg_V7_noise0.3.csv 
Using 42 indices for  20 % of instances
Calculate prediction
Confusion matrix
Dataset: qsar-biodeg 
Fold: 1 
Method: multinom 
Noise level:  30 %
Percentage of altered instances:  25 %
Using 53 indices (first 53 from shuffled list)
Loading noise data from: results/noise_injection/by_dataset/qsar-biodeg_V7_noise0.3.csv 
Using 53 indices for  25 % of instances
Calculate prediction
Confusion matrix
Dataset: qsar-biodeg 
Fold: 1 
Method: multinom 
Noise level:  30 %
Percentage of altered instances:  30 %
Using 63 indices (first 63 from shuffled list)
Loading noise data from: results/noise_injection/by_dataset/qsar-biodeg_V7_noise0.3.csv 
Using 63 indices for  30 % of instances
Calculate prediction
Confusion matrix
Dataset: qsar-biodeg 
Fold: 1 
Method: multinom 
Noise level:  30 %
Percentage of altered instances:  40 %
Using 84 indices (first 84 from shuffled list)
Loading noise data from: results/noise_injection/by_dataset/qsar-biodeg_V7_noise0.3.csv 
Using 84 indices for  40 % of instances
Calculate prediction
Confusion matrix
Dataset: qsar-biodeg 
Fold: 1 
Method: multinom 
Noise level:  30 %
Percentage of altered instances:  50 %
Using 106 indices (first 106 from shuffled list)
Loading noise data from: results/noise_injection/by_dataset/qsar-biodeg_V7_noise0.3.csv 
Using 106 indices for  50 % of instances
Calculate prediction
Confusion matrix
Dataset: qsar-biodeg 
Fold: 1 
Method: multinom 
Noise level:  30 %
Percentage of altered instances:  60 %
Using 127 indices (first 127 from shuffled list)
Loading noise data from: results/noise_injection/by_dataset/qsar-biodeg_V7_noise0.3.csv 
Using 127 indices for  60 % of instances
Calculate prediction
Confusion matrix
Dataset: qsar-biodeg 
Fold: 1 
Method: multinom 
Noise level:  30 %
Percentage of altered instances:  70 %
Using 148 indices (first 148 from shuffled list)
Loading noise data from: results/noise_injection/by_dataset/qsar-biodeg_V7_noise0.3.csv 
Using 148 indices for  70 % of instances
Calculate prediction
Confusion matrix
Dataset: qsar-biodeg 
Fold: 1 
Method: multinom 
Noise level:  30 %
Percentage of altered instances:  75 %
Using 158 indices (first 158 from shuffled list)
Loading noise data from: results/noise_injection/by_dataset/qsar-biodeg_V7_noise0.3.csv 
Using 158 indices for  75 % of instances
Calculate prediction
Confusion matrix
Dataset: qsar-biodeg 
Fold: 1 
Method: multinom 
Noise level:  30 %
Percentage of altered instances:  80 %
Using 169 indices (first 169 from shuffled list)
Loading noise data from: results/noise_injection/by_dataset/qsar-biodeg_V7_noise0.3.csv 
Using 169 indices for  80 % of instances
Calculate prediction
Confusion matrix
Dataset: qsar-biodeg 
Fold: 1 
Method: multinom 
Noise level:  30 %
Percentage of altered instances:  90 %
Using 190 indices (first 190 from shuffled list)
Loading noise data from: results/noise_injection/by_dataset/qsar-biodeg_V7_noise0.3.csv 
Using 190 indices for  90 % of instances
Calculate prediction
Confusion matrix
Dataset: qsar-biodeg 
Fold: 1 
Method: multinom 
Noise level:  30 %
Percentage of altered instances:  100 %
Using 211 indices (first 211 from shuffled list)
Loading noise data from: results/noise_injection/by_dataset/qsar-biodeg_V7_noise0.3.csv 
Using 211 indices for  100 % of instances
Calculate prediction
Confusion matrix
Loaded 210 indices for fold 2 from: results/instances/original/vectors/qsar-biodeg_multinom_all_folds.csv 

=== Training model with 10 % noise in training data ===
Critical percentage for training noise: 100 %
Loading training noise data from: results/noise_injection/by_dataset/qsar-biodeg_V7_noise0.1.csv 
Altering 845 out of 845 training instances
# weights:  43 (42 variable)
initial  value 585.709368 
iter  10 value 346.750618
iter  20 value 274.987704
iter  30 value 242.835054
iter  40 value 238.546862
iter  50 value 237.902428
iter  60 value 237.529563
iter  70 value 237.409235
iter  80 value 237.329398
iter  90 value 237.323491
iter 100 value 237.321972
final  value 237.321972 
stopped after 100 iterations
Dataset: qsar-biodeg 
Fold: 2 
Method: multinom 
Noise level:  10 %
Percentage of altered instances:  10 %
Using 21 indices (first 21 from shuffled list)
Loading noise data from: results/noise_injection/by_dataset/qsar-biodeg_V7_noise0.1.csv 
Using 21 indices for  10 % of instances
Calculate prediction
Confusion matrix
Dataset: qsar-biodeg 
Fold: 2 
Method: multinom 
Noise level:  10 %
Percentage of altered instances:  20 %
Using 42 indices (first 42 from shuffled list)
Loading noise data from: results/noise_injection/by_dataset/qsar-biodeg_V7_noise0.1.csv 
Using 42 indices for  20 % of instances
Calculate prediction
Confusion matrix
Dataset: qsar-biodeg 
Fold: 2 
Method: multinom 
Noise level:  10 %
Percentage of altered instances:  25 %
Using 52 indices (first 52 from shuffled list)
Loading noise data from: results/noise_injection/by_dataset/qsar-biodeg_V7_noise0.1.csv 
Using 52 indices for  25 % of instances
Calculate prediction
Confusion matrix
Dataset: qsar-biodeg 
Fold: 2 
Method: multinom 
Noise level:  10 %
Percentage of altered instances:  30 %
Using 63 indices (first 63 from shuffled list)
Loading noise data from: results/noise_injection/by_dataset/qsar-biodeg_V7_noise0.1.csv 
Using 63 indices for  30 % of instances
Calculate prediction
Confusion matrix
Dataset: qsar-biodeg 
Fold: 2 
Method: multinom 
Noise level:  10 %
Percentage of altered instances:  40 %
Using 84 indices (first 84 from shuffled list)
Loading noise data from: results/noise_injection/by_dataset/qsar-biodeg_V7_noise0.1.csv 
Using 84 indices for  40 % of instances
Calculate prediction
Confusion matrix
Dataset: qsar-biodeg 
Fold: 2 
Method: multinom 
Noise level:  10 %
Percentage of altered instances:  50 %
Using 105 indices (first 105 from shuffled list)
Loading noise data from: results/noise_injection/by_dataset/qsar-biodeg_V7_noise0.1.csv 
Using 105 indices for  50 % of instances
Calculate prediction
Confusion matrix
Dataset: qsar-biodeg 
Fold: 2 
Method: multinom 
Noise level:  10 %
Percentage of altered instances:  60 %
Using 126 indices (first 126 from shuffled list)
Loading noise data from: results/noise_injection/by_dataset/qsar-biodeg_V7_noise0.1.csv 
Using 126 indices for  60 % of instances
Calculate prediction
Confusion matrix
Dataset: qsar-biodeg 
Fold: 2 
Method: multinom 
Noise level:  10 %
Percentage of altered instances:  70 %
Using 147 indices (first 147 from shuffled list)
Loading noise data from: results/noise_injection/by_dataset/qsar-biodeg_V7_noise0.1.csv 
Using 147 indices for  70 % of instances
Calculate prediction
Confusion matrix
Dataset: qsar-biodeg 
Fold: 2 
Method: multinom 
Noise level:  10 %
Percentage of altered instances:  75 %
Using 158 indices (first 158 from shuffled list)
Loading noise data from: results/noise_injection/by_dataset/qsar-biodeg_V7_noise0.1.csv 
Using 158 indices for  75 % of instances
Calculate prediction
Confusion matrix
Dataset: qsar-biodeg 
Fold: 2 
Method: multinom 
Noise level:  10 %
Percentage of altered instances:  80 %
Using 168 indices (first 168 from shuffled list)
Loading noise data from: results/noise_injection/by_dataset/qsar-biodeg_V7_noise0.1.csv 
Using 168 indices for  80 % of instances
Calculate prediction
Confusion matrix
Dataset: qsar-biodeg 
Fold: 2 
Method: multinom 
Noise level:  10 %
Percentage of altered instances:  90 %
Using 189 indices (first 189 from shuffled list)
Loading noise data from: results/noise_injection/by_dataset/qsar-biodeg_V7_noise0.1.csv 
Using 189 indices for  90 % of instances
Calculate prediction
Confusion matrix
Dataset: qsar-biodeg 
Fold: 2 
Method: multinom 
Noise level:  10 %
Percentage of altered instances:  100 %
Using 210 indices (first 210 from shuffled list)
Loading noise data from: results/noise_injection/by_dataset/qsar-biodeg_V7_noise0.1.csv 
Using 210 indices for  100 % of instances
Calculate prediction
Confusion matrix

=== Training model with 20 % noise in training data ===
Critical percentage for training noise: 80 %
Loading training noise data from: results/noise_injection/by_dataset/qsar-biodeg_V7_noise0.2.csv 
Altering 676 out of 845 training instances
# weights:  43 (42 variable)
initial  value 585.709368 
iter  10 value 348.526545
iter  20 value 280.667035
iter  30 value 247.110919
iter  40 value 240.573960
iter  50 value 239.177681
iter  60 value 238.871442
iter  70 value 238.626937
iter  80 value 238.547901
iter  90 value 238.545557
iter 100 value 238.545108
final  value 238.545108 
stopped after 100 iterations
Dataset: qsar-biodeg 
Fold: 2 
Method: multinom 
Noise level:  20 %
Percentage of altered instances:  10 %
Using 21 indices (first 21 from shuffled list)
Loading noise data from: results/noise_injection/by_dataset/qsar-biodeg_V7_noise0.2.csv 
Using 21 indices for  10 % of instances
Calculate prediction
Confusion matrix
Dataset: qsar-biodeg 
Fold: 2 
Method: multinom 
Noise level:  20 %
Percentage of altered instances:  20 %
Using 42 indices (first 42 from shuffled list)
Loading noise data from: results/noise_injection/by_dataset/qsar-biodeg_V7_noise0.2.csv 
Using 42 indices for  20 % of instances
Calculate prediction
Confusion matrix
Dataset: qsar-biodeg 
Fold: 2 
Method: multinom 
Noise level:  20 %
Percentage of altered instances:  25 %
Using 52 indices (first 52 from shuffled list)
Loading noise data from: results/noise_injection/by_dataset/qsar-biodeg_V7_noise0.2.csv 
Using 52 indices for  25 % of instances
Calculate prediction
Confusion matrix
Dataset: qsar-biodeg 
Fold: 2 
Method: multinom 
Noise level:  20 %
Percentage of altered instances:  30 %
Using 63 indices (first 63 from shuffled list)
Loading noise data from: results/noise_injection/by_dataset/qsar-biodeg_V7_noise0.2.csv 
Using 63 indices for  30 % of instances
Calculate prediction
Confusion matrix
Dataset: qsar-biodeg 
Fold: 2 
Method: multinom 
Noise level:  20 %
Percentage of altered instances:  40 %
Using 84 indices (first 84 from shuffled list)
Loading noise data from: results/noise_injection/by_dataset/qsar-biodeg_V7_noise0.2.csv 
Using 84 indices for  40 % of instances
Calculate prediction
Confusion matrix
Dataset: qsar-biodeg 
Fold: 2 
Method: multinom 
Noise level:  20 %
Percentage of altered instances:  50 %
Using 105 indices (first 105 from shuffled list)
Loading noise data from: results/noise_injection/by_dataset/qsar-biodeg_V7_noise0.2.csv 
Using 105 indices for  50 % of instances
Calculate prediction
Confusion matrix
Dataset: qsar-biodeg 
Fold: 2 
Method: multinom 
Noise level:  20 %
Percentage of altered instances:  60 %
Using 126 indices (first 126 from shuffled list)
Loading noise data from: results/noise_injection/by_dataset/qsar-biodeg_V7_noise0.2.csv 
Using 126 indices for  60 % of instances
Calculate prediction
Confusion matrix
Dataset: qsar-biodeg 
Fold: 2 
Method: multinom 
Noise level:  20 %
Percentage of altered instances:  70 %
Using 147 indices (first 147 from shuffled list)
Loading noise data from: results/noise_injection/by_dataset/qsar-biodeg_V7_noise0.2.csv 
Using 147 indices for  70 % of instances
Calculate prediction
Confusion matrix
Dataset: qsar-biodeg 
Fold: 2 
Method: multinom 
Noise level:  20 %
Percentage of altered instances:  75 %
Using 158 indices (first 158 from shuffled list)
Loading noise data from: results/noise_injection/by_dataset/qsar-biodeg_V7_noise0.2.csv 
Using 158 indices for  75 % of instances
Calculate prediction
Confusion matrix
Dataset: qsar-biodeg 
Fold: 2 
Method: multinom 
Noise level:  20 %
Percentage of altered instances:  80 %
Using 168 indices (first 168 from shuffled list)
Loading noise data from: results/noise_injection/by_dataset/qsar-biodeg_V7_noise0.2.csv 
Using 168 indices for  80 % of instances
Calculate prediction
Confusion matrix
Dataset: qsar-biodeg 
Fold: 2 
Method: multinom 
Noise level:  20 %
Percentage of altered instances:  90 %
Using 189 indices (first 189 from shuffled list)
Loading noise data from: results/noise_injection/by_dataset/qsar-biodeg_V7_noise0.2.csv 
Using 189 indices for  90 % of instances
Calculate prediction
Confusion matrix
Dataset: qsar-biodeg 
Fold: 2 
Method: multinom 
Noise level:  20 %
Percentage of altered instances:  100 %
Using 210 indices (first 210 from shuffled list)
Loading noise data from: results/noise_injection/by_dataset/qsar-biodeg_V7_noise0.2.csv 
Using 210 indices for  100 % of instances
Calculate prediction
Confusion matrix

=== Training model with 30 % noise in training data ===
Critical percentage for training noise: 50 %
Loading training noise data from: results/noise_injection/by_dataset/qsar-biodeg_V7_noise0.3.csv 
Altering 422 out of 845 training instances
# weights:  43 (42 variable)
initial  value 585.709368 
iter  10 value 343.926835
iter  20 value 270.220784
iter  30 value 240.611743
iter  40 value 235.238221
iter  50 value 234.539536
iter  60 value 234.259460
iter  70 value 234.039375
iter  80 value 234.027696
iter  90 value 233.950470
iter 100 value 233.939483
final  value 233.939483 
stopped after 100 iterations
Dataset: qsar-biodeg 
Fold: 2 
Method: multinom 
Noise level:  30 %
Percentage of altered instances:  10 %
Using 21 indices (first 21 from shuffled list)
Loading noise data from: results/noise_injection/by_dataset/qsar-biodeg_V7_noise0.3.csv 
Using 21 indices for  10 % of instances
Calculate prediction
Confusion matrix
Dataset: qsar-biodeg 
Fold: 2 
Method: multinom 
Noise level:  30 %
Percentage of altered instances:  20 %
Using 42 indices (first 42 from shuffled list)
Loading noise data from: results/noise_injection/by_dataset/qsar-biodeg_V7_noise0.3.csv 
Using 42 indices for  20 % of instances
Calculate prediction
Confusion matrix
Dataset: qsar-biodeg 
Fold: 2 
Method: multinom 
Noise level:  30 %
Percentage of altered instances:  25 %
Using 52 indices (first 52 from shuffled list)
Loading noise data from: results/noise_injection/by_dataset/qsar-biodeg_V7_noise0.3.csv 
Using 52 indices for  25 % of instances
Calculate prediction
Confusion matrix
Dataset: qsar-biodeg 
Fold: 2 
Method: multinom 
Noise level:  30 %
Percentage of altered instances:  30 %
Using 63 indices (first 63 from shuffled list)
Loading noise data from: results/noise_injection/by_dataset/qsar-biodeg_V7_noise0.3.csv 
Using 63 indices for  30 % of instances
Calculate prediction
Confusion matrix
Dataset: qsar-biodeg 
Fold: 2 
Method: multinom 
Noise level:  30 %
Percentage of altered instances:  40 %
Using 84 indices (first 84 from shuffled list)
Loading noise data from: results/noise_injection/by_dataset/qsar-biodeg_V7_noise0.3.csv 
Using 84 indices for  40 % of instances
Calculate prediction
Confusion matrix
Dataset: qsar-biodeg 
Fold: 2 
Method: multinom 
Noise level:  30 %
Percentage of altered instances:  50 %
Using 105 indices (first 105 from shuffled list)
Loading noise data from: results/noise_injection/by_dataset/qsar-biodeg_V7_noise0.3.csv 
Using 105 indices for  50 % of instances
Calculate prediction
Confusion matrix
Dataset: qsar-biodeg 
Fold: 2 
Method: multinom 
Noise level:  30 %
Percentage of altered instances:  60 %
Using 126 indices (first 126 from shuffled list)
Loading noise data from: results/noise_injection/by_dataset/qsar-biodeg_V7_noise0.3.csv 
Using 126 indices for  60 % of instances
Calculate prediction
Confusion matrix
Dataset: qsar-biodeg 
Fold: 2 
Method: multinom 
Noise level:  30 %
Percentage of altered instances:  70 %
Using 147 indices (first 147 from shuffled list)
Loading noise data from: results/noise_injection/by_dataset/qsar-biodeg_V7_noise0.3.csv 
Using 147 indices for  70 % of instances
Calculate prediction
Confusion matrix
Dataset: qsar-biodeg 
Fold: 2 
Method: multinom 
Noise level:  30 %
Percentage of altered instances:  75 %
Using 158 indices (first 158 from shuffled list)
Loading noise data from: results/noise_injection/by_dataset/qsar-biodeg_V7_noise0.3.csv 
Using 158 indices for  75 % of instances
Calculate prediction
Confusion matrix
Dataset: qsar-biodeg 
Fold: 2 
Method: multinom 
Noise level:  30 %
Percentage of altered instances:  80 %
Using 168 indices (first 168 from shuffled list)
Loading noise data from: results/noise_injection/by_dataset/qsar-biodeg_V7_noise0.3.csv 
Using 168 indices for  80 % of instances
Calculate prediction
Confusion matrix
Dataset: qsar-biodeg 
Fold: 2 
Method: multinom 
Noise level:  30 %
Percentage of altered instances:  90 %
Using 189 indices (first 189 from shuffled list)
Loading noise data from: results/noise_injection/by_dataset/qsar-biodeg_V7_noise0.3.csv 
Using 189 indices for  90 % of instances
Calculate prediction
Confusion matrix
Dataset: qsar-biodeg 
Fold: 2 
Method: multinom 
Noise level:  30 %
Percentage of altered instances:  100 %
Using 210 indices (first 210 from shuffled list)
Loading noise data from: results/noise_injection/by_dataset/qsar-biodeg_V7_noise0.3.csv 
Using 210 indices for  100 % of instances
Calculate prediction
Confusion matrix
Loaded 211 indices for fold 3 from: results/instances/original/vectors/qsar-biodeg_multinom_all_folds.csv 

=== Training model with 10 % noise in training data ===
Critical percentage for training noise: 100 %
Loading training noise data from: results/noise_injection/by_dataset/qsar-biodeg_V7_noise0.1.csv 
Altering 844 out of 844 training instances
# weights:  43 (42 variable)
initial  value 585.016220 
iter  10 value 331.664039
iter  20 value 262.513858
iter  30 value 233.376617
iter  40 value 229.072232
iter  50 value 228.842011
iter  60 value 228.696891
iter  70 value 228.654352
iter  80 value 228.646632
iter  90 value 228.590818
iter 100 value 228.586366
final  value 228.586366 
stopped after 100 iterations
Dataset: qsar-biodeg 
Fold: 3 
Method: multinom 
Noise level:  10 %
Percentage of altered instances:  10 %
Using 21 indices (first 21 from shuffled list)
Loading noise data from: results/noise_injection/by_dataset/qsar-biodeg_V7_noise0.1.csv 
Using 21 indices for  10 % of instances
Calculate prediction
Confusion matrix
Dataset: qsar-biodeg 
Fold: 3 
Method: multinom 
Noise level:  10 %
Percentage of altered instances:  20 %
Using 42 indices (first 42 from shuffled list)
Loading noise data from: results/noise_injection/by_dataset/qsar-biodeg_V7_noise0.1.csv 
Using 42 indices for  20 % of instances
Calculate prediction
Confusion matrix
Dataset: qsar-biodeg 
Fold: 3 
Method: multinom 
Noise level:  10 %
Percentage of altered instances:  25 %
Using 53 indices (first 53 from shuffled list)
Loading noise data from: results/noise_injection/by_dataset/qsar-biodeg_V7_noise0.1.csv 
Using 53 indices for  25 % of instances
Calculate prediction
Confusion matrix
Dataset: qsar-biodeg 
Fold: 3 
Method: multinom 
Noise level:  10 %
Percentage of altered instances:  30 %
Using 63 indices (first 63 from shuffled list)
Loading noise data from: results/noise_injection/by_dataset/qsar-biodeg_V7_noise0.1.csv 
Using 63 indices for  30 % of instances
Calculate prediction
Confusion matrix
Dataset: qsar-biodeg 
Fold: 3 
Method: multinom 
Noise level:  10 %
Percentage of altered instances:  40 %
Using 84 indices (first 84 from shuffled list)
Loading noise data from: results/noise_injection/by_dataset/qsar-biodeg_V7_noise0.1.csv 
Using 84 indices for  40 % of instances
Calculate prediction
Confusion matrix
Dataset: qsar-biodeg 
Fold: 3 
Method: multinom 
Noise level:  10 %
Percentage of altered instances:  50 %
Using 106 indices (first 106 from shuffled list)
Loading noise data from: results/noise_injection/by_dataset/qsar-biodeg_V7_noise0.1.csv 
Using 106 indices for  50 % of instances
Calculate prediction
Confusion matrix
Dataset: qsar-biodeg 
Fold: 3 
Method: multinom 
Noise level:  10 %
Percentage of altered instances:  60 %
Using 127 indices (first 127 from shuffled list)
Loading noise data from: results/noise_injection/by_dataset/qsar-biodeg_V7_noise0.1.csv 
Using 127 indices for  60 % of instances
Calculate prediction
Confusion matrix
Dataset: qsar-biodeg 
Fold: 3 
Method: multinom 
Noise level:  10 %
Percentage of altered instances:  70 %
Using 148 indices (first 148 from shuffled list)
Loading noise data from: results/noise_injection/by_dataset/qsar-biodeg_V7_noise0.1.csv 
Using 148 indices for  70 % of instances
Calculate prediction
Confusion matrix
Dataset: qsar-biodeg 
Fold: 3 
Method: multinom 
Noise level:  10 %
Percentage of altered instances:  75 %
Using 158 indices (first 158 from shuffled list)
Loading noise data from: results/noise_injection/by_dataset/qsar-biodeg_V7_noise0.1.csv 
Using 158 indices for  75 % of instances
Calculate prediction
Confusion matrix
Dataset: qsar-biodeg 
Fold: 3 
Method: multinom 
Noise level:  10 %
Percentage of altered instances:  80 %
Using 169 indices (first 169 from shuffled list)
Loading noise data from: results/noise_injection/by_dataset/qsar-biodeg_V7_noise0.1.csv 
Using 169 indices for  80 % of instances
Calculate prediction
Confusion matrix
Dataset: qsar-biodeg 
Fold: 3 
Method: multinom 
Noise level:  10 %
Percentage of altered instances:  90 %
Using 190 indices (first 190 from shuffled list)
Loading noise data from: results/noise_injection/by_dataset/qsar-biodeg_V7_noise0.1.csv 
Using 190 indices for  90 % of instances
Calculate prediction
Confusion matrix
Dataset: qsar-biodeg 
Fold: 3 
Method: multinom 
Noise level:  10 %
Percentage of altered instances:  100 %
Using 211 indices (first 211 from shuffled list)
Loading noise data from: results/noise_injection/by_dataset/qsar-biodeg_V7_noise0.1.csv 
Using 211 indices for  100 % of instances
Calculate prediction
Confusion matrix

=== Training model with 20 % noise in training data ===
Critical percentage for training noise: 80 %
Loading training noise data from: results/noise_injection/by_dataset/qsar-biodeg_V7_noise0.2.csv 
Altering 675 out of 844 training instances
# weights:  43 (42 variable)
initial  value 585.016220 
iter  10 value 332.118967
iter  20 value 268.933547
iter  30 value 233.039375
iter  40 value 229.330869
iter  50 value 229.142721
iter  60 value 229.027695
iter  70 value 228.980985
iter  80 value 228.977052
iter  90 value 228.941053
iter 100 value 228.935075
final  value 228.935075 
stopped after 100 iterations
Dataset: qsar-biodeg 
Fold: 3 
Method: multinom 
Noise level:  20 %
Percentage of altered instances:  10 %
Using 21 indices (first 21 from shuffled list)
Loading noise data from: results/noise_injection/by_dataset/qsar-biodeg_V7_noise0.2.csv 
Using 21 indices for  10 % of instances
Calculate prediction
Confusion matrix
Dataset: qsar-biodeg 
Fold: 3 
Method: multinom 
Noise level:  20 %
Percentage of altered instances:  20 %
Using 42 indices (first 42 from shuffled list)
Loading noise data from: results/noise_injection/by_dataset/qsar-biodeg_V7_noise0.2.csv 
Using 42 indices for  20 % of instances
Calculate prediction
Confusion matrix
Dataset: qsar-biodeg 
Fold: 3 
Method: multinom 
Noise level:  20 %
Percentage of altered instances:  25 %
Using 53 indices (first 53 from shuffled list)
Loading noise data from: results/noise_injection/by_dataset/qsar-biodeg_V7_noise0.2.csv 
Using 53 indices for  25 % of instances
Calculate prediction
Confusion matrix
Dataset: qsar-biodeg 
Fold: 3 
Method: multinom 
Noise level:  20 %
Percentage of altered instances:  30 %
Using 63 indices (first 63 from shuffled list)
Loading noise data from: results/noise_injection/by_dataset/qsar-biodeg_V7_noise0.2.csv 
Using 63 indices for  30 % of instances
Calculate prediction
Confusion matrix
Dataset: qsar-biodeg 
Fold: 3 
Method: multinom 
Noise level:  20 %
Percentage of altered instances:  40 %
Using 84 indices (first 84 from shuffled list)
Loading noise data from: results/noise_injection/by_dataset/qsar-biodeg_V7_noise0.2.csv 
Using 84 indices for  40 % of instances
Calculate prediction
Confusion matrix
Dataset: qsar-biodeg 
Fold: 3 
Method: multinom 
Noise level:  20 %
Percentage of altered instances:  50 %
Using 106 indices (first 106 from shuffled list)
Loading noise data from: results/noise_injection/by_dataset/qsar-biodeg_V7_noise0.2.csv 
Using 106 indices for  50 % of instances
Calculate prediction
Confusion matrix
Dataset: qsar-biodeg 
Fold: 3 
Method: multinom 
Noise level:  20 %
Percentage of altered instances:  60 %
Using 127 indices (first 127 from shuffled list)
Loading noise data from: results/noise_injection/by_dataset/qsar-biodeg_V7_noise0.2.csv 
Using 127 indices for  60 % of instances
Calculate prediction
Confusion matrix
Dataset: qsar-biodeg 
Fold: 3 
Method: multinom 
Noise level:  20 %
Percentage of altered instances:  70 %
Using 148 indices (first 148 from shuffled list)
Loading noise data from: results/noise_injection/by_dataset/qsar-biodeg_V7_noise0.2.csv 
Using 148 indices for  70 % of instances
Calculate prediction
Confusion matrix
Dataset: qsar-biodeg 
Fold: 3 
Method: multinom 
Noise level:  20 %
Percentage of altered instances:  75 %
Using 158 indices (first 158 from shuffled list)
Loading noise data from: results/noise_injection/by_dataset/qsar-biodeg_V7_noise0.2.csv 
Using 158 indices for  75 % of instances
Calculate prediction
Confusion matrix
Dataset: qsar-biodeg 
Fold: 3 
Method: multinom 
Noise level:  20 %
Percentage of altered instances:  80 %
Using 169 indices (first 169 from shuffled list)
Loading noise data from: results/noise_injection/by_dataset/qsar-biodeg_V7_noise0.2.csv 
Using 169 indices for  80 % of instances
Calculate prediction
Confusion matrix
Dataset: qsar-biodeg 
Fold: 3 
Method: multinom 
Noise level:  20 %
Percentage of altered instances:  90 %
Using 190 indices (first 190 from shuffled list)
Loading noise data from: results/noise_injection/by_dataset/qsar-biodeg_V7_noise0.2.csv 
Using 190 indices for  90 % of instances
Calculate prediction
Confusion matrix
Dataset: qsar-biodeg 
Fold: 3 
Method: multinom 
Noise level:  20 %
Percentage of altered instances:  100 %
Using 211 indices (first 211 from shuffled list)
Loading noise data from: results/noise_injection/by_dataset/qsar-biodeg_V7_noise0.2.csv 
Using 211 indices for  100 % of instances
Calculate prediction
Confusion matrix

=== Training model with 30 % noise in training data ===
Critical percentage for training noise: 50 %
Loading training noise data from: results/noise_injection/by_dataset/qsar-biodeg_V7_noise0.3.csv 
Altering 422 out of 844 training instances
# weights:  43 (42 variable)
initial  value 585.016220 
iter  10 value 332.097692
iter  20 value 264.114266
iter  30 value 231.920826
iter  40 value 228.242634
iter  50 value 228.045433
iter  60 value 227.911779
iter  70 value 227.874468
iter  80 value 227.861956
iter  90 value 227.852073
iter 100 value 227.849962
final  value 227.849962 
stopped after 100 iterations
Dataset: qsar-biodeg 
Fold: 3 
Method: multinom 
Noise level:  30 %
Percentage of altered instances:  10 %
Using 21 indices (first 21 from shuffled list)
Loading noise data from: results/noise_injection/by_dataset/qsar-biodeg_V7_noise0.3.csv 
Using 21 indices for  10 % of instances
Calculate prediction
Confusion matrix
Dataset: qsar-biodeg 
Fold: 3 
Method: multinom 
Noise level:  30 %
Percentage of altered instances:  20 %
Using 42 indices (first 42 from shuffled list)
Loading noise data from: results/noise_injection/by_dataset/qsar-biodeg_V7_noise0.3.csv 
Using 42 indices for  20 % of instances
Calculate prediction
Confusion matrix
Dataset: qsar-biodeg 
Fold: 3 
Method: multinom 
Noise level:  30 %
Percentage of altered instances:  25 %
Using 53 indices (first 53 from shuffled list)
Loading noise data from: results/noise_injection/by_dataset/qsar-biodeg_V7_noise0.3.csv 
Using 53 indices for  25 % of instances
Calculate prediction
Confusion matrix
Dataset: qsar-biodeg 
Fold: 3 
Method: multinom 
Noise level:  30 %
Percentage of altered instances:  30 %
Using 63 indices (first 63 from shuffled list)
Loading noise data from: results/noise_injection/by_dataset/qsar-biodeg_V7_noise0.3.csv 
Using 63 indices for  30 % of instances
Calculate prediction
Confusion matrix
Dataset: qsar-biodeg 
Fold: 3 
Method: multinom 
Noise level:  30 %
Percentage of altered instances:  40 %
Using 84 indices (first 84 from shuffled list)
Loading noise data from: results/noise_injection/by_dataset/qsar-biodeg_V7_noise0.3.csv 
Using 84 indices for  40 % of instances
Calculate prediction
Confusion matrix
Dataset: qsar-biodeg 
Fold: 3 
Method: multinom 
Noise level:  30 %
Percentage of altered instances:  50 %
Using 106 indices (first 106 from shuffled list)
Loading noise data from: results/noise_injection/by_dataset/qsar-biodeg_V7_noise0.3.csv 
Using 106 indices for  50 % of instances
Calculate prediction
Confusion matrix
Dataset: qsar-biodeg 
Fold: 3 
Method: multinom 
Noise level:  30 %
Percentage of altered instances:  60 %
Using 127 indices (first 127 from shuffled list)
Loading noise data from: results/noise_injection/by_dataset/qsar-biodeg_V7_noise0.3.csv 
Using 127 indices for  60 % of instances
Calculate prediction
Confusion matrix
Dataset: qsar-biodeg 
Fold: 3 
Method: multinom 
Noise level:  30 %
Percentage of altered instances:  70 %
Using 148 indices (first 148 from shuffled list)
Loading noise data from: results/noise_injection/by_dataset/qsar-biodeg_V7_noise0.3.csv 
Using 148 indices for  70 % of instances
Calculate prediction
Confusion matrix
Dataset: qsar-biodeg 
Fold: 3 
Method: multinom 
Noise level:  30 %
Percentage of altered instances:  75 %
Using 158 indices (first 158 from shuffled list)
Loading noise data from: results/noise_injection/by_dataset/qsar-biodeg_V7_noise0.3.csv 
Using 158 indices for  75 % of instances
Calculate prediction
Confusion matrix
Dataset: qsar-biodeg 
Fold: 3 
Method: multinom 
Noise level:  30 %
Percentage of altered instances:  80 %
Using 169 indices (first 169 from shuffled list)
Loading noise data from: results/noise_injection/by_dataset/qsar-biodeg_V7_noise0.3.csv 
Using 169 indices for  80 % of instances
Calculate prediction
Confusion matrix
Dataset: qsar-biodeg 
Fold: 3 
Method: multinom 
Noise level:  30 %
Percentage of altered instances:  90 %
Using 190 indices (first 190 from shuffled list)
Loading noise data from: results/noise_injection/by_dataset/qsar-biodeg_V7_noise0.3.csv 
Using 190 indices for  90 % of instances
Calculate prediction
Confusion matrix
Dataset: qsar-biodeg 
Fold: 3 
Method: multinom 
Noise level:  30 %
Percentage of altered instances:  100 %
Using 211 indices (first 211 from shuffled list)
Loading noise data from: results/noise_injection/by_dataset/qsar-biodeg_V7_noise0.3.csv 
Using 211 indices for  100 % of instances
Calculate prediction
Confusion matrix
Loaded 211 indices for fold 4 from: results/instances/original/vectors/qsar-biodeg_multinom_all_folds.csv 

=== Training model with 10 % noise in training data ===
Critical percentage for training noise: 100 %
Loading training noise data from: results/noise_injection/by_dataset/qsar-biodeg_V7_noise0.1.csv 
Altering 844 out of 844 training instances
# weights:  43 (42 variable)
initial  value 585.016220 
iter  10 value 342.057487
iter  20 value 280.074549
iter  30 value 243.868824
iter  40 value 239.907973
iter  50 value 239.212449
iter  60 value 238.842561
iter  70 value 238.763489
iter  80 value 238.737827
iter  90 value 238.735277
iter 100 value 238.734242
final  value 238.734242 
stopped after 100 iterations
Dataset: qsar-biodeg 
Fold: 4 
Method: multinom 
Noise level:  10 %
Percentage of altered instances:  10 %
Using 21 indices (first 21 from shuffled list)
Loading noise data from: results/noise_injection/by_dataset/qsar-biodeg_V7_noise0.1.csv 
Using 21 indices for  10 % of instances
Calculate prediction
Confusion matrix
Dataset: qsar-biodeg 
Fold: 4 
Method: multinom 
Noise level:  10 %
Percentage of altered instances:  20 %
Using 42 indices (first 42 from shuffled list)
Loading noise data from: results/noise_injection/by_dataset/qsar-biodeg_V7_noise0.1.csv 
Using 42 indices for  20 % of instances
Calculate prediction
Confusion matrix
Dataset: qsar-biodeg 
Fold: 4 
Method: multinom 
Noise level:  10 %
Percentage of altered instances:  25 %
Using 53 indices (first 53 from shuffled list)
Loading noise data from: results/noise_injection/by_dataset/qsar-biodeg_V7_noise0.1.csv 
Using 53 indices for  25 % of instances
Calculate prediction
Confusion matrix
Dataset: qsar-biodeg 
Fold: 4 
Method: multinom 
Noise level:  10 %
Percentage of altered instances:  30 %
Using 63 indices (first 63 from shuffled list)
Loading noise data from: results/noise_injection/by_dataset/qsar-biodeg_V7_noise0.1.csv 
Using 63 indices for  30 % of instances
Calculate prediction
Confusion matrix
Dataset: qsar-biodeg 
Fold: 4 
Method: multinom 
Noise level:  10 %
Percentage of altered instances:  40 %
Using 84 indices (first 84 from shuffled list)
Loading noise data from: results/noise_injection/by_dataset/qsar-biodeg_V7_noise0.1.csv 
Using 84 indices for  40 % of instances
Calculate prediction
Confusion matrix
Dataset: qsar-biodeg 
Fold: 4 
Method: multinom 
Noise level:  10 %
Percentage of altered instances:  50 %
Using 106 indices (first 106 from shuffled list)
Loading noise data from: results/noise_injection/by_dataset/qsar-biodeg_V7_noise0.1.csv 
Using 106 indices for  50 % of instances
Calculate prediction
Confusion matrix
Dataset: qsar-biodeg 
Fold: 4 
Method: multinom 
Noise level:  10 %
Percentage of altered instances:  60 %
Using 127 indices (first 127 from shuffled list)
Loading noise data from: results/noise_injection/by_dataset/qsar-biodeg_V7_noise0.1.csv 
Using 127 indices for  60 % of instances
Calculate prediction
Confusion matrix
Dataset: qsar-biodeg 
Fold: 4 
Method: multinom 
Noise level:  10 %
Percentage of altered instances:  70 %
Using 148 indices (first 148 from shuffled list)
Loading noise data from: results/noise_injection/by_dataset/qsar-biodeg_V7_noise0.1.csv 
Using 148 indices for  70 % of instances
Calculate prediction
Confusion matrix
Dataset: qsar-biodeg 
Fold: 4 
Method: multinom 
Noise level:  10 %
Percentage of altered instances:  75 %
Using 158 indices (first 158 from shuffled list)
Loading noise data from: results/noise_injection/by_dataset/qsar-biodeg_V7_noise0.1.csv 
Using 158 indices for  75 % of instances
Calculate prediction
Confusion matrix
Dataset: qsar-biodeg 
Fold: 4 
Method: multinom 
Noise level:  10 %
Percentage of altered instances:  80 %
Using 169 indices (first 169 from shuffled list)
Loading noise data from: results/noise_injection/by_dataset/qsar-biodeg_V7_noise0.1.csv 
Using 169 indices for  80 % of instances
Calculate prediction
Confusion matrix
Dataset: qsar-biodeg 
Fold: 4 
Method: multinom 
Noise level:  10 %
Percentage of altered instances:  90 %
Using 190 indices (first 190 from shuffled list)
Loading noise data from: results/noise_injection/by_dataset/qsar-biodeg_V7_noise0.1.csv 
Using 190 indices for  90 % of instances
Calculate prediction
Confusion matrix
Dataset: qsar-biodeg 
Fold: 4 
Method: multinom 
Noise level:  10 %
Percentage of altered instances:  100 %
Using 211 indices (first 211 from shuffled list)
Loading noise data from: results/noise_injection/by_dataset/qsar-biodeg_V7_noise0.1.csv 
Using 211 indices for  100 % of instances
Calculate prediction
Confusion matrix

=== Training model with 20 % noise in training data ===
Critical percentage for training noise: 80 %
Loading training noise data from: results/noise_injection/by_dataset/qsar-biodeg_V7_noise0.2.csv 
Altering 675 out of 844 training instances
# weights:  43 (42 variable)
initial  value 585.016220 
iter  10 value 342.880313
iter  20 value 277.281633
iter  30 value 241.963263
iter  40 value 238.712292
iter  50 value 238.018819
iter  60 value 237.763970
iter  70 value 237.677510
iter  80 value 237.641058
iter  90 value 237.639084
iter 100 value 237.638443
final  value 237.638443 
stopped after 100 iterations
Dataset: qsar-biodeg 
Fold: 4 
Method: multinom 
Noise level:  20 %
Percentage of altered instances:  10 %
Using 21 indices (first 21 from shuffled list)
Loading noise data from: results/noise_injection/by_dataset/qsar-biodeg_V7_noise0.2.csv 
Using 21 indices for  10 % of instances
Calculate prediction
Confusion matrix
Dataset: qsar-biodeg 
Fold: 4 
Method: multinom 
Noise level:  20 %
Percentage of altered instances:  20 %
Using 42 indices (first 42 from shuffled list)
Loading noise data from: results/noise_injection/by_dataset/qsar-biodeg_V7_noise0.2.csv 
Using 42 indices for  20 % of instances
Calculate prediction
Confusion matrix
Dataset: qsar-biodeg 
Fold: 4 
Method: multinom 
Noise level:  20 %
Percentage of altered instances:  25 %
Using 53 indices (first 53 from shuffled list)
Loading noise data from: results/noise_injection/by_dataset/qsar-biodeg_V7_noise0.2.csv 
Using 53 indices for  25 % of instances
Calculate prediction
Confusion matrix
Dataset: qsar-biodeg 
Fold: 4 
Method: multinom 
Noise level:  20 %
Percentage of altered instances:  30 %
Using 63 indices (first 63 from shuffled list)
Loading noise data from: results/noise_injection/by_dataset/qsar-biodeg_V7_noise0.2.csv 
Using 63 indices for  30 % of instances
Calculate prediction
Confusion matrix
Dataset: qsar-biodeg 
Fold: 4 
Method: multinom 
Noise level:  20 %
Percentage of altered instances:  40 %
Using 84 indices (first 84 from shuffled list)
Loading noise data from: results/noise_injection/by_dataset/qsar-biodeg_V7_noise0.2.csv 
Using 84 indices for  40 % of instances
Calculate prediction
Confusion matrix
Dataset: qsar-biodeg 
Fold: 4 
Method: multinom 
Noise level:  20 %
Percentage of altered instances:  50 %
Using 106 indices (first 106 from shuffled list)
Loading noise data from: results/noise_injection/by_dataset/qsar-biodeg_V7_noise0.2.csv 
Using 106 indices for  50 % of instances
Calculate prediction
Confusion matrix
Dataset: qsar-biodeg 
Fold: 4 
Method: multinom 
Noise level:  20 %
Percentage of altered instances:  60 %
Using 127 indices (first 127 from shuffled list)
Loading noise data from: results/noise_injection/by_dataset/qsar-biodeg_V7_noise0.2.csv 
Using 127 indices for  60 % of instances
Calculate prediction
Confusion matrix
Dataset: qsar-biodeg 
Fold: 4 
Method: multinom 
Noise level:  20 %
Percentage of altered instances:  70 %
Using 148 indices (first 148 from shuffled list)
Loading noise data from: results/noise_injection/by_dataset/qsar-biodeg_V7_noise0.2.csv 
Using 148 indices for  70 % of instances
Calculate prediction
Confusion matrix
Dataset: qsar-biodeg 
Fold: 4 
Method: multinom 
Noise level:  20 %
Percentage of altered instances:  75 %
Using 158 indices (first 158 from shuffled list)
Loading noise data from: results/noise_injection/by_dataset/qsar-biodeg_V7_noise0.2.csv 
Using 158 indices for  75 % of instances
Calculate prediction
Confusion matrix
Dataset: qsar-biodeg 
Fold: 4 
Method: multinom 
Noise level:  20 %
Percentage of altered instances:  80 %
Using 169 indices (first 169 from shuffled list)
Loading noise data from: results/noise_injection/by_dataset/qsar-biodeg_V7_noise0.2.csv 
Using 169 indices for  80 % of instances
Calculate prediction
Confusion matrix
Dataset: qsar-biodeg 
Fold: 4 
Method: multinom 
Noise level:  20 %
Percentage of altered instances:  90 %
Using 190 indices (first 190 from shuffled list)
Loading noise data from: results/noise_injection/by_dataset/qsar-biodeg_V7_noise0.2.csv 
Using 190 indices for  90 % of instances
Calculate prediction
Confusion matrix
Dataset: qsar-biodeg 
Fold: 4 
Method: multinom 
Noise level:  20 %
Percentage of altered instances:  100 %
Using 211 indices (first 211 from shuffled list)
Loading noise data from: results/noise_injection/by_dataset/qsar-biodeg_V7_noise0.2.csv 
Using 211 indices for  100 % of instances
Calculate prediction
Confusion matrix

=== Training model with 30 % noise in training data ===
Critical percentage for training noise: 50 %
Loading training noise data from: results/noise_injection/by_dataset/qsar-biodeg_V7_noise0.3.csv 
Altering 422 out of 844 training instances
# weights:  43 (42 variable)
initial  value 585.016220 
iter  10 value 347.183795
iter  20 value 274.628808
iter  30 value 241.524591
iter  40 value 237.926056
iter  50 value 237.234086
iter  60 value 236.949287
iter  70 value 236.886459
iter  80 value 236.860964
final  value 236.859896 
converged
Dataset: qsar-biodeg 
Fold: 4 
Method: multinom 
Noise level:  30 %
Percentage of altered instances:  10 %
Using 21 indices (first 21 from shuffled list)
Loading noise data from: results/noise_injection/by_dataset/qsar-biodeg_V7_noise0.3.csv 
Using 21 indices for  10 % of instances
Calculate prediction
Confusion matrix
Dataset: qsar-biodeg 
Fold: 4 
Method: multinom 
Noise level:  30 %
Percentage of altered instances:  20 %
Using 42 indices (first 42 from shuffled list)
Loading noise data from: results/noise_injection/by_dataset/qsar-biodeg_V7_noise0.3.csv 
Using 42 indices for  20 % of instances
Calculate prediction
Confusion matrix
Dataset: qsar-biodeg 
Fold: 4 
Method: multinom 
Noise level:  30 %
Percentage of altered instances:  25 %
Using 53 indices (first 53 from shuffled list)
Loading noise data from: results/noise_injection/by_dataset/qsar-biodeg_V7_noise0.3.csv 
Using 53 indices for  25 % of instances
Calculate prediction
Confusion matrix
Dataset: qsar-biodeg 
Fold: 4 
Method: multinom 
Noise level:  30 %
Percentage of altered instances:  30 %
Using 63 indices (first 63 from shuffled list)
Loading noise data from: results/noise_injection/by_dataset/qsar-biodeg_V7_noise0.3.csv 
Using 63 indices for  30 % of instances
Calculate prediction
Confusion matrix
Dataset: qsar-biodeg 
Fold: 4 
Method: multinom 
Noise level:  30 %
Percentage of altered instances:  40 %
Using 84 indices (first 84 from shuffled list)
Loading noise data from: results/noise_injection/by_dataset/qsar-biodeg_V7_noise0.3.csv 
Using 84 indices for  40 % of instances
Calculate prediction
Confusion matrix
Dataset: qsar-biodeg 
Fold: 4 
Method: multinom 
Noise level:  30 %
Percentage of altered instances:  50 %
Using 106 indices (first 106 from shuffled list)
Loading noise data from: results/noise_injection/by_dataset/qsar-biodeg_V7_noise0.3.csv 
Using 106 indices for  50 % of instances
Calculate prediction
Confusion matrix
Dataset: qsar-biodeg 
Fold: 4 
Method: multinom 
Noise level:  30 %
Percentage of altered instances:  60 %
Using 127 indices (first 127 from shuffled list)
Loading noise data from: results/noise_injection/by_dataset/qsar-biodeg_V7_noise0.3.csv 
Using 127 indices for  60 % of instances
Calculate prediction
Confusion matrix
Dataset: qsar-biodeg 
Fold: 4 
Method: multinom 
Noise level:  30 %
Percentage of altered instances:  70 %
Using 148 indices (first 148 from shuffled list)
Loading noise data from: results/noise_injection/by_dataset/qsar-biodeg_V7_noise0.3.csv 
Using 148 indices for  70 % of instances
Calculate prediction
Confusion matrix
Dataset: qsar-biodeg 
Fold: 4 
Method: multinom 
Noise level:  30 %
Percentage of altered instances:  75 %
Using 158 indices (first 158 from shuffled list)
Loading noise data from: results/noise_injection/by_dataset/qsar-biodeg_V7_noise0.3.csv 
Using 158 indices for  75 % of instances
Calculate prediction
Confusion matrix
Dataset: qsar-biodeg 
Fold: 4 
Method: multinom 
Noise level:  30 %
Percentage of altered instances:  80 %
Using 169 indices (first 169 from shuffled list)
Loading noise data from: results/noise_injection/by_dataset/qsar-biodeg_V7_noise0.3.csv 
Using 169 indices for  80 % of instances
Calculate prediction
Confusion matrix
Dataset: qsar-biodeg 
Fold: 4 
Method: multinom 
Noise level:  30 %
Percentage of altered instances:  90 %
Using 190 indices (first 190 from shuffled list)
Loading noise data from: results/noise_injection/by_dataset/qsar-biodeg_V7_noise0.3.csv 
Using 190 indices for  90 % of instances
Calculate prediction
Confusion matrix
Dataset: qsar-biodeg 
Fold: 4 
Method: multinom 
Noise level:  30 %
Percentage of altered instances:  100 %
Using 211 indices (first 211 from shuffled list)
Loading noise data from: results/noise_injection/by_dataset/qsar-biodeg_V7_noise0.3.csv 
Using 211 indices for  100 % of instances
Calculate prediction
Confusion matrix
Loaded 212 indices for fold 5 from: results/instances/original/vectors/qsar-biodeg_multinom_all_folds.csv 

=== Training model with 10 % noise in training data ===
Critical percentage for training noise: 100 %
Loading training noise data from: results/noise_injection/by_dataset/qsar-biodeg_V7_noise0.1.csv 
Altering 843 out of 843 training instances
# weights:  43 (42 variable)
initial  value 584.323073 
iter  10 value 351.522991
iter  20 value 286.609938
iter  30 value 253.904982
iter  40 value 249.098844
iter  50 value 248.905184
iter  60 value 248.808066
iter  70 value 248.785667
iter  80 value 248.696309
final  value 248.643632 
converged
Dataset: qsar-biodeg 
Fold: 5 
Method: multinom 
Noise level:  10 %
Percentage of altered instances:  10 %
Using 21 indices (first 21 from shuffled list)
Loading noise data from: results/noise_injection/by_dataset/qsar-biodeg_V7_noise0.1.csv 
Using 21 indices for  10 % of instances
Calculate prediction
Confusion matrix
Dataset: qsar-biodeg 
Fold: 5 
Method: multinom 
Noise level:  10 %
Percentage of altered instances:  20 %
Using 42 indices (first 42 from shuffled list)
Loading noise data from: results/noise_injection/by_dataset/qsar-biodeg_V7_noise0.1.csv 
Using 42 indices for  20 % of instances
Calculate prediction
Confusion matrix
Dataset: qsar-biodeg 
Fold: 5 
Method: multinom 
Noise level:  10 %
Percentage of altered instances:  25 %
Using 53 indices (first 53 from shuffled list)
Loading noise data from: results/noise_injection/by_dataset/qsar-biodeg_V7_noise0.1.csv 
Using 53 indices for  25 % of instances
Calculate prediction
Confusion matrix
Dataset: qsar-biodeg 
Fold: 5 
Method: multinom 
Noise level:  10 %
Percentage of altered instances:  30 %
Using 64 indices (first 64 from shuffled list)
Loading noise data from: results/noise_injection/by_dataset/qsar-biodeg_V7_noise0.1.csv 
Using 64 indices for  30 % of instances
Calculate prediction
Confusion matrix
Dataset: qsar-biodeg 
Fold: 5 
Method: multinom 
Noise level:  10 %
Percentage of altered instances:  40 %
Using 85 indices (first 85 from shuffled list)
Loading noise data from: results/noise_injection/by_dataset/qsar-biodeg_V7_noise0.1.csv 
Using 85 indices for  40 % of instances
Calculate prediction
Confusion matrix
Dataset: qsar-biodeg 
Fold: 5 
Method: multinom 
Noise level:  10 %
Percentage of altered instances:  50 %
Using 106 indices (first 106 from shuffled list)
Loading noise data from: results/noise_injection/by_dataset/qsar-biodeg_V7_noise0.1.csv 
Using 106 indices for  50 % of instances
Calculate prediction
Confusion matrix
Dataset: qsar-biodeg 
Fold: 5 
Method: multinom 
Noise level:  10 %
Percentage of altered instances:  60 %
Using 127 indices (first 127 from shuffled list)
Loading noise data from: results/noise_injection/by_dataset/qsar-biodeg_V7_noise0.1.csv 
Using 127 indices for  60 % of instances
Calculate prediction
Confusion matrix
Dataset: qsar-biodeg 
Fold: 5 
Method: multinom 
Noise level:  10 %
Percentage of altered instances:  70 %
Using 148 indices (first 148 from shuffled list)
Loading noise data from: results/noise_injection/by_dataset/qsar-biodeg_V7_noise0.1.csv 
Using 148 indices for  70 % of instances
Calculate prediction
Confusion matrix
Dataset: qsar-biodeg 
Fold: 5 
Method: multinom 
Noise level:  10 %
Percentage of altered instances:  75 %
Using 159 indices (first 159 from shuffled list)
Loading noise data from: results/noise_injection/by_dataset/qsar-biodeg_V7_noise0.1.csv 
Using 159 indices for  75 % of instances
Calculate prediction
Confusion matrix
Dataset: qsar-biodeg 
Fold: 5 
Method: multinom 
Noise level:  10 %
Percentage of altered instances:  80 %
Using 170 indices (first 170 from shuffled list)
Loading noise data from: results/noise_injection/by_dataset/qsar-biodeg_V7_noise0.1.csv 
Using 170 indices for  80 % of instances
Calculate prediction
Confusion matrix
Dataset: qsar-biodeg 
Fold: 5 
Method: multinom 
Noise level:  10 %
Percentage of altered instances:  90 %
Using 191 indices (first 191 from shuffled list)
Loading noise data from: results/noise_injection/by_dataset/qsar-biodeg_V7_noise0.1.csv 
Using 191 indices for  90 % of instances
Calculate prediction
Confusion matrix
Dataset: qsar-biodeg 
Fold: 5 
Method: multinom 
Noise level:  10 %
Percentage of altered instances:  100 %
Using 212 indices (first 212 from shuffled list)
Loading noise data from: results/noise_injection/by_dataset/qsar-biodeg_V7_noise0.1.csv 
Using 212 indices for  100 % of instances
Calculate prediction
Confusion matrix

=== Training model with 20 % noise in training data ===
Critical percentage for training noise: 80 %
Loading training noise data from: results/noise_injection/by_dataset/qsar-biodeg_V7_noise0.2.csv 
Altering 674 out of 843 training instances
# weights:  43 (42 variable)
initial  value 584.323073 
iter  10 value 351.350936
iter  20 value 285.622086
iter  30 value 254.227614
iter  40 value 248.986344
iter  50 value 248.851941
iter  60 value 248.764176
iter  70 value 248.746965
iter  80 value 248.660606
final  value 248.607762 
converged
Dataset: qsar-biodeg 
Fold: 5 
Method: multinom 
Noise level:  20 %
Percentage of altered instances:  10 %
Using 21 indices (first 21 from shuffled list)
Loading noise data from: results/noise_injection/by_dataset/qsar-biodeg_V7_noise0.2.csv 
Using 21 indices for  10 % of instances
Calculate prediction
Confusion matrix
Dataset: qsar-biodeg 
Fold: 5 
Method: multinom 
Noise level:  20 %
Percentage of altered instances:  20 %
Using 42 indices (first 42 from shuffled list)
Loading noise data from: results/noise_injection/by_dataset/qsar-biodeg_V7_noise0.2.csv 
Using 42 indices for  20 % of instances
Calculate prediction
Confusion matrix
Dataset: qsar-biodeg 
Fold: 5 
Method: multinom 
Noise level:  20 %
Percentage of altered instances:  25 %
Using 53 indices (first 53 from shuffled list)
Loading noise data from: results/noise_injection/by_dataset/qsar-biodeg_V7_noise0.2.csv 
Using 53 indices for  25 % of instances
Calculate prediction
Confusion matrix
Dataset: qsar-biodeg 
Fold: 5 
Method: multinom 
Noise level:  20 %
Percentage of altered instances:  30 %
Using 64 indices (first 64 from shuffled list)
Loading noise data from: results/noise_injection/by_dataset/qsar-biodeg_V7_noise0.2.csv 
Using 64 indices for  30 % of instances
Calculate prediction
Confusion matrix
Dataset: qsar-biodeg 
Fold: 5 
Method: multinom 
Noise level:  20 %
Percentage of altered instances:  40 %
Using 85 indices (first 85 from shuffled list)
Loading noise data from: results/noise_injection/by_dataset/qsar-biodeg_V7_noise0.2.csv 
Using 85 indices for  40 % of instances
Calculate prediction
Confusion matrix
Dataset: qsar-biodeg 
Fold: 5 
Method: multinom 
Noise level:  20 %
Percentage of altered instances:  50 %
Using 106 indices (first 106 from shuffled list)
Loading noise data from: results/noise_injection/by_dataset/qsar-biodeg_V7_noise0.2.csv 
Using 106 indices for  50 % of instances
Calculate prediction
Confusion matrix
Dataset: qsar-biodeg 
Fold: 5 
Method: multinom 
Noise level:  20 %
Percentage of altered instances:  60 %
Using 127 indices (first 127 from shuffled list)
Loading noise data from: results/noise_injection/by_dataset/qsar-biodeg_V7_noise0.2.csv 
Using 127 indices for  60 % of instances
Calculate prediction
Confusion matrix
Dataset: qsar-biodeg 
Fold: 5 
Method: multinom 
Noise level:  20 %
Percentage of altered instances:  70 %
Using 148 indices (first 148 from shuffled list)
Loading noise data from: results/noise_injection/by_dataset/qsar-biodeg_V7_noise0.2.csv 
Using 148 indices for  70 % of instances
Calculate prediction
Confusion matrix
Dataset: qsar-biodeg 
Fold: 5 
Method: multinom 
Noise level:  20 %
Percentage of altered instances:  75 %
Using 159 indices (first 159 from shuffled list)
Loading noise data from: results/noise_injection/by_dataset/qsar-biodeg_V7_noise0.2.csv 
Using 159 indices for  75 % of instances
Calculate prediction
Confusion matrix
Dataset: qsar-biodeg 
Fold: 5 
Method: multinom 
Noise level:  20 %
Percentage of altered instances:  80 %
Using 170 indices (first 170 from shuffled list)
Loading noise data from: results/noise_injection/by_dataset/qsar-biodeg_V7_noise0.2.csv 
Using 170 indices for  80 % of instances
Calculate prediction
Confusion matrix
Dataset: qsar-biodeg 
Fold: 5 
Method: multinom 
Noise level:  20 %
Percentage of altered instances:  90 %
Using 191 indices (first 191 from shuffled list)
Loading noise data from: results/noise_injection/by_dataset/qsar-biodeg_V7_noise0.2.csv 
Using 191 indices for  90 % of instances
Calculate prediction
Confusion matrix
Dataset: qsar-biodeg 
Fold: 5 
Method: multinom 
Noise level:  20 %
Percentage of altered instances:  100 %
Using 212 indices (first 212 from shuffled list)
Loading noise data from: results/noise_injection/by_dataset/qsar-biodeg_V7_noise0.2.csv 
Using 212 indices for  100 % of instances
Calculate prediction
Confusion matrix

=== Training model with 30 % noise in training data ===
Critical percentage for training noise: 50 %
Loading training noise data from: results/noise_injection/by_dataset/qsar-biodeg_V7_noise0.3.csv 
Altering 422 out of 843 training instances
# weights:  43 (42 variable)
initial  value 584.323073 
iter  10 value 351.046862
iter  20 value 285.902502
iter  30 value 253.607749
iter  40 value 250.096513
iter  50 value 249.987292
iter  60 value 249.897149
iter  70 value 249.889977
iter  80 value 249.833681
final  value 249.821100 
converged
Dataset: qsar-biodeg 
Fold: 5 
Method: multinom 
Noise level:  30 %
Percentage of altered instances:  10 %
Using 21 indices (first 21 from shuffled list)
Loading noise data from: results/noise_injection/by_dataset/qsar-biodeg_V7_noise0.3.csv 
Using 21 indices for  10 % of instances
Calculate prediction
Confusion matrix
Dataset: qsar-biodeg 
Fold: 5 
Method: multinom 
Noise level:  30 %
Percentage of altered instances:  20 %
Using 42 indices (first 42 from shuffled list)
Loading noise data from: results/noise_injection/by_dataset/qsar-biodeg_V7_noise0.3.csv 
Using 42 indices for  20 % of instances
Calculate prediction
Confusion matrix
Dataset: qsar-biodeg 
Fold: 5 
Method: multinom 
Noise level:  30 %
Percentage of altered instances:  25 %
Using 53 indices (first 53 from shuffled list)
Loading noise data from: results/noise_injection/by_dataset/qsar-biodeg_V7_noise0.3.csv 
Using 53 indices for  25 % of instances
Calculate prediction
Confusion matrix
Dataset: qsar-biodeg 
Fold: 5 
Method: multinom 
Noise level:  30 %
Percentage of altered instances:  30 %
Using 64 indices (first 64 from shuffled list)
Loading noise data from: results/noise_injection/by_dataset/qsar-biodeg_V7_noise0.3.csv 
Using 64 indices for  30 % of instances
Calculate prediction
Confusion matrix
Dataset: qsar-biodeg 
Fold: 5 
Method: multinom 
Noise level:  30 %
Percentage of altered instances:  40 %
Using 85 indices (first 85 from shuffled list)
Loading noise data from: results/noise_injection/by_dataset/qsar-biodeg_V7_noise0.3.csv 
Using 85 indices for  40 % of instances
Calculate prediction
Confusion matrix
Dataset: qsar-biodeg 
Fold: 5 
Method: multinom 
Noise level:  30 %
Percentage of altered instances:  50 %
Using 106 indices (first 106 from shuffled list)
Loading noise data from: results/noise_injection/by_dataset/qsar-biodeg_V7_noise0.3.csv 
Using 106 indices for  50 % of instances
Calculate prediction
Confusion matrix
Dataset: qsar-biodeg 
Fold: 5 
Method: multinom 
Noise level:  30 %
Percentage of altered instances:  60 %
Using 127 indices (first 127 from shuffled list)
Loading noise data from: results/noise_injection/by_dataset/qsar-biodeg_V7_noise0.3.csv 
Using 127 indices for  60 % of instances
Calculate prediction
Confusion matrix
Dataset: qsar-biodeg 
Fold: 5 
Method: multinom 
Noise level:  30 %
Percentage of altered instances:  70 %
Using 148 indices (first 148 from shuffled list)
Loading noise data from: results/noise_injection/by_dataset/qsar-biodeg_V7_noise0.3.csv 
Using 148 indices for  70 % of instances
Calculate prediction
Confusion matrix
Dataset: qsar-biodeg 
Fold: 5 
Method: multinom 
Noise level:  30 %
Percentage of altered instances:  75 %
Using 159 indices (first 159 from shuffled list)
Loading noise data from: results/noise_injection/by_dataset/qsar-biodeg_V7_noise0.3.csv 
Using 159 indices for  75 % of instances
Calculate prediction
Confusion matrix
Dataset: qsar-biodeg 
Fold: 5 
Method: multinom 
Noise level:  30 %
Percentage of altered instances:  80 %
Using 170 indices (first 170 from shuffled list)
Loading noise data from: results/noise_injection/by_dataset/qsar-biodeg_V7_noise0.3.csv 
Using 170 indices for  80 % of instances
Calculate prediction
Confusion matrix
Dataset: qsar-biodeg 
Fold: 5 
Method: multinom 
Noise level:  30 %
Percentage of altered instances:  90 %
Using 191 indices (first 191 from shuffled list)
Loading noise data from: results/noise_injection/by_dataset/qsar-biodeg_V7_noise0.3.csv 
Using 191 indices for  90 % of instances
Calculate prediction
Confusion matrix
Dataset: qsar-biodeg 
Fold: 5 
Method: multinom 
Noise level:  30 %
Percentage of altered instances:  100 %
Using 212 indices (first 212 from shuffled list)
Loading noise data from: results/noise_injection/by_dataset/qsar-biodeg_V7_noise0.3.csv 
Using 212 indices for  100 % of instances
Calculate prediction
Confusion matrix
Saved results to: results/instances/train_noise/by_dataset/qsar-biodeg_multinom_results.csv 
----------------
****************************
Instances altered with noise
****************************
