Current working directory: /home/chris/github/kappa-threshold 
parameters.csv exists: TRUE 
parameters.csv absolute path: /home/chris/github/kappa-threshold/data/files/parameters.csv 
Processing model: multinom for dataset: tic-tac-toe 
Loaded 193 indices for fold 1 from: results/instances/original/vectors/tic-tac-toe_multinom_all_folds.csv 

=== Training model with 10 % noise in training data ===
Critical percentage for training noise: 40 %
Loading training noise data from: results/noise_injection/by_dataset/tic-tac-toe_middle_middle_square_noise0.1.csv 
Altering 306 out of 765 training instances
# weights:  20 (19 variable)
initial  value 530.257593 
iter  10 value 169.438306
iter  20 value 152.524512
iter  30 value 152.495840
iter  30 value 152.495839
final  value 152.495833 
converged
Dataset: tic-tac-toe 
Fold: 1 
Method: multinom 
Noise level:  10 %
Percentage of altered instances:  10 %
Using 19 indices (first 19 from shuffled list)
Loading noise data from: results/noise_injection/by_dataset/tic-tac-toe_middle_middle_square_noise0.1.csv 
Using 19 indices for  10 % of instances
Calculate prediction
Confusion matrix
Dataset: tic-tac-toe 
Fold: 1 
Method: multinom 
Noise level:  10 %
Percentage of altered instances:  20 %
Using 39 indices (first 39 from shuffled list)
Loading noise data from: results/noise_injection/by_dataset/tic-tac-toe_middle_middle_square_noise0.1.csv 
Using 39 indices for  20 % of instances
Calculate prediction
Confusion matrix
Dataset: tic-tac-toe 
Fold: 1 
Method: multinom 
Noise level:  10 %
Percentage of altered instances:  25 %
Using 48 indices (first 48 from shuffled list)
Loading noise data from: results/noise_injection/by_dataset/tic-tac-toe_middle_middle_square_noise0.1.csv 
Using 48 indices for  25 % of instances
Calculate prediction
Confusion matrix
Dataset: tic-tac-toe 
Fold: 1 
Method: multinom 
Noise level:  10 %
Percentage of altered instances:  30 %
Using 58 indices (first 58 from shuffled list)
Loading noise data from: results/noise_injection/by_dataset/tic-tac-toe_middle_middle_square_noise0.1.csv 
Using 58 indices for  30 % of instances
Calculate prediction
Confusion matrix
Dataset: tic-tac-toe 
Fold: 1 
Method: multinom 
Noise level:  10 %
Percentage of altered instances:  40 %
Using 77 indices (first 77 from shuffled list)
Loading noise data from: results/noise_injection/by_dataset/tic-tac-toe_middle_middle_square_noise0.1.csv 
Using 77 indices for  40 % of instances
Calculate prediction
Confusion matrix
Dataset: tic-tac-toe 
Fold: 1 
Method: multinom 
Noise level:  10 %
Percentage of altered instances:  50 %
Using 96 indices (first 96 from shuffled list)
Loading noise data from: results/noise_injection/by_dataset/tic-tac-toe_middle_middle_square_noise0.1.csv 
Using 96 indices for  50 % of instances
Calculate prediction
Confusion matrix
Dataset: tic-tac-toe 
Fold: 1 
Method: multinom 
Noise level:  10 %
Percentage of altered instances:  60 %
Using 116 indices (first 116 from shuffled list)
Loading noise data from: results/noise_injection/by_dataset/tic-tac-toe_middle_middle_square_noise0.1.csv 
Using 116 indices for  60 % of instances
Calculate prediction
Confusion matrix
Dataset: tic-tac-toe 
Fold: 1 
Method: multinom 
Noise level:  10 %
Percentage of altered instances:  70 %
Using 135 indices (first 135 from shuffled list)
Loading noise data from: results/noise_injection/by_dataset/tic-tac-toe_middle_middle_square_noise0.1.csv 
Using 135 indices for  70 % of instances
Calculate prediction
Confusion matrix
Dataset: tic-tac-toe 
Fold: 1 
Method: multinom 
Noise level:  10 %
Percentage of altered instances:  75 %
Using 145 indices (first 145 from shuffled list)
Loading noise data from: results/noise_injection/by_dataset/tic-tac-toe_middle_middle_square_noise0.1.csv 
Using 145 indices for  75 % of instances
Calculate prediction
Confusion matrix
Dataset: tic-tac-toe 
Fold: 1 
Method: multinom 
Noise level:  10 %
Percentage of altered instances:  80 %
Using 154 indices (first 154 from shuffled list)
Loading noise data from: results/noise_injection/by_dataset/tic-tac-toe_middle_middle_square_noise0.1.csv 
Using 154 indices for  80 % of instances
Calculate prediction
Confusion matrix
Dataset: tic-tac-toe 
Fold: 1 
Method: multinom 
Noise level:  10 %
Percentage of altered instances:  90 %
Using 174 indices (first 174 from shuffled list)
Loading noise data from: results/noise_injection/by_dataset/tic-tac-toe_middle_middle_square_noise0.1.csv 
Using 174 indices for  90 % of instances
Calculate prediction
Confusion matrix
Dataset: tic-tac-toe 
Fold: 1 
Method: multinom 
Noise level:  10 %
Percentage of altered instances:  100 %
Using 193 indices (first 193 from shuffled list)
Loading noise data from: results/noise_injection/by_dataset/tic-tac-toe_middle_middle_square_noise0.1.csv 
Using 193 indices for  100 % of instances
Calculate prediction
Confusion matrix

=== Training model with 20 % noise in training data ===
Critical percentage for training noise: 25 %
Loading training noise data from: results/noise_injection/by_dataset/tic-tac-toe_middle_middle_square_noise0.2.csv 
Altering 191 out of 765 training instances
# weights:  20 (19 variable)
initial  value 530.257593 
iter  10 value 158.473947
iter  20 value 125.812842
final  value 125.774440 
converged
Dataset: tic-tac-toe 
Fold: 1 
Method: multinom 
Noise level:  20 %
Percentage of altered instances:  10 %
Using 19 indices (first 19 from shuffled list)
Loading noise data from: results/noise_injection/by_dataset/tic-tac-toe_middle_middle_square_noise0.2.csv 
Using 19 indices for  10 % of instances
Calculate prediction
Confusion matrix
Dataset: tic-tac-toe 
Fold: 1 
Method: multinom 
Noise level:  20 %
Percentage of altered instances:  20 %
Using 39 indices (first 39 from shuffled list)
Loading noise data from: results/noise_injection/by_dataset/tic-tac-toe_middle_middle_square_noise0.2.csv 
Using 39 indices for  20 % of instances
Calculate prediction
Confusion matrix
Dataset: tic-tac-toe 
Fold: 1 
Method: multinom 
Noise level:  20 %
Percentage of altered instances:  25 %
Using 48 indices (first 48 from shuffled list)
Loading noise data from: results/noise_injection/by_dataset/tic-tac-toe_middle_middle_square_noise0.2.csv 
Using 48 indices for  25 % of instances
Calculate prediction
Confusion matrix
Dataset: tic-tac-toe 
Fold: 1 
Method: multinom 
Noise level:  20 %
Percentage of altered instances:  30 %
Using 58 indices (first 58 from shuffled list)
Loading noise data from: results/noise_injection/by_dataset/tic-tac-toe_middle_middle_square_noise0.2.csv 
Using 58 indices for  30 % of instances
Calculate prediction
Confusion matrix
Dataset: tic-tac-toe 
Fold: 1 
Method: multinom 
Noise level:  20 %
Percentage of altered instances:  40 %
Using 77 indices (first 77 from shuffled list)
Loading noise data from: results/noise_injection/by_dataset/tic-tac-toe_middle_middle_square_noise0.2.csv 
Using 77 indices for  40 % of instances
Calculate prediction
Confusion matrix
Dataset: tic-tac-toe 
Fold: 1 
Method: multinom 
Noise level:  20 %
Percentage of altered instances:  50 %
Using 96 indices (first 96 from shuffled list)
Loading noise data from: results/noise_injection/by_dataset/tic-tac-toe_middle_middle_square_noise0.2.csv 
Using 96 indices for  50 % of instances
Calculate prediction
Confusion matrix
Dataset: tic-tac-toe 
Fold: 1 
Method: multinom 
Noise level:  20 %
Percentage of altered instances:  60 %
Using 116 indices (first 116 from shuffled list)
Loading noise data from: results/noise_injection/by_dataset/tic-tac-toe_middle_middle_square_noise0.2.csv 
Using 116 indices for  60 % of instances
Calculate prediction
Confusion matrix
Dataset: tic-tac-toe 
Fold: 1 
Method: multinom 
Noise level:  20 %
Percentage of altered instances:  70 %
Using 135 indices (first 135 from shuffled list)
Loading noise data from: results/noise_injection/by_dataset/tic-tac-toe_middle_middle_square_noise0.2.csv 
Using 135 indices for  70 % of instances
Calculate prediction
Confusion matrix
Dataset: tic-tac-toe 
Fold: 1 
Method: multinom 
Noise level:  20 %
Percentage of altered instances:  75 %
Using 145 indices (first 145 from shuffled list)
Loading noise data from: results/noise_injection/by_dataset/tic-tac-toe_middle_middle_square_noise0.2.csv 
Using 145 indices for  75 % of instances
Calculate prediction
Confusion matrix
Dataset: tic-tac-toe 
Fold: 1 
Method: multinom 
Noise level:  20 %
Percentage of altered instances:  80 %
Using 154 indices (first 154 from shuffled list)
Loading noise data from: results/noise_injection/by_dataset/tic-tac-toe_middle_middle_square_noise0.2.csv 
Using 154 indices for  80 % of instances
Calculate prediction
Confusion matrix
Dataset: tic-tac-toe 
Fold: 1 
Method: multinom 
Noise level:  20 %
Percentage of altered instances:  90 %
Using 174 indices (first 174 from shuffled list)
Loading noise data from: results/noise_injection/by_dataset/tic-tac-toe_middle_middle_square_noise0.2.csv 
Using 174 indices for  90 % of instances
Calculate prediction
Confusion matrix
Dataset: tic-tac-toe 
Fold: 1 
Method: multinom 
Noise level:  20 %
Percentage of altered instances:  100 %
Using 193 indices (first 193 from shuffled list)
Loading noise data from: results/noise_injection/by_dataset/tic-tac-toe_middle_middle_square_noise0.2.csv 
Using 193 indices for  100 % of instances
Calculate prediction
Confusion matrix

=== Training model with 30 % noise in training data ===
Critical percentage for training noise: 30 %
Loading training noise data from: results/noise_injection/by_dataset/tic-tac-toe_middle_middle_square_noise0.3.csv 
Altering 230 out of 765 training instances
# weights:  20 (19 variable)
initial  value 530.257593 
iter  10 value 230.493155
iter  20 value 215.764528
final  value 215.730287 
converged
Dataset: tic-tac-toe 
Fold: 1 
Method: multinom 
Noise level:  30 %
Percentage of altered instances:  10 %
Using 19 indices (first 19 from shuffled list)
Loading noise data from: results/noise_injection/by_dataset/tic-tac-toe_middle_middle_square_noise0.3.csv 
Using 19 indices for  10 % of instances
Calculate prediction
Confusion matrix
Dataset: tic-tac-toe 
Fold: 1 
Method: multinom 
Noise level:  30 %
Percentage of altered instances:  20 %
Using 39 indices (first 39 from shuffled list)
Loading noise data from: results/noise_injection/by_dataset/tic-tac-toe_middle_middle_square_noise0.3.csv 
Using 39 indices for  20 % of instances
Calculate prediction
Confusion matrix
Dataset: tic-tac-toe 
Fold: 1 
Method: multinom 
Noise level:  30 %
Percentage of altered instances:  25 %
Using 48 indices (first 48 from shuffled list)
Loading noise data from: results/noise_injection/by_dataset/tic-tac-toe_middle_middle_square_noise0.3.csv 
Using 48 indices for  25 % of instances
Calculate prediction
Confusion matrix
Dataset: tic-tac-toe 
Fold: 1 
Method: multinom 
Noise level:  30 %
Percentage of altered instances:  30 %
Using 58 indices (first 58 from shuffled list)
Loading noise data from: results/noise_injection/by_dataset/tic-tac-toe_middle_middle_square_noise0.3.csv 
Using 58 indices for  30 % of instances
Calculate prediction
Confusion matrix
Dataset: tic-tac-toe 
Fold: 1 
Method: multinom 
Noise level:  30 %
Percentage of altered instances:  40 %
Using 77 indices (first 77 from shuffled list)
Loading noise data from: results/noise_injection/by_dataset/tic-tac-toe_middle_middle_square_noise0.3.csv 
Using 77 indices for  40 % of instances
Calculate prediction
Confusion matrix
Dataset: tic-tac-toe 
Fold: 1 
Method: multinom 
Noise level:  30 %
Percentage of altered instances:  50 %
Using 96 indices (first 96 from shuffled list)
Loading noise data from: results/noise_injection/by_dataset/tic-tac-toe_middle_middle_square_noise0.3.csv 
Using 96 indices for  50 % of instances
Calculate prediction
Confusion matrix
Dataset: tic-tac-toe 
Fold: 1 
Method: multinom 
Noise level:  30 %
Percentage of altered instances:  60 %
Using 116 indices (first 116 from shuffled list)
Loading noise data from: results/noise_injection/by_dataset/tic-tac-toe_middle_middle_square_noise0.3.csv 
Using 116 indices for  60 % of instances
Calculate prediction
Confusion matrix
Dataset: tic-tac-toe 
Fold: 1 
Method: multinom 
Noise level:  30 %
Percentage of altered instances:  70 %
Using 135 indices (first 135 from shuffled list)
Loading noise data from: results/noise_injection/by_dataset/tic-tac-toe_middle_middle_square_noise0.3.csv 
Using 135 indices for  70 % of instances
Calculate prediction
Confusion matrix
Dataset: tic-tac-toe 
Fold: 1 
Method: multinom 
Noise level:  30 %
Percentage of altered instances:  75 %
Using 145 indices (first 145 from shuffled list)
Loading noise data from: results/noise_injection/by_dataset/tic-tac-toe_middle_middle_square_noise0.3.csv 
Using 145 indices for  75 % of instances
Calculate prediction
Confusion matrix
Dataset: tic-tac-toe 
Fold: 1 
Method: multinom 
Noise level:  30 %
Percentage of altered instances:  80 %
Using 154 indices (first 154 from shuffled list)
Loading noise data from: results/noise_injection/by_dataset/tic-tac-toe_middle_middle_square_noise0.3.csv 
Using 154 indices for  80 % of instances
Calculate prediction
Confusion matrix
Dataset: tic-tac-toe 
Fold: 1 
Method: multinom 
Noise level:  30 %
Percentage of altered instances:  90 %
Using 174 indices (first 174 from shuffled list)
Loading noise data from: results/noise_injection/by_dataset/tic-tac-toe_middle_middle_square_noise0.3.csv 
Using 174 indices for  90 % of instances
Calculate prediction
Confusion matrix
Dataset: tic-tac-toe 
Fold: 1 
Method: multinom 
Noise level:  30 %
Percentage of altered instances:  100 %
Using 193 indices (first 193 from shuffled list)
Loading noise data from: results/noise_injection/by_dataset/tic-tac-toe_middle_middle_square_noise0.3.csv 
Using 193 indices for  100 % of instances
Calculate prediction
Confusion matrix
Loaded 191 indices for fold 2 from: results/instances/original/vectors/tic-tac-toe_multinom_all_folds.csv 

=== Training model with 10 % noise in training data ===
Critical percentage for training noise: 40 %
Loading training noise data from: results/noise_injection/by_dataset/tic-tac-toe_middle_middle_square_noise0.1.csv 
Altering 307 out of 767 training instances
# weights:  20 (19 variable)
initial  value 531.643887 
iter  10 value 176.600783
iter  20 value 162.420459
iter  30 value 162.367535
final  value 162.367532 
converged
Dataset: tic-tac-toe 
Fold: 2 
Method: multinom 
Noise level:  10 %
Percentage of altered instances:  10 %
Using 19 indices (first 19 from shuffled list)
Loading noise data from: results/noise_injection/by_dataset/tic-tac-toe_middle_middle_square_noise0.1.csv 
Using 19 indices for  10 % of instances
Calculate prediction
Confusion matrix
Dataset: tic-tac-toe 
Fold: 2 
Method: multinom 
Noise level:  10 %
Percentage of altered instances:  20 %
Using 38 indices (first 38 from shuffled list)
Loading noise data from: results/noise_injection/by_dataset/tic-tac-toe_middle_middle_square_noise0.1.csv 
Using 38 indices for  20 % of instances
Calculate prediction
Confusion matrix
Dataset: tic-tac-toe 
Fold: 2 
Method: multinom 
Noise level:  10 %
Percentage of altered instances:  25 %
Using 48 indices (first 48 from shuffled list)
Loading noise data from: results/noise_injection/by_dataset/tic-tac-toe_middle_middle_square_noise0.1.csv 
Using 48 indices for  25 % of instances
Calculate prediction
Confusion matrix
Dataset: tic-tac-toe 
Fold: 2 
Method: multinom 
Noise level:  10 %
Percentage of altered instances:  30 %
Using 57 indices (first 57 from shuffled list)
Loading noise data from: results/noise_injection/by_dataset/tic-tac-toe_middle_middle_square_noise0.1.csv 
Using 57 indices for  30 % of instances
Calculate prediction
Confusion matrix
Dataset: tic-tac-toe 
Fold: 2 
Method: multinom 
Noise level:  10 %
Percentage of altered instances:  40 %
Using 76 indices (first 76 from shuffled list)
Loading noise data from: results/noise_injection/by_dataset/tic-tac-toe_middle_middle_square_noise0.1.csv 
Using 76 indices for  40 % of instances
Calculate prediction
Confusion matrix
Dataset: tic-tac-toe 
Fold: 2 
Method: multinom 
Noise level:  10 %
Percentage of altered instances:  50 %
Using 96 indices (first 96 from shuffled list)
Loading noise data from: results/noise_injection/by_dataset/tic-tac-toe_middle_middle_square_noise0.1.csv 
Using 96 indices for  50 % of instances
Calculate prediction
Confusion matrix
Dataset: tic-tac-toe 
Fold: 2 
Method: multinom 
Noise level:  10 %
Percentage of altered instances:  60 %
Using 115 indices (first 115 from shuffled list)
Loading noise data from: results/noise_injection/by_dataset/tic-tac-toe_middle_middle_square_noise0.1.csv 
Using 115 indices for  60 % of instances
Calculate prediction
Confusion matrix
Dataset: tic-tac-toe 
Fold: 2 
Method: multinom 
Noise level:  10 %
Percentage of altered instances:  70 %
Using 134 indices (first 134 from shuffled list)
Loading noise data from: results/noise_injection/by_dataset/tic-tac-toe_middle_middle_square_noise0.1.csv 
Using 134 indices for  70 % of instances
Calculate prediction
Confusion matrix
Dataset: tic-tac-toe 
Fold: 2 
Method: multinom 
Noise level:  10 %
Percentage of altered instances:  75 %
Using 143 indices (first 143 from shuffled list)
Loading noise data from: results/noise_injection/by_dataset/tic-tac-toe_middle_middle_square_noise0.1.csv 
Using 143 indices for  75 % of instances
Calculate prediction
Confusion matrix
Dataset: tic-tac-toe 
Fold: 2 
Method: multinom 
Noise level:  10 %
Percentage of altered instances:  80 %
Using 153 indices (first 153 from shuffled list)
Loading noise data from: results/noise_injection/by_dataset/tic-tac-toe_middle_middle_square_noise0.1.csv 
Using 153 indices for  80 % of instances
Calculate prediction
Confusion matrix
Dataset: tic-tac-toe 
Fold: 2 
Method: multinom 
Noise level:  10 %
Percentage of altered instances:  90 %
Using 172 indices (first 172 from shuffled list)
Loading noise data from: results/noise_injection/by_dataset/tic-tac-toe_middle_middle_square_noise0.1.csv 
Using 172 indices for  90 % of instances
Calculate prediction
Confusion matrix
Dataset: tic-tac-toe 
Fold: 2 
Method: multinom 
Noise level:  10 %
Percentage of altered instances:  100 %
Using 191 indices (first 191 from shuffled list)
Loading noise data from: results/noise_injection/by_dataset/tic-tac-toe_middle_middle_square_noise0.1.csv 
Using 191 indices for  100 % of instances
Calculate prediction
Confusion matrix

=== Training model with 20 % noise in training data ===
Critical percentage for training noise: 25 %
Loading training noise data from: results/noise_injection/by_dataset/tic-tac-toe_middle_middle_square_noise0.2.csv 
Altering 192 out of 767 training instances
# weights:  20 (19 variable)
initial  value 531.643887 
iter  10 value 180.967794
iter  20 value 137.000938
iter  30 value 136.876755
final  value 136.876749 
converged
Dataset: tic-tac-toe 
Fold: 2 
Method: multinom 
Noise level:  20 %
Percentage of altered instances:  10 %
Using 19 indices (first 19 from shuffled list)
Loading noise data from: results/noise_injection/by_dataset/tic-tac-toe_middle_middle_square_noise0.2.csv 
Using 19 indices for  10 % of instances
Calculate prediction
Confusion matrix
Dataset: tic-tac-toe 
Fold: 2 
Method: multinom 
Noise level:  20 %
Percentage of altered instances:  20 %
Using 38 indices (first 38 from shuffled list)
Loading noise data from: results/noise_injection/by_dataset/tic-tac-toe_middle_middle_square_noise0.2.csv 
Using 38 indices for  20 % of instances
Calculate prediction
Confusion matrix
Dataset: tic-tac-toe 
Fold: 2 
Method: multinom 
Noise level:  20 %
Percentage of altered instances:  25 %
Using 48 indices (first 48 from shuffled list)
Loading noise data from: results/noise_injection/by_dataset/tic-tac-toe_middle_middle_square_noise0.2.csv 
Using 48 indices for  25 % of instances
Calculate prediction
Confusion matrix
Dataset: tic-tac-toe 
Fold: 2 
Method: multinom 
Noise level:  20 %
Percentage of altered instances:  30 %
Using 57 indices (first 57 from shuffled list)
Loading noise data from: results/noise_injection/by_dataset/tic-tac-toe_middle_middle_square_noise0.2.csv 
Using 57 indices for  30 % of instances
Calculate prediction
Confusion matrix
Dataset: tic-tac-toe 
Fold: 2 
Method: multinom 
Noise level:  20 %
Percentage of altered instances:  40 %
Using 76 indices (first 76 from shuffled list)
Loading noise data from: results/noise_injection/by_dataset/tic-tac-toe_middle_middle_square_noise0.2.csv 
Using 76 indices for  40 % of instances
Calculate prediction
Confusion matrix
Dataset: tic-tac-toe 
Fold: 2 
Method: multinom 
Noise level:  20 %
Percentage of altered instances:  50 %
Using 96 indices (first 96 from shuffled list)
Loading noise data from: results/noise_injection/by_dataset/tic-tac-toe_middle_middle_square_noise0.2.csv 
Using 96 indices for  50 % of instances
Calculate prediction
Confusion matrix
Dataset: tic-tac-toe 
Fold: 2 
Method: multinom 
Noise level:  20 %
Percentage of altered instances:  60 %
Using 115 indices (first 115 from shuffled list)
Loading noise data from: results/noise_injection/by_dataset/tic-tac-toe_middle_middle_square_noise0.2.csv 
Using 115 indices for  60 % of instances
Calculate prediction
Confusion matrix
Dataset: tic-tac-toe 
Fold: 2 
Method: multinom 
Noise level:  20 %
Percentage of altered instances:  70 %
Using 134 indices (first 134 from shuffled list)
Loading noise data from: results/noise_injection/by_dataset/tic-tac-toe_middle_middle_square_noise0.2.csv 
Using 134 indices for  70 % of instances
Calculate prediction
Confusion matrix
Dataset: tic-tac-toe 
Fold: 2 
Method: multinom 
Noise level:  20 %
Percentage of altered instances:  75 %
Using 143 indices (first 143 from shuffled list)
Loading noise data from: results/noise_injection/by_dataset/tic-tac-toe_middle_middle_square_noise0.2.csv 
Using 143 indices for  75 % of instances
Calculate prediction
Confusion matrix
Dataset: tic-tac-toe 
Fold: 2 
Method: multinom 
Noise level:  20 %
Percentage of altered instances:  80 %
Using 153 indices (first 153 from shuffled list)
Loading noise data from: results/noise_injection/by_dataset/tic-tac-toe_middle_middle_square_noise0.2.csv 
Using 153 indices for  80 % of instances
Calculate prediction
Confusion matrix
Dataset: tic-tac-toe 
Fold: 2 
Method: multinom 
Noise level:  20 %
Percentage of altered instances:  90 %
Using 172 indices (first 172 from shuffled list)
Loading noise data from: results/noise_injection/by_dataset/tic-tac-toe_middle_middle_square_noise0.2.csv 
Using 172 indices for  90 % of instances
Calculate prediction
Confusion matrix
Dataset: tic-tac-toe 
Fold: 2 
Method: multinom 
Noise level:  20 %
Percentage of altered instances:  100 %
Using 191 indices (first 191 from shuffled list)
Loading noise data from: results/noise_injection/by_dataset/tic-tac-toe_middle_middle_square_noise0.2.csv 
Using 191 indices for  100 % of instances
Calculate prediction
Confusion matrix

=== Training model with 30 % noise in training data ===
Critical percentage for training noise: 30 %
Loading training noise data from: results/noise_injection/by_dataset/tic-tac-toe_middle_middle_square_noise0.3.csv 
Altering 230 out of 767 training instances
# weights:  20 (19 variable)
initial  value 531.643887 
iter  10 value 234.111197
iter  20 value 226.545362
final  value 226.529204 
converged
Dataset: tic-tac-toe 
Fold: 2 
Method: multinom 
Noise level:  30 %
Percentage of altered instances:  10 %
Using 19 indices (first 19 from shuffled list)
Loading noise data from: results/noise_injection/by_dataset/tic-tac-toe_middle_middle_square_noise0.3.csv 
Using 19 indices for  10 % of instances
Calculate prediction
Confusion matrix
Dataset: tic-tac-toe 
Fold: 2 
Method: multinom 
Noise level:  30 %
Percentage of altered instances:  20 %
Using 38 indices (first 38 from shuffled list)
Loading noise data from: results/noise_injection/by_dataset/tic-tac-toe_middle_middle_square_noise0.3.csv 
Using 38 indices for  20 % of instances
Calculate prediction
Confusion matrix
Dataset: tic-tac-toe 
Fold: 2 
Method: multinom 
Noise level:  30 %
Percentage of altered instances:  25 %
Using 48 indices (first 48 from shuffled list)
Loading noise data from: results/noise_injection/by_dataset/tic-tac-toe_middle_middle_square_noise0.3.csv 
Using 48 indices for  25 % of instances
Calculate prediction
Confusion matrix
Dataset: tic-tac-toe 
Fold: 2 
Method: multinom 
Noise level:  30 %
Percentage of altered instances:  30 %
Using 57 indices (first 57 from shuffled list)
Loading noise data from: results/noise_injection/by_dataset/tic-tac-toe_middle_middle_square_noise0.3.csv 
Using 57 indices for  30 % of instances
Calculate prediction
Confusion matrix
Dataset: tic-tac-toe 
Fold: 2 
Method: multinom 
Noise level:  30 %
Percentage of altered instances:  40 %
Using 76 indices (first 76 from shuffled list)
Loading noise data from: results/noise_injection/by_dataset/tic-tac-toe_middle_middle_square_noise0.3.csv 
Using 76 indices for  40 % of instances
Calculate prediction
Confusion matrix
Dataset: tic-tac-toe 
Fold: 2 
Method: multinom 
Noise level:  30 %
Percentage of altered instances:  50 %
Using 96 indices (first 96 from shuffled list)
Loading noise data from: results/noise_injection/by_dataset/tic-tac-toe_middle_middle_square_noise0.3.csv 
Using 96 indices for  50 % of instances
Calculate prediction
Confusion matrix
Dataset: tic-tac-toe 
Fold: 2 
Method: multinom 
Noise level:  30 %
Percentage of altered instances:  60 %
Using 115 indices (first 115 from shuffled list)
Loading noise data from: results/noise_injection/by_dataset/tic-tac-toe_middle_middle_square_noise0.3.csv 
Using 115 indices for  60 % of instances
Calculate prediction
Confusion matrix
Dataset: tic-tac-toe 
Fold: 2 
Method: multinom 
Noise level:  30 %
Percentage of altered instances:  70 %
Using 134 indices (first 134 from shuffled list)
Loading noise data from: results/noise_injection/by_dataset/tic-tac-toe_middle_middle_square_noise0.3.csv 
Using 134 indices for  70 % of instances
Calculate prediction
Confusion matrix
Dataset: tic-tac-toe 
Fold: 2 
Method: multinom 
Noise level:  30 %
Percentage of altered instances:  75 %
Using 143 indices (first 143 from shuffled list)
Loading noise data from: results/noise_injection/by_dataset/tic-tac-toe_middle_middle_square_noise0.3.csv 
Using 143 indices for  75 % of instances
Calculate prediction
Confusion matrix
Dataset: tic-tac-toe 
Fold: 2 
Method: multinom 
Noise level:  30 %
Percentage of altered instances:  80 %
Using 153 indices (first 153 from shuffled list)
Loading noise data from: results/noise_injection/by_dataset/tic-tac-toe_middle_middle_square_noise0.3.csv 
Using 153 indices for  80 % of instances
Calculate prediction
Confusion matrix
Dataset: tic-tac-toe 
Fold: 2 
Method: multinom 
Noise level:  30 %
Percentage of altered instances:  90 %
Using 172 indices (first 172 from shuffled list)
Loading noise data from: results/noise_injection/by_dataset/tic-tac-toe_middle_middle_square_noise0.3.csv 
Using 172 indices for  90 % of instances
Calculate prediction
Confusion matrix
Dataset: tic-tac-toe 
Fold: 2 
Method: multinom 
Noise level:  30 %
Percentage of altered instances:  100 %
Using 191 indices (first 191 from shuffled list)
Loading noise data from: results/noise_injection/by_dataset/tic-tac-toe_middle_middle_square_noise0.3.csv 
Using 191 indices for  100 % of instances
Calculate prediction
Confusion matrix
Loaded 191 indices for fold 3 from: results/instances/original/vectors/tic-tac-toe_multinom_all_folds.csv 

=== Training model with 10 % noise in training data ===
Critical percentage for training noise: 40 %
Loading training noise data from: results/noise_injection/by_dataset/tic-tac-toe_middle_middle_square_noise0.1.csv 
Altering 307 out of 767 training instances
# weights:  20 (19 variable)
initial  value 531.643887 
iter  10 value 131.804079
iter  20 value 101.681564
iter  30 value 101.658616
iter  30 value 101.658616
iter  30 value 101.658616
final  value 101.658616 
converged
Dataset: tic-tac-toe 
Fold: 3 
Method: multinom 
Noise level:  10 %
Percentage of altered instances:  10 %
Using 19 indices (first 19 from shuffled list)
Loading noise data from: results/noise_injection/by_dataset/tic-tac-toe_middle_middle_square_noise0.1.csv 
Using 19 indices for  10 % of instances
Calculate prediction
Confusion matrix
Dataset: tic-tac-toe 
Fold: 3 
Method: multinom 
Noise level:  10 %
Percentage of altered instances:  20 %
Using 38 indices (first 38 from shuffled list)
Loading noise data from: results/noise_injection/by_dataset/tic-tac-toe_middle_middle_square_noise0.1.csv 
Using 38 indices for  20 % of instances
Calculate prediction
Confusion matrix
Dataset: tic-tac-toe 
Fold: 3 
Method: multinom 
Noise level:  10 %
Percentage of altered instances:  25 %
Using 48 indices (first 48 from shuffled list)
Loading noise data from: results/noise_injection/by_dataset/tic-tac-toe_middle_middle_square_noise0.1.csv 
Using 48 indices for  25 % of instances
Calculate prediction
Confusion matrix
Dataset: tic-tac-toe 
Fold: 3 
Method: multinom 
Noise level:  10 %
Percentage of altered instances:  30 %
Using 57 indices (first 57 from shuffled list)
Loading noise data from: results/noise_injection/by_dataset/tic-tac-toe_middle_middle_square_noise0.1.csv 
Using 57 indices for  30 % of instances
Calculate prediction
Confusion matrix
Dataset: tic-tac-toe 
Fold: 3 
Method: multinom 
Noise level:  10 %
Percentage of altered instances:  40 %
Using 76 indices (first 76 from shuffled list)
Loading noise data from: results/noise_injection/by_dataset/tic-tac-toe_middle_middle_square_noise0.1.csv 
Using 76 indices for  40 % of instances
Calculate prediction
Confusion matrix
Dataset: tic-tac-toe 
Fold: 3 
Method: multinom 
Noise level:  10 %
Percentage of altered instances:  50 %
Using 96 indices (first 96 from shuffled list)
Loading noise data from: results/noise_injection/by_dataset/tic-tac-toe_middle_middle_square_noise0.1.csv 
Using 96 indices for  50 % of instances
Calculate prediction
Confusion matrix
Dataset: tic-tac-toe 
Fold: 3 
Method: multinom 
Noise level:  10 %
Percentage of altered instances:  60 %
Using 115 indices (first 115 from shuffled list)
Loading noise data from: results/noise_injection/by_dataset/tic-tac-toe_middle_middle_square_noise0.1.csv 
Using 115 indices for  60 % of instances
Calculate prediction
Confusion matrix
Dataset: tic-tac-toe 
Fold: 3 
Method: multinom 
Noise level:  10 %
Percentage of altered instances:  70 %
Using 134 indices (first 134 from shuffled list)
Loading noise data from: results/noise_injection/by_dataset/tic-tac-toe_middle_middle_square_noise0.1.csv 
Using 134 indices for  70 % of instances
Calculate prediction
Confusion matrix
Dataset: tic-tac-toe 
Fold: 3 
Method: multinom 
Noise level:  10 %
Percentage of altered instances:  75 %
Using 143 indices (first 143 from shuffled list)
Loading noise data from: results/noise_injection/by_dataset/tic-tac-toe_middle_middle_square_noise0.1.csv 
Using 143 indices for  75 % of instances
Calculate prediction
Confusion matrix
Dataset: tic-tac-toe 
Fold: 3 
Method: multinom 
Noise level:  10 %
Percentage of altered instances:  80 %
Using 153 indices (first 153 from shuffled list)
Loading noise data from: results/noise_injection/by_dataset/tic-tac-toe_middle_middle_square_noise0.1.csv 
Using 153 indices for  80 % of instances
Calculate prediction
Confusion matrix
Dataset: tic-tac-toe 
Fold: 3 
Method: multinom 
Noise level:  10 %
Percentage of altered instances:  90 %
Using 172 indices (first 172 from shuffled list)
Loading noise data from: results/noise_injection/by_dataset/tic-tac-toe_middle_middle_square_noise0.1.csv 
Using 172 indices for  90 % of instances
Calculate prediction
Confusion matrix
Dataset: tic-tac-toe 
Fold: 3 
Method: multinom 
Noise level:  10 %
Percentage of altered instances:  100 %
Using 191 indices (first 191 from shuffled list)
Loading noise data from: results/noise_injection/by_dataset/tic-tac-toe_middle_middle_square_noise0.1.csv 
Using 191 indices for  100 % of instances
Calculate prediction
Confusion matrix

=== Training model with 20 % noise in training data ===
Critical percentage for training noise: 25 %
Loading training noise data from: results/noise_injection/by_dataset/tic-tac-toe_middle_middle_square_noise0.2.csv 
Altering 192 out of 767 training instances
# weights:  20 (19 variable)
initial  value 531.643887 
iter  10 value 182.915959
iter  20 value 165.858642
final  value 165.836429 
converged
Dataset: tic-tac-toe 
Fold: 3 
Method: multinom 
Noise level:  20 %
Percentage of altered instances:  10 %
Using 19 indices (first 19 from shuffled list)
Loading noise data from: results/noise_injection/by_dataset/tic-tac-toe_middle_middle_square_noise0.2.csv 
Using 19 indices for  10 % of instances
Calculate prediction
Confusion matrix
Dataset: tic-tac-toe 
Fold: 3 
Method: multinom 
Noise level:  20 %
Percentage of altered instances:  20 %
Using 38 indices (first 38 from shuffled list)
Loading noise data from: results/noise_injection/by_dataset/tic-tac-toe_middle_middle_square_noise0.2.csv 
Using 38 indices for  20 % of instances
Calculate prediction
Confusion matrix
Dataset: tic-tac-toe 
Fold: 3 
Method: multinom 
Noise level:  20 %
Percentage of altered instances:  25 %
Using 48 indices (first 48 from shuffled list)
Loading noise data from: results/noise_injection/by_dataset/tic-tac-toe_middle_middle_square_noise0.2.csv 
Using 48 indices for  25 % of instances
Calculate prediction
Confusion matrix
Dataset: tic-tac-toe 
Fold: 3 
Method: multinom 
Noise level:  20 %
Percentage of altered instances:  30 %
Using 57 indices (first 57 from shuffled list)
Loading noise data from: results/noise_injection/by_dataset/tic-tac-toe_middle_middle_square_noise0.2.csv 
Using 57 indices for  30 % of instances
Calculate prediction
Confusion matrix
Dataset: tic-tac-toe 
Fold: 3 
Method: multinom 
Noise level:  20 %
Percentage of altered instances:  40 %
Using 76 indices (first 76 from shuffled list)
Loading noise data from: results/noise_injection/by_dataset/tic-tac-toe_middle_middle_square_noise0.2.csv 
Using 76 indices for  40 % of instances
Calculate prediction
Confusion matrix
Dataset: tic-tac-toe 
Fold: 3 
Method: multinom 
Noise level:  20 %
Percentage of altered instances:  50 %
Using 96 indices (first 96 from shuffled list)
Loading noise data from: results/noise_injection/by_dataset/tic-tac-toe_middle_middle_square_noise0.2.csv 
Using 96 indices for  50 % of instances
Calculate prediction
Confusion matrix
Dataset: tic-tac-toe 
Fold: 3 
Method: multinom 
Noise level:  20 %
Percentage of altered instances:  60 %
Using 115 indices (first 115 from shuffled list)
Loading noise data from: results/noise_injection/by_dataset/tic-tac-toe_middle_middle_square_noise0.2.csv 
Using 115 indices for  60 % of instances
Calculate prediction
Confusion matrix
Dataset: tic-tac-toe 
Fold: 3 
Method: multinom 
Noise level:  20 %
Percentage of altered instances:  70 %
Using 134 indices (first 134 from shuffled list)
Loading noise data from: results/noise_injection/by_dataset/tic-tac-toe_middle_middle_square_noise0.2.csv 
Using 134 indices for  70 % of instances
Calculate prediction
Confusion matrix
Dataset: tic-tac-toe 
Fold: 3 
Method: multinom 
Noise level:  20 %
Percentage of altered instances:  75 %
Using 143 indices (first 143 from shuffled list)
Loading noise data from: results/noise_injection/by_dataset/tic-tac-toe_middle_middle_square_noise0.2.csv 
Using 143 indices for  75 % of instances
Calculate prediction
Confusion matrix
Dataset: tic-tac-toe 
Fold: 3 
Method: multinom 
Noise level:  20 %
Percentage of altered instances:  80 %
Using 153 indices (first 153 from shuffled list)
Loading noise data from: results/noise_injection/by_dataset/tic-tac-toe_middle_middle_square_noise0.2.csv 
Using 153 indices for  80 % of instances
Calculate prediction
Confusion matrix
Dataset: tic-tac-toe 
Fold: 3 
Method: multinom 
Noise level:  20 %
Percentage of altered instances:  90 %
Using 172 indices (first 172 from shuffled list)
Loading noise data from: results/noise_injection/by_dataset/tic-tac-toe_middle_middle_square_noise0.2.csv 
Using 172 indices for  90 % of instances
Calculate prediction
Confusion matrix
Dataset: tic-tac-toe 
Fold: 3 
Method: multinom 
Noise level:  20 %
Percentage of altered instances:  100 %
Using 191 indices (first 191 from shuffled list)
Loading noise data from: results/noise_injection/by_dataset/tic-tac-toe_middle_middle_square_noise0.2.csv 
Using 191 indices for  100 % of instances
Calculate prediction
Confusion matrix

=== Training model with 30 % noise in training data ===
Critical percentage for training noise: 30 %
Loading training noise data from: results/noise_injection/by_dataset/tic-tac-toe_middle_middle_square_noise0.3.csv 
Altering 230 out of 767 training instances
# weights:  20 (19 variable)
initial  value 531.643887 
iter  10 value 229.889100
iter  20 value 218.667784
final  value 218.470282 
converged
Dataset: tic-tac-toe 
Fold: 3 
Method: multinom 
Noise level:  30 %
Percentage of altered instances:  10 %
Using 19 indices (first 19 from shuffled list)
Loading noise data from: results/noise_injection/by_dataset/tic-tac-toe_middle_middle_square_noise0.3.csv 
Using 19 indices for  10 % of instances
Calculate prediction
Confusion matrix
Dataset: tic-tac-toe 
Fold: 3 
Method: multinom 
Noise level:  30 %
Percentage of altered instances:  20 %
Using 38 indices (first 38 from shuffled list)
Loading noise data from: results/noise_injection/by_dataset/tic-tac-toe_middle_middle_square_noise0.3.csv 
Using 38 indices for  20 % of instances
Calculate prediction
Confusion matrix
Dataset: tic-tac-toe 
Fold: 3 
Method: multinom 
Noise level:  30 %
Percentage of altered instances:  25 %
Using 48 indices (first 48 from shuffled list)
Loading noise data from: results/noise_injection/by_dataset/tic-tac-toe_middle_middle_square_noise0.3.csv 
Using 48 indices for  25 % of instances
Calculate prediction
Confusion matrix
Dataset: tic-tac-toe 
Fold: 3 
Method: multinom 
Noise level:  30 %
Percentage of altered instances:  30 %
Using 57 indices (first 57 from shuffled list)
Loading noise data from: results/noise_injection/by_dataset/tic-tac-toe_middle_middle_square_noise0.3.csv 
Using 57 indices for  30 % of instances
Calculate prediction
Confusion matrix
Dataset: tic-tac-toe 
Fold: 3 
Method: multinom 
Noise level:  30 %
Percentage of altered instances:  40 %
Using 76 indices (first 76 from shuffled list)
Loading noise data from: results/noise_injection/by_dataset/tic-tac-toe_middle_middle_square_noise0.3.csv 
Using 76 indices for  40 % of instances
Calculate prediction
Confusion matrix
Dataset: tic-tac-toe 
Fold: 3 
Method: multinom 
Noise level:  30 %
Percentage of altered instances:  50 %
Using 96 indices (first 96 from shuffled list)
Loading noise data from: results/noise_injection/by_dataset/tic-tac-toe_middle_middle_square_noise0.3.csv 
Using 96 indices for  50 % of instances
Calculate prediction
Confusion matrix
Dataset: tic-tac-toe 
Fold: 3 
Method: multinom 
Noise level:  30 %
Percentage of altered instances:  60 %
Using 115 indices (first 115 from shuffled list)
Loading noise data from: results/noise_injection/by_dataset/tic-tac-toe_middle_middle_square_noise0.3.csv 
Using 115 indices for  60 % of instances
Calculate prediction
Confusion matrix
Dataset: tic-tac-toe 
Fold: 3 
Method: multinom 
Noise level:  30 %
Percentage of altered instances:  70 %
Using 134 indices (first 134 from shuffled list)
Loading noise data from: results/noise_injection/by_dataset/tic-tac-toe_middle_middle_square_noise0.3.csv 
Using 134 indices for  70 % of instances
Calculate prediction
Confusion matrix
Dataset: tic-tac-toe 
Fold: 3 
Method: multinom 
Noise level:  30 %
Percentage of altered instances:  75 %
Using 143 indices (first 143 from shuffled list)
Loading noise data from: results/noise_injection/by_dataset/tic-tac-toe_middle_middle_square_noise0.3.csv 
Using 143 indices for  75 % of instances
Calculate prediction
Confusion matrix
Dataset: tic-tac-toe 
Fold: 3 
Method: multinom 
Noise level:  30 %
Percentage of altered instances:  80 %
Using 153 indices (first 153 from shuffled list)
Loading noise data from: results/noise_injection/by_dataset/tic-tac-toe_middle_middle_square_noise0.3.csv 
Using 153 indices for  80 % of instances
Calculate prediction
Confusion matrix
Dataset: tic-tac-toe 
Fold: 3 
Method: multinom 
Noise level:  30 %
Percentage of altered instances:  90 %
Using 172 indices (first 172 from shuffled list)
Loading noise data from: results/noise_injection/by_dataset/tic-tac-toe_middle_middle_square_noise0.3.csv 
Using 172 indices for  90 % of instances
Calculate prediction
Confusion matrix
Dataset: tic-tac-toe 
Fold: 3 
Method: multinom 
Noise level:  30 %
Percentage of altered instances:  100 %
Using 191 indices (first 191 from shuffled list)
Loading noise data from: results/noise_injection/by_dataset/tic-tac-toe_middle_middle_square_noise0.3.csv 
Using 191 indices for  100 % of instances
Calculate prediction
Confusion matrix
Loaded 192 indices for fold 4 from: results/instances/original/vectors/tic-tac-toe_multinom_all_folds.csv 

=== Training model with 10 % noise in training data ===
Critical percentage for training noise: 40 %
Loading training noise data from: results/noise_injection/by_dataset/tic-tac-toe_middle_middle_square_noise0.1.csv 
Altering 306 out of 766 training instances
# weights:  20 (19 variable)
initial  value 530.950740 
iter  10 value 180.261329
iter  20 value 164.284726
iter  30 value 164.247131
iter  30 value 164.247131
iter  30 value 164.247131
final  value 164.247131 
converged
Dataset: tic-tac-toe 
Fold: 4 
Method: multinom 
Noise level:  10 %
Percentage of altered instances:  10 %
Using 19 indices (first 19 from shuffled list)
Loading noise data from: results/noise_injection/by_dataset/tic-tac-toe_middle_middle_square_noise0.1.csv 
Using 19 indices for  10 % of instances
Calculate prediction
Confusion matrix
Dataset: tic-tac-toe 
Fold: 4 
Method: multinom 
Noise level:  10 %
Percentage of altered instances:  20 %
Using 38 indices (first 38 from shuffled list)
Loading noise data from: results/noise_injection/by_dataset/tic-tac-toe_middle_middle_square_noise0.1.csv 
Using 38 indices for  20 % of instances
Calculate prediction
Confusion matrix
Dataset: tic-tac-toe 
Fold: 4 
Method: multinom 
Noise level:  10 %
Percentage of altered instances:  25 %
Using 48 indices (first 48 from shuffled list)
Loading noise data from: results/noise_injection/by_dataset/tic-tac-toe_middle_middle_square_noise0.1.csv 
Using 48 indices for  25 % of instances
Calculate prediction
Confusion matrix
Dataset: tic-tac-toe 
Fold: 4 
Method: multinom 
Noise level:  10 %
Percentage of altered instances:  30 %
Using 58 indices (first 58 from shuffled list)
Loading noise data from: results/noise_injection/by_dataset/tic-tac-toe_middle_middle_square_noise0.1.csv 
Using 58 indices for  30 % of instances
Calculate prediction
Confusion matrix
Dataset: tic-tac-toe 
Fold: 4 
Method: multinom 
Noise level:  10 %
Percentage of altered instances:  40 %
Using 77 indices (first 77 from shuffled list)
Loading noise data from: results/noise_injection/by_dataset/tic-tac-toe_middle_middle_square_noise0.1.csv 
Using 77 indices for  40 % of instances
Calculate prediction
Confusion matrix
Dataset: tic-tac-toe 
Fold: 4 
Method: multinom 
Noise level:  10 %
Percentage of altered instances:  50 %
Using 96 indices (first 96 from shuffled list)
Loading noise data from: results/noise_injection/by_dataset/tic-tac-toe_middle_middle_square_noise0.1.csv 
Using 96 indices for  50 % of instances
Calculate prediction
Confusion matrix
Dataset: tic-tac-toe 
Fold: 4 
Method: multinom 
Noise level:  10 %
Percentage of altered instances:  60 %
Using 115 indices (first 115 from shuffled list)
Loading noise data from: results/noise_injection/by_dataset/tic-tac-toe_middle_middle_square_noise0.1.csv 
Using 115 indices for  60 % of instances
Calculate prediction
Confusion matrix
Dataset: tic-tac-toe 
Fold: 4 
Method: multinom 
Noise level:  10 %
Percentage of altered instances:  70 %
Using 134 indices (first 134 from shuffled list)
Loading noise data from: results/noise_injection/by_dataset/tic-tac-toe_middle_middle_square_noise0.1.csv 
Using 134 indices for  70 % of instances
Calculate prediction
Confusion matrix
Dataset: tic-tac-toe 
Fold: 4 
Method: multinom 
Noise level:  10 %
Percentage of altered instances:  75 %
Using 144 indices (first 144 from shuffled list)
Loading noise data from: results/noise_injection/by_dataset/tic-tac-toe_middle_middle_square_noise0.1.csv 
Using 144 indices for  75 % of instances
Calculate prediction
Confusion matrix
Dataset: tic-tac-toe 
Fold: 4 
Method: multinom 
Noise level:  10 %
Percentage of altered instances:  80 %
Using 154 indices (first 154 from shuffled list)
Loading noise data from: results/noise_injection/by_dataset/tic-tac-toe_middle_middle_square_noise0.1.csv 
Using 154 indices for  80 % of instances
Calculate prediction
Confusion matrix
Dataset: tic-tac-toe 
Fold: 4 
Method: multinom 
Noise level:  10 %
Percentage of altered instances:  90 %
Using 173 indices (first 173 from shuffled list)
Loading noise data from: results/noise_injection/by_dataset/tic-tac-toe_middle_middle_square_noise0.1.csv 
Using 173 indices for  90 % of instances
Calculate prediction
Confusion matrix
Dataset: tic-tac-toe 
Fold: 4 
Method: multinom 
Noise level:  10 %
Percentage of altered instances:  100 %
Using 192 indices (first 192 from shuffled list)
Loading noise data from: results/noise_injection/by_dataset/tic-tac-toe_middle_middle_square_noise0.1.csv 
Using 192 indices for  100 % of instances
Calculate prediction
Confusion matrix

=== Training model with 20 % noise in training data ===
Critical percentage for training noise: 25 %
Loading training noise data from: results/noise_injection/by_dataset/tic-tac-toe_middle_middle_square_noise0.2.csv 
Altering 192 out of 766 training instances
# weights:  20 (19 variable)
initial  value 530.950740 
iter  10 value 179.460284
iter  20 value 156.912857
final  value 156.847845 
converged
Dataset: tic-tac-toe 
Fold: 4 
Method: multinom 
Noise level:  20 %
Percentage of altered instances:  10 %
Using 19 indices (first 19 from shuffled list)
Loading noise data from: results/noise_injection/by_dataset/tic-tac-toe_middle_middle_square_noise0.2.csv 
Using 19 indices for  10 % of instances
Calculate prediction
Confusion matrix
Dataset: tic-tac-toe 
Fold: 4 
Method: multinom 
Noise level:  20 %
Percentage of altered instances:  20 %
Using 38 indices (first 38 from shuffled list)
Loading noise data from: results/noise_injection/by_dataset/tic-tac-toe_middle_middle_square_noise0.2.csv 
Using 38 indices for  20 % of instances
Calculate prediction
Confusion matrix
Dataset: tic-tac-toe 
Fold: 4 
Method: multinom 
Noise level:  20 %
Percentage of altered instances:  25 %
Using 48 indices (first 48 from shuffled list)
Loading noise data from: results/noise_injection/by_dataset/tic-tac-toe_middle_middle_square_noise0.2.csv 
Using 48 indices for  25 % of instances
Calculate prediction
Confusion matrix
Dataset: tic-tac-toe 
Fold: 4 
Method: multinom 
Noise level:  20 %
Percentage of altered instances:  30 %
Using 58 indices (first 58 from shuffled list)
Loading noise data from: results/noise_injection/by_dataset/tic-tac-toe_middle_middle_square_noise0.2.csv 
Using 58 indices for  30 % of instances
Calculate prediction
Confusion matrix
Dataset: tic-tac-toe 
Fold: 4 
Method: multinom 
Noise level:  20 %
Percentage of altered instances:  40 %
Using 77 indices (first 77 from shuffled list)
Loading noise data from: results/noise_injection/by_dataset/tic-tac-toe_middle_middle_square_noise0.2.csv 
Using 77 indices for  40 % of instances
Calculate prediction
Confusion matrix
Dataset: tic-tac-toe 
Fold: 4 
Method: multinom 
Noise level:  20 %
Percentage of altered instances:  50 %
Using 96 indices (first 96 from shuffled list)
Loading noise data from: results/noise_injection/by_dataset/tic-tac-toe_middle_middle_square_noise0.2.csv 
Using 96 indices for  50 % of instances
Calculate prediction
Confusion matrix
Dataset: tic-tac-toe 
Fold: 4 
Method: multinom 
Noise level:  20 %
Percentage of altered instances:  60 %
Using 115 indices (first 115 from shuffled list)
Loading noise data from: results/noise_injection/by_dataset/tic-tac-toe_middle_middle_square_noise0.2.csv 
Using 115 indices for  60 % of instances
Calculate prediction
Confusion matrix
Dataset: tic-tac-toe 
Fold: 4 
Method: multinom 
Noise level:  20 %
Percentage of altered instances:  70 %
Using 134 indices (first 134 from shuffled list)
Loading noise data from: results/noise_injection/by_dataset/tic-tac-toe_middle_middle_square_noise0.2.csv 
Using 134 indices for  70 % of instances
Calculate prediction
Confusion matrix
Dataset: tic-tac-toe 
Fold: 4 
Method: multinom 
Noise level:  20 %
Percentage of altered instances:  75 %
Using 144 indices (first 144 from shuffled list)
Loading noise data from: results/noise_injection/by_dataset/tic-tac-toe_middle_middle_square_noise0.2.csv 
Using 144 indices for  75 % of instances
Calculate prediction
Confusion matrix
Dataset: tic-tac-toe 
Fold: 4 
Method: multinom 
Noise level:  20 %
Percentage of altered instances:  80 %
Using 154 indices (first 154 from shuffled list)
Loading noise data from: results/noise_injection/by_dataset/tic-tac-toe_middle_middle_square_noise0.2.csv 
Using 154 indices for  80 % of instances
Calculate prediction
Confusion matrix
Dataset: tic-tac-toe 
Fold: 4 
Method: multinom 
Noise level:  20 %
Percentage of altered instances:  90 %
Using 173 indices (first 173 from shuffled list)
Loading noise data from: results/noise_injection/by_dataset/tic-tac-toe_middle_middle_square_noise0.2.csv 
Using 173 indices for  90 % of instances
Calculate prediction
Confusion matrix
Dataset: tic-tac-toe 
Fold: 4 
Method: multinom 
Noise level:  20 %
Percentage of altered instances:  100 %
Using 192 indices (first 192 from shuffled list)
Loading noise data from: results/noise_injection/by_dataset/tic-tac-toe_middle_middle_square_noise0.2.csv 
Using 192 indices for  100 % of instances
Calculate prediction
Confusion matrix

=== Training model with 30 % noise in training data ===
Critical percentage for training noise: 30 %
Loading training noise data from: results/noise_injection/by_dataset/tic-tac-toe_middle_middle_square_noise0.3.csv 
Altering 230 out of 766 training instances
# weights:  20 (19 variable)
initial  value 530.950740 
iter  10 value 189.954507
iter  20 value 177.285998
final  value 177.220352 
converged
Dataset: tic-tac-toe 
Fold: 4 
Method: multinom 
Noise level:  30 %
Percentage of altered instances:  10 %
Using 19 indices (first 19 from shuffled list)
Loading noise data from: results/noise_injection/by_dataset/tic-tac-toe_middle_middle_square_noise0.3.csv 
Using 19 indices for  10 % of instances
Calculate prediction
Confusion matrix
Dataset: tic-tac-toe 
Fold: 4 
Method: multinom 
Noise level:  30 %
Percentage of altered instances:  20 %
Using 38 indices (first 38 from shuffled list)
Loading noise data from: results/noise_injection/by_dataset/tic-tac-toe_middle_middle_square_noise0.3.csv 
Using 38 indices for  20 % of instances
Calculate prediction
Confusion matrix
Dataset: tic-tac-toe 
Fold: 4 
Method: multinom 
Noise level:  30 %
Percentage of altered instances:  25 %
Using 48 indices (first 48 from shuffled list)
Loading noise data from: results/noise_injection/by_dataset/tic-tac-toe_middle_middle_square_noise0.3.csv 
Using 48 indices for  25 % of instances
Calculate prediction
Confusion matrix
Dataset: tic-tac-toe 
Fold: 4 
Method: multinom 
Noise level:  30 %
Percentage of altered instances:  30 %
Using 58 indices (first 58 from shuffled list)
Loading noise data from: results/noise_injection/by_dataset/tic-tac-toe_middle_middle_square_noise0.3.csv 
Using 58 indices for  30 % of instances
Calculate prediction
Confusion matrix
Dataset: tic-tac-toe 
Fold: 4 
Method: multinom 
Noise level:  30 %
Percentage of altered instances:  40 %
Using 77 indices (first 77 from shuffled list)
Loading noise data from: results/noise_injection/by_dataset/tic-tac-toe_middle_middle_square_noise0.3.csv 
Using 77 indices for  40 % of instances
Calculate prediction
Confusion matrix
Dataset: tic-tac-toe 
Fold: 4 
Method: multinom 
Noise level:  30 %
Percentage of altered instances:  50 %
Using 96 indices (first 96 from shuffled list)
Loading noise data from: results/noise_injection/by_dataset/tic-tac-toe_middle_middle_square_noise0.3.csv 
Using 96 indices for  50 % of instances
Calculate prediction
Confusion matrix
Dataset: tic-tac-toe 
Fold: 4 
Method: multinom 
Noise level:  30 %
Percentage of altered instances:  60 %
Using 115 indices (first 115 from shuffled list)
Loading noise data from: results/noise_injection/by_dataset/tic-tac-toe_middle_middle_square_noise0.3.csv 
Using 115 indices for  60 % of instances
Calculate prediction
Confusion matrix
Dataset: tic-tac-toe 
Fold: 4 
Method: multinom 
Noise level:  30 %
Percentage of altered instances:  70 %
Using 134 indices (first 134 from shuffled list)
Loading noise data from: results/noise_injection/by_dataset/tic-tac-toe_middle_middle_square_noise0.3.csv 
Using 134 indices for  70 % of instances
Calculate prediction
Confusion matrix
Dataset: tic-tac-toe 
Fold: 4 
Method: multinom 
Noise level:  30 %
Percentage of altered instances:  75 %
Using 144 indices (first 144 from shuffled list)
Loading noise data from: results/noise_injection/by_dataset/tic-tac-toe_middle_middle_square_noise0.3.csv 
Using 144 indices for  75 % of instances
Calculate prediction
Confusion matrix
Dataset: tic-tac-toe 
Fold: 4 
Method: multinom 
Noise level:  30 %
Percentage of altered instances:  80 %
Using 154 indices (first 154 from shuffled list)
Loading noise data from: results/noise_injection/by_dataset/tic-tac-toe_middle_middle_square_noise0.3.csv 
Using 154 indices for  80 % of instances
Calculate prediction
Confusion matrix
Dataset: tic-tac-toe 
Fold: 4 
Method: multinom 
Noise level:  30 %
Percentage of altered instances:  90 %
Using 173 indices (first 173 from shuffled list)
Loading noise data from: results/noise_injection/by_dataset/tic-tac-toe_middle_middle_square_noise0.3.csv 
Using 173 indices for  90 % of instances
Calculate prediction
Confusion matrix
Dataset: tic-tac-toe 
Fold: 4 
Method: multinom 
Noise level:  30 %
Percentage of altered instances:  100 %
Using 192 indices (first 192 from shuffled list)
Loading noise data from: results/noise_injection/by_dataset/tic-tac-toe_middle_middle_square_noise0.3.csv 
Using 192 indices for  100 % of instances
Calculate prediction
Confusion matrix
Loaded 191 indices for fold 5 from: results/instances/original/vectors/tic-tac-toe_multinom_all_folds.csv 

=== Training model with 10 % noise in training data ===
Critical percentage for training noise: 40 %
Loading training noise data from: results/noise_injection/by_dataset/tic-tac-toe_middle_middle_square_noise0.1.csv 
Altering 307 out of 767 training instances
# weights:  20 (19 variable)
initial  value 531.643887 
iter  10 value 152.863557
iter  20 value 137.775701
final  value 137.764857 
converged
Dataset: tic-tac-toe 
Fold: 5 
Method: multinom 
Noise level:  10 %
Percentage of altered instances:  10 %
Using 19 indices (first 19 from shuffled list)
Loading noise data from: results/noise_injection/by_dataset/tic-tac-toe_middle_middle_square_noise0.1.csv 
Using 19 indices for  10 % of instances
Calculate prediction
Confusion matrix
Dataset: tic-tac-toe 
Fold: 5 
Method: multinom 
Noise level:  10 %
Percentage of altered instances:  20 %
Using 38 indices (first 38 from shuffled list)
Loading noise data from: results/noise_injection/by_dataset/tic-tac-toe_middle_middle_square_noise0.1.csv 
Using 38 indices for  20 % of instances
Calculate prediction
Confusion matrix
Dataset: tic-tac-toe 
Fold: 5 
Method: multinom 
Noise level:  10 %
Percentage of altered instances:  25 %
Using 48 indices (first 48 from shuffled list)
Loading noise data from: results/noise_injection/by_dataset/tic-tac-toe_middle_middle_square_noise0.1.csv 
Using 48 indices for  25 % of instances
Calculate prediction
Confusion matrix
Dataset: tic-tac-toe 
Fold: 5 
Method: multinom 
Noise level:  10 %
Percentage of altered instances:  30 %
Using 57 indices (first 57 from shuffled list)
Loading noise data from: results/noise_injection/by_dataset/tic-tac-toe_middle_middle_square_noise0.1.csv 
Using 57 indices for  30 % of instances
Calculate prediction
Confusion matrix
Dataset: tic-tac-toe 
Fold: 5 
Method: multinom 
Noise level:  10 %
Percentage of altered instances:  40 %
Using 76 indices (first 76 from shuffled list)
Loading noise data from: results/noise_injection/by_dataset/tic-tac-toe_middle_middle_square_noise0.1.csv 
Using 76 indices for  40 % of instances
Calculate prediction
Confusion matrix
Dataset: tic-tac-toe 
Fold: 5 
Method: multinom 
Noise level:  10 %
Percentage of altered instances:  50 %
Using 96 indices (first 96 from shuffled list)
Loading noise data from: results/noise_injection/by_dataset/tic-tac-toe_middle_middle_square_noise0.1.csv 
Using 96 indices for  50 % of instances
Calculate prediction
Confusion matrix
Dataset: tic-tac-toe 
Fold: 5 
Method: multinom 
Noise level:  10 %
Percentage of altered instances:  60 %
Using 115 indices (first 115 from shuffled list)
Loading noise data from: results/noise_injection/by_dataset/tic-tac-toe_middle_middle_square_noise0.1.csv 
Using 115 indices for  60 % of instances
Calculate prediction
Confusion matrix
Dataset: tic-tac-toe 
Fold: 5 
Method: multinom 
Noise level:  10 %
Percentage of altered instances:  70 %
Using 134 indices (first 134 from shuffled list)
Loading noise data from: results/noise_injection/by_dataset/tic-tac-toe_middle_middle_square_noise0.1.csv 
Using 134 indices for  70 % of instances
Calculate prediction
Confusion matrix
Dataset: tic-tac-toe 
Fold: 5 
Method: multinom 
Noise level:  10 %
Percentage of altered instances:  75 %
Using 143 indices (first 143 from shuffled list)
Loading noise data from: results/noise_injection/by_dataset/tic-tac-toe_middle_middle_square_noise0.1.csv 
Using 143 indices for  75 % of instances
Calculate prediction
Confusion matrix
Dataset: tic-tac-toe 
Fold: 5 
Method: multinom 
Noise level:  10 %
Percentage of altered instances:  80 %
Using 153 indices (first 153 from shuffled list)
Loading noise data from: results/noise_injection/by_dataset/tic-tac-toe_middle_middle_square_noise0.1.csv 
Using 153 indices for  80 % of instances
Calculate prediction
Confusion matrix
Dataset: tic-tac-toe 
Fold: 5 
Method: multinom 
Noise level:  10 %
Percentage of altered instances:  90 %
Using 172 indices (first 172 from shuffled list)
Loading noise data from: results/noise_injection/by_dataset/tic-tac-toe_middle_middle_square_noise0.1.csv 
Using 172 indices for  90 % of instances
Calculate prediction
Confusion matrix
Dataset: tic-tac-toe 
Fold: 5 
Method: multinom 
Noise level:  10 %
Percentage of altered instances:  100 %
Using 191 indices (first 191 from shuffled list)
Loading noise data from: results/noise_injection/by_dataset/tic-tac-toe_middle_middle_square_noise0.1.csv 
Using 191 indices for  100 % of instances
Calculate prediction
Confusion matrix

=== Training model with 20 % noise in training data ===
Critical percentage for training noise: 25 %
Loading training noise data from: results/noise_injection/by_dataset/tic-tac-toe_middle_middle_square_noise0.2.csv 
Altering 192 out of 767 training instances
# weights:  20 (19 variable)
initial  value 531.643887 
iter  10 value 146.583929
iter  20 value 119.567154
iter  30 value 119.548296
final  value 119.548294 
converged
Dataset: tic-tac-toe 
Fold: 5 
Method: multinom 
Noise level:  20 %
Percentage of altered instances:  10 %
Using 19 indices (first 19 from shuffled list)
Loading noise data from: results/noise_injection/by_dataset/tic-tac-toe_middle_middle_square_noise0.2.csv 
Using 19 indices for  10 % of instances
Calculate prediction
Confusion matrix
Dataset: tic-tac-toe 
Fold: 5 
Method: multinom 
Noise level:  20 %
Percentage of altered instances:  20 %
Using 38 indices (first 38 from shuffled list)
Loading noise data from: results/noise_injection/by_dataset/tic-tac-toe_middle_middle_square_noise0.2.csv 
Using 38 indices for  20 % of instances
Calculate prediction
Confusion matrix
Dataset: tic-tac-toe 
Fold: 5 
Method: multinom 
Noise level:  20 %
Percentage of altered instances:  25 %
Using 48 indices (first 48 from shuffled list)
Loading noise data from: results/noise_injection/by_dataset/tic-tac-toe_middle_middle_square_noise0.2.csv 
Using 48 indices for  25 % of instances
Calculate prediction
Confusion matrix
Dataset: tic-tac-toe 
Fold: 5 
Method: multinom 
Noise level:  20 %
Percentage of altered instances:  30 %
Using 57 indices (first 57 from shuffled list)
Loading noise data from: results/noise_injection/by_dataset/tic-tac-toe_middle_middle_square_noise0.2.csv 
Using 57 indices for  30 % of instances
Calculate prediction
Confusion matrix
Dataset: tic-tac-toe 
Fold: 5 
Method: multinom 
Noise level:  20 %
Percentage of altered instances:  40 %
Using 76 indices (first 76 from shuffled list)
Loading noise data from: results/noise_injection/by_dataset/tic-tac-toe_middle_middle_square_noise0.2.csv 
Using 76 indices for  40 % of instances
Calculate prediction
Confusion matrix
Dataset: tic-tac-toe 
Fold: 5 
Method: multinom 
Noise level:  20 %
Percentage of altered instances:  50 %
Using 96 indices (first 96 from shuffled list)
Loading noise data from: results/noise_injection/by_dataset/tic-tac-toe_middle_middle_square_noise0.2.csv 
Using 96 indices for  50 % of instances
Calculate prediction
Confusion matrix
Dataset: tic-tac-toe 
Fold: 5 
Method: multinom 
Noise level:  20 %
Percentage of altered instances:  60 %
Using 115 indices (first 115 from shuffled list)
Loading noise data from: results/noise_injection/by_dataset/tic-tac-toe_middle_middle_square_noise0.2.csv 
Using 115 indices for  60 % of instances
Calculate prediction
Confusion matrix
Dataset: tic-tac-toe 
Fold: 5 
Method: multinom 
Noise level:  20 %
Percentage of altered instances:  70 %
Using 134 indices (first 134 from shuffled list)
Loading noise data from: results/noise_injection/by_dataset/tic-tac-toe_middle_middle_square_noise0.2.csv 
Using 134 indices for  70 % of instances
Calculate prediction
Confusion matrix
Dataset: tic-tac-toe 
Fold: 5 
Method: multinom 
Noise level:  20 %
Percentage of altered instances:  75 %
Using 143 indices (first 143 from shuffled list)
Loading noise data from: results/noise_injection/by_dataset/tic-tac-toe_middle_middle_square_noise0.2.csv 
Using 143 indices for  75 % of instances
Calculate prediction
Confusion matrix
Dataset: tic-tac-toe 
Fold: 5 
Method: multinom 
Noise level:  20 %
Percentage of altered instances:  80 %
Using 153 indices (first 153 from shuffled list)
Loading noise data from: results/noise_injection/by_dataset/tic-tac-toe_middle_middle_square_noise0.2.csv 
Using 153 indices for  80 % of instances
Calculate prediction
Confusion matrix
Dataset: tic-tac-toe 
Fold: 5 
Method: multinom 
Noise level:  20 %
Percentage of altered instances:  90 %
Using 172 indices (first 172 from shuffled list)
Loading noise data from: results/noise_injection/by_dataset/tic-tac-toe_middle_middle_square_noise0.2.csv 
Using 172 indices for  90 % of instances
Calculate prediction
Confusion matrix
Dataset: tic-tac-toe 
Fold: 5 
Method: multinom 
Noise level:  20 %
Percentage of altered instances:  100 %
Using 191 indices (first 191 from shuffled list)
Loading noise data from: results/noise_injection/by_dataset/tic-tac-toe_middle_middle_square_noise0.2.csv 
Using 191 indices for  100 % of instances
Calculate prediction
Confusion matrix

=== Training model with 30 % noise in training data ===
Critical percentage for training noise: 30 %
Loading training noise data from: results/noise_injection/by_dataset/tic-tac-toe_middle_middle_square_noise0.3.csv 
Altering 230 out of 767 training instances
# weights:  20 (19 variable)
initial  value 531.643887 
iter  10 value 183.235503
iter  20 value 165.932427
iter  30 value 165.774473
iter  30 value 165.774472
iter  30 value 165.774472
final  value 165.774472 
converged
Dataset: tic-tac-toe 
Fold: 5 
Method: multinom 
Noise level:  30 %
Percentage of altered instances:  10 %
Using 19 indices (first 19 from shuffled list)
Loading noise data from: results/noise_injection/by_dataset/tic-tac-toe_middle_middle_square_noise0.3.csv 
Using 19 indices for  10 % of instances
Calculate prediction
Confusion matrix
Dataset: tic-tac-toe 
Fold: 5 
Method: multinom 
Noise level:  30 %
Percentage of altered instances:  20 %
Using 38 indices (first 38 from shuffled list)
Loading noise data from: results/noise_injection/by_dataset/tic-tac-toe_middle_middle_square_noise0.3.csv 
Using 38 indices for  20 % of instances
Calculate prediction
Confusion matrix
Dataset: tic-tac-toe 
Fold: 5 
Method: multinom 
Noise level:  30 %
Percentage of altered instances:  25 %
Using 48 indices (first 48 from shuffled list)
Loading noise data from: results/noise_injection/by_dataset/tic-tac-toe_middle_middle_square_noise0.3.csv 
Using 48 indices for  25 % of instances
Calculate prediction
Confusion matrix
Dataset: tic-tac-toe 
Fold: 5 
Method: multinom 
Noise level:  30 %
Percentage of altered instances:  30 %
Using 57 indices (first 57 from shuffled list)
Loading noise data from: results/noise_injection/by_dataset/tic-tac-toe_middle_middle_square_noise0.3.csv 
Using 57 indices for  30 % of instances
Calculate prediction
Confusion matrix
Dataset: tic-tac-toe 
Fold: 5 
Method: multinom 
Noise level:  30 %
Percentage of altered instances:  40 %
Using 76 indices (first 76 from shuffled list)
Loading noise data from: results/noise_injection/by_dataset/tic-tac-toe_middle_middle_square_noise0.3.csv 
Using 76 indices for  40 % of instances
Calculate prediction
Confusion matrix
Dataset: tic-tac-toe 
Fold: 5 
Method: multinom 
Noise level:  30 %
Percentage of altered instances:  50 %
Using 96 indices (first 96 from shuffled list)
Loading noise data from: results/noise_injection/by_dataset/tic-tac-toe_middle_middle_square_noise0.3.csv 
Using 96 indices for  50 % of instances
Calculate prediction
Confusion matrix
Dataset: tic-tac-toe 
Fold: 5 
Method: multinom 
Noise level:  30 %
Percentage of altered instances:  60 %
Using 115 indices (first 115 from shuffled list)
Loading noise data from: results/noise_injection/by_dataset/tic-tac-toe_middle_middle_square_noise0.3.csv 
Using 115 indices for  60 % of instances
Calculate prediction
Confusion matrix
Dataset: tic-tac-toe 
Fold: 5 
Method: multinom 
Noise level:  30 %
Percentage of altered instances:  70 %
Using 134 indices (first 134 from shuffled list)
Loading noise data from: results/noise_injection/by_dataset/tic-tac-toe_middle_middle_square_noise0.3.csv 
Using 134 indices for  70 % of instances
Calculate prediction
Confusion matrix
Dataset: tic-tac-toe 
Fold: 5 
Method: multinom 
Noise level:  30 %
Percentage of altered instances:  75 %
Using 143 indices (first 143 from shuffled list)
Loading noise data from: results/noise_injection/by_dataset/tic-tac-toe_middle_middle_square_noise0.3.csv 
Using 143 indices for  75 % of instances
Calculate prediction
Confusion matrix
Dataset: tic-tac-toe 
Fold: 5 
Method: multinom 
Noise level:  30 %
Percentage of altered instances:  80 %
Using 153 indices (first 153 from shuffled list)
Loading noise data from: results/noise_injection/by_dataset/tic-tac-toe_middle_middle_square_noise0.3.csv 
Using 153 indices for  80 % of instances
Calculate prediction
Confusion matrix
Dataset: tic-tac-toe 
Fold: 5 
Method: multinom 
Noise level:  30 %
Percentage of altered instances:  90 %
Using 172 indices (first 172 from shuffled list)
Loading noise data from: results/noise_injection/by_dataset/tic-tac-toe_middle_middle_square_noise0.3.csv 
Using 172 indices for  90 % of instances
Calculate prediction
Confusion matrix
Dataset: tic-tac-toe 
Fold: 5 
Method: multinom 
Noise level:  30 %
Percentage of altered instances:  100 %
Using 191 indices (first 191 from shuffled list)
Loading noise data from: results/noise_injection/by_dataset/tic-tac-toe_middle_middle_square_noise0.3.csv 
Using 191 indices for  100 % of instances
Calculate prediction
Confusion matrix
Saved results to: results/instances/train_noise/by_dataset/tic-tac-toe_multinom_results.csv 
----------------
****************************
Instances altered with noise
****************************
