Current working directory: /home/chris/github/kappa-threshold 
parameters.csv exists: TRUE 
parameters.csv absolute path: /home/chris/github/kappa-threshold/data/files/parameters.csv 
Processing model: multinom for dataset: vowel 
Loaded 198 indices for fold 1 from: results/instances/original/vectors/vowel_multinom_all_folds.csv 

=== Training model with 10 % noise in training data ===
Critical percentage for training noise: 50 %
Loading training noise data from: results/noise_injection/by_dataset/vowel_Feature_1_noise0.1.csv 
Altering 396 out of 792 training instances
# weights:  12 (11 variable)
initial  value 548.972567 
iter  10 value 57.823017
iter  20 value 55.373681
final  value 55.348902 
converged
Dataset: vowel 
Fold: 1 
Method: multinom 
Noise level:  10 %
Percentage of altered instances:  10 %
Using 20 indices (first 20 from shuffled list)
Loading noise data from: results/noise_injection/by_dataset/vowel_Feature_1_noise0.1.csv 
Using 20 indices for  10 % of instances
Calculate prediction
Confusion matrix
Dataset: vowel 
Fold: 1 
Method: multinom 
Noise level:  10 %
Percentage of altered instances:  20 %
Using 40 indices (first 40 from shuffled list)
Loading noise data from: results/noise_injection/by_dataset/vowel_Feature_1_noise0.1.csv 
Using 40 indices for  20 % of instances
Calculate prediction
Confusion matrix
Dataset: vowel 
Fold: 1 
Method: multinom 
Noise level:  10 %
Percentage of altered instances:  25 %
Using 50 indices (first 50 from shuffled list)
Loading noise data from: results/noise_injection/by_dataset/vowel_Feature_1_noise0.1.csv 
Using 50 indices for  25 % of instances
Calculate prediction
Confusion matrix
Dataset: vowel 
Fold: 1 
Method: multinom 
Noise level:  10 %
Percentage of altered instances:  30 %
Using 59 indices (first 59 from shuffled list)
Loading noise data from: results/noise_injection/by_dataset/vowel_Feature_1_noise0.1.csv 
Using 59 indices for  30 % of instances
Calculate prediction
Confusion matrix
Dataset: vowel 
Fold: 1 
Method: multinom 
Noise level:  10 %
Percentage of altered instances:  40 %
Using 79 indices (first 79 from shuffled list)
Loading noise data from: results/noise_injection/by_dataset/vowel_Feature_1_noise0.1.csv 
Using 79 indices for  40 % of instances
Calculate prediction
Confusion matrix
Dataset: vowel 
Fold: 1 
Method: multinom 
Noise level:  10 %
Percentage of altered instances:  50 %
Using 99 indices (first 99 from shuffled list)
Loading noise data from: results/noise_injection/by_dataset/vowel_Feature_1_noise0.1.csv 
Using 99 indices for  50 % of instances
Calculate prediction
Confusion matrix
Dataset: vowel 
Fold: 1 
Method: multinom 
Noise level:  10 %
Percentage of altered instances:  60 %
Using 119 indices (first 119 from shuffled list)
Loading noise data from: results/noise_injection/by_dataset/vowel_Feature_1_noise0.1.csv 
Using 119 indices for  60 % of instances
Calculate prediction
Confusion matrix
Dataset: vowel 
Fold: 1 
Method: multinom 
Noise level:  10 %
Percentage of altered instances:  70 %
Using 139 indices (first 139 from shuffled list)
Loading noise data from: results/noise_injection/by_dataset/vowel_Feature_1_noise0.1.csv 
Using 139 indices for  70 % of instances
Calculate prediction
Confusion matrix
Dataset: vowel 
Fold: 1 
Method: multinom 
Noise level:  10 %
Percentage of altered instances:  75 %
Using 148 indices (first 148 from shuffled list)
Loading noise data from: results/noise_injection/by_dataset/vowel_Feature_1_noise0.1.csv 
Using 148 indices for  75 % of instances
Calculate prediction
Confusion matrix
Dataset: vowel 
Fold: 1 
Method: multinom 
Noise level:  10 %
Percentage of altered instances:  80 %
Using 158 indices (first 158 from shuffled list)
Loading noise data from: results/noise_injection/by_dataset/vowel_Feature_1_noise0.1.csv 
Using 158 indices for  80 % of instances
Calculate prediction
Confusion matrix
Dataset: vowel 
Fold: 1 
Method: multinom 
Noise level:  10 %
Percentage of altered instances:  90 %
Using 178 indices (first 178 from shuffled list)
Loading noise data from: results/noise_injection/by_dataset/vowel_Feature_1_noise0.1.csv 
Using 178 indices for  90 % of instances
Calculate prediction
Confusion matrix
Dataset: vowel 
Fold: 1 
Method: multinom 
Noise level:  10 %
Percentage of altered instances:  100 %
Using 198 indices (first 198 from shuffled list)
Loading noise data from: results/noise_injection/by_dataset/vowel_Feature_1_noise0.1.csv 
Using 198 indices for  100 % of instances
Calculate prediction
Confusion matrix

=== Training model with 20 % noise in training data ===
Critical percentage for training noise: 25 %
Loading training noise data from: results/noise_injection/by_dataset/vowel_Feature_1_noise0.2.csv 
Altering 198 out of 792 training instances
# weights:  12 (11 variable)
initial  value 548.972567 
iter  10 value 60.968567
iter  20 value 58.167572
final  value 58.121383 
converged
Dataset: vowel 
Fold: 1 
Method: multinom 
Noise level:  20 %
Percentage of altered instances:  10 %
Using 20 indices (first 20 from shuffled list)
Loading noise data from: results/noise_injection/by_dataset/vowel_Feature_1_noise0.2.csv 
Using 20 indices for  10 % of instances
Calculate prediction
Confusion matrix
Dataset: vowel 
Fold: 1 
Method: multinom 
Noise level:  20 %
Percentage of altered instances:  20 %
Using 40 indices (first 40 from shuffled list)
Loading noise data from: results/noise_injection/by_dataset/vowel_Feature_1_noise0.2.csv 
Using 40 indices for  20 % of instances
Calculate prediction
Confusion matrix
Dataset: vowel 
Fold: 1 
Method: multinom 
Noise level:  20 %
Percentage of altered instances:  25 %
Using 50 indices (first 50 from shuffled list)
Loading noise data from: results/noise_injection/by_dataset/vowel_Feature_1_noise0.2.csv 
Using 50 indices for  25 % of instances
Calculate prediction
Confusion matrix
Dataset: vowel 
Fold: 1 
Method: multinom 
Noise level:  20 %
Percentage of altered instances:  30 %
Using 59 indices (first 59 from shuffled list)
Loading noise data from: results/noise_injection/by_dataset/vowel_Feature_1_noise0.2.csv 
Using 59 indices for  30 % of instances
Calculate prediction
Confusion matrix
Dataset: vowel 
Fold: 1 
Method: multinom 
Noise level:  20 %
Percentage of altered instances:  40 %
Using 79 indices (first 79 from shuffled list)
Loading noise data from: results/noise_injection/by_dataset/vowel_Feature_1_noise0.2.csv 
Using 79 indices for  40 % of instances
Calculate prediction
Confusion matrix
Dataset: vowel 
Fold: 1 
Method: multinom 
Noise level:  20 %
Percentage of altered instances:  50 %
Using 99 indices (first 99 from shuffled list)
Loading noise data from: results/noise_injection/by_dataset/vowel_Feature_1_noise0.2.csv 
Using 99 indices for  50 % of instances
Calculate prediction
Confusion matrix
Dataset: vowel 
Fold: 1 
Method: multinom 
Noise level:  20 %
Percentage of altered instances:  60 %
Using 119 indices (first 119 from shuffled list)
Loading noise data from: results/noise_injection/by_dataset/vowel_Feature_1_noise0.2.csv 
Using 119 indices for  60 % of instances
Calculate prediction
Confusion matrix
Dataset: vowel 
Fold: 1 
Method: multinom 
Noise level:  20 %
Percentage of altered instances:  70 %
Using 139 indices (first 139 from shuffled list)
Loading noise data from: results/noise_injection/by_dataset/vowel_Feature_1_noise0.2.csv 
Using 139 indices for  70 % of instances
Calculate prediction
Confusion matrix
Dataset: vowel 
Fold: 1 
Method: multinom 
Noise level:  20 %
Percentage of altered instances:  75 %
Using 148 indices (first 148 from shuffled list)
Loading noise data from: results/noise_injection/by_dataset/vowel_Feature_1_noise0.2.csv 
Using 148 indices for  75 % of instances
Calculate prediction
Confusion matrix
Dataset: vowel 
Fold: 1 
Method: multinom 
Noise level:  20 %
Percentage of altered instances:  80 %
Using 158 indices (first 158 from shuffled list)
Loading noise data from: results/noise_injection/by_dataset/vowel_Feature_1_noise0.2.csv 
Using 158 indices for  80 % of instances
Calculate prediction
Confusion matrix
Dataset: vowel 
Fold: 1 
Method: multinom 
Noise level:  20 %
Percentage of altered instances:  90 %
Using 178 indices (first 178 from shuffled list)
Loading noise data from: results/noise_injection/by_dataset/vowel_Feature_1_noise0.2.csv 
Using 178 indices for  90 % of instances
Calculate prediction
Confusion matrix
Dataset: vowel 
Fold: 1 
Method: multinom 
Noise level:  20 %
Percentage of altered instances:  100 %
Using 198 indices (first 198 from shuffled list)
Loading noise data from: results/noise_injection/by_dataset/vowel_Feature_1_noise0.2.csv 
Using 198 indices for  100 % of instances
Calculate prediction
Confusion matrix

=== Training model with 30 % noise in training data ===
Critical percentage for training noise: 20 %
Loading training noise data from: results/noise_injection/by_dataset/vowel_Feature_1_noise0.3.csv 
Altering 158 out of 792 training instances
# weights:  12 (11 variable)
initial  value 548.972567 
iter  10 value 58.667422
iter  20 value 52.638569
iter  30 value 52.517493
final  value 52.517488 
converged
Dataset: vowel 
Fold: 1 
Method: multinom 
Noise level:  30 %
Percentage of altered instances:  10 %
Using 20 indices (first 20 from shuffled list)
Loading noise data from: results/noise_injection/by_dataset/vowel_Feature_1_noise0.3.csv 
Using 20 indices for  10 % of instances
Calculate prediction
Confusion matrix
Dataset: vowel 
Fold: 1 
Method: multinom 
Noise level:  30 %
Percentage of altered instances:  20 %
Using 40 indices (first 40 from shuffled list)
Loading noise data from: results/noise_injection/by_dataset/vowel_Feature_1_noise0.3.csv 
Using 40 indices for  20 % of instances
Calculate prediction
Confusion matrix
Dataset: vowel 
Fold: 1 
Method: multinom 
Noise level:  30 %
Percentage of altered instances:  25 %
Using 50 indices (first 50 from shuffled list)
Loading noise data from: results/noise_injection/by_dataset/vowel_Feature_1_noise0.3.csv 
Using 50 indices for  25 % of instances
Calculate prediction
Confusion matrix
Dataset: vowel 
Fold: 1 
Method: multinom 
Noise level:  30 %
Percentage of altered instances:  30 %
Using 59 indices (first 59 from shuffled list)
Loading noise data from: results/noise_injection/by_dataset/vowel_Feature_1_noise0.3.csv 
Using 59 indices for  30 % of instances
Calculate prediction
Confusion matrix
Dataset: vowel 
Fold: 1 
Method: multinom 
Noise level:  30 %
Percentage of altered instances:  40 %
Using 79 indices (first 79 from shuffled list)
Loading noise data from: results/noise_injection/by_dataset/vowel_Feature_1_noise0.3.csv 
Using 79 indices for  40 % of instances
Calculate prediction
Confusion matrix
Dataset: vowel 
Fold: 1 
Method: multinom 
Noise level:  30 %
Percentage of altered instances:  50 %
Using 99 indices (first 99 from shuffled list)
Loading noise data from: results/noise_injection/by_dataset/vowel_Feature_1_noise0.3.csv 
Using 99 indices for  50 % of instances
Calculate prediction
Confusion matrix
Dataset: vowel 
Fold: 1 
Method: multinom 
Noise level:  30 %
Percentage of altered instances:  60 %
Using 119 indices (first 119 from shuffled list)
Loading noise data from: results/noise_injection/by_dataset/vowel_Feature_1_noise0.3.csv 
Using 119 indices for  60 % of instances
Calculate prediction
Confusion matrix
Dataset: vowel 
Fold: 1 
Method: multinom 
Noise level:  30 %
Percentage of altered instances:  70 %
Using 139 indices (first 139 from shuffled list)
Loading noise data from: results/noise_injection/by_dataset/vowel_Feature_1_noise0.3.csv 
Using 139 indices for  70 % of instances
Calculate prediction
Confusion matrix
Dataset: vowel 
Fold: 1 
Method: multinom 
Noise level:  30 %
Percentage of altered instances:  75 %
Using 148 indices (first 148 from shuffled list)
Loading noise data from: results/noise_injection/by_dataset/vowel_Feature_1_noise0.3.csv 
Using 148 indices for  75 % of instances
Calculate prediction
Confusion matrix
Dataset: vowel 
Fold: 1 
Method: multinom 
Noise level:  30 %
Percentage of altered instances:  80 %
Using 158 indices (first 158 from shuffled list)
Loading noise data from: results/noise_injection/by_dataset/vowel_Feature_1_noise0.3.csv 
Using 158 indices for  80 % of instances
Calculate prediction
Confusion matrix
Dataset: vowel 
Fold: 1 
Method: multinom 
Noise level:  30 %
Percentage of altered instances:  90 %
Using 178 indices (first 178 from shuffled list)
Loading noise data from: results/noise_injection/by_dataset/vowel_Feature_1_noise0.3.csv 
Using 178 indices for  90 % of instances
Calculate prediction
Confusion matrix
Dataset: vowel 
Fold: 1 
Method: multinom 
Noise level:  30 %
Percentage of altered instances:  100 %
Using 198 indices (first 198 from shuffled list)
Loading noise data from: results/noise_injection/by_dataset/vowel_Feature_1_noise0.3.csv 
Using 198 indices for  100 % of instances
Calculate prediction
Confusion matrix
Loaded 198 indices for fold 2 from: results/instances/original/vectors/vowel_multinom_all_folds.csv 

=== Training model with 10 % noise in training data ===
Critical percentage for training noise: 50 %
Loading training noise data from: results/noise_injection/by_dataset/vowel_Feature_1_noise0.1.csv 
Altering 396 out of 792 training instances
# weights:  12 (11 variable)
initial  value 548.972567 
iter  10 value 68.220887
iter  20 value 60.634778
final  value 60.601503 
converged
Dataset: vowel 
Fold: 2 
Method: multinom 
Noise level:  10 %
Percentage of altered instances:  10 %
Using 20 indices (first 20 from shuffled list)
Loading noise data from: results/noise_injection/by_dataset/vowel_Feature_1_noise0.1.csv 
Using 20 indices for  10 % of instances
Calculate prediction
Confusion matrix
Dataset: vowel 
Fold: 2 
Method: multinom 
Noise level:  10 %
Percentage of altered instances:  20 %
Using 40 indices (first 40 from shuffled list)
Loading noise data from: results/noise_injection/by_dataset/vowel_Feature_1_noise0.1.csv 
Using 40 indices for  20 % of instances
Calculate prediction
Confusion matrix
Dataset: vowel 
Fold: 2 
Method: multinom 
Noise level:  10 %
Percentage of altered instances:  25 %
Using 50 indices (first 50 from shuffled list)
Loading noise data from: results/noise_injection/by_dataset/vowel_Feature_1_noise0.1.csv 
Using 50 indices for  25 % of instances
Calculate prediction
Confusion matrix
Dataset: vowel 
Fold: 2 
Method: multinom 
Noise level:  10 %
Percentage of altered instances:  30 %
Using 59 indices (first 59 from shuffled list)
Loading noise data from: results/noise_injection/by_dataset/vowel_Feature_1_noise0.1.csv 
Using 59 indices for  30 % of instances
Calculate prediction
Confusion matrix
Dataset: vowel 
Fold: 2 
Method: multinom 
Noise level:  10 %
Percentage of altered instances:  40 %
Using 79 indices (first 79 from shuffled list)
Loading noise data from: results/noise_injection/by_dataset/vowel_Feature_1_noise0.1.csv 
Using 79 indices for  40 % of instances
Calculate prediction
Confusion matrix
Dataset: vowel 
Fold: 2 
Method: multinom 
Noise level:  10 %
Percentage of altered instances:  50 %
Using 99 indices (first 99 from shuffled list)
Loading noise data from: results/noise_injection/by_dataset/vowel_Feature_1_noise0.1.csv 
Using 99 indices for  50 % of instances
Calculate prediction
Confusion matrix
Dataset: vowel 
Fold: 2 
Method: multinom 
Noise level:  10 %
Percentage of altered instances:  60 %
Using 119 indices (first 119 from shuffled list)
Loading noise data from: results/noise_injection/by_dataset/vowel_Feature_1_noise0.1.csv 
Using 119 indices for  60 % of instances
Calculate prediction
Confusion matrix
Dataset: vowel 
Fold: 2 
Method: multinom 
Noise level:  10 %
Percentage of altered instances:  70 %
Using 139 indices (first 139 from shuffled list)
Loading noise data from: results/noise_injection/by_dataset/vowel_Feature_1_noise0.1.csv 
Using 139 indices for  70 % of instances
Calculate prediction
Confusion matrix
Dataset: vowel 
Fold: 2 
Method: multinom 
Noise level:  10 %
Percentage of altered instances:  75 %
Using 148 indices (first 148 from shuffled list)
Loading noise data from: results/noise_injection/by_dataset/vowel_Feature_1_noise0.1.csv 
Using 148 indices for  75 % of instances
Calculate prediction
Confusion matrix
Dataset: vowel 
Fold: 2 
Method: multinom 
Noise level:  10 %
Percentage of altered instances:  80 %
Using 158 indices (first 158 from shuffled list)
Loading noise data from: results/noise_injection/by_dataset/vowel_Feature_1_noise0.1.csv 
Using 158 indices for  80 % of instances
Calculate prediction
Confusion matrix
Dataset: vowel 
Fold: 2 
Method: multinom 
Noise level:  10 %
Percentage of altered instances:  90 %
Using 178 indices (first 178 from shuffled list)
Loading noise data from: results/noise_injection/by_dataset/vowel_Feature_1_noise0.1.csv 
Using 178 indices for  90 % of instances
Calculate prediction
Confusion matrix
Dataset: vowel 
Fold: 2 
Method: multinom 
Noise level:  10 %
Percentage of altered instances:  100 %
Using 198 indices (first 198 from shuffled list)
Loading noise data from: results/noise_injection/by_dataset/vowel_Feature_1_noise0.1.csv 
Using 198 indices for  100 % of instances
Calculate prediction
Confusion matrix

=== Training model with 20 % noise in training data ===
Critical percentage for training noise: 25 %
Loading training noise data from: results/noise_injection/by_dataset/vowel_Feature_1_noise0.2.csv 
Altering 198 out of 792 training instances
# weights:  12 (11 variable)
initial  value 548.972567 
iter  10 value 59.670423
iter  20 value 54.251194
iter  30 value 54.155778
final  value 54.155773 
converged
Dataset: vowel 
Fold: 2 
Method: multinom 
Noise level:  20 %
Percentage of altered instances:  10 %
Using 20 indices (first 20 from shuffled list)
Loading noise data from: results/noise_injection/by_dataset/vowel_Feature_1_noise0.2.csv 
Using 20 indices for  10 % of instances
Calculate prediction
Confusion matrix
Dataset: vowel 
Fold: 2 
Method: multinom 
Noise level:  20 %
Percentage of altered instances:  20 %
Using 40 indices (first 40 from shuffled list)
Loading noise data from: results/noise_injection/by_dataset/vowel_Feature_1_noise0.2.csv 
Using 40 indices for  20 % of instances
Calculate prediction
Confusion matrix
Dataset: vowel 
Fold: 2 
Method: multinom 
Noise level:  20 %
Percentage of altered instances:  25 %
Using 50 indices (first 50 from shuffled list)
Loading noise data from: results/noise_injection/by_dataset/vowel_Feature_1_noise0.2.csv 
Using 50 indices for  25 % of instances
Calculate prediction
Confusion matrix
Dataset: vowel 
Fold: 2 
Method: multinom 
Noise level:  20 %
Percentage of altered instances:  30 %
Using 59 indices (first 59 from shuffled list)
Loading noise data from: results/noise_injection/by_dataset/vowel_Feature_1_noise0.2.csv 
Using 59 indices for  30 % of instances
Calculate prediction
Confusion matrix
Dataset: vowel 
Fold: 2 
Method: multinom 
Noise level:  20 %
Percentage of altered instances:  40 %
Using 79 indices (first 79 from shuffled list)
Loading noise data from: results/noise_injection/by_dataset/vowel_Feature_1_noise0.2.csv 
Using 79 indices for  40 % of instances
Calculate prediction
Confusion matrix
Dataset: vowel 
Fold: 2 
Method: multinom 
Noise level:  20 %
Percentage of altered instances:  50 %
Using 99 indices (first 99 from shuffled list)
Loading noise data from: results/noise_injection/by_dataset/vowel_Feature_1_noise0.2.csv 
Using 99 indices for  50 % of instances
Calculate prediction
Confusion matrix
Dataset: vowel 
Fold: 2 
Method: multinom 
Noise level:  20 %
Percentage of altered instances:  60 %
Using 119 indices (first 119 from shuffled list)
Loading noise data from: results/noise_injection/by_dataset/vowel_Feature_1_noise0.2.csv 
Using 119 indices for  60 % of instances
Calculate prediction
Confusion matrix
Dataset: vowel 
Fold: 2 
Method: multinom 
Noise level:  20 %
Percentage of altered instances:  70 %
Using 139 indices (first 139 from shuffled list)
Loading noise data from: results/noise_injection/by_dataset/vowel_Feature_1_noise0.2.csv 
Using 139 indices for  70 % of instances
Calculate prediction
Confusion matrix
Dataset: vowel 
Fold: 2 
Method: multinom 
Noise level:  20 %
Percentage of altered instances:  75 %
Using 148 indices (first 148 from shuffled list)
Loading noise data from: results/noise_injection/by_dataset/vowel_Feature_1_noise0.2.csv 
Using 148 indices for  75 % of instances
Calculate prediction
Confusion matrix
Dataset: vowel 
Fold: 2 
Method: multinom 
Noise level:  20 %
Percentage of altered instances:  80 %
Using 158 indices (first 158 from shuffled list)
Loading noise data from: results/noise_injection/by_dataset/vowel_Feature_1_noise0.2.csv 
Using 158 indices for  80 % of instances
Calculate prediction
Confusion matrix
Dataset: vowel 
Fold: 2 
Method: multinom 
Noise level:  20 %
Percentage of altered instances:  90 %
Using 178 indices (first 178 from shuffled list)
Loading noise data from: results/noise_injection/by_dataset/vowel_Feature_1_noise0.2.csv 
Using 178 indices for  90 % of instances
Calculate prediction
Confusion matrix
Dataset: vowel 
Fold: 2 
Method: multinom 
Noise level:  20 %
Percentage of altered instances:  100 %
Using 198 indices (first 198 from shuffled list)
Loading noise data from: results/noise_injection/by_dataset/vowel_Feature_1_noise0.2.csv 
Using 198 indices for  100 % of instances
Calculate prediction
Confusion matrix

=== Training model with 30 % noise in training data ===
Critical percentage for training noise: 20 %
Loading training noise data from: results/noise_injection/by_dataset/vowel_Feature_1_noise0.3.csv 
Altering 158 out of 792 training instances
# weights:  12 (11 variable)
initial  value 548.972567 
iter  10 value 71.156643
iter  20 value 69.073193
final  value 69.063308 
converged
Dataset: vowel 
Fold: 2 
Method: multinom 
Noise level:  30 %
Percentage of altered instances:  10 %
Using 20 indices (first 20 from shuffled list)
Loading noise data from: results/noise_injection/by_dataset/vowel_Feature_1_noise0.3.csv 
Using 20 indices for  10 % of instances
Calculate prediction
Confusion matrix
Dataset: vowel 
Fold: 2 
Method: multinom 
Noise level:  30 %
Percentage of altered instances:  20 %
Using 40 indices (first 40 from shuffled list)
Loading noise data from: results/noise_injection/by_dataset/vowel_Feature_1_noise0.3.csv 
Using 40 indices for  20 % of instances
Calculate prediction
Confusion matrix
Dataset: vowel 
Fold: 2 
Method: multinom 
Noise level:  30 %
Percentage of altered instances:  25 %
Using 50 indices (first 50 from shuffled list)
Loading noise data from: results/noise_injection/by_dataset/vowel_Feature_1_noise0.3.csv 
Using 50 indices for  25 % of instances
Calculate prediction
Confusion matrix
Dataset: vowel 
Fold: 2 
Method: multinom 
Noise level:  30 %
Percentage of altered instances:  30 %
Using 59 indices (first 59 from shuffled list)
Loading noise data from: results/noise_injection/by_dataset/vowel_Feature_1_noise0.3.csv 
Using 59 indices for  30 % of instances
Calculate prediction
Confusion matrix
Dataset: vowel 
Fold: 2 
Method: multinom 
Noise level:  30 %
Percentage of altered instances:  40 %
Using 79 indices (first 79 from shuffled list)
Loading noise data from: results/noise_injection/by_dataset/vowel_Feature_1_noise0.3.csv 
Using 79 indices for  40 % of instances
Calculate prediction
Confusion matrix
Dataset: vowel 
Fold: 2 
Method: multinom 
Noise level:  30 %
Percentage of altered instances:  50 %
Using 99 indices (first 99 from shuffled list)
Loading noise data from: results/noise_injection/by_dataset/vowel_Feature_1_noise0.3.csv 
Using 99 indices for  50 % of instances
Calculate prediction
Confusion matrix
Dataset: vowel 
Fold: 2 
Method: multinom 
Noise level:  30 %
Percentage of altered instances:  60 %
Using 119 indices (first 119 from shuffled list)
Loading noise data from: results/noise_injection/by_dataset/vowel_Feature_1_noise0.3.csv 
Using 119 indices for  60 % of instances
Calculate prediction
Confusion matrix
Dataset: vowel 
Fold: 2 
Method: multinom 
Noise level:  30 %
Percentage of altered instances:  70 %
Using 139 indices (first 139 from shuffled list)
Loading noise data from: results/noise_injection/by_dataset/vowel_Feature_1_noise0.3.csv 
Using 139 indices for  70 % of instances
Calculate prediction
Confusion matrix
Dataset: vowel 
Fold: 2 
Method: multinom 
Noise level:  30 %
Percentage of altered instances:  75 %
Using 148 indices (first 148 from shuffled list)
Loading noise data from: results/noise_injection/by_dataset/vowel_Feature_1_noise0.3.csv 
Using 148 indices for  75 % of instances
Calculate prediction
Confusion matrix
Dataset: vowel 
Fold: 2 
Method: multinom 
Noise level:  30 %
Percentage of altered instances:  80 %
Using 158 indices (first 158 from shuffled list)
Loading noise data from: results/noise_injection/by_dataset/vowel_Feature_1_noise0.3.csv 
Using 158 indices for  80 % of instances
Calculate prediction
Confusion matrix
Dataset: vowel 
Fold: 2 
Method: multinom 
Noise level:  30 %
Percentage of altered instances:  90 %
Using 178 indices (first 178 from shuffled list)
Loading noise data from: results/noise_injection/by_dataset/vowel_Feature_1_noise0.3.csv 
Using 178 indices for  90 % of instances
Calculate prediction
Confusion matrix
Dataset: vowel 
Fold: 2 
Method: multinom 
Noise level:  30 %
Percentage of altered instances:  100 %
Using 198 indices (first 198 from shuffled list)
Loading noise data from: results/noise_injection/by_dataset/vowel_Feature_1_noise0.3.csv 
Using 198 indices for  100 % of instances
Calculate prediction
Confusion matrix
Loaded 198 indices for fold 3 from: results/instances/original/vectors/vowel_multinom_all_folds.csv 

=== Training model with 10 % noise in training data ===
Critical percentage for training noise: 50 %
Loading training noise data from: results/noise_injection/by_dataset/vowel_Feature_1_noise0.1.csv 
Altering 396 out of 792 training instances
# weights:  12 (11 variable)
initial  value 548.972567 
iter  10 value 63.836515
iter  20 value 58.857973
iter  30 value 58.782400
final  value 58.782395 
converged
Dataset: vowel 
Fold: 3 
Method: multinom 
Noise level:  10 %
Percentage of altered instances:  10 %
Using 20 indices (first 20 from shuffled list)
Loading noise data from: results/noise_injection/by_dataset/vowel_Feature_1_noise0.1.csv 
Using 20 indices for  10 % of instances
Calculate prediction
Confusion matrix
Dataset: vowel 
Fold: 3 
Method: multinom 
Noise level:  10 %
Percentage of altered instances:  20 %
Using 40 indices (first 40 from shuffled list)
Loading noise data from: results/noise_injection/by_dataset/vowel_Feature_1_noise0.1.csv 
Using 40 indices for  20 % of instances
Calculate prediction
Confusion matrix
Dataset: vowel 
Fold: 3 
Method: multinom 
Noise level:  10 %
Percentage of altered instances:  25 %
Using 50 indices (first 50 from shuffled list)
Loading noise data from: results/noise_injection/by_dataset/vowel_Feature_1_noise0.1.csv 
Using 50 indices for  25 % of instances
Calculate prediction
Confusion matrix
Dataset: vowel 
Fold: 3 
Method: multinom 
Noise level:  10 %
Percentage of altered instances:  30 %
Using 59 indices (first 59 from shuffled list)
Loading noise data from: results/noise_injection/by_dataset/vowel_Feature_1_noise0.1.csv 
Using 59 indices for  30 % of instances
Calculate prediction
Confusion matrix
Dataset: vowel 
Fold: 3 
Method: multinom 
Noise level:  10 %
Percentage of altered instances:  40 %
Using 79 indices (first 79 from shuffled list)
Loading noise data from: results/noise_injection/by_dataset/vowel_Feature_1_noise0.1.csv 
Using 79 indices for  40 % of instances
Calculate prediction
Confusion matrix
Dataset: vowel 
Fold: 3 
Method: multinom 
Noise level:  10 %
Percentage of altered instances:  50 %
Using 99 indices (first 99 from shuffled list)
Loading noise data from: results/noise_injection/by_dataset/vowel_Feature_1_noise0.1.csv 
Using 99 indices for  50 % of instances
Calculate prediction
Confusion matrix
Dataset: vowel 
Fold: 3 
Method: multinom 
Noise level:  10 %
Percentage of altered instances:  60 %
Using 119 indices (first 119 from shuffled list)
Loading noise data from: results/noise_injection/by_dataset/vowel_Feature_1_noise0.1.csv 
Using 119 indices for  60 % of instances
Calculate prediction
Confusion matrix
Dataset: vowel 
Fold: 3 
Method: multinom 
Noise level:  10 %
Percentage of altered instances:  70 %
Using 139 indices (first 139 from shuffled list)
Loading noise data from: results/noise_injection/by_dataset/vowel_Feature_1_noise0.1.csv 
Using 139 indices for  70 % of instances
Calculate prediction
Confusion matrix
Dataset: vowel 
Fold: 3 
Method: multinom 
Noise level:  10 %
Percentage of altered instances:  75 %
Using 148 indices (first 148 from shuffled list)
Loading noise data from: results/noise_injection/by_dataset/vowel_Feature_1_noise0.1.csv 
Using 148 indices for  75 % of instances
Calculate prediction
Confusion matrix
Dataset: vowel 
Fold: 3 
Method: multinom 
Noise level:  10 %
Percentage of altered instances:  80 %
Using 158 indices (first 158 from shuffled list)
Loading noise data from: results/noise_injection/by_dataset/vowel_Feature_1_noise0.1.csv 
Using 158 indices for  80 % of instances
Calculate prediction
Confusion matrix
Dataset: vowel 
Fold: 3 
Method: multinom 
Noise level:  10 %
Percentage of altered instances:  90 %
Using 178 indices (first 178 from shuffled list)
Loading noise data from: results/noise_injection/by_dataset/vowel_Feature_1_noise0.1.csv 
Using 178 indices for  90 % of instances
Calculate prediction
Confusion matrix
Dataset: vowel 
Fold: 3 
Method: multinom 
Noise level:  10 %
Percentage of altered instances:  100 %
Using 198 indices (first 198 from shuffled list)
Loading noise data from: results/noise_injection/by_dataset/vowel_Feature_1_noise0.1.csv 
Using 198 indices for  100 % of instances
Calculate prediction
Confusion matrix

=== Training model with 20 % noise in training data ===
Critical percentage for training noise: 25 %
Loading training noise data from: results/noise_injection/by_dataset/vowel_Feature_1_noise0.2.csv 
Altering 198 out of 792 training instances
# weights:  12 (11 variable)
initial  value 548.972567 
iter  10 value 58.072981
iter  20 value 54.245467
final  value 54.210334 
converged
Dataset: vowel 
Fold: 3 
Method: multinom 
Noise level:  20 %
Percentage of altered instances:  10 %
Using 20 indices (first 20 from shuffled list)
Loading noise data from: results/noise_injection/by_dataset/vowel_Feature_1_noise0.2.csv 
Using 20 indices for  10 % of instances
Calculate prediction
Confusion matrix
Dataset: vowel 
Fold: 3 
Method: multinom 
Noise level:  20 %
Percentage of altered instances:  20 %
Using 40 indices (first 40 from shuffled list)
Loading noise data from: results/noise_injection/by_dataset/vowel_Feature_1_noise0.2.csv 
Using 40 indices for  20 % of instances
Calculate prediction
Confusion matrix
Dataset: vowel 
Fold: 3 
Method: multinom 
Noise level:  20 %
Percentage of altered instances:  25 %
Using 50 indices (first 50 from shuffled list)
Loading noise data from: results/noise_injection/by_dataset/vowel_Feature_1_noise0.2.csv 
Using 50 indices for  25 % of instances
Calculate prediction
Confusion matrix
Dataset: vowel 
Fold: 3 
Method: multinom 
Noise level:  20 %
Percentage of altered instances:  30 %
Using 59 indices (first 59 from shuffled list)
Loading noise data from: results/noise_injection/by_dataset/vowel_Feature_1_noise0.2.csv 
Using 59 indices for  30 % of instances
Calculate prediction
Confusion matrix
Dataset: vowel 
Fold: 3 
Method: multinom 
Noise level:  20 %
Percentage of altered instances:  40 %
Using 79 indices (first 79 from shuffled list)
Loading noise data from: results/noise_injection/by_dataset/vowel_Feature_1_noise0.2.csv 
Using 79 indices for  40 % of instances
Calculate prediction
Confusion matrix
Dataset: vowel 
Fold: 3 
Method: multinom 
Noise level:  20 %
Percentage of altered instances:  50 %
Using 99 indices (first 99 from shuffled list)
Loading noise data from: results/noise_injection/by_dataset/vowel_Feature_1_noise0.2.csv 
Using 99 indices for  50 % of instances
Calculate prediction
Confusion matrix
Dataset: vowel 
Fold: 3 
Method: multinom 
Noise level:  20 %
Percentage of altered instances:  60 %
Using 119 indices (first 119 from shuffled list)
Loading noise data from: results/noise_injection/by_dataset/vowel_Feature_1_noise0.2.csv 
Using 119 indices for  60 % of instances
Calculate prediction
Confusion matrix
Dataset: vowel 
Fold: 3 
Method: multinom 
Noise level:  20 %
Percentage of altered instances:  70 %
Using 139 indices (first 139 from shuffled list)
Loading noise data from: results/noise_injection/by_dataset/vowel_Feature_1_noise0.2.csv 
Using 139 indices for  70 % of instances
Calculate prediction
Confusion matrix
Dataset: vowel 
Fold: 3 
Method: multinom 
Noise level:  20 %
Percentage of altered instances:  75 %
Using 148 indices (first 148 from shuffled list)
Loading noise data from: results/noise_injection/by_dataset/vowel_Feature_1_noise0.2.csv 
Using 148 indices for  75 % of instances
Calculate prediction
Confusion matrix
Dataset: vowel 
Fold: 3 
Method: multinom 
Noise level:  20 %
Percentage of altered instances:  80 %
Using 158 indices (first 158 from shuffled list)
Loading noise data from: results/noise_injection/by_dataset/vowel_Feature_1_noise0.2.csv 
Using 158 indices for  80 % of instances
Calculate prediction
Confusion matrix
Dataset: vowel 
Fold: 3 
Method: multinom 
Noise level:  20 %
Percentage of altered instances:  90 %
Using 178 indices (first 178 from shuffled list)
Loading noise data from: results/noise_injection/by_dataset/vowel_Feature_1_noise0.2.csv 
Using 178 indices for  90 % of instances
Calculate prediction
Confusion matrix
Dataset: vowel 
Fold: 3 
Method: multinom 
Noise level:  20 %
Percentage of altered instances:  100 %
Using 198 indices (first 198 from shuffled list)
Loading noise data from: results/noise_injection/by_dataset/vowel_Feature_1_noise0.2.csv 
Using 198 indices for  100 % of instances
Calculate prediction
Confusion matrix

=== Training model with 30 % noise in training data ===
Critical percentage for training noise: 20 %
Loading training noise data from: results/noise_injection/by_dataset/vowel_Feature_1_noise0.3.csv 
Altering 158 out of 792 training instances
# weights:  12 (11 variable)
initial  value 548.972567 
iter  10 value 66.488928
iter  20 value 64.758958
final  value 64.711651 
converged
Dataset: vowel 
Fold: 3 
Method: multinom 
Noise level:  30 %
Percentage of altered instances:  10 %
Using 20 indices (first 20 from shuffled list)
Loading noise data from: results/noise_injection/by_dataset/vowel_Feature_1_noise0.3.csv 
Using 20 indices for  10 % of instances
Calculate prediction
Confusion matrix
Dataset: vowel 
Fold: 3 
Method: multinom 
Noise level:  30 %
Percentage of altered instances:  20 %
Using 40 indices (first 40 from shuffled list)
Loading noise data from: results/noise_injection/by_dataset/vowel_Feature_1_noise0.3.csv 
Using 40 indices for  20 % of instances
Calculate prediction
Confusion matrix
Dataset: vowel 
Fold: 3 
Method: multinom 
Noise level:  30 %
Percentage of altered instances:  25 %
Using 50 indices (first 50 from shuffled list)
Loading noise data from: results/noise_injection/by_dataset/vowel_Feature_1_noise0.3.csv 
Using 50 indices for  25 % of instances
Calculate prediction
Confusion matrix
Dataset: vowel 
Fold: 3 
Method: multinom 
Noise level:  30 %
Percentage of altered instances:  30 %
Using 59 indices (first 59 from shuffled list)
Loading noise data from: results/noise_injection/by_dataset/vowel_Feature_1_noise0.3.csv 
Using 59 indices for  30 % of instances
Calculate prediction
Confusion matrix
Dataset: vowel 
Fold: 3 
Method: multinom 
Noise level:  30 %
Percentage of altered instances:  40 %
Using 79 indices (first 79 from shuffled list)
Loading noise data from: results/noise_injection/by_dataset/vowel_Feature_1_noise0.3.csv 
Using 79 indices for  40 % of instances
Calculate prediction
Confusion matrix
Dataset: vowel 
Fold: 3 
Method: multinom 
Noise level:  30 %
Percentage of altered instances:  50 %
Using 99 indices (first 99 from shuffled list)
Loading noise data from: results/noise_injection/by_dataset/vowel_Feature_1_noise0.3.csv 
Using 99 indices for  50 % of instances
Calculate prediction
Confusion matrix
Dataset: vowel 
Fold: 3 
Method: multinom 
Noise level:  30 %
Percentage of altered instances:  60 %
Using 119 indices (first 119 from shuffled list)
Loading noise data from: results/noise_injection/by_dataset/vowel_Feature_1_noise0.3.csv 
Using 119 indices for  60 % of instances
Calculate prediction
Confusion matrix
Dataset: vowel 
Fold: 3 
Method: multinom 
Noise level:  30 %
Percentage of altered instances:  70 %
Using 139 indices (first 139 from shuffled list)
Loading noise data from: results/noise_injection/by_dataset/vowel_Feature_1_noise0.3.csv 
Using 139 indices for  70 % of instances
Calculate prediction
Confusion matrix
Dataset: vowel 
Fold: 3 
Method: multinom 
Noise level:  30 %
Percentage of altered instances:  75 %
Using 148 indices (first 148 from shuffled list)
Loading noise data from: results/noise_injection/by_dataset/vowel_Feature_1_noise0.3.csv 
Using 148 indices for  75 % of instances
Calculate prediction
Confusion matrix
Dataset: vowel 
Fold: 3 
Method: multinom 
Noise level:  30 %
Percentage of altered instances:  80 %
Using 158 indices (first 158 from shuffled list)
Loading noise data from: results/noise_injection/by_dataset/vowel_Feature_1_noise0.3.csv 
Using 158 indices for  80 % of instances
Calculate prediction
Confusion matrix
Dataset: vowel 
Fold: 3 
Method: multinom 
Noise level:  30 %
Percentage of altered instances:  90 %
Using 178 indices (first 178 from shuffled list)
Loading noise data from: results/noise_injection/by_dataset/vowel_Feature_1_noise0.3.csv 
Using 178 indices for  90 % of instances
Calculate prediction
Confusion matrix
Dataset: vowel 
Fold: 3 
Method: multinom 
Noise level:  30 %
Percentage of altered instances:  100 %
Using 198 indices (first 198 from shuffled list)
Loading noise data from: results/noise_injection/by_dataset/vowel_Feature_1_noise0.3.csv 
Using 198 indices for  100 % of instances
Calculate prediction
Confusion matrix
Loaded 198 indices for fold 4 from: results/instances/original/vectors/vowel_multinom_all_folds.csv 

=== Training model with 10 % noise in training data ===
Critical percentage for training noise: 50 %
Loading training noise data from: results/noise_injection/by_dataset/vowel_Feature_1_noise0.1.csv 
Altering 396 out of 792 training instances
# weights:  12 (11 variable)
initial  value 548.972567 
iter  10 value 57.704109
iter  20 value 56.153017
final  value 56.140657 
converged
Dataset: vowel 
Fold: 4 
Method: multinom 
Noise level:  10 %
Percentage of altered instances:  10 %
Using 20 indices (first 20 from shuffled list)
Loading noise data from: results/noise_injection/by_dataset/vowel_Feature_1_noise0.1.csv 
Using 20 indices for  10 % of instances
Calculate prediction
Confusion matrix
Dataset: vowel 
Fold: 4 
Method: multinom 
Noise level:  10 %
Percentage of altered instances:  20 %
Using 40 indices (first 40 from shuffled list)
Loading noise data from: results/noise_injection/by_dataset/vowel_Feature_1_noise0.1.csv 
Using 40 indices for  20 % of instances
Calculate prediction
Confusion matrix
Dataset: vowel 
Fold: 4 
Method: multinom 
Noise level:  10 %
Percentage of altered instances:  25 %
Using 50 indices (first 50 from shuffled list)
Loading noise data from: results/noise_injection/by_dataset/vowel_Feature_1_noise0.1.csv 
Using 50 indices for  25 % of instances
Calculate prediction
Confusion matrix
Dataset: vowel 
Fold: 4 
Method: multinom 
Noise level:  10 %
Percentage of altered instances:  30 %
Using 59 indices (first 59 from shuffled list)
Loading noise data from: results/noise_injection/by_dataset/vowel_Feature_1_noise0.1.csv 
Using 59 indices for  30 % of instances
Calculate prediction
Confusion matrix
Dataset: vowel 
Fold: 4 
Method: multinom 
Noise level:  10 %
Percentage of altered instances:  40 %
Using 79 indices (first 79 from shuffled list)
Loading noise data from: results/noise_injection/by_dataset/vowel_Feature_1_noise0.1.csv 
Using 79 indices for  40 % of instances
Calculate prediction
Confusion matrix
Dataset: vowel 
Fold: 4 
Method: multinom 
Noise level:  10 %
Percentage of altered instances:  50 %
Using 99 indices (first 99 from shuffled list)
Loading noise data from: results/noise_injection/by_dataset/vowel_Feature_1_noise0.1.csv 
Using 99 indices for  50 % of instances
Calculate prediction
Confusion matrix
Dataset: vowel 
Fold: 4 
Method: multinom 
Noise level:  10 %
Percentage of altered instances:  60 %
Using 119 indices (first 119 from shuffled list)
Loading noise data from: results/noise_injection/by_dataset/vowel_Feature_1_noise0.1.csv 
Using 119 indices for  60 % of instances
Calculate prediction
Confusion matrix
Dataset: vowel 
Fold: 4 
Method: multinom 
Noise level:  10 %
Percentage of altered instances:  70 %
Using 139 indices (first 139 from shuffled list)
Loading noise data from: results/noise_injection/by_dataset/vowel_Feature_1_noise0.1.csv 
Using 139 indices for  70 % of instances
Calculate prediction
Confusion matrix
Dataset: vowel 
Fold: 4 
Method: multinom 
Noise level:  10 %
Percentage of altered instances:  75 %
Using 148 indices (first 148 from shuffled list)
Loading noise data from: results/noise_injection/by_dataset/vowel_Feature_1_noise0.1.csv 
Using 148 indices for  75 % of instances
Calculate prediction
Confusion matrix
Dataset: vowel 
Fold: 4 
Method: multinom 
Noise level:  10 %
Percentage of altered instances:  80 %
Using 158 indices (first 158 from shuffled list)
Loading noise data from: results/noise_injection/by_dataset/vowel_Feature_1_noise0.1.csv 
Using 158 indices for  80 % of instances
Calculate prediction
Confusion matrix
Dataset: vowel 
Fold: 4 
Method: multinom 
Noise level:  10 %
Percentage of altered instances:  90 %
Using 178 indices (first 178 from shuffled list)
Loading noise data from: results/noise_injection/by_dataset/vowel_Feature_1_noise0.1.csv 
Using 178 indices for  90 % of instances
Calculate prediction
Confusion matrix
Dataset: vowel 
Fold: 4 
Method: multinom 
Noise level:  10 %
Percentage of altered instances:  100 %
Using 198 indices (first 198 from shuffled list)
Loading noise data from: results/noise_injection/by_dataset/vowel_Feature_1_noise0.1.csv 
Using 198 indices for  100 % of instances
Calculate prediction
Confusion matrix

=== Training model with 20 % noise in training data ===
Critical percentage for training noise: 25 %
Loading training noise data from: results/noise_injection/by_dataset/vowel_Feature_1_noise0.2.csv 
Altering 198 out of 792 training instances
# weights:  12 (11 variable)
initial  value 548.972567 
iter  10 value 54.665105
iter  20 value 51.561437
iter  30 value 51.515300
final  value 51.515292 
converged
Dataset: vowel 
Fold: 4 
Method: multinom 
Noise level:  20 %
Percentage of altered instances:  10 %
Using 20 indices (first 20 from shuffled list)
Loading noise data from: results/noise_injection/by_dataset/vowel_Feature_1_noise0.2.csv 
Using 20 indices for  10 % of instances
Calculate prediction
Confusion matrix
Dataset: vowel 
Fold: 4 
Method: multinom 
Noise level:  20 %
Percentage of altered instances:  20 %
Using 40 indices (first 40 from shuffled list)
Loading noise data from: results/noise_injection/by_dataset/vowel_Feature_1_noise0.2.csv 
Using 40 indices for  20 % of instances
Calculate prediction
Confusion matrix
Dataset: vowel 
Fold: 4 
Method: multinom 
Noise level:  20 %
Percentage of altered instances:  25 %
Using 50 indices (first 50 from shuffled list)
Loading noise data from: results/noise_injection/by_dataset/vowel_Feature_1_noise0.2.csv 
Using 50 indices for  25 % of instances
Calculate prediction
Confusion matrix
Dataset: vowel 
Fold: 4 
Method: multinom 
Noise level:  20 %
Percentage of altered instances:  30 %
Using 59 indices (first 59 from shuffled list)
Loading noise data from: results/noise_injection/by_dataset/vowel_Feature_1_noise0.2.csv 
Using 59 indices for  30 % of instances
Calculate prediction
Confusion matrix
Dataset: vowel 
Fold: 4 
Method: multinom 
Noise level:  20 %
Percentage of altered instances:  40 %
Using 79 indices (first 79 from shuffled list)
Loading noise data from: results/noise_injection/by_dataset/vowel_Feature_1_noise0.2.csv 
Using 79 indices for  40 % of instances
Calculate prediction
Confusion matrix
Dataset: vowel 
Fold: 4 
Method: multinom 
Noise level:  20 %
Percentage of altered instances:  50 %
Using 99 indices (first 99 from shuffled list)
Loading noise data from: results/noise_injection/by_dataset/vowel_Feature_1_noise0.2.csv 
Using 99 indices for  50 % of instances
Calculate prediction
Confusion matrix
Dataset: vowel 
Fold: 4 
Method: multinom 
Noise level:  20 %
Percentage of altered instances:  60 %
Using 119 indices (first 119 from shuffled list)
Loading noise data from: results/noise_injection/by_dataset/vowel_Feature_1_noise0.2.csv 
Using 119 indices for  60 % of instances
Calculate prediction
Confusion matrix
Dataset: vowel 
Fold: 4 
Method: multinom 
Noise level:  20 %
Percentage of altered instances:  70 %
Using 139 indices (first 139 from shuffled list)
Loading noise data from: results/noise_injection/by_dataset/vowel_Feature_1_noise0.2.csv 
Using 139 indices for  70 % of instances
Calculate prediction
Confusion matrix
Dataset: vowel 
Fold: 4 
Method: multinom 
Noise level:  20 %
Percentage of altered instances:  75 %
Using 148 indices (first 148 from shuffled list)
Loading noise data from: results/noise_injection/by_dataset/vowel_Feature_1_noise0.2.csv 
Using 148 indices for  75 % of instances
Calculate prediction
Confusion matrix
Dataset: vowel 
Fold: 4 
Method: multinom 
Noise level:  20 %
Percentage of altered instances:  80 %
Using 158 indices (first 158 from shuffled list)
Loading noise data from: results/noise_injection/by_dataset/vowel_Feature_1_noise0.2.csv 
Using 158 indices for  80 % of instances
Calculate prediction
Confusion matrix
Dataset: vowel 
Fold: 4 
Method: multinom 
Noise level:  20 %
Percentage of altered instances:  90 %
Using 178 indices (first 178 from shuffled list)
Loading noise data from: results/noise_injection/by_dataset/vowel_Feature_1_noise0.2.csv 
Using 178 indices for  90 % of instances
Calculate prediction
Confusion matrix
Dataset: vowel 
Fold: 4 
Method: multinom 
Noise level:  20 %
Percentage of altered instances:  100 %
Using 198 indices (first 198 from shuffled list)
Loading noise data from: results/noise_injection/by_dataset/vowel_Feature_1_noise0.2.csv 
Using 198 indices for  100 % of instances
Calculate prediction
Confusion matrix

=== Training model with 30 % noise in training data ===
Critical percentage for training noise: 20 %
Loading training noise data from: results/noise_injection/by_dataset/vowel_Feature_1_noise0.3.csv 
Altering 158 out of 792 training instances
# weights:  12 (11 variable)
initial  value 548.972567 
iter  10 value 59.045038
iter  20 value 57.216462
final  value 57.197303 
converged
Dataset: vowel 
Fold: 4 
Method: multinom 
Noise level:  30 %
Percentage of altered instances:  10 %
Using 20 indices (first 20 from shuffled list)
Loading noise data from: results/noise_injection/by_dataset/vowel_Feature_1_noise0.3.csv 
Using 20 indices for  10 % of instances
Calculate prediction
Confusion matrix
Dataset: vowel 
Fold: 4 
Method: multinom 
Noise level:  30 %
Percentage of altered instances:  20 %
Using 40 indices (first 40 from shuffled list)
Loading noise data from: results/noise_injection/by_dataset/vowel_Feature_1_noise0.3.csv 
Using 40 indices for  20 % of instances
Calculate prediction
Confusion matrix
Dataset: vowel 
Fold: 4 
Method: multinom 
Noise level:  30 %
Percentage of altered instances:  25 %
Using 50 indices (first 50 from shuffled list)
Loading noise data from: results/noise_injection/by_dataset/vowel_Feature_1_noise0.3.csv 
Using 50 indices for  25 % of instances
Calculate prediction
Confusion matrix
Dataset: vowel 
Fold: 4 
Method: multinom 
Noise level:  30 %
Percentage of altered instances:  30 %
Using 59 indices (first 59 from shuffled list)
Loading noise data from: results/noise_injection/by_dataset/vowel_Feature_1_noise0.3.csv 
Using 59 indices for  30 % of instances
Calculate prediction
Confusion matrix
Dataset: vowel 
Fold: 4 
Method: multinom 
Noise level:  30 %
Percentage of altered instances:  40 %
Using 79 indices (first 79 from shuffled list)
Loading noise data from: results/noise_injection/by_dataset/vowel_Feature_1_noise0.3.csv 
Using 79 indices for  40 % of instances
Calculate prediction
Confusion matrix
Dataset: vowel 
Fold: 4 
Method: multinom 
Noise level:  30 %
Percentage of altered instances:  50 %
Using 99 indices (first 99 from shuffled list)
Loading noise data from: results/noise_injection/by_dataset/vowel_Feature_1_noise0.3.csv 
Using 99 indices for  50 % of instances
Calculate prediction
Confusion matrix
Dataset: vowel 
Fold: 4 
Method: multinom 
Noise level:  30 %
Percentage of altered instances:  60 %
Using 119 indices (first 119 from shuffled list)
Loading noise data from: results/noise_injection/by_dataset/vowel_Feature_1_noise0.3.csv 
Using 119 indices for  60 % of instances
Calculate prediction
Confusion matrix
Dataset: vowel 
Fold: 4 
Method: multinom 
Noise level:  30 %
Percentage of altered instances:  70 %
Using 139 indices (first 139 from shuffled list)
Loading noise data from: results/noise_injection/by_dataset/vowel_Feature_1_noise0.3.csv 
Using 139 indices for  70 % of instances
Calculate prediction
Confusion matrix
Dataset: vowel 
Fold: 4 
Method: multinom 
Noise level:  30 %
Percentage of altered instances:  75 %
Using 148 indices (first 148 from shuffled list)
Loading noise data from: results/noise_injection/by_dataset/vowel_Feature_1_noise0.3.csv 
Using 148 indices for  75 % of instances
Calculate prediction
Confusion matrix
Dataset: vowel 
Fold: 4 
Method: multinom 
Noise level:  30 %
Percentage of altered instances:  80 %
Using 158 indices (first 158 from shuffled list)
Loading noise data from: results/noise_injection/by_dataset/vowel_Feature_1_noise0.3.csv 
Using 158 indices for  80 % of instances
Calculate prediction
Confusion matrix
Dataset: vowel 
Fold: 4 
Method: multinom 
Noise level:  30 %
Percentage of altered instances:  90 %
Using 178 indices (first 178 from shuffled list)
Loading noise data from: results/noise_injection/by_dataset/vowel_Feature_1_noise0.3.csv 
Using 178 indices for  90 % of instances
Calculate prediction
Confusion matrix
Dataset: vowel 
Fold: 4 
Method: multinom 
Noise level:  30 %
Percentage of altered instances:  100 %
Using 198 indices (first 198 from shuffled list)
Loading noise data from: results/noise_injection/by_dataset/vowel_Feature_1_noise0.3.csv 
Using 198 indices for  100 % of instances
Calculate prediction
Confusion matrix
Loaded 198 indices for fold 5 from: results/instances/original/vectors/vowel_multinom_all_folds.csv 

=== Training model with 10 % noise in training data ===
Critical percentage for training noise: 50 %
Loading training noise data from: results/noise_injection/by_dataset/vowel_Feature_1_noise0.1.csv 
Altering 396 out of 792 training instances
# weights:  12 (11 variable)
initial  value 548.972567 
iter  10 value 67.709479
iter  20 value 63.121482
final  value 63.020270 
converged
Dataset: vowel 
Fold: 5 
Method: multinom 
Noise level:  10 %
Percentage of altered instances:  10 %
Using 20 indices (first 20 from shuffled list)
Loading noise data from: results/noise_injection/by_dataset/vowel_Feature_1_noise0.1.csv 
Using 20 indices for  10 % of instances
Calculate prediction
Confusion matrix
Dataset: vowel 
Fold: 5 
Method: multinom 
Noise level:  10 %
Percentage of altered instances:  20 %
Using 40 indices (first 40 from shuffled list)
Loading noise data from: results/noise_injection/by_dataset/vowel_Feature_1_noise0.1.csv 
Using 40 indices for  20 % of instances
Calculate prediction
Confusion matrix
Dataset: vowel 
Fold: 5 
Method: multinom 
Noise level:  10 %
Percentage of altered instances:  25 %
Using 50 indices (first 50 from shuffled list)
Loading noise data from: results/noise_injection/by_dataset/vowel_Feature_1_noise0.1.csv 
Using 50 indices for  25 % of instances
Calculate prediction
Confusion matrix
Dataset: vowel 
Fold: 5 
Method: multinom 
Noise level:  10 %
Percentage of altered instances:  30 %
Using 59 indices (first 59 from shuffled list)
Loading noise data from: results/noise_injection/by_dataset/vowel_Feature_1_noise0.1.csv 
Using 59 indices for  30 % of instances
Calculate prediction
Confusion matrix
Dataset: vowel 
Fold: 5 
Method: multinom 
Noise level:  10 %
Percentage of altered instances:  40 %
Using 79 indices (first 79 from shuffled list)
Loading noise data from: results/noise_injection/by_dataset/vowel_Feature_1_noise0.1.csv 
Using 79 indices for  40 % of instances
Calculate prediction
Confusion matrix
Dataset: vowel 
Fold: 5 
Method: multinom 
Noise level:  10 %
Percentage of altered instances:  50 %
Using 99 indices (first 99 from shuffled list)
Loading noise data from: results/noise_injection/by_dataset/vowel_Feature_1_noise0.1.csv 
Using 99 indices for  50 % of instances
Calculate prediction
Confusion matrix
Dataset: vowel 
Fold: 5 
Method: multinom 
Noise level:  10 %
Percentage of altered instances:  60 %
Using 119 indices (first 119 from shuffled list)
Loading noise data from: results/noise_injection/by_dataset/vowel_Feature_1_noise0.1.csv 
Using 119 indices for  60 % of instances
Calculate prediction
Confusion matrix
Dataset: vowel 
Fold: 5 
Method: multinom 
Noise level:  10 %
Percentage of altered instances:  70 %
Using 139 indices (first 139 from shuffled list)
Loading noise data from: results/noise_injection/by_dataset/vowel_Feature_1_noise0.1.csv 
Using 139 indices for  70 % of instances
Calculate prediction
Confusion matrix
Dataset: vowel 
Fold: 5 
Method: multinom 
Noise level:  10 %
Percentage of altered instances:  75 %
Using 148 indices (first 148 from shuffled list)
Loading noise data from: results/noise_injection/by_dataset/vowel_Feature_1_noise0.1.csv 
Using 148 indices for  75 % of instances
Calculate prediction
Confusion matrix
Dataset: vowel 
Fold: 5 
Method: multinom 
Noise level:  10 %
Percentage of altered instances:  80 %
Using 158 indices (first 158 from shuffled list)
Loading noise data from: results/noise_injection/by_dataset/vowel_Feature_1_noise0.1.csv 
Using 158 indices for  80 % of instances
Calculate prediction
Confusion matrix
Dataset: vowel 
Fold: 5 
Method: multinom 
Noise level:  10 %
Percentage of altered instances:  90 %
Using 178 indices (first 178 from shuffled list)
Loading noise data from: results/noise_injection/by_dataset/vowel_Feature_1_noise0.1.csv 
Using 178 indices for  90 % of instances
Calculate prediction
Confusion matrix
Dataset: vowel 
Fold: 5 
Method: multinom 
Noise level:  10 %
Percentage of altered instances:  100 %
Using 198 indices (first 198 from shuffled list)
Loading noise data from: results/noise_injection/by_dataset/vowel_Feature_1_noise0.1.csv 
Using 198 indices for  100 % of instances
Calculate prediction
Confusion matrix

=== Training model with 20 % noise in training data ===
Critical percentage for training noise: 25 %
Loading training noise data from: results/noise_injection/by_dataset/vowel_Feature_1_noise0.2.csv 
Altering 198 out of 792 training instances
# weights:  12 (11 variable)
initial  value 548.972567 
iter  10 value 73.360657
iter  20 value 65.654438
final  value 65.620182 
converged
Dataset: vowel 
Fold: 5 
Method: multinom 
Noise level:  20 %
Percentage of altered instances:  10 %
Using 20 indices (first 20 from shuffled list)
Loading noise data from: results/noise_injection/by_dataset/vowel_Feature_1_noise0.2.csv 
Using 20 indices for  10 % of instances
Calculate prediction
Confusion matrix
Dataset: vowel 
Fold: 5 
Method: multinom 
Noise level:  20 %
Percentage of altered instances:  20 %
Using 40 indices (first 40 from shuffled list)
Loading noise data from: results/noise_injection/by_dataset/vowel_Feature_1_noise0.2.csv 
Using 40 indices for  20 % of instances
Calculate prediction
Confusion matrix
Dataset: vowel 
Fold: 5 
Method: multinom 
Noise level:  20 %
Percentage of altered instances:  25 %
Using 50 indices (first 50 from shuffled list)
Loading noise data from: results/noise_injection/by_dataset/vowel_Feature_1_noise0.2.csv 
Using 50 indices for  25 % of instances
Calculate prediction
Confusion matrix
Dataset: vowel 
Fold: 5 
Method: multinom 
Noise level:  20 %
Percentage of altered instances:  30 %
Using 59 indices (first 59 from shuffled list)
Loading noise data from: results/noise_injection/by_dataset/vowel_Feature_1_noise0.2.csv 
Using 59 indices for  30 % of instances
Calculate prediction
Confusion matrix
Dataset: vowel 
Fold: 5 
Method: multinom 
Noise level:  20 %
Percentage of altered instances:  40 %
Using 79 indices (first 79 from shuffled list)
Loading noise data from: results/noise_injection/by_dataset/vowel_Feature_1_noise0.2.csv 
Using 79 indices for  40 % of instances
Calculate prediction
Confusion matrix
Dataset: vowel 
Fold: 5 
Method: multinom 
Noise level:  20 %
Percentage of altered instances:  50 %
Using 99 indices (first 99 from shuffled list)
Loading noise data from: results/noise_injection/by_dataset/vowel_Feature_1_noise0.2.csv 
Using 99 indices for  50 % of instances
Calculate prediction
Confusion matrix
Dataset: vowel 
Fold: 5 
Method: multinom 
Noise level:  20 %
Percentage of altered instances:  60 %
Using 119 indices (first 119 from shuffled list)
Loading noise data from: results/noise_injection/by_dataset/vowel_Feature_1_noise0.2.csv 
Using 119 indices for  60 % of instances
Calculate prediction
Confusion matrix
Dataset: vowel 
Fold: 5 
Method: multinom 
Noise level:  20 %
Percentage of altered instances:  70 %
Using 139 indices (first 139 from shuffled list)
Loading noise data from: results/noise_injection/by_dataset/vowel_Feature_1_noise0.2.csv 
Using 139 indices for  70 % of instances
Calculate prediction
Confusion matrix
Dataset: vowel 
Fold: 5 
Method: multinom 
Noise level:  20 %
Percentage of altered instances:  75 %
Using 148 indices (first 148 from shuffled list)
Loading noise data from: results/noise_injection/by_dataset/vowel_Feature_1_noise0.2.csv 
Using 148 indices for  75 % of instances
Calculate prediction
Confusion matrix
Dataset: vowel 
Fold: 5 
Method: multinom 
Noise level:  20 %
Percentage of altered instances:  80 %
Using 158 indices (first 158 from shuffled list)
Loading noise data from: results/noise_injection/by_dataset/vowel_Feature_1_noise0.2.csv 
Using 158 indices for  80 % of instances
Calculate prediction
Confusion matrix
Dataset: vowel 
Fold: 5 
Method: multinom 
Noise level:  20 %
Percentage of altered instances:  90 %
Using 178 indices (first 178 from shuffled list)
Loading noise data from: results/noise_injection/by_dataset/vowel_Feature_1_noise0.2.csv 
Using 178 indices for  90 % of instances
Calculate prediction
Confusion matrix
Dataset: vowel 
Fold: 5 
Method: multinom 
Noise level:  20 %
Percentage of altered instances:  100 %
Using 198 indices (first 198 from shuffled list)
Loading noise data from: results/noise_injection/by_dataset/vowel_Feature_1_noise0.2.csv 
Using 198 indices for  100 % of instances
Calculate prediction
Confusion matrix

=== Training model with 30 % noise in training data ===
Critical percentage for training noise: 20 %
Loading training noise data from: results/noise_injection/by_dataset/vowel_Feature_1_noise0.3.csv 
Altering 158 out of 792 training instances
# weights:  12 (11 variable)
initial  value 548.972567 
iter  10 value 92.175294
iter  20 value 81.579792
final  value 81.567976 
converged
Dataset: vowel 
Fold: 5 
Method: multinom 
Noise level:  30 %
Percentage of altered instances:  10 %
Using 20 indices (first 20 from shuffled list)
Loading noise data from: results/noise_injection/by_dataset/vowel_Feature_1_noise0.3.csv 
Using 20 indices for  10 % of instances
Calculate prediction
Confusion matrix
Dataset: vowel 
Fold: 5 
Method: multinom 
Noise level:  30 %
Percentage of altered instances:  20 %
Using 40 indices (first 40 from shuffled list)
Loading noise data from: results/noise_injection/by_dataset/vowel_Feature_1_noise0.3.csv 
Using 40 indices for  20 % of instances
Calculate prediction
Confusion matrix
Dataset: vowel 
Fold: 5 
Method: multinom 
Noise level:  30 %
Percentage of altered instances:  25 %
Using 50 indices (first 50 from shuffled list)
Loading noise data from: results/noise_injection/by_dataset/vowel_Feature_1_noise0.3.csv 
Using 50 indices for  25 % of instances
Calculate prediction
Confusion matrix
Dataset: vowel 
Fold: 5 
Method: multinom 
Noise level:  30 %
Percentage of altered instances:  30 %
Using 59 indices (first 59 from shuffled list)
Loading noise data from: results/noise_injection/by_dataset/vowel_Feature_1_noise0.3.csv 
Using 59 indices for  30 % of instances
Calculate prediction
Confusion matrix
Dataset: vowel 
Fold: 5 
Method: multinom 
Noise level:  30 %
Percentage of altered instances:  40 %
Using 79 indices (first 79 from shuffled list)
Loading noise data from: results/noise_injection/by_dataset/vowel_Feature_1_noise0.3.csv 
Using 79 indices for  40 % of instances
Calculate prediction
Confusion matrix
Dataset: vowel 
Fold: 5 
Method: multinom 
Noise level:  30 %
Percentage of altered instances:  50 %
Using 99 indices (first 99 from shuffled list)
Loading noise data from: results/noise_injection/by_dataset/vowel_Feature_1_noise0.3.csv 
Using 99 indices for  50 % of instances
Calculate prediction
Confusion matrix
Dataset: vowel 
Fold: 5 
Method: multinom 
Noise level:  30 %
Percentage of altered instances:  60 %
Using 119 indices (first 119 from shuffled list)
Loading noise data from: results/noise_injection/by_dataset/vowel_Feature_1_noise0.3.csv 
Using 119 indices for  60 % of instances
Calculate prediction
Confusion matrix
Dataset: vowel 
Fold: 5 
Method: multinom 
Noise level:  30 %
Percentage of altered instances:  70 %
Using 139 indices (first 139 from shuffled list)
Loading noise data from: results/noise_injection/by_dataset/vowel_Feature_1_noise0.3.csv 
Using 139 indices for  70 % of instances
Calculate prediction
Confusion matrix
Dataset: vowel 
Fold: 5 
Method: multinom 
Noise level:  30 %
Percentage of altered instances:  75 %
Using 148 indices (first 148 from shuffled list)
Loading noise data from: results/noise_injection/by_dataset/vowel_Feature_1_noise0.3.csv 
Using 148 indices for  75 % of instances
Calculate prediction
Confusion matrix
Dataset: vowel 
Fold: 5 
Method: multinom 
Noise level:  30 %
Percentage of altered instances:  80 %
Using 158 indices (first 158 from shuffled list)
Loading noise data from: results/noise_injection/by_dataset/vowel_Feature_1_noise0.3.csv 
Using 158 indices for  80 % of instances
Calculate prediction
Confusion matrix
Dataset: vowel 
Fold: 5 
Method: multinom 
Noise level:  30 %
Percentage of altered instances:  90 %
Using 178 indices (first 178 from shuffled list)
Loading noise data from: results/noise_injection/by_dataset/vowel_Feature_1_noise0.3.csv 
Using 178 indices for  90 % of instances
Calculate prediction
Confusion matrix
Dataset: vowel 
Fold: 5 
Method: multinom 
Noise level:  30 %
Percentage of altered instances:  100 %
Using 198 indices (first 198 from shuffled list)
Loading noise data from: results/noise_injection/by_dataset/vowel_Feature_1_noise0.3.csv 
Using 198 indices for  100 % of instances
Calculate prediction
Confusion matrix
Saved results to: results/instances/train_noise/by_dataset/vowel_multinom_results.csv 
----------------
****************************
Instances altered with noise
****************************
